[2021-11-29 16:15:33,699] {processor.py:163} INFO - Started process (PID=4989) to work on /usr/local/lib/python3.8/dist-packages/airflow/example_dags/plugins/workday.py
[2021-11-29 16:15:33,700] {processor.py:625} INFO - Processing file /usr/local/lib/python3.8/dist-packages/airflow/example_dags/plugins/workday.py for tasks to queue
[2021-11-29 16:15:33,702] {logging_mixin.py:109} INFO - [2021-11-29 16:15:33,702] {dagbag.py:500} INFO - Filling up the DagBag from /usr/local/lib/python3.8/dist-packages/airflow/example_dags/plugins/workday.py
[2021-11-29 16:15:33,776] {processor.py:639} WARNING - No viable dags retrieved from /usr/local/lib/python3.8/dist-packages/airflow/example_dags/plugins/workday.py
[2021-11-29 16:15:33,781] {processor.py:171} INFO - Processing /usr/local/lib/python3.8/dist-packages/airflow/example_dags/plugins/workday.py took 0.086 seconds
[2021-11-29 16:16:39,840] {processor.py:163} INFO - Started process (PID=5170) to work on /usr/local/lib/python3.8/dist-packages/airflow/example_dags/plugins/workday.py
[2021-11-29 16:16:39,855] {processor.py:625} INFO - Processing file /usr/local/lib/python3.8/dist-packages/airflow/example_dags/plugins/workday.py for tasks to queue
[2021-11-29 16:16:39,856] {logging_mixin.py:109} INFO - [2021-11-29 16:16:39,856] {dagbag.py:500} INFO - Filling up the DagBag from /usr/local/lib/python3.8/dist-packages/airflow/example_dags/plugins/workday.py
[2021-11-29 16:16:39,918] {processor.py:639} WARNING - No viable dags retrieved from /usr/local/lib/python3.8/dist-packages/airflow/example_dags/plugins/workday.py
[2021-11-29 16:16:39,937] {processor.py:171} INFO - Processing /usr/local/lib/python3.8/dist-packages/airflow/example_dags/plugins/workday.py took 0.125 seconds
[2021-11-29 16:17:35,927] {processor.py:163} INFO - Started process (PID=5351) to work on /usr/local/lib/python3.8/dist-packages/airflow/example_dags/plugins/workday.py
[2021-11-29 16:17:35,959] {processor.py:625} INFO - Processing file /usr/local/lib/python3.8/dist-packages/airflow/example_dags/plugins/workday.py for tasks to queue
[2021-11-29 16:17:35,960] {logging_mixin.py:109} INFO - [2021-11-29 16:17:35,960] {dagbag.py:500} INFO - Filling up the DagBag from /usr/local/lib/python3.8/dist-packages/airflow/example_dags/plugins/workday.py
[2021-11-29 16:17:35,992] {processor.py:639} WARNING - No viable dags retrieved from /usr/local/lib/python3.8/dist-packages/airflow/example_dags/plugins/workday.py
[2021-11-29 16:17:36,008] {processor.py:171} INFO - Processing /usr/local/lib/python3.8/dist-packages/airflow/example_dags/plugins/workday.py took 0.096 seconds
[2021-11-29 16:18:34,126] {processor.py:163} INFO - Started process (PID=5519) to work on /usr/local/lib/python3.8/dist-packages/airflow/example_dags/plugins/workday.py
[2021-11-29 16:18:34,161] {processor.py:625} INFO - Processing file /usr/local/lib/python3.8/dist-packages/airflow/example_dags/plugins/workday.py for tasks to queue
[2021-11-29 16:18:34,162] {logging_mixin.py:109} INFO - [2021-11-29 16:18:34,162] {dagbag.py:500} INFO - Filling up the DagBag from /usr/local/lib/python3.8/dist-packages/airflow/example_dags/plugins/workday.py
[2021-11-29 16:18:34,208] {processor.py:639} WARNING - No viable dags retrieved from /usr/local/lib/python3.8/dist-packages/airflow/example_dags/plugins/workday.py
[2021-11-29 16:18:34,237] {processor.py:171} INFO - Processing /usr/local/lib/python3.8/dist-packages/airflow/example_dags/plugins/workday.py took 0.115 seconds
[2021-11-29 16:19:29,455] {processor.py:163} INFO - Started process (PID=5687) to work on /usr/local/lib/python3.8/dist-packages/airflow/example_dags/plugins/workday.py
[2021-11-29 16:19:29,474] {processor.py:625} INFO - Processing file /usr/local/lib/python3.8/dist-packages/airflow/example_dags/plugins/workday.py for tasks to queue
[2021-11-29 16:19:29,475] {logging_mixin.py:109} INFO - [2021-11-29 16:19:29,474] {dagbag.py:500} INFO - Filling up the DagBag from /usr/local/lib/python3.8/dist-packages/airflow/example_dags/plugins/workday.py
[2021-11-29 16:19:29,525] {processor.py:639} WARNING - No viable dags retrieved from /usr/local/lib/python3.8/dist-packages/airflow/example_dags/plugins/workday.py
[2021-11-29 16:19:29,532] {processor.py:171} INFO - Processing /usr/local/lib/python3.8/dist-packages/airflow/example_dags/plugins/workday.py took 0.091 seconds
[2021-11-29 16:20:23,674] {processor.py:163} INFO - Started process (PID=5856) to work on /usr/local/lib/python3.8/dist-packages/airflow/example_dags/plugins/workday.py
[2021-11-29 16:20:23,710] {processor.py:625} INFO - Processing file /usr/local/lib/python3.8/dist-packages/airflow/example_dags/plugins/workday.py for tasks to queue
[2021-11-29 16:20:23,712] {logging_mixin.py:109} INFO - [2021-11-29 16:20:23,712] {dagbag.py:500} INFO - Filling up the DagBag from /usr/local/lib/python3.8/dist-packages/airflow/example_dags/plugins/workday.py
[2021-11-29 16:20:23,757] {processor.py:639} WARNING - No viable dags retrieved from /usr/local/lib/python3.8/dist-packages/airflow/example_dags/plugins/workday.py
[2021-11-29 16:20:23,762] {processor.py:171} INFO - Processing /usr/local/lib/python3.8/dist-packages/airflow/example_dags/plugins/workday.py took 0.092 seconds
[2021-11-29 16:21:17,505] {processor.py:163} INFO - Started process (PID=6029) to work on /usr/local/lib/python3.8/dist-packages/airflow/example_dags/plugins/workday.py
[2021-11-29 16:21:17,524] {processor.py:625} INFO - Processing file /usr/local/lib/python3.8/dist-packages/airflow/example_dags/plugins/workday.py for tasks to queue
[2021-11-29 16:21:17,525] {logging_mixin.py:109} INFO - [2021-11-29 16:21:17,525] {dagbag.py:500} INFO - Filling up the DagBag from /usr/local/lib/python3.8/dist-packages/airflow/example_dags/plugins/workday.py
[2021-11-29 16:21:17,567] {processor.py:639} WARNING - No viable dags retrieved from /usr/local/lib/python3.8/dist-packages/airflow/example_dags/plugins/workday.py
[2021-11-29 16:21:17,572] {processor.py:171} INFO - Processing /usr/local/lib/python3.8/dist-packages/airflow/example_dags/plugins/workday.py took 0.082 seconds
[2021-11-29 16:22:15,635] {processor.py:163} INFO - Started process (PID=6208) to work on /usr/local/lib/python3.8/dist-packages/airflow/example_dags/plugins/workday.py
[2021-11-29 16:22:15,655] {processor.py:625} INFO - Processing file /usr/local/lib/python3.8/dist-packages/airflow/example_dags/plugins/workday.py for tasks to queue
[2021-11-29 16:22:15,656] {logging_mixin.py:109} INFO - [2021-11-29 16:22:15,656] {dagbag.py:500} INFO - Filling up the DagBag from /usr/local/lib/python3.8/dist-packages/airflow/example_dags/plugins/workday.py
[2021-11-29 16:22:15,697] {processor.py:639} WARNING - No viable dags retrieved from /usr/local/lib/python3.8/dist-packages/airflow/example_dags/plugins/workday.py
[2021-11-29 16:22:15,702] {processor.py:171} INFO - Processing /usr/local/lib/python3.8/dist-packages/airflow/example_dags/plugins/workday.py took 0.071 seconds
[2021-11-29 16:23:11,965] {processor.py:163} INFO - Started process (PID=6385) to work on /usr/local/lib/python3.8/dist-packages/airflow/example_dags/plugins/workday.py
[2021-11-29 16:23:12,002] {processor.py:625} INFO - Processing file /usr/local/lib/python3.8/dist-packages/airflow/example_dags/plugins/workday.py for tasks to queue
[2021-11-29 16:23:12,003] {logging_mixin.py:109} INFO - [2021-11-29 16:23:12,003] {dagbag.py:500} INFO - Filling up the DagBag from /usr/local/lib/python3.8/dist-packages/airflow/example_dags/plugins/workday.py
[2021-11-29 16:23:12,032] {processor.py:639} WARNING - No viable dags retrieved from /usr/local/lib/python3.8/dist-packages/airflow/example_dags/plugins/workday.py
[2021-11-29 16:23:12,047] {processor.py:171} INFO - Processing /usr/local/lib/python3.8/dist-packages/airflow/example_dags/plugins/workday.py took 0.087 seconds
[2021-11-29 16:24:06,964] {processor.py:163} INFO - Started process (PID=6550) to work on /usr/local/lib/python3.8/dist-packages/airflow/example_dags/plugins/workday.py
[2021-11-29 16:24:06,984] {processor.py:625} INFO - Processing file /usr/local/lib/python3.8/dist-packages/airflow/example_dags/plugins/workday.py for tasks to queue
[2021-11-29 16:24:06,989] {logging_mixin.py:109} INFO - [2021-11-29 16:24:06,989] {dagbag.py:500} INFO - Filling up the DagBag from /usr/local/lib/python3.8/dist-packages/airflow/example_dags/plugins/workday.py
[2021-11-29 16:24:07,031] {processor.py:639} WARNING - No viable dags retrieved from /usr/local/lib/python3.8/dist-packages/airflow/example_dags/plugins/workday.py
[2021-11-29 16:24:07,047] {processor.py:171} INFO - Processing /usr/local/lib/python3.8/dist-packages/airflow/example_dags/plugins/workday.py took 0.087 seconds
[2021-11-29 16:25:08,372] {processor.py:163} INFO - Started process (PID=6714) to work on /usr/local/lib/python3.8/dist-packages/airflow/example_dags/plugins/workday.py
[2021-11-29 16:25:08,425] {processor.py:625} INFO - Processing file /usr/local/lib/python3.8/dist-packages/airflow/example_dags/plugins/workday.py for tasks to queue
[2021-11-29 16:25:08,426] {logging_mixin.py:109} INFO - [2021-11-29 16:25:08,426] {dagbag.py:500} INFO - Filling up the DagBag from /usr/local/lib/python3.8/dist-packages/airflow/example_dags/plugins/workday.py
[2021-11-29 16:25:08,469] {processor.py:639} WARNING - No viable dags retrieved from /usr/local/lib/python3.8/dist-packages/airflow/example_dags/plugins/workday.py
[2021-11-29 16:25:08,477] {processor.py:171} INFO - Processing /usr/local/lib/python3.8/dist-packages/airflow/example_dags/plugins/workday.py took 0.124 seconds
[2021-11-29 16:26:03,541] {processor.py:163} INFO - Started process (PID=6889) to work on /usr/local/lib/python3.8/dist-packages/airflow/example_dags/plugins/workday.py
[2021-11-29 16:26:03,554] {processor.py:625} INFO - Processing file /usr/local/lib/python3.8/dist-packages/airflow/example_dags/plugins/workday.py for tasks to queue
[2021-11-29 16:26:03,555] {logging_mixin.py:109} INFO - [2021-11-29 16:26:03,554] {dagbag.py:500} INFO - Filling up the DagBag from /usr/local/lib/python3.8/dist-packages/airflow/example_dags/plugins/workday.py
[2021-11-29 16:26:03,598] {processor.py:639} WARNING - No viable dags retrieved from /usr/local/lib/python3.8/dist-packages/airflow/example_dags/plugins/workday.py
[2021-11-29 16:26:03,603] {processor.py:171} INFO - Processing /usr/local/lib/python3.8/dist-packages/airflow/example_dags/plugins/workday.py took 0.068 seconds
[2021-11-29 16:26:56,717] {processor.py:163} INFO - Started process (PID=7050) to work on /usr/local/lib/python3.8/dist-packages/airflow/example_dags/plugins/workday.py
[2021-11-29 16:26:56,722] {processor.py:625} INFO - Processing file /usr/local/lib/python3.8/dist-packages/airflow/example_dags/plugins/workday.py for tasks to queue
[2021-11-29 16:26:56,723] {logging_mixin.py:109} INFO - [2021-11-29 16:26:56,723] {dagbag.py:500} INFO - Filling up the DagBag from /usr/local/lib/python3.8/dist-packages/airflow/example_dags/plugins/workday.py
[2021-11-29 16:26:56,753] {processor.py:639} WARNING - No viable dags retrieved from /usr/local/lib/python3.8/dist-packages/airflow/example_dags/plugins/workday.py
[2021-11-29 16:26:56,769] {processor.py:171} INFO - Processing /usr/local/lib/python3.8/dist-packages/airflow/example_dags/plugins/workday.py took 0.068 seconds
[2021-11-29 16:27:51,867] {processor.py:163} INFO - Started process (PID=7212) to work on /usr/local/lib/python3.8/dist-packages/airflow/example_dags/plugins/workday.py
[2021-11-29 16:27:51,904] {processor.py:625} INFO - Processing file /usr/local/lib/python3.8/dist-packages/airflow/example_dags/plugins/workday.py for tasks to queue
[2021-11-29 16:27:51,905] {logging_mixin.py:109} INFO - [2021-11-29 16:27:51,905] {dagbag.py:500} INFO - Filling up the DagBag from /usr/local/lib/python3.8/dist-packages/airflow/example_dags/plugins/workday.py
[2021-11-29 16:27:51,947] {processor.py:639} WARNING - No viable dags retrieved from /usr/local/lib/python3.8/dist-packages/airflow/example_dags/plugins/workday.py
[2021-11-29 16:27:51,951] {processor.py:171} INFO - Processing /usr/local/lib/python3.8/dist-packages/airflow/example_dags/plugins/workday.py took 0.100 seconds
[2021-11-29 16:28:50,723] {processor.py:163} INFO - Started process (PID=7372) to work on /usr/local/lib/python3.8/dist-packages/airflow/example_dags/plugins/workday.py
[2021-11-29 16:28:50,762] {processor.py:625} INFO - Processing file /usr/local/lib/python3.8/dist-packages/airflow/example_dags/plugins/workday.py for tasks to queue
[2021-11-29 16:28:50,762] {logging_mixin.py:109} INFO - [2021-11-29 16:28:50,762] {dagbag.py:500} INFO - Filling up the DagBag from /usr/local/lib/python3.8/dist-packages/airflow/example_dags/plugins/workday.py
[2021-11-29 16:28:50,807] {processor.py:639} WARNING - No viable dags retrieved from /usr/local/lib/python3.8/dist-packages/airflow/example_dags/plugins/workday.py
[2021-11-29 16:28:50,812] {processor.py:171} INFO - Processing /usr/local/lib/python3.8/dist-packages/airflow/example_dags/plugins/workday.py took 0.102 seconds
[2021-11-29 16:29:48,769] {processor.py:163} INFO - Started process (PID=7538) to work on /usr/local/lib/python3.8/dist-packages/airflow/example_dags/plugins/workday.py
[2021-11-29 16:29:48,792] {processor.py:625} INFO - Processing file /usr/local/lib/python3.8/dist-packages/airflow/example_dags/plugins/workday.py for tasks to queue
[2021-11-29 16:29:48,793] {logging_mixin.py:109} INFO - [2021-11-29 16:29:48,793] {dagbag.py:500} INFO - Filling up the DagBag from /usr/local/lib/python3.8/dist-packages/airflow/example_dags/plugins/workday.py
[2021-11-29 16:29:48,842] {processor.py:639} WARNING - No viable dags retrieved from /usr/local/lib/python3.8/dist-packages/airflow/example_dags/plugins/workday.py
[2021-11-29 16:29:48,859] {processor.py:171} INFO - Processing /usr/local/lib/python3.8/dist-packages/airflow/example_dags/plugins/workday.py took 0.116 seconds
[2021-11-29 16:30:44,786] {processor.py:163} INFO - Started process (PID=7701) to work on /usr/local/lib/python3.8/dist-packages/airflow/example_dags/plugins/workday.py
[2021-11-29 16:30:44,796] {processor.py:625} INFO - Processing file /usr/local/lib/python3.8/dist-packages/airflow/example_dags/plugins/workday.py for tasks to queue
[2021-11-29 16:30:44,797] {logging_mixin.py:109} INFO - [2021-11-29 16:30:44,796] {dagbag.py:500} INFO - Filling up the DagBag from /usr/local/lib/python3.8/dist-packages/airflow/example_dags/plugins/workday.py
[2021-11-29 16:30:44,836] {processor.py:639} WARNING - No viable dags retrieved from /usr/local/lib/python3.8/dist-packages/airflow/example_dags/plugins/workday.py
[2021-11-29 16:30:44,845] {processor.py:171} INFO - Processing /usr/local/lib/python3.8/dist-packages/airflow/example_dags/plugins/workday.py took 0.073 seconds
[2021-11-29 16:31:39,589] {processor.py:163} INFO - Started process (PID=7858) to work on /usr/local/lib/python3.8/dist-packages/airflow/example_dags/plugins/workday.py
[2021-11-29 16:31:39,606] {processor.py:625} INFO - Processing file /usr/local/lib/python3.8/dist-packages/airflow/example_dags/plugins/workday.py for tasks to queue
[2021-11-29 16:31:39,608] {logging_mixin.py:109} INFO - [2021-11-29 16:31:39,607] {dagbag.py:500} INFO - Filling up the DagBag from /usr/local/lib/python3.8/dist-packages/airflow/example_dags/plugins/workday.py
[2021-11-29 16:31:39,651] {processor.py:639} WARNING - No viable dags retrieved from /usr/local/lib/python3.8/dist-packages/airflow/example_dags/plugins/workday.py
[2021-11-29 16:31:39,678] {processor.py:171} INFO - Processing /usr/local/lib/python3.8/dist-packages/airflow/example_dags/plugins/workday.py took 0.108 seconds
[2021-11-29 16:32:35,447] {processor.py:163} INFO - Started process (PID=8025) to work on /usr/local/lib/python3.8/dist-packages/airflow/example_dags/plugins/workday.py
[2021-11-29 16:32:35,472] {processor.py:625} INFO - Processing file /usr/local/lib/python3.8/dist-packages/airflow/example_dags/plugins/workday.py for tasks to queue
[2021-11-29 16:32:35,473] {logging_mixin.py:109} INFO - [2021-11-29 16:32:35,473] {dagbag.py:500} INFO - Filling up the DagBag from /usr/local/lib/python3.8/dist-packages/airflow/example_dags/plugins/workday.py
[2021-11-29 16:32:35,517] {processor.py:639} WARNING - No viable dags retrieved from /usr/local/lib/python3.8/dist-packages/airflow/example_dags/plugins/workday.py
[2021-11-29 16:32:35,522] {processor.py:171} INFO - Processing /usr/local/lib/python3.8/dist-packages/airflow/example_dags/plugins/workday.py took 0.080 seconds
[2021-11-29 16:33:29,625] {processor.py:163} INFO - Started process (PID=8188) to work on /usr/local/lib/python3.8/dist-packages/airflow/example_dags/plugins/workday.py
[2021-11-29 16:33:29,702] {processor.py:625} INFO - Processing file /usr/local/lib/python3.8/dist-packages/airflow/example_dags/plugins/workday.py for tasks to queue
[2021-11-29 16:33:29,707] {logging_mixin.py:109} INFO - [2021-11-29 16:33:29,704] {dagbag.py:500} INFO - Filling up the DagBag from /usr/local/lib/python3.8/dist-packages/airflow/example_dags/plugins/workday.py
[2021-11-29 16:33:29,752] {processor.py:639} WARNING - No viable dags retrieved from /usr/local/lib/python3.8/dist-packages/airflow/example_dags/plugins/workday.py
[2021-11-29 16:33:29,772] {processor.py:171} INFO - Processing /usr/local/lib/python3.8/dist-packages/airflow/example_dags/plugins/workday.py took 0.161 seconds
[2021-11-29 16:34:25,095] {processor.py:163} INFO - Started process (PID=8354) to work on /usr/local/lib/python3.8/dist-packages/airflow/example_dags/plugins/workday.py
[2021-11-29 16:34:25,126] {processor.py:625} INFO - Processing file /usr/local/lib/python3.8/dist-packages/airflow/example_dags/plugins/workday.py for tasks to queue
[2021-11-29 16:34:25,127] {logging_mixin.py:109} INFO - [2021-11-29 16:34:25,127] {dagbag.py:500} INFO - Filling up the DagBag from /usr/local/lib/python3.8/dist-packages/airflow/example_dags/plugins/workday.py
[2021-11-29 16:34:25,168] {processor.py:639} WARNING - No viable dags retrieved from /usr/local/lib/python3.8/dist-packages/airflow/example_dags/plugins/workday.py
[2021-11-29 16:34:25,192] {processor.py:171} INFO - Processing /usr/local/lib/python3.8/dist-packages/airflow/example_dags/plugins/workday.py took 0.102 seconds
[2021-11-29 16:35:21,586] {processor.py:163} INFO - Started process (PID=8520) to work on /usr/local/lib/python3.8/dist-packages/airflow/example_dags/plugins/workday.py
[2021-11-29 16:35:21,638] {processor.py:625} INFO - Processing file /usr/local/lib/python3.8/dist-packages/airflow/example_dags/plugins/workday.py for tasks to queue
[2021-11-29 16:35:21,639] {logging_mixin.py:109} INFO - [2021-11-29 16:35:21,639] {dagbag.py:500} INFO - Filling up the DagBag from /usr/local/lib/python3.8/dist-packages/airflow/example_dags/plugins/workday.py
[2021-11-29 16:35:21,668] {processor.py:639} WARNING - No viable dags retrieved from /usr/local/lib/python3.8/dist-packages/airflow/example_dags/plugins/workday.py
[2021-11-29 16:35:21,672] {processor.py:171} INFO - Processing /usr/local/lib/python3.8/dist-packages/airflow/example_dags/plugins/workday.py took 0.100 seconds
[2021-11-29 16:36:18,884] {processor.py:163} INFO - Started process (PID=8678) to work on /usr/local/lib/python3.8/dist-packages/airflow/example_dags/plugins/workday.py
[2021-11-29 16:36:18,929] {processor.py:625} INFO - Processing file /usr/local/lib/python3.8/dist-packages/airflow/example_dags/plugins/workday.py for tasks to queue
[2021-11-29 16:36:18,930] {logging_mixin.py:109} INFO - [2021-11-29 16:36:18,930] {dagbag.py:500} INFO - Filling up the DagBag from /usr/local/lib/python3.8/dist-packages/airflow/example_dags/plugins/workday.py
[2021-11-29 16:36:18,971] {processor.py:639} WARNING - No viable dags retrieved from /usr/local/lib/python3.8/dist-packages/airflow/example_dags/plugins/workday.py
[2021-11-29 16:36:18,976] {processor.py:171} INFO - Processing /usr/local/lib/python3.8/dist-packages/airflow/example_dags/plugins/workday.py took 0.096 seconds
[2021-11-29 16:37:14,215] {processor.py:163} INFO - Started process (PID=8835) to work on /usr/local/lib/python3.8/dist-packages/airflow/example_dags/plugins/workday.py
[2021-11-29 16:37:14,235] {processor.py:625} INFO - Processing file /usr/local/lib/python3.8/dist-packages/airflow/example_dags/plugins/workday.py for tasks to queue
[2021-11-29 16:37:14,236] {logging_mixin.py:109} INFO - [2021-11-29 16:37:14,236] {dagbag.py:500} INFO - Filling up the DagBag from /usr/local/lib/python3.8/dist-packages/airflow/example_dags/plugins/workday.py
[2021-11-29 16:37:14,283] {processor.py:639} WARNING - No viable dags retrieved from /usr/local/lib/python3.8/dist-packages/airflow/example_dags/plugins/workday.py
[2021-11-29 16:37:14,299] {processor.py:171} INFO - Processing /usr/local/lib/python3.8/dist-packages/airflow/example_dags/plugins/workday.py took 0.099 seconds
[2021-11-29 16:38:10,677] {processor.py:163} INFO - Started process (PID=9002) to work on /usr/local/lib/python3.8/dist-packages/airflow/example_dags/plugins/workday.py
[2021-11-29 16:38:10,690] {processor.py:625} INFO - Processing file /usr/local/lib/python3.8/dist-packages/airflow/example_dags/plugins/workday.py for tasks to queue
[2021-11-29 16:38:10,691] {logging_mixin.py:109} INFO - [2021-11-29 16:38:10,691] {dagbag.py:500} INFO - Filling up the DagBag from /usr/local/lib/python3.8/dist-packages/airflow/example_dags/plugins/workday.py
[2021-11-29 16:38:10,719] {processor.py:639} WARNING - No viable dags retrieved from /usr/local/lib/python3.8/dist-packages/airflow/example_dags/plugins/workday.py
[2021-11-29 16:38:10,736] {processor.py:171} INFO - Processing /usr/local/lib/python3.8/dist-packages/airflow/example_dags/plugins/workday.py took 0.073 seconds
[2021-11-29 16:39:06,348] {processor.py:163} INFO - Started process (PID=9168) to work on /usr/local/lib/python3.8/dist-packages/airflow/example_dags/plugins/workday.py
[2021-11-29 16:39:06,373] {processor.py:625} INFO - Processing file /usr/local/lib/python3.8/dist-packages/airflow/example_dags/plugins/workday.py for tasks to queue
[2021-11-29 16:39:06,374] {logging_mixin.py:109} INFO - [2021-11-29 16:39:06,374] {dagbag.py:500} INFO - Filling up the DagBag from /usr/local/lib/python3.8/dist-packages/airflow/example_dags/plugins/workday.py
[2021-11-29 16:39:06,434] {processor.py:639} WARNING - No viable dags retrieved from /usr/local/lib/python3.8/dist-packages/airflow/example_dags/plugins/workday.py
[2021-11-29 16:39:06,439] {processor.py:171} INFO - Processing /usr/local/lib/python3.8/dist-packages/airflow/example_dags/plugins/workday.py took 0.108 seconds
[2021-11-29 16:39:59,765] {processor.py:163} INFO - Started process (PID=9330) to work on /usr/local/lib/python3.8/dist-packages/airflow/example_dags/plugins/workday.py
[2021-11-29 16:39:59,776] {processor.py:625} INFO - Processing file /usr/local/lib/python3.8/dist-packages/airflow/example_dags/plugins/workday.py for tasks to queue
[2021-11-29 16:39:59,777] {logging_mixin.py:109} INFO - [2021-11-29 16:39:59,777] {dagbag.py:500} INFO - Filling up the DagBag from /usr/local/lib/python3.8/dist-packages/airflow/example_dags/plugins/workday.py
[2021-11-29 16:39:59,818] {processor.py:639} WARNING - No viable dags retrieved from /usr/local/lib/python3.8/dist-packages/airflow/example_dags/plugins/workday.py
[2021-11-29 16:39:59,845] {processor.py:171} INFO - Processing /usr/local/lib/python3.8/dist-packages/airflow/example_dags/plugins/workday.py took 0.096 seconds
[2021-11-29 16:40:56,422] {processor.py:163} INFO - Started process (PID=9494) to work on /usr/local/lib/python3.8/dist-packages/airflow/example_dags/plugins/workday.py
[2021-11-29 16:40:56,441] {processor.py:625} INFO - Processing file /usr/local/lib/python3.8/dist-packages/airflow/example_dags/plugins/workday.py for tasks to queue
[2021-11-29 16:40:56,442] {logging_mixin.py:109} INFO - [2021-11-29 16:40:56,442] {dagbag.py:500} INFO - Filling up the DagBag from /usr/local/lib/python3.8/dist-packages/airflow/example_dags/plugins/workday.py
[2021-11-29 16:40:56,467] {processor.py:639} WARNING - No viable dags retrieved from /usr/local/lib/python3.8/dist-packages/airflow/example_dags/plugins/workday.py
[2021-11-29 16:40:56,473] {processor.py:171} INFO - Processing /usr/local/lib/python3.8/dist-packages/airflow/example_dags/plugins/workday.py took 0.056 seconds
[2021-11-29 16:41:58,820] {processor.py:163} INFO - Started process (PID=9669) to work on /usr/local/lib/python3.8/dist-packages/airflow/example_dags/plugins/workday.py
[2021-11-29 16:41:58,835] {processor.py:625} INFO - Processing file /usr/local/lib/python3.8/dist-packages/airflow/example_dags/plugins/workday.py for tasks to queue
[2021-11-29 16:41:58,837] {logging_mixin.py:109} INFO - [2021-11-29 16:41:58,836] {dagbag.py:500} INFO - Filling up the DagBag from /usr/local/lib/python3.8/dist-packages/airflow/example_dags/plugins/workday.py
[2021-11-29 16:41:58,885] {processor.py:639} WARNING - No viable dags retrieved from /usr/local/lib/python3.8/dist-packages/airflow/example_dags/plugins/workday.py
[2021-11-29 16:41:58,895] {processor.py:171} INFO - Processing /usr/local/lib/python3.8/dist-packages/airflow/example_dags/plugins/workday.py took 0.081 seconds
[2021-11-29 16:42:52,828] {processor.py:163} INFO - Started process (PID=9841) to work on /usr/local/lib/python3.8/dist-packages/airflow/example_dags/plugins/workday.py
[2021-11-29 16:42:52,844] {processor.py:625} INFO - Processing file /usr/local/lib/python3.8/dist-packages/airflow/example_dags/plugins/workday.py for tasks to queue
[2021-11-29 16:42:52,845] {logging_mixin.py:109} INFO - [2021-11-29 16:42:52,845] {dagbag.py:500} INFO - Filling up the DagBag from /usr/local/lib/python3.8/dist-packages/airflow/example_dags/plugins/workday.py
[2021-11-29 16:42:52,874] {processor.py:639} WARNING - No viable dags retrieved from /usr/local/lib/python3.8/dist-packages/airflow/example_dags/plugins/workday.py
[2021-11-29 16:42:52,890] {processor.py:171} INFO - Processing /usr/local/lib/python3.8/dist-packages/airflow/example_dags/plugins/workday.py took 0.069 seconds
[2021-11-29 16:43:47,606] {processor.py:163} INFO - Started process (PID=10004) to work on /usr/local/lib/python3.8/dist-packages/airflow/example_dags/plugins/workday.py
[2021-11-29 16:43:47,610] {processor.py:625} INFO - Processing file /usr/local/lib/python3.8/dist-packages/airflow/example_dags/plugins/workday.py for tasks to queue
[2021-11-29 16:43:47,611] {logging_mixin.py:109} INFO - [2021-11-29 16:43:47,611] {dagbag.py:500} INFO - Filling up the DagBag from /usr/local/lib/python3.8/dist-packages/airflow/example_dags/plugins/workday.py
[2021-11-29 16:43:47,658] {processor.py:639} WARNING - No viable dags retrieved from /usr/local/lib/python3.8/dist-packages/airflow/example_dags/plugins/workday.py
[2021-11-29 16:43:47,663] {processor.py:171} INFO - Processing /usr/local/lib/python3.8/dist-packages/airflow/example_dags/plugins/workday.py took 0.071 seconds
[2021-11-29 16:44:43,498] {processor.py:163} INFO - Started process (PID=10169) to work on /usr/local/lib/python3.8/dist-packages/airflow/example_dags/plugins/workday.py
[2021-11-29 16:44:43,500] {processor.py:625} INFO - Processing file /usr/local/lib/python3.8/dist-packages/airflow/example_dags/plugins/workday.py for tasks to queue
[2021-11-29 16:44:43,501] {logging_mixin.py:109} INFO - [2021-11-29 16:44:43,501] {dagbag.py:500} INFO - Filling up the DagBag from /usr/local/lib/python3.8/dist-packages/airflow/example_dags/plugins/workday.py
[2021-11-29 16:44:43,537] {processor.py:639} WARNING - No viable dags retrieved from /usr/local/lib/python3.8/dist-packages/airflow/example_dags/plugins/workday.py
[2021-11-29 16:44:43,565] {processor.py:171} INFO - Processing /usr/local/lib/python3.8/dist-packages/airflow/example_dags/plugins/workday.py took 0.092 seconds
[2021-11-29 16:45:40,184] {processor.py:163} INFO - Started process (PID=10339) to work on /usr/local/lib/python3.8/dist-packages/airflow/example_dags/plugins/workday.py
[2021-11-29 16:45:40,225] {processor.py:625} INFO - Processing file /usr/local/lib/python3.8/dist-packages/airflow/example_dags/plugins/workday.py for tasks to queue
[2021-11-29 16:45:40,226] {logging_mixin.py:109} INFO - [2021-11-29 16:45:40,225] {dagbag.py:500} INFO - Filling up the DagBag from /usr/local/lib/python3.8/dist-packages/airflow/example_dags/plugins/workday.py
[2021-11-29 16:45:40,265] {processor.py:639} WARNING - No viable dags retrieved from /usr/local/lib/python3.8/dist-packages/airflow/example_dags/plugins/workday.py
[2021-11-29 16:45:40,271] {processor.py:171} INFO - Processing /usr/local/lib/python3.8/dist-packages/airflow/example_dags/plugins/workday.py took 0.092 seconds
[2021-11-29 16:46:34,984] {processor.py:163} INFO - Started process (PID=10517) to work on /usr/local/lib/python3.8/dist-packages/airflow/example_dags/plugins/workday.py
[2021-11-29 16:46:35,046] {processor.py:625} INFO - Processing file /usr/local/lib/python3.8/dist-packages/airflow/example_dags/plugins/workday.py for tasks to queue
[2021-11-29 16:46:35,047] {logging_mixin.py:109} INFO - [2021-11-29 16:46:35,047] {dagbag.py:500} INFO - Filling up the DagBag from /usr/local/lib/python3.8/dist-packages/airflow/example_dags/plugins/workday.py
[2021-11-29 16:46:35,087] {processor.py:639} WARNING - No viable dags retrieved from /usr/local/lib/python3.8/dist-packages/airflow/example_dags/plugins/workday.py
[2021-11-29 16:46:35,093] {processor.py:171} INFO - Processing /usr/local/lib/python3.8/dist-packages/airflow/example_dags/plugins/workday.py took 0.113 seconds
