[2021-12-06 19:20:21,404] {taskinstance.py:1035} INFO - Dependencies all met for <TaskInstance: tutorial.print_date scheduled__2021-12-05T13:50:04.198113+00:00 [queued]>
[2021-12-06 19:20:21,453] {taskinstance.py:1035} INFO - Dependencies all met for <TaskInstance: tutorial.print_date scheduled__2021-12-05T13:50:04.198113+00:00 [queued]>
[2021-12-06 19:20:21,453] {taskinstance.py:1241} INFO - 
--------------------------------------------------------------------------------
[2021-12-06 19:20:21,453] {taskinstance.py:1242} INFO - Starting attempt 1 of 2
[2021-12-06 19:20:21,453] {taskinstance.py:1243} INFO - 
--------------------------------------------------------------------------------
[2021-12-06 19:20:21,673] {taskinstance.py:1262} INFO - Executing <Task(BashOperator): print_date> on 2021-12-05 13:50:04.198113+00:00
[2021-12-06 19:20:21,768] {standard_task_runner.py:52} INFO - Started process 2235 to run task
[2021-12-06 19:20:22,321] {standard_task_runner.py:76} INFO - Running: ['airflow', 'tasks', 'run', 'tutorial', 'print_date', 'scheduled__2021-12-05T13:50:04.198113+00:00', '--job-id', '3', '--raw', '--subdir', 'DAGS_FOLDER/tutorial.py', '--cfg-path', '/tmp/tmprmxae1j0', '--error-file', '/tmp/tmpy8cw6c40']
[2021-12-06 19:20:22,323] {standard_task_runner.py:77} INFO - Job 3: Subtask print_date
[2021-12-06 19:20:24,098] {logging_mixin.py:109} INFO - Running <TaskInstance: tutorial.print_date scheduled__2021-12-05T13:50:04.198113+00:00 [running]> on host DESKTOP-M84DNKN.localdomain
[2021-12-06 19:20:25,727] {logging_mixin.py:109} WARNING - /usr/local/lib/python3.8/dist-packages/airflow/models/xcom.py:323 SAWarning: TypeDecorator UtcDateTime(timezone=True) will not produce a cache key because the ``cache_ok`` flag is not set to True.  Set this flag to True if this type object's state is safe to use in a cache key, or False to disable this warning.
[2021-12-06 19:20:25,886] {logging_mixin.py:109} WARNING - /usr/local/lib/python3.8/dist-packages/airflow/models/renderedtifields.py:126 SAWarning: TypeDecorator UtcDateTime(timezone=True) will not produce a cache key because the ``cache_ok`` flag is not set to True.  Set this flag to True if this type object's state is safe to use in a cache key, or False to disable this warning.
[2021-12-06 19:20:26,390] {logging_mixin.py:109} WARNING - /usr/local/lib/python3.8/dist-packages/airflow/models/renderedtifields.py:162 SAWarning: Coercing Subquery object into a select() for use in IN(); please pass a select() construct explicitly
[2021-12-06 19:20:26,482] {logging_mixin.py:109} WARNING - /usr/local/lib/python3.8/dist-packages/airflow/models/renderedtifields.py:159 SAWarning: TypeDecorator UtcDateTime(timezone=True) will not produce a cache key because the ``cache_ok`` flag is not set to True.  Set this flag to True if this type object's state is safe to use in a cache key, or False to disable this warning.
[2021-12-06 19:20:26,502] {taskinstance.py:1427} INFO - Exporting the following env vars:
AIRFLOW_CTX_DAG_EMAIL=airflow@example.com
AIRFLOW_CTX_DAG_OWNER=airflow
AIRFLOW_CTX_DAG_ID=tutorial
AIRFLOW_CTX_TASK_ID=print_date
AIRFLOW_CTX_EXECUTION_DATE=2021-12-05T13:50:04.198113+00:00
AIRFLOW_CTX_DAG_RUN_ID=scheduled__2021-12-05T13:50:04.198113+00:00
[2021-12-06 19:20:26,520] {subprocess.py:62} INFO - Tmp dir root location: 
 /tmp
[2021-12-06 19:20:26,549] {subprocess.py:74} INFO - Running command: ['bash', '-c', 'date']
[2021-12-06 19:20:26,709] {subprocess.py:85} INFO - Output:
[2021-12-06 19:20:26,733] {subprocess.py:89} INFO - Mon Dec  6 19:20:26 IST 2021
[2021-12-06 19:20:26,733] {subprocess.py:93} INFO - Command exited with return code 0
[2021-12-06 19:20:26,741] {logging_mixin.py:109} WARNING - /usr/local/lib/python3.8/dist-packages/airflow/models/xcom.py:103 SAWarning: TypeDecorator UtcDateTime(timezone=True) will not produce a cache key because the ``cache_ok`` flag is not set to True.  Set this flag to True if this type object's state is safe to use in a cache key, or False to disable this warning.
[2021-12-06 19:20:27,202] {taskinstance.py:1270} INFO - Marking task as SUCCESS. dag_id=tutorial, task_id=print_date, execution_date=20211205T135004, start_date=20211206T135021, end_date=20211206T135027
[2021-12-06 19:20:27,760] {local_task_job.py:154} INFO - Task exited with return code 0
[2021-12-06 19:20:28,120] {local_task_job.py:264} INFO - 2 downstream tasks scheduled from follow-on schedule check
[2021-12-06 19:20:28,125] {logging_mixin.py:109} WARNING - /usr/local/lib/python3.8/dist-packages/airflow/models/dag.py:1076 SADeprecationWarning: Query.value() is deprecated and will be removed in a future release.  Please use Query.with_entities() in combination with Query.scalar() (deprecated since: 1.4)
[2021-12-06 19:20:28,125] {logging_mixin.py:109} WARNING - /usr/local/lib/python3.8/dist-packages/airflow/models/dag.py:1076 SADeprecationWarning: Query.values() is deprecated and will be removed in a future release.  Please use Query.with_entities() (deprecated since: 1.4)
