[2021-12-08 18:22:40,853] {processor.py:163} INFO - Started process (PID=185) to work on /home/karan/airflow/dags/tutorial.py
[2021-12-08 18:22:40,853] {processor.py:625} INFO - Processing file /home/karan/airflow/dags/tutorial.py for tasks to queue
[2021-12-08 18:22:40,853] {logging_mixin.py:109} INFO - [2021-12-08 18:22:40,853] {dagbag.py:500} INFO - Filling up the DagBag from /home/karan/airflow/dags/tutorial.py
[2021-12-08 18:22:40,991] {processor.py:637} INFO - DAG(s) dict_keys(['tutorial']) retrieved from /home/karan/airflow/dags/tutorial.py
[2021-12-08 18:22:40,996] {logging_mixin.py:109} WARNING - /usr/local/lib/python3.8/dist-packages/airflow/models/serialized_dag.py:120 SAWarning: TypeDecorator UtcDateTime(timezone=True) will not produce a cache key because the ``cache_ok`` flag is not set to True.  Set this flag to True if this type object's state is safe to use in a cache key, or False to disable this warning.
[2021-12-08 18:22:43,544] {logging_mixin.py:109} INFO - [2021-12-08 18:22:43,544] {dag.py:2396} INFO - Sync 1 DAGs
[2021-12-08 18:22:43,558] {logging_mixin.py:109} WARNING - /usr/local/lib/python3.8/dist-packages/airflow/models/dag.py:2433 SAWarning: TypeDecorator UtcDateTime(timezone=True) will not produce a cache key because the ``cache_ok`` flag is not set to True.  Set this flag to True if this type object's state is safe to use in a cache key, or False to disable this warning.
[2021-12-08 18:22:43,565] {logging_mixin.py:109} INFO - [2021-12-08 18:22:43,565] {dag.py:2928} INFO - Setting next_dagrun for tutorial to 2021-12-07T12:52:43.565322+00:00
[2021-12-08 18:22:43,754] {processor.py:171} INFO - Processing /home/karan/airflow/dags/tutorial.py took 2.904 seconds
[2021-12-08 18:23:30,830] {processor.py:163} INFO - Started process (PID=220) to work on /home/karan/airflow/dags/tutorial.py
[2021-12-08 18:23:30,850] {processor.py:625} INFO - Processing file /home/karan/airflow/dags/tutorial.py for tasks to queue
[2021-12-08 18:23:30,851] {logging_mixin.py:109} INFO - [2021-12-08 18:23:30,851] {dagbag.py:500} INFO - Filling up the DagBag from /home/karan/airflow/dags/tutorial.py
[2021-12-08 18:23:30,871] {processor.py:637} INFO - DAG(s) dict_keys(['tutorial']) retrieved from /home/karan/airflow/dags/tutorial.py
[2021-12-08 18:23:30,875] {logging_mixin.py:109} WARNING - /usr/local/lib/python3.8/dist-packages/airflow/models/serialized_dag.py:120 SAWarning: TypeDecorator UtcDateTime(timezone=True) will not produce a cache key because the ``cache_ok`` flag is not set to True.  Set this flag to True if this type object's state is safe to use in a cache key, or False to disable this warning.
[2021-12-08 18:23:30,880] {logging_mixin.py:109} INFO - [2021-12-08 18:23:30,880] {dag.py:2396} INFO - Sync 1 DAGs
[2021-12-08 18:23:30,889] {logging_mixin.py:109} WARNING - /usr/local/lib/python3.8/dist-packages/airflow/models/dag.py:2433 SAWarning: TypeDecorator UtcDateTime(timezone=True) will not produce a cache key because the ``cache_ok`` flag is not set to True.  Set this flag to True if this type object's state is safe to use in a cache key, or False to disable this warning.
[2021-12-08 18:23:30,896] {logging_mixin.py:109} INFO - [2021-12-08 18:23:30,896] {dag.py:2928} INFO - Setting next_dagrun for tutorial to 2021-12-07T12:53:30.895927+00:00
[2021-12-08 18:23:31,105] {processor.py:171} INFO - Processing /home/karan/airflow/dags/tutorial.py took 0.277 seconds
[2021-12-08 18:24:09,639] {processor.py:163} INFO - Started process (PID=248) to work on /home/karan/airflow/dags/tutorial.py
[2021-12-08 18:24:09,646] {processor.py:625} INFO - Processing file /home/karan/airflow/dags/tutorial.py for tasks to queue
[2021-12-08 18:24:09,646] {logging_mixin.py:109} INFO - [2021-12-08 18:24:09,646] {dagbag.py:500} INFO - Filling up the DagBag from /home/karan/airflow/dags/tutorial.py
[2021-12-08 18:24:09,664] {processor.py:637} INFO - DAG(s) dict_keys(['tutorial']) retrieved from /home/karan/airflow/dags/tutorial.py
[2021-12-08 18:24:09,667] {logging_mixin.py:109} WARNING - /usr/local/lib/python3.8/dist-packages/airflow/models/serialized_dag.py:120 SAWarning: TypeDecorator UtcDateTime(timezone=True) will not produce a cache key because the ``cache_ok`` flag is not set to True.  Set this flag to True if this type object's state is safe to use in a cache key, or False to disable this warning.
[2021-12-08 18:24:09,669] {logging_mixin.py:109} INFO - [2021-12-08 18:24:09,669] {dag.py:2396} INFO - Sync 1 DAGs
[2021-12-08 18:24:09,677] {logging_mixin.py:109} WARNING - /usr/local/lib/python3.8/dist-packages/airflow/models/dag.py:2433 SAWarning: TypeDecorator UtcDateTime(timezone=True) will not produce a cache key because the ``cache_ok`` flag is not set to True.  Set this flag to True if this type object's state is safe to use in a cache key, or False to disable this warning.
[2021-12-08 18:24:09,686] {logging_mixin.py:109} INFO - [2021-12-08 18:24:09,686] {dag.py:2928} INFO - Setting next_dagrun for tutorial to 2021-12-07T12:54:09.686016+00:00
[2021-12-08 18:24:09,840] {processor.py:171} INFO - Processing /home/karan/airflow/dags/tutorial.py took 0.203 seconds
[2021-12-08 18:24:47,119] {processor.py:163} INFO - Started process (PID=276) to work on /home/karan/airflow/dags/tutorial.py
[2021-12-08 18:24:47,146] {processor.py:625} INFO - Processing file /home/karan/airflow/dags/tutorial.py for tasks to queue
[2021-12-08 18:24:47,147] {logging_mixin.py:109} INFO - [2021-12-08 18:24:47,147] {dagbag.py:500} INFO - Filling up the DagBag from /home/karan/airflow/dags/tutorial.py
[2021-12-08 18:24:47,169] {processor.py:637} INFO - DAG(s) dict_keys(['tutorial']) retrieved from /home/karan/airflow/dags/tutorial.py
[2021-12-08 18:24:47,173] {logging_mixin.py:109} WARNING - /usr/local/lib/python3.8/dist-packages/airflow/models/serialized_dag.py:120 SAWarning: TypeDecorator UtcDateTime(timezone=True) will not produce a cache key because the ``cache_ok`` flag is not set to True.  Set this flag to True if this type object's state is safe to use in a cache key, or False to disable this warning.
[2021-12-08 18:24:47,387] {logging_mixin.py:109} INFO - [2021-12-08 18:24:47,387] {dag.py:2396} INFO - Sync 1 DAGs
[2021-12-08 18:24:47,394] {logging_mixin.py:109} WARNING - /usr/local/lib/python3.8/dist-packages/airflow/models/dag.py:2433 SAWarning: TypeDecorator UtcDateTime(timezone=True) will not produce a cache key because the ``cache_ok`` flag is not set to True.  Set this flag to True if this type object's state is safe to use in a cache key, or False to disable this warning.
[2021-12-08 18:24:47,400] {logging_mixin.py:109} INFO - [2021-12-08 18:24:47,400] {dag.py:2928} INFO - Setting next_dagrun for tutorial to 2021-12-07T12:54:47.399974+00:00
[2021-12-08 18:24:47,560] {processor.py:171} INFO - Processing /home/karan/airflow/dags/tutorial.py took 0.444 seconds
[2021-12-08 18:25:26,360] {processor.py:163} INFO - Started process (PID=305) to work on /home/karan/airflow/dags/tutorial.py
[2021-12-08 18:25:26,370] {processor.py:625} INFO - Processing file /home/karan/airflow/dags/tutorial.py for tasks to queue
[2021-12-08 18:25:26,371] {logging_mixin.py:109} INFO - [2021-12-08 18:25:26,371] {dagbag.py:500} INFO - Filling up the DagBag from /home/karan/airflow/dags/tutorial.py
[2021-12-08 18:25:26,389] {processor.py:637} INFO - DAG(s) dict_keys(['tutorial']) retrieved from /home/karan/airflow/dags/tutorial.py
[2021-12-08 18:25:26,392] {logging_mixin.py:109} WARNING - /usr/local/lib/python3.8/dist-packages/airflow/models/serialized_dag.py:120 SAWarning: TypeDecorator UtcDateTime(timezone=True) will not produce a cache key because the ``cache_ok`` flag is not set to True.  Set this flag to True if this type object's state is safe to use in a cache key, or False to disable this warning.
[2021-12-08 18:25:26,398] {logging_mixin.py:109} INFO - [2021-12-08 18:25:26,398] {dag.py:2396} INFO - Sync 1 DAGs
[2021-12-08 18:25:26,407] {logging_mixin.py:109} WARNING - /usr/local/lib/python3.8/dist-packages/airflow/models/dag.py:2433 SAWarning: TypeDecorator UtcDateTime(timezone=True) will not produce a cache key because the ``cache_ok`` flag is not set to True.  Set this flag to True if this type object's state is safe to use in a cache key, or False to disable this warning.
[2021-12-08 18:25:26,413] {logging_mixin.py:109} INFO - [2021-12-08 18:25:26,413] {dag.py:2928} INFO - Setting next_dagrun for tutorial to 2021-12-07T12:55:26.413101+00:00
[2021-12-08 18:25:26,573] {processor.py:171} INFO - Processing /home/karan/airflow/dags/tutorial.py took 0.216 seconds
[2021-12-08 18:26:05,067] {processor.py:163} INFO - Started process (PID=333) to work on /home/karan/airflow/dags/tutorial.py
[2021-12-08 18:26:05,096] {processor.py:625} INFO - Processing file /home/karan/airflow/dags/tutorial.py for tasks to queue
[2021-12-08 18:26:05,097] {logging_mixin.py:109} INFO - [2021-12-08 18:26:05,096] {dagbag.py:500} INFO - Filling up the DagBag from /home/karan/airflow/dags/tutorial.py
[2021-12-08 18:26:05,115] {processor.py:637} INFO - DAG(s) dict_keys(['tutorial']) retrieved from /home/karan/airflow/dags/tutorial.py
[2021-12-08 18:26:05,120] {logging_mixin.py:109} WARNING - /usr/local/lib/python3.8/dist-packages/airflow/models/serialized_dag.py:120 SAWarning: TypeDecorator UtcDateTime(timezone=True) will not produce a cache key because the ``cache_ok`` flag is not set to True.  Set this flag to True if this type object's state is safe to use in a cache key, or False to disable this warning.
[2021-12-08 18:26:05,122] {logging_mixin.py:109} INFO - [2021-12-08 18:26:05,122] {dag.py:2396} INFO - Sync 1 DAGs
[2021-12-08 18:26:05,130] {logging_mixin.py:109} WARNING - /usr/local/lib/python3.8/dist-packages/airflow/models/dag.py:2433 SAWarning: TypeDecorator UtcDateTime(timezone=True) will not produce a cache key because the ``cache_ok`` flag is not set to True.  Set this flag to True if this type object's state is safe to use in a cache key, or False to disable this warning.
[2021-12-08 18:26:05,136] {logging_mixin.py:109} INFO - [2021-12-08 18:26:05,136] {dag.py:2928} INFO - Setting next_dagrun for tutorial to 2021-12-07T12:56:05.136085+00:00
[2021-12-08 18:26:05,311] {processor.py:171} INFO - Processing /home/karan/airflow/dags/tutorial.py took 0.248 seconds
[2021-12-08 18:26:44,344] {processor.py:163} INFO - Started process (PID=363) to work on /home/karan/airflow/dags/tutorial.py
[2021-12-08 18:26:44,364] {processor.py:625} INFO - Processing file /home/karan/airflow/dags/tutorial.py for tasks to queue
[2021-12-08 18:26:44,365] {logging_mixin.py:109} INFO - [2021-12-08 18:26:44,364] {dagbag.py:500} INFO - Filling up the DagBag from /home/karan/airflow/dags/tutorial.py
[2021-12-08 18:26:44,383] {processor.py:637} INFO - DAG(s) dict_keys(['tutorial']) retrieved from /home/karan/airflow/dags/tutorial.py
[2021-12-08 18:26:44,386] {logging_mixin.py:109} WARNING - /usr/local/lib/python3.8/dist-packages/airflow/models/serialized_dag.py:120 SAWarning: TypeDecorator UtcDateTime(timezone=True) will not produce a cache key because the ``cache_ok`` flag is not set to True.  Set this flag to True if this type object's state is safe to use in a cache key, or False to disable this warning.
[2021-12-08 18:26:44,603] {logging_mixin.py:109} INFO - [2021-12-08 18:26:44,603] {dag.py:2396} INFO - Sync 1 DAGs
[2021-12-08 18:26:44,610] {logging_mixin.py:109} WARNING - /usr/local/lib/python3.8/dist-packages/airflow/models/dag.py:2433 SAWarning: TypeDecorator UtcDateTime(timezone=True) will not produce a cache key because the ``cache_ok`` flag is not set to True.  Set this flag to True if this type object's state is safe to use in a cache key, or False to disable this warning.
[2021-12-08 18:26:44,617] {logging_mixin.py:109} INFO - [2021-12-08 18:26:44,617] {dag.py:2928} INFO - Setting next_dagrun for tutorial to 2021-12-07T12:56:44.617155+00:00
[2021-12-08 18:26:44,818] {processor.py:171} INFO - Processing /home/karan/airflow/dags/tutorial.py took 0.476 seconds
[2021-12-08 18:27:21,815] {processor.py:163} INFO - Started process (PID=390) to work on /home/karan/airflow/dags/tutorial.py
[2021-12-08 18:27:21,832] {processor.py:625} INFO - Processing file /home/karan/airflow/dags/tutorial.py for tasks to queue
[2021-12-08 18:27:21,833] {logging_mixin.py:109} INFO - [2021-12-08 18:27:21,833] {dagbag.py:500} INFO - Filling up the DagBag from /home/karan/airflow/dags/tutorial.py
[2021-12-08 18:27:21,857] {processor.py:637} INFO - DAG(s) dict_keys(['tutorial']) retrieved from /home/karan/airflow/dags/tutorial.py
[2021-12-08 18:27:21,862] {logging_mixin.py:109} WARNING - /usr/local/lib/python3.8/dist-packages/airflow/models/serialized_dag.py:120 SAWarning: TypeDecorator UtcDateTime(timezone=True) will not produce a cache key because the ``cache_ok`` flag is not set to True.  Set this flag to True if this type object's state is safe to use in a cache key, or False to disable this warning.
[2021-12-08 18:27:21,870] {logging_mixin.py:109} INFO - [2021-12-08 18:27:21,870] {dag.py:2396} INFO - Sync 1 DAGs
[2021-12-08 18:27:21,879] {logging_mixin.py:109} WARNING - /usr/local/lib/python3.8/dist-packages/airflow/models/dag.py:2433 SAWarning: TypeDecorator UtcDateTime(timezone=True) will not produce a cache key because the ``cache_ok`` flag is not set to True.  Set this flag to True if this type object's state is safe to use in a cache key, or False to disable this warning.
[2021-12-08 18:27:21,886] {logging_mixin.py:109} INFO - [2021-12-08 18:27:21,886] {dag.py:2928} INFO - Setting next_dagrun for tutorial to 2021-12-07T12:57:21.886542+00:00
[2021-12-08 18:27:22,049] {processor.py:171} INFO - Processing /home/karan/airflow/dags/tutorial.py took 0.236 seconds
[2021-12-08 18:28:04,392] {processor.py:163} INFO - Started process (PID=420) to work on /home/karan/airflow/dags/tutorial.py
[2021-12-08 18:28:04,419] {processor.py:625} INFO - Processing file /home/karan/airflow/dags/tutorial.py for tasks to queue
[2021-12-08 18:28:04,419] {logging_mixin.py:109} INFO - [2021-12-08 18:28:04,419] {dagbag.py:500} INFO - Filling up the DagBag from /home/karan/airflow/dags/tutorial.py
[2021-12-08 18:28:04,439] {processor.py:637} INFO - DAG(s) dict_keys(['tutorial']) retrieved from /home/karan/airflow/dags/tutorial.py
[2021-12-08 18:28:04,443] {logging_mixin.py:109} WARNING - /usr/local/lib/python3.8/dist-packages/airflow/models/serialized_dag.py:120 SAWarning: TypeDecorator UtcDateTime(timezone=True) will not produce a cache key because the ``cache_ok`` flag is not set to True.  Set this flag to True if this type object's state is safe to use in a cache key, or False to disable this warning.
[2021-12-08 18:28:04,664] {logging_mixin.py:109} INFO - [2021-12-08 18:28:04,664] {dag.py:2396} INFO - Sync 1 DAGs
[2021-12-08 18:28:04,670] {logging_mixin.py:109} WARNING - /usr/local/lib/python3.8/dist-packages/airflow/models/dag.py:2433 SAWarning: TypeDecorator UtcDateTime(timezone=True) will not produce a cache key because the ``cache_ok`` flag is not set to True.  Set this flag to True if this type object's state is safe to use in a cache key, or False to disable this warning.
[2021-12-08 18:28:04,676] {logging_mixin.py:109} INFO - [2021-12-08 18:28:04,676] {dag.py:2928} INFO - Setting next_dagrun for tutorial to 2021-12-07T12:58:04.676637+00:00
[2021-12-08 18:28:04,836] {processor.py:171} INFO - Processing /home/karan/airflow/dags/tutorial.py took 0.447 seconds
[2021-12-08 18:28:42,773] {processor.py:163} INFO - Started process (PID=449) to work on /home/karan/airflow/dags/tutorial.py
[2021-12-08 18:28:42,809] {processor.py:625} INFO - Processing file /home/karan/airflow/dags/tutorial.py for tasks to queue
[2021-12-08 18:28:42,810] {logging_mixin.py:109} INFO - [2021-12-08 18:28:42,810] {dagbag.py:500} INFO - Filling up the DagBag from /home/karan/airflow/dags/tutorial.py
[2021-12-08 18:28:42,836] {processor.py:637} INFO - DAG(s) dict_keys(['tutorial']) retrieved from /home/karan/airflow/dags/tutorial.py
[2021-12-08 18:28:42,839] {logging_mixin.py:109} WARNING - /usr/local/lib/python3.8/dist-packages/airflow/models/serialized_dag.py:120 SAWarning: TypeDecorator UtcDateTime(timezone=True) will not produce a cache key because the ``cache_ok`` flag is not set to True.  Set this flag to True if this type object's state is safe to use in a cache key, or False to disable this warning.
[2021-12-08 18:28:42,845] {logging_mixin.py:109} INFO - [2021-12-08 18:28:42,845] {dag.py:2396} INFO - Sync 1 DAGs
[2021-12-08 18:28:42,853] {logging_mixin.py:109} WARNING - /usr/local/lib/python3.8/dist-packages/airflow/models/dag.py:2433 SAWarning: TypeDecorator UtcDateTime(timezone=True) will not produce a cache key because the ``cache_ok`` flag is not set to True.  Set this flag to True if this type object's state is safe to use in a cache key, or False to disable this warning.
[2021-12-08 18:28:42,859] {logging_mixin.py:109} INFO - [2021-12-08 18:28:42,859] {dag.py:2928} INFO - Setting next_dagrun for tutorial to 2021-12-07T12:58:42.859356+00:00
[2021-12-08 18:28:43,037] {processor.py:171} INFO - Processing /home/karan/airflow/dags/tutorial.py took 0.266 seconds
[2021-12-08 18:29:18,646] {processor.py:163} INFO - Started process (PID=475) to work on /home/karan/airflow/dags/tutorial.py
[2021-12-08 18:29:18,647] {processor.py:625} INFO - Processing file /home/karan/airflow/dags/tutorial.py for tasks to queue
[2021-12-08 18:29:18,647] {logging_mixin.py:109} INFO - [2021-12-08 18:29:18,647] {dagbag.py:500} INFO - Filling up the DagBag from /home/karan/airflow/dags/tutorial.py
[2021-12-08 18:29:18,665] {processor.py:637} INFO - DAG(s) dict_keys(['tutorial']) retrieved from /home/karan/airflow/dags/tutorial.py
[2021-12-08 18:29:18,668] {logging_mixin.py:109} WARNING - /usr/local/lib/python3.8/dist-packages/airflow/models/serialized_dag.py:120 SAWarning: TypeDecorator UtcDateTime(timezone=True) will not produce a cache key because the ``cache_ok`` flag is not set to True.  Set this flag to True if this type object's state is safe to use in a cache key, or False to disable this warning.
[2021-12-08 18:29:18,674] {logging_mixin.py:109} INFO - [2021-12-08 18:29:18,674] {dag.py:2396} INFO - Sync 1 DAGs
[2021-12-08 18:29:18,682] {logging_mixin.py:109} WARNING - /usr/local/lib/python3.8/dist-packages/airflow/models/dag.py:2433 SAWarning: TypeDecorator UtcDateTime(timezone=True) will not produce a cache key because the ``cache_ok`` flag is not set to True.  Set this flag to True if this type object's state is safe to use in a cache key, or False to disable this warning.
[2021-12-08 18:29:18,688] {logging_mixin.py:109} INFO - [2021-12-08 18:29:18,688] {dag.py:2928} INFO - Setting next_dagrun for tutorial to 2021-12-07T12:59:18.688195+00:00
[2021-12-08 18:29:18,854] {processor.py:171} INFO - Processing /home/karan/airflow/dags/tutorial.py took 0.211 seconds
[2021-12-08 18:29:59,967] {processor.py:163} INFO - Started process (PID=505) to work on /home/karan/airflow/dags/tutorial.py
[2021-12-08 18:30:00,000] {processor.py:625} INFO - Processing file /home/karan/airflow/dags/tutorial.py for tasks to queue
[2021-12-08 18:30:00,001] {logging_mixin.py:109} INFO - [2021-12-08 18:30:00,001] {dagbag.py:500} INFO - Filling up the DagBag from /home/karan/airflow/dags/tutorial.py
[2021-12-08 18:30:00,028] {processor.py:637} INFO - DAG(s) dict_keys(['tutorial']) retrieved from /home/karan/airflow/dags/tutorial.py
[2021-12-08 18:30:00,031] {logging_mixin.py:109} WARNING - /usr/local/lib/python3.8/dist-packages/airflow/models/serialized_dag.py:120 SAWarning: TypeDecorator UtcDateTime(timezone=True) will not produce a cache key because the ``cache_ok`` flag is not set to True.  Set this flag to True if this type object's state is safe to use in a cache key, or False to disable this warning.
[2021-12-08 18:30:00,246] {logging_mixin.py:109} INFO - [2021-12-08 18:30:00,246] {dag.py:2396} INFO - Sync 1 DAGs
[2021-12-08 18:30:00,254] {logging_mixin.py:109} WARNING - /usr/local/lib/python3.8/dist-packages/airflow/models/dag.py:2433 SAWarning: TypeDecorator UtcDateTime(timezone=True) will not produce a cache key because the ``cache_ok`` flag is not set to True.  Set this flag to True if this type object's state is safe to use in a cache key, or False to disable this warning.
[2021-12-08 18:30:00,259] {logging_mixin.py:109} INFO - [2021-12-08 18:30:00,259] {dag.py:2928} INFO - Setting next_dagrun for tutorial to 2021-12-07T13:00:00.259433+00:00
[2021-12-08 18:30:00,452] {processor.py:171} INFO - Processing /home/karan/airflow/dags/tutorial.py took 0.488 seconds
[2021-12-08 18:30:35,584] {processor.py:163} INFO - Started process (PID=532) to work on /home/karan/airflow/dags/tutorial.py
[2021-12-08 18:30:35,602] {processor.py:625} INFO - Processing file /home/karan/airflow/dags/tutorial.py for tasks to queue
[2021-12-08 18:30:35,602] {logging_mixin.py:109} INFO - [2021-12-08 18:30:35,602] {dagbag.py:500} INFO - Filling up the DagBag from /home/karan/airflow/dags/tutorial.py
[2021-12-08 18:30:35,620] {processor.py:637} INFO - DAG(s) dict_keys(['tutorial']) retrieved from /home/karan/airflow/dags/tutorial.py
[2021-12-08 18:30:35,623] {logging_mixin.py:109} WARNING - /usr/local/lib/python3.8/dist-packages/airflow/models/serialized_dag.py:120 SAWarning: TypeDecorator UtcDateTime(timezone=True) will not produce a cache key because the ``cache_ok`` flag is not set to True.  Set this flag to True if this type object's state is safe to use in a cache key, or False to disable this warning.
[2021-12-08 18:30:35,629] {logging_mixin.py:109} INFO - [2021-12-08 18:30:35,629] {dag.py:2396} INFO - Sync 1 DAGs
[2021-12-08 18:30:35,637] {logging_mixin.py:109} WARNING - /usr/local/lib/python3.8/dist-packages/airflow/models/dag.py:2433 SAWarning: TypeDecorator UtcDateTime(timezone=True) will not produce a cache key because the ``cache_ok`` flag is not set to True.  Set this flag to True if this type object's state is safe to use in a cache key, or False to disable this warning.
[2021-12-08 18:30:35,643] {logging_mixin.py:109} INFO - [2021-12-08 18:30:35,643] {dag.py:2928} INFO - Setting next_dagrun for tutorial to 2021-12-07T13:00:35.643171+00:00
[2021-12-08 18:30:35,817] {processor.py:171} INFO - Processing /home/karan/airflow/dags/tutorial.py took 0.236 seconds
[2021-12-08 18:31:13,859] {processor.py:163} INFO - Started process (PID=561) to work on /home/karan/airflow/dags/tutorial.py
[2021-12-08 18:31:13,868] {processor.py:625} INFO - Processing file /home/karan/airflow/dags/tutorial.py for tasks to queue
[2021-12-08 18:31:13,868] {logging_mixin.py:109} INFO - [2021-12-08 18:31:13,868] {dagbag.py:500} INFO - Filling up the DagBag from /home/karan/airflow/dags/tutorial.py
[2021-12-08 18:31:13,886] {processor.py:637} INFO - DAG(s) dict_keys(['tutorial']) retrieved from /home/karan/airflow/dags/tutorial.py
[2021-12-08 18:31:13,890] {logging_mixin.py:109} WARNING - /usr/local/lib/python3.8/dist-packages/airflow/models/serialized_dag.py:120 SAWarning: TypeDecorator UtcDateTime(timezone=True) will not produce a cache key because the ``cache_ok`` flag is not set to True.  Set this flag to True if this type object's state is safe to use in a cache key, or False to disable this warning.
[2021-12-08 18:31:13,896] {logging_mixin.py:109} INFO - [2021-12-08 18:31:13,896] {dag.py:2396} INFO - Sync 1 DAGs
[2021-12-08 18:31:13,904] {logging_mixin.py:109} WARNING - /usr/local/lib/python3.8/dist-packages/airflow/models/dag.py:2433 SAWarning: TypeDecorator UtcDateTime(timezone=True) will not produce a cache key because the ``cache_ok`` flag is not set to True.  Set this flag to True if this type object's state is safe to use in a cache key, or False to disable this warning.
[2021-12-08 18:31:13,911] {logging_mixin.py:109} INFO - [2021-12-08 18:31:13,910] {dag.py:2928} INFO - Setting next_dagrun for tutorial to 2021-12-07T13:01:13.910686+00:00
[2021-12-08 18:31:14,068] {processor.py:171} INFO - Processing /home/karan/airflow/dags/tutorial.py took 0.211 seconds
[2021-12-08 18:31:50,113] {processor.py:163} INFO - Started process (PID=587) to work on /home/karan/airflow/dags/tutorial.py
[2021-12-08 18:31:50,156] {processor.py:625} INFO - Processing file /home/karan/airflow/dags/tutorial.py for tasks to queue
[2021-12-08 18:31:50,157] {logging_mixin.py:109} INFO - [2021-12-08 18:31:50,157] {dagbag.py:500} INFO - Filling up the DagBag from /home/karan/airflow/dags/tutorial.py
[2021-12-08 18:31:50,179] {processor.py:637} INFO - DAG(s) dict_keys(['tutorial']) retrieved from /home/karan/airflow/dags/tutorial.py
[2021-12-08 18:31:50,183] {logging_mixin.py:109} WARNING - /usr/local/lib/python3.8/dist-packages/airflow/models/serialized_dag.py:120 SAWarning: TypeDecorator UtcDateTime(timezone=True) will not produce a cache key because the ``cache_ok`` flag is not set to True.  Set this flag to True if this type object's state is safe to use in a cache key, or False to disable this warning.
[2021-12-08 18:31:50,413] {logging_mixin.py:109} INFO - [2021-12-08 18:31:50,413] {dag.py:2396} INFO - Sync 1 DAGs
[2021-12-08 18:31:50,419] {logging_mixin.py:109} WARNING - /usr/local/lib/python3.8/dist-packages/airflow/models/dag.py:2433 SAWarning: TypeDecorator UtcDateTime(timezone=True) will not produce a cache key because the ``cache_ok`` flag is not set to True.  Set this flag to True if this type object's state is safe to use in a cache key, or False to disable this warning.
[2021-12-08 18:31:50,425] {logging_mixin.py:109} INFO - [2021-12-08 18:31:50,425] {dag.py:2928} INFO - Setting next_dagrun for tutorial to 2021-12-07T13:01:50.425617+00:00
[2021-12-08 18:31:50,619] {processor.py:171} INFO - Processing /home/karan/airflow/dags/tutorial.py took 0.509 seconds
[2021-12-08 18:32:28,433] {processor.py:163} INFO - Started process (PID=616) to work on /home/karan/airflow/dags/tutorial.py
[2021-12-08 18:32:28,495] {processor.py:625} INFO - Processing file /home/karan/airflow/dags/tutorial.py for tasks to queue
[2021-12-08 18:32:28,496] {logging_mixin.py:109} INFO - [2021-12-08 18:32:28,496] {dagbag.py:500} INFO - Filling up the DagBag from /home/karan/airflow/dags/tutorial.py
[2021-12-08 18:32:28,531] {processor.py:637} INFO - DAG(s) dict_keys(['tutorial']) retrieved from /home/karan/airflow/dags/tutorial.py
[2021-12-08 18:32:28,535] {logging_mixin.py:109} WARNING - /usr/local/lib/python3.8/dist-packages/airflow/models/serialized_dag.py:120 SAWarning: TypeDecorator UtcDateTime(timezone=True) will not produce a cache key because the ``cache_ok`` flag is not set to True.  Set this flag to True if this type object's state is safe to use in a cache key, or False to disable this warning.
[2021-12-08 18:32:28,541] {logging_mixin.py:109} INFO - [2021-12-08 18:32:28,541] {dag.py:2396} INFO - Sync 1 DAGs
[2021-12-08 18:32:28,549] {logging_mixin.py:109} WARNING - /usr/local/lib/python3.8/dist-packages/airflow/models/dag.py:2433 SAWarning: TypeDecorator UtcDateTime(timezone=True) will not produce a cache key because the ``cache_ok`` flag is not set to True.  Set this flag to True if this type object's state is safe to use in a cache key, or False to disable this warning.
[2021-12-08 18:32:28,555] {logging_mixin.py:109} INFO - [2021-12-08 18:32:28,555] {dag.py:2928} INFO - Setting next_dagrun for tutorial to 2021-12-07T13:02:28.555552+00:00
[2021-12-08 18:32:28,735] {processor.py:171} INFO - Processing /home/karan/airflow/dags/tutorial.py took 0.305 seconds
[2021-12-08 18:33:07,463] {processor.py:163} INFO - Started process (PID=645) to work on /home/karan/airflow/dags/tutorial.py
[2021-12-08 18:33:07,539] {processor.py:625} INFO - Processing file /home/karan/airflow/dags/tutorial.py for tasks to queue
[2021-12-08 18:33:07,541] {logging_mixin.py:109} INFO - [2021-12-08 18:33:07,541] {dagbag.py:500} INFO - Filling up the DagBag from /home/karan/airflow/dags/tutorial.py
[2021-12-08 18:33:07,579] {processor.py:637} INFO - DAG(s) dict_keys(['tutorial']) retrieved from /home/karan/airflow/dags/tutorial.py
[2021-12-08 18:33:07,582] {logging_mixin.py:109} WARNING - /usr/local/lib/python3.8/dist-packages/airflow/models/serialized_dag.py:120 SAWarning: TypeDecorator UtcDateTime(timezone=True) will not produce a cache key because the ``cache_ok`` flag is not set to True.  Set this flag to True if this type object's state is safe to use in a cache key, or False to disable this warning.
[2021-12-08 18:33:07,588] {logging_mixin.py:109} INFO - [2021-12-08 18:33:07,588] {dag.py:2396} INFO - Sync 1 DAGs
[2021-12-08 18:33:07,596] {logging_mixin.py:109} WARNING - /usr/local/lib/python3.8/dist-packages/airflow/models/dag.py:2433 SAWarning: TypeDecorator UtcDateTime(timezone=True) will not produce a cache key because the ``cache_ok`` flag is not set to True.  Set this flag to True if this type object's state is safe to use in a cache key, or False to disable this warning.
[2021-12-08 18:33:07,602] {logging_mixin.py:109} INFO - [2021-12-08 18:33:07,602] {dag.py:2928} INFO - Setting next_dagrun for tutorial to 2021-12-07T13:03:07.602573+00:00
[2021-12-08 18:33:07,763] {processor.py:171} INFO - Processing /home/karan/airflow/dags/tutorial.py took 0.303 seconds
[2021-12-08 18:33:41,725] {processor.py:163} INFO - Started process (PID=672) to work on /home/karan/airflow/dags/tutorial.py
[2021-12-08 18:33:41,727] {processor.py:625} INFO - Processing file /home/karan/airflow/dags/tutorial.py for tasks to queue
[2021-12-08 18:33:41,728] {logging_mixin.py:109} INFO - [2021-12-08 18:33:41,727] {dagbag.py:500} INFO - Filling up the DagBag from /home/karan/airflow/dags/tutorial.py
[2021-12-08 18:33:41,746] {processor.py:637} INFO - DAG(s) dict_keys(['tutorial']) retrieved from /home/karan/airflow/dags/tutorial.py
[2021-12-08 18:33:41,750] {logging_mixin.py:109} WARNING - /usr/local/lib/python3.8/dist-packages/airflow/models/serialized_dag.py:120 SAWarning: TypeDecorator UtcDateTime(timezone=True) will not produce a cache key because the ``cache_ok`` flag is not set to True.  Set this flag to True if this type object's state is safe to use in a cache key, or False to disable this warning.
[2021-12-08 18:33:41,752] {logging_mixin.py:109} INFO - [2021-12-08 18:33:41,752] {dag.py:2396} INFO - Sync 1 DAGs
[2021-12-08 18:33:41,760] {logging_mixin.py:109} WARNING - /usr/local/lib/python3.8/dist-packages/airflow/models/dag.py:2433 SAWarning: TypeDecorator UtcDateTime(timezone=True) will not produce a cache key because the ``cache_ok`` flag is not set to True.  Set this flag to True if this type object's state is safe to use in a cache key, or False to disable this warning.
[2021-12-08 18:33:41,767] {logging_mixin.py:109} INFO - [2021-12-08 18:33:41,767] {dag.py:2928} INFO - Setting next_dagrun for tutorial to 2021-12-07T13:03:41.767107+00:00
[2021-12-08 18:33:41,982] {processor.py:171} INFO - Processing /home/karan/airflow/dags/tutorial.py took 0.260 seconds
[2021-12-08 18:34:16,015] {processor.py:163} INFO - Started process (PID=697) to work on /home/karan/airflow/dags/tutorial.py
[2021-12-08 18:34:16,015] {processor.py:625} INFO - Processing file /home/karan/airflow/dags/tutorial.py for tasks to queue
[2021-12-08 18:34:16,016] {logging_mixin.py:109} INFO - [2021-12-08 18:34:16,016] {dagbag.py:500} INFO - Filling up the DagBag from /home/karan/airflow/dags/tutorial.py
[2021-12-08 18:34:16,033] {processor.py:637} INFO - DAG(s) dict_keys(['tutorial']) retrieved from /home/karan/airflow/dags/tutorial.py
[2021-12-08 18:34:16,037] {logging_mixin.py:109} WARNING - /usr/local/lib/python3.8/dist-packages/airflow/models/serialized_dag.py:120 SAWarning: TypeDecorator UtcDateTime(timezone=True) will not produce a cache key because the ``cache_ok`` flag is not set to True.  Set this flag to True if this type object's state is safe to use in a cache key, or False to disable this warning.
[2021-12-08 18:34:16,247] {logging_mixin.py:109} INFO - [2021-12-08 18:34:16,247] {dag.py:2396} INFO - Sync 1 DAGs
[2021-12-08 18:34:16,253] {logging_mixin.py:109} WARNING - /usr/local/lib/python3.8/dist-packages/airflow/models/dag.py:2433 SAWarning: TypeDecorator UtcDateTime(timezone=True) will not produce a cache key because the ``cache_ok`` flag is not set to True.  Set this flag to True if this type object's state is safe to use in a cache key, or False to disable this warning.
[2021-12-08 18:34:16,260] {logging_mixin.py:109} INFO - [2021-12-08 18:34:16,260] {dag.py:2928} INFO - Setting next_dagrun for tutorial to 2021-12-07T13:04:16.260452+00:00
[2021-12-08 18:34:16,438] {processor.py:171} INFO - Processing /home/karan/airflow/dags/tutorial.py took 0.426 seconds
[2021-12-08 18:34:55,057] {processor.py:163} INFO - Started process (PID=726) to work on /home/karan/airflow/dags/tutorial.py
[2021-12-08 18:34:55,058] {processor.py:625} INFO - Processing file /home/karan/airflow/dags/tutorial.py for tasks to queue
[2021-12-08 18:34:55,059] {logging_mixin.py:109} INFO - [2021-12-08 18:34:55,059] {dagbag.py:500} INFO - Filling up the DagBag from /home/karan/airflow/dags/tutorial.py
[2021-12-08 18:34:55,078] {processor.py:637} INFO - DAG(s) dict_keys(['tutorial']) retrieved from /home/karan/airflow/dags/tutorial.py
[2021-12-08 18:34:55,081] {logging_mixin.py:109} WARNING - /usr/local/lib/python3.8/dist-packages/airflow/models/serialized_dag.py:120 SAWarning: TypeDecorator UtcDateTime(timezone=True) will not produce a cache key because the ``cache_ok`` flag is not set to True.  Set this flag to True if this type object's state is safe to use in a cache key, or False to disable this warning.
[2021-12-08 18:34:55,087] {logging_mixin.py:109} INFO - [2021-12-08 18:34:55,087] {dag.py:2396} INFO - Sync 1 DAGs
[2021-12-08 18:34:55,095] {logging_mixin.py:109} WARNING - /usr/local/lib/python3.8/dist-packages/airflow/models/dag.py:2433 SAWarning: TypeDecorator UtcDateTime(timezone=True) will not produce a cache key because the ``cache_ok`` flag is not set to True.  Set this flag to True if this type object's state is safe to use in a cache key, or False to disable this warning.
[2021-12-08 18:34:55,101] {logging_mixin.py:109} INFO - [2021-12-08 18:34:55,101] {dag.py:2928} INFO - Setting next_dagrun for tutorial to 2021-12-07T13:04:55.101228+00:00
[2021-12-08 18:34:55,272] {processor.py:171} INFO - Processing /home/karan/airflow/dags/tutorial.py took 0.218 seconds
