[2021-12-08 18:23:10,525] {processor.py:163} INFO - Started process (PID=205) to work on /usr/local/lib/python3.8/dist-packages/airflow/example_dags/example_nested_branch_dag.py
[2021-12-08 18:23:10,525] {processor.py:625} INFO - Processing file /usr/local/lib/python3.8/dist-packages/airflow/example_dags/example_nested_branch_dag.py for tasks to queue
[2021-12-08 18:23:10,526] {logging_mixin.py:109} INFO - [2021-12-08 18:23:10,526] {dagbag.py:500} INFO - Filling up the DagBag from /usr/local/lib/python3.8/dist-packages/airflow/example_dags/example_nested_branch_dag.py
[2021-12-08 18:23:10,544] {processor.py:637} INFO - DAG(s) dict_keys(['example_nested_branch_dag']) retrieved from /usr/local/lib/python3.8/dist-packages/airflow/example_dags/example_nested_branch_dag.py
[2021-12-08 18:23:10,547] {logging_mixin.py:109} WARNING - /usr/local/lib/python3.8/dist-packages/airflow/models/serialized_dag.py:120 SAWarning: TypeDecorator UtcDateTime(timezone=True) will not produce a cache key because the ``cache_ok`` flag is not set to True.  Set this flag to True if this type object's state is safe to use in a cache key, or False to disable this warning.
[2021-12-08 18:23:10,558] {logging_mixin.py:109} INFO - [2021-12-08 18:23:10,558] {dag.py:2396} INFO - Sync 1 DAGs
[2021-12-08 18:23:10,571] {logging_mixin.py:109} WARNING - /usr/local/lib/python3.8/dist-packages/airflow/models/dag.py:2433 SAWarning: TypeDecorator UtcDateTime(timezone=True) will not produce a cache key because the ``cache_ok`` flag is not set to True.  Set this flag to True if this type object's state is safe to use in a cache key, or False to disable this warning.
[2021-12-08 18:23:10,579] {logging_mixin.py:109} INFO - [2021-12-08 18:23:10,579] {dag.py:2928} INFO - Setting next_dagrun for example_nested_branch_dag to 2021-12-07 00:00:00+00:00
[2021-12-08 18:23:11,072] {processor.py:171} INFO - Processing /usr/local/lib/python3.8/dist-packages/airflow/example_dags/example_nested_branch_dag.py took 0.549 seconds
[2021-12-08 18:24:00,255] {processor.py:163} INFO - Started process (PID=241) to work on /usr/local/lib/python3.8/dist-packages/airflow/example_dags/example_nested_branch_dag.py
[2021-12-08 18:24:00,278] {processor.py:625} INFO - Processing file /usr/local/lib/python3.8/dist-packages/airflow/example_dags/example_nested_branch_dag.py for tasks to queue
[2021-12-08 18:24:00,279] {logging_mixin.py:109} INFO - [2021-12-08 18:24:00,279] {dagbag.py:500} INFO - Filling up the DagBag from /usr/local/lib/python3.8/dist-packages/airflow/example_dags/example_nested_branch_dag.py
[2021-12-08 18:24:00,308] {processor.py:637} INFO - DAG(s) dict_keys(['example_nested_branch_dag']) retrieved from /usr/local/lib/python3.8/dist-packages/airflow/example_dags/example_nested_branch_dag.py
[2021-12-08 18:24:00,311] {logging_mixin.py:109} WARNING - /usr/local/lib/python3.8/dist-packages/airflow/models/serialized_dag.py:120 SAWarning: TypeDecorator UtcDateTime(timezone=True) will not produce a cache key because the ``cache_ok`` flag is not set to True.  Set this flag to True if this type object's state is safe to use in a cache key, or False to disable this warning.
[2021-12-08 18:24:00,318] {logging_mixin.py:109} INFO - [2021-12-08 18:24:00,318] {dag.py:2396} INFO - Sync 1 DAGs
[2021-12-08 18:24:00,327] {logging_mixin.py:109} WARNING - /usr/local/lib/python3.8/dist-packages/airflow/models/dag.py:2433 SAWarning: TypeDecorator UtcDateTime(timezone=True) will not produce a cache key because the ``cache_ok`` flag is not set to True.  Set this flag to True if this type object's state is safe to use in a cache key, or False to disable this warning.
[2021-12-08 18:24:00,333] {logging_mixin.py:109} INFO - [2021-12-08 18:24:00,333] {dag.py:2928} INFO - Setting next_dagrun for example_nested_branch_dag to 2021-12-07 00:00:00+00:00
[2021-12-08 18:24:00,507] {processor.py:171} INFO - Processing /usr/local/lib/python3.8/dist-packages/airflow/example_dags/example_nested_branch_dag.py took 0.259 seconds
[2021-12-08 18:24:56,846] {processor.py:163} INFO - Started process (PID=283) to work on /usr/local/lib/python3.8/dist-packages/airflow/example_dags/example_nested_branch_dag.py
[2021-12-08 18:24:56,857] {processor.py:625} INFO - Processing file /usr/local/lib/python3.8/dist-packages/airflow/example_dags/example_nested_branch_dag.py for tasks to queue
[2021-12-08 18:24:56,858] {logging_mixin.py:109} INFO - [2021-12-08 18:24:56,858] {dagbag.py:500} INFO - Filling up the DagBag from /usr/local/lib/python3.8/dist-packages/airflow/example_dags/example_nested_branch_dag.py
[2021-12-08 18:24:56,877] {processor.py:637} INFO - DAG(s) dict_keys(['example_nested_branch_dag']) retrieved from /usr/local/lib/python3.8/dist-packages/airflow/example_dags/example_nested_branch_dag.py
[2021-12-08 18:24:56,880] {logging_mixin.py:109} WARNING - /usr/local/lib/python3.8/dist-packages/airflow/models/serialized_dag.py:120 SAWarning: TypeDecorator UtcDateTime(timezone=True) will not produce a cache key because the ``cache_ok`` flag is not set to True.  Set this flag to True if this type object's state is safe to use in a cache key, or False to disable this warning.
[2021-12-08 18:24:56,887] {logging_mixin.py:109} INFO - [2021-12-08 18:24:56,887] {dag.py:2396} INFO - Sync 1 DAGs
[2021-12-08 18:24:56,895] {logging_mixin.py:109} WARNING - /usr/local/lib/python3.8/dist-packages/airflow/models/dag.py:2433 SAWarning: TypeDecorator UtcDateTime(timezone=True) will not produce a cache key because the ``cache_ok`` flag is not set to True.  Set this flag to True if this type object's state is safe to use in a cache key, or False to disable this warning.
[2021-12-08 18:24:56,902] {logging_mixin.py:109} INFO - [2021-12-08 18:24:56,902] {dag.py:2928} INFO - Setting next_dagrun for example_nested_branch_dag to 2021-12-07 00:00:00+00:00
[2021-12-08 18:24:57,054] {processor.py:171} INFO - Processing /usr/local/lib/python3.8/dist-packages/airflow/example_dags/example_nested_branch_dag.py took 0.210 seconds
[2021-12-08 18:25:55,372] {processor.py:163} INFO - Started process (PID=326) to work on /usr/local/lib/python3.8/dist-packages/airflow/example_dags/example_nested_branch_dag.py
[2021-12-08 18:25:55,382] {processor.py:625} INFO - Processing file /usr/local/lib/python3.8/dist-packages/airflow/example_dags/example_nested_branch_dag.py for tasks to queue
[2021-12-08 18:25:55,382] {logging_mixin.py:109} INFO - [2021-12-08 18:25:55,382] {dagbag.py:500} INFO - Filling up the DagBag from /usr/local/lib/python3.8/dist-packages/airflow/example_dags/example_nested_branch_dag.py
[2021-12-08 18:25:55,401] {processor.py:637} INFO - DAG(s) dict_keys(['example_nested_branch_dag']) retrieved from /usr/local/lib/python3.8/dist-packages/airflow/example_dags/example_nested_branch_dag.py
[2021-12-08 18:25:55,405] {logging_mixin.py:109} WARNING - /usr/local/lib/python3.8/dist-packages/airflow/models/serialized_dag.py:120 SAWarning: TypeDecorator UtcDateTime(timezone=True) will not produce a cache key because the ``cache_ok`` flag is not set to True.  Set this flag to True if this type object's state is safe to use in a cache key, or False to disable this warning.
[2021-12-08 18:25:55,412] {logging_mixin.py:109} INFO - [2021-12-08 18:25:55,412] {dag.py:2396} INFO - Sync 1 DAGs
[2021-12-08 18:25:55,420] {logging_mixin.py:109} WARNING - /usr/local/lib/python3.8/dist-packages/airflow/models/dag.py:2433 SAWarning: TypeDecorator UtcDateTime(timezone=True) will not produce a cache key because the ``cache_ok`` flag is not set to True.  Set this flag to True if this type object's state is safe to use in a cache key, or False to disable this warning.
[2021-12-08 18:25:55,427] {logging_mixin.py:109} INFO - [2021-12-08 18:25:55,427] {dag.py:2928} INFO - Setting next_dagrun for example_nested_branch_dag to 2021-12-07 00:00:00+00:00
[2021-12-08 18:25:55,589] {processor.py:171} INFO - Processing /usr/local/lib/python3.8/dist-packages/airflow/example_dags/example_nested_branch_dag.py took 0.219 seconds
[2021-12-08 18:26:52,836] {processor.py:163} INFO - Started process (PID=369) to work on /usr/local/lib/python3.8/dist-packages/airflow/example_dags/example_nested_branch_dag.py
[2021-12-08 18:26:52,850] {processor.py:625} INFO - Processing file /usr/local/lib/python3.8/dist-packages/airflow/example_dags/example_nested_branch_dag.py for tasks to queue
[2021-12-08 18:26:52,851] {logging_mixin.py:109} INFO - [2021-12-08 18:26:52,851] {dagbag.py:500} INFO - Filling up the DagBag from /usr/local/lib/python3.8/dist-packages/airflow/example_dags/example_nested_branch_dag.py
[2021-12-08 18:26:52,878] {processor.py:637} INFO - DAG(s) dict_keys(['example_nested_branch_dag']) retrieved from /usr/local/lib/python3.8/dist-packages/airflow/example_dags/example_nested_branch_dag.py
[2021-12-08 18:26:52,882] {logging_mixin.py:109} WARNING - /usr/local/lib/python3.8/dist-packages/airflow/models/serialized_dag.py:120 SAWarning: TypeDecorator UtcDateTime(timezone=True) will not produce a cache key because the ``cache_ok`` flag is not set to True.  Set this flag to True if this type object's state is safe to use in a cache key, or False to disable this warning.
[2021-12-08 18:26:52,890] {logging_mixin.py:109} INFO - [2021-12-08 18:26:52,890] {dag.py:2396} INFO - Sync 1 DAGs
[2021-12-08 18:26:52,899] {logging_mixin.py:109} WARNING - /usr/local/lib/python3.8/dist-packages/airflow/models/dag.py:2433 SAWarning: TypeDecorator UtcDateTime(timezone=True) will not produce a cache key because the ``cache_ok`` flag is not set to True.  Set this flag to True if this type object's state is safe to use in a cache key, or False to disable this warning.
[2021-12-08 18:26:52,907] {logging_mixin.py:109} INFO - [2021-12-08 18:26:52,907] {dag.py:2928} INFO - Setting next_dagrun for example_nested_branch_dag to 2021-12-07 00:00:00+00:00
[2021-12-08 18:26:53,042] {processor.py:171} INFO - Processing /usr/local/lib/python3.8/dist-packages/airflow/example_dags/example_nested_branch_dag.py took 0.215 seconds
[2021-12-08 18:27:52,009] {processor.py:163} INFO - Started process (PID=411) to work on /usr/local/lib/python3.8/dist-packages/airflow/example_dags/example_nested_branch_dag.py
[2021-12-08 18:27:52,046] {processor.py:625} INFO - Processing file /usr/local/lib/python3.8/dist-packages/airflow/example_dags/example_nested_branch_dag.py for tasks to queue
[2021-12-08 18:27:52,046] {logging_mixin.py:109} INFO - [2021-12-08 18:27:52,046] {dagbag.py:500} INFO - Filling up the DagBag from /usr/local/lib/python3.8/dist-packages/airflow/example_dags/example_nested_branch_dag.py
[2021-12-08 18:27:52,069] {processor.py:637} INFO - DAG(s) dict_keys(['example_nested_branch_dag']) retrieved from /usr/local/lib/python3.8/dist-packages/airflow/example_dags/example_nested_branch_dag.py
[2021-12-08 18:27:52,075] {logging_mixin.py:109} WARNING - /usr/local/lib/python3.8/dist-packages/airflow/models/serialized_dag.py:120 SAWarning: TypeDecorator UtcDateTime(timezone=True) will not produce a cache key because the ``cache_ok`` flag is not set to True.  Set this flag to True if this type object's state is safe to use in a cache key, or False to disable this warning.
[2021-12-08 18:27:52,083] {logging_mixin.py:109} INFO - [2021-12-08 18:27:52,082] {dag.py:2396} INFO - Sync 1 DAGs
[2021-12-08 18:27:52,094] {logging_mixin.py:109} WARNING - /usr/local/lib/python3.8/dist-packages/airflow/models/dag.py:2433 SAWarning: TypeDecorator UtcDateTime(timezone=True) will not produce a cache key because the ``cache_ok`` flag is not set to True.  Set this flag to True if this type object's state is safe to use in a cache key, or False to disable this warning.
[2021-12-08 18:27:52,102] {logging_mixin.py:109} INFO - [2021-12-08 18:27:52,102] {dag.py:2928} INFO - Setting next_dagrun for example_nested_branch_dag to 2021-12-07 00:00:00+00:00
[2021-12-08 18:27:52,261] {processor.py:171} INFO - Processing /usr/local/lib/python3.8/dist-packages/airflow/example_dags/example_nested_branch_dag.py took 0.255 seconds
[2021-12-08 18:28:39,978] {processor.py:163} INFO - Started process (PID=447) to work on /usr/local/lib/python3.8/dist-packages/airflow/example_dags/example_nested_branch_dag.py
[2021-12-08 18:28:40,003] {processor.py:625} INFO - Processing file /usr/local/lib/python3.8/dist-packages/airflow/example_dags/example_nested_branch_dag.py for tasks to queue
[2021-12-08 18:28:40,003] {logging_mixin.py:109} INFO - [2021-12-08 18:28:40,003] {dagbag.py:500} INFO - Filling up the DagBag from /usr/local/lib/python3.8/dist-packages/airflow/example_dags/example_nested_branch_dag.py
[2021-12-08 18:28:40,029] {processor.py:637} INFO - DAG(s) dict_keys(['example_nested_branch_dag']) retrieved from /usr/local/lib/python3.8/dist-packages/airflow/example_dags/example_nested_branch_dag.py
[2021-12-08 18:28:40,032] {logging_mixin.py:109} WARNING - /usr/local/lib/python3.8/dist-packages/airflow/models/serialized_dag.py:120 SAWarning: TypeDecorator UtcDateTime(timezone=True) will not produce a cache key because the ``cache_ok`` flag is not set to True.  Set this flag to True if this type object's state is safe to use in a cache key, or False to disable this warning.
[2021-12-08 18:28:40,039] {logging_mixin.py:109} INFO - [2021-12-08 18:28:40,039] {dag.py:2396} INFO - Sync 1 DAGs
[2021-12-08 18:28:40,047] {logging_mixin.py:109} WARNING - /usr/local/lib/python3.8/dist-packages/airflow/models/dag.py:2433 SAWarning: TypeDecorator UtcDateTime(timezone=True) will not produce a cache key because the ``cache_ok`` flag is not set to True.  Set this flag to True if this type object's state is safe to use in a cache key, or False to disable this warning.
[2021-12-08 18:28:40,055] {logging_mixin.py:109} INFO - [2021-12-08 18:28:40,055] {dag.py:2928} INFO - Setting next_dagrun for example_nested_branch_dag to 2021-12-07 00:00:00+00:00
[2021-12-08 18:28:40,204] {processor.py:171} INFO - Processing /usr/local/lib/python3.8/dist-packages/airflow/example_dags/example_nested_branch_dag.py took 0.229 seconds
[2021-12-08 18:29:36,729] {processor.py:163} INFO - Started process (PID=488) to work on /usr/local/lib/python3.8/dist-packages/airflow/example_dags/example_nested_branch_dag.py
[2021-12-08 18:29:36,730] {processor.py:625} INFO - Processing file /usr/local/lib/python3.8/dist-packages/airflow/example_dags/example_nested_branch_dag.py for tasks to queue
[2021-12-08 18:29:36,731] {logging_mixin.py:109} INFO - [2021-12-08 18:29:36,731] {dagbag.py:500} INFO - Filling up the DagBag from /usr/local/lib/python3.8/dist-packages/airflow/example_dags/example_nested_branch_dag.py
[2021-12-08 18:29:36,749] {processor.py:637} INFO - DAG(s) dict_keys(['example_nested_branch_dag']) retrieved from /usr/local/lib/python3.8/dist-packages/airflow/example_dags/example_nested_branch_dag.py
[2021-12-08 18:29:36,752] {logging_mixin.py:109} WARNING - /usr/local/lib/python3.8/dist-packages/airflow/models/serialized_dag.py:120 SAWarning: TypeDecorator UtcDateTime(timezone=True) will not produce a cache key because the ``cache_ok`` flag is not set to True.  Set this flag to True if this type object's state is safe to use in a cache key, or False to disable this warning.
[2021-12-08 18:29:36,759] {logging_mixin.py:109} INFO - [2021-12-08 18:29:36,759] {dag.py:2396} INFO - Sync 1 DAGs
[2021-12-08 18:29:36,767] {logging_mixin.py:109} WARNING - /usr/local/lib/python3.8/dist-packages/airflow/models/dag.py:2433 SAWarning: TypeDecorator UtcDateTime(timezone=True) will not produce a cache key because the ``cache_ok`` flag is not set to True.  Set this flag to True if this type object's state is safe to use in a cache key, or False to disable this warning.
[2021-12-08 18:29:36,774] {logging_mixin.py:109} INFO - [2021-12-08 18:29:36,774] {dag.py:2928} INFO - Setting next_dagrun for example_nested_branch_dag to 2021-12-07 00:00:00+00:00
[2021-12-08 18:29:36,920] {processor.py:171} INFO - Processing /usr/local/lib/python3.8/dist-packages/airflow/example_dags/example_nested_branch_dag.py took 0.194 seconds
[2021-12-08 18:30:32,942] {processor.py:163} INFO - Started process (PID=530) to work on /usr/local/lib/python3.8/dist-packages/airflow/example_dags/example_nested_branch_dag.py
[2021-12-08 18:30:33,014] {processor.py:625} INFO - Processing file /usr/local/lib/python3.8/dist-packages/airflow/example_dags/example_nested_branch_dag.py for tasks to queue
[2021-12-08 18:30:33,016] {logging_mixin.py:109} INFO - [2021-12-08 18:30:33,015] {dagbag.py:500} INFO - Filling up the DagBag from /usr/local/lib/python3.8/dist-packages/airflow/example_dags/example_nested_branch_dag.py
[2021-12-08 18:30:33,036] {processor.py:637} INFO - DAG(s) dict_keys(['example_nested_branch_dag']) retrieved from /usr/local/lib/python3.8/dist-packages/airflow/example_dags/example_nested_branch_dag.py
[2021-12-08 18:30:33,040] {logging_mixin.py:109} WARNING - /usr/local/lib/python3.8/dist-packages/airflow/models/serialized_dag.py:120 SAWarning: TypeDecorator UtcDateTime(timezone=True) will not produce a cache key because the ``cache_ok`` flag is not set to True.  Set this flag to True if this type object's state is safe to use in a cache key, or False to disable this warning.
[2021-12-08 18:30:33,046] {logging_mixin.py:109} INFO - [2021-12-08 18:30:33,046] {dag.py:2396} INFO - Sync 1 DAGs
[2021-12-08 18:30:33,054] {logging_mixin.py:109} WARNING - /usr/local/lib/python3.8/dist-packages/airflow/models/dag.py:2433 SAWarning: TypeDecorator UtcDateTime(timezone=True) will not produce a cache key because the ``cache_ok`` flag is not set to True.  Set this flag to True if this type object's state is safe to use in a cache key, or False to disable this warning.
[2021-12-08 18:30:33,061] {logging_mixin.py:109} INFO - [2021-12-08 18:30:33,061] {dag.py:2928} INFO - Setting next_dagrun for example_nested_branch_dag to 2021-12-07 00:00:00+00:00
[2021-12-08 18:30:33,220] {processor.py:171} INFO - Processing /usr/local/lib/python3.8/dist-packages/airflow/example_dags/example_nested_branch_dag.py took 0.281 seconds
[2021-12-08 18:31:28,723] {processor.py:163} INFO - Started process (PID=572) to work on /usr/local/lib/python3.8/dist-packages/airflow/example_dags/example_nested_branch_dag.py
[2021-12-08 18:31:28,737] {processor.py:625} INFO - Processing file /usr/local/lib/python3.8/dist-packages/airflow/example_dags/example_nested_branch_dag.py for tasks to queue
[2021-12-08 18:31:28,737] {logging_mixin.py:109} INFO - [2021-12-08 18:31:28,737] {dagbag.py:500} INFO - Filling up the DagBag from /usr/local/lib/python3.8/dist-packages/airflow/example_dags/example_nested_branch_dag.py
[2021-12-08 18:31:28,757] {processor.py:637} INFO - DAG(s) dict_keys(['example_nested_branch_dag']) retrieved from /usr/local/lib/python3.8/dist-packages/airflow/example_dags/example_nested_branch_dag.py
[2021-12-08 18:31:28,760] {logging_mixin.py:109} WARNING - /usr/local/lib/python3.8/dist-packages/airflow/models/serialized_dag.py:120 SAWarning: TypeDecorator UtcDateTime(timezone=True) will not produce a cache key because the ``cache_ok`` flag is not set to True.  Set this flag to True if this type object's state is safe to use in a cache key, or False to disable this warning.
[2021-12-08 18:31:28,767] {logging_mixin.py:109} INFO - [2021-12-08 18:31:28,767] {dag.py:2396} INFO - Sync 1 DAGs
[2021-12-08 18:31:28,778] {logging_mixin.py:109} WARNING - /usr/local/lib/python3.8/dist-packages/airflow/models/dag.py:2433 SAWarning: TypeDecorator UtcDateTime(timezone=True) will not produce a cache key because the ``cache_ok`` flag is not set to True.  Set this flag to True if this type object's state is safe to use in a cache key, or False to disable this warning.
[2021-12-08 18:31:28,785] {logging_mixin.py:109} INFO - [2021-12-08 18:31:28,785] {dag.py:2928} INFO - Setting next_dagrun for example_nested_branch_dag to 2021-12-07 00:00:00+00:00
[2021-12-08 18:31:28,945] {processor.py:171} INFO - Processing /usr/local/lib/python3.8/dist-packages/airflow/example_dags/example_nested_branch_dag.py took 0.224 seconds
[2021-12-08 18:32:25,912] {processor.py:163} INFO - Started process (PID=614) to work on /usr/local/lib/python3.8/dist-packages/airflow/example_dags/example_nested_branch_dag.py
[2021-12-08 18:32:25,913] {processor.py:625} INFO - Processing file /usr/local/lib/python3.8/dist-packages/airflow/example_dags/example_nested_branch_dag.py for tasks to queue
[2021-12-08 18:32:25,913] {logging_mixin.py:109} INFO - [2021-12-08 18:32:25,913] {dagbag.py:500} INFO - Filling up the DagBag from /usr/local/lib/python3.8/dist-packages/airflow/example_dags/example_nested_branch_dag.py
[2021-12-08 18:32:25,932] {processor.py:637} INFO - DAG(s) dict_keys(['example_nested_branch_dag']) retrieved from /usr/local/lib/python3.8/dist-packages/airflow/example_dags/example_nested_branch_dag.py
[2021-12-08 18:32:25,935] {logging_mixin.py:109} WARNING - /usr/local/lib/python3.8/dist-packages/airflow/models/serialized_dag.py:120 SAWarning: TypeDecorator UtcDateTime(timezone=True) will not produce a cache key because the ``cache_ok`` flag is not set to True.  Set this flag to True if this type object's state is safe to use in a cache key, or False to disable this warning.
[2021-12-08 18:32:25,942] {logging_mixin.py:109} INFO - [2021-12-08 18:32:25,942] {dag.py:2396} INFO - Sync 1 DAGs
[2021-12-08 18:32:25,950] {logging_mixin.py:109} WARNING - /usr/local/lib/python3.8/dist-packages/airflow/models/dag.py:2433 SAWarning: TypeDecorator UtcDateTime(timezone=True) will not produce a cache key because the ``cache_ok`` flag is not set to True.  Set this flag to True if this type object's state is safe to use in a cache key, or False to disable this warning.
[2021-12-08 18:32:25,956] {logging_mixin.py:109} INFO - [2021-12-08 18:32:25,956] {dag.py:2928} INFO - Setting next_dagrun for example_nested_branch_dag to 2021-12-07 00:00:00+00:00
[2021-12-08 18:32:26,167] {processor.py:171} INFO - Processing /usr/local/lib/python3.8/dist-packages/airflow/example_dags/example_nested_branch_dag.py took 0.258 seconds
[2021-12-08 18:33:22,911] {processor.py:163} INFO - Started process (PID=657) to work on /usr/local/lib/python3.8/dist-packages/airflow/example_dags/example_nested_branch_dag.py
[2021-12-08 18:33:22,939] {processor.py:625} INFO - Processing file /usr/local/lib/python3.8/dist-packages/airflow/example_dags/example_nested_branch_dag.py for tasks to queue
[2021-12-08 18:33:22,939] {logging_mixin.py:109} INFO - [2021-12-08 18:33:22,939] {dagbag.py:500} INFO - Filling up the DagBag from /usr/local/lib/python3.8/dist-packages/airflow/example_dags/example_nested_branch_dag.py
[2021-12-08 18:33:22,959] {processor.py:637} INFO - DAG(s) dict_keys(['example_nested_branch_dag']) retrieved from /usr/local/lib/python3.8/dist-packages/airflow/example_dags/example_nested_branch_dag.py
[2021-12-08 18:33:22,963] {logging_mixin.py:109} WARNING - /usr/local/lib/python3.8/dist-packages/airflow/models/serialized_dag.py:120 SAWarning: TypeDecorator UtcDateTime(timezone=True) will not produce a cache key because the ``cache_ok`` flag is not set to True.  Set this flag to True if this type object's state is safe to use in a cache key, or False to disable this warning.
[2021-12-08 18:33:22,969] {logging_mixin.py:109} INFO - [2021-12-08 18:33:22,969] {dag.py:2396} INFO - Sync 1 DAGs
[2021-12-08 18:33:22,977] {logging_mixin.py:109} WARNING - /usr/local/lib/python3.8/dist-packages/airflow/models/dag.py:2433 SAWarning: TypeDecorator UtcDateTime(timezone=True) will not produce a cache key because the ``cache_ok`` flag is not set to True.  Set this flag to True if this type object's state is safe to use in a cache key, or False to disable this warning.
[2021-12-08 18:33:22,984] {logging_mixin.py:109} INFO - [2021-12-08 18:33:22,984] {dag.py:2928} INFO - Setting next_dagrun for example_nested_branch_dag to 2021-12-07 00:00:00+00:00
[2021-12-08 18:33:23,160] {processor.py:171} INFO - Processing /usr/local/lib/python3.8/dist-packages/airflow/example_dags/example_nested_branch_dag.py took 0.251 seconds
[2021-12-08 18:34:13,305] {processor.py:163} INFO - Started process (PID=695) to work on /usr/local/lib/python3.8/dist-packages/airflow/example_dags/example_nested_branch_dag.py
[2021-12-08 18:34:13,329] {processor.py:625} INFO - Processing file /usr/local/lib/python3.8/dist-packages/airflow/example_dags/example_nested_branch_dag.py for tasks to queue
[2021-12-08 18:34:13,330] {logging_mixin.py:109} INFO - [2021-12-08 18:34:13,330] {dagbag.py:500} INFO - Filling up the DagBag from /usr/local/lib/python3.8/dist-packages/airflow/example_dags/example_nested_branch_dag.py
[2021-12-08 18:34:13,347] {processor.py:637} INFO - DAG(s) dict_keys(['example_nested_branch_dag']) retrieved from /usr/local/lib/python3.8/dist-packages/airflow/example_dags/example_nested_branch_dag.py
[2021-12-08 18:34:13,351] {logging_mixin.py:109} WARNING - /usr/local/lib/python3.8/dist-packages/airflow/models/serialized_dag.py:120 SAWarning: TypeDecorator UtcDateTime(timezone=True) will not produce a cache key because the ``cache_ok`` flag is not set to True.  Set this flag to True if this type object's state is safe to use in a cache key, or False to disable this warning.
[2021-12-08 18:34:13,357] {logging_mixin.py:109} INFO - [2021-12-08 18:34:13,357] {dag.py:2396} INFO - Sync 1 DAGs
[2021-12-08 18:34:13,365] {logging_mixin.py:109} WARNING - /usr/local/lib/python3.8/dist-packages/airflow/models/dag.py:2433 SAWarning: TypeDecorator UtcDateTime(timezone=True) will not produce a cache key because the ``cache_ok`` flag is not set to True.  Set this flag to True if this type object's state is safe to use in a cache key, or False to disable this warning.
[2021-12-08 18:34:13,372] {logging_mixin.py:109} INFO - [2021-12-08 18:34:13,372] {dag.py:2928} INFO - Setting next_dagrun for example_nested_branch_dag to 2021-12-07 00:00:00+00:00
[2021-12-08 18:34:13,563] {processor.py:171} INFO - Processing /usr/local/lib/python3.8/dist-packages/airflow/example_dags/example_nested_branch_dag.py took 0.261 seconds
[2021-12-08 18:35:11,898] {processor.py:163} INFO - Started process (PID=738) to work on /usr/local/lib/python3.8/dist-packages/airflow/example_dags/example_nested_branch_dag.py
[2021-12-08 18:35:11,899] {processor.py:625} INFO - Processing file /usr/local/lib/python3.8/dist-packages/airflow/example_dags/example_nested_branch_dag.py for tasks to queue
[2021-12-08 18:35:11,899] {logging_mixin.py:109} INFO - [2021-12-08 18:35:11,899] {dagbag.py:500} INFO - Filling up the DagBag from /usr/local/lib/python3.8/dist-packages/airflow/example_dags/example_nested_branch_dag.py
[2021-12-08 18:35:11,918] {processor.py:637} INFO - DAG(s) dict_keys(['example_nested_branch_dag']) retrieved from /usr/local/lib/python3.8/dist-packages/airflow/example_dags/example_nested_branch_dag.py
[2021-12-08 18:35:11,921] {logging_mixin.py:109} WARNING - /usr/local/lib/python3.8/dist-packages/airflow/models/serialized_dag.py:120 SAWarning: TypeDecorator UtcDateTime(timezone=True) will not produce a cache key because the ``cache_ok`` flag is not set to True.  Set this flag to True if this type object's state is safe to use in a cache key, or False to disable this warning.
[2021-12-08 18:35:11,928] {logging_mixin.py:109} INFO - [2021-12-08 18:35:11,928] {dag.py:2396} INFO - Sync 1 DAGs
[2021-12-08 18:35:11,936] {logging_mixin.py:109} WARNING - /usr/local/lib/python3.8/dist-packages/airflow/models/dag.py:2433 SAWarning: TypeDecorator UtcDateTime(timezone=True) will not produce a cache key because the ``cache_ok`` flag is not set to True.  Set this flag to True if this type object's state is safe to use in a cache key, or False to disable this warning.
[2021-12-08 18:35:11,945] {logging_mixin.py:109} INFO - [2021-12-08 18:35:11,945] {dag.py:2928} INFO - Setting next_dagrun for example_nested_branch_dag to 2021-12-07 00:00:00+00:00
[2021-12-08 18:35:12,098] {processor.py:171} INFO - Processing /usr/local/lib/python3.8/dist-packages/airflow/example_dags/example_nested_branch_dag.py took 0.203 seconds
