[2021-12-08 18:23:11,522] {processor.py:163} INFO - Started process (PID=206) to work on /usr/local/lib/python3.8/dist-packages/airflow/example_dags/example_time_delta_sensor_async.py
[2021-12-08 18:23:11,523] {processor.py:625} INFO - Processing file /usr/local/lib/python3.8/dist-packages/airflow/example_dags/example_time_delta_sensor_async.py for tasks to queue
[2021-12-08 18:23:11,523] {logging_mixin.py:109} INFO - [2021-12-08 18:23:11,523] {dagbag.py:500} INFO - Filling up the DagBag from /usr/local/lib/python3.8/dist-packages/airflow/example_dags/example_time_delta_sensor_async.py
[2021-12-08 18:23:11,575] {processor.py:637} INFO - DAG(s) dict_keys(['example_time_delta_sensor_async']) retrieved from /usr/local/lib/python3.8/dist-packages/airflow/example_dags/example_time_delta_sensor_async.py
[2021-12-08 18:23:11,578] {logging_mixin.py:109} WARNING - /usr/local/lib/python3.8/dist-packages/airflow/models/serialized_dag.py:120 SAWarning: TypeDecorator UtcDateTime(timezone=True) will not produce a cache key because the ``cache_ok`` flag is not set to True.  Set this flag to True if this type object's state is safe to use in a cache key, or False to disable this warning.
[2021-12-08 18:23:11,584] {logging_mixin.py:109} INFO - [2021-12-08 18:23:11,584] {dag.py:2396} INFO - Sync 1 DAGs
[2021-12-08 18:23:11,592] {logging_mixin.py:109} WARNING - /usr/local/lib/python3.8/dist-packages/airflow/models/dag.py:2433 SAWarning: TypeDecorator UtcDateTime(timezone=True) will not produce a cache key because the ``cache_ok`` flag is not set to True.  Set this flag to True if this type object's state is safe to use in a cache key, or False to disable this warning.
[2021-12-08 18:23:11,597] {logging_mixin.py:109} INFO - [2021-12-08 18:23:11,597] {dag.py:2928} INFO - Setting next_dagrun for example_time_delta_sensor_async to None
[2021-12-08 18:23:11,752] {processor.py:171} INFO - Processing /usr/local/lib/python3.8/dist-packages/airflow/example_dags/example_time_delta_sensor_async.py took 0.232 seconds
[2021-12-08 18:24:01,318] {processor.py:163} INFO - Started process (PID=242) to work on /usr/local/lib/python3.8/dist-packages/airflow/example_dags/example_time_delta_sensor_async.py
[2021-12-08 18:24:01,367] {processor.py:625} INFO - Processing file /usr/local/lib/python3.8/dist-packages/airflow/example_dags/example_time_delta_sensor_async.py for tasks to queue
[2021-12-08 18:24:01,368] {logging_mixin.py:109} INFO - [2021-12-08 18:24:01,368] {dagbag.py:500} INFO - Filling up the DagBag from /usr/local/lib/python3.8/dist-packages/airflow/example_dags/example_time_delta_sensor_async.py
[2021-12-08 18:24:01,393] {processor.py:637} INFO - DAG(s) dict_keys(['example_time_delta_sensor_async']) retrieved from /usr/local/lib/python3.8/dist-packages/airflow/example_dags/example_time_delta_sensor_async.py
[2021-12-08 18:24:01,398] {logging_mixin.py:109} WARNING - /usr/local/lib/python3.8/dist-packages/airflow/models/serialized_dag.py:120 SAWarning: TypeDecorator UtcDateTime(timezone=True) will not produce a cache key because the ``cache_ok`` flag is not set to True.  Set this flag to True if this type object's state is safe to use in a cache key, or False to disable this warning.
[2021-12-08 18:24:01,408] {logging_mixin.py:109} INFO - [2021-12-08 18:24:01,408] {dag.py:2396} INFO - Sync 1 DAGs
[2021-12-08 18:24:01,417] {logging_mixin.py:109} WARNING - /usr/local/lib/python3.8/dist-packages/airflow/models/dag.py:2433 SAWarning: TypeDecorator UtcDateTime(timezone=True) will not produce a cache key because the ``cache_ok`` flag is not set to True.  Set this flag to True if this type object's state is safe to use in a cache key, or False to disable this warning.
[2021-12-08 18:24:01,423] {logging_mixin.py:109} INFO - [2021-12-08 18:24:01,422] {dag.py:2928} INFO - Setting next_dagrun for example_time_delta_sensor_async to None
[2021-12-08 18:24:01,585] {processor.py:171} INFO - Processing /usr/local/lib/python3.8/dist-packages/airflow/example_dags/example_time_delta_sensor_async.py took 0.269 seconds
[2021-12-08 18:24:58,351] {processor.py:163} INFO - Started process (PID=284) to work on /usr/local/lib/python3.8/dist-packages/airflow/example_dags/example_time_delta_sensor_async.py
[2021-12-08 18:24:58,369] {processor.py:625} INFO - Processing file /usr/local/lib/python3.8/dist-packages/airflow/example_dags/example_time_delta_sensor_async.py for tasks to queue
[2021-12-08 18:24:58,369] {logging_mixin.py:109} INFO - [2021-12-08 18:24:58,369] {dagbag.py:500} INFO - Filling up the DagBag from /usr/local/lib/python3.8/dist-packages/airflow/example_dags/example_time_delta_sensor_async.py
[2021-12-08 18:24:58,388] {processor.py:637} INFO - DAG(s) dict_keys(['example_time_delta_sensor_async']) retrieved from /usr/local/lib/python3.8/dist-packages/airflow/example_dags/example_time_delta_sensor_async.py
[2021-12-08 18:24:58,392] {logging_mixin.py:109} WARNING - /usr/local/lib/python3.8/dist-packages/airflow/models/serialized_dag.py:120 SAWarning: TypeDecorator UtcDateTime(timezone=True) will not produce a cache key because the ``cache_ok`` flag is not set to True.  Set this flag to True if this type object's state is safe to use in a cache key, or False to disable this warning.
[2021-12-08 18:24:58,398] {logging_mixin.py:109} INFO - [2021-12-08 18:24:58,397] {dag.py:2396} INFO - Sync 1 DAGs
[2021-12-08 18:24:58,406] {logging_mixin.py:109} WARNING - /usr/local/lib/python3.8/dist-packages/airflow/models/dag.py:2433 SAWarning: TypeDecorator UtcDateTime(timezone=True) will not produce a cache key because the ``cache_ok`` flag is not set to True.  Set this flag to True if this type object's state is safe to use in a cache key, or False to disable this warning.
[2021-12-08 18:24:58,412] {logging_mixin.py:109} INFO - [2021-12-08 18:24:58,412] {dag.py:2928} INFO - Setting next_dagrun for example_time_delta_sensor_async to None
[2021-12-08 18:24:58,565] {processor.py:171} INFO - Processing /usr/local/lib/python3.8/dist-packages/airflow/example_dags/example_time_delta_sensor_async.py took 0.216 seconds
[2021-12-08 18:25:56,717] {processor.py:163} INFO - Started process (PID=327) to work on /usr/local/lib/python3.8/dist-packages/airflow/example_dags/example_time_delta_sensor_async.py
[2021-12-08 18:25:56,748] {processor.py:625} INFO - Processing file /usr/local/lib/python3.8/dist-packages/airflow/example_dags/example_time_delta_sensor_async.py for tasks to queue
[2021-12-08 18:25:56,749] {logging_mixin.py:109} INFO - [2021-12-08 18:25:56,749] {dagbag.py:500} INFO - Filling up the DagBag from /usr/local/lib/python3.8/dist-packages/airflow/example_dags/example_time_delta_sensor_async.py
[2021-12-08 18:25:56,771] {processor.py:637} INFO - DAG(s) dict_keys(['example_time_delta_sensor_async']) retrieved from /usr/local/lib/python3.8/dist-packages/airflow/example_dags/example_time_delta_sensor_async.py
[2021-12-08 18:25:56,774] {logging_mixin.py:109} WARNING - /usr/local/lib/python3.8/dist-packages/airflow/models/serialized_dag.py:120 SAWarning: TypeDecorator UtcDateTime(timezone=True) will not produce a cache key because the ``cache_ok`` flag is not set to True.  Set this flag to True if this type object's state is safe to use in a cache key, or False to disable this warning.
[2021-12-08 18:25:56,780] {logging_mixin.py:109} INFO - [2021-12-08 18:25:56,780] {dag.py:2396} INFO - Sync 1 DAGs
[2021-12-08 18:25:56,809] {logging_mixin.py:109} WARNING - /usr/local/lib/python3.8/dist-packages/airflow/models/dag.py:2433 SAWarning: TypeDecorator UtcDateTime(timezone=True) will not produce a cache key because the ``cache_ok`` flag is not set to True.  Set this flag to True if this type object's state is safe to use in a cache key, or False to disable this warning.
[2021-12-08 18:25:56,823] {logging_mixin.py:109} INFO - [2021-12-08 18:25:56,823] {dag.py:2928} INFO - Setting next_dagrun for example_time_delta_sensor_async to None
[2021-12-08 18:25:57,004] {processor.py:171} INFO - Processing /usr/local/lib/python3.8/dist-packages/airflow/example_dags/example_time_delta_sensor_async.py took 0.290 seconds
[2021-12-08 18:26:54,133] {processor.py:163} INFO - Started process (PID=370) to work on /usr/local/lib/python3.8/dist-packages/airflow/example_dags/example_time_delta_sensor_async.py
[2021-12-08 18:26:54,141] {processor.py:625} INFO - Processing file /usr/local/lib/python3.8/dist-packages/airflow/example_dags/example_time_delta_sensor_async.py for tasks to queue
[2021-12-08 18:26:54,142] {logging_mixin.py:109} INFO - [2021-12-08 18:26:54,142] {dagbag.py:500} INFO - Filling up the DagBag from /usr/local/lib/python3.8/dist-packages/airflow/example_dags/example_time_delta_sensor_async.py
[2021-12-08 18:26:54,158] {processor.py:637} INFO - DAG(s) dict_keys(['example_time_delta_sensor_async']) retrieved from /usr/local/lib/python3.8/dist-packages/airflow/example_dags/example_time_delta_sensor_async.py
[2021-12-08 18:26:54,162] {logging_mixin.py:109} WARNING - /usr/local/lib/python3.8/dist-packages/airflow/models/serialized_dag.py:120 SAWarning: TypeDecorator UtcDateTime(timezone=True) will not produce a cache key because the ``cache_ok`` flag is not set to True.  Set this flag to True if this type object's state is safe to use in a cache key, or False to disable this warning.
[2021-12-08 18:26:54,168] {logging_mixin.py:109} INFO - [2021-12-08 18:26:54,168] {dag.py:2396} INFO - Sync 1 DAGs
[2021-12-08 18:26:54,176] {logging_mixin.py:109} WARNING - /usr/local/lib/python3.8/dist-packages/airflow/models/dag.py:2433 SAWarning: TypeDecorator UtcDateTime(timezone=True) will not produce a cache key because the ``cache_ok`` flag is not set to True.  Set this flag to True if this type object's state is safe to use in a cache key, or False to disable this warning.
[2021-12-08 18:26:54,182] {logging_mixin.py:109} INFO - [2021-12-08 18:26:54,182] {dag.py:2928} INFO - Setting next_dagrun for example_time_delta_sensor_async to None
[2021-12-08 18:26:54,392] {processor.py:171} INFO - Processing /usr/local/lib/python3.8/dist-packages/airflow/example_dags/example_time_delta_sensor_async.py took 0.262 seconds
[2021-12-08 18:27:53,356] {processor.py:163} INFO - Started process (PID=412) to work on /usr/local/lib/python3.8/dist-packages/airflow/example_dags/example_time_delta_sensor_async.py
[2021-12-08 18:27:53,374] {processor.py:625} INFO - Processing file /usr/local/lib/python3.8/dist-packages/airflow/example_dags/example_time_delta_sensor_async.py for tasks to queue
[2021-12-08 18:27:53,375] {logging_mixin.py:109} INFO - [2021-12-08 18:27:53,375] {dagbag.py:500} INFO - Filling up the DagBag from /usr/local/lib/python3.8/dist-packages/airflow/example_dags/example_time_delta_sensor_async.py
[2021-12-08 18:27:53,392] {processor.py:637} INFO - DAG(s) dict_keys(['example_time_delta_sensor_async']) retrieved from /usr/local/lib/python3.8/dist-packages/airflow/example_dags/example_time_delta_sensor_async.py
[2021-12-08 18:27:53,396] {logging_mixin.py:109} WARNING - /usr/local/lib/python3.8/dist-packages/airflow/models/serialized_dag.py:120 SAWarning: TypeDecorator UtcDateTime(timezone=True) will not produce a cache key because the ``cache_ok`` flag is not set to True.  Set this flag to True if this type object's state is safe to use in a cache key, or False to disable this warning.
[2021-12-08 18:27:53,402] {logging_mixin.py:109} INFO - [2021-12-08 18:27:53,402] {dag.py:2396} INFO - Sync 1 DAGs
[2021-12-08 18:27:53,410] {logging_mixin.py:109} WARNING - /usr/local/lib/python3.8/dist-packages/airflow/models/dag.py:2433 SAWarning: TypeDecorator UtcDateTime(timezone=True) will not produce a cache key because the ``cache_ok`` flag is not set to True.  Set this flag to True if this type object's state is safe to use in a cache key, or False to disable this warning.
[2021-12-08 18:27:53,416] {logging_mixin.py:109} INFO - [2021-12-08 18:27:53,416] {dag.py:2928} INFO - Setting next_dagrun for example_time_delta_sensor_async to None
[2021-12-08 18:27:53,579] {processor.py:171} INFO - Processing /usr/local/lib/python3.8/dist-packages/airflow/example_dags/example_time_delta_sensor_async.py took 0.226 seconds
[2021-12-08 18:28:49,296] {processor.py:163} INFO - Started process (PID=454) to work on /usr/local/lib/python3.8/dist-packages/airflow/example_dags/example_time_delta_sensor_async.py
[2021-12-08 18:28:49,325] {processor.py:625} INFO - Processing file /usr/local/lib/python3.8/dist-packages/airflow/example_dags/example_time_delta_sensor_async.py for tasks to queue
[2021-12-08 18:28:49,326] {logging_mixin.py:109} INFO - [2021-12-08 18:28:49,326] {dagbag.py:500} INFO - Filling up the DagBag from /usr/local/lib/python3.8/dist-packages/airflow/example_dags/example_time_delta_sensor_async.py
[2021-12-08 18:28:49,350] {processor.py:637} INFO - DAG(s) dict_keys(['example_time_delta_sensor_async']) retrieved from /usr/local/lib/python3.8/dist-packages/airflow/example_dags/example_time_delta_sensor_async.py
[2021-12-08 18:28:49,354] {logging_mixin.py:109} WARNING - /usr/local/lib/python3.8/dist-packages/airflow/models/serialized_dag.py:120 SAWarning: TypeDecorator UtcDateTime(timezone=True) will not produce a cache key because the ``cache_ok`` flag is not set to True.  Set this flag to True if this type object's state is safe to use in a cache key, or False to disable this warning.
[2021-12-08 18:28:49,360] {logging_mixin.py:109} INFO - [2021-12-08 18:28:49,360] {dag.py:2396} INFO - Sync 1 DAGs
[2021-12-08 18:28:49,368] {logging_mixin.py:109} WARNING - /usr/local/lib/python3.8/dist-packages/airflow/models/dag.py:2433 SAWarning: TypeDecorator UtcDateTime(timezone=True) will not produce a cache key because the ``cache_ok`` flag is not set to True.  Set this flag to True if this type object's state is safe to use in a cache key, or False to disable this warning.
[2021-12-08 18:28:49,374] {logging_mixin.py:109} INFO - [2021-12-08 18:28:49,374] {dag.py:2928} INFO - Setting next_dagrun for example_time_delta_sensor_async to None
[2021-12-08 18:28:49,535] {processor.py:171} INFO - Processing /usr/local/lib/python3.8/dist-packages/airflow/example_dags/example_time_delta_sensor_async.py took 0.242 seconds
[2021-12-08 18:29:49,220] {processor.py:163} INFO - Started process (PID=497) to work on /usr/local/lib/python3.8/dist-packages/airflow/example_dags/example_time_delta_sensor_async.py
[2021-12-08 18:29:49,235] {processor.py:625} INFO - Processing file /usr/local/lib/python3.8/dist-packages/airflow/example_dags/example_time_delta_sensor_async.py for tasks to queue
[2021-12-08 18:29:49,236] {logging_mixin.py:109} INFO - [2021-12-08 18:29:49,236] {dagbag.py:500} INFO - Filling up the DagBag from /usr/local/lib/python3.8/dist-packages/airflow/example_dags/example_time_delta_sensor_async.py
[2021-12-08 18:29:49,253] {processor.py:637} INFO - DAG(s) dict_keys(['example_time_delta_sensor_async']) retrieved from /usr/local/lib/python3.8/dist-packages/airflow/example_dags/example_time_delta_sensor_async.py
[2021-12-08 18:29:49,256] {logging_mixin.py:109} WARNING - /usr/local/lib/python3.8/dist-packages/airflow/models/serialized_dag.py:120 SAWarning: TypeDecorator UtcDateTime(timezone=True) will not produce a cache key because the ``cache_ok`` flag is not set to True.  Set this flag to True if this type object's state is safe to use in a cache key, or False to disable this warning.
[2021-12-08 18:29:49,262] {logging_mixin.py:109} INFO - [2021-12-08 18:29:49,262] {dag.py:2396} INFO - Sync 1 DAGs
[2021-12-08 18:29:49,270] {logging_mixin.py:109} WARNING - /usr/local/lib/python3.8/dist-packages/airflow/models/dag.py:2433 SAWarning: TypeDecorator UtcDateTime(timezone=True) will not produce a cache key because the ``cache_ok`` flag is not set to True.  Set this flag to True if this type object's state is safe to use in a cache key, or False to disable this warning.
[2021-12-08 18:29:49,276] {logging_mixin.py:109} INFO - [2021-12-08 18:29:49,276] {dag.py:2928} INFO - Setting next_dagrun for example_time_delta_sensor_async to None
[2021-12-08 18:29:49,421] {processor.py:171} INFO - Processing /usr/local/lib/python3.8/dist-packages/airflow/example_dags/example_time_delta_sensor_async.py took 0.203 seconds
[2021-12-08 18:30:44,192] {processor.py:163} INFO - Started process (PID=538) to work on /usr/local/lib/python3.8/dist-packages/airflow/example_dags/example_time_delta_sensor_async.py
[2021-12-08 18:30:44,224] {processor.py:625} INFO - Processing file /usr/local/lib/python3.8/dist-packages/airflow/example_dags/example_time_delta_sensor_async.py for tasks to queue
[2021-12-08 18:30:44,225] {logging_mixin.py:109} INFO - [2021-12-08 18:30:44,225] {dagbag.py:500} INFO - Filling up the DagBag from /usr/local/lib/python3.8/dist-packages/airflow/example_dags/example_time_delta_sensor_async.py
[2021-12-08 18:30:44,251] {processor.py:637} INFO - DAG(s) dict_keys(['example_time_delta_sensor_async']) retrieved from /usr/local/lib/python3.8/dist-packages/airflow/example_dags/example_time_delta_sensor_async.py
[2021-12-08 18:30:44,255] {logging_mixin.py:109} WARNING - /usr/local/lib/python3.8/dist-packages/airflow/models/serialized_dag.py:120 SAWarning: TypeDecorator UtcDateTime(timezone=True) will not produce a cache key because the ``cache_ok`` flag is not set to True.  Set this flag to True if this type object's state is safe to use in a cache key, or False to disable this warning.
[2021-12-08 18:30:44,261] {logging_mixin.py:109} INFO - [2021-12-08 18:30:44,261] {dag.py:2396} INFO - Sync 1 DAGs
[2021-12-08 18:30:44,269] {logging_mixin.py:109} WARNING - /usr/local/lib/python3.8/dist-packages/airflow/models/dag.py:2433 SAWarning: TypeDecorator UtcDateTime(timezone=True) will not produce a cache key because the ``cache_ok`` flag is not set to True.  Set this flag to True if this type object's state is safe to use in a cache key, or False to disable this warning.
[2021-12-08 18:30:44,275] {logging_mixin.py:109} INFO - [2021-12-08 18:30:44,274] {dag.py:2928} INFO - Setting next_dagrun for example_time_delta_sensor_async to None
[2021-12-08 18:30:44,531] {processor.py:171} INFO - Processing /usr/local/lib/python3.8/dist-packages/airflow/example_dags/example_time_delta_sensor_async.py took 0.341 seconds
[2021-12-08 18:31:38,592] {processor.py:163} INFO - Started process (PID=579) to work on /usr/local/lib/python3.8/dist-packages/airflow/example_dags/example_time_delta_sensor_async.py
[2021-12-08 18:31:38,618] {processor.py:625} INFO - Processing file /usr/local/lib/python3.8/dist-packages/airflow/example_dags/example_time_delta_sensor_async.py for tasks to queue
[2021-12-08 18:31:38,618] {logging_mixin.py:109} INFO - [2021-12-08 18:31:38,618] {dagbag.py:500} INFO - Filling up the DagBag from /usr/local/lib/python3.8/dist-packages/airflow/example_dags/example_time_delta_sensor_async.py
[2021-12-08 18:31:38,637] {processor.py:637} INFO - DAG(s) dict_keys(['example_time_delta_sensor_async']) retrieved from /usr/local/lib/python3.8/dist-packages/airflow/example_dags/example_time_delta_sensor_async.py
[2021-12-08 18:31:38,642] {logging_mixin.py:109} WARNING - /usr/local/lib/python3.8/dist-packages/airflow/models/serialized_dag.py:120 SAWarning: TypeDecorator UtcDateTime(timezone=True) will not produce a cache key because the ``cache_ok`` flag is not set to True.  Set this flag to True if this type object's state is safe to use in a cache key, or False to disable this warning.
[2021-12-08 18:31:38,648] {logging_mixin.py:109} INFO - [2021-12-08 18:31:38,648] {dag.py:2396} INFO - Sync 1 DAGs
[2021-12-08 18:31:38,657] {logging_mixin.py:109} WARNING - /usr/local/lib/python3.8/dist-packages/airflow/models/dag.py:2433 SAWarning: TypeDecorator UtcDateTime(timezone=True) will not produce a cache key because the ``cache_ok`` flag is not set to True.  Set this flag to True if this type object's state is safe to use in a cache key, or False to disable this warning.
[2021-12-08 18:31:38,663] {logging_mixin.py:109} INFO - [2021-12-08 18:31:38,663] {dag.py:2928} INFO - Setting next_dagrun for example_time_delta_sensor_async to None
[2021-12-08 18:31:38,825] {processor.py:171} INFO - Processing /usr/local/lib/python3.8/dist-packages/airflow/example_dags/example_time_delta_sensor_async.py took 0.237 seconds
[2021-12-08 18:32:36,665] {processor.py:163} INFO - Started process (PID=622) to work on /usr/local/lib/python3.8/dist-packages/airflow/example_dags/example_time_delta_sensor_async.py
[2021-12-08 18:32:36,743] {processor.py:625} INFO - Processing file /usr/local/lib/python3.8/dist-packages/airflow/example_dags/example_time_delta_sensor_async.py for tasks to queue
[2021-12-08 18:32:36,745] {logging_mixin.py:109} INFO - [2021-12-08 18:32:36,745] {dagbag.py:500} INFO - Filling up the DagBag from /usr/local/lib/python3.8/dist-packages/airflow/example_dags/example_time_delta_sensor_async.py
[2021-12-08 18:32:36,763] {processor.py:637} INFO - DAG(s) dict_keys(['example_time_delta_sensor_async']) retrieved from /usr/local/lib/python3.8/dist-packages/airflow/example_dags/example_time_delta_sensor_async.py
[2021-12-08 18:32:36,766] {logging_mixin.py:109} WARNING - /usr/local/lib/python3.8/dist-packages/airflow/models/serialized_dag.py:120 SAWarning: TypeDecorator UtcDateTime(timezone=True) will not produce a cache key because the ``cache_ok`` flag is not set to True.  Set this flag to True if this type object's state is safe to use in a cache key, or False to disable this warning.
[2021-12-08 18:32:36,772] {logging_mixin.py:109} INFO - [2021-12-08 18:32:36,772] {dag.py:2396} INFO - Sync 1 DAGs
[2021-12-08 18:32:36,780] {logging_mixin.py:109} WARNING - /usr/local/lib/python3.8/dist-packages/airflow/models/dag.py:2433 SAWarning: TypeDecorator UtcDateTime(timezone=True) will not produce a cache key because the ``cache_ok`` flag is not set to True.  Set this flag to True if this type object's state is safe to use in a cache key, or False to disable this warning.
[2021-12-08 18:32:36,786] {logging_mixin.py:109} INFO - [2021-12-08 18:32:36,786] {dag.py:2928} INFO - Setting next_dagrun for example_time_delta_sensor_async to None
[2021-12-08 18:32:36,968] {processor.py:171} INFO - Processing /usr/local/lib/python3.8/dist-packages/airflow/example_dags/example_time_delta_sensor_async.py took 0.305 seconds
[2021-12-08 18:33:32,010] {processor.py:163} INFO - Started process (PID=664) to work on /usr/local/lib/python3.8/dist-packages/airflow/example_dags/example_time_delta_sensor_async.py
[2021-12-08 18:33:32,041] {processor.py:625} INFO - Processing file /usr/local/lib/python3.8/dist-packages/airflow/example_dags/example_time_delta_sensor_async.py for tasks to queue
[2021-12-08 18:33:32,041] {logging_mixin.py:109} INFO - [2021-12-08 18:33:32,041] {dagbag.py:500} INFO - Filling up the DagBag from /usr/local/lib/python3.8/dist-packages/airflow/example_dags/example_time_delta_sensor_async.py
[2021-12-08 18:33:32,063] {processor.py:637} INFO - DAG(s) dict_keys(['example_time_delta_sensor_async']) retrieved from /usr/local/lib/python3.8/dist-packages/airflow/example_dags/example_time_delta_sensor_async.py
[2021-12-08 18:33:32,066] {logging_mixin.py:109} WARNING - /usr/local/lib/python3.8/dist-packages/airflow/models/serialized_dag.py:120 SAWarning: TypeDecorator UtcDateTime(timezone=True) will not produce a cache key because the ``cache_ok`` flag is not set to True.  Set this flag to True if this type object's state is safe to use in a cache key, or False to disable this warning.
[2021-12-08 18:33:32,072] {logging_mixin.py:109} INFO - [2021-12-08 18:33:32,072] {dag.py:2396} INFO - Sync 1 DAGs
[2021-12-08 18:33:32,080] {logging_mixin.py:109} WARNING - /usr/local/lib/python3.8/dist-packages/airflow/models/dag.py:2433 SAWarning: TypeDecorator UtcDateTime(timezone=True) will not produce a cache key because the ``cache_ok`` flag is not set to True.  Set this flag to True if this type object's state is safe to use in a cache key, or False to disable this warning.
[2021-12-08 18:33:32,086] {logging_mixin.py:109} INFO - [2021-12-08 18:33:32,086] {dag.py:2928} INFO - Setting next_dagrun for example_time_delta_sensor_async to None
[2021-12-08 18:33:32,228] {processor.py:171} INFO - Processing /usr/local/lib/python3.8/dist-packages/airflow/example_dags/example_time_delta_sensor_async.py took 0.220 seconds
[2021-12-08 18:34:24,200] {processor.py:163} INFO - Started process (PID=703) to work on /usr/local/lib/python3.8/dist-packages/airflow/example_dags/example_time_delta_sensor_async.py
[2021-12-08 18:34:24,241] {processor.py:625} INFO - Processing file /usr/local/lib/python3.8/dist-packages/airflow/example_dags/example_time_delta_sensor_async.py for tasks to queue
[2021-12-08 18:34:24,242] {logging_mixin.py:109} INFO - [2021-12-08 18:34:24,242] {dagbag.py:500} INFO - Filling up the DagBag from /usr/local/lib/python3.8/dist-packages/airflow/example_dags/example_time_delta_sensor_async.py
[2021-12-08 18:34:24,266] {processor.py:637} INFO - DAG(s) dict_keys(['example_time_delta_sensor_async']) retrieved from /usr/local/lib/python3.8/dist-packages/airflow/example_dags/example_time_delta_sensor_async.py
[2021-12-08 18:34:24,270] {logging_mixin.py:109} WARNING - /usr/local/lib/python3.8/dist-packages/airflow/models/serialized_dag.py:120 SAWarning: TypeDecorator UtcDateTime(timezone=True) will not produce a cache key because the ``cache_ok`` flag is not set to True.  Set this flag to True if this type object's state is safe to use in a cache key, or False to disable this warning.
[2021-12-08 18:34:24,277] {logging_mixin.py:109} INFO - [2021-12-08 18:34:24,276] {dag.py:2396} INFO - Sync 1 DAGs
[2021-12-08 18:34:24,285] {logging_mixin.py:109} WARNING - /usr/local/lib/python3.8/dist-packages/airflow/models/dag.py:2433 SAWarning: TypeDecorator UtcDateTime(timezone=True) will not produce a cache key because the ``cache_ok`` flag is not set to True.  Set this flag to True if this type object's state is safe to use in a cache key, or False to disable this warning.
[2021-12-08 18:34:24,290] {logging_mixin.py:109} INFO - [2021-12-08 18:34:24,290] {dag.py:2928} INFO - Setting next_dagrun for example_time_delta_sensor_async to None
[2021-12-08 18:34:24,450] {processor.py:171} INFO - Processing /usr/local/lib/python3.8/dist-packages/airflow/example_dags/example_time_delta_sensor_async.py took 0.252 seconds
[2021-12-08 18:35:13,039] {processor.py:163} INFO - Started process (PID=739) to work on /usr/local/lib/python3.8/dist-packages/airflow/example_dags/example_time_delta_sensor_async.py
[2021-12-08 18:35:13,066] {processor.py:625} INFO - Processing file /usr/local/lib/python3.8/dist-packages/airflow/example_dags/example_time_delta_sensor_async.py for tasks to queue
[2021-12-08 18:35:13,067] {logging_mixin.py:109} INFO - [2021-12-08 18:35:13,067] {dagbag.py:500} INFO - Filling up the DagBag from /usr/local/lib/python3.8/dist-packages/airflow/example_dags/example_time_delta_sensor_async.py
[2021-12-08 18:35:13,087] {processor.py:637} INFO - DAG(s) dict_keys(['example_time_delta_sensor_async']) retrieved from /usr/local/lib/python3.8/dist-packages/airflow/example_dags/example_time_delta_sensor_async.py
[2021-12-08 18:35:13,090] {logging_mixin.py:109} WARNING - /usr/local/lib/python3.8/dist-packages/airflow/models/serialized_dag.py:120 SAWarning: TypeDecorator UtcDateTime(timezone=True) will not produce a cache key because the ``cache_ok`` flag is not set to True.  Set this flag to True if this type object's state is safe to use in a cache key, or False to disable this warning.
[2021-12-08 18:35:13,096] {logging_mixin.py:109} INFO - [2021-12-08 18:35:13,096] {dag.py:2396} INFO - Sync 1 DAGs
[2021-12-08 18:35:13,104] {logging_mixin.py:109} WARNING - /usr/local/lib/python3.8/dist-packages/airflow/models/dag.py:2433 SAWarning: TypeDecorator UtcDateTime(timezone=True) will not produce a cache key because the ``cache_ok`` flag is not set to True.  Set this flag to True if this type object's state is safe to use in a cache key, or False to disable this warning.
[2021-12-08 18:35:13,110] {logging_mixin.py:109} INFO - [2021-12-08 18:35:13,110] {dag.py:2928} INFO - Setting next_dagrun for example_time_delta_sensor_async to None
[2021-12-08 18:35:13,309] {processor.py:171} INFO - Processing /usr/local/lib/python3.8/dist-packages/airflow/example_dags/example_time_delta_sensor_async.py took 0.272 seconds
