[2021-12-08 18:22:53,809] {processor.py:163} INFO - Started process (PID=193) to work on /usr/local/lib/python3.8/dist-packages/airflow/example_dags/example_complex.py
[2021-12-08 18:22:53,809] {processor.py:625} INFO - Processing file /usr/local/lib/python3.8/dist-packages/airflow/example_dags/example_complex.py for tasks to queue
[2021-12-08 18:22:53,809] {logging_mixin.py:109} INFO - [2021-12-08 18:22:53,809] {dagbag.py:500} INFO - Filling up the DagBag from /usr/local/lib/python3.8/dist-packages/airflow/example_dags/example_complex.py
[2021-12-08 18:22:53,831] {processor.py:637} INFO - DAG(s) dict_keys(['example_complex']) retrieved from /usr/local/lib/python3.8/dist-packages/airflow/example_dags/example_complex.py
[2021-12-08 18:22:53,834] {logging_mixin.py:109} WARNING - /usr/local/lib/python3.8/dist-packages/airflow/models/serialized_dag.py:120 SAWarning: TypeDecorator UtcDateTime(timezone=True) will not produce a cache key because the ``cache_ok`` flag is not set to True.  Set this flag to True if this type object's state is safe to use in a cache key, or False to disable this warning.
[2021-12-08 18:22:53,844] {logging_mixin.py:109} INFO - [2021-12-08 18:22:53,844] {dag.py:2396} INFO - Sync 1 DAGs
[2021-12-08 18:22:53,853] {logging_mixin.py:109} WARNING - /usr/local/lib/python3.8/dist-packages/airflow/models/dag.py:2433 SAWarning: TypeDecorator UtcDateTime(timezone=True) will not produce a cache key because the ``cache_ok`` flag is not set to True.  Set this flag to True if this type object's state is safe to use in a cache key, or False to disable this warning.
[2021-12-08 18:22:53,859] {logging_mixin.py:109} INFO - [2021-12-08 18:22:53,858] {dag.py:2928} INFO - Setting next_dagrun for example_complex to None
[2021-12-08 18:22:54,018] {processor.py:171} INFO - Processing /usr/local/lib/python3.8/dist-packages/airflow/example_dags/example_complex.py took 0.212 seconds
[2021-12-08 18:23:42,223] {processor.py:163} INFO - Started process (PID=228) to work on /usr/local/lib/python3.8/dist-packages/airflow/example_dags/example_complex.py
[2021-12-08 18:23:42,230] {processor.py:625} INFO - Processing file /usr/local/lib/python3.8/dist-packages/airflow/example_dags/example_complex.py for tasks to queue
[2021-12-08 18:23:42,231] {logging_mixin.py:109} INFO - [2021-12-08 18:23:42,231] {dagbag.py:500} INFO - Filling up the DagBag from /usr/local/lib/python3.8/dist-packages/airflow/example_dags/example_complex.py
[2021-12-08 18:23:42,254] {processor.py:637} INFO - DAG(s) dict_keys(['example_complex']) retrieved from /usr/local/lib/python3.8/dist-packages/airflow/example_dags/example_complex.py
[2021-12-08 18:23:42,257] {logging_mixin.py:109} WARNING - /usr/local/lib/python3.8/dist-packages/airflow/models/serialized_dag.py:120 SAWarning: TypeDecorator UtcDateTime(timezone=True) will not produce a cache key because the ``cache_ok`` flag is not set to True.  Set this flag to True if this type object's state is safe to use in a cache key, or False to disable this warning.
[2021-12-08 18:23:42,268] {logging_mixin.py:109} INFO - [2021-12-08 18:23:42,268] {dag.py:2396} INFO - Sync 1 DAGs
[2021-12-08 18:23:42,276] {logging_mixin.py:109} WARNING - /usr/local/lib/python3.8/dist-packages/airflow/models/dag.py:2433 SAWarning: TypeDecorator UtcDateTime(timezone=True) will not produce a cache key because the ``cache_ok`` flag is not set to True.  Set this flag to True if this type object's state is safe to use in a cache key, or False to disable this warning.
[2021-12-08 18:23:42,281] {logging_mixin.py:109} INFO - [2021-12-08 18:23:42,281] {dag.py:2928} INFO - Setting next_dagrun for example_complex to None
[2021-12-08 18:23:42,430] {processor.py:171} INFO - Processing /usr/local/lib/python3.8/dist-packages/airflow/example_dags/example_complex.py took 0.210 seconds
[2021-12-08 18:24:32,083] {processor.py:163} INFO - Started process (PID=265) to work on /usr/local/lib/python3.8/dist-packages/airflow/example_dags/example_complex.py
[2021-12-08 18:24:32,093] {processor.py:625} INFO - Processing file /usr/local/lib/python3.8/dist-packages/airflow/example_dags/example_complex.py for tasks to queue
[2021-12-08 18:24:32,093] {logging_mixin.py:109} INFO - [2021-12-08 18:24:32,093] {dagbag.py:500} INFO - Filling up the DagBag from /usr/local/lib/python3.8/dist-packages/airflow/example_dags/example_complex.py
[2021-12-08 18:24:32,116] {processor.py:637} INFO - DAG(s) dict_keys(['example_complex']) retrieved from /usr/local/lib/python3.8/dist-packages/airflow/example_dags/example_complex.py
[2021-12-08 18:24:32,120] {logging_mixin.py:109} WARNING - /usr/local/lib/python3.8/dist-packages/airflow/models/serialized_dag.py:120 SAWarning: TypeDecorator UtcDateTime(timezone=True) will not produce a cache key because the ``cache_ok`` flag is not set to True.  Set this flag to True if this type object's state is safe to use in a cache key, or False to disable this warning.
[2021-12-08 18:24:32,129] {logging_mixin.py:109} INFO - [2021-12-08 18:24:32,129] {dag.py:2396} INFO - Sync 1 DAGs
[2021-12-08 18:24:32,137] {logging_mixin.py:109} WARNING - /usr/local/lib/python3.8/dist-packages/airflow/models/dag.py:2433 SAWarning: TypeDecorator UtcDateTime(timezone=True) will not produce a cache key because the ``cache_ok`` flag is not set to True.  Set this flag to True if this type object's state is safe to use in a cache key, or False to disable this warning.
[2021-12-08 18:24:32,142] {logging_mixin.py:109} INFO - [2021-12-08 18:24:32,142] {dag.py:2928} INFO - Setting next_dagrun for example_complex to None
[2021-12-08 18:24:32,307] {processor.py:171} INFO - Processing /usr/local/lib/python3.8/dist-packages/airflow/example_dags/example_complex.py took 0.227 seconds
[2021-12-08 18:25:11,007] {processor.py:163} INFO - Started process (PID=293) to work on /usr/local/lib/python3.8/dist-packages/airflow/example_dags/example_complex.py
[2021-12-08 18:25:11,013] {processor.py:625} INFO - Processing file /usr/local/lib/python3.8/dist-packages/airflow/example_dags/example_complex.py for tasks to queue
[2021-12-08 18:25:11,014] {logging_mixin.py:109} INFO - [2021-12-08 18:25:11,014] {dagbag.py:500} INFO - Filling up the DagBag from /usr/local/lib/python3.8/dist-packages/airflow/example_dags/example_complex.py
[2021-12-08 18:25:11,037] {processor.py:637} INFO - DAG(s) dict_keys(['example_complex']) retrieved from /usr/local/lib/python3.8/dist-packages/airflow/example_dags/example_complex.py
[2021-12-08 18:25:11,040] {logging_mixin.py:109} WARNING - /usr/local/lib/python3.8/dist-packages/airflow/models/serialized_dag.py:120 SAWarning: TypeDecorator UtcDateTime(timezone=True) will not produce a cache key because the ``cache_ok`` flag is not set to True.  Set this flag to True if this type object's state is safe to use in a cache key, or False to disable this warning.
[2021-12-08 18:25:11,049] {logging_mixin.py:109} INFO - [2021-12-08 18:25:11,049] {dag.py:2396} INFO - Sync 1 DAGs
[2021-12-08 18:25:11,057] {logging_mixin.py:109} WARNING - /usr/local/lib/python3.8/dist-packages/airflow/models/dag.py:2433 SAWarning: TypeDecorator UtcDateTime(timezone=True) will not produce a cache key because the ``cache_ok`` flag is not set to True.  Set this flag to True if this type object's state is safe to use in a cache key, or False to disable this warning.
[2021-12-08 18:25:11,063] {logging_mixin.py:109} INFO - [2021-12-08 18:25:11,063] {dag.py:2928} INFO - Setting next_dagrun for example_complex to None
[2021-12-08 18:25:11,205] {processor.py:171} INFO - Processing /usr/local/lib/python3.8/dist-packages/airflow/example_dags/example_complex.py took 0.201 seconds
[2021-12-08 18:25:49,897] {processor.py:163} INFO - Started process (PID=322) to work on /usr/local/lib/python3.8/dist-packages/airflow/example_dags/example_complex.py
[2021-12-08 18:25:49,907] {processor.py:625} INFO - Processing file /usr/local/lib/python3.8/dist-packages/airflow/example_dags/example_complex.py for tasks to queue
[2021-12-08 18:25:49,908] {logging_mixin.py:109} INFO - [2021-12-08 18:25:49,908] {dagbag.py:500} INFO - Filling up the DagBag from /usr/local/lib/python3.8/dist-packages/airflow/example_dags/example_complex.py
[2021-12-08 18:25:49,942] {processor.py:637} INFO - DAG(s) dict_keys(['example_complex']) retrieved from /usr/local/lib/python3.8/dist-packages/airflow/example_dags/example_complex.py
[2021-12-08 18:25:49,945] {logging_mixin.py:109} WARNING - /usr/local/lib/python3.8/dist-packages/airflow/models/serialized_dag.py:120 SAWarning: TypeDecorator UtcDateTime(timezone=True) will not produce a cache key because the ``cache_ok`` flag is not set to True.  Set this flag to True if this type object's state is safe to use in a cache key, or False to disable this warning.
[2021-12-08 18:25:49,954] {logging_mixin.py:109} INFO - [2021-12-08 18:25:49,954] {dag.py:2396} INFO - Sync 1 DAGs
[2021-12-08 18:25:49,963] {logging_mixin.py:109} WARNING - /usr/local/lib/python3.8/dist-packages/airflow/models/dag.py:2433 SAWarning: TypeDecorator UtcDateTime(timezone=True) will not produce a cache key because the ``cache_ok`` flag is not set to True.  Set this flag to True if this type object's state is safe to use in a cache key, or False to disable this warning.
[2021-12-08 18:25:49,971] {logging_mixin.py:109} INFO - [2021-12-08 18:25:49,971] {dag.py:2928} INFO - Setting next_dagrun for example_complex to None
[2021-12-08 18:25:50,122] {processor.py:171} INFO - Processing /usr/local/lib/python3.8/dist-packages/airflow/example_dags/example_complex.py took 0.232 seconds
[2021-12-08 18:26:28,793] {processor.py:163} INFO - Started process (PID=351) to work on /usr/local/lib/python3.8/dist-packages/airflow/example_dags/example_complex.py
[2021-12-08 18:26:28,827] {processor.py:625} INFO - Processing file /usr/local/lib/python3.8/dist-packages/airflow/example_dags/example_complex.py for tasks to queue
[2021-12-08 18:26:28,828] {logging_mixin.py:109} INFO - [2021-12-08 18:26:28,828] {dagbag.py:500} INFO - Filling up the DagBag from /usr/local/lib/python3.8/dist-packages/airflow/example_dags/example_complex.py
[2021-12-08 18:26:28,860] {processor.py:637} INFO - DAG(s) dict_keys(['example_complex']) retrieved from /usr/local/lib/python3.8/dist-packages/airflow/example_dags/example_complex.py
[2021-12-08 18:26:28,864] {logging_mixin.py:109} WARNING - /usr/local/lib/python3.8/dist-packages/airflow/models/serialized_dag.py:120 SAWarning: TypeDecorator UtcDateTime(timezone=True) will not produce a cache key because the ``cache_ok`` flag is not set to True.  Set this flag to True if this type object's state is safe to use in a cache key, or False to disable this warning.
[2021-12-08 18:26:28,877] {logging_mixin.py:109} INFO - [2021-12-08 18:26:28,877] {dag.py:2396} INFO - Sync 1 DAGs
[2021-12-08 18:26:28,887] {logging_mixin.py:109} WARNING - /usr/local/lib/python3.8/dist-packages/airflow/models/dag.py:2433 SAWarning: TypeDecorator UtcDateTime(timezone=True) will not produce a cache key because the ``cache_ok`` flag is not set to True.  Set this flag to True if this type object's state is safe to use in a cache key, or False to disable this warning.
[2021-12-08 18:26:28,896] {logging_mixin.py:109} INFO - [2021-12-08 18:26:28,896] {dag.py:2928} INFO - Setting next_dagrun for example_complex to None
[2021-12-08 18:26:29,047] {processor.py:171} INFO - Processing /usr/local/lib/python3.8/dist-packages/airflow/example_dags/example_complex.py took 0.259 seconds
[2021-12-08 18:27:06,755] {processor.py:163} INFO - Started process (PID=379) to work on /usr/local/lib/python3.8/dist-packages/airflow/example_dags/example_complex.py
[2021-12-08 18:27:06,787] {processor.py:625} INFO - Processing file /usr/local/lib/python3.8/dist-packages/airflow/example_dags/example_complex.py for tasks to queue
[2021-12-08 18:27:06,788] {logging_mixin.py:109} INFO - [2021-12-08 18:27:06,788] {dagbag.py:500} INFO - Filling up the DagBag from /usr/local/lib/python3.8/dist-packages/airflow/example_dags/example_complex.py
[2021-12-08 18:27:06,811] {processor.py:637} INFO - DAG(s) dict_keys(['example_complex']) retrieved from /usr/local/lib/python3.8/dist-packages/airflow/example_dags/example_complex.py
[2021-12-08 18:27:06,815] {logging_mixin.py:109} WARNING - /usr/local/lib/python3.8/dist-packages/airflow/models/serialized_dag.py:120 SAWarning: TypeDecorator UtcDateTime(timezone=True) will not produce a cache key because the ``cache_ok`` flag is not set to True.  Set this flag to True if this type object's state is safe to use in a cache key, or False to disable this warning.
[2021-12-08 18:27:06,826] {logging_mixin.py:109} INFO - [2021-12-08 18:27:06,826] {dag.py:2396} INFO - Sync 1 DAGs
[2021-12-08 18:27:06,835] {logging_mixin.py:109} WARNING - /usr/local/lib/python3.8/dist-packages/airflow/models/dag.py:2433 SAWarning: TypeDecorator UtcDateTime(timezone=True) will not produce a cache key because the ``cache_ok`` flag is not set to True.  Set this flag to True if this type object's state is safe to use in a cache key, or False to disable this warning.
[2021-12-08 18:27:06,841] {logging_mixin.py:109} INFO - [2021-12-08 18:27:06,841] {dag.py:2928} INFO - Setting next_dagrun for example_complex to None
[2021-12-08 18:27:07,069] {processor.py:171} INFO - Processing /usr/local/lib/python3.8/dist-packages/airflow/example_dags/example_complex.py took 0.316 seconds
[2021-12-08 18:27:47,874] {processor.py:163} INFO - Started process (PID=408) to work on /usr/local/lib/python3.8/dist-packages/airflow/example_dags/example_complex.py
[2021-12-08 18:27:47,886] {processor.py:625} INFO - Processing file /usr/local/lib/python3.8/dist-packages/airflow/example_dags/example_complex.py for tasks to queue
[2021-12-08 18:27:47,886] {logging_mixin.py:109} INFO - [2021-12-08 18:27:47,886] {dagbag.py:500} INFO - Filling up the DagBag from /usr/local/lib/python3.8/dist-packages/airflow/example_dags/example_complex.py
[2021-12-08 18:27:47,912] {processor.py:637} INFO - DAG(s) dict_keys(['example_complex']) retrieved from /usr/local/lib/python3.8/dist-packages/airflow/example_dags/example_complex.py
[2021-12-08 18:27:47,916] {logging_mixin.py:109} WARNING - /usr/local/lib/python3.8/dist-packages/airflow/models/serialized_dag.py:120 SAWarning: TypeDecorator UtcDateTime(timezone=True) will not produce a cache key because the ``cache_ok`` flag is not set to True.  Set this flag to True if this type object's state is safe to use in a cache key, or False to disable this warning.
[2021-12-08 18:27:47,925] {logging_mixin.py:109} INFO - [2021-12-08 18:27:47,925] {dag.py:2396} INFO - Sync 1 DAGs
[2021-12-08 18:27:47,933] {logging_mixin.py:109} WARNING - /usr/local/lib/python3.8/dist-packages/airflow/models/dag.py:2433 SAWarning: TypeDecorator UtcDateTime(timezone=True) will not produce a cache key because the ``cache_ok`` flag is not set to True.  Set this flag to True if this type object's state is safe to use in a cache key, or False to disable this warning.
[2021-12-08 18:27:47,939] {logging_mixin.py:109} INFO - [2021-12-08 18:27:47,939] {dag.py:2928} INFO - Setting next_dagrun for example_complex to None
[2021-12-08 18:27:48,104] {processor.py:171} INFO - Processing /usr/local/lib/python3.8/dist-packages/airflow/example_dags/example_complex.py took 0.238 seconds
[2021-12-08 18:28:28,932] {processor.py:163} INFO - Started process (PID=438) to work on /usr/local/lib/python3.8/dist-packages/airflow/example_dags/example_complex.py
[2021-12-08 18:28:28,942] {processor.py:625} INFO - Processing file /usr/local/lib/python3.8/dist-packages/airflow/example_dags/example_complex.py for tasks to queue
[2021-12-08 18:28:28,943] {logging_mixin.py:109} INFO - [2021-12-08 18:28:28,942] {dagbag.py:500} INFO - Filling up the DagBag from /usr/local/lib/python3.8/dist-packages/airflow/example_dags/example_complex.py
[2021-12-08 18:28:28,965] {processor.py:637} INFO - DAG(s) dict_keys(['example_complex']) retrieved from /usr/local/lib/python3.8/dist-packages/airflow/example_dags/example_complex.py
[2021-12-08 18:28:28,968] {logging_mixin.py:109} WARNING - /usr/local/lib/python3.8/dist-packages/airflow/models/serialized_dag.py:120 SAWarning: TypeDecorator UtcDateTime(timezone=True) will not produce a cache key because the ``cache_ok`` flag is not set to True.  Set this flag to True if this type object's state is safe to use in a cache key, or False to disable this warning.
[2021-12-08 18:28:28,978] {logging_mixin.py:109} INFO - [2021-12-08 18:28:28,977] {dag.py:2396} INFO - Sync 1 DAGs
[2021-12-08 18:28:28,986] {logging_mixin.py:109} WARNING - /usr/local/lib/python3.8/dist-packages/airflow/models/dag.py:2433 SAWarning: TypeDecorator UtcDateTime(timezone=True) will not produce a cache key because the ``cache_ok`` flag is not set to True.  Set this flag to True if this type object's state is safe to use in a cache key, or False to disable this warning.
[2021-12-08 18:28:28,991] {logging_mixin.py:109} INFO - [2021-12-08 18:28:28,991] {dag.py:2928} INFO - Setting next_dagrun for example_complex to None
[2021-12-08 18:28:29,139] {processor.py:171} INFO - Processing /usr/local/lib/python3.8/dist-packages/airflow/example_dags/example_complex.py took 0.210 seconds
[2021-12-08 18:29:24,175] {processor.py:163} INFO - Started process (PID=479) to work on /usr/local/lib/python3.8/dist-packages/airflow/example_dags/example_complex.py
[2021-12-08 18:29:24,199] {processor.py:625} INFO - Processing file /usr/local/lib/python3.8/dist-packages/airflow/example_dags/example_complex.py for tasks to queue
[2021-12-08 18:29:24,200] {logging_mixin.py:109} INFO - [2021-12-08 18:29:24,200] {dagbag.py:500} INFO - Filling up the DagBag from /usr/local/lib/python3.8/dist-packages/airflow/example_dags/example_complex.py
[2021-12-08 18:29:24,226] {processor.py:637} INFO - DAG(s) dict_keys(['example_complex']) retrieved from /usr/local/lib/python3.8/dist-packages/airflow/example_dags/example_complex.py
[2021-12-08 18:29:24,229] {logging_mixin.py:109} WARNING - /usr/local/lib/python3.8/dist-packages/airflow/models/serialized_dag.py:120 SAWarning: TypeDecorator UtcDateTime(timezone=True) will not produce a cache key because the ``cache_ok`` flag is not set to True.  Set this flag to True if this type object's state is safe to use in a cache key, or False to disable this warning.
[2021-12-08 18:29:24,238] {logging_mixin.py:109} INFO - [2021-12-08 18:29:24,238] {dag.py:2396} INFO - Sync 1 DAGs
[2021-12-08 18:29:24,246] {logging_mixin.py:109} WARNING - /usr/local/lib/python3.8/dist-packages/airflow/models/dag.py:2433 SAWarning: TypeDecorator UtcDateTime(timezone=True) will not produce a cache key because the ``cache_ok`` flag is not set to True.  Set this flag to True if this type object's state is safe to use in a cache key, or False to disable this warning.
[2021-12-08 18:29:24,252] {logging_mixin.py:109} INFO - [2021-12-08 18:29:24,252] {dag.py:2928} INFO - Setting next_dagrun for example_complex to None
[2021-12-08 18:29:24,401] {processor.py:171} INFO - Processing /usr/local/lib/python3.8/dist-packages/airflow/example_dags/example_complex.py took 0.228 seconds
[2021-12-08 18:30:04,803] {processor.py:163} INFO - Started process (PID=509) to work on /usr/local/lib/python3.8/dist-packages/airflow/example_dags/example_complex.py
[2021-12-08 18:30:04,834] {processor.py:625} INFO - Processing file /usr/local/lib/python3.8/dist-packages/airflow/example_dags/example_complex.py for tasks to queue
[2021-12-08 18:30:04,835] {logging_mixin.py:109} INFO - [2021-12-08 18:30:04,835] {dagbag.py:500} INFO - Filling up the DagBag from /usr/local/lib/python3.8/dist-packages/airflow/example_dags/example_complex.py
[2021-12-08 18:30:04,860] {processor.py:637} INFO - DAG(s) dict_keys(['example_complex']) retrieved from /usr/local/lib/python3.8/dist-packages/airflow/example_dags/example_complex.py
[2021-12-08 18:30:04,863] {logging_mixin.py:109} WARNING - /usr/local/lib/python3.8/dist-packages/airflow/models/serialized_dag.py:120 SAWarning: TypeDecorator UtcDateTime(timezone=True) will not produce a cache key because the ``cache_ok`` flag is not set to True.  Set this flag to True if this type object's state is safe to use in a cache key, or False to disable this warning.
[2021-12-08 18:30:04,873] {logging_mixin.py:109} INFO - [2021-12-08 18:30:04,872] {dag.py:2396} INFO - Sync 1 DAGs
[2021-12-08 18:30:04,880] {logging_mixin.py:109} WARNING - /usr/local/lib/python3.8/dist-packages/airflow/models/dag.py:2433 SAWarning: TypeDecorator UtcDateTime(timezone=True) will not produce a cache key because the ``cache_ok`` flag is not set to True.  Set this flag to True if this type object's state is safe to use in a cache key, or False to disable this warning.
[2021-12-08 18:30:04,886] {logging_mixin.py:109} INFO - [2021-12-08 18:30:04,886] {dag.py:2928} INFO - Setting next_dagrun for example_complex to None
[2021-12-08 18:30:05,043] {processor.py:171} INFO - Processing /usr/local/lib/python3.8/dist-packages/airflow/example_dags/example_complex.py took 0.242 seconds
[2021-12-08 18:31:00,483] {processor.py:163} INFO - Started process (PID=550) to work on /usr/local/lib/python3.8/dist-packages/airflow/example_dags/example_complex.py
[2021-12-08 18:31:00,502] {processor.py:625} INFO - Processing file /usr/local/lib/python3.8/dist-packages/airflow/example_dags/example_complex.py for tasks to queue
[2021-12-08 18:31:00,503] {logging_mixin.py:109} INFO - [2021-12-08 18:31:00,503] {dagbag.py:500} INFO - Filling up the DagBag from /usr/local/lib/python3.8/dist-packages/airflow/example_dags/example_complex.py
[2021-12-08 18:31:00,528] {processor.py:637} INFO - DAG(s) dict_keys(['example_complex']) retrieved from /usr/local/lib/python3.8/dist-packages/airflow/example_dags/example_complex.py
[2021-12-08 18:31:00,531] {logging_mixin.py:109} WARNING - /usr/local/lib/python3.8/dist-packages/airflow/models/serialized_dag.py:120 SAWarning: TypeDecorator UtcDateTime(timezone=True) will not produce a cache key because the ``cache_ok`` flag is not set to True.  Set this flag to True if this type object's state is safe to use in a cache key, or False to disable this warning.
[2021-12-08 18:31:00,541] {logging_mixin.py:109} INFO - [2021-12-08 18:31:00,541] {dag.py:2396} INFO - Sync 1 DAGs
[2021-12-08 18:31:00,549] {logging_mixin.py:109} WARNING - /usr/local/lib/python3.8/dist-packages/airflow/models/dag.py:2433 SAWarning: TypeDecorator UtcDateTime(timezone=True) will not produce a cache key because the ``cache_ok`` flag is not set to True.  Set this flag to True if this type object's state is safe to use in a cache key, or False to disable this warning.
[2021-12-08 18:31:00,554] {logging_mixin.py:109} INFO - [2021-12-08 18:31:00,554] {dag.py:2928} INFO - Setting next_dagrun for example_complex to None
[2021-12-08 18:31:00,711] {processor.py:171} INFO - Processing /usr/local/lib/python3.8/dist-packages/airflow/example_dags/example_complex.py took 0.230 seconds
[2021-12-08 18:31:55,413] {processor.py:163} INFO - Started process (PID=591) to work on /usr/local/lib/python3.8/dist-packages/airflow/example_dags/example_complex.py
[2021-12-08 18:31:55,414] {processor.py:625} INFO - Processing file /usr/local/lib/python3.8/dist-packages/airflow/example_dags/example_complex.py for tasks to queue
[2021-12-08 18:31:55,414] {logging_mixin.py:109} INFO - [2021-12-08 18:31:55,414] {dagbag.py:500} INFO - Filling up the DagBag from /usr/local/lib/python3.8/dist-packages/airflow/example_dags/example_complex.py
[2021-12-08 18:31:55,437] {processor.py:637} INFO - DAG(s) dict_keys(['example_complex']) retrieved from /usr/local/lib/python3.8/dist-packages/airflow/example_dags/example_complex.py
[2021-12-08 18:31:55,441] {logging_mixin.py:109} WARNING - /usr/local/lib/python3.8/dist-packages/airflow/models/serialized_dag.py:120 SAWarning: TypeDecorator UtcDateTime(timezone=True) will not produce a cache key because the ``cache_ok`` flag is not set to True.  Set this flag to True if this type object's state is safe to use in a cache key, or False to disable this warning.
[2021-12-08 18:31:55,450] {logging_mixin.py:109} INFO - [2021-12-08 18:31:55,450] {dag.py:2396} INFO - Sync 1 DAGs
[2021-12-08 18:31:55,458] {logging_mixin.py:109} WARNING - /usr/local/lib/python3.8/dist-packages/airflow/models/dag.py:2433 SAWarning: TypeDecorator UtcDateTime(timezone=True) will not produce a cache key because the ``cache_ok`` flag is not set to True.  Set this flag to True if this type object's state is safe to use in a cache key, or False to disable this warning.
[2021-12-08 18:31:55,464] {logging_mixin.py:109} INFO - [2021-12-08 18:31:55,464] {dag.py:2928} INFO - Setting next_dagrun for example_complex to None
[2021-12-08 18:31:55,658] {processor.py:171} INFO - Processing /usr/local/lib/python3.8/dist-packages/airflow/example_dags/example_complex.py took 0.248 seconds
[2021-12-08 18:32:34,162] {processor.py:163} INFO - Started process (PID=620) to work on /usr/local/lib/python3.8/dist-packages/airflow/example_dags/example_complex.py
[2021-12-08 18:32:34,194] {processor.py:625} INFO - Processing file /usr/local/lib/python3.8/dist-packages/airflow/example_dags/example_complex.py for tasks to queue
[2021-12-08 18:32:34,195] {logging_mixin.py:109} INFO - [2021-12-08 18:32:34,195] {dagbag.py:500} INFO - Filling up the DagBag from /usr/local/lib/python3.8/dist-packages/airflow/example_dags/example_complex.py
[2021-12-08 18:32:34,221] {processor.py:637} INFO - DAG(s) dict_keys(['example_complex']) retrieved from /usr/local/lib/python3.8/dist-packages/airflow/example_dags/example_complex.py
[2021-12-08 18:32:34,225] {logging_mixin.py:109} WARNING - /usr/local/lib/python3.8/dist-packages/airflow/models/serialized_dag.py:120 SAWarning: TypeDecorator UtcDateTime(timezone=True) will not produce a cache key because the ``cache_ok`` flag is not set to True.  Set this flag to True if this type object's state is safe to use in a cache key, or False to disable this warning.
[2021-12-08 18:32:34,234] {logging_mixin.py:109} INFO - [2021-12-08 18:32:34,234] {dag.py:2396} INFO - Sync 1 DAGs
[2021-12-08 18:32:34,242] {logging_mixin.py:109} WARNING - /usr/local/lib/python3.8/dist-packages/airflow/models/dag.py:2433 SAWarning: TypeDecorator UtcDateTime(timezone=True) will not produce a cache key because the ``cache_ok`` flag is not set to True.  Set this flag to True if this type object's state is safe to use in a cache key, or False to disable this warning.
[2021-12-08 18:32:34,247] {logging_mixin.py:109} INFO - [2021-12-08 18:32:34,247] {dag.py:2928} INFO - Setting next_dagrun for example_complex to None
[2021-12-08 18:32:34,416] {processor.py:171} INFO - Processing /usr/local/lib/python3.8/dist-packages/airflow/example_dags/example_complex.py took 0.257 seconds
[2021-12-08 18:33:12,704] {processor.py:163} INFO - Started process (PID=649) to work on /usr/local/lib/python3.8/dist-packages/airflow/example_dags/example_complex.py
[2021-12-08 18:33:12,706] {processor.py:625} INFO - Processing file /usr/local/lib/python3.8/dist-packages/airflow/example_dags/example_complex.py for tasks to queue
[2021-12-08 18:33:12,707] {logging_mixin.py:109} INFO - [2021-12-08 18:33:12,706] {dagbag.py:500} INFO - Filling up the DagBag from /usr/local/lib/python3.8/dist-packages/airflow/example_dags/example_complex.py
[2021-12-08 18:33:12,732] {processor.py:637} INFO - DAG(s) dict_keys(['example_complex']) retrieved from /usr/local/lib/python3.8/dist-packages/airflow/example_dags/example_complex.py
[2021-12-08 18:33:12,735] {logging_mixin.py:109} WARNING - /usr/local/lib/python3.8/dist-packages/airflow/models/serialized_dag.py:120 SAWarning: TypeDecorator UtcDateTime(timezone=True) will not produce a cache key because the ``cache_ok`` flag is not set to True.  Set this flag to True if this type object's state is safe to use in a cache key, or False to disable this warning.
[2021-12-08 18:33:12,744] {logging_mixin.py:109} INFO - [2021-12-08 18:33:12,744] {dag.py:2396} INFO - Sync 1 DAGs
[2021-12-08 18:33:12,752] {logging_mixin.py:109} WARNING - /usr/local/lib/python3.8/dist-packages/airflow/models/dag.py:2433 SAWarning: TypeDecorator UtcDateTime(timezone=True) will not produce a cache key because the ``cache_ok`` flag is not set to True.  Set this flag to True if this type object's state is safe to use in a cache key, or False to disable this warning.
[2021-12-08 18:33:12,758] {logging_mixin.py:109} INFO - [2021-12-08 18:33:12,758] {dag.py:2928} INFO - Setting next_dagrun for example_complex to None
[2021-12-08 18:33:12,909] {processor.py:171} INFO - Processing /usr/local/lib/python3.8/dist-packages/airflow/example_dags/example_complex.py took 0.211 seconds
[2021-12-08 18:34:02,563] {processor.py:163} INFO - Started process (PID=687) to work on /usr/local/lib/python3.8/dist-packages/airflow/example_dags/example_complex.py
[2021-12-08 18:34:02,573] {processor.py:625} INFO - Processing file /usr/local/lib/python3.8/dist-packages/airflow/example_dags/example_complex.py for tasks to queue
[2021-12-08 18:34:02,574] {logging_mixin.py:109} INFO - [2021-12-08 18:34:02,574] {dagbag.py:500} INFO - Filling up the DagBag from /usr/local/lib/python3.8/dist-packages/airflow/example_dags/example_complex.py
[2021-12-08 18:34:02,595] {processor.py:637} INFO - DAG(s) dict_keys(['example_complex']) retrieved from /usr/local/lib/python3.8/dist-packages/airflow/example_dags/example_complex.py
[2021-12-08 18:34:02,598] {logging_mixin.py:109} WARNING - /usr/local/lib/python3.8/dist-packages/airflow/models/serialized_dag.py:120 SAWarning: TypeDecorator UtcDateTime(timezone=True) will not produce a cache key because the ``cache_ok`` flag is not set to True.  Set this flag to True if this type object's state is safe to use in a cache key, or False to disable this warning.
[2021-12-08 18:34:02,608] {logging_mixin.py:109} INFO - [2021-12-08 18:34:02,607] {dag.py:2396} INFO - Sync 1 DAGs
[2021-12-08 18:34:02,615] {logging_mixin.py:109} WARNING - /usr/local/lib/python3.8/dist-packages/airflow/models/dag.py:2433 SAWarning: TypeDecorator UtcDateTime(timezone=True) will not produce a cache key because the ``cache_ok`` flag is not set to True.  Set this flag to True if this type object's state is safe to use in a cache key, or False to disable this warning.
[2021-12-08 18:34:02,621] {logging_mixin.py:109} INFO - [2021-12-08 18:34:02,621] {dag.py:2928} INFO - Setting next_dagrun for example_complex to None
[2021-12-08 18:34:02,843] {processor.py:171} INFO - Processing /usr/local/lib/python3.8/dist-packages/airflow/example_dags/example_complex.py took 0.283 seconds
[2021-12-08 18:34:39,549] {processor.py:163} INFO - Started process (PID=714) to work on /usr/local/lib/python3.8/dist-packages/airflow/example_dags/example_complex.py
[2021-12-08 18:34:39,550] {processor.py:625} INFO - Processing file /usr/local/lib/python3.8/dist-packages/airflow/example_dags/example_complex.py for tasks to queue
[2021-12-08 18:34:39,550] {logging_mixin.py:109} INFO - [2021-12-08 18:34:39,550] {dagbag.py:500} INFO - Filling up the DagBag from /usr/local/lib/python3.8/dist-packages/airflow/example_dags/example_complex.py
[2021-12-08 18:34:39,578] {processor.py:637} INFO - DAG(s) dict_keys(['example_complex']) retrieved from /usr/local/lib/python3.8/dist-packages/airflow/example_dags/example_complex.py
[2021-12-08 18:34:39,582] {logging_mixin.py:109} WARNING - /usr/local/lib/python3.8/dist-packages/airflow/models/serialized_dag.py:120 SAWarning: TypeDecorator UtcDateTime(timezone=True) will not produce a cache key because the ``cache_ok`` flag is not set to True.  Set this flag to True if this type object's state is safe to use in a cache key, or False to disable this warning.
[2021-12-08 18:34:39,592] {logging_mixin.py:109} INFO - [2021-12-08 18:34:39,591] {dag.py:2396} INFO - Sync 1 DAGs
[2021-12-08 18:34:39,600] {logging_mixin.py:109} WARNING - /usr/local/lib/python3.8/dist-packages/airflow/models/dag.py:2433 SAWarning: TypeDecorator UtcDateTime(timezone=True) will not produce a cache key because the ``cache_ok`` flag is not set to True.  Set this flag to True if this type object's state is safe to use in a cache key, or False to disable this warning.
[2021-12-08 18:34:39,606] {logging_mixin.py:109} INFO - [2021-12-08 18:34:39,606] {dag.py:2928} INFO - Setting next_dagrun for example_complex to None
[2021-12-08 18:34:39,810] {processor.py:171} INFO - Processing /usr/local/lib/python3.8/dist-packages/airflow/example_dags/example_complex.py took 0.264 seconds
