[2021-12-08 18:23:22,569] {processor.py:163} INFO - Started process (PID=214) to work on /usr/local/lib/python3.8/dist-packages/airflow/example_dags/example_subdag_operator.py
[2021-12-08 18:23:22,569] {processor.py:625} INFO - Processing file /usr/local/lib/python3.8/dist-packages/airflow/example_dags/example_subdag_operator.py for tasks to queue
[2021-12-08 18:23:22,570] {logging_mixin.py:109} INFO - [2021-12-08 18:23:22,570] {dagbag.py:500} INFO - Filling up the DagBag from /usr/local/lib/python3.8/dist-packages/airflow/example_dags/example_subdag_operator.py
[2021-12-08 18:23:22,607] {processor.py:637} INFO - DAG(s) dict_keys(['example_subdag_operator.section-1', 'example_subdag_operator.section-2', 'example_subdag_operator']) retrieved from /usr/local/lib/python3.8/dist-packages/airflow/example_dags/example_subdag_operator.py
[2021-12-08 18:23:22,611] {logging_mixin.py:109} WARNING - /usr/local/lib/python3.8/dist-packages/airflow/models/serialized_dag.py:120 SAWarning: TypeDecorator UtcDateTime(timezone=True) will not produce a cache key because the ``cache_ok`` flag is not set to True.  Set this flag to True if this type object's state is safe to use in a cache key, or False to disable this warning.
[2021-12-08 18:23:22,824] {logging_mixin.py:109} INFO - [2021-12-08 18:23:22,824] {dag.py:2396} INFO - Sync 3 DAGs
[2021-12-08 18:23:22,830] {logging_mixin.py:109} WARNING - /usr/local/lib/python3.8/dist-packages/airflow/models/dag.py:2433 SAWarning: TypeDecorator UtcDateTime(timezone=True) will not produce a cache key because the ``cache_ok`` flag is not set to True.  Set this flag to True if this type object's state is safe to use in a cache key, or False to disable this warning.
[2021-12-08 18:23:22,837] {logging_mixin.py:109} INFO - [2021-12-08 18:23:22,837] {dag.py:2928} INFO - Setting next_dagrun for example_subdag_operator to 2021-12-06T00:00:00+00:00
[2021-12-08 18:23:22,837] {logging_mixin.py:109} INFO - [2021-12-08 18:23:22,837] {dag.py:2928} INFO - Setting next_dagrun for example_subdag_operator.section-1 to None
[2021-12-08 18:23:22,837] {logging_mixin.py:109} INFO - [2021-12-08 18:23:22,837] {dag.py:2928} INFO - Setting next_dagrun for example_subdag_operator.section-2 to None
[2021-12-08 18:23:22,843] {logging_mixin.py:109} INFO - [2021-12-08 18:23:22,843] {dag.py:2396} INFO - Sync 2 DAGs
[2021-12-08 18:23:22,847] {logging_mixin.py:109} INFO - [2021-12-08 18:23:22,847] {dag.py:2928} INFO - Setting next_dagrun for example_subdag_operator.section-1 to None
[2021-12-08 18:23:22,847] {logging_mixin.py:109} INFO - [2021-12-08 18:23:22,847] {dag.py:2928} INFO - Setting next_dagrun for example_subdag_operator.section-2 to None
[2021-12-08 18:23:23,030] {processor.py:171} INFO - Processing /usr/local/lib/python3.8/dist-packages/airflow/example_dags/example_subdag_operator.py took 0.463 seconds
[2021-12-08 18:24:20,978] {processor.py:163} INFO - Started process (PID=257) to work on /usr/local/lib/python3.8/dist-packages/airflow/example_dags/example_subdag_operator.py
[2021-12-08 18:24:20,979] {processor.py:625} INFO - Processing file /usr/local/lib/python3.8/dist-packages/airflow/example_dags/example_subdag_operator.py for tasks to queue
[2021-12-08 18:24:20,979] {logging_mixin.py:109} INFO - [2021-12-08 18:24:20,979] {dagbag.py:500} INFO - Filling up the DagBag from /usr/local/lib/python3.8/dist-packages/airflow/example_dags/example_subdag_operator.py
[2021-12-08 18:24:21,002] {processor.py:637} INFO - DAG(s) dict_keys(['example_subdag_operator.section-1', 'example_subdag_operator.section-2', 'example_subdag_operator']) retrieved from /usr/local/lib/python3.8/dist-packages/airflow/example_dags/example_subdag_operator.py
[2021-12-08 18:24:21,005] {logging_mixin.py:109} WARNING - /usr/local/lib/python3.8/dist-packages/airflow/models/serialized_dag.py:120 SAWarning: TypeDecorator UtcDateTime(timezone=True) will not produce a cache key because the ``cache_ok`` flag is not set to True.  Set this flag to True if this type object's state is safe to use in a cache key, or False to disable this warning.
[2021-12-08 18:24:21,015] {logging_mixin.py:109} INFO - [2021-12-08 18:24:21,015] {dag.py:2396} INFO - Sync 3 DAGs
[2021-12-08 18:24:21,024] {logging_mixin.py:109} WARNING - /usr/local/lib/python3.8/dist-packages/airflow/models/dag.py:2433 SAWarning: TypeDecorator UtcDateTime(timezone=True) will not produce a cache key because the ``cache_ok`` flag is not set to True.  Set this flag to True if this type object's state is safe to use in a cache key, or False to disable this warning.
[2021-12-08 18:24:21,030] {logging_mixin.py:109} INFO - [2021-12-08 18:24:21,030] {dag.py:2928} INFO - Setting next_dagrun for example_subdag_operator to 2021-12-06T00:00:00+00:00
[2021-12-08 18:24:21,030] {logging_mixin.py:109} INFO - [2021-12-08 18:24:21,030] {dag.py:2928} INFO - Setting next_dagrun for example_subdag_operator.section-1 to None
[2021-12-08 18:24:21,030] {logging_mixin.py:109} INFO - [2021-12-08 18:24:21,030] {dag.py:2928} INFO - Setting next_dagrun for example_subdag_operator.section-2 to None
[2021-12-08 18:24:21,034] {logging_mixin.py:109} INFO - [2021-12-08 18:24:21,034] {dag.py:2396} INFO - Sync 2 DAGs
[2021-12-08 18:24:21,039] {logging_mixin.py:109} INFO - [2021-12-08 18:24:21,039] {dag.py:2928} INFO - Setting next_dagrun for example_subdag_operator.section-1 to None
[2021-12-08 18:24:21,039] {logging_mixin.py:109} INFO - [2021-12-08 18:24:21,039] {dag.py:2928} INFO - Setting next_dagrun for example_subdag_operator.section-2 to None
[2021-12-08 18:24:21,207] {processor.py:171} INFO - Processing /usr/local/lib/python3.8/dist-packages/airflow/example_dags/example_subdag_operator.py took 0.231 seconds
[2021-12-08 18:25:19,002] {processor.py:163} INFO - Started process (PID=299) to work on /usr/local/lib/python3.8/dist-packages/airflow/example_dags/example_subdag_operator.py
[2021-12-08 18:25:19,025] {processor.py:625} INFO - Processing file /usr/local/lib/python3.8/dist-packages/airflow/example_dags/example_subdag_operator.py for tasks to queue
[2021-12-08 18:25:19,025] {logging_mixin.py:109} INFO - [2021-12-08 18:25:19,025] {dagbag.py:500} INFO - Filling up the DagBag from /usr/local/lib/python3.8/dist-packages/airflow/example_dags/example_subdag_operator.py
[2021-12-08 18:25:19,051] {processor.py:637} INFO - DAG(s) dict_keys(['example_subdag_operator.section-1', 'example_subdag_operator.section-2', 'example_subdag_operator']) retrieved from /usr/local/lib/python3.8/dist-packages/airflow/example_dags/example_subdag_operator.py
[2021-12-08 18:25:19,054] {logging_mixin.py:109} WARNING - /usr/local/lib/python3.8/dist-packages/airflow/models/serialized_dag.py:120 SAWarning: TypeDecorator UtcDateTime(timezone=True) will not produce a cache key because the ``cache_ok`` flag is not set to True.  Set this flag to True if this type object's state is safe to use in a cache key, or False to disable this warning.
[2021-12-08 18:25:19,062] {logging_mixin.py:109} INFO - [2021-12-08 18:25:19,062] {dag.py:2396} INFO - Sync 3 DAGs
[2021-12-08 18:25:19,070] {logging_mixin.py:109} WARNING - /usr/local/lib/python3.8/dist-packages/airflow/models/dag.py:2433 SAWarning: TypeDecorator UtcDateTime(timezone=True) will not produce a cache key because the ``cache_ok`` flag is not set to True.  Set this flag to True if this type object's state is safe to use in a cache key, or False to disable this warning.
[2021-12-08 18:25:19,075] {logging_mixin.py:109} INFO - [2021-12-08 18:25:19,075] {dag.py:2928} INFO - Setting next_dagrun for example_subdag_operator to 2021-12-06T00:00:00+00:00
[2021-12-08 18:25:19,076] {logging_mixin.py:109} INFO - [2021-12-08 18:25:19,075] {dag.py:2928} INFO - Setting next_dagrun for example_subdag_operator.section-1 to None
[2021-12-08 18:25:19,076] {logging_mixin.py:109} INFO - [2021-12-08 18:25:19,076] {dag.py:2928} INFO - Setting next_dagrun for example_subdag_operator.section-2 to None
[2021-12-08 18:25:19,080] {logging_mixin.py:109} INFO - [2021-12-08 18:25:19,080] {dag.py:2396} INFO - Sync 2 DAGs
[2021-12-08 18:25:19,085] {logging_mixin.py:109} INFO - [2021-12-08 18:25:19,085] {dag.py:2928} INFO - Setting next_dagrun for example_subdag_operator.section-1 to None
[2021-12-08 18:25:19,085] {logging_mixin.py:109} INFO - [2021-12-08 18:25:19,085] {dag.py:2928} INFO - Setting next_dagrun for example_subdag_operator.section-2 to None
[2021-12-08 18:25:19,233] {processor.py:171} INFO - Processing /usr/local/lib/python3.8/dist-packages/airflow/example_dags/example_subdag_operator.py took 0.234 seconds
[2021-12-08 18:26:17,759] {processor.py:163} INFO - Started process (PID=342) to work on /usr/local/lib/python3.8/dist-packages/airflow/example_dags/example_subdag_operator.py
[2021-12-08 18:26:17,782] {processor.py:625} INFO - Processing file /usr/local/lib/python3.8/dist-packages/airflow/example_dags/example_subdag_operator.py for tasks to queue
[2021-12-08 18:26:17,783] {logging_mixin.py:109} INFO - [2021-12-08 18:26:17,783] {dagbag.py:500} INFO - Filling up the DagBag from /usr/local/lib/python3.8/dist-packages/airflow/example_dags/example_subdag_operator.py
[2021-12-08 18:26:17,813] {processor.py:637} INFO - DAG(s) dict_keys(['example_subdag_operator.section-1', 'example_subdag_operator.section-2', 'example_subdag_operator']) retrieved from /usr/local/lib/python3.8/dist-packages/airflow/example_dags/example_subdag_operator.py
[2021-12-08 18:26:17,816] {logging_mixin.py:109} WARNING - /usr/local/lib/python3.8/dist-packages/airflow/models/serialized_dag.py:120 SAWarning: TypeDecorator UtcDateTime(timezone=True) will not produce a cache key because the ``cache_ok`` flag is not set to True.  Set this flag to True if this type object's state is safe to use in a cache key, or False to disable this warning.
[2021-12-08 18:26:17,824] {logging_mixin.py:109} INFO - [2021-12-08 18:26:17,824] {dag.py:2396} INFO - Sync 3 DAGs
[2021-12-08 18:26:17,832] {logging_mixin.py:109} WARNING - /usr/local/lib/python3.8/dist-packages/airflow/models/dag.py:2433 SAWarning: TypeDecorator UtcDateTime(timezone=True) will not produce a cache key because the ``cache_ok`` flag is not set to True.  Set this flag to True if this type object's state is safe to use in a cache key, or False to disable this warning.
[2021-12-08 18:26:17,838] {logging_mixin.py:109} INFO - [2021-12-08 18:26:17,838] {dag.py:2928} INFO - Setting next_dagrun for example_subdag_operator to 2021-12-06T00:00:00+00:00
[2021-12-08 18:26:17,838] {logging_mixin.py:109} INFO - [2021-12-08 18:26:17,838] {dag.py:2928} INFO - Setting next_dagrun for example_subdag_operator.section-1 to None
[2021-12-08 18:26:17,838] {logging_mixin.py:109} INFO - [2021-12-08 18:26:17,838] {dag.py:2928} INFO - Setting next_dagrun for example_subdag_operator.section-2 to None
[2021-12-08 18:26:17,842] {logging_mixin.py:109} INFO - [2021-12-08 18:26:17,842] {dag.py:2396} INFO - Sync 2 DAGs
[2021-12-08 18:26:17,847] {logging_mixin.py:109} INFO - [2021-12-08 18:26:17,847] {dag.py:2928} INFO - Setting next_dagrun for example_subdag_operator.section-1 to None
[2021-12-08 18:26:17,847] {logging_mixin.py:109} INFO - [2021-12-08 18:26:17,847] {dag.py:2928} INFO - Setting next_dagrun for example_subdag_operator.section-2 to None
[2021-12-08 18:26:17,993] {processor.py:171} INFO - Processing /usr/local/lib/python3.8/dist-packages/airflow/example_dags/example_subdag_operator.py took 0.239 seconds
[2021-12-08 18:27:13,656] {processor.py:163} INFO - Started process (PID=384) to work on /usr/local/lib/python3.8/dist-packages/airflow/example_dags/example_subdag_operator.py
[2021-12-08 18:27:13,687] {processor.py:625} INFO - Processing file /usr/local/lib/python3.8/dist-packages/airflow/example_dags/example_subdag_operator.py for tasks to queue
[2021-12-08 18:27:13,688] {logging_mixin.py:109} INFO - [2021-12-08 18:27:13,688] {dagbag.py:500} INFO - Filling up the DagBag from /usr/local/lib/python3.8/dist-packages/airflow/example_dags/example_subdag_operator.py
[2021-12-08 18:27:13,721] {processor.py:637} INFO - DAG(s) dict_keys(['example_subdag_operator.section-1', 'example_subdag_operator.section-2', 'example_subdag_operator']) retrieved from /usr/local/lib/python3.8/dist-packages/airflow/example_dags/example_subdag_operator.py
[2021-12-08 18:27:13,726] {logging_mixin.py:109} WARNING - /usr/local/lib/python3.8/dist-packages/airflow/models/serialized_dag.py:120 SAWarning: TypeDecorator UtcDateTime(timezone=True) will not produce a cache key because the ``cache_ok`` flag is not set to True.  Set this flag to True if this type object's state is safe to use in a cache key, or False to disable this warning.
[2021-12-08 18:27:13,733] {logging_mixin.py:109} INFO - [2021-12-08 18:27:13,733] {dag.py:2396} INFO - Sync 3 DAGs
[2021-12-08 18:27:13,741] {logging_mixin.py:109} WARNING - /usr/local/lib/python3.8/dist-packages/airflow/models/dag.py:2433 SAWarning: TypeDecorator UtcDateTime(timezone=True) will not produce a cache key because the ``cache_ok`` flag is not set to True.  Set this flag to True if this type object's state is safe to use in a cache key, or False to disable this warning.
[2021-12-08 18:27:13,748] {logging_mixin.py:109} INFO - [2021-12-08 18:27:13,748] {dag.py:2928} INFO - Setting next_dagrun for example_subdag_operator to 2021-12-06T00:00:00+00:00
[2021-12-08 18:27:13,749] {logging_mixin.py:109} INFO - [2021-12-08 18:27:13,749] {dag.py:2928} INFO - Setting next_dagrun for example_subdag_operator.section-1 to None
[2021-12-08 18:27:13,749] {logging_mixin.py:109} INFO - [2021-12-08 18:27:13,749] {dag.py:2928} INFO - Setting next_dagrun for example_subdag_operator.section-2 to None
[2021-12-08 18:27:13,754] {logging_mixin.py:109} INFO - [2021-12-08 18:27:13,754] {dag.py:2396} INFO - Sync 2 DAGs
[2021-12-08 18:27:13,758] {logging_mixin.py:109} INFO - [2021-12-08 18:27:13,758] {dag.py:2928} INFO - Setting next_dagrun for example_subdag_operator.section-1 to None
[2021-12-08 18:27:13,758] {logging_mixin.py:109} INFO - [2021-12-08 18:27:13,758] {dag.py:2928} INFO - Setting next_dagrun for example_subdag_operator.section-2 to None
[2021-12-08 18:27:13,959] {processor.py:171} INFO - Processing /usr/local/lib/python3.8/dist-packages/airflow/example_dags/example_subdag_operator.py took 0.305 seconds
[2021-12-08 18:28:17,029] {processor.py:163} INFO - Started process (PID=429) to work on /usr/local/lib/python3.8/dist-packages/airflow/example_dags/example_subdag_operator.py
[2021-12-08 18:28:17,031] {processor.py:625} INFO - Processing file /usr/local/lib/python3.8/dist-packages/airflow/example_dags/example_subdag_operator.py for tasks to queue
[2021-12-08 18:28:17,032] {logging_mixin.py:109} INFO - [2021-12-08 18:28:17,032] {dagbag.py:500} INFO - Filling up the DagBag from /usr/local/lib/python3.8/dist-packages/airflow/example_dags/example_subdag_operator.py
[2021-12-08 18:28:17,056] {processor.py:637} INFO - DAG(s) dict_keys(['example_subdag_operator.section-1', 'example_subdag_operator.section-2', 'example_subdag_operator']) retrieved from /usr/local/lib/python3.8/dist-packages/airflow/example_dags/example_subdag_operator.py
[2021-12-08 18:28:17,059] {logging_mixin.py:109} WARNING - /usr/local/lib/python3.8/dist-packages/airflow/models/serialized_dag.py:120 SAWarning: TypeDecorator UtcDateTime(timezone=True) will not produce a cache key because the ``cache_ok`` flag is not set to True.  Set this flag to True if this type object's state is safe to use in a cache key, or False to disable this warning.
[2021-12-08 18:28:17,067] {logging_mixin.py:109} INFO - [2021-12-08 18:28:17,067] {dag.py:2396} INFO - Sync 3 DAGs
[2021-12-08 18:28:17,075] {logging_mixin.py:109} WARNING - /usr/local/lib/python3.8/dist-packages/airflow/models/dag.py:2433 SAWarning: TypeDecorator UtcDateTime(timezone=True) will not produce a cache key because the ``cache_ok`` flag is not set to True.  Set this flag to True if this type object's state is safe to use in a cache key, or False to disable this warning.
[2021-12-08 18:28:17,080] {logging_mixin.py:109} INFO - [2021-12-08 18:28:17,080] {dag.py:2928} INFO - Setting next_dagrun for example_subdag_operator to 2021-12-06T00:00:00+00:00
[2021-12-08 18:28:17,081] {logging_mixin.py:109} INFO - [2021-12-08 18:28:17,081] {dag.py:2928} INFO - Setting next_dagrun for example_subdag_operator.section-1 to None
[2021-12-08 18:28:17,081] {logging_mixin.py:109} INFO - [2021-12-08 18:28:17,081] {dag.py:2928} INFO - Setting next_dagrun for example_subdag_operator.section-2 to None
[2021-12-08 18:28:17,086] {logging_mixin.py:109} INFO - [2021-12-08 18:28:17,085] {dag.py:2396} INFO - Sync 2 DAGs
[2021-12-08 18:28:17,090] {logging_mixin.py:109} INFO - [2021-12-08 18:28:17,090] {dag.py:2928} INFO - Setting next_dagrun for example_subdag_operator.section-1 to None
[2021-12-08 18:28:17,090] {logging_mixin.py:109} INFO - [2021-12-08 18:28:17,090] {dag.py:2928} INFO - Setting next_dagrun for example_subdag_operator.section-2 to None
[2021-12-08 18:28:17,251] {processor.py:171} INFO - Processing /usr/local/lib/python3.8/dist-packages/airflow/example_dags/example_subdag_operator.py took 0.224 seconds
[2021-12-08 18:29:10,545] {processor.py:163} INFO - Started process (PID=469) to work on /usr/local/lib/python3.8/dist-packages/airflow/example_dags/example_subdag_operator.py
[2021-12-08 18:29:10,573] {processor.py:625} INFO - Processing file /usr/local/lib/python3.8/dist-packages/airflow/example_dags/example_subdag_operator.py for tasks to queue
[2021-12-08 18:29:10,574] {logging_mixin.py:109} INFO - [2021-12-08 18:29:10,574] {dagbag.py:500} INFO - Filling up the DagBag from /usr/local/lib/python3.8/dist-packages/airflow/example_dags/example_subdag_operator.py
[2021-12-08 18:29:10,603] {processor.py:637} INFO - DAG(s) dict_keys(['example_subdag_operator.section-1', 'example_subdag_operator.section-2', 'example_subdag_operator']) retrieved from /usr/local/lib/python3.8/dist-packages/airflow/example_dags/example_subdag_operator.py
[2021-12-08 18:29:10,607] {logging_mixin.py:109} WARNING - /usr/local/lib/python3.8/dist-packages/airflow/models/serialized_dag.py:120 SAWarning: TypeDecorator UtcDateTime(timezone=True) will not produce a cache key because the ``cache_ok`` flag is not set to True.  Set this flag to True if this type object's state is safe to use in a cache key, or False to disable this warning.
[2021-12-08 18:29:10,614] {logging_mixin.py:109} INFO - [2021-12-08 18:29:10,614] {dag.py:2396} INFO - Sync 3 DAGs
[2021-12-08 18:29:10,622] {logging_mixin.py:109} WARNING - /usr/local/lib/python3.8/dist-packages/airflow/models/dag.py:2433 SAWarning: TypeDecorator UtcDateTime(timezone=True) will not produce a cache key because the ``cache_ok`` flag is not set to True.  Set this flag to True if this type object's state is safe to use in a cache key, or False to disable this warning.
[2021-12-08 18:29:10,628] {logging_mixin.py:109} INFO - [2021-12-08 18:29:10,628] {dag.py:2928} INFO - Setting next_dagrun for example_subdag_operator to 2021-12-06T00:00:00+00:00
[2021-12-08 18:29:10,628] {logging_mixin.py:109} INFO - [2021-12-08 18:29:10,628] {dag.py:2928} INFO - Setting next_dagrun for example_subdag_operator.section-1 to None
[2021-12-08 18:29:10,628] {logging_mixin.py:109} INFO - [2021-12-08 18:29:10,628] {dag.py:2928} INFO - Setting next_dagrun for example_subdag_operator.section-2 to None
[2021-12-08 18:29:10,633] {logging_mixin.py:109} INFO - [2021-12-08 18:29:10,633] {dag.py:2396} INFO - Sync 2 DAGs
[2021-12-08 18:29:10,637] {logging_mixin.py:109} INFO - [2021-12-08 18:29:10,637] {dag.py:2928} INFO - Setting next_dagrun for example_subdag_operator.section-1 to None
[2021-12-08 18:29:10,637] {logging_mixin.py:109} INFO - [2021-12-08 18:29:10,637] {dag.py:2928} INFO - Setting next_dagrun for example_subdag_operator.section-2 to None
[2021-12-08 18:29:10,774] {processor.py:171} INFO - Processing /usr/local/lib/python3.8/dist-packages/airflow/example_dags/example_subdag_operator.py took 0.232 seconds
[2021-12-08 18:30:09,655] {processor.py:163} INFO - Started process (PID=513) to work on /usr/local/lib/python3.8/dist-packages/airflow/example_dags/example_subdag_operator.py
[2021-12-08 18:30:09,675] {processor.py:625} INFO - Processing file /usr/local/lib/python3.8/dist-packages/airflow/example_dags/example_subdag_operator.py for tasks to queue
[2021-12-08 18:30:09,675] {logging_mixin.py:109} INFO - [2021-12-08 18:30:09,675] {dagbag.py:500} INFO - Filling up the DagBag from /usr/local/lib/python3.8/dist-packages/airflow/example_dags/example_subdag_operator.py
[2021-12-08 18:30:09,701] {processor.py:637} INFO - DAG(s) dict_keys(['example_subdag_operator.section-1', 'example_subdag_operator.section-2', 'example_subdag_operator']) retrieved from /usr/local/lib/python3.8/dist-packages/airflow/example_dags/example_subdag_operator.py
[2021-12-08 18:30:09,705] {logging_mixin.py:109} WARNING - /usr/local/lib/python3.8/dist-packages/airflow/models/serialized_dag.py:120 SAWarning: TypeDecorator UtcDateTime(timezone=True) will not produce a cache key because the ``cache_ok`` flag is not set to True.  Set this flag to True if this type object's state is safe to use in a cache key, or False to disable this warning.
[2021-12-08 18:30:09,712] {logging_mixin.py:109} INFO - [2021-12-08 18:30:09,712] {dag.py:2396} INFO - Sync 3 DAGs
[2021-12-08 18:30:09,719] {logging_mixin.py:109} WARNING - /usr/local/lib/python3.8/dist-packages/airflow/models/dag.py:2433 SAWarning: TypeDecorator UtcDateTime(timezone=True) will not produce a cache key because the ``cache_ok`` flag is not set to True.  Set this flag to True if this type object's state is safe to use in a cache key, or False to disable this warning.
[2021-12-08 18:30:09,725] {logging_mixin.py:109} INFO - [2021-12-08 18:30:09,725] {dag.py:2928} INFO - Setting next_dagrun for example_subdag_operator to 2021-12-06T00:00:00+00:00
[2021-12-08 18:30:09,725] {logging_mixin.py:109} INFO - [2021-12-08 18:30:09,725] {dag.py:2928} INFO - Setting next_dagrun for example_subdag_operator.section-1 to None
[2021-12-08 18:30:09,725] {logging_mixin.py:109} INFO - [2021-12-08 18:30:09,725] {dag.py:2928} INFO - Setting next_dagrun for example_subdag_operator.section-2 to None
[2021-12-08 18:30:09,730] {logging_mixin.py:109} INFO - [2021-12-08 18:30:09,730] {dag.py:2396} INFO - Sync 2 DAGs
[2021-12-08 18:30:09,734] {logging_mixin.py:109} INFO - [2021-12-08 18:30:09,734] {dag.py:2928} INFO - Setting next_dagrun for example_subdag_operator.section-1 to None
[2021-12-08 18:30:09,735] {logging_mixin.py:109} INFO - [2021-12-08 18:30:09,735] {dag.py:2928} INFO - Setting next_dagrun for example_subdag_operator.section-2 to None
[2021-12-08 18:30:09,885] {processor.py:171} INFO - Processing /usr/local/lib/python3.8/dist-packages/airflow/example_dags/example_subdag_operator.py took 0.233 seconds
[2021-12-08 18:31:06,325] {processor.py:163} INFO - Started process (PID=555) to work on /usr/local/lib/python3.8/dist-packages/airflow/example_dags/example_subdag_operator.py
[2021-12-08 18:31:06,356] {processor.py:625} INFO - Processing file /usr/local/lib/python3.8/dist-packages/airflow/example_dags/example_subdag_operator.py for tasks to queue
[2021-12-08 18:31:06,356] {logging_mixin.py:109} INFO - [2021-12-08 18:31:06,356] {dagbag.py:500} INFO - Filling up the DagBag from /usr/local/lib/python3.8/dist-packages/airflow/example_dags/example_subdag_operator.py
[2021-12-08 18:31:06,387] {processor.py:637} INFO - DAG(s) dict_keys(['example_subdag_operator.section-1', 'example_subdag_operator.section-2', 'example_subdag_operator']) retrieved from /usr/local/lib/python3.8/dist-packages/airflow/example_dags/example_subdag_operator.py
[2021-12-08 18:31:06,390] {logging_mixin.py:109} WARNING - /usr/local/lib/python3.8/dist-packages/airflow/models/serialized_dag.py:120 SAWarning: TypeDecorator UtcDateTime(timezone=True) will not produce a cache key because the ``cache_ok`` flag is not set to True.  Set this flag to True if this type object's state is safe to use in a cache key, or False to disable this warning.
[2021-12-08 18:31:06,397] {logging_mixin.py:109} INFO - [2021-12-08 18:31:06,397] {dag.py:2396} INFO - Sync 3 DAGs
[2021-12-08 18:31:06,405] {logging_mixin.py:109} WARNING - /usr/local/lib/python3.8/dist-packages/airflow/models/dag.py:2433 SAWarning: TypeDecorator UtcDateTime(timezone=True) will not produce a cache key because the ``cache_ok`` flag is not set to True.  Set this flag to True if this type object's state is safe to use in a cache key, or False to disable this warning.
[2021-12-08 18:31:06,411] {logging_mixin.py:109} INFO - [2021-12-08 18:31:06,411] {dag.py:2928} INFO - Setting next_dagrun for example_subdag_operator to 2021-12-06T00:00:00+00:00
[2021-12-08 18:31:06,411] {logging_mixin.py:109} INFO - [2021-12-08 18:31:06,411] {dag.py:2928} INFO - Setting next_dagrun for example_subdag_operator.section-1 to None
[2021-12-08 18:31:06,411] {logging_mixin.py:109} INFO - [2021-12-08 18:31:06,411] {dag.py:2928} INFO - Setting next_dagrun for example_subdag_operator.section-2 to None
[2021-12-08 18:31:06,416] {logging_mixin.py:109} INFO - [2021-12-08 18:31:06,415] {dag.py:2396} INFO - Sync 2 DAGs
[2021-12-08 18:31:06,420] {logging_mixin.py:109} INFO - [2021-12-08 18:31:06,420] {dag.py:2928} INFO - Setting next_dagrun for example_subdag_operator.section-1 to None
[2021-12-08 18:31:06,420] {logging_mixin.py:109} INFO - [2021-12-08 18:31:06,420] {dag.py:2928} INFO - Setting next_dagrun for example_subdag_operator.section-2 to None
[2021-12-08 18:31:06,551] {processor.py:171} INFO - Processing /usr/local/lib/python3.8/dist-packages/airflow/example_dags/example_subdag_operator.py took 0.229 seconds
[2021-12-08 18:32:02,034] {processor.py:163} INFO - Started process (PID=596) to work on /usr/local/lib/python3.8/dist-packages/airflow/example_dags/example_subdag_operator.py
[2021-12-08 18:32:02,071] {processor.py:625} INFO - Processing file /usr/local/lib/python3.8/dist-packages/airflow/example_dags/example_subdag_operator.py for tasks to queue
[2021-12-08 18:32:02,072] {logging_mixin.py:109} INFO - [2021-12-08 18:32:02,072] {dagbag.py:500} INFO - Filling up the DagBag from /usr/local/lib/python3.8/dist-packages/airflow/example_dags/example_subdag_operator.py
[2021-12-08 18:32:02,107] {processor.py:637} INFO - DAG(s) dict_keys(['example_subdag_operator.section-1', 'example_subdag_operator.section-2', 'example_subdag_operator']) retrieved from /usr/local/lib/python3.8/dist-packages/airflow/example_dags/example_subdag_operator.py
[2021-12-08 18:32:02,110] {logging_mixin.py:109} WARNING - /usr/local/lib/python3.8/dist-packages/airflow/models/serialized_dag.py:120 SAWarning: TypeDecorator UtcDateTime(timezone=True) will not produce a cache key because the ``cache_ok`` flag is not set to True.  Set this flag to True if this type object's state is safe to use in a cache key, or False to disable this warning.
[2021-12-08 18:32:02,117] {logging_mixin.py:109} INFO - [2021-12-08 18:32:02,117] {dag.py:2396} INFO - Sync 3 DAGs
[2021-12-08 18:32:02,124] {logging_mixin.py:109} WARNING - /usr/local/lib/python3.8/dist-packages/airflow/models/dag.py:2433 SAWarning: TypeDecorator UtcDateTime(timezone=True) will not produce a cache key because the ``cache_ok`` flag is not set to True.  Set this flag to True if this type object's state is safe to use in a cache key, or False to disable this warning.
[2021-12-08 18:32:02,130] {logging_mixin.py:109} INFO - [2021-12-08 18:32:02,130] {dag.py:2928} INFO - Setting next_dagrun for example_subdag_operator to 2021-12-06T00:00:00+00:00
[2021-12-08 18:32:02,131] {logging_mixin.py:109} INFO - [2021-12-08 18:32:02,131] {dag.py:2928} INFO - Setting next_dagrun for example_subdag_operator.section-1 to None
[2021-12-08 18:32:02,131] {logging_mixin.py:109} INFO - [2021-12-08 18:32:02,131] {dag.py:2928} INFO - Setting next_dagrun for example_subdag_operator.section-2 to None
[2021-12-08 18:32:02,135] {logging_mixin.py:109} INFO - [2021-12-08 18:32:02,135] {dag.py:2396} INFO - Sync 2 DAGs
[2021-12-08 18:32:02,139] {logging_mixin.py:109} INFO - [2021-12-08 18:32:02,139] {dag.py:2928} INFO - Setting next_dagrun for example_subdag_operator.section-1 to None
[2021-12-08 18:32:02,140] {logging_mixin.py:109} INFO - [2021-12-08 18:32:02,140] {dag.py:2928} INFO - Setting next_dagrun for example_subdag_operator.section-2 to None
[2021-12-08 18:32:02,302] {processor.py:171} INFO - Processing /usr/local/lib/python3.8/dist-packages/airflow/example_dags/example_subdag_operator.py took 0.271 seconds
[2021-12-08 18:33:00,189] {processor.py:163} INFO - Started process (PID=639) to work on /usr/local/lib/python3.8/dist-packages/airflow/example_dags/example_subdag_operator.py
[2021-12-08 18:33:00,204] {processor.py:625} INFO - Processing file /usr/local/lib/python3.8/dist-packages/airflow/example_dags/example_subdag_operator.py for tasks to queue
[2021-12-08 18:33:00,205] {logging_mixin.py:109} INFO - [2021-12-08 18:33:00,205] {dagbag.py:500} INFO - Filling up the DagBag from /usr/local/lib/python3.8/dist-packages/airflow/example_dags/example_subdag_operator.py
[2021-12-08 18:33:00,231] {processor.py:637} INFO - DAG(s) dict_keys(['example_subdag_operator.section-1', 'example_subdag_operator.section-2', 'example_subdag_operator']) retrieved from /usr/local/lib/python3.8/dist-packages/airflow/example_dags/example_subdag_operator.py
[2021-12-08 18:33:00,234] {logging_mixin.py:109} WARNING - /usr/local/lib/python3.8/dist-packages/airflow/models/serialized_dag.py:120 SAWarning: TypeDecorator UtcDateTime(timezone=True) will not produce a cache key because the ``cache_ok`` flag is not set to True.  Set this flag to True if this type object's state is safe to use in a cache key, or False to disable this warning.
[2021-12-08 18:33:00,241] {logging_mixin.py:109} INFO - [2021-12-08 18:33:00,241] {dag.py:2396} INFO - Sync 3 DAGs
[2021-12-08 18:33:00,249] {logging_mixin.py:109} WARNING - /usr/local/lib/python3.8/dist-packages/airflow/models/dag.py:2433 SAWarning: TypeDecorator UtcDateTime(timezone=True) will not produce a cache key because the ``cache_ok`` flag is not set to True.  Set this flag to True if this type object's state is safe to use in a cache key, or False to disable this warning.
[2021-12-08 18:33:00,255] {logging_mixin.py:109} INFO - [2021-12-08 18:33:00,254] {dag.py:2928} INFO - Setting next_dagrun for example_subdag_operator to 2021-12-06T00:00:00+00:00
[2021-12-08 18:33:00,255] {logging_mixin.py:109} INFO - [2021-12-08 18:33:00,255] {dag.py:2928} INFO - Setting next_dagrun for example_subdag_operator.section-1 to None
[2021-12-08 18:33:00,255] {logging_mixin.py:109} INFO - [2021-12-08 18:33:00,255] {dag.py:2928} INFO - Setting next_dagrun for example_subdag_operator.section-2 to None
[2021-12-08 18:33:00,259] {logging_mixin.py:109} INFO - [2021-12-08 18:33:00,259] {dag.py:2396} INFO - Sync 2 DAGs
[2021-12-08 18:33:00,264] {logging_mixin.py:109} INFO - [2021-12-08 18:33:00,264] {dag.py:2928} INFO - Setting next_dagrun for example_subdag_operator.section-1 to None
[2021-12-08 18:33:00,264] {logging_mixin.py:109} INFO - [2021-12-08 18:33:00,264] {dag.py:2928} INFO - Setting next_dagrun for example_subdag_operator.section-2 to None
[2021-12-08 18:33:00,463] {processor.py:171} INFO - Processing /usr/local/lib/python3.8/dist-packages/airflow/example_dags/example_subdag_operator.py took 0.279 seconds
[2021-12-08 18:33:50,039] {processor.py:163} INFO - Started process (PID=678) to work on /usr/local/lib/python3.8/dist-packages/airflow/example_dags/example_subdag_operator.py
[2021-12-08 18:33:50,052] {processor.py:625} INFO - Processing file /usr/local/lib/python3.8/dist-packages/airflow/example_dags/example_subdag_operator.py for tasks to queue
[2021-12-08 18:33:50,053] {logging_mixin.py:109} INFO - [2021-12-08 18:33:50,053] {dagbag.py:500} INFO - Filling up the DagBag from /usr/local/lib/python3.8/dist-packages/airflow/example_dags/example_subdag_operator.py
[2021-12-08 18:33:50,076] {processor.py:637} INFO - DAG(s) dict_keys(['example_subdag_operator.section-1', 'example_subdag_operator.section-2', 'example_subdag_operator']) retrieved from /usr/local/lib/python3.8/dist-packages/airflow/example_dags/example_subdag_operator.py
[2021-12-08 18:33:50,079] {logging_mixin.py:109} WARNING - /usr/local/lib/python3.8/dist-packages/airflow/models/serialized_dag.py:120 SAWarning: TypeDecorator UtcDateTime(timezone=True) will not produce a cache key because the ``cache_ok`` flag is not set to True.  Set this flag to True if this type object's state is safe to use in a cache key, or False to disable this warning.
[2021-12-08 18:33:50,086] {logging_mixin.py:109} INFO - [2021-12-08 18:33:50,086] {dag.py:2396} INFO - Sync 3 DAGs
[2021-12-08 18:33:50,094] {logging_mixin.py:109} WARNING - /usr/local/lib/python3.8/dist-packages/airflow/models/dag.py:2433 SAWarning: TypeDecorator UtcDateTime(timezone=True) will not produce a cache key because the ``cache_ok`` flag is not set to True.  Set this flag to True if this type object's state is safe to use in a cache key, or False to disable this warning.
[2021-12-08 18:33:50,100] {logging_mixin.py:109} INFO - [2021-12-08 18:33:50,099] {dag.py:2928} INFO - Setting next_dagrun for example_subdag_operator to 2021-12-06T00:00:00+00:00
[2021-12-08 18:33:50,100] {logging_mixin.py:109} INFO - [2021-12-08 18:33:50,100] {dag.py:2928} INFO - Setting next_dagrun for example_subdag_operator.section-1 to None
[2021-12-08 18:33:50,100] {logging_mixin.py:109} INFO - [2021-12-08 18:33:50,100] {dag.py:2928} INFO - Setting next_dagrun for example_subdag_operator.section-2 to None
[2021-12-08 18:33:50,104] {logging_mixin.py:109} INFO - [2021-12-08 18:33:50,104] {dag.py:2396} INFO - Sync 2 DAGs
[2021-12-08 18:33:50,109] {logging_mixin.py:109} INFO - [2021-12-08 18:33:50,109] {dag.py:2928} INFO - Setting next_dagrun for example_subdag_operator.section-1 to None
[2021-12-08 18:33:50,109] {logging_mixin.py:109} INFO - [2021-12-08 18:33:50,109] {dag.py:2928} INFO - Setting next_dagrun for example_subdag_operator.section-2 to None
[2021-12-08 18:33:50,251] {processor.py:171} INFO - Processing /usr/local/lib/python3.8/dist-packages/airflow/example_dags/example_subdag_operator.py took 0.214 seconds
[2021-12-08 18:34:48,039] {processor.py:163} INFO - Started process (PID=720) to work on /usr/local/lib/python3.8/dist-packages/airflow/example_dags/example_subdag_operator.py
[2021-12-08 18:34:48,054] {processor.py:625} INFO - Processing file /usr/local/lib/python3.8/dist-packages/airflow/example_dags/example_subdag_operator.py for tasks to queue
[2021-12-08 18:34:48,055] {logging_mixin.py:109} INFO - [2021-12-08 18:34:48,055] {dagbag.py:500} INFO - Filling up the DagBag from /usr/local/lib/python3.8/dist-packages/airflow/example_dags/example_subdag_operator.py
[2021-12-08 18:34:48,082] {processor.py:637} INFO - DAG(s) dict_keys(['example_subdag_operator.section-1', 'example_subdag_operator.section-2', 'example_subdag_operator']) retrieved from /usr/local/lib/python3.8/dist-packages/airflow/example_dags/example_subdag_operator.py
[2021-12-08 18:34:48,086] {logging_mixin.py:109} WARNING - /usr/local/lib/python3.8/dist-packages/airflow/models/serialized_dag.py:120 SAWarning: TypeDecorator UtcDateTime(timezone=True) will not produce a cache key because the ``cache_ok`` flag is not set to True.  Set this flag to True if this type object's state is safe to use in a cache key, or False to disable this warning.
[2021-12-08 18:34:48,095] {logging_mixin.py:109} INFO - [2021-12-08 18:34:48,095] {dag.py:2396} INFO - Sync 3 DAGs
[2021-12-08 18:34:48,103] {logging_mixin.py:109} WARNING - /usr/local/lib/python3.8/dist-packages/airflow/models/dag.py:2433 SAWarning: TypeDecorator UtcDateTime(timezone=True) will not produce a cache key because the ``cache_ok`` flag is not set to True.  Set this flag to True if this type object's state is safe to use in a cache key, or False to disable this warning.
[2021-12-08 18:34:48,110] {logging_mixin.py:109} INFO - [2021-12-08 18:34:48,110] {dag.py:2928} INFO - Setting next_dagrun for example_subdag_operator to 2021-12-06T00:00:00+00:00
[2021-12-08 18:34:48,110] {logging_mixin.py:109} INFO - [2021-12-08 18:34:48,110] {dag.py:2928} INFO - Setting next_dagrun for example_subdag_operator.section-1 to None
[2021-12-08 18:34:48,110] {logging_mixin.py:109} INFO - [2021-12-08 18:34:48,110] {dag.py:2928} INFO - Setting next_dagrun for example_subdag_operator.section-2 to None
[2021-12-08 18:34:48,115] {logging_mixin.py:109} INFO - [2021-12-08 18:34:48,114] {dag.py:2396} INFO - Sync 2 DAGs
[2021-12-08 18:34:48,119] {logging_mixin.py:109} INFO - [2021-12-08 18:34:48,119] {dag.py:2928} INFO - Setting next_dagrun for example_subdag_operator.section-1 to None
[2021-12-08 18:34:48,119] {logging_mixin.py:109} INFO - [2021-12-08 18:34:48,119] {dag.py:2928} INFO - Setting next_dagrun for example_subdag_operator.section-2 to None
[2021-12-08 18:34:48,368] {processor.py:171} INFO - Processing /usr/local/lib/python3.8/dist-packages/airflow/example_dags/example_subdag_operator.py took 0.333 seconds
