[2021-12-08 18:23:09,066] {processor.py:163} INFO - Started process (PID=204) to work on /usr/local/lib/python3.8/dist-packages/airflow/example_dags/example_branch_operator.py
[2021-12-08 18:23:09,067] {processor.py:625} INFO - Processing file /usr/local/lib/python3.8/dist-packages/airflow/example_dags/example_branch_operator.py for tasks to queue
[2021-12-08 18:23:09,067] {logging_mixin.py:109} INFO - [2021-12-08 18:23:09,067] {dagbag.py:500} INFO - Filling up the DagBag from /usr/local/lib/python3.8/dist-packages/airflow/example_dags/example_branch_operator.py
[2021-12-08 18:23:09,101] {processor.py:637} INFO - DAG(s) dict_keys(['example_branch_operator']) retrieved from /usr/local/lib/python3.8/dist-packages/airflow/example_dags/example_branch_operator.py
[2021-12-08 18:23:09,115] {logging_mixin.py:109} WARNING - /usr/local/lib/python3.8/dist-packages/airflow/models/serialized_dag.py:120 SAWarning: TypeDecorator UtcDateTime(timezone=True) will not produce a cache key because the ``cache_ok`` flag is not set to True.  Set this flag to True if this type object's state is safe to use in a cache key, or False to disable this warning.
[2021-12-08 18:23:09,131] {logging_mixin.py:109} INFO - [2021-12-08 18:23:09,131] {dag.py:2396} INFO - Sync 1 DAGs
[2021-12-08 18:23:09,151] {logging_mixin.py:109} WARNING - /usr/local/lib/python3.8/dist-packages/airflow/models/dag.py:2433 SAWarning: TypeDecorator UtcDateTime(timezone=True) will not produce a cache key because the ``cache_ok`` flag is not set to True.  Set this flag to True if this type object's state is safe to use in a cache key, or False to disable this warning.
[2021-12-08 18:23:09,163] {logging_mixin.py:109} INFO - [2021-12-08 18:23:09,163] {dag.py:2928} INFO - Setting next_dagrun for example_branch_operator to 2021-12-07 00:00:00+00:00
[2021-12-08 18:23:09,422] {processor.py:171} INFO - Processing /usr/local/lib/python3.8/dist-packages/airflow/example_dags/example_branch_operator.py took 0.359 seconds
[2021-12-08 18:23:58,894] {processor.py:163} INFO - Started process (PID=240) to work on /usr/local/lib/python3.8/dist-packages/airflow/example_dags/example_branch_operator.py
[2021-12-08 18:23:58,895] {processor.py:625} INFO - Processing file /usr/local/lib/python3.8/dist-packages/airflow/example_dags/example_branch_operator.py for tasks to queue
[2021-12-08 18:23:58,896] {logging_mixin.py:109} INFO - [2021-12-08 18:23:58,896] {dagbag.py:500} INFO - Filling up the DagBag from /usr/local/lib/python3.8/dist-packages/airflow/example_dags/example_branch_operator.py
[2021-12-08 18:23:58,915] {processor.py:637} INFO - DAG(s) dict_keys(['example_branch_operator']) retrieved from /usr/local/lib/python3.8/dist-packages/airflow/example_dags/example_branch_operator.py
[2021-12-08 18:23:58,918] {logging_mixin.py:109} WARNING - /usr/local/lib/python3.8/dist-packages/airflow/models/serialized_dag.py:120 SAWarning: TypeDecorator UtcDateTime(timezone=True) will not produce a cache key because the ``cache_ok`` flag is not set to True.  Set this flag to True if this type object's state is safe to use in a cache key, or False to disable this warning.
[2021-12-08 18:23:58,924] {logging_mixin.py:109} INFO - [2021-12-08 18:23:58,924] {dag.py:2396} INFO - Sync 1 DAGs
[2021-12-08 18:23:58,933] {logging_mixin.py:109} WARNING - /usr/local/lib/python3.8/dist-packages/airflow/models/dag.py:2433 SAWarning: TypeDecorator UtcDateTime(timezone=True) will not produce a cache key because the ``cache_ok`` flag is not set to True.  Set this flag to True if this type object's state is safe to use in a cache key, or False to disable this warning.
[2021-12-08 18:23:58,940] {logging_mixin.py:109} INFO - [2021-12-08 18:23:58,940] {dag.py:2928} INFO - Setting next_dagrun for example_branch_operator to 2021-12-07 00:00:00+00:00
[2021-12-08 18:23:59,106] {processor.py:171} INFO - Processing /usr/local/lib/python3.8/dist-packages/airflow/example_dags/example_branch_operator.py took 0.214 seconds
[2021-12-08 18:24:55,763] {processor.py:163} INFO - Started process (PID=282) to work on /usr/local/lib/python3.8/dist-packages/airflow/example_dags/example_branch_operator.py
[2021-12-08 18:24:55,769] {processor.py:625} INFO - Processing file /usr/local/lib/python3.8/dist-packages/airflow/example_dags/example_branch_operator.py for tasks to queue
[2021-12-08 18:24:55,769] {logging_mixin.py:109} INFO - [2021-12-08 18:24:55,769] {dagbag.py:500} INFO - Filling up the DagBag from /usr/local/lib/python3.8/dist-packages/airflow/example_dags/example_branch_operator.py
[2021-12-08 18:24:55,788] {processor.py:637} INFO - DAG(s) dict_keys(['example_branch_operator']) retrieved from /usr/local/lib/python3.8/dist-packages/airflow/example_dags/example_branch_operator.py
[2021-12-08 18:24:55,791] {logging_mixin.py:109} WARNING - /usr/local/lib/python3.8/dist-packages/airflow/models/serialized_dag.py:120 SAWarning: TypeDecorator UtcDateTime(timezone=True) will not produce a cache key because the ``cache_ok`` flag is not set to True.  Set this flag to True if this type object's state is safe to use in a cache key, or False to disable this warning.
[2021-12-08 18:24:55,799] {logging_mixin.py:109} INFO - [2021-12-08 18:24:55,799] {dag.py:2396} INFO - Sync 1 DAGs
[2021-12-08 18:24:55,807] {logging_mixin.py:109} WARNING - /usr/local/lib/python3.8/dist-packages/airflow/models/dag.py:2433 SAWarning: TypeDecorator UtcDateTime(timezone=True) will not produce a cache key because the ``cache_ok`` flag is not set to True.  Set this flag to True if this type object's state is safe to use in a cache key, or False to disable this warning.
[2021-12-08 18:24:55,815] {logging_mixin.py:109} INFO - [2021-12-08 18:24:55,815] {dag.py:2928} INFO - Setting next_dagrun for example_branch_operator to 2021-12-07 00:00:00+00:00
[2021-12-08 18:24:55,977] {processor.py:171} INFO - Processing /usr/local/lib/python3.8/dist-packages/airflow/example_dags/example_branch_operator.py took 0.216 seconds
[2021-12-08 18:25:54,009] {processor.py:163} INFO - Started process (PID=325) to work on /usr/local/lib/python3.8/dist-packages/airflow/example_dags/example_branch_operator.py
[2021-12-08 18:25:54,026] {processor.py:625} INFO - Processing file /usr/local/lib/python3.8/dist-packages/airflow/example_dags/example_branch_operator.py for tasks to queue
[2021-12-08 18:25:54,026] {logging_mixin.py:109} INFO - [2021-12-08 18:25:54,026] {dagbag.py:500} INFO - Filling up the DagBag from /usr/local/lib/python3.8/dist-packages/airflow/example_dags/example_branch_operator.py
[2021-12-08 18:25:54,046] {processor.py:637} INFO - DAG(s) dict_keys(['example_branch_operator']) retrieved from /usr/local/lib/python3.8/dist-packages/airflow/example_dags/example_branch_operator.py
[2021-12-08 18:25:54,050] {logging_mixin.py:109} WARNING - /usr/local/lib/python3.8/dist-packages/airflow/models/serialized_dag.py:120 SAWarning: TypeDecorator UtcDateTime(timezone=True) will not produce a cache key because the ``cache_ok`` flag is not set to True.  Set this flag to True if this type object's state is safe to use in a cache key, or False to disable this warning.
[2021-12-08 18:25:54,057] {logging_mixin.py:109} INFO - [2021-12-08 18:25:54,057] {dag.py:2396} INFO - Sync 1 DAGs
[2021-12-08 18:25:54,065] {logging_mixin.py:109} WARNING - /usr/local/lib/python3.8/dist-packages/airflow/models/dag.py:2433 SAWarning: TypeDecorator UtcDateTime(timezone=True) will not produce a cache key because the ``cache_ok`` flag is not set to True.  Set this flag to True if this type object's state is safe to use in a cache key, or False to disable this warning.
[2021-12-08 18:25:54,072] {logging_mixin.py:109} INFO - [2021-12-08 18:25:54,072] {dag.py:2928} INFO - Setting next_dagrun for example_branch_operator to 2021-12-07 00:00:00+00:00
[2021-12-08 18:25:54,216] {processor.py:171} INFO - Processing /usr/local/lib/python3.8/dist-packages/airflow/example_dags/example_branch_operator.py took 0.209 seconds
[2021-12-08 18:26:41,800] {processor.py:163} INFO - Started process (PID=361) to work on /usr/local/lib/python3.8/dist-packages/airflow/example_dags/example_branch_operator.py
[2021-12-08 18:26:41,802] {processor.py:625} INFO - Processing file /usr/local/lib/python3.8/dist-packages/airflow/example_dags/example_branch_operator.py for tasks to queue
[2021-12-08 18:26:41,802] {logging_mixin.py:109} INFO - [2021-12-08 18:26:41,802] {dagbag.py:500} INFO - Filling up the DagBag from /usr/local/lib/python3.8/dist-packages/airflow/example_dags/example_branch_operator.py
[2021-12-08 18:26:41,825] {processor.py:637} INFO - DAG(s) dict_keys(['example_branch_operator']) retrieved from /usr/local/lib/python3.8/dist-packages/airflow/example_dags/example_branch_operator.py
[2021-12-08 18:26:41,829] {logging_mixin.py:109} WARNING - /usr/local/lib/python3.8/dist-packages/airflow/models/serialized_dag.py:120 SAWarning: TypeDecorator UtcDateTime(timezone=True) will not produce a cache key because the ``cache_ok`` flag is not set to True.  Set this flag to True if this type object's state is safe to use in a cache key, or False to disable this warning.
[2021-12-08 18:26:41,838] {logging_mixin.py:109} INFO - [2021-12-08 18:26:41,838] {dag.py:2396} INFO - Sync 1 DAGs
[2021-12-08 18:26:41,846] {logging_mixin.py:109} WARNING - /usr/local/lib/python3.8/dist-packages/airflow/models/dag.py:2433 SAWarning: TypeDecorator UtcDateTime(timezone=True) will not produce a cache key because the ``cache_ok`` flag is not set to True.  Set this flag to True if this type object's state is safe to use in a cache key, or False to disable this warning.
[2021-12-08 18:26:41,860] {logging_mixin.py:109} INFO - [2021-12-08 18:26:41,859] {dag.py:2928} INFO - Setting next_dagrun for example_branch_operator to 2021-12-07 00:00:00+00:00
[2021-12-08 18:26:42,061] {processor.py:171} INFO - Processing /usr/local/lib/python3.8/dist-packages/airflow/example_dags/example_branch_operator.py took 0.264 seconds
[2021-12-08 18:27:40,896] {processor.py:163} INFO - Started process (PID=403) to work on /usr/local/lib/python3.8/dist-packages/airflow/example_dags/example_branch_operator.py
[2021-12-08 18:27:40,907] {processor.py:625} INFO - Processing file /usr/local/lib/python3.8/dist-packages/airflow/example_dags/example_branch_operator.py for tasks to queue
[2021-12-08 18:27:40,908] {logging_mixin.py:109} INFO - [2021-12-08 18:27:40,908] {dagbag.py:500} INFO - Filling up the DagBag from /usr/local/lib/python3.8/dist-packages/airflow/example_dags/example_branch_operator.py
[2021-12-08 18:27:40,937] {processor.py:637} INFO - DAG(s) dict_keys(['example_branch_operator']) retrieved from /usr/local/lib/python3.8/dist-packages/airflow/example_dags/example_branch_operator.py
[2021-12-08 18:27:40,943] {logging_mixin.py:109} WARNING - /usr/local/lib/python3.8/dist-packages/airflow/models/serialized_dag.py:120 SAWarning: TypeDecorator UtcDateTime(timezone=True) will not produce a cache key because the ``cache_ok`` flag is not set to True.  Set this flag to True if this type object's state is safe to use in a cache key, or False to disable this warning.
[2021-12-08 18:27:40,950] {logging_mixin.py:109} INFO - [2021-12-08 18:27:40,950] {dag.py:2396} INFO - Sync 1 DAGs
[2021-12-08 18:27:40,958] {logging_mixin.py:109} WARNING - /usr/local/lib/python3.8/dist-packages/airflow/models/dag.py:2433 SAWarning: TypeDecorator UtcDateTime(timezone=True) will not produce a cache key because the ``cache_ok`` flag is not set to True.  Set this flag to True if this type object's state is safe to use in a cache key, or False to disable this warning.
[2021-12-08 18:27:40,965] {logging_mixin.py:109} INFO - [2021-12-08 18:27:40,965] {dag.py:2928} INFO - Setting next_dagrun for example_branch_operator to 2021-12-07 00:00:00+00:00
[2021-12-08 18:27:41,242] {processor.py:171} INFO - Processing /usr/local/lib/python3.8/dist-packages/airflow/example_dags/example_branch_operator.py took 0.348 seconds
[2021-12-08 18:28:38,898] {processor.py:163} INFO - Started process (PID=446) to work on /usr/local/lib/python3.8/dist-packages/airflow/example_dags/example_branch_operator.py
[2021-12-08 18:28:38,909] {processor.py:625} INFO - Processing file /usr/local/lib/python3.8/dist-packages/airflow/example_dags/example_branch_operator.py for tasks to queue
[2021-12-08 18:28:38,910] {logging_mixin.py:109} INFO - [2021-12-08 18:28:38,909] {dagbag.py:500} INFO - Filling up the DagBag from /usr/local/lib/python3.8/dist-packages/airflow/example_dags/example_branch_operator.py
[2021-12-08 18:28:38,928] {processor.py:637} INFO - DAG(s) dict_keys(['example_branch_operator']) retrieved from /usr/local/lib/python3.8/dist-packages/airflow/example_dags/example_branch_operator.py
[2021-12-08 18:28:38,932] {logging_mixin.py:109} WARNING - /usr/local/lib/python3.8/dist-packages/airflow/models/serialized_dag.py:120 SAWarning: TypeDecorator UtcDateTime(timezone=True) will not produce a cache key because the ``cache_ok`` flag is not set to True.  Set this flag to True if this type object's state is safe to use in a cache key, or False to disable this warning.
[2021-12-08 18:28:38,938] {logging_mixin.py:109} INFO - [2021-12-08 18:28:38,938] {dag.py:2396} INFO - Sync 1 DAGs
[2021-12-08 18:28:38,946] {logging_mixin.py:109} WARNING - /usr/local/lib/python3.8/dist-packages/airflow/models/dag.py:2433 SAWarning: TypeDecorator UtcDateTime(timezone=True) will not produce a cache key because the ``cache_ok`` flag is not set to True.  Set this flag to True if this type object's state is safe to use in a cache key, or False to disable this warning.
[2021-12-08 18:28:38,953] {logging_mixin.py:109} INFO - [2021-12-08 18:28:38,953] {dag.py:2928} INFO - Setting next_dagrun for example_branch_operator to 2021-12-07 00:00:00+00:00
[2021-12-08 18:28:39,107] {processor.py:171} INFO - Processing /usr/local/lib/python3.8/dist-packages/airflow/example_dags/example_branch_operator.py took 0.212 seconds
[2021-12-08 18:29:35,238] {processor.py:163} INFO - Started process (PID=487) to work on /usr/local/lib/python3.8/dist-packages/airflow/example_dags/example_branch_operator.py
[2021-12-08 18:29:35,255] {processor.py:625} INFO - Processing file /usr/local/lib/python3.8/dist-packages/airflow/example_dags/example_branch_operator.py for tasks to queue
[2021-12-08 18:29:35,256] {logging_mixin.py:109} INFO - [2021-12-08 18:29:35,256] {dagbag.py:500} INFO - Filling up the DagBag from /usr/local/lib/python3.8/dist-packages/airflow/example_dags/example_branch_operator.py
[2021-12-08 18:29:35,286] {processor.py:637} INFO - DAG(s) dict_keys(['example_branch_operator']) retrieved from /usr/local/lib/python3.8/dist-packages/airflow/example_dags/example_branch_operator.py
[2021-12-08 18:29:35,290] {logging_mixin.py:109} WARNING - /usr/local/lib/python3.8/dist-packages/airflow/models/serialized_dag.py:120 SAWarning: TypeDecorator UtcDateTime(timezone=True) will not produce a cache key because the ``cache_ok`` flag is not set to True.  Set this flag to True if this type object's state is safe to use in a cache key, or False to disable this warning.
[2021-12-08 18:29:35,297] {logging_mixin.py:109} INFO - [2021-12-08 18:29:35,297] {dag.py:2396} INFO - Sync 1 DAGs
[2021-12-08 18:29:35,305] {logging_mixin.py:109} WARNING - /usr/local/lib/python3.8/dist-packages/airflow/models/dag.py:2433 SAWarning: TypeDecorator UtcDateTime(timezone=True) will not produce a cache key because the ``cache_ok`` flag is not set to True.  Set this flag to True if this type object's state is safe to use in a cache key, or False to disable this warning.
[2021-12-08 18:29:35,311] {logging_mixin.py:109} INFO - [2021-12-08 18:29:35,311] {dag.py:2928} INFO - Setting next_dagrun for example_branch_operator to 2021-12-07 00:00:00+00:00
[2021-12-08 18:29:35,463] {processor.py:171} INFO - Processing /usr/local/lib/python3.8/dist-packages/airflow/example_dags/example_branch_operator.py took 0.229 seconds
[2021-12-08 18:30:31,575] {processor.py:163} INFO - Started process (PID=529) to work on /usr/local/lib/python3.8/dist-packages/airflow/example_dags/example_branch_operator.py
[2021-12-08 18:30:31,579] {processor.py:625} INFO - Processing file /usr/local/lib/python3.8/dist-packages/airflow/example_dags/example_branch_operator.py for tasks to queue
[2021-12-08 18:30:31,580] {logging_mixin.py:109} INFO - [2021-12-08 18:30:31,580] {dagbag.py:500} INFO - Filling up the DagBag from /usr/local/lib/python3.8/dist-packages/airflow/example_dags/example_branch_operator.py
[2021-12-08 18:30:31,599] {processor.py:637} INFO - DAG(s) dict_keys(['example_branch_operator']) retrieved from /usr/local/lib/python3.8/dist-packages/airflow/example_dags/example_branch_operator.py
[2021-12-08 18:30:31,602] {logging_mixin.py:109} WARNING - /usr/local/lib/python3.8/dist-packages/airflow/models/serialized_dag.py:120 SAWarning: TypeDecorator UtcDateTime(timezone=True) will not produce a cache key because the ``cache_ok`` flag is not set to True.  Set this flag to True if this type object's state is safe to use in a cache key, or False to disable this warning.
[2021-12-08 18:30:31,609] {logging_mixin.py:109} INFO - [2021-12-08 18:30:31,609] {dag.py:2396} INFO - Sync 1 DAGs
[2021-12-08 18:30:31,617] {logging_mixin.py:109} WARNING - /usr/local/lib/python3.8/dist-packages/airflow/models/dag.py:2433 SAWarning: TypeDecorator UtcDateTime(timezone=True) will not produce a cache key because the ``cache_ok`` flag is not set to True.  Set this flag to True if this type object's state is safe to use in a cache key, or False to disable this warning.
[2021-12-08 18:30:31,624] {logging_mixin.py:109} INFO - [2021-12-08 18:30:31,624] {dag.py:2928} INFO - Setting next_dagrun for example_branch_operator to 2021-12-07 00:00:00+00:00
[2021-12-08 18:30:31,789] {processor.py:171} INFO - Processing /usr/local/lib/python3.8/dist-packages/airflow/example_dags/example_branch_operator.py took 0.216 seconds
[2021-12-08 18:31:27,357] {processor.py:163} INFO - Started process (PID=571) to work on /usr/local/lib/python3.8/dist-packages/airflow/example_dags/example_branch_operator.py
[2021-12-08 18:31:27,368] {processor.py:625} INFO - Processing file /usr/local/lib/python3.8/dist-packages/airflow/example_dags/example_branch_operator.py for tasks to queue
[2021-12-08 18:31:27,369] {logging_mixin.py:109} INFO - [2021-12-08 18:31:27,369] {dagbag.py:500} INFO - Filling up the DagBag from /usr/local/lib/python3.8/dist-packages/airflow/example_dags/example_branch_operator.py
[2021-12-08 18:31:27,387] {processor.py:637} INFO - DAG(s) dict_keys(['example_branch_operator']) retrieved from /usr/local/lib/python3.8/dist-packages/airflow/example_dags/example_branch_operator.py
[2021-12-08 18:31:27,390] {logging_mixin.py:109} WARNING - /usr/local/lib/python3.8/dist-packages/airflow/models/serialized_dag.py:120 SAWarning: TypeDecorator UtcDateTime(timezone=True) will not produce a cache key because the ``cache_ok`` flag is not set to True.  Set this flag to True if this type object's state is safe to use in a cache key, or False to disable this warning.
[2021-12-08 18:31:27,397] {logging_mixin.py:109} INFO - [2021-12-08 18:31:27,397] {dag.py:2396} INFO - Sync 1 DAGs
[2021-12-08 18:31:27,405] {logging_mixin.py:109} WARNING - /usr/local/lib/python3.8/dist-packages/airflow/models/dag.py:2433 SAWarning: TypeDecorator UtcDateTime(timezone=True) will not produce a cache key because the ``cache_ok`` flag is not set to True.  Set this flag to True if this type object's state is safe to use in a cache key, or False to disable this warning.
[2021-12-08 18:31:27,412] {logging_mixin.py:109} INFO - [2021-12-08 18:31:27,412] {dag.py:2928} INFO - Setting next_dagrun for example_branch_operator to 2021-12-07 00:00:00+00:00
[2021-12-08 18:31:27,568] {processor.py:171} INFO - Processing /usr/local/lib/python3.8/dist-packages/airflow/example_dags/example_branch_operator.py took 0.213 seconds
[2021-12-08 18:32:24,564] {processor.py:163} INFO - Started process (PID=613) to work on /usr/local/lib/python3.8/dist-packages/airflow/example_dags/example_branch_operator.py
[2021-12-08 18:32:24,605] {processor.py:625} INFO - Processing file /usr/local/lib/python3.8/dist-packages/airflow/example_dags/example_branch_operator.py for tasks to queue
[2021-12-08 18:32:24,606] {logging_mixin.py:109} INFO - [2021-12-08 18:32:24,606] {dagbag.py:500} INFO - Filling up the DagBag from /usr/local/lib/python3.8/dist-packages/airflow/example_dags/example_branch_operator.py
[2021-12-08 18:32:24,640] {processor.py:637} INFO - DAG(s) dict_keys(['example_branch_operator']) retrieved from /usr/local/lib/python3.8/dist-packages/airflow/example_dags/example_branch_operator.py
[2021-12-08 18:32:24,644] {logging_mixin.py:109} WARNING - /usr/local/lib/python3.8/dist-packages/airflow/models/serialized_dag.py:120 SAWarning: TypeDecorator UtcDateTime(timezone=True) will not produce a cache key because the ``cache_ok`` flag is not set to True.  Set this flag to True if this type object's state is safe to use in a cache key, or False to disable this warning.
[2021-12-08 18:32:24,651] {logging_mixin.py:109} INFO - [2021-12-08 18:32:24,651] {dag.py:2396} INFO - Sync 1 DAGs
[2021-12-08 18:32:24,659] {logging_mixin.py:109} WARNING - /usr/local/lib/python3.8/dist-packages/airflow/models/dag.py:2433 SAWarning: TypeDecorator UtcDateTime(timezone=True) will not produce a cache key because the ``cache_ok`` flag is not set to True.  Set this flag to True if this type object's state is safe to use in a cache key, or False to disable this warning.
[2021-12-08 18:32:24,666] {logging_mixin.py:109} INFO - [2021-12-08 18:32:24,666] {dag.py:2928} INFO - Setting next_dagrun for example_branch_operator to 2021-12-07 00:00:00+00:00
[2021-12-08 18:32:24,816] {processor.py:171} INFO - Processing /usr/local/lib/python3.8/dist-packages/airflow/example_dags/example_branch_operator.py took 0.255 seconds
[2021-12-08 18:33:22,110] {processor.py:163} INFO - Started process (PID=656) to work on /usr/local/lib/python3.8/dist-packages/airflow/example_dags/example_branch_operator.py
[2021-12-08 18:33:22,112] {processor.py:625} INFO - Processing file /usr/local/lib/python3.8/dist-packages/airflow/example_dags/example_branch_operator.py for tasks to queue
[2021-12-08 18:33:22,112] {logging_mixin.py:109} INFO - [2021-12-08 18:33:22,112] {dagbag.py:500} INFO - Filling up the DagBag from /usr/local/lib/python3.8/dist-packages/airflow/example_dags/example_branch_operator.py
[2021-12-08 18:33:22,133] {processor.py:637} INFO - DAG(s) dict_keys(['example_branch_operator']) retrieved from /usr/local/lib/python3.8/dist-packages/airflow/example_dags/example_branch_operator.py
[2021-12-08 18:33:22,136] {logging_mixin.py:109} WARNING - /usr/local/lib/python3.8/dist-packages/airflow/models/serialized_dag.py:120 SAWarning: TypeDecorator UtcDateTime(timezone=True) will not produce a cache key because the ``cache_ok`` flag is not set to True.  Set this flag to True if this type object's state is safe to use in a cache key, or False to disable this warning.
[2021-12-08 18:33:22,143] {logging_mixin.py:109} INFO - [2021-12-08 18:33:22,143] {dag.py:2396} INFO - Sync 1 DAGs
[2021-12-08 18:33:22,151] {logging_mixin.py:109} WARNING - /usr/local/lib/python3.8/dist-packages/airflow/models/dag.py:2433 SAWarning: TypeDecorator UtcDateTime(timezone=True) will not produce a cache key because the ``cache_ok`` flag is not set to True.  Set this flag to True if this type object's state is safe to use in a cache key, or False to disable this warning.
[2021-12-08 18:33:22,158] {logging_mixin.py:109} INFO - [2021-12-08 18:33:22,158] {dag.py:2928} INFO - Setting next_dagrun for example_branch_operator to 2021-12-07 00:00:00+00:00
[2021-12-08 18:33:22,330] {processor.py:171} INFO - Processing /usr/local/lib/python3.8/dist-packages/airflow/example_dags/example_branch_operator.py took 0.224 seconds
[2021-12-08 18:34:11,748] {processor.py:163} INFO - Started process (PID=694) to work on /usr/local/lib/python3.8/dist-packages/airflow/example_dags/example_branch_operator.py
[2021-12-08 18:34:11,762] {processor.py:625} INFO - Processing file /usr/local/lib/python3.8/dist-packages/airflow/example_dags/example_branch_operator.py for tasks to queue
[2021-12-08 18:34:11,763] {logging_mixin.py:109} INFO - [2021-12-08 18:34:11,763] {dagbag.py:500} INFO - Filling up the DagBag from /usr/local/lib/python3.8/dist-packages/airflow/example_dags/example_branch_operator.py
[2021-12-08 18:34:11,782] {processor.py:637} INFO - DAG(s) dict_keys(['example_branch_operator']) retrieved from /usr/local/lib/python3.8/dist-packages/airflow/example_dags/example_branch_operator.py
[2021-12-08 18:34:11,785] {logging_mixin.py:109} WARNING - /usr/local/lib/python3.8/dist-packages/airflow/models/serialized_dag.py:120 SAWarning: TypeDecorator UtcDateTime(timezone=True) will not produce a cache key because the ``cache_ok`` flag is not set to True.  Set this flag to True if this type object's state is safe to use in a cache key, or False to disable this warning.
[2021-12-08 18:34:11,792] {logging_mixin.py:109} INFO - [2021-12-08 18:34:11,792] {dag.py:2396} INFO - Sync 1 DAGs
[2021-12-08 18:34:11,800] {logging_mixin.py:109} WARNING - /usr/local/lib/python3.8/dist-packages/airflow/models/dag.py:2433 SAWarning: TypeDecorator UtcDateTime(timezone=True) will not produce a cache key because the ``cache_ok`` flag is not set to True.  Set this flag to True if this type object's state is safe to use in a cache key, or False to disable this warning.
[2021-12-08 18:34:11,807] {logging_mixin.py:109} INFO - [2021-12-08 18:34:11,807] {dag.py:2928} INFO - Setting next_dagrun for example_branch_operator to 2021-12-07 00:00:00+00:00
[2021-12-08 18:34:12,019] {processor.py:171} INFO - Processing /usr/local/lib/python3.8/dist-packages/airflow/example_dags/example_branch_operator.py took 0.273 seconds
[2021-12-08 18:35:10,444] {processor.py:163} INFO - Started process (PID=737) to work on /usr/local/lib/python3.8/dist-packages/airflow/example_dags/example_branch_operator.py
[2021-12-08 18:35:10,455] {processor.py:625} INFO - Processing file /usr/local/lib/python3.8/dist-packages/airflow/example_dags/example_branch_operator.py for tasks to queue
[2021-12-08 18:35:10,456] {logging_mixin.py:109} INFO - [2021-12-08 18:35:10,456] {dagbag.py:500} INFO - Filling up the DagBag from /usr/local/lib/python3.8/dist-packages/airflow/example_dags/example_branch_operator.py
[2021-12-08 18:35:10,481] {processor.py:637} INFO - DAG(s) dict_keys(['example_branch_operator']) retrieved from /usr/local/lib/python3.8/dist-packages/airflow/example_dags/example_branch_operator.py
[2021-12-08 18:35:10,485] {logging_mixin.py:109} WARNING - /usr/local/lib/python3.8/dist-packages/airflow/models/serialized_dag.py:120 SAWarning: TypeDecorator UtcDateTime(timezone=True) will not produce a cache key because the ``cache_ok`` flag is not set to True.  Set this flag to True if this type object's state is safe to use in a cache key, or False to disable this warning.
[2021-12-08 18:35:10,493] {logging_mixin.py:109} INFO - [2021-12-08 18:35:10,493] {dag.py:2396} INFO - Sync 1 DAGs
[2021-12-08 18:35:10,503] {logging_mixin.py:109} WARNING - /usr/local/lib/python3.8/dist-packages/airflow/models/dag.py:2433 SAWarning: TypeDecorator UtcDateTime(timezone=True) will not produce a cache key because the ``cache_ok`` flag is not set to True.  Set this flag to True if this type object's state is safe to use in a cache key, or False to disable this warning.
[2021-12-08 18:35:10,510] {logging_mixin.py:109} INFO - [2021-12-08 18:35:10,510] {dag.py:2928} INFO - Setting next_dagrun for example_branch_operator to 2021-12-07 00:00:00+00:00
[2021-12-08 18:35:10,758] {processor.py:171} INFO - Processing /usr/local/lib/python3.8/dist-packages/airflow/example_dags/example_branch_operator.py took 0.321 seconds
