[2021-12-08 18:22:52,461] {processor.py:163} INFO - Started process (PID=192) to work on /usr/local/lib/python3.8/dist-packages/airflow/example_dags/example_task_group.py
[2021-12-08 18:22:52,462] {processor.py:625} INFO - Processing file /usr/local/lib/python3.8/dist-packages/airflow/example_dags/example_task_group.py for tasks to queue
[2021-12-08 18:22:52,462] {logging_mixin.py:109} INFO - [2021-12-08 18:22:52,462] {dagbag.py:500} INFO - Filling up the DagBag from /usr/local/lib/python3.8/dist-packages/airflow/example_dags/example_task_group.py
[2021-12-08 18:22:52,480] {processor.py:637} INFO - DAG(s) dict_keys(['example_task_group']) retrieved from /usr/local/lib/python3.8/dist-packages/airflow/example_dags/example_task_group.py
[2021-12-08 18:22:52,483] {logging_mixin.py:109} WARNING - /usr/local/lib/python3.8/dist-packages/airflow/models/serialized_dag.py:120 SAWarning: TypeDecorator UtcDateTime(timezone=True) will not produce a cache key because the ``cache_ok`` flag is not set to True.  Set this flag to True if this type object's state is safe to use in a cache key, or False to disable this warning.
[2021-12-08 18:22:52,490] {logging_mixin.py:109} INFO - [2021-12-08 18:22:52,490] {dag.py:2396} INFO - Sync 1 DAGs
[2021-12-08 18:22:52,498] {logging_mixin.py:109} WARNING - /usr/local/lib/python3.8/dist-packages/airflow/models/dag.py:2433 SAWarning: TypeDecorator UtcDateTime(timezone=True) will not produce a cache key because the ``cache_ok`` flag is not set to True.  Set this flag to True if this type object's state is safe to use in a cache key, or False to disable this warning.
[2021-12-08 18:22:52,505] {logging_mixin.py:109} INFO - [2021-12-08 18:22:52,505] {dag.py:2928} INFO - Setting next_dagrun for example_task_group to 2021-12-07T12:52:52.505602+00:00
[2021-12-08 18:22:52,684] {processor.py:171} INFO - Processing /usr/local/lib/python3.8/dist-packages/airflow/example_dags/example_task_group.py took 0.225 seconds
[2021-12-08 18:23:40,776] {processor.py:163} INFO - Started process (PID=227) to work on /usr/local/lib/python3.8/dist-packages/airflow/example_dags/example_task_group.py
[2021-12-08 18:23:40,793] {processor.py:625} INFO - Processing file /usr/local/lib/python3.8/dist-packages/airflow/example_dags/example_task_group.py for tasks to queue
[2021-12-08 18:23:40,794] {logging_mixin.py:109} INFO - [2021-12-08 18:23:40,794] {dagbag.py:500} INFO - Filling up the DagBag from /usr/local/lib/python3.8/dist-packages/airflow/example_dags/example_task_group.py
[2021-12-08 18:23:40,814] {processor.py:637} INFO - DAG(s) dict_keys(['example_task_group']) retrieved from /usr/local/lib/python3.8/dist-packages/airflow/example_dags/example_task_group.py
[2021-12-08 18:23:40,817] {logging_mixin.py:109} WARNING - /usr/local/lib/python3.8/dist-packages/airflow/models/serialized_dag.py:120 SAWarning: TypeDecorator UtcDateTime(timezone=True) will not produce a cache key because the ``cache_ok`` flag is not set to True.  Set this flag to True if this type object's state is safe to use in a cache key, or False to disable this warning.
[2021-12-08 18:23:40,824] {logging_mixin.py:109} INFO - [2021-12-08 18:23:40,824] {dag.py:2396} INFO - Sync 1 DAGs
[2021-12-08 18:23:40,833] {logging_mixin.py:109} WARNING - /usr/local/lib/python3.8/dist-packages/airflow/models/dag.py:2433 SAWarning: TypeDecorator UtcDateTime(timezone=True) will not produce a cache key because the ``cache_ok`` flag is not set to True.  Set this flag to True if this type object's state is safe to use in a cache key, or False to disable this warning.
[2021-12-08 18:23:40,839] {logging_mixin.py:109} INFO - [2021-12-08 18:23:40,839] {dag.py:2928} INFO - Setting next_dagrun for example_task_group to 2021-12-07T12:53:40.839392+00:00
[2021-12-08 18:23:41,158] {processor.py:171} INFO - Processing /usr/local/lib/python3.8/dist-packages/airflow/example_dags/example_task_group.py took 0.385 seconds
[2021-12-08 18:24:30,725] {processor.py:163} INFO - Started process (PID=264) to work on /usr/local/lib/python3.8/dist-packages/airflow/example_dags/example_task_group.py
[2021-12-08 18:24:30,739] {processor.py:625} INFO - Processing file /usr/local/lib/python3.8/dist-packages/airflow/example_dags/example_task_group.py for tasks to queue
[2021-12-08 18:24:30,740] {logging_mixin.py:109} INFO - [2021-12-08 18:24:30,740] {dagbag.py:500} INFO - Filling up the DagBag from /usr/local/lib/python3.8/dist-packages/airflow/example_dags/example_task_group.py
[2021-12-08 18:24:30,761] {processor.py:637} INFO - DAG(s) dict_keys(['example_task_group']) retrieved from /usr/local/lib/python3.8/dist-packages/airflow/example_dags/example_task_group.py
[2021-12-08 18:24:30,764] {logging_mixin.py:109} WARNING - /usr/local/lib/python3.8/dist-packages/airflow/models/serialized_dag.py:120 SAWarning: TypeDecorator UtcDateTime(timezone=True) will not produce a cache key because the ``cache_ok`` flag is not set to True.  Set this flag to True if this type object's state is safe to use in a cache key, or False to disable this warning.
[2021-12-08 18:24:30,772] {logging_mixin.py:109} INFO - [2021-12-08 18:24:30,772] {dag.py:2396} INFO - Sync 1 DAGs
[2021-12-08 18:24:30,781] {logging_mixin.py:109} WARNING - /usr/local/lib/python3.8/dist-packages/airflow/models/dag.py:2433 SAWarning: TypeDecorator UtcDateTime(timezone=True) will not produce a cache key because the ``cache_ok`` flag is not set to True.  Set this flag to True if this type object's state is safe to use in a cache key, or False to disable this warning.
[2021-12-08 18:24:30,787] {logging_mixin.py:109} INFO - [2021-12-08 18:24:30,787] {dag.py:2928} INFO - Setting next_dagrun for example_task_group to 2021-12-07T12:54:30.787592+00:00
[2021-12-08 18:24:30,967] {processor.py:171} INFO - Processing /usr/local/lib/python3.8/dist-packages/airflow/example_dags/example_task_group.py took 0.246 seconds
[2021-12-08 18:25:09,756] {processor.py:163} INFO - Started process (PID=292) to work on /usr/local/lib/python3.8/dist-packages/airflow/example_dags/example_task_group.py
[2021-12-08 18:25:09,757] {processor.py:625} INFO - Processing file /usr/local/lib/python3.8/dist-packages/airflow/example_dags/example_task_group.py for tasks to queue
[2021-12-08 18:25:09,757] {logging_mixin.py:109} INFO - [2021-12-08 18:25:09,757] {dagbag.py:500} INFO - Filling up the DagBag from /usr/local/lib/python3.8/dist-packages/airflow/example_dags/example_task_group.py
[2021-12-08 18:25:09,776] {processor.py:637} INFO - DAG(s) dict_keys(['example_task_group']) retrieved from /usr/local/lib/python3.8/dist-packages/airflow/example_dags/example_task_group.py
[2021-12-08 18:25:09,779] {logging_mixin.py:109} WARNING - /usr/local/lib/python3.8/dist-packages/airflow/models/serialized_dag.py:120 SAWarning: TypeDecorator UtcDateTime(timezone=True) will not produce a cache key because the ``cache_ok`` flag is not set to True.  Set this flag to True if this type object's state is safe to use in a cache key, or False to disable this warning.
[2021-12-08 18:25:09,787] {logging_mixin.py:109} INFO - [2021-12-08 18:25:09,787] {dag.py:2396} INFO - Sync 1 DAGs
[2021-12-08 18:25:09,795] {logging_mixin.py:109} WARNING - /usr/local/lib/python3.8/dist-packages/airflow/models/dag.py:2433 SAWarning: TypeDecorator UtcDateTime(timezone=True) will not produce a cache key because the ``cache_ok`` flag is not set to True.  Set this flag to True if this type object's state is safe to use in a cache key, or False to disable this warning.
[2021-12-08 18:25:09,801] {logging_mixin.py:109} INFO - [2021-12-08 18:25:09,801] {dag.py:2928} INFO - Setting next_dagrun for example_task_group to 2021-12-07T12:55:09.801524+00:00
[2021-12-08 18:25:09,947] {processor.py:171} INFO - Processing /usr/local/lib/python3.8/dist-packages/airflow/example_dags/example_task_group.py took 0.194 seconds
[2021-12-08 18:25:48,527] {processor.py:163} INFO - Started process (PID=321) to work on /usr/local/lib/python3.8/dist-packages/airflow/example_dags/example_task_group.py
[2021-12-08 18:25:48,559] {processor.py:625} INFO - Processing file /usr/local/lib/python3.8/dist-packages/airflow/example_dags/example_task_group.py for tasks to queue
[2021-12-08 18:25:48,560] {logging_mixin.py:109} INFO - [2021-12-08 18:25:48,560] {dagbag.py:500} INFO - Filling up the DagBag from /usr/local/lib/python3.8/dist-packages/airflow/example_dags/example_task_group.py
[2021-12-08 18:25:48,581] {processor.py:637} INFO - DAG(s) dict_keys(['example_task_group']) retrieved from /usr/local/lib/python3.8/dist-packages/airflow/example_dags/example_task_group.py
[2021-12-08 18:25:48,585] {logging_mixin.py:109} WARNING - /usr/local/lib/python3.8/dist-packages/airflow/models/serialized_dag.py:120 SAWarning: TypeDecorator UtcDateTime(timezone=True) will not produce a cache key because the ``cache_ok`` flag is not set to True.  Set this flag to True if this type object's state is safe to use in a cache key, or False to disable this warning.
[2021-12-08 18:25:48,592] {logging_mixin.py:109} INFO - [2021-12-08 18:25:48,592] {dag.py:2396} INFO - Sync 1 DAGs
[2021-12-08 18:25:48,600] {logging_mixin.py:109} WARNING - /usr/local/lib/python3.8/dist-packages/airflow/models/dag.py:2433 SAWarning: TypeDecorator UtcDateTime(timezone=True) will not produce a cache key because the ``cache_ok`` flag is not set to True.  Set this flag to True if this type object's state is safe to use in a cache key, or False to disable this warning.
[2021-12-08 18:25:48,606] {logging_mixin.py:109} INFO - [2021-12-08 18:25:48,606] {dag.py:2928} INFO - Setting next_dagrun for example_task_group to 2021-12-07T12:55:48.606094+00:00
[2021-12-08 18:25:48,781] {processor.py:171} INFO - Processing /usr/local/lib/python3.8/dist-packages/airflow/example_dags/example_task_group.py took 0.256 seconds
[2021-12-08 18:26:27,424] {processor.py:163} INFO - Started process (PID=350) to work on /usr/local/lib/python3.8/dist-packages/airflow/example_dags/example_task_group.py
[2021-12-08 18:26:27,425] {processor.py:625} INFO - Processing file /usr/local/lib/python3.8/dist-packages/airflow/example_dags/example_task_group.py for tasks to queue
[2021-12-08 18:26:27,425] {logging_mixin.py:109} INFO - [2021-12-08 18:26:27,425] {dagbag.py:500} INFO - Filling up the DagBag from /usr/local/lib/python3.8/dist-packages/airflow/example_dags/example_task_group.py
[2021-12-08 18:26:27,444] {processor.py:637} INFO - DAG(s) dict_keys(['example_task_group']) retrieved from /usr/local/lib/python3.8/dist-packages/airflow/example_dags/example_task_group.py
[2021-12-08 18:26:27,447] {logging_mixin.py:109} WARNING - /usr/local/lib/python3.8/dist-packages/airflow/models/serialized_dag.py:120 SAWarning: TypeDecorator UtcDateTime(timezone=True) will not produce a cache key because the ``cache_ok`` flag is not set to True.  Set this flag to True if this type object's state is safe to use in a cache key, or False to disable this warning.
[2021-12-08 18:26:27,454] {logging_mixin.py:109} INFO - [2021-12-08 18:26:27,454] {dag.py:2396} INFO - Sync 1 DAGs
[2021-12-08 18:26:27,462] {logging_mixin.py:109} WARNING - /usr/local/lib/python3.8/dist-packages/airflow/models/dag.py:2433 SAWarning: TypeDecorator UtcDateTime(timezone=True) will not produce a cache key because the ``cache_ok`` flag is not set to True.  Set this flag to True if this type object's state is safe to use in a cache key, or False to disable this warning.
[2021-12-08 18:26:27,468] {logging_mixin.py:109} INFO - [2021-12-08 18:26:27,468] {dag.py:2928} INFO - Setting next_dagrun for example_task_group to 2021-12-07T12:56:27.468149+00:00
[2021-12-08 18:26:27,647] {processor.py:171} INFO - Processing /usr/local/lib/python3.8/dist-packages/airflow/example_dags/example_task_group.py took 0.226 seconds
[2021-12-08 18:27:05,213] {processor.py:163} INFO - Started process (PID=378) to work on /usr/local/lib/python3.8/dist-packages/airflow/example_dags/example_task_group.py
[2021-12-08 18:27:05,232] {processor.py:625} INFO - Processing file /usr/local/lib/python3.8/dist-packages/airflow/example_dags/example_task_group.py for tasks to queue
[2021-12-08 18:27:05,232] {logging_mixin.py:109} INFO - [2021-12-08 18:27:05,232] {dagbag.py:500} INFO - Filling up the DagBag from /usr/local/lib/python3.8/dist-packages/airflow/example_dags/example_task_group.py
[2021-12-08 18:27:05,251] {processor.py:637} INFO - DAG(s) dict_keys(['example_task_group']) retrieved from /usr/local/lib/python3.8/dist-packages/airflow/example_dags/example_task_group.py
[2021-12-08 18:27:05,255] {logging_mixin.py:109} WARNING - /usr/local/lib/python3.8/dist-packages/airflow/models/serialized_dag.py:120 SAWarning: TypeDecorator UtcDateTime(timezone=True) will not produce a cache key because the ``cache_ok`` flag is not set to True.  Set this flag to True if this type object's state is safe to use in a cache key, or False to disable this warning.
[2021-12-08 18:27:05,261] {logging_mixin.py:109} INFO - [2021-12-08 18:27:05,261] {dag.py:2396} INFO - Sync 1 DAGs
[2021-12-08 18:27:05,270] {logging_mixin.py:109} WARNING - /usr/local/lib/python3.8/dist-packages/airflow/models/dag.py:2433 SAWarning: TypeDecorator UtcDateTime(timezone=True) will not produce a cache key because the ``cache_ok`` flag is not set to True.  Set this flag to True if this type object's state is safe to use in a cache key, or False to disable this warning.
[2021-12-08 18:27:05,277] {logging_mixin.py:109} INFO - [2021-12-08 18:27:05,277] {dag.py:2928} INFO - Setting next_dagrun for example_task_group to 2021-12-07T12:57:05.277064+00:00
[2021-12-08 18:27:05,415] {processor.py:171} INFO - Processing /usr/local/lib/python3.8/dist-packages/airflow/example_dags/example_task_group.py took 0.204 seconds
[2021-12-08 18:27:46,505] {processor.py:163} INFO - Started process (PID=407) to work on /usr/local/lib/python3.8/dist-packages/airflow/example_dags/example_task_group.py
[2021-12-08 18:27:46,541] {processor.py:625} INFO - Processing file /usr/local/lib/python3.8/dist-packages/airflow/example_dags/example_task_group.py for tasks to queue
[2021-12-08 18:27:46,541] {logging_mixin.py:109} INFO - [2021-12-08 18:27:46,541] {dagbag.py:500} INFO - Filling up the DagBag from /usr/local/lib/python3.8/dist-packages/airflow/example_dags/example_task_group.py
[2021-12-08 18:27:46,563] {processor.py:637} INFO - DAG(s) dict_keys(['example_task_group']) retrieved from /usr/local/lib/python3.8/dist-packages/airflow/example_dags/example_task_group.py
[2021-12-08 18:27:46,567] {logging_mixin.py:109} WARNING - /usr/local/lib/python3.8/dist-packages/airflow/models/serialized_dag.py:120 SAWarning: TypeDecorator UtcDateTime(timezone=True) will not produce a cache key because the ``cache_ok`` flag is not set to True.  Set this flag to True if this type object's state is safe to use in a cache key, or False to disable this warning.
[2021-12-08 18:27:46,574] {logging_mixin.py:109} INFO - [2021-12-08 18:27:46,574] {dag.py:2396} INFO - Sync 1 DAGs
[2021-12-08 18:27:46,582] {logging_mixin.py:109} WARNING - /usr/local/lib/python3.8/dist-packages/airflow/models/dag.py:2433 SAWarning: TypeDecorator UtcDateTime(timezone=True) will not produce a cache key because the ``cache_ok`` flag is not set to True.  Set this flag to True if this type object's state is safe to use in a cache key, or False to disable this warning.
[2021-12-08 18:27:46,589] {logging_mixin.py:109} INFO - [2021-12-08 18:27:46,588] {dag.py:2928} INFO - Setting next_dagrun for example_task_group to 2021-12-07T12:57:46.588678+00:00
[2021-12-08 18:27:46,749] {processor.py:171} INFO - Processing /usr/local/lib/python3.8/dist-packages/airflow/example_dags/example_task_group.py took 0.249 seconds
[2021-12-08 18:28:27,962] {processor.py:163} INFO - Started process (PID=437) to work on /usr/local/lib/python3.8/dist-packages/airflow/example_dags/example_task_group.py
[2021-12-08 18:28:27,986] {processor.py:625} INFO - Processing file /usr/local/lib/python3.8/dist-packages/airflow/example_dags/example_task_group.py for tasks to queue
[2021-12-08 18:28:27,987] {logging_mixin.py:109} INFO - [2021-12-08 18:28:27,987] {dagbag.py:500} INFO - Filling up the DagBag from /usr/local/lib/python3.8/dist-packages/airflow/example_dags/example_task_group.py
[2021-12-08 18:28:28,013] {processor.py:637} INFO - DAG(s) dict_keys(['example_task_group']) retrieved from /usr/local/lib/python3.8/dist-packages/airflow/example_dags/example_task_group.py
[2021-12-08 18:28:28,016] {logging_mixin.py:109} WARNING - /usr/local/lib/python3.8/dist-packages/airflow/models/serialized_dag.py:120 SAWarning: TypeDecorator UtcDateTime(timezone=True) will not produce a cache key because the ``cache_ok`` flag is not set to True.  Set this flag to True if this type object's state is safe to use in a cache key, or False to disable this warning.
[2021-12-08 18:28:28,023] {logging_mixin.py:109} INFO - [2021-12-08 18:28:28,023] {dag.py:2396} INFO - Sync 1 DAGs
[2021-12-08 18:28:28,031] {logging_mixin.py:109} WARNING - /usr/local/lib/python3.8/dist-packages/airflow/models/dag.py:2433 SAWarning: TypeDecorator UtcDateTime(timezone=True) will not produce a cache key because the ``cache_ok`` flag is not set to True.  Set this flag to True if this type object's state is safe to use in a cache key, or False to disable this warning.
[2021-12-08 18:28:28,037] {logging_mixin.py:109} INFO - [2021-12-08 18:28:28,037] {dag.py:2928} INFO - Setting next_dagrun for example_task_group to 2021-12-07T12:58:28.037100+00:00
[2021-12-08 18:28:28,196] {processor.py:171} INFO - Processing /usr/local/lib/python3.8/dist-packages/airflow/example_dags/example_task_group.py took 0.237 seconds
[2021-12-08 18:29:03,455] {processor.py:163} INFO - Started process (PID=464) to work on /usr/local/lib/python3.8/dist-packages/airflow/example_dags/example_task_group.py
[2021-12-08 18:29:03,477] {processor.py:625} INFO - Processing file /usr/local/lib/python3.8/dist-packages/airflow/example_dags/example_task_group.py for tasks to queue
[2021-12-08 18:29:03,477] {logging_mixin.py:109} INFO - [2021-12-08 18:29:03,477] {dagbag.py:500} INFO - Filling up the DagBag from /usr/local/lib/python3.8/dist-packages/airflow/example_dags/example_task_group.py
[2021-12-08 18:29:03,498] {processor.py:637} INFO - DAG(s) dict_keys(['example_task_group']) retrieved from /usr/local/lib/python3.8/dist-packages/airflow/example_dags/example_task_group.py
[2021-12-08 18:29:03,501] {logging_mixin.py:109} WARNING - /usr/local/lib/python3.8/dist-packages/airflow/models/serialized_dag.py:120 SAWarning: TypeDecorator UtcDateTime(timezone=True) will not produce a cache key because the ``cache_ok`` flag is not set to True.  Set this flag to True if this type object's state is safe to use in a cache key, or False to disable this warning.
[2021-12-08 18:29:03,508] {logging_mixin.py:109} INFO - [2021-12-08 18:29:03,508] {dag.py:2396} INFO - Sync 1 DAGs
[2021-12-08 18:29:03,516] {logging_mixin.py:109} WARNING - /usr/local/lib/python3.8/dist-packages/airflow/models/dag.py:2433 SAWarning: TypeDecorator UtcDateTime(timezone=True) will not produce a cache key because the ``cache_ok`` flag is not set to True.  Set this flag to True if this type object's state is safe to use in a cache key, or False to disable this warning.
[2021-12-08 18:29:03,522] {logging_mixin.py:109} INFO - [2021-12-08 18:29:03,522] {dag.py:2928} INFO - Setting next_dagrun for example_task_group to 2021-12-07T12:59:03.522202+00:00
[2021-12-08 18:29:03,704] {processor.py:171} INFO - Processing /usr/local/lib/python3.8/dist-packages/airflow/example_dags/example_task_group.py took 0.251 seconds
[2021-12-08 18:29:43,648] {processor.py:163} INFO - Started process (PID=493) to work on /usr/local/lib/python3.8/dist-packages/airflow/example_dags/example_task_group.py
[2021-12-08 18:29:43,678] {processor.py:625} INFO - Processing file /usr/local/lib/python3.8/dist-packages/airflow/example_dags/example_task_group.py for tasks to queue
[2021-12-08 18:29:43,678] {logging_mixin.py:109} INFO - [2021-12-08 18:29:43,678] {dagbag.py:500} INFO - Filling up the DagBag from /usr/local/lib/python3.8/dist-packages/airflow/example_dags/example_task_group.py
[2021-12-08 18:29:43,701] {processor.py:637} INFO - DAG(s) dict_keys(['example_task_group']) retrieved from /usr/local/lib/python3.8/dist-packages/airflow/example_dags/example_task_group.py
[2021-12-08 18:29:43,704] {logging_mixin.py:109} WARNING - /usr/local/lib/python3.8/dist-packages/airflow/models/serialized_dag.py:120 SAWarning: TypeDecorator UtcDateTime(timezone=True) will not produce a cache key because the ``cache_ok`` flag is not set to True.  Set this flag to True if this type object's state is safe to use in a cache key, or False to disable this warning.
[2021-12-08 18:29:43,712] {logging_mixin.py:109} INFO - [2021-12-08 18:29:43,711] {dag.py:2396} INFO - Sync 1 DAGs
[2021-12-08 18:29:43,719] {logging_mixin.py:109} WARNING - /usr/local/lib/python3.8/dist-packages/airflow/models/dag.py:2433 SAWarning: TypeDecorator UtcDateTime(timezone=True) will not produce a cache key because the ``cache_ok`` flag is not set to True.  Set this flag to True if this type object's state is safe to use in a cache key, or False to disable this warning.
[2021-12-08 18:29:43,725] {logging_mixin.py:109} INFO - [2021-12-08 18:29:43,725] {dag.py:2928} INFO - Setting next_dagrun for example_task_group to 2021-12-07T12:59:43.725598+00:00
[2021-12-08 18:29:43,911] {processor.py:171} INFO - Processing /usr/local/lib/python3.8/dist-packages/airflow/example_dags/example_task_group.py took 0.265 seconds
[2021-12-08 18:30:21,878] {processor.py:163} INFO - Started process (PID=522) to work on /usr/local/lib/python3.8/dist-packages/airflow/example_dags/example_task_group.py
[2021-12-08 18:30:21,892] {processor.py:625} INFO - Processing file /usr/local/lib/python3.8/dist-packages/airflow/example_dags/example_task_group.py for tasks to queue
[2021-12-08 18:30:21,893] {logging_mixin.py:109} INFO - [2021-12-08 18:30:21,893] {dagbag.py:500} INFO - Filling up the DagBag from /usr/local/lib/python3.8/dist-packages/airflow/example_dags/example_task_group.py
[2021-12-08 18:30:21,911] {processor.py:637} INFO - DAG(s) dict_keys(['example_task_group']) retrieved from /usr/local/lib/python3.8/dist-packages/airflow/example_dags/example_task_group.py
[2021-12-08 18:30:21,914] {logging_mixin.py:109} WARNING - /usr/local/lib/python3.8/dist-packages/airflow/models/serialized_dag.py:120 SAWarning: TypeDecorator UtcDateTime(timezone=True) will not produce a cache key because the ``cache_ok`` flag is not set to True.  Set this flag to True if this type object's state is safe to use in a cache key, or False to disable this warning.
[2021-12-08 18:30:21,921] {logging_mixin.py:109} INFO - [2021-12-08 18:30:21,921] {dag.py:2396} INFO - Sync 1 DAGs
[2021-12-08 18:30:21,929] {logging_mixin.py:109} WARNING - /usr/local/lib/python3.8/dist-packages/airflow/models/dag.py:2433 SAWarning: TypeDecorator UtcDateTime(timezone=True) will not produce a cache key because the ``cache_ok`` flag is not set to True.  Set this flag to True if this type object's state is safe to use in a cache key, or False to disable this warning.
[2021-12-08 18:30:21,935] {logging_mixin.py:109} INFO - [2021-12-08 18:30:21,935] {dag.py:2928} INFO - Setting next_dagrun for example_task_group to 2021-12-07T13:00:21.935221+00:00
[2021-12-08 18:30:22,119] {processor.py:171} INFO - Processing /usr/local/lib/python3.8/dist-packages/airflow/example_dags/example_task_group.py took 0.243 seconds
[2021-12-08 18:30:59,135] {processor.py:163} INFO - Started process (PID=549) to work on /usr/local/lib/python3.8/dist-packages/airflow/example_dags/example_task_group.py
[2021-12-08 18:30:59,158] {processor.py:625} INFO - Processing file /usr/local/lib/python3.8/dist-packages/airflow/example_dags/example_task_group.py for tasks to queue
[2021-12-08 18:30:59,159] {logging_mixin.py:109} INFO - [2021-12-08 18:30:59,158] {dagbag.py:500} INFO - Filling up the DagBag from /usr/local/lib/python3.8/dist-packages/airflow/example_dags/example_task_group.py
[2021-12-08 18:30:59,178] {processor.py:637} INFO - DAG(s) dict_keys(['example_task_group']) retrieved from /usr/local/lib/python3.8/dist-packages/airflow/example_dags/example_task_group.py
[2021-12-08 18:30:59,181] {logging_mixin.py:109} WARNING - /usr/local/lib/python3.8/dist-packages/airflow/models/serialized_dag.py:120 SAWarning: TypeDecorator UtcDateTime(timezone=True) will not produce a cache key because the ``cache_ok`` flag is not set to True.  Set this flag to True if this type object's state is safe to use in a cache key, or False to disable this warning.
[2021-12-08 18:30:59,188] {logging_mixin.py:109} INFO - [2021-12-08 18:30:59,188] {dag.py:2396} INFO - Sync 1 DAGs
[2021-12-08 18:30:59,196] {logging_mixin.py:109} WARNING - /usr/local/lib/python3.8/dist-packages/airflow/models/dag.py:2433 SAWarning: TypeDecorator UtcDateTime(timezone=True) will not produce a cache key because the ``cache_ok`` flag is not set to True.  Set this flag to True if this type object's state is safe to use in a cache key, or False to disable this warning.
[2021-12-08 18:30:59,202] {logging_mixin.py:109} INFO - [2021-12-08 18:30:59,202] {dag.py:2928} INFO - Setting next_dagrun for example_task_group to 2021-12-07T13:00:59.202025+00:00
[2021-12-08 18:30:59,355] {processor.py:171} INFO - Processing /usr/local/lib/python3.8/dist-packages/airflow/example_dags/example_task_group.py took 0.222 seconds
[2021-12-08 18:31:35,624] {processor.py:163} INFO - Started process (PID=577) to work on /usr/local/lib/python3.8/dist-packages/airflow/example_dags/example_task_group.py
[2021-12-08 18:31:35,637] {processor.py:625} INFO - Processing file /usr/local/lib/python3.8/dist-packages/airflow/example_dags/example_task_group.py for tasks to queue
[2021-12-08 18:31:35,637] {logging_mixin.py:109} INFO - [2021-12-08 18:31:35,637] {dagbag.py:500} INFO - Filling up the DagBag from /usr/local/lib/python3.8/dist-packages/airflow/example_dags/example_task_group.py
[2021-12-08 18:31:35,659] {processor.py:637} INFO - DAG(s) dict_keys(['example_task_group']) retrieved from /usr/local/lib/python3.8/dist-packages/airflow/example_dags/example_task_group.py
[2021-12-08 18:31:35,663] {logging_mixin.py:109} WARNING - /usr/local/lib/python3.8/dist-packages/airflow/models/serialized_dag.py:120 SAWarning: TypeDecorator UtcDateTime(timezone=True) will not produce a cache key because the ``cache_ok`` flag is not set to True.  Set this flag to True if this type object's state is safe to use in a cache key, or False to disable this warning.
[2021-12-08 18:31:35,673] {logging_mixin.py:109} INFO - [2021-12-08 18:31:35,672] {dag.py:2396} INFO - Sync 1 DAGs
[2021-12-08 18:31:35,682] {logging_mixin.py:109} WARNING - /usr/local/lib/python3.8/dist-packages/airflow/models/dag.py:2433 SAWarning: TypeDecorator UtcDateTime(timezone=True) will not produce a cache key because the ``cache_ok`` flag is not set to True.  Set this flag to True if this type object's state is safe to use in a cache key, or False to disable this warning.
[2021-12-08 18:31:35,692] {logging_mixin.py:109} INFO - [2021-12-08 18:31:35,692] {dag.py:2928} INFO - Setting next_dagrun for example_task_group to 2021-12-07T13:01:35.692509+00:00
[2021-12-08 18:31:35,873] {processor.py:171} INFO - Processing /usr/local/lib/python3.8/dist-packages/airflow/example_dags/example_task_group.py took 0.253 seconds
[2021-12-08 18:32:13,563] {processor.py:163} INFO - Started process (PID=605) to work on /usr/local/lib/python3.8/dist-packages/airflow/example_dags/example_task_group.py
[2021-12-08 18:32:13,572] {processor.py:625} INFO - Processing file /usr/local/lib/python3.8/dist-packages/airflow/example_dags/example_task_group.py for tasks to queue
[2021-12-08 18:32:13,572] {logging_mixin.py:109} INFO - [2021-12-08 18:32:13,572] {dagbag.py:500} INFO - Filling up the DagBag from /usr/local/lib/python3.8/dist-packages/airflow/example_dags/example_task_group.py
[2021-12-08 18:32:13,590] {processor.py:637} INFO - DAG(s) dict_keys(['example_task_group']) retrieved from /usr/local/lib/python3.8/dist-packages/airflow/example_dags/example_task_group.py
[2021-12-08 18:32:13,593] {logging_mixin.py:109} WARNING - /usr/local/lib/python3.8/dist-packages/airflow/models/serialized_dag.py:120 SAWarning: TypeDecorator UtcDateTime(timezone=True) will not produce a cache key because the ``cache_ok`` flag is not set to True.  Set this flag to True if this type object's state is safe to use in a cache key, or False to disable this warning.
[2021-12-08 18:32:13,600] {logging_mixin.py:109} INFO - [2021-12-08 18:32:13,600] {dag.py:2396} INFO - Sync 1 DAGs
[2021-12-08 18:32:13,608] {logging_mixin.py:109} WARNING - /usr/local/lib/python3.8/dist-packages/airflow/models/dag.py:2433 SAWarning: TypeDecorator UtcDateTime(timezone=True) will not produce a cache key because the ``cache_ok`` flag is not set to True.  Set this flag to True if this type object's state is safe to use in a cache key, or False to disable this warning.
[2021-12-08 18:32:13,615] {logging_mixin.py:109} INFO - [2021-12-08 18:32:13,615] {dag.py:2928} INFO - Setting next_dagrun for example_task_group to 2021-12-07T13:02:13.615067+00:00
[2021-12-08 18:32:13,803] {processor.py:171} INFO - Processing /usr/local/lib/python3.8/dist-packages/airflow/example_dags/example_task_group.py took 0.243 seconds
[2021-12-08 18:32:52,113] {processor.py:163} INFO - Started process (PID=633) to work on /usr/local/lib/python3.8/dist-packages/airflow/example_dags/example_task_group.py
[2021-12-08 18:32:52,128] {processor.py:625} INFO - Processing file /usr/local/lib/python3.8/dist-packages/airflow/example_dags/example_task_group.py for tasks to queue
[2021-12-08 18:32:52,129] {logging_mixin.py:109} INFO - [2021-12-08 18:32:52,129] {dagbag.py:500} INFO - Filling up the DagBag from /usr/local/lib/python3.8/dist-packages/airflow/example_dags/example_task_group.py
[2021-12-08 18:32:52,147] {processor.py:637} INFO - DAG(s) dict_keys(['example_task_group']) retrieved from /usr/local/lib/python3.8/dist-packages/airflow/example_dags/example_task_group.py
[2021-12-08 18:32:52,150] {logging_mixin.py:109} WARNING - /usr/local/lib/python3.8/dist-packages/airflow/models/serialized_dag.py:120 SAWarning: TypeDecorator UtcDateTime(timezone=True) will not produce a cache key because the ``cache_ok`` flag is not set to True.  Set this flag to True if this type object's state is safe to use in a cache key, or False to disable this warning.
[2021-12-08 18:32:52,157] {logging_mixin.py:109} INFO - [2021-12-08 18:32:52,157] {dag.py:2396} INFO - Sync 1 DAGs
[2021-12-08 18:32:52,165] {logging_mixin.py:109} WARNING - /usr/local/lib/python3.8/dist-packages/airflow/models/dag.py:2433 SAWarning: TypeDecorator UtcDateTime(timezone=True) will not produce a cache key because the ``cache_ok`` flag is not set to True.  Set this flag to True if this type object's state is safe to use in a cache key, or False to disable this warning.
[2021-12-08 18:32:52,171] {logging_mixin.py:109} INFO - [2021-12-08 18:32:52,171] {dag.py:2928} INFO - Setting next_dagrun for example_task_group to 2021-12-07T13:02:52.171188+00:00
[2021-12-08 18:32:52,349] {processor.py:171} INFO - Processing /usr/local/lib/python3.8/dist-packages/airflow/example_dags/example_task_group.py took 0.238 seconds
[2021-12-08 18:33:29,424] {processor.py:163} INFO - Started process (PID=662) to work on /usr/local/lib/python3.8/dist-packages/airflow/example_dags/example_task_group.py
[2021-12-08 18:33:29,430] {processor.py:625} INFO - Processing file /usr/local/lib/python3.8/dist-packages/airflow/example_dags/example_task_group.py for tasks to queue
[2021-12-08 18:33:29,430] {logging_mixin.py:109} INFO - [2021-12-08 18:33:29,430] {dagbag.py:500} INFO - Filling up the DagBag from /usr/local/lib/python3.8/dist-packages/airflow/example_dags/example_task_group.py
[2021-12-08 18:33:29,447] {processor.py:637} INFO - DAG(s) dict_keys(['example_task_group']) retrieved from /usr/local/lib/python3.8/dist-packages/airflow/example_dags/example_task_group.py
[2021-12-08 18:33:29,450] {logging_mixin.py:109} WARNING - /usr/local/lib/python3.8/dist-packages/airflow/models/serialized_dag.py:120 SAWarning: TypeDecorator UtcDateTime(timezone=True) will not produce a cache key because the ``cache_ok`` flag is not set to True.  Set this flag to True if this type object's state is safe to use in a cache key, or False to disable this warning.
[2021-12-08 18:33:29,457] {logging_mixin.py:109} INFO - [2021-12-08 18:33:29,457] {dag.py:2396} INFO - Sync 1 DAGs
[2021-12-08 18:33:29,465] {logging_mixin.py:109} WARNING - /usr/local/lib/python3.8/dist-packages/airflow/models/dag.py:2433 SAWarning: TypeDecorator UtcDateTime(timezone=True) will not produce a cache key because the ``cache_ok`` flag is not set to True.  Set this flag to True if this type object's state is safe to use in a cache key, or False to disable this warning.
[2021-12-08 18:33:29,471] {logging_mixin.py:109} INFO - [2021-12-08 18:33:29,471] {dag.py:2928} INFO - Setting next_dagrun for example_task_group to 2021-12-07T13:03:29.471109+00:00
[2021-12-08 18:33:29,628] {processor.py:171} INFO - Processing /usr/local/lib/python3.8/dist-packages/airflow/example_dags/example_task_group.py took 0.206 seconds
[2021-12-08 18:34:21,728] {processor.py:163} INFO - Started process (PID=701) to work on /usr/local/lib/python3.8/dist-packages/airflow/example_dags/example_task_group.py
[2021-12-08 18:34:21,765] {processor.py:625} INFO - Processing file /usr/local/lib/python3.8/dist-packages/airflow/example_dags/example_task_group.py for tasks to queue
[2021-12-08 18:34:21,766] {logging_mixin.py:109} INFO - [2021-12-08 18:34:21,766] {dagbag.py:500} INFO - Filling up the DagBag from /usr/local/lib/python3.8/dist-packages/airflow/example_dags/example_task_group.py
[2021-12-08 18:34:21,797] {processor.py:637} INFO - DAG(s) dict_keys(['example_task_group']) retrieved from /usr/local/lib/python3.8/dist-packages/airflow/example_dags/example_task_group.py
[2021-12-08 18:34:21,800] {logging_mixin.py:109} WARNING - /usr/local/lib/python3.8/dist-packages/airflow/models/serialized_dag.py:120 SAWarning: TypeDecorator UtcDateTime(timezone=True) will not produce a cache key because the ``cache_ok`` flag is not set to True.  Set this flag to True if this type object's state is safe to use in a cache key, or False to disable this warning.
[2021-12-08 18:34:21,807] {logging_mixin.py:109} INFO - [2021-12-08 18:34:21,807] {dag.py:2396} INFO - Sync 1 DAGs
[2021-12-08 18:34:21,815] {logging_mixin.py:109} WARNING - /usr/local/lib/python3.8/dist-packages/airflow/models/dag.py:2433 SAWarning: TypeDecorator UtcDateTime(timezone=True) will not produce a cache key because the ``cache_ok`` flag is not set to True.  Set this flag to True if this type object's state is safe to use in a cache key, or False to disable this warning.
[2021-12-08 18:34:21,821] {logging_mixin.py:109} INFO - [2021-12-08 18:34:21,821] {dag.py:2928} INFO - Setting next_dagrun for example_task_group to 2021-12-07T13:04:21.821158+00:00
[2021-12-08 18:34:21,985] {processor.py:171} INFO - Processing /usr/local/lib/python3.8/dist-packages/airflow/example_dags/example_task_group.py took 0.259 seconds
[2021-12-08 18:35:00,824] {processor.py:163} INFO - Started process (PID=730) to work on /usr/local/lib/python3.8/dist-packages/airflow/example_dags/example_task_group.py
[2021-12-08 18:35:00,855] {processor.py:625} INFO - Processing file /usr/local/lib/python3.8/dist-packages/airflow/example_dags/example_task_group.py for tasks to queue
[2021-12-08 18:35:00,856] {logging_mixin.py:109} INFO - [2021-12-08 18:35:00,856] {dagbag.py:500} INFO - Filling up the DagBag from /usr/local/lib/python3.8/dist-packages/airflow/example_dags/example_task_group.py
[2021-12-08 18:35:00,881] {processor.py:637} INFO - DAG(s) dict_keys(['example_task_group']) retrieved from /usr/local/lib/python3.8/dist-packages/airflow/example_dags/example_task_group.py
[2021-12-08 18:35:00,884] {logging_mixin.py:109} WARNING - /usr/local/lib/python3.8/dist-packages/airflow/models/serialized_dag.py:120 SAWarning: TypeDecorator UtcDateTime(timezone=True) will not produce a cache key because the ``cache_ok`` flag is not set to True.  Set this flag to True if this type object's state is safe to use in a cache key, or False to disable this warning.
[2021-12-08 18:35:00,892] {logging_mixin.py:109} INFO - [2021-12-08 18:35:00,892] {dag.py:2396} INFO - Sync 1 DAGs
[2021-12-08 18:35:00,900] {logging_mixin.py:109} WARNING - /usr/local/lib/python3.8/dist-packages/airflow/models/dag.py:2433 SAWarning: TypeDecorator UtcDateTime(timezone=True) will not produce a cache key because the ``cache_ok`` flag is not set to True.  Set this flag to True if this type object's state is safe to use in a cache key, or False to disable this warning.
[2021-12-08 18:35:00,906] {logging_mixin.py:109} INFO - [2021-12-08 18:35:00,905] {dag.py:2928} INFO - Setting next_dagrun for example_task_group to 2021-12-07T13:05:00.905673+00:00
[2021-12-08 18:35:01,095] {processor.py:171} INFO - Processing /usr/local/lib/python3.8/dist-packages/airflow/example_dags/example_task_group.py took 0.274 seconds
