[2021-12-08 18:22:45,387] {processor.py:163} INFO - Started process (PID=187) to work on /usr/local/lib/python3.8/dist-packages/airflow/example_dags/example_short_circuit_operator.py
[2021-12-08 18:22:45,388] {processor.py:625} INFO - Processing file /usr/local/lib/python3.8/dist-packages/airflow/example_dags/example_short_circuit_operator.py for tasks to queue
[2021-12-08 18:22:45,388] {logging_mixin.py:109} INFO - [2021-12-08 18:22:45,388] {dagbag.py:500} INFO - Filling up the DagBag from /usr/local/lib/python3.8/dist-packages/airflow/example_dags/example_short_circuit_operator.py
[2021-12-08 18:22:45,418] {processor.py:637} INFO - DAG(s) dict_keys(['example_short_circuit_operator']) retrieved from /usr/local/lib/python3.8/dist-packages/airflow/example_dags/example_short_circuit_operator.py
[2021-12-08 18:22:45,422] {logging_mixin.py:109} WARNING - /usr/local/lib/python3.8/dist-packages/airflow/models/serialized_dag.py:120 SAWarning: TypeDecorator UtcDateTime(timezone=True) will not produce a cache key because the ``cache_ok`` flag is not set to True.  Set this flag to True if this type object's state is safe to use in a cache key, or False to disable this warning.
[2021-12-08 18:22:45,429] {logging_mixin.py:109} INFO - [2021-12-08 18:22:45,428] {dag.py:2396} INFO - Sync 1 DAGs
[2021-12-08 18:22:45,437] {logging_mixin.py:109} WARNING - /usr/local/lib/python3.8/dist-packages/airflow/models/dag.py:2433 SAWarning: TypeDecorator UtcDateTime(timezone=True) will not produce a cache key because the ``cache_ok`` flag is not set to True.  Set this flag to True if this type object's state is safe to use in a cache key, or False to disable this warning.
[2021-12-08 18:22:45,444] {logging_mixin.py:109} INFO - [2021-12-08 18:22:45,444] {dag.py:2928} INFO - Setting next_dagrun for example_short_circuit_operator to 2021-12-07T12:52:45.443840+00:00
[2021-12-08 18:22:45,615] {processor.py:171} INFO - Processing /usr/local/lib/python3.8/dist-packages/airflow/example_dags/example_short_circuit_operator.py took 0.230 seconds
[2021-12-08 18:23:33,526] {processor.py:163} INFO - Started process (PID=222) to work on /usr/local/lib/python3.8/dist-packages/airflow/example_dags/example_short_circuit_operator.py
[2021-12-08 18:23:33,559] {processor.py:625} INFO - Processing file /usr/local/lib/python3.8/dist-packages/airflow/example_dags/example_short_circuit_operator.py for tasks to queue
[2021-12-08 18:23:33,559] {logging_mixin.py:109} INFO - [2021-12-08 18:23:33,559] {dagbag.py:500} INFO - Filling up the DagBag from /usr/local/lib/python3.8/dist-packages/airflow/example_dags/example_short_circuit_operator.py
[2021-12-08 18:23:33,580] {processor.py:637} INFO - DAG(s) dict_keys(['example_short_circuit_operator']) retrieved from /usr/local/lib/python3.8/dist-packages/airflow/example_dags/example_short_circuit_operator.py
[2021-12-08 18:23:33,583] {logging_mixin.py:109} WARNING - /usr/local/lib/python3.8/dist-packages/airflow/models/serialized_dag.py:120 SAWarning: TypeDecorator UtcDateTime(timezone=True) will not produce a cache key because the ``cache_ok`` flag is not set to True.  Set this flag to True if this type object's state is safe to use in a cache key, or False to disable this warning.
[2021-12-08 18:23:33,590] {logging_mixin.py:109} INFO - [2021-12-08 18:23:33,590] {dag.py:2396} INFO - Sync 1 DAGs
[2021-12-08 18:23:33,598] {logging_mixin.py:109} WARNING - /usr/local/lib/python3.8/dist-packages/airflow/models/dag.py:2433 SAWarning: TypeDecorator UtcDateTime(timezone=True) will not produce a cache key because the ``cache_ok`` flag is not set to True.  Set this flag to True if this type object's state is safe to use in a cache key, or False to disable this warning.
[2021-12-08 18:23:33,605] {logging_mixin.py:109} INFO - [2021-12-08 18:23:33,605] {dag.py:2928} INFO - Setting next_dagrun for example_short_circuit_operator to 2021-12-07T12:53:33.604817+00:00
[2021-12-08 18:23:33,762] {processor.py:171} INFO - Processing /usr/local/lib/python3.8/dist-packages/airflow/example_dags/example_short_circuit_operator.py took 0.239 seconds
[2021-12-08 18:24:11,410] {processor.py:163} INFO - Started process (PID=250) to work on /usr/local/lib/python3.8/dist-packages/airflow/example_dags/example_short_circuit_operator.py
[2021-12-08 18:24:11,468] {processor.py:625} INFO - Processing file /usr/local/lib/python3.8/dist-packages/airflow/example_dags/example_short_circuit_operator.py for tasks to queue
[2021-12-08 18:24:11,470] {logging_mixin.py:109} INFO - [2021-12-08 18:24:11,469] {dagbag.py:500} INFO - Filling up the DagBag from /usr/local/lib/python3.8/dist-packages/airflow/example_dags/example_short_circuit_operator.py
[2021-12-08 18:24:11,506] {processor.py:637} INFO - DAG(s) dict_keys(['example_short_circuit_operator']) retrieved from /usr/local/lib/python3.8/dist-packages/airflow/example_dags/example_short_circuit_operator.py
[2021-12-08 18:24:11,509] {logging_mixin.py:109} WARNING - /usr/local/lib/python3.8/dist-packages/airflow/models/serialized_dag.py:120 SAWarning: TypeDecorator UtcDateTime(timezone=True) will not produce a cache key because the ``cache_ok`` flag is not set to True.  Set this flag to True if this type object's state is safe to use in a cache key, or False to disable this warning.
[2021-12-08 18:24:11,516] {logging_mixin.py:109} INFO - [2021-12-08 18:24:11,516] {dag.py:2396} INFO - Sync 1 DAGs
[2021-12-08 18:24:11,525] {logging_mixin.py:109} WARNING - /usr/local/lib/python3.8/dist-packages/airflow/models/dag.py:2433 SAWarning: TypeDecorator UtcDateTime(timezone=True) will not produce a cache key because the ``cache_ok`` flag is not set to True.  Set this flag to True if this type object's state is safe to use in a cache key, or False to disable this warning.
[2021-12-08 18:24:11,531] {logging_mixin.py:109} INFO - [2021-12-08 18:24:11,531] {dag.py:2928} INFO - Setting next_dagrun for example_short_circuit_operator to 2021-12-07T12:54:11.530788+00:00
[2021-12-08 18:24:11,687] {processor.py:171} INFO - Processing /usr/local/lib/python3.8/dist-packages/airflow/example_dags/example_short_circuit_operator.py took 0.279 seconds
[2021-12-08 18:24:50,003] {processor.py:163} INFO - Started process (PID=278) to work on /usr/local/lib/python3.8/dist-packages/airflow/example_dags/example_short_circuit_operator.py
[2021-12-08 18:24:50,013] {processor.py:625} INFO - Processing file /usr/local/lib/python3.8/dist-packages/airflow/example_dags/example_short_circuit_operator.py for tasks to queue
[2021-12-08 18:24:50,013] {logging_mixin.py:109} INFO - [2021-12-08 18:24:50,013] {dagbag.py:500} INFO - Filling up the DagBag from /usr/local/lib/python3.8/dist-packages/airflow/example_dags/example_short_circuit_operator.py
[2021-12-08 18:24:50,032] {processor.py:637} INFO - DAG(s) dict_keys(['example_short_circuit_operator']) retrieved from /usr/local/lib/python3.8/dist-packages/airflow/example_dags/example_short_circuit_operator.py
[2021-12-08 18:24:50,035] {logging_mixin.py:109} WARNING - /usr/local/lib/python3.8/dist-packages/airflow/models/serialized_dag.py:120 SAWarning: TypeDecorator UtcDateTime(timezone=True) will not produce a cache key because the ``cache_ok`` flag is not set to True.  Set this flag to True if this type object's state is safe to use in a cache key, or False to disable this warning.
[2021-12-08 18:24:50,041] {logging_mixin.py:109} INFO - [2021-12-08 18:24:50,041] {dag.py:2396} INFO - Sync 1 DAGs
[2021-12-08 18:24:50,050] {logging_mixin.py:109} WARNING - /usr/local/lib/python3.8/dist-packages/airflow/models/dag.py:2433 SAWarning: TypeDecorator UtcDateTime(timezone=True) will not produce a cache key because the ``cache_ok`` flag is not set to True.  Set this flag to True if this type object's state is safe to use in a cache key, or False to disable this warning.
[2021-12-08 18:24:50,056] {logging_mixin.py:109} INFO - [2021-12-08 18:24:50,056] {dag.py:2928} INFO - Setting next_dagrun for example_short_circuit_operator to 2021-12-07T12:54:50.056448+00:00
[2021-12-08 18:24:50,217] {processor.py:171} INFO - Processing /usr/local/lib/python3.8/dist-packages/airflow/example_dags/example_short_circuit_operator.py took 0.217 seconds
[2021-12-08 18:25:29,055] {processor.py:163} INFO - Started process (PID=307) to work on /usr/local/lib/python3.8/dist-packages/airflow/example_dags/example_short_circuit_operator.py
[2021-12-08 18:25:29,081] {processor.py:625} INFO - Processing file /usr/local/lib/python3.8/dist-packages/airflow/example_dags/example_short_circuit_operator.py for tasks to queue
[2021-12-08 18:25:29,081] {logging_mixin.py:109} INFO - [2021-12-08 18:25:29,081] {dagbag.py:500} INFO - Filling up the DagBag from /usr/local/lib/python3.8/dist-packages/airflow/example_dags/example_short_circuit_operator.py
[2021-12-08 18:25:29,106] {processor.py:637} INFO - DAG(s) dict_keys(['example_short_circuit_operator']) retrieved from /usr/local/lib/python3.8/dist-packages/airflow/example_dags/example_short_circuit_operator.py
[2021-12-08 18:25:29,110] {logging_mixin.py:109} WARNING - /usr/local/lib/python3.8/dist-packages/airflow/models/serialized_dag.py:120 SAWarning: TypeDecorator UtcDateTime(timezone=True) will not produce a cache key because the ``cache_ok`` flag is not set to True.  Set this flag to True if this type object's state is safe to use in a cache key, or False to disable this warning.
[2021-12-08 18:25:29,118] {logging_mixin.py:109} INFO - [2021-12-08 18:25:29,118] {dag.py:2396} INFO - Sync 1 DAGs
[2021-12-08 18:25:29,126] {logging_mixin.py:109} WARNING - /usr/local/lib/python3.8/dist-packages/airflow/models/dag.py:2433 SAWarning: TypeDecorator UtcDateTime(timezone=True) will not produce a cache key because the ``cache_ok`` flag is not set to True.  Set this flag to True if this type object's state is safe to use in a cache key, or False to disable this warning.
[2021-12-08 18:25:29,132] {logging_mixin.py:109} INFO - [2021-12-08 18:25:29,132] {dag.py:2928} INFO - Setting next_dagrun for example_short_circuit_operator to 2021-12-07T12:55:29.132037+00:00
[2021-12-08 18:25:29,290] {processor.py:171} INFO - Processing /usr/local/lib/python3.8/dist-packages/airflow/example_dags/example_short_circuit_operator.py took 0.237 seconds
[2021-12-08 18:26:07,772] {processor.py:163} INFO - Started process (PID=335) to work on /usr/local/lib/python3.8/dist-packages/airflow/example_dags/example_short_circuit_operator.py
[2021-12-08 18:26:07,774] {processor.py:625} INFO - Processing file /usr/local/lib/python3.8/dist-packages/airflow/example_dags/example_short_circuit_operator.py for tasks to queue
[2021-12-08 18:26:07,774] {logging_mixin.py:109} INFO - [2021-12-08 18:26:07,774] {dagbag.py:500} INFO - Filling up the DagBag from /usr/local/lib/python3.8/dist-packages/airflow/example_dags/example_short_circuit_operator.py
[2021-12-08 18:26:07,799] {processor.py:637} INFO - DAG(s) dict_keys(['example_short_circuit_operator']) retrieved from /usr/local/lib/python3.8/dist-packages/airflow/example_dags/example_short_circuit_operator.py
[2021-12-08 18:26:07,802] {logging_mixin.py:109} WARNING - /usr/local/lib/python3.8/dist-packages/airflow/models/serialized_dag.py:120 SAWarning: TypeDecorator UtcDateTime(timezone=True) will not produce a cache key because the ``cache_ok`` flag is not set to True.  Set this flag to True if this type object's state is safe to use in a cache key, or False to disable this warning.
[2021-12-08 18:26:07,809] {logging_mixin.py:109} INFO - [2021-12-08 18:26:07,809] {dag.py:2396} INFO - Sync 1 DAGs
[2021-12-08 18:26:07,817] {logging_mixin.py:109} WARNING - /usr/local/lib/python3.8/dist-packages/airflow/models/dag.py:2433 SAWarning: TypeDecorator UtcDateTime(timezone=True) will not produce a cache key because the ``cache_ok`` flag is not set to True.  Set this flag to True if this type object's state is safe to use in a cache key, or False to disable this warning.
[2021-12-08 18:26:07,823] {logging_mixin.py:109} INFO - [2021-12-08 18:26:07,823] {dag.py:2928} INFO - Setting next_dagrun for example_short_circuit_operator to 2021-12-07T12:56:07.823494+00:00
[2021-12-08 18:26:07,984] {processor.py:171} INFO - Processing /usr/local/lib/python3.8/dist-packages/airflow/example_dags/example_short_circuit_operator.py took 0.218 seconds
[2021-12-08 18:26:47,239] {processor.py:163} INFO - Started process (PID=365) to work on /usr/local/lib/python3.8/dist-packages/airflow/example_dags/example_short_circuit_operator.py
[2021-12-08 18:26:47,261] {processor.py:625} INFO - Processing file /usr/local/lib/python3.8/dist-packages/airflow/example_dags/example_short_circuit_operator.py for tasks to queue
[2021-12-08 18:26:47,262] {logging_mixin.py:109} INFO - [2021-12-08 18:26:47,262] {dagbag.py:500} INFO - Filling up the DagBag from /usr/local/lib/python3.8/dist-packages/airflow/example_dags/example_short_circuit_operator.py
[2021-12-08 18:26:47,288] {processor.py:637} INFO - DAG(s) dict_keys(['example_short_circuit_operator']) retrieved from /usr/local/lib/python3.8/dist-packages/airflow/example_dags/example_short_circuit_operator.py
[2021-12-08 18:26:47,293] {logging_mixin.py:109} WARNING - /usr/local/lib/python3.8/dist-packages/airflow/models/serialized_dag.py:120 SAWarning: TypeDecorator UtcDateTime(timezone=True) will not produce a cache key because the ``cache_ok`` flag is not set to True.  Set this flag to True if this type object's state is safe to use in a cache key, or False to disable this warning.
[2021-12-08 18:26:47,305] {logging_mixin.py:109} INFO - [2021-12-08 18:26:47,305] {dag.py:2396} INFO - Sync 1 DAGs
[2021-12-08 18:26:47,313] {logging_mixin.py:109} WARNING - /usr/local/lib/python3.8/dist-packages/airflow/models/dag.py:2433 SAWarning: TypeDecorator UtcDateTime(timezone=True) will not produce a cache key because the ``cache_ok`` flag is not set to True.  Set this flag to True if this type object's state is safe to use in a cache key, or False to disable this warning.
[2021-12-08 18:26:47,323] {logging_mixin.py:109} INFO - [2021-12-08 18:26:47,322] {dag.py:2928} INFO - Setting next_dagrun for example_short_circuit_operator to 2021-12-07T12:56:47.322691+00:00
[2021-12-08 18:26:47,487] {processor.py:171} INFO - Processing /usr/local/lib/python3.8/dist-packages/airflow/example_dags/example_short_circuit_operator.py took 0.250 seconds
[2021-12-08 18:27:23,819] {processor.py:163} INFO - Started process (PID=392) to work on /usr/local/lib/python3.8/dist-packages/airflow/example_dags/example_short_circuit_operator.py
[2021-12-08 18:27:23,843] {processor.py:625} INFO - Processing file /usr/local/lib/python3.8/dist-packages/airflow/example_dags/example_short_circuit_operator.py for tasks to queue
[2021-12-08 18:27:23,844] {logging_mixin.py:109} INFO - [2021-12-08 18:27:23,844] {dagbag.py:500} INFO - Filling up the DagBag from /usr/local/lib/python3.8/dist-packages/airflow/example_dags/example_short_circuit_operator.py
[2021-12-08 18:27:23,866] {processor.py:637} INFO - DAG(s) dict_keys(['example_short_circuit_operator']) retrieved from /usr/local/lib/python3.8/dist-packages/airflow/example_dags/example_short_circuit_operator.py
[2021-12-08 18:27:23,870] {logging_mixin.py:109} WARNING - /usr/local/lib/python3.8/dist-packages/airflow/models/serialized_dag.py:120 SAWarning: TypeDecorator UtcDateTime(timezone=True) will not produce a cache key because the ``cache_ok`` flag is not set to True.  Set this flag to True if this type object's state is safe to use in a cache key, or False to disable this warning.
[2021-12-08 18:27:23,880] {logging_mixin.py:109} INFO - [2021-12-08 18:27:23,880] {dag.py:2396} INFO - Sync 1 DAGs
[2021-12-08 18:27:23,894] {logging_mixin.py:109} WARNING - /usr/local/lib/python3.8/dist-packages/airflow/models/dag.py:2433 SAWarning: TypeDecorator UtcDateTime(timezone=True) will not produce a cache key because the ``cache_ok`` flag is not set to True.  Set this flag to True if this type object's state is safe to use in a cache key, or False to disable this warning.
[2021-12-08 18:27:23,901] {logging_mixin.py:109} INFO - [2021-12-08 18:27:23,901] {dag.py:2928} INFO - Setting next_dagrun for example_short_circuit_operator to 2021-12-07T12:57:23.901395+00:00
[2021-12-08 18:27:24,839] {processor.py:171} INFO - Processing /usr/local/lib/python3.8/dist-packages/airflow/example_dags/example_short_circuit_operator.py took 1.024 seconds
[2021-12-08 18:28:07,142] {processor.py:163} INFO - Started process (PID=422) to work on /usr/local/lib/python3.8/dist-packages/airflow/example_dags/example_short_circuit_operator.py
[2021-12-08 18:28:07,178] {processor.py:625} INFO - Processing file /usr/local/lib/python3.8/dist-packages/airflow/example_dags/example_short_circuit_operator.py for tasks to queue
[2021-12-08 18:28:07,179] {logging_mixin.py:109} INFO - [2021-12-08 18:28:07,179] {dagbag.py:500} INFO - Filling up the DagBag from /usr/local/lib/python3.8/dist-packages/airflow/example_dags/example_short_circuit_operator.py
[2021-12-08 18:28:07,200] {processor.py:637} INFO - DAG(s) dict_keys(['example_short_circuit_operator']) retrieved from /usr/local/lib/python3.8/dist-packages/airflow/example_dags/example_short_circuit_operator.py
[2021-12-08 18:28:07,203] {logging_mixin.py:109} WARNING - /usr/local/lib/python3.8/dist-packages/airflow/models/serialized_dag.py:120 SAWarning: TypeDecorator UtcDateTime(timezone=True) will not produce a cache key because the ``cache_ok`` flag is not set to True.  Set this flag to True if this type object's state is safe to use in a cache key, or False to disable this warning.
[2021-12-08 18:28:07,210] {logging_mixin.py:109} INFO - [2021-12-08 18:28:07,210] {dag.py:2396} INFO - Sync 1 DAGs
[2021-12-08 18:28:07,218] {logging_mixin.py:109} WARNING - /usr/local/lib/python3.8/dist-packages/airflow/models/dag.py:2433 SAWarning: TypeDecorator UtcDateTime(timezone=True) will not produce a cache key because the ``cache_ok`` flag is not set to True.  Set this flag to True if this type object's state is safe to use in a cache key, or False to disable this warning.
[2021-12-08 18:28:07,224] {logging_mixin.py:109} INFO - [2021-12-08 18:28:07,224] {dag.py:2928} INFO - Setting next_dagrun for example_short_circuit_operator to 2021-12-07T12:58:07.224123+00:00
[2021-12-08 18:28:07,372] {processor.py:171} INFO - Processing /usr/local/lib/python3.8/dist-packages/airflow/example_dags/example_short_circuit_operator.py took 0.233 seconds
[2021-12-08 18:28:45,483] {processor.py:163} INFO - Started process (PID=451) to work on /usr/local/lib/python3.8/dist-packages/airflow/example_dags/example_short_circuit_operator.py
[2021-12-08 18:28:45,527] {processor.py:625} INFO - Processing file /usr/local/lib/python3.8/dist-packages/airflow/example_dags/example_short_circuit_operator.py for tasks to queue
[2021-12-08 18:28:45,528] {logging_mixin.py:109} INFO - [2021-12-08 18:28:45,528] {dagbag.py:500} INFO - Filling up the DagBag from /usr/local/lib/python3.8/dist-packages/airflow/example_dags/example_short_circuit_operator.py
[2021-12-08 18:28:45,560] {processor.py:637} INFO - DAG(s) dict_keys(['example_short_circuit_operator']) retrieved from /usr/local/lib/python3.8/dist-packages/airflow/example_dags/example_short_circuit_operator.py
[2021-12-08 18:28:45,563] {logging_mixin.py:109} WARNING - /usr/local/lib/python3.8/dist-packages/airflow/models/serialized_dag.py:120 SAWarning: TypeDecorator UtcDateTime(timezone=True) will not produce a cache key because the ``cache_ok`` flag is not set to True.  Set this flag to True if this type object's state is safe to use in a cache key, or False to disable this warning.
[2021-12-08 18:28:45,570] {logging_mixin.py:109} INFO - [2021-12-08 18:28:45,569] {dag.py:2396} INFO - Sync 1 DAGs
[2021-12-08 18:28:45,578] {logging_mixin.py:109} WARNING - /usr/local/lib/python3.8/dist-packages/airflow/models/dag.py:2433 SAWarning: TypeDecorator UtcDateTime(timezone=True) will not produce a cache key because the ``cache_ok`` flag is not set to True.  Set this flag to True if this type object's state is safe to use in a cache key, or False to disable this warning.
[2021-12-08 18:28:45,584] {logging_mixin.py:109} INFO - [2021-12-08 18:28:45,583] {dag.py:2928} INFO - Setting next_dagrun for example_short_circuit_operator to 2021-12-07T12:58:45.583714+00:00
[2021-12-08 18:28:45,761] {processor.py:171} INFO - Processing /usr/local/lib/python3.8/dist-packages/airflow/example_dags/example_short_circuit_operator.py took 0.281 seconds
[2021-12-08 18:29:21,548] {processor.py:163} INFO - Started process (PID=477) to work on /usr/local/lib/python3.8/dist-packages/airflow/example_dags/example_short_circuit_operator.py
[2021-12-08 18:29:21,577] {processor.py:625} INFO - Processing file /usr/local/lib/python3.8/dist-packages/airflow/example_dags/example_short_circuit_operator.py for tasks to queue
[2021-12-08 18:29:21,578] {logging_mixin.py:109} INFO - [2021-12-08 18:29:21,578] {dagbag.py:500} INFO - Filling up the DagBag from /usr/local/lib/python3.8/dist-packages/airflow/example_dags/example_short_circuit_operator.py
[2021-12-08 18:29:21,603] {processor.py:637} INFO - DAG(s) dict_keys(['example_short_circuit_operator']) retrieved from /usr/local/lib/python3.8/dist-packages/airflow/example_dags/example_short_circuit_operator.py
[2021-12-08 18:29:21,606] {logging_mixin.py:109} WARNING - /usr/local/lib/python3.8/dist-packages/airflow/models/serialized_dag.py:120 SAWarning: TypeDecorator UtcDateTime(timezone=True) will not produce a cache key because the ``cache_ok`` flag is not set to True.  Set this flag to True if this type object's state is safe to use in a cache key, or False to disable this warning.
[2021-12-08 18:29:21,613] {logging_mixin.py:109} INFO - [2021-12-08 18:29:21,613] {dag.py:2396} INFO - Sync 1 DAGs
[2021-12-08 18:29:21,620] {logging_mixin.py:109} WARNING - /usr/local/lib/python3.8/dist-packages/airflow/models/dag.py:2433 SAWarning: TypeDecorator UtcDateTime(timezone=True) will not produce a cache key because the ``cache_ok`` flag is not set to True.  Set this flag to True if this type object's state is safe to use in a cache key, or False to disable this warning.
[2021-12-08 18:29:21,626] {logging_mixin.py:109} INFO - [2021-12-08 18:29:21,626] {dag.py:2928} INFO - Setting next_dagrun for example_short_circuit_operator to 2021-12-07T12:59:21.626469+00:00
[2021-12-08 18:29:21,808] {processor.py:171} INFO - Processing /usr/local/lib/python3.8/dist-packages/airflow/example_dags/example_short_circuit_operator.py took 0.262 seconds
[2021-12-08 18:30:02,605] {processor.py:163} INFO - Started process (PID=507) to work on /usr/local/lib/python3.8/dist-packages/airflow/example_dags/example_short_circuit_operator.py
[2021-12-08 18:30:02,612] {processor.py:625} INFO - Processing file /usr/local/lib/python3.8/dist-packages/airflow/example_dags/example_short_circuit_operator.py for tasks to queue
[2021-12-08 18:30:02,613] {logging_mixin.py:109} INFO - [2021-12-08 18:30:02,613] {dagbag.py:500} INFO - Filling up the DagBag from /usr/local/lib/python3.8/dist-packages/airflow/example_dags/example_short_circuit_operator.py
[2021-12-08 18:30:02,630] {processor.py:637} INFO - DAG(s) dict_keys(['example_short_circuit_operator']) retrieved from /usr/local/lib/python3.8/dist-packages/airflow/example_dags/example_short_circuit_operator.py
[2021-12-08 18:30:02,633] {logging_mixin.py:109} WARNING - /usr/local/lib/python3.8/dist-packages/airflow/models/serialized_dag.py:120 SAWarning: TypeDecorator UtcDateTime(timezone=True) will not produce a cache key because the ``cache_ok`` flag is not set to True.  Set this flag to True if this type object's state is safe to use in a cache key, or False to disable this warning.
[2021-12-08 18:30:02,640] {logging_mixin.py:109} INFO - [2021-12-08 18:30:02,640] {dag.py:2396} INFO - Sync 1 DAGs
[2021-12-08 18:30:02,648] {logging_mixin.py:109} WARNING - /usr/local/lib/python3.8/dist-packages/airflow/models/dag.py:2433 SAWarning: TypeDecorator UtcDateTime(timezone=True) will not produce a cache key because the ``cache_ok`` flag is not set to True.  Set this flag to True if this type object's state is safe to use in a cache key, or False to disable this warning.
[2021-12-08 18:30:02,654] {logging_mixin.py:109} INFO - [2021-12-08 18:30:02,654] {dag.py:2928} INFO - Setting next_dagrun for example_short_circuit_operator to 2021-12-07T13:00:02.654208+00:00
[2021-12-08 18:30:02,841] {processor.py:171} INFO - Processing /usr/local/lib/python3.8/dist-packages/airflow/example_dags/example_short_circuit_operator.py took 0.239 seconds
[2021-12-08 18:30:38,476] {processor.py:163} INFO - Started process (PID=534) to work on /usr/local/lib/python3.8/dist-packages/airflow/example_dags/example_short_circuit_operator.py
[2021-12-08 18:30:38,480] {processor.py:625} INFO - Processing file /usr/local/lib/python3.8/dist-packages/airflow/example_dags/example_short_circuit_operator.py for tasks to queue
[2021-12-08 18:30:38,480] {logging_mixin.py:109} INFO - [2021-12-08 18:30:38,480] {dagbag.py:500} INFO - Filling up the DagBag from /usr/local/lib/python3.8/dist-packages/airflow/example_dags/example_short_circuit_operator.py
[2021-12-08 18:30:38,498] {processor.py:637} INFO - DAG(s) dict_keys(['example_short_circuit_operator']) retrieved from /usr/local/lib/python3.8/dist-packages/airflow/example_dags/example_short_circuit_operator.py
[2021-12-08 18:30:38,501] {logging_mixin.py:109} WARNING - /usr/local/lib/python3.8/dist-packages/airflow/models/serialized_dag.py:120 SAWarning: TypeDecorator UtcDateTime(timezone=True) will not produce a cache key because the ``cache_ok`` flag is not set to True.  Set this flag to True if this type object's state is safe to use in a cache key, or False to disable this warning.
[2021-12-08 18:30:38,507] {logging_mixin.py:109} INFO - [2021-12-08 18:30:38,507] {dag.py:2396} INFO - Sync 1 DAGs
[2021-12-08 18:30:38,515] {logging_mixin.py:109} WARNING - /usr/local/lib/python3.8/dist-packages/airflow/models/dag.py:2433 SAWarning: TypeDecorator UtcDateTime(timezone=True) will not produce a cache key because the ``cache_ok`` flag is not set to True.  Set this flag to True if this type object's state is safe to use in a cache key, or False to disable this warning.
[2021-12-08 18:30:38,521] {logging_mixin.py:109} INFO - [2021-12-08 18:30:38,521] {dag.py:2928} INFO - Setting next_dagrun for example_short_circuit_operator to 2021-12-07T13:00:38.521263+00:00
[2021-12-08 18:30:38,700] {processor.py:171} INFO - Processing /usr/local/lib/python3.8/dist-packages/airflow/example_dags/example_short_circuit_operator.py took 0.226 seconds
[2021-12-08 18:31:15,842] {processor.py:163} INFO - Started process (PID=563) to work on /usr/local/lib/python3.8/dist-packages/airflow/example_dags/example_short_circuit_operator.py
[2021-12-08 18:31:15,844] {processor.py:625} INFO - Processing file /usr/local/lib/python3.8/dist-packages/airflow/example_dags/example_short_circuit_operator.py for tasks to queue
[2021-12-08 18:31:15,845] {logging_mixin.py:109} INFO - [2021-12-08 18:31:15,845] {dagbag.py:500} INFO - Filling up the DagBag from /usr/local/lib/python3.8/dist-packages/airflow/example_dags/example_short_circuit_operator.py
[2021-12-08 18:31:15,868] {processor.py:637} INFO - DAG(s) dict_keys(['example_short_circuit_operator']) retrieved from /usr/local/lib/python3.8/dist-packages/airflow/example_dags/example_short_circuit_operator.py
[2021-12-08 18:31:15,872] {logging_mixin.py:109} WARNING - /usr/local/lib/python3.8/dist-packages/airflow/models/serialized_dag.py:120 SAWarning: TypeDecorator UtcDateTime(timezone=True) will not produce a cache key because the ``cache_ok`` flag is not set to True.  Set this flag to True if this type object's state is safe to use in a cache key, or False to disable this warning.
[2021-12-08 18:31:15,878] {logging_mixin.py:109} INFO - [2021-12-08 18:31:15,878] {dag.py:2396} INFO - Sync 1 DAGs
[2021-12-08 18:31:15,887] {logging_mixin.py:109} WARNING - /usr/local/lib/python3.8/dist-packages/airflow/models/dag.py:2433 SAWarning: TypeDecorator UtcDateTime(timezone=True) will not produce a cache key because the ``cache_ok`` flag is not set to True.  Set this flag to True if this type object's state is safe to use in a cache key, or False to disable this warning.
[2021-12-08 18:31:15,892] {logging_mixin.py:109} INFO - [2021-12-08 18:31:15,892] {dag.py:2928} INFO - Setting next_dagrun for example_short_circuit_operator to 2021-12-07T13:01:15.892635+00:00
[2021-12-08 18:31:16,060] {processor.py:171} INFO - Processing /usr/local/lib/python3.8/dist-packages/airflow/example_dags/example_short_circuit_operator.py took 0.225 seconds
[2021-12-08 18:31:52,331] {processor.py:163} INFO - Started process (PID=589) to work on /usr/local/lib/python3.8/dist-packages/airflow/example_dags/example_short_circuit_operator.py
[2021-12-08 18:31:52,382] {processor.py:625} INFO - Processing file /usr/local/lib/python3.8/dist-packages/airflow/example_dags/example_short_circuit_operator.py for tasks to queue
[2021-12-08 18:31:52,383] {logging_mixin.py:109} INFO - [2021-12-08 18:31:52,383] {dagbag.py:500} INFO - Filling up the DagBag from /usr/local/lib/python3.8/dist-packages/airflow/example_dags/example_short_circuit_operator.py
[2021-12-08 18:31:52,402] {processor.py:637} INFO - DAG(s) dict_keys(['example_short_circuit_operator']) retrieved from /usr/local/lib/python3.8/dist-packages/airflow/example_dags/example_short_circuit_operator.py
[2021-12-08 18:31:52,406] {logging_mixin.py:109} WARNING - /usr/local/lib/python3.8/dist-packages/airflow/models/serialized_dag.py:120 SAWarning: TypeDecorator UtcDateTime(timezone=True) will not produce a cache key because the ``cache_ok`` flag is not set to True.  Set this flag to True if this type object's state is safe to use in a cache key, or False to disable this warning.
[2021-12-08 18:31:52,412] {logging_mixin.py:109} INFO - [2021-12-08 18:31:52,412] {dag.py:2396} INFO - Sync 1 DAGs
[2021-12-08 18:31:52,420] {logging_mixin.py:109} WARNING - /usr/local/lib/python3.8/dist-packages/airflow/models/dag.py:2433 SAWarning: TypeDecorator UtcDateTime(timezone=True) will not produce a cache key because the ``cache_ok`` flag is not set to True.  Set this flag to True if this type object's state is safe to use in a cache key, or False to disable this warning.
[2021-12-08 18:31:52,426] {logging_mixin.py:109} INFO - [2021-12-08 18:31:52,426] {dag.py:2928} INFO - Setting next_dagrun for example_short_circuit_operator to 2021-12-07T13:01:52.426412+00:00
[2021-12-08 18:31:52,599] {processor.py:171} INFO - Processing /usr/local/lib/python3.8/dist-packages/airflow/example_dags/example_short_circuit_operator.py took 0.270 seconds
[2021-12-08 18:32:31,227] {processor.py:163} INFO - Started process (PID=618) to work on /usr/local/lib/python3.8/dist-packages/airflow/example_dags/example_short_circuit_operator.py
[2021-12-08 18:32:31,251] {processor.py:625} INFO - Processing file /usr/local/lib/python3.8/dist-packages/airflow/example_dags/example_short_circuit_operator.py for tasks to queue
[2021-12-08 18:32:31,251] {logging_mixin.py:109} INFO - [2021-12-08 18:32:31,251] {dagbag.py:500} INFO - Filling up the DagBag from /usr/local/lib/python3.8/dist-packages/airflow/example_dags/example_short_circuit_operator.py
[2021-12-08 18:32:31,269] {processor.py:637} INFO - DAG(s) dict_keys(['example_short_circuit_operator']) retrieved from /usr/local/lib/python3.8/dist-packages/airflow/example_dags/example_short_circuit_operator.py
[2021-12-08 18:32:31,272] {logging_mixin.py:109} WARNING - /usr/local/lib/python3.8/dist-packages/airflow/models/serialized_dag.py:120 SAWarning: TypeDecorator UtcDateTime(timezone=True) will not produce a cache key because the ``cache_ok`` flag is not set to True.  Set this flag to True if this type object's state is safe to use in a cache key, or False to disable this warning.
[2021-12-08 18:32:31,279] {logging_mixin.py:109} INFO - [2021-12-08 18:32:31,278] {dag.py:2396} INFO - Sync 1 DAGs
[2021-12-08 18:32:31,287] {logging_mixin.py:109} WARNING - /usr/local/lib/python3.8/dist-packages/airflow/models/dag.py:2433 SAWarning: TypeDecorator UtcDateTime(timezone=True) will not produce a cache key because the ``cache_ok`` flag is not set to True.  Set this flag to True if this type object's state is safe to use in a cache key, or False to disable this warning.
[2021-12-08 18:32:31,293] {logging_mixin.py:109} INFO - [2021-12-08 18:32:31,293] {dag.py:2928} INFO - Setting next_dagrun for example_short_circuit_operator to 2021-12-07T13:02:31.292769+00:00
[2021-12-08 18:32:31,470] {processor.py:171} INFO - Processing /usr/local/lib/python3.8/dist-packages/airflow/example_dags/example_short_circuit_operator.py took 0.245 seconds
[2021-12-08 18:33:10,277] {processor.py:163} INFO - Started process (PID=647) to work on /usr/local/lib/python3.8/dist-packages/airflow/example_dags/example_short_circuit_operator.py
[2021-12-08 18:33:10,294] {processor.py:625} INFO - Processing file /usr/local/lib/python3.8/dist-packages/airflow/example_dags/example_short_circuit_operator.py for tasks to queue
[2021-12-08 18:33:10,295] {logging_mixin.py:109} INFO - [2021-12-08 18:33:10,294] {dagbag.py:500} INFO - Filling up the DagBag from /usr/local/lib/python3.8/dist-packages/airflow/example_dags/example_short_circuit_operator.py
[2021-12-08 18:33:10,321] {processor.py:637} INFO - DAG(s) dict_keys(['example_short_circuit_operator']) retrieved from /usr/local/lib/python3.8/dist-packages/airflow/example_dags/example_short_circuit_operator.py
[2021-12-08 18:33:10,324] {logging_mixin.py:109} WARNING - /usr/local/lib/python3.8/dist-packages/airflow/models/serialized_dag.py:120 SAWarning: TypeDecorator UtcDateTime(timezone=True) will not produce a cache key because the ``cache_ok`` flag is not set to True.  Set this flag to True if this type object's state is safe to use in a cache key, or False to disable this warning.
[2021-12-08 18:33:10,331] {logging_mixin.py:109} INFO - [2021-12-08 18:33:10,331] {dag.py:2396} INFO - Sync 1 DAGs
[2021-12-08 18:33:10,339] {logging_mixin.py:109} WARNING - /usr/local/lib/python3.8/dist-packages/airflow/models/dag.py:2433 SAWarning: TypeDecorator UtcDateTime(timezone=True) will not produce a cache key because the ``cache_ok`` flag is not set to True.  Set this flag to True if this type object's state is safe to use in a cache key, or False to disable this warning.
[2021-12-08 18:33:10,345] {logging_mixin.py:109} INFO - [2021-12-08 18:33:10,345] {dag.py:2928} INFO - Setting next_dagrun for example_short_circuit_operator to 2021-12-07T13:03:10.344831+00:00
[2021-12-08 18:33:10,542] {processor.py:171} INFO - Processing /usr/local/lib/python3.8/dist-packages/airflow/example_dags/example_short_circuit_operator.py took 0.271 seconds
[2021-12-08 18:33:58,255] {processor.py:163} INFO - Started process (PID=684) to work on /usr/local/lib/python3.8/dist-packages/airflow/example_dags/example_short_circuit_operator.py
[2021-12-08 18:33:58,271] {processor.py:625} INFO - Processing file /usr/local/lib/python3.8/dist-packages/airflow/example_dags/example_short_circuit_operator.py for tasks to queue
[2021-12-08 18:33:58,271] {logging_mixin.py:109} INFO - [2021-12-08 18:33:58,271] {dagbag.py:500} INFO - Filling up the DagBag from /usr/local/lib/python3.8/dist-packages/airflow/example_dags/example_short_circuit_operator.py
[2021-12-08 18:33:58,289] {processor.py:637} INFO - DAG(s) dict_keys(['example_short_circuit_operator']) retrieved from /usr/local/lib/python3.8/dist-packages/airflow/example_dags/example_short_circuit_operator.py
[2021-12-08 18:33:58,293] {logging_mixin.py:109} WARNING - /usr/local/lib/python3.8/dist-packages/airflow/models/serialized_dag.py:120 SAWarning: TypeDecorator UtcDateTime(timezone=True) will not produce a cache key because the ``cache_ok`` flag is not set to True.  Set this flag to True if this type object's state is safe to use in a cache key, or False to disable this warning.
[2021-12-08 18:33:58,299] {logging_mixin.py:109} INFO - [2021-12-08 18:33:58,299] {dag.py:2396} INFO - Sync 1 DAGs
[2021-12-08 18:33:58,308] {logging_mixin.py:109} WARNING - /usr/local/lib/python3.8/dist-packages/airflow/models/dag.py:2433 SAWarning: TypeDecorator UtcDateTime(timezone=True) will not produce a cache key because the ``cache_ok`` flag is not set to True.  Set this flag to True if this type object's state is safe to use in a cache key, or False to disable this warning.
[2021-12-08 18:33:58,314] {logging_mixin.py:109} INFO - [2021-12-08 18:33:58,314] {dag.py:2928} INFO - Setting next_dagrun for example_short_circuit_operator to 2021-12-07T13:03:58.314427+00:00
[2021-12-08 18:33:58,529] {processor.py:171} INFO - Processing /usr/local/lib/python3.8/dist-packages/airflow/example_dags/example_short_circuit_operator.py took 0.277 seconds
[2021-12-08 18:34:35,604] {processor.py:163} INFO - Started process (PID=711) to work on /usr/local/lib/python3.8/dist-packages/airflow/example_dags/example_short_circuit_operator.py
[2021-12-08 18:34:35,621] {processor.py:625} INFO - Processing file /usr/local/lib/python3.8/dist-packages/airflow/example_dags/example_short_circuit_operator.py for tasks to queue
[2021-12-08 18:34:35,621] {logging_mixin.py:109} INFO - [2021-12-08 18:34:35,621] {dagbag.py:500} INFO - Filling up the DagBag from /usr/local/lib/python3.8/dist-packages/airflow/example_dags/example_short_circuit_operator.py
[2021-12-08 18:34:35,638] {processor.py:637} INFO - DAG(s) dict_keys(['example_short_circuit_operator']) retrieved from /usr/local/lib/python3.8/dist-packages/airflow/example_dags/example_short_circuit_operator.py
[2021-12-08 18:34:35,642] {logging_mixin.py:109} WARNING - /usr/local/lib/python3.8/dist-packages/airflow/models/serialized_dag.py:120 SAWarning: TypeDecorator UtcDateTime(timezone=True) will not produce a cache key because the ``cache_ok`` flag is not set to True.  Set this flag to True if this type object's state is safe to use in a cache key, or False to disable this warning.
[2021-12-08 18:34:35,648] {logging_mixin.py:109} INFO - [2021-12-08 18:34:35,648] {dag.py:2396} INFO - Sync 1 DAGs
[2021-12-08 18:34:35,656] {logging_mixin.py:109} WARNING - /usr/local/lib/python3.8/dist-packages/airflow/models/dag.py:2433 SAWarning: TypeDecorator UtcDateTime(timezone=True) will not produce a cache key because the ``cache_ok`` flag is not set to True.  Set this flag to True if this type object's state is safe to use in a cache key, or False to disable this warning.
[2021-12-08 18:34:35,664] {logging_mixin.py:109} INFO - [2021-12-08 18:34:35,664] {dag.py:2928} INFO - Setting next_dagrun for example_short_circuit_operator to 2021-12-07T13:04:35.664090+00:00
[2021-12-08 18:34:35,823] {processor.py:171} INFO - Processing /usr/local/lib/python3.8/dist-packages/airflow/example_dags/example_short_circuit_operator.py took 0.221 seconds
