[2021-12-08 18:23:03,356] {processor.py:163} INFO - Started process (PID=200) to work on /usr/local/lib/python3.8/dist-packages/airflow/example_dags/example_branch_day_of_week_operator.py
[2021-12-08 18:23:03,356] {processor.py:625} INFO - Processing file /usr/local/lib/python3.8/dist-packages/airflow/example_dags/example_branch_day_of_week_operator.py for tasks to queue
[2021-12-08 18:23:03,356] {logging_mixin.py:109} INFO - [2021-12-08 18:23:03,356] {dagbag.py:500} INFO - Filling up the DagBag from /usr/local/lib/python3.8/dist-packages/airflow/example_dags/example_branch_day_of_week_operator.py
[2021-12-08 18:23:03,444] {processor.py:637} INFO - DAG(s) dict_keys(['example_weekday_branch_operator']) retrieved from /usr/local/lib/python3.8/dist-packages/airflow/example_dags/example_branch_day_of_week_operator.py
[2021-12-08 18:23:03,448] {logging_mixin.py:109} WARNING - /usr/local/lib/python3.8/dist-packages/airflow/models/serialized_dag.py:120 SAWarning: TypeDecorator UtcDateTime(timezone=True) will not produce a cache key because the ``cache_ok`` flag is not set to True.  Set this flag to True if this type object's state is safe to use in a cache key, or False to disable this warning.
[2021-12-08 18:23:03,455] {logging_mixin.py:109} INFO - [2021-12-08 18:23:03,455] {dag.py:2396} INFO - Sync 1 DAGs
[2021-12-08 18:23:03,463] {logging_mixin.py:109} WARNING - /usr/local/lib/python3.8/dist-packages/airflow/models/dag.py:2433 SAWarning: TypeDecorator UtcDateTime(timezone=True) will not produce a cache key because the ``cache_ok`` flag is not set to True.  Set this flag to True if this type object's state is safe to use in a cache key, or False to disable this warning.
[2021-12-08 18:23:03,471] {logging_mixin.py:109} INFO - [2021-12-08 18:23:03,471] {dag.py:2928} INFO - Setting next_dagrun for example_weekday_branch_operator to 2021-12-07 00:00:00+00:00
[2021-12-08 18:23:03,629] {processor.py:171} INFO - Processing /usr/local/lib/python3.8/dist-packages/airflow/example_dags/example_branch_day_of_week_operator.py took 0.275 seconds
[2021-12-08 18:23:53,352] {processor.py:163} INFO - Started process (PID=236) to work on /usr/local/lib/python3.8/dist-packages/airflow/example_dags/example_branch_day_of_week_operator.py
[2021-12-08 18:23:53,393] {processor.py:625} INFO - Processing file /usr/local/lib/python3.8/dist-packages/airflow/example_dags/example_branch_day_of_week_operator.py for tasks to queue
[2021-12-08 18:23:53,394] {logging_mixin.py:109} INFO - [2021-12-08 18:23:53,394] {dagbag.py:500} INFO - Filling up the DagBag from /usr/local/lib/python3.8/dist-packages/airflow/example_dags/example_branch_day_of_week_operator.py
[2021-12-08 18:23:53,426] {processor.py:637} INFO - DAG(s) dict_keys(['example_weekday_branch_operator']) retrieved from /usr/local/lib/python3.8/dist-packages/airflow/example_dags/example_branch_day_of_week_operator.py
[2021-12-08 18:23:53,429] {logging_mixin.py:109} WARNING - /usr/local/lib/python3.8/dist-packages/airflow/models/serialized_dag.py:120 SAWarning: TypeDecorator UtcDateTime(timezone=True) will not produce a cache key because the ``cache_ok`` flag is not set to True.  Set this flag to True if this type object's state is safe to use in a cache key, or False to disable this warning.
[2021-12-08 18:23:53,435] {logging_mixin.py:109} INFO - [2021-12-08 18:23:53,435] {dag.py:2396} INFO - Sync 1 DAGs
[2021-12-08 18:23:53,444] {logging_mixin.py:109} WARNING - /usr/local/lib/python3.8/dist-packages/airflow/models/dag.py:2433 SAWarning: TypeDecorator UtcDateTime(timezone=True) will not produce a cache key because the ``cache_ok`` flag is not set to True.  Set this flag to True if this type object's state is safe to use in a cache key, or False to disable this warning.
[2021-12-08 18:23:53,451] {logging_mixin.py:109} INFO - [2021-12-08 18:23:53,451] {dag.py:2928} INFO - Setting next_dagrun for example_weekday_branch_operator to 2021-12-07 00:00:00+00:00
[2021-12-08 18:23:53,617] {processor.py:171} INFO - Processing /usr/local/lib/python3.8/dist-packages/airflow/example_dags/example_branch_day_of_week_operator.py took 0.268 seconds
[2021-12-08 18:24:41,769] {processor.py:163} INFO - Started process (PID=272) to work on /usr/local/lib/python3.8/dist-packages/airflow/example_dags/example_branch_day_of_week_operator.py
[2021-12-08 18:24:41,779] {processor.py:625} INFO - Processing file /usr/local/lib/python3.8/dist-packages/airflow/example_dags/example_branch_day_of_week_operator.py for tasks to queue
[2021-12-08 18:24:41,779] {logging_mixin.py:109} INFO - [2021-12-08 18:24:41,779] {dagbag.py:500} INFO - Filling up the DagBag from /usr/local/lib/python3.8/dist-packages/airflow/example_dags/example_branch_day_of_week_operator.py
[2021-12-08 18:24:41,795] {processor.py:637} INFO - DAG(s) dict_keys(['example_weekday_branch_operator']) retrieved from /usr/local/lib/python3.8/dist-packages/airflow/example_dags/example_branch_day_of_week_operator.py
[2021-12-08 18:24:41,799] {logging_mixin.py:109} WARNING - /usr/local/lib/python3.8/dist-packages/airflow/models/serialized_dag.py:120 SAWarning: TypeDecorator UtcDateTime(timezone=True) will not produce a cache key because the ``cache_ok`` flag is not set to True.  Set this flag to True if this type object's state is safe to use in a cache key, or False to disable this warning.
[2021-12-08 18:24:41,804] {logging_mixin.py:109} INFO - [2021-12-08 18:24:41,804] {dag.py:2396} INFO - Sync 1 DAGs
[2021-12-08 18:24:41,813] {logging_mixin.py:109} WARNING - /usr/local/lib/python3.8/dist-packages/airflow/models/dag.py:2433 SAWarning: TypeDecorator UtcDateTime(timezone=True) will not produce a cache key because the ``cache_ok`` flag is not set to True.  Set this flag to True if this type object's state is safe to use in a cache key, or False to disable this warning.
[2021-12-08 18:24:41,820] {logging_mixin.py:109} INFO - [2021-12-08 18:24:41,820] {dag.py:2928} INFO - Setting next_dagrun for example_weekday_branch_operator to 2021-12-07 00:00:00+00:00
[2021-12-08 18:24:41,964] {processor.py:171} INFO - Processing /usr/local/lib/python3.8/dist-packages/airflow/example_dags/example_branch_day_of_week_operator.py took 0.197 seconds
[2021-12-08 18:25:38,827] {processor.py:163} INFO - Started process (PID=314) to work on /usr/local/lib/python3.8/dist-packages/airflow/example_dags/example_branch_day_of_week_operator.py
[2021-12-08 18:25:38,848] {processor.py:625} INFO - Processing file /usr/local/lib/python3.8/dist-packages/airflow/example_dags/example_branch_day_of_week_operator.py for tasks to queue
[2021-12-08 18:25:38,848] {logging_mixin.py:109} INFO - [2021-12-08 18:25:38,848] {dagbag.py:500} INFO - Filling up the DagBag from /usr/local/lib/python3.8/dist-packages/airflow/example_dags/example_branch_day_of_week_operator.py
[2021-12-08 18:25:38,869] {processor.py:637} INFO - DAG(s) dict_keys(['example_weekday_branch_operator']) retrieved from /usr/local/lib/python3.8/dist-packages/airflow/example_dags/example_branch_day_of_week_operator.py
[2021-12-08 18:25:38,872] {logging_mixin.py:109} WARNING - /usr/local/lib/python3.8/dist-packages/airflow/models/serialized_dag.py:120 SAWarning: TypeDecorator UtcDateTime(timezone=True) will not produce a cache key because the ``cache_ok`` flag is not set to True.  Set this flag to True if this type object's state is safe to use in a cache key, or False to disable this warning.
[2021-12-08 18:25:38,878] {logging_mixin.py:109} INFO - [2021-12-08 18:25:38,878] {dag.py:2396} INFO - Sync 1 DAGs
[2021-12-08 18:25:38,887] {logging_mixin.py:109} WARNING - /usr/local/lib/python3.8/dist-packages/airflow/models/dag.py:2433 SAWarning: TypeDecorator UtcDateTime(timezone=True) will not produce a cache key because the ``cache_ok`` flag is not set to True.  Set this flag to True if this type object's state is safe to use in a cache key, or False to disable this warning.
[2021-12-08 18:25:38,893] {logging_mixin.py:109} INFO - [2021-12-08 18:25:38,893] {dag.py:2928} INFO - Setting next_dagrun for example_weekday_branch_operator to 2021-12-07 00:00:00+00:00
[2021-12-08 18:25:39,058] {processor.py:171} INFO - Processing /usr/local/lib/python3.8/dist-packages/airflow/example_dags/example_branch_day_of_week_operator.py took 0.234 seconds
[2021-12-08 18:26:36,295] {processor.py:163} INFO - Started process (PID=357) to work on /usr/local/lib/python3.8/dist-packages/airflow/example_dags/example_branch_day_of_week_operator.py
[2021-12-08 18:26:36,319] {processor.py:625} INFO - Processing file /usr/local/lib/python3.8/dist-packages/airflow/example_dags/example_branch_day_of_week_operator.py for tasks to queue
[2021-12-08 18:26:36,320] {logging_mixin.py:109} INFO - [2021-12-08 18:26:36,320] {dagbag.py:500} INFO - Filling up the DagBag from /usr/local/lib/python3.8/dist-packages/airflow/example_dags/example_branch_day_of_week_operator.py
[2021-12-08 18:26:36,339] {processor.py:637} INFO - DAG(s) dict_keys(['example_weekday_branch_operator']) retrieved from /usr/local/lib/python3.8/dist-packages/airflow/example_dags/example_branch_day_of_week_operator.py
[2021-12-08 18:26:36,348] {logging_mixin.py:109} WARNING - /usr/local/lib/python3.8/dist-packages/airflow/models/serialized_dag.py:120 SAWarning: TypeDecorator UtcDateTime(timezone=True) will not produce a cache key because the ``cache_ok`` flag is not set to True.  Set this flag to True if this type object's state is safe to use in a cache key, or False to disable this warning.
[2021-12-08 18:26:36,354] {logging_mixin.py:109} INFO - [2021-12-08 18:26:36,353] {dag.py:2396} INFO - Sync 1 DAGs
[2021-12-08 18:26:36,362] {logging_mixin.py:109} WARNING - /usr/local/lib/python3.8/dist-packages/airflow/models/dag.py:2433 SAWarning: TypeDecorator UtcDateTime(timezone=True) will not produce a cache key because the ``cache_ok`` flag is not set to True.  Set this flag to True if this type object's state is safe to use in a cache key, or False to disable this warning.
[2021-12-08 18:26:36,369] {logging_mixin.py:109} INFO - [2021-12-08 18:26:36,368] {dag.py:2928} INFO - Setting next_dagrun for example_weekday_branch_operator to 2021-12-07 00:00:00+00:00
[2021-12-08 18:26:36,545] {processor.py:171} INFO - Processing /usr/local/lib/python3.8/dist-packages/airflow/example_dags/example_branch_day_of_week_operator.py took 0.255 seconds
[2021-12-08 18:27:35,465] {processor.py:163} INFO - Started process (PID=399) to work on /usr/local/lib/python3.8/dist-packages/airflow/example_dags/example_branch_day_of_week_operator.py
[2021-12-08 18:27:35,485] {processor.py:625} INFO - Processing file /usr/local/lib/python3.8/dist-packages/airflow/example_dags/example_branch_day_of_week_operator.py for tasks to queue
[2021-12-08 18:27:35,485] {logging_mixin.py:109} INFO - [2021-12-08 18:27:35,485] {dagbag.py:500} INFO - Filling up the DagBag from /usr/local/lib/python3.8/dist-packages/airflow/example_dags/example_branch_day_of_week_operator.py
[2021-12-08 18:27:35,506] {processor.py:637} INFO - DAG(s) dict_keys(['example_weekday_branch_operator']) retrieved from /usr/local/lib/python3.8/dist-packages/airflow/example_dags/example_branch_day_of_week_operator.py
[2021-12-08 18:27:35,510] {logging_mixin.py:109} WARNING - /usr/local/lib/python3.8/dist-packages/airflow/models/serialized_dag.py:120 SAWarning: TypeDecorator UtcDateTime(timezone=True) will not produce a cache key because the ``cache_ok`` flag is not set to True.  Set this flag to True if this type object's state is safe to use in a cache key, or False to disable this warning.
[2021-12-08 18:27:35,517] {logging_mixin.py:109} INFO - [2021-12-08 18:27:35,516] {dag.py:2396} INFO - Sync 1 DAGs
[2021-12-08 18:27:35,527] {logging_mixin.py:109} WARNING - /usr/local/lib/python3.8/dist-packages/airflow/models/dag.py:2433 SAWarning: TypeDecorator UtcDateTime(timezone=True) will not produce a cache key because the ``cache_ok`` flag is not set to True.  Set this flag to True if this type object's state is safe to use in a cache key, or False to disable this warning.
[2021-12-08 18:27:35,534] {logging_mixin.py:109} INFO - [2021-12-08 18:27:35,534] {dag.py:2928} INFO - Setting next_dagrun for example_weekday_branch_operator to 2021-12-07 00:00:00+00:00
[2021-12-08 18:27:35,680] {processor.py:171} INFO - Processing /usr/local/lib/python3.8/dist-packages/airflow/example_dags/example_branch_day_of_week_operator.py took 0.218 seconds
[2021-12-08 18:28:33,716] {processor.py:163} INFO - Started process (PID=442) to work on /usr/local/lib/python3.8/dist-packages/airflow/example_dags/example_branch_day_of_week_operator.py
[2021-12-08 18:28:33,728] {processor.py:625} INFO - Processing file /usr/local/lib/python3.8/dist-packages/airflow/example_dags/example_branch_day_of_week_operator.py for tasks to queue
[2021-12-08 18:28:33,729] {logging_mixin.py:109} INFO - [2021-12-08 18:28:33,729] {dagbag.py:500} INFO - Filling up the DagBag from /usr/local/lib/python3.8/dist-packages/airflow/example_dags/example_branch_day_of_week_operator.py
[2021-12-08 18:28:33,747] {processor.py:637} INFO - DAG(s) dict_keys(['example_weekday_branch_operator']) retrieved from /usr/local/lib/python3.8/dist-packages/airflow/example_dags/example_branch_day_of_week_operator.py
[2021-12-08 18:28:33,750] {logging_mixin.py:109} WARNING - /usr/local/lib/python3.8/dist-packages/airflow/models/serialized_dag.py:120 SAWarning: TypeDecorator UtcDateTime(timezone=True) will not produce a cache key because the ``cache_ok`` flag is not set to True.  Set this flag to True if this type object's state is safe to use in a cache key, or False to disable this warning.
[2021-12-08 18:28:33,756] {logging_mixin.py:109} INFO - [2021-12-08 18:28:33,756] {dag.py:2396} INFO - Sync 1 DAGs
[2021-12-08 18:28:33,764] {logging_mixin.py:109} WARNING - /usr/local/lib/python3.8/dist-packages/airflow/models/dag.py:2433 SAWarning: TypeDecorator UtcDateTime(timezone=True) will not produce a cache key because the ``cache_ok`` flag is not set to True.  Set this flag to True if this type object's state is safe to use in a cache key, or False to disable this warning.
[2021-12-08 18:28:33,771] {logging_mixin.py:109} INFO - [2021-12-08 18:28:33,771] {dag.py:2928} INFO - Setting next_dagrun for example_weekday_branch_operator to 2021-12-07 00:00:00+00:00
[2021-12-08 18:28:33,938] {processor.py:171} INFO - Processing /usr/local/lib/python3.8/dist-packages/airflow/example_dags/example_branch_day_of_week_operator.py took 0.224 seconds
[2021-12-08 18:29:29,707] {processor.py:163} INFO - Started process (PID=483) to work on /usr/local/lib/python3.8/dist-packages/airflow/example_dags/example_branch_day_of_week_operator.py
[2021-12-08 18:29:29,753] {processor.py:625} INFO - Processing file /usr/local/lib/python3.8/dist-packages/airflow/example_dags/example_branch_day_of_week_operator.py for tasks to queue
[2021-12-08 18:29:29,753] {logging_mixin.py:109} INFO - [2021-12-08 18:29:29,753] {dagbag.py:500} INFO - Filling up the DagBag from /usr/local/lib/python3.8/dist-packages/airflow/example_dags/example_branch_day_of_week_operator.py
[2021-12-08 18:29:29,778] {processor.py:637} INFO - DAG(s) dict_keys(['example_weekday_branch_operator']) retrieved from /usr/local/lib/python3.8/dist-packages/airflow/example_dags/example_branch_day_of_week_operator.py
[2021-12-08 18:29:29,781] {logging_mixin.py:109} WARNING - /usr/local/lib/python3.8/dist-packages/airflow/models/serialized_dag.py:120 SAWarning: TypeDecorator UtcDateTime(timezone=True) will not produce a cache key because the ``cache_ok`` flag is not set to True.  Set this flag to True if this type object's state is safe to use in a cache key, or False to disable this warning.
[2021-12-08 18:29:29,787] {logging_mixin.py:109} INFO - [2021-12-08 18:29:29,787] {dag.py:2396} INFO - Sync 1 DAGs
[2021-12-08 18:29:29,795] {logging_mixin.py:109} WARNING - /usr/local/lib/python3.8/dist-packages/airflow/models/dag.py:2433 SAWarning: TypeDecorator UtcDateTime(timezone=True) will not produce a cache key because the ``cache_ok`` flag is not set to True.  Set this flag to True if this type object's state is safe to use in a cache key, or False to disable this warning.
[2021-12-08 18:29:29,802] {logging_mixin.py:109} INFO - [2021-12-08 18:29:29,802] {dag.py:2928} INFO - Setting next_dagrun for example_weekday_branch_operator to 2021-12-07 00:00:00+00:00
[2021-12-08 18:29:29,952] {processor.py:171} INFO - Processing /usr/local/lib/python3.8/dist-packages/airflow/example_dags/example_branch_day_of_week_operator.py took 0.249 seconds
[2021-12-08 18:30:25,841] {processor.py:163} INFO - Started process (PID=525) to work on /usr/local/lib/python3.8/dist-packages/airflow/example_dags/example_branch_day_of_week_operator.py
[2021-12-08 18:30:25,882] {processor.py:625} INFO - Processing file /usr/local/lib/python3.8/dist-packages/airflow/example_dags/example_branch_day_of_week_operator.py for tasks to queue
[2021-12-08 18:30:25,883] {logging_mixin.py:109} INFO - [2021-12-08 18:30:25,883] {dagbag.py:500} INFO - Filling up the DagBag from /usr/local/lib/python3.8/dist-packages/airflow/example_dags/example_branch_day_of_week_operator.py
[2021-12-08 18:30:25,912] {processor.py:637} INFO - DAG(s) dict_keys(['example_weekday_branch_operator']) retrieved from /usr/local/lib/python3.8/dist-packages/airflow/example_dags/example_branch_day_of_week_operator.py
[2021-12-08 18:30:25,916] {logging_mixin.py:109} WARNING - /usr/local/lib/python3.8/dist-packages/airflow/models/serialized_dag.py:120 SAWarning: TypeDecorator UtcDateTime(timezone=True) will not produce a cache key because the ``cache_ok`` flag is not set to True.  Set this flag to True if this type object's state is safe to use in a cache key, or False to disable this warning.
[2021-12-08 18:30:25,922] {logging_mixin.py:109} INFO - [2021-12-08 18:30:25,922] {dag.py:2396} INFO - Sync 1 DAGs
[2021-12-08 18:30:25,930] {logging_mixin.py:109} WARNING - /usr/local/lib/python3.8/dist-packages/airflow/models/dag.py:2433 SAWarning: TypeDecorator UtcDateTime(timezone=True) will not produce a cache key because the ``cache_ok`` flag is not set to True.  Set this flag to True if this type object's state is safe to use in a cache key, or False to disable this warning.
[2021-12-08 18:30:25,937] {logging_mixin.py:109} INFO - [2021-12-08 18:30:25,936] {dag.py:2928} INFO - Setting next_dagrun for example_weekday_branch_operator to 2021-12-07 00:00:00+00:00
[2021-12-08 18:30:26,098] {processor.py:171} INFO - Processing /usr/local/lib/python3.8/dist-packages/airflow/example_dags/example_branch_day_of_week_operator.py took 0.260 seconds
[2021-12-08 18:31:21,627] {processor.py:163} INFO - Started process (PID=567) to work on /usr/local/lib/python3.8/dist-packages/airflow/example_dags/example_branch_day_of_week_operator.py
[2021-12-08 18:31:21,681] {processor.py:625} INFO - Processing file /usr/local/lib/python3.8/dist-packages/airflow/example_dags/example_branch_day_of_week_operator.py for tasks to queue
[2021-12-08 18:31:21,682] {logging_mixin.py:109} INFO - [2021-12-08 18:31:21,682] {dagbag.py:500} INFO - Filling up the DagBag from /usr/local/lib/python3.8/dist-packages/airflow/example_dags/example_branch_day_of_week_operator.py
[2021-12-08 18:31:21,704] {processor.py:637} INFO - DAG(s) dict_keys(['example_weekday_branch_operator']) retrieved from /usr/local/lib/python3.8/dist-packages/airflow/example_dags/example_branch_day_of_week_operator.py
[2021-12-08 18:31:21,708] {logging_mixin.py:109} WARNING - /usr/local/lib/python3.8/dist-packages/airflow/models/serialized_dag.py:120 SAWarning: TypeDecorator UtcDateTime(timezone=True) will not produce a cache key because the ``cache_ok`` flag is not set to True.  Set this flag to True if this type object's state is safe to use in a cache key, or False to disable this warning.
[2021-12-08 18:31:21,713] {logging_mixin.py:109} INFO - [2021-12-08 18:31:21,713] {dag.py:2396} INFO - Sync 1 DAGs
[2021-12-08 18:31:21,722] {logging_mixin.py:109} WARNING - /usr/local/lib/python3.8/dist-packages/airflow/models/dag.py:2433 SAWarning: TypeDecorator UtcDateTime(timezone=True) will not produce a cache key because the ``cache_ok`` flag is not set to True.  Set this flag to True if this type object's state is safe to use in a cache key, or False to disable this warning.
[2021-12-08 18:31:21,729] {logging_mixin.py:109} INFO - [2021-12-08 18:31:21,728] {dag.py:2928} INFO - Setting next_dagrun for example_weekday_branch_operator to 2021-12-07 00:00:00+00:00
[2021-12-08 18:31:21,865] {processor.py:171} INFO - Processing /usr/local/lib/python3.8/dist-packages/airflow/example_dags/example_branch_day_of_week_operator.py took 0.241 seconds
[2021-12-08 18:32:19,053] {processor.py:163} INFO - Started process (PID=609) to work on /usr/local/lib/python3.8/dist-packages/airflow/example_dags/example_branch_day_of_week_operator.py
[2021-12-08 18:32:19,054] {processor.py:625} INFO - Processing file /usr/local/lib/python3.8/dist-packages/airflow/example_dags/example_branch_day_of_week_operator.py for tasks to queue
[2021-12-08 18:32:19,054] {logging_mixin.py:109} INFO - [2021-12-08 18:32:19,054] {dagbag.py:500} INFO - Filling up the DagBag from /usr/local/lib/python3.8/dist-packages/airflow/example_dags/example_branch_day_of_week_operator.py
[2021-12-08 18:32:19,072] {processor.py:637} INFO - DAG(s) dict_keys(['example_weekday_branch_operator']) retrieved from /usr/local/lib/python3.8/dist-packages/airflow/example_dags/example_branch_day_of_week_operator.py
[2021-12-08 18:32:19,075] {logging_mixin.py:109} WARNING - /usr/local/lib/python3.8/dist-packages/airflow/models/serialized_dag.py:120 SAWarning: TypeDecorator UtcDateTime(timezone=True) will not produce a cache key because the ``cache_ok`` flag is not set to True.  Set this flag to True if this type object's state is safe to use in a cache key, or False to disable this warning.
[2021-12-08 18:32:19,082] {logging_mixin.py:109} INFO - [2021-12-08 18:32:19,081] {dag.py:2396} INFO - Sync 1 DAGs
[2021-12-08 18:32:19,089] {logging_mixin.py:109} WARNING - /usr/local/lib/python3.8/dist-packages/airflow/models/dag.py:2433 SAWarning: TypeDecorator UtcDateTime(timezone=True) will not produce a cache key because the ``cache_ok`` flag is not set to True.  Set this flag to True if this type object's state is safe to use in a cache key, or False to disable this warning.
[2021-12-08 18:32:19,096] {logging_mixin.py:109} INFO - [2021-12-08 18:32:19,096] {dag.py:2928} INFO - Setting next_dagrun for example_weekday_branch_operator to 2021-12-07 00:00:00+00:00
[2021-12-08 18:32:19,256] {processor.py:171} INFO - Processing /usr/local/lib/python3.8/dist-packages/airflow/example_dags/example_branch_day_of_week_operator.py took 0.206 seconds
[2021-12-08 18:33:16,699] {processor.py:163} INFO - Started process (PID=652) to work on /usr/local/lib/python3.8/dist-packages/airflow/example_dags/example_branch_day_of_week_operator.py
[2021-12-08 18:33:16,707] {processor.py:625} INFO - Processing file /usr/local/lib/python3.8/dist-packages/airflow/example_dags/example_branch_day_of_week_operator.py for tasks to queue
[2021-12-08 18:33:16,707] {logging_mixin.py:109} INFO - [2021-12-08 18:33:16,707] {dagbag.py:500} INFO - Filling up the DagBag from /usr/local/lib/python3.8/dist-packages/airflow/example_dags/example_branch_day_of_week_operator.py
[2021-12-08 18:33:16,725] {processor.py:637} INFO - DAG(s) dict_keys(['example_weekday_branch_operator']) retrieved from /usr/local/lib/python3.8/dist-packages/airflow/example_dags/example_branch_day_of_week_operator.py
[2021-12-08 18:33:16,729] {logging_mixin.py:109} WARNING - /usr/local/lib/python3.8/dist-packages/airflow/models/serialized_dag.py:120 SAWarning: TypeDecorator UtcDateTime(timezone=True) will not produce a cache key because the ``cache_ok`` flag is not set to True.  Set this flag to True if this type object's state is safe to use in a cache key, or False to disable this warning.
[2021-12-08 18:33:16,735] {logging_mixin.py:109} INFO - [2021-12-08 18:33:16,734] {dag.py:2396} INFO - Sync 1 DAGs
[2021-12-08 18:33:16,742] {logging_mixin.py:109} WARNING - /usr/local/lib/python3.8/dist-packages/airflow/models/dag.py:2433 SAWarning: TypeDecorator UtcDateTime(timezone=True) will not produce a cache key because the ``cache_ok`` flag is not set to True.  Set this flag to True if this type object's state is safe to use in a cache key, or False to disable this warning.
[2021-12-08 18:33:16,749] {logging_mixin.py:109} INFO - [2021-12-08 18:33:16,749] {dag.py:2928} INFO - Setting next_dagrun for example_weekday_branch_operator to 2021-12-07 00:00:00+00:00
[2021-12-08 18:33:16,893] {processor.py:171} INFO - Processing /usr/local/lib/python3.8/dist-packages/airflow/example_dags/example_branch_day_of_week_operator.py took 0.197 seconds
[2021-12-08 18:34:06,414] {processor.py:163} INFO - Started process (PID=690) to work on /usr/local/lib/python3.8/dist-packages/airflow/example_dags/example_branch_day_of_week_operator.py
[2021-12-08 18:34:06,431] {processor.py:625} INFO - Processing file /usr/local/lib/python3.8/dist-packages/airflow/example_dags/example_branch_day_of_week_operator.py for tasks to queue
[2021-12-08 18:34:06,431] {logging_mixin.py:109} INFO - [2021-12-08 18:34:06,431] {dagbag.py:500} INFO - Filling up the DagBag from /usr/local/lib/python3.8/dist-packages/airflow/example_dags/example_branch_day_of_week_operator.py
[2021-12-08 18:34:06,451] {processor.py:637} INFO - DAG(s) dict_keys(['example_weekday_branch_operator']) retrieved from /usr/local/lib/python3.8/dist-packages/airflow/example_dags/example_branch_day_of_week_operator.py
[2021-12-08 18:34:06,455] {logging_mixin.py:109} WARNING - /usr/local/lib/python3.8/dist-packages/airflow/models/serialized_dag.py:120 SAWarning: TypeDecorator UtcDateTime(timezone=True) will not produce a cache key because the ``cache_ok`` flag is not set to True.  Set this flag to True if this type object's state is safe to use in a cache key, or False to disable this warning.
[2021-12-08 18:34:06,461] {logging_mixin.py:109} INFO - [2021-12-08 18:34:06,461] {dag.py:2396} INFO - Sync 1 DAGs
[2021-12-08 18:34:06,469] {logging_mixin.py:109} WARNING - /usr/local/lib/python3.8/dist-packages/airflow/models/dag.py:2433 SAWarning: TypeDecorator UtcDateTime(timezone=True) will not produce a cache key because the ``cache_ok`` flag is not set to True.  Set this flag to True if this type object's state is safe to use in a cache key, or False to disable this warning.
[2021-12-08 18:34:06,476] {logging_mixin.py:109} INFO - [2021-12-08 18:34:06,475] {dag.py:2928} INFO - Setting next_dagrun for example_weekday_branch_operator to 2021-12-07 00:00:00+00:00
[2021-12-08 18:34:06,675] {processor.py:171} INFO - Processing /usr/local/lib/python3.8/dist-packages/airflow/example_dags/example_branch_day_of_week_operator.py took 0.263 seconds
[2021-12-08 18:35:05,126] {processor.py:163} INFO - Started process (PID=733) to work on /usr/local/lib/python3.8/dist-packages/airflow/example_dags/example_branch_day_of_week_operator.py
[2021-12-08 18:35:05,127] {processor.py:625} INFO - Processing file /usr/local/lib/python3.8/dist-packages/airflow/example_dags/example_branch_day_of_week_operator.py for tasks to queue
[2021-12-08 18:35:05,127] {logging_mixin.py:109} INFO - [2021-12-08 18:35:05,127] {dagbag.py:500} INFO - Filling up the DagBag from /usr/local/lib/python3.8/dist-packages/airflow/example_dags/example_branch_day_of_week_operator.py
[2021-12-08 18:35:05,145] {processor.py:637} INFO - DAG(s) dict_keys(['example_weekday_branch_operator']) retrieved from /usr/local/lib/python3.8/dist-packages/airflow/example_dags/example_branch_day_of_week_operator.py
[2021-12-08 18:35:05,148] {logging_mixin.py:109} WARNING - /usr/local/lib/python3.8/dist-packages/airflow/models/serialized_dag.py:120 SAWarning: TypeDecorator UtcDateTime(timezone=True) will not produce a cache key because the ``cache_ok`` flag is not set to True.  Set this flag to True if this type object's state is safe to use in a cache key, or False to disable this warning.
[2021-12-08 18:35:05,154] {logging_mixin.py:109} INFO - [2021-12-08 18:35:05,154] {dag.py:2396} INFO - Sync 1 DAGs
[2021-12-08 18:35:05,163] {logging_mixin.py:109} WARNING - /usr/local/lib/python3.8/dist-packages/airflow/models/dag.py:2433 SAWarning: TypeDecorator UtcDateTime(timezone=True) will not produce a cache key because the ``cache_ok`` flag is not set to True.  Set this flag to True if this type object's state is safe to use in a cache key, or False to disable this warning.
[2021-12-08 18:35:05,169] {logging_mixin.py:109} INFO - [2021-12-08 18:35:05,169] {dag.py:2928} INFO - Setting next_dagrun for example_weekday_branch_operator to 2021-12-07 00:00:00+00:00
[2021-12-08 18:35:05,331] {processor.py:171} INFO - Processing /usr/local/lib/python3.8/dist-packages/airflow/example_dags/example_branch_day_of_week_operator.py took 0.207 seconds
