[2021-12-08 18:23:19,931] {processor.py:163} INFO - Started process (PID=212) to work on /usr/local/lib/python3.8/dist-packages/airflow/example_dags/example_latest_only_with_trigger.py
[2021-12-08 18:23:19,932] {processor.py:625} INFO - Processing file /usr/local/lib/python3.8/dist-packages/airflow/example_dags/example_latest_only_with_trigger.py for tasks to queue
[2021-12-08 18:23:19,933] {logging_mixin.py:109} INFO - [2021-12-08 18:23:19,933] {dagbag.py:500} INFO - Filling up the DagBag from /usr/local/lib/python3.8/dist-packages/airflow/example_dags/example_latest_only_with_trigger.py
[2021-12-08 18:23:19,955] {processor.py:637} INFO - DAG(s) dict_keys(['latest_only_with_trigger']) retrieved from /usr/local/lib/python3.8/dist-packages/airflow/example_dags/example_latest_only_with_trigger.py
[2021-12-08 18:23:19,958] {logging_mixin.py:109} WARNING - /usr/local/lib/python3.8/dist-packages/airflow/models/serialized_dag.py:120 SAWarning: TypeDecorator UtcDateTime(timezone=True) will not produce a cache key because the ``cache_ok`` flag is not set to True.  Set this flag to True if this type object's state is safe to use in a cache key, or False to disable this warning.
[2021-12-08 18:23:19,965] {logging_mixin.py:109} INFO - [2021-12-08 18:23:19,965] {dag.py:2396} INFO - Sync 1 DAGs
[2021-12-08 18:23:19,973] {logging_mixin.py:109} WARNING - /usr/local/lib/python3.8/dist-packages/airflow/models/dag.py:2433 SAWarning: TypeDecorator UtcDateTime(timezone=True) will not produce a cache key because the ``cache_ok`` flag is not set to True.  Set this flag to True if this type object's state is safe to use in a cache key, or False to disable this warning.
[2021-12-08 18:23:19,980] {logging_mixin.py:109} INFO - [2021-12-08 18:23:19,980] {dag.py:2928} INFO - Setting next_dagrun for latest_only_with_trigger to 2021-12-08T08:53:19.979809+00:00
[2021-12-08 18:23:20,141] {processor.py:171} INFO - Processing /usr/local/lib/python3.8/dist-packages/airflow/example_dags/example_latest_only_with_trigger.py took 0.218 seconds
[2021-12-08 18:24:18,100] {processor.py:163} INFO - Started process (PID=255) to work on /usr/local/lib/python3.8/dist-packages/airflow/example_dags/example_latest_only_with_trigger.py
[2021-12-08 18:24:18,120] {processor.py:625} INFO - Processing file /usr/local/lib/python3.8/dist-packages/airflow/example_dags/example_latest_only_with_trigger.py for tasks to queue
[2021-12-08 18:24:18,121] {logging_mixin.py:109} INFO - [2021-12-08 18:24:18,121] {dagbag.py:500} INFO - Filling up the DagBag from /usr/local/lib/python3.8/dist-packages/airflow/example_dags/example_latest_only_with_trigger.py
[2021-12-08 18:24:18,153] {processor.py:637} INFO - DAG(s) dict_keys(['latest_only_with_trigger']) retrieved from /usr/local/lib/python3.8/dist-packages/airflow/example_dags/example_latest_only_with_trigger.py
[2021-12-08 18:24:18,157] {logging_mixin.py:109} WARNING - /usr/local/lib/python3.8/dist-packages/airflow/models/serialized_dag.py:120 SAWarning: TypeDecorator UtcDateTime(timezone=True) will not produce a cache key because the ``cache_ok`` flag is not set to True.  Set this flag to True if this type object's state is safe to use in a cache key, or False to disable this warning.
[2021-12-08 18:24:18,163] {logging_mixin.py:109} INFO - [2021-12-08 18:24:18,163] {dag.py:2396} INFO - Sync 1 DAGs
[2021-12-08 18:24:18,172] {logging_mixin.py:109} WARNING - /usr/local/lib/python3.8/dist-packages/airflow/models/dag.py:2433 SAWarning: TypeDecorator UtcDateTime(timezone=True) will not produce a cache key because the ``cache_ok`` flag is not set to True.  Set this flag to True if this type object's state is safe to use in a cache key, or False to disable this warning.
[2021-12-08 18:24:18,178] {logging_mixin.py:109} INFO - [2021-12-08 18:24:18,178] {dag.py:2928} INFO - Setting next_dagrun for latest_only_with_trigger to 2021-12-08T08:54:18.178314+00:00
[2021-12-08 18:24:18,363] {processor.py:171} INFO - Processing /usr/local/lib/python3.8/dist-packages/airflow/example_dags/example_latest_only_with_trigger.py took 0.270 seconds
[2021-12-08 18:25:16,376] {processor.py:163} INFO - Started process (PID=297) to work on /usr/local/lib/python3.8/dist-packages/airflow/example_dags/example_latest_only_with_trigger.py
[2021-12-08 18:25:16,378] {processor.py:625} INFO - Processing file /usr/local/lib/python3.8/dist-packages/airflow/example_dags/example_latest_only_with_trigger.py for tasks to queue
[2021-12-08 18:25:16,379] {logging_mixin.py:109} INFO - [2021-12-08 18:25:16,379] {dagbag.py:500} INFO - Filling up the DagBag from /usr/local/lib/python3.8/dist-packages/airflow/example_dags/example_latest_only_with_trigger.py
[2021-12-08 18:25:16,407] {processor.py:637} INFO - DAG(s) dict_keys(['latest_only_with_trigger']) retrieved from /usr/local/lib/python3.8/dist-packages/airflow/example_dags/example_latest_only_with_trigger.py
[2021-12-08 18:25:16,411] {logging_mixin.py:109} WARNING - /usr/local/lib/python3.8/dist-packages/airflow/models/serialized_dag.py:120 SAWarning: TypeDecorator UtcDateTime(timezone=True) will not produce a cache key because the ``cache_ok`` flag is not set to True.  Set this flag to True if this type object's state is safe to use in a cache key, or False to disable this warning.
[2021-12-08 18:25:16,417] {logging_mixin.py:109} INFO - [2021-12-08 18:25:16,417] {dag.py:2396} INFO - Sync 1 DAGs
[2021-12-08 18:25:16,426] {logging_mixin.py:109} WARNING - /usr/local/lib/python3.8/dist-packages/airflow/models/dag.py:2433 SAWarning: TypeDecorator UtcDateTime(timezone=True) will not produce a cache key because the ``cache_ok`` flag is not set to True.  Set this flag to True if this type object's state is safe to use in a cache key, or False to disable this warning.
[2021-12-08 18:25:16,432] {logging_mixin.py:109} INFO - [2021-12-08 18:25:16,432] {dag.py:2928} INFO - Setting next_dagrun for latest_only_with_trigger to 2021-12-08T08:55:16.431830+00:00
[2021-12-08 18:25:16,599] {processor.py:171} INFO - Processing /usr/local/lib/python3.8/dist-packages/airflow/example_dags/example_latest_only_with_trigger.py took 0.228 seconds
[2021-12-08 18:26:14,796] {processor.py:163} INFO - Started process (PID=340) to work on /usr/local/lib/python3.8/dist-packages/airflow/example_dags/example_latest_only_with_trigger.py
[2021-12-08 18:26:14,841] {processor.py:625} INFO - Processing file /usr/local/lib/python3.8/dist-packages/airflow/example_dags/example_latest_only_with_trigger.py for tasks to queue
[2021-12-08 18:26:14,841] {logging_mixin.py:109} INFO - [2021-12-08 18:26:14,841] {dagbag.py:500} INFO - Filling up the DagBag from /usr/local/lib/python3.8/dist-packages/airflow/example_dags/example_latest_only_with_trigger.py
[2021-12-08 18:26:14,859] {processor.py:637} INFO - DAG(s) dict_keys(['latest_only_with_trigger']) retrieved from /usr/local/lib/python3.8/dist-packages/airflow/example_dags/example_latest_only_with_trigger.py
[2021-12-08 18:26:14,864] {logging_mixin.py:109} WARNING - /usr/local/lib/python3.8/dist-packages/airflow/models/serialized_dag.py:120 SAWarning: TypeDecorator UtcDateTime(timezone=True) will not produce a cache key because the ``cache_ok`` flag is not set to True.  Set this flag to True if this type object's state is safe to use in a cache key, or False to disable this warning.
[2021-12-08 18:26:14,870] {logging_mixin.py:109} INFO - [2021-12-08 18:26:14,870] {dag.py:2396} INFO - Sync 1 DAGs
[2021-12-08 18:26:14,879] {logging_mixin.py:109} WARNING - /usr/local/lib/python3.8/dist-packages/airflow/models/dag.py:2433 SAWarning: TypeDecorator UtcDateTime(timezone=True) will not produce a cache key because the ``cache_ok`` flag is not set to True.  Set this flag to True if this type object's state is safe to use in a cache key, or False to disable this warning.
[2021-12-08 18:26:14,885] {logging_mixin.py:109} INFO - [2021-12-08 18:26:14,885] {dag.py:2928} INFO - Setting next_dagrun for latest_only_with_trigger to 2021-12-08T08:56:14.884842+00:00
[2021-12-08 18:26:15,047] {processor.py:171} INFO - Processing /usr/local/lib/python3.8/dist-packages/airflow/example_dags/example_latest_only_with_trigger.py took 0.256 seconds
[2021-12-08 18:27:10,751] {processor.py:163} INFO - Started process (PID=382) to work on /usr/local/lib/python3.8/dist-packages/airflow/example_dags/example_latest_only_with_trigger.py
[2021-12-08 18:27:10,765] {processor.py:625} INFO - Processing file /usr/local/lib/python3.8/dist-packages/airflow/example_dags/example_latest_only_with_trigger.py for tasks to queue
[2021-12-08 18:27:10,765] {logging_mixin.py:109} INFO - [2021-12-08 18:27:10,765] {dagbag.py:500} INFO - Filling up the DagBag from /usr/local/lib/python3.8/dist-packages/airflow/example_dags/example_latest_only_with_trigger.py
[2021-12-08 18:27:10,785] {processor.py:637} INFO - DAG(s) dict_keys(['latest_only_with_trigger']) retrieved from /usr/local/lib/python3.8/dist-packages/airflow/example_dags/example_latest_only_with_trigger.py
[2021-12-08 18:27:10,788] {logging_mixin.py:109} WARNING - /usr/local/lib/python3.8/dist-packages/airflow/models/serialized_dag.py:120 SAWarning: TypeDecorator UtcDateTime(timezone=True) will not produce a cache key because the ``cache_ok`` flag is not set to True.  Set this flag to True if this type object's state is safe to use in a cache key, or False to disable this warning.
[2021-12-08 18:27:10,795] {logging_mixin.py:109} INFO - [2021-12-08 18:27:10,795] {dag.py:2396} INFO - Sync 1 DAGs
[2021-12-08 18:27:10,808] {logging_mixin.py:109} WARNING - /usr/local/lib/python3.8/dist-packages/airflow/models/dag.py:2433 SAWarning: TypeDecorator UtcDateTime(timezone=True) will not produce a cache key because the ``cache_ok`` flag is not set to True.  Set this flag to True if this type object's state is safe to use in a cache key, or False to disable this warning.
[2021-12-08 18:27:10,819] {logging_mixin.py:109} INFO - [2021-12-08 18:27:10,818] {dag.py:2928} INFO - Setting next_dagrun for latest_only_with_trigger to 2021-12-08T08:57:10.818667+00:00
[2021-12-08 18:27:11,026] {processor.py:171} INFO - Processing /usr/local/lib/python3.8/dist-packages/airflow/example_dags/example_latest_only_with_trigger.py took 0.281 seconds
[2021-12-08 18:28:01,547] {processor.py:163} INFO - Started process (PID=418) to work on /usr/local/lib/python3.8/dist-packages/airflow/example_dags/example_latest_only_with_trigger.py
[2021-12-08 18:28:01,548] {processor.py:625} INFO - Processing file /usr/local/lib/python3.8/dist-packages/airflow/example_dags/example_latest_only_with_trigger.py for tasks to queue
[2021-12-08 18:28:01,549] {logging_mixin.py:109} INFO - [2021-12-08 18:28:01,549] {dagbag.py:500} INFO - Filling up the DagBag from /usr/local/lib/python3.8/dist-packages/airflow/example_dags/example_latest_only_with_trigger.py
[2021-12-08 18:28:01,575] {processor.py:637} INFO - DAG(s) dict_keys(['latest_only_with_trigger']) retrieved from /usr/local/lib/python3.8/dist-packages/airflow/example_dags/example_latest_only_with_trigger.py
[2021-12-08 18:28:01,579] {logging_mixin.py:109} WARNING - /usr/local/lib/python3.8/dist-packages/airflow/models/serialized_dag.py:120 SAWarning: TypeDecorator UtcDateTime(timezone=True) will not produce a cache key because the ``cache_ok`` flag is not set to True.  Set this flag to True if this type object's state is safe to use in a cache key, or False to disable this warning.
[2021-12-08 18:28:01,585] {logging_mixin.py:109} INFO - [2021-12-08 18:28:01,585] {dag.py:2396} INFO - Sync 1 DAGs
[2021-12-08 18:28:01,597] {logging_mixin.py:109} WARNING - /usr/local/lib/python3.8/dist-packages/airflow/models/dag.py:2433 SAWarning: TypeDecorator UtcDateTime(timezone=True) will not produce a cache key because the ``cache_ok`` flag is not set to True.  Set this flag to True if this type object's state is safe to use in a cache key, or False to disable this warning.
[2021-12-08 18:28:01,606] {logging_mixin.py:109} INFO - [2021-12-08 18:28:01,606] {dag.py:2928} INFO - Setting next_dagrun for latest_only_with_trigger to 2021-12-08T08:58:01.605527+00:00
[2021-12-08 18:28:01,884] {processor.py:171} INFO - Processing /usr/local/lib/python3.8/dist-packages/airflow/example_dags/example_latest_only_with_trigger.py took 0.351 seconds
[2021-12-08 18:28:57,721] {processor.py:163} INFO - Started process (PID=460) to work on /usr/local/lib/python3.8/dist-packages/airflow/example_dags/example_latest_only_with_trigger.py
[2021-12-08 18:28:57,789] {processor.py:625} INFO - Processing file /usr/local/lib/python3.8/dist-packages/airflow/example_dags/example_latest_only_with_trigger.py for tasks to queue
[2021-12-08 18:28:57,791] {logging_mixin.py:109} INFO - [2021-12-08 18:28:57,790] {dagbag.py:500} INFO - Filling up the DagBag from /usr/local/lib/python3.8/dist-packages/airflow/example_dags/example_latest_only_with_trigger.py
[2021-12-08 18:28:57,826] {processor.py:637} INFO - DAG(s) dict_keys(['latest_only_with_trigger']) retrieved from /usr/local/lib/python3.8/dist-packages/airflow/example_dags/example_latest_only_with_trigger.py
[2021-12-08 18:28:57,830] {logging_mixin.py:109} WARNING - /usr/local/lib/python3.8/dist-packages/airflow/models/serialized_dag.py:120 SAWarning: TypeDecorator UtcDateTime(timezone=True) will not produce a cache key because the ``cache_ok`` flag is not set to True.  Set this flag to True if this type object's state is safe to use in a cache key, or False to disable this warning.
[2021-12-08 18:28:57,837] {logging_mixin.py:109} INFO - [2021-12-08 18:28:57,837] {dag.py:2396} INFO - Sync 1 DAGs
[2021-12-08 18:28:57,846] {logging_mixin.py:109} WARNING - /usr/local/lib/python3.8/dist-packages/airflow/models/dag.py:2433 SAWarning: TypeDecorator UtcDateTime(timezone=True) will not produce a cache key because the ``cache_ok`` flag is not set to True.  Set this flag to True if this type object's state is safe to use in a cache key, or False to disable this warning.
[2021-12-08 18:28:57,852] {logging_mixin.py:109} INFO - [2021-12-08 18:28:57,852] {dag.py:2928} INFO - Setting next_dagrun for latest_only_with_trigger to 2021-12-08T08:58:57.852123+00:00
[2021-12-08 18:28:58,033] {processor.py:171} INFO - Processing /usr/local/lib/python3.8/dist-packages/airflow/example_dags/example_latest_only_with_trigger.py took 0.315 seconds
[2021-12-08 18:29:57,085] {processor.py:163} INFO - Started process (PID=503) to work on /usr/local/lib/python3.8/dist-packages/airflow/example_dags/example_latest_only_with_trigger.py
[2021-12-08 18:29:57,102] {processor.py:625} INFO - Processing file /usr/local/lib/python3.8/dist-packages/airflow/example_dags/example_latest_only_with_trigger.py for tasks to queue
[2021-12-08 18:29:57,103] {logging_mixin.py:109} INFO - [2021-12-08 18:29:57,103] {dagbag.py:500} INFO - Filling up the DagBag from /usr/local/lib/python3.8/dist-packages/airflow/example_dags/example_latest_only_with_trigger.py
[2021-12-08 18:29:57,119] {processor.py:637} INFO - DAG(s) dict_keys(['latest_only_with_trigger']) retrieved from /usr/local/lib/python3.8/dist-packages/airflow/example_dags/example_latest_only_with_trigger.py
[2021-12-08 18:29:57,123] {logging_mixin.py:109} WARNING - /usr/local/lib/python3.8/dist-packages/airflow/models/serialized_dag.py:120 SAWarning: TypeDecorator UtcDateTime(timezone=True) will not produce a cache key because the ``cache_ok`` flag is not set to True.  Set this flag to True if this type object's state is safe to use in a cache key, or False to disable this warning.
[2021-12-08 18:29:57,129] {logging_mixin.py:109} INFO - [2021-12-08 18:29:57,129] {dag.py:2396} INFO - Sync 1 DAGs
[2021-12-08 18:29:57,137] {logging_mixin.py:109} WARNING - /usr/local/lib/python3.8/dist-packages/airflow/models/dag.py:2433 SAWarning: TypeDecorator UtcDateTime(timezone=True) will not produce a cache key because the ``cache_ok`` flag is not set to True.  Set this flag to True if this type object's state is safe to use in a cache key, or False to disable this warning.
[2021-12-08 18:29:57,143] {logging_mixin.py:109} INFO - [2021-12-08 18:29:57,143] {dag.py:2928} INFO - Setting next_dagrun for latest_only_with_trigger to 2021-12-08T08:59:57.143220+00:00
[2021-12-08 18:29:57,318] {processor.py:171} INFO - Processing /usr/local/lib/python3.8/dist-packages/airflow/example_dags/example_latest_only_with_trigger.py took 0.236 seconds
[2021-12-08 18:30:52,049] {processor.py:163} INFO - Started process (PID=544) to work on /usr/local/lib/python3.8/dist-packages/airflow/example_dags/example_latest_only_with_trigger.py
[2021-12-08 18:30:52,080] {processor.py:625} INFO - Processing file /usr/local/lib/python3.8/dist-packages/airflow/example_dags/example_latest_only_with_trigger.py for tasks to queue
[2021-12-08 18:30:52,081] {logging_mixin.py:109} INFO - [2021-12-08 18:30:52,081] {dagbag.py:500} INFO - Filling up the DagBag from /usr/local/lib/python3.8/dist-packages/airflow/example_dags/example_latest_only_with_trigger.py
[2021-12-08 18:30:52,098] {processor.py:637} INFO - DAG(s) dict_keys(['latest_only_with_trigger']) retrieved from /usr/local/lib/python3.8/dist-packages/airflow/example_dags/example_latest_only_with_trigger.py
[2021-12-08 18:30:52,102] {logging_mixin.py:109} WARNING - /usr/local/lib/python3.8/dist-packages/airflow/models/serialized_dag.py:120 SAWarning: TypeDecorator UtcDateTime(timezone=True) will not produce a cache key because the ``cache_ok`` flag is not set to True.  Set this flag to True if this type object's state is safe to use in a cache key, or False to disable this warning.
[2021-12-08 18:30:52,108] {logging_mixin.py:109} INFO - [2021-12-08 18:30:52,108] {dag.py:2396} INFO - Sync 1 DAGs
[2021-12-08 18:30:52,116] {logging_mixin.py:109} WARNING - /usr/local/lib/python3.8/dist-packages/airflow/models/dag.py:2433 SAWarning: TypeDecorator UtcDateTime(timezone=True) will not produce a cache key because the ``cache_ok`` flag is not set to True.  Set this flag to True if this type object's state is safe to use in a cache key, or False to disable this warning.
[2021-12-08 18:30:52,123] {logging_mixin.py:109} INFO - [2021-12-08 18:30:52,123] {dag.py:2928} INFO - Setting next_dagrun for latest_only_with_trigger to 2021-12-08T09:00:52.123066+00:00
[2021-12-08 18:30:52,275] {processor.py:171} INFO - Processing /usr/local/lib/python3.8/dist-packages/airflow/example_dags/example_latest_only_with_trigger.py took 0.229 seconds
[2021-12-08 18:31:47,482] {processor.py:163} INFO - Started process (PID=585) to work on /usr/local/lib/python3.8/dist-packages/airflow/example_dags/example_latest_only_with_trigger.py
[2021-12-08 18:31:47,489] {processor.py:625} INFO - Processing file /usr/local/lib/python3.8/dist-packages/airflow/example_dags/example_latest_only_with_trigger.py for tasks to queue
[2021-12-08 18:31:47,490] {logging_mixin.py:109} INFO - [2021-12-08 18:31:47,490] {dagbag.py:500} INFO - Filling up the DagBag from /usr/local/lib/python3.8/dist-packages/airflow/example_dags/example_latest_only_with_trigger.py
[2021-12-08 18:31:47,511] {processor.py:637} INFO - DAG(s) dict_keys(['latest_only_with_trigger']) retrieved from /usr/local/lib/python3.8/dist-packages/airflow/example_dags/example_latest_only_with_trigger.py
[2021-12-08 18:31:47,514] {logging_mixin.py:109} WARNING - /usr/local/lib/python3.8/dist-packages/airflow/models/serialized_dag.py:120 SAWarning: TypeDecorator UtcDateTime(timezone=True) will not produce a cache key because the ``cache_ok`` flag is not set to True.  Set this flag to True if this type object's state is safe to use in a cache key, or False to disable this warning.
[2021-12-08 18:31:47,521] {logging_mixin.py:109} INFO - [2021-12-08 18:31:47,521] {dag.py:2396} INFO - Sync 1 DAGs
[2021-12-08 18:31:47,529] {logging_mixin.py:109} WARNING - /usr/local/lib/python3.8/dist-packages/airflow/models/dag.py:2433 SAWarning: TypeDecorator UtcDateTime(timezone=True) will not produce a cache key because the ``cache_ok`` flag is not set to True.  Set this flag to True if this type object's state is safe to use in a cache key, or False to disable this warning.
[2021-12-08 18:31:47,535] {logging_mixin.py:109} INFO - [2021-12-08 18:31:47,535] {dag.py:2928} INFO - Setting next_dagrun for latest_only_with_trigger to 2021-12-08T09:01:47.535633+00:00
[2021-12-08 18:31:47,741] {processor.py:171} INFO - Processing /usr/local/lib/python3.8/dist-packages/airflow/example_dags/example_latest_only_with_trigger.py took 0.262 seconds
[2021-12-08 18:32:45,172] {processor.py:163} INFO - Started process (PID=628) to work on /usr/local/lib/python3.8/dist-packages/airflow/example_dags/example_latest_only_with_trigger.py
[2021-12-08 18:32:45,206] {processor.py:625} INFO - Processing file /usr/local/lib/python3.8/dist-packages/airflow/example_dags/example_latest_only_with_trigger.py for tasks to queue
[2021-12-08 18:32:45,207] {logging_mixin.py:109} INFO - [2021-12-08 18:32:45,206] {dagbag.py:500} INFO - Filling up the DagBag from /usr/local/lib/python3.8/dist-packages/airflow/example_dags/example_latest_only_with_trigger.py
[2021-12-08 18:32:45,225] {processor.py:637} INFO - DAG(s) dict_keys(['latest_only_with_trigger']) retrieved from /usr/local/lib/python3.8/dist-packages/airflow/example_dags/example_latest_only_with_trigger.py
[2021-12-08 18:32:45,228] {logging_mixin.py:109} WARNING - /usr/local/lib/python3.8/dist-packages/airflow/models/serialized_dag.py:120 SAWarning: TypeDecorator UtcDateTime(timezone=True) will not produce a cache key because the ``cache_ok`` flag is not set to True.  Set this flag to True if this type object's state is safe to use in a cache key, or False to disable this warning.
[2021-12-08 18:32:45,234] {logging_mixin.py:109} INFO - [2021-12-08 18:32:45,234] {dag.py:2396} INFO - Sync 1 DAGs
[2021-12-08 18:32:45,243] {logging_mixin.py:109} WARNING - /usr/local/lib/python3.8/dist-packages/airflow/models/dag.py:2433 SAWarning: TypeDecorator UtcDateTime(timezone=True) will not produce a cache key because the ``cache_ok`` flag is not set to True.  Set this flag to True if this type object's state is safe to use in a cache key, or False to disable this warning.
[2021-12-08 18:32:45,249] {logging_mixin.py:109} INFO - [2021-12-08 18:32:45,249] {dag.py:2928} INFO - Setting next_dagrun for latest_only_with_trigger to 2021-12-08T09:02:45.249075+00:00
[2021-12-08 18:32:45,470] {processor.py:171} INFO - Processing /usr/local/lib/python3.8/dist-packages/airflow/example_dags/example_latest_only_with_trigger.py took 0.301 seconds
[2021-12-08 18:33:38,854] {processor.py:163} INFO - Started process (PID=670) to work on /usr/local/lib/python3.8/dist-packages/airflow/example_dags/example_latest_only_with_trigger.py
[2021-12-08 18:33:38,874] {processor.py:625} INFO - Processing file /usr/local/lib/python3.8/dist-packages/airflow/example_dags/example_latest_only_with_trigger.py for tasks to queue
[2021-12-08 18:33:38,875] {logging_mixin.py:109} INFO - [2021-12-08 18:33:38,874] {dagbag.py:500} INFO - Filling up the DagBag from /usr/local/lib/python3.8/dist-packages/airflow/example_dags/example_latest_only_with_trigger.py
[2021-12-08 18:33:38,894] {processor.py:637} INFO - DAG(s) dict_keys(['latest_only_with_trigger']) retrieved from /usr/local/lib/python3.8/dist-packages/airflow/example_dags/example_latest_only_with_trigger.py
[2021-12-08 18:33:38,897] {logging_mixin.py:109} WARNING - /usr/local/lib/python3.8/dist-packages/airflow/models/serialized_dag.py:120 SAWarning: TypeDecorator UtcDateTime(timezone=True) will not produce a cache key because the ``cache_ok`` flag is not set to True.  Set this flag to True if this type object's state is safe to use in a cache key, or False to disable this warning.
[2021-12-08 18:33:38,903] {logging_mixin.py:109} INFO - [2021-12-08 18:33:38,903] {dag.py:2396} INFO - Sync 1 DAGs
[2021-12-08 18:33:38,912] {logging_mixin.py:109} WARNING - /usr/local/lib/python3.8/dist-packages/airflow/models/dag.py:2433 SAWarning: TypeDecorator UtcDateTime(timezone=True) will not produce a cache key because the ``cache_ok`` flag is not set to True.  Set this flag to True if this type object's state is safe to use in a cache key, or False to disable this warning.
[2021-12-08 18:33:38,917] {logging_mixin.py:109} INFO - [2021-12-08 18:33:38,917] {dag.py:2928} INFO - Setting next_dagrun for latest_only_with_trigger to 2021-12-08T09:03:38.917521+00:00
[2021-12-08 18:33:39,083] {processor.py:171} INFO - Processing /usr/local/lib/python3.8/dist-packages/airflow/example_dags/example_latest_only_with_trigger.py took 0.232 seconds
[2021-12-08 18:34:32,848] {processor.py:163} INFO - Started process (PID=709) to work on /usr/local/lib/python3.8/dist-packages/airflow/example_dags/example_latest_only_with_trigger.py
[2021-12-08 18:34:32,865] {processor.py:625} INFO - Processing file /usr/local/lib/python3.8/dist-packages/airflow/example_dags/example_latest_only_with_trigger.py for tasks to queue
[2021-12-08 18:34:32,865] {logging_mixin.py:109} INFO - [2021-12-08 18:34:32,865] {dagbag.py:500} INFO - Filling up the DagBag from /usr/local/lib/python3.8/dist-packages/airflow/example_dags/example_latest_only_with_trigger.py
[2021-12-08 18:34:32,890] {processor.py:637} INFO - DAG(s) dict_keys(['latest_only_with_trigger']) retrieved from /usr/local/lib/python3.8/dist-packages/airflow/example_dags/example_latest_only_with_trigger.py
[2021-12-08 18:34:32,893] {logging_mixin.py:109} WARNING - /usr/local/lib/python3.8/dist-packages/airflow/models/serialized_dag.py:120 SAWarning: TypeDecorator UtcDateTime(timezone=True) will not produce a cache key because the ``cache_ok`` flag is not set to True.  Set this flag to True if this type object's state is safe to use in a cache key, or False to disable this warning.
[2021-12-08 18:34:32,900] {logging_mixin.py:109} INFO - [2021-12-08 18:34:32,900] {dag.py:2396} INFO - Sync 1 DAGs
[2021-12-08 18:34:32,908] {logging_mixin.py:109} WARNING - /usr/local/lib/python3.8/dist-packages/airflow/models/dag.py:2433 SAWarning: TypeDecorator UtcDateTime(timezone=True) will not produce a cache key because the ``cache_ok`` flag is not set to True.  Set this flag to True if this type object's state is safe to use in a cache key, or False to disable this warning.
[2021-12-08 18:34:32,914] {logging_mixin.py:109} INFO - [2021-12-08 18:34:32,914] {dag.py:2928} INFO - Setting next_dagrun for latest_only_with_trigger to 2021-12-08T09:04:32.914036+00:00
[2021-12-08 18:34:33,081] {processor.py:171} INFO - Processing /usr/local/lib/python3.8/dist-packages/airflow/example_dags/example_latest_only_with_trigger.py took 0.241 seconds
