[2021-12-08 18:22:48,380] {processor.py:163} INFO - Started process (PID=189) to work on /usr/local/lib/python3.8/dist-packages/airflow/example_dags/example_kubernetes_executor.py
[2021-12-08 18:22:48,381] {processor.py:625} INFO - Processing file /usr/local/lib/python3.8/dist-packages/airflow/example_dags/example_kubernetes_executor.py for tasks to queue
[2021-12-08 18:22:48,381] {logging_mixin.py:109} INFO - [2021-12-08 18:22:48,381] {dagbag.py:500} INFO - Filling up the DagBag from /usr/local/lib/python3.8/dist-packages/airflow/example_dags/example_kubernetes_executor.py
[2021-12-08 18:22:48,398] {processor.py:637} INFO - DAG(s) dict_keys(['example_kubernetes_executor']) retrieved from /usr/local/lib/python3.8/dist-packages/airflow/example_dags/example_kubernetes_executor.py
[2021-12-08 18:22:48,401] {logging_mixin.py:109} WARNING - /usr/local/lib/python3.8/dist-packages/airflow/models/serialized_dag.py:120 SAWarning: TypeDecorator UtcDateTime(timezone=True) will not produce a cache key because the ``cache_ok`` flag is not set to True.  Set this flag to True if this type object's state is safe to use in a cache key, or False to disable this warning.
[2021-12-08 18:22:48,408] {logging_mixin.py:109} INFO - [2021-12-08 18:22:48,408] {dag.py:2396} INFO - Sync 1 DAGs
[2021-12-08 18:22:48,416] {logging_mixin.py:109} WARNING - /usr/local/lib/python3.8/dist-packages/airflow/models/dag.py:2433 SAWarning: TypeDecorator UtcDateTime(timezone=True) will not produce a cache key because the ``cache_ok`` flag is not set to True.  Set this flag to True if this type object's state is safe to use in a cache key, or False to disable this warning.
[2021-12-08 18:22:48,422] {logging_mixin.py:109} INFO - [2021-12-08 18:22:48,422] {dag.py:2928} INFO - Setting next_dagrun for example_kubernetes_executor to None
[2021-12-08 18:22:48,606] {processor.py:171} INFO - Processing /usr/local/lib/python3.8/dist-packages/airflow/example_dags/example_kubernetes_executor.py took 0.228 seconds
[2021-12-08 18:23:36,607] {processor.py:163} INFO - Started process (PID=224) to work on /usr/local/lib/python3.8/dist-packages/airflow/example_dags/example_kubernetes_executor.py
[2021-12-08 18:23:36,621] {processor.py:625} INFO - Processing file /usr/local/lib/python3.8/dist-packages/airflow/example_dags/example_kubernetes_executor.py for tasks to queue
[2021-12-08 18:23:36,622] {logging_mixin.py:109} INFO - [2021-12-08 18:23:36,622] {dagbag.py:500} INFO - Filling up the DagBag from /usr/local/lib/python3.8/dist-packages/airflow/example_dags/example_kubernetes_executor.py
[2021-12-08 18:23:36,642] {processor.py:637} INFO - DAG(s) dict_keys(['example_kubernetes_executor']) retrieved from /usr/local/lib/python3.8/dist-packages/airflow/example_dags/example_kubernetes_executor.py
[2021-12-08 18:23:36,645] {logging_mixin.py:109} WARNING - /usr/local/lib/python3.8/dist-packages/airflow/models/serialized_dag.py:120 SAWarning: TypeDecorator UtcDateTime(timezone=True) will not produce a cache key because the ``cache_ok`` flag is not set to True.  Set this flag to True if this type object's state is safe to use in a cache key, or False to disable this warning.
[2021-12-08 18:23:36,651] {logging_mixin.py:109} INFO - [2021-12-08 18:23:36,651] {dag.py:2396} INFO - Sync 1 DAGs
[2021-12-08 18:23:36,660] {logging_mixin.py:109} WARNING - /usr/local/lib/python3.8/dist-packages/airflow/models/dag.py:2433 SAWarning: TypeDecorator UtcDateTime(timezone=True) will not produce a cache key because the ``cache_ok`` flag is not set to True.  Set this flag to True if this type object's state is safe to use in a cache key, or False to disable this warning.
[2021-12-08 18:23:36,666] {logging_mixin.py:109} INFO - [2021-12-08 18:23:36,666] {dag.py:2928} INFO - Setting next_dagrun for example_kubernetes_executor to None
[2021-12-08 18:23:36,815] {processor.py:171} INFO - Processing /usr/local/lib/python3.8/dist-packages/airflow/example_dags/example_kubernetes_executor.py took 0.211 seconds
[2021-12-08 18:24:14,089] {processor.py:163} INFO - Started process (PID=252) to work on /usr/local/lib/python3.8/dist-packages/airflow/example_dags/example_kubernetes_executor.py
[2021-12-08 18:24:14,123] {processor.py:625} INFO - Processing file /usr/local/lib/python3.8/dist-packages/airflow/example_dags/example_kubernetes_executor.py for tasks to queue
[2021-12-08 18:24:14,123] {logging_mixin.py:109} INFO - [2021-12-08 18:24:14,123] {dagbag.py:500} INFO - Filling up the DagBag from /usr/local/lib/python3.8/dist-packages/airflow/example_dags/example_kubernetes_executor.py
[2021-12-08 18:24:14,155] {processor.py:637} INFO - DAG(s) dict_keys(['example_kubernetes_executor']) retrieved from /usr/local/lib/python3.8/dist-packages/airflow/example_dags/example_kubernetes_executor.py
[2021-12-08 18:24:14,158] {logging_mixin.py:109} WARNING - /usr/local/lib/python3.8/dist-packages/airflow/models/serialized_dag.py:120 SAWarning: TypeDecorator UtcDateTime(timezone=True) will not produce a cache key because the ``cache_ok`` flag is not set to True.  Set this flag to True if this type object's state is safe to use in a cache key, or False to disable this warning.
[2021-12-08 18:24:14,166] {logging_mixin.py:109} INFO - [2021-12-08 18:24:14,166] {dag.py:2396} INFO - Sync 1 DAGs
[2021-12-08 18:24:14,179] {logging_mixin.py:109} WARNING - /usr/local/lib/python3.8/dist-packages/airflow/models/dag.py:2433 SAWarning: TypeDecorator UtcDateTime(timezone=True) will not produce a cache key because the ``cache_ok`` flag is not set to True.  Set this flag to True if this type object's state is safe to use in a cache key, or False to disable this warning.
[2021-12-08 18:24:14,185] {logging_mixin.py:109} INFO - [2021-12-08 18:24:14,185] {dag.py:2928} INFO - Setting next_dagrun for example_kubernetes_executor to None
[2021-12-08 18:24:14,330] {processor.py:171} INFO - Processing /usr/local/lib/python3.8/dist-packages/airflow/example_dags/example_kubernetes_executor.py took 0.244 seconds
[2021-12-08 18:24:52,876] {processor.py:163} INFO - Started process (PID=280) to work on /usr/local/lib/python3.8/dist-packages/airflow/example_dags/example_kubernetes_executor.py
[2021-12-08 18:24:52,890] {processor.py:625} INFO - Processing file /usr/local/lib/python3.8/dist-packages/airflow/example_dags/example_kubernetes_executor.py for tasks to queue
[2021-12-08 18:24:52,891] {logging_mixin.py:109} INFO - [2021-12-08 18:24:52,891] {dagbag.py:500} INFO - Filling up the DagBag from /usr/local/lib/python3.8/dist-packages/airflow/example_dags/example_kubernetes_executor.py
[2021-12-08 18:24:52,908] {processor.py:637} INFO - DAG(s) dict_keys(['example_kubernetes_executor']) retrieved from /usr/local/lib/python3.8/dist-packages/airflow/example_dags/example_kubernetes_executor.py
[2021-12-08 18:24:52,911] {logging_mixin.py:109} WARNING - /usr/local/lib/python3.8/dist-packages/airflow/models/serialized_dag.py:120 SAWarning: TypeDecorator UtcDateTime(timezone=True) will not produce a cache key because the ``cache_ok`` flag is not set to True.  Set this flag to True if this type object's state is safe to use in a cache key, or False to disable this warning.
[2021-12-08 18:24:52,917] {logging_mixin.py:109} INFO - [2021-12-08 18:24:52,917] {dag.py:2396} INFO - Sync 1 DAGs
[2021-12-08 18:24:52,927] {logging_mixin.py:109} WARNING - /usr/local/lib/python3.8/dist-packages/airflow/models/dag.py:2433 SAWarning: TypeDecorator UtcDateTime(timezone=True) will not produce a cache key because the ``cache_ok`` flag is not set to True.  Set this flag to True if this type object's state is safe to use in a cache key, or False to disable this warning.
[2021-12-08 18:24:52,932] {logging_mixin.py:109} INFO - [2021-12-08 18:24:52,932] {dag.py:2928} INFO - Setting next_dagrun for example_kubernetes_executor to None
[2021-12-08 18:24:53,085] {processor.py:171} INFO - Processing /usr/local/lib/python3.8/dist-packages/airflow/example_dags/example_kubernetes_executor.py took 0.212 seconds
[2021-12-08 18:25:31,563] {processor.py:163} INFO - Started process (PID=309) to work on /usr/local/lib/python3.8/dist-packages/airflow/example_dags/example_kubernetes_executor.py
[2021-12-08 18:25:31,570] {processor.py:625} INFO - Processing file /usr/local/lib/python3.8/dist-packages/airflow/example_dags/example_kubernetes_executor.py for tasks to queue
[2021-12-08 18:25:31,570] {logging_mixin.py:109} INFO - [2021-12-08 18:25:31,570] {dagbag.py:500} INFO - Filling up the DagBag from /usr/local/lib/python3.8/dist-packages/airflow/example_dags/example_kubernetes_executor.py
[2021-12-08 18:25:31,588] {processor.py:637} INFO - DAG(s) dict_keys(['example_kubernetes_executor']) retrieved from /usr/local/lib/python3.8/dist-packages/airflow/example_dags/example_kubernetes_executor.py
[2021-12-08 18:25:31,591] {logging_mixin.py:109} WARNING - /usr/local/lib/python3.8/dist-packages/airflow/models/serialized_dag.py:120 SAWarning: TypeDecorator UtcDateTime(timezone=True) will not produce a cache key because the ``cache_ok`` flag is not set to True.  Set this flag to True if this type object's state is safe to use in a cache key, or False to disable this warning.
[2021-12-08 18:25:31,598] {logging_mixin.py:109} INFO - [2021-12-08 18:25:31,598] {dag.py:2396} INFO - Sync 1 DAGs
[2021-12-08 18:25:31,606] {logging_mixin.py:109} WARNING - /usr/local/lib/python3.8/dist-packages/airflow/models/dag.py:2433 SAWarning: TypeDecorator UtcDateTime(timezone=True) will not produce a cache key because the ``cache_ok`` flag is not set to True.  Set this flag to True if this type object's state is safe to use in a cache key, or False to disable this warning.
[2021-12-08 18:25:31,612] {logging_mixin.py:109} INFO - [2021-12-08 18:25:31,612] {dag.py:2928} INFO - Setting next_dagrun for example_kubernetes_executor to None
[2021-12-08 18:25:31,757] {processor.py:171} INFO - Processing /usr/local/lib/python3.8/dist-packages/airflow/example_dags/example_kubernetes_executor.py took 0.197 seconds
[2021-12-08 18:26:10,907] {processor.py:163} INFO - Started process (PID=337) to work on /usr/local/lib/python3.8/dist-packages/airflow/example_dags/example_kubernetes_executor.py
[2021-12-08 18:26:10,908] {processor.py:625} INFO - Processing file /usr/local/lib/python3.8/dist-packages/airflow/example_dags/example_kubernetes_executor.py for tasks to queue
[2021-12-08 18:26:10,908] {logging_mixin.py:109} INFO - [2021-12-08 18:26:10,908] {dagbag.py:500} INFO - Filling up the DagBag from /usr/local/lib/python3.8/dist-packages/airflow/example_dags/example_kubernetes_executor.py
[2021-12-08 18:26:10,930] {processor.py:637} INFO - DAG(s) dict_keys(['example_kubernetes_executor']) retrieved from /usr/local/lib/python3.8/dist-packages/airflow/example_dags/example_kubernetes_executor.py
[2021-12-08 18:26:10,933] {logging_mixin.py:109} WARNING - /usr/local/lib/python3.8/dist-packages/airflow/models/serialized_dag.py:120 SAWarning: TypeDecorator UtcDateTime(timezone=True) will not produce a cache key because the ``cache_ok`` flag is not set to True.  Set this flag to True if this type object's state is safe to use in a cache key, or False to disable this warning.
[2021-12-08 18:26:10,940] {logging_mixin.py:109} INFO - [2021-12-08 18:26:10,940] {dag.py:2396} INFO - Sync 1 DAGs
[2021-12-08 18:26:10,948] {logging_mixin.py:109} WARNING - /usr/local/lib/python3.8/dist-packages/airflow/models/dag.py:2433 SAWarning: TypeDecorator UtcDateTime(timezone=True) will not produce a cache key because the ``cache_ok`` flag is not set to True.  Set this flag to True if this type object's state is safe to use in a cache key, or False to disable this warning.
[2021-12-08 18:26:10,954] {logging_mixin.py:109} INFO - [2021-12-08 18:26:10,954] {dag.py:2928} INFO - Setting next_dagrun for example_kubernetes_executor to None
[2021-12-08 18:26:11,094] {processor.py:171} INFO - Processing /usr/local/lib/python3.8/dist-packages/airflow/example_dags/example_kubernetes_executor.py took 0.191 seconds
[2021-12-08 18:26:50,133] {processor.py:163} INFO - Started process (PID=367) to work on /usr/local/lib/python3.8/dist-packages/airflow/example_dags/example_kubernetes_executor.py
[2021-12-08 18:26:50,164] {processor.py:625} INFO - Processing file /usr/local/lib/python3.8/dist-packages/airflow/example_dags/example_kubernetes_executor.py for tasks to queue
[2021-12-08 18:26:50,165] {logging_mixin.py:109} INFO - [2021-12-08 18:26:50,165] {dagbag.py:500} INFO - Filling up the DagBag from /usr/local/lib/python3.8/dist-packages/airflow/example_dags/example_kubernetes_executor.py
[2021-12-08 18:26:50,184] {processor.py:637} INFO - DAG(s) dict_keys(['example_kubernetes_executor']) retrieved from /usr/local/lib/python3.8/dist-packages/airflow/example_dags/example_kubernetes_executor.py
[2021-12-08 18:26:50,187] {logging_mixin.py:109} WARNING - /usr/local/lib/python3.8/dist-packages/airflow/models/serialized_dag.py:120 SAWarning: TypeDecorator UtcDateTime(timezone=True) will not produce a cache key because the ``cache_ok`` flag is not set to True.  Set this flag to True if this type object's state is safe to use in a cache key, or False to disable this warning.
[2021-12-08 18:26:50,193] {logging_mixin.py:109} INFO - [2021-12-08 18:26:50,193] {dag.py:2396} INFO - Sync 1 DAGs
[2021-12-08 18:26:50,201] {logging_mixin.py:109} WARNING - /usr/local/lib/python3.8/dist-packages/airflow/models/dag.py:2433 SAWarning: TypeDecorator UtcDateTime(timezone=True) will not produce a cache key because the ``cache_ok`` flag is not set to True.  Set this flag to True if this type object's state is safe to use in a cache key, or False to disable this warning.
[2021-12-08 18:26:50,207] {logging_mixin.py:109} INFO - [2021-12-08 18:26:50,207] {dag.py:2928} INFO - Setting next_dagrun for example_kubernetes_executor to None
[2021-12-08 18:26:50,345] {processor.py:171} INFO - Processing /usr/local/lib/python3.8/dist-packages/airflow/example_dags/example_kubernetes_executor.py took 0.215 seconds
[2021-12-08 18:27:27,818] {processor.py:163} INFO - Started process (PID=394) to work on /usr/local/lib/python3.8/dist-packages/airflow/example_dags/example_kubernetes_executor.py
[2021-12-08 18:27:27,884] {processor.py:625} INFO - Processing file /usr/local/lib/python3.8/dist-packages/airflow/example_dags/example_kubernetes_executor.py for tasks to queue
[2021-12-08 18:27:27,886] {logging_mixin.py:109} INFO - [2021-12-08 18:27:27,885] {dagbag.py:500} INFO - Filling up the DagBag from /usr/local/lib/python3.8/dist-packages/airflow/example_dags/example_kubernetes_executor.py
[2021-12-08 18:27:27,914] {processor.py:637} INFO - DAG(s) dict_keys(['example_kubernetes_executor']) retrieved from /usr/local/lib/python3.8/dist-packages/airflow/example_dags/example_kubernetes_executor.py
[2021-12-08 18:27:27,919] {logging_mixin.py:109} WARNING - /usr/local/lib/python3.8/dist-packages/airflow/models/serialized_dag.py:120 SAWarning: TypeDecorator UtcDateTime(timezone=True) will not produce a cache key because the ``cache_ok`` flag is not set to True.  Set this flag to True if this type object's state is safe to use in a cache key, or False to disable this warning.
[2021-12-08 18:27:27,927] {logging_mixin.py:109} INFO - [2021-12-08 18:27:27,927] {dag.py:2396} INFO - Sync 1 DAGs
[2021-12-08 18:27:27,937] {logging_mixin.py:109} WARNING - /usr/local/lib/python3.8/dist-packages/airflow/models/dag.py:2433 SAWarning: TypeDecorator UtcDateTime(timezone=True) will not produce a cache key because the ``cache_ok`` flag is not set to True.  Set this flag to True if this type object's state is safe to use in a cache key, or False to disable this warning.
[2021-12-08 18:27:27,946] {logging_mixin.py:109} INFO - [2021-12-08 18:27:27,945] {dag.py:2928} INFO - Setting next_dagrun for example_kubernetes_executor to None
[2021-12-08 18:27:28,528] {processor.py:171} INFO - Processing /usr/local/lib/python3.8/dist-packages/airflow/example_dags/example_kubernetes_executor.py took 0.714 seconds
[2021-12-08 18:28:10,210] {processor.py:163} INFO - Started process (PID=424) to work on /usr/local/lib/python3.8/dist-packages/airflow/example_dags/example_kubernetes_executor.py
[2021-12-08 18:28:10,230] {processor.py:625} INFO - Processing file /usr/local/lib/python3.8/dist-packages/airflow/example_dags/example_kubernetes_executor.py for tasks to queue
[2021-12-08 18:28:10,231] {logging_mixin.py:109} INFO - [2021-12-08 18:28:10,231] {dagbag.py:500} INFO - Filling up the DagBag from /usr/local/lib/python3.8/dist-packages/airflow/example_dags/example_kubernetes_executor.py
[2021-12-08 18:28:10,254] {processor.py:637} INFO - DAG(s) dict_keys(['example_kubernetes_executor']) retrieved from /usr/local/lib/python3.8/dist-packages/airflow/example_dags/example_kubernetes_executor.py
[2021-12-08 18:28:10,258] {logging_mixin.py:109} WARNING - /usr/local/lib/python3.8/dist-packages/airflow/models/serialized_dag.py:120 SAWarning: TypeDecorator UtcDateTime(timezone=True) will not produce a cache key because the ``cache_ok`` flag is not set to True.  Set this flag to True if this type object's state is safe to use in a cache key, or False to disable this warning.
[2021-12-08 18:28:10,264] {logging_mixin.py:109} INFO - [2021-12-08 18:28:10,264] {dag.py:2396} INFO - Sync 1 DAGs
[2021-12-08 18:28:10,272] {logging_mixin.py:109} WARNING - /usr/local/lib/python3.8/dist-packages/airflow/models/dag.py:2433 SAWarning: TypeDecorator UtcDateTime(timezone=True) will not produce a cache key because the ``cache_ok`` flag is not set to True.  Set this flag to True if this type object's state is safe to use in a cache key, or False to disable this warning.
[2021-12-08 18:28:10,278] {logging_mixin.py:109} INFO - [2021-12-08 18:28:10,278] {dag.py:2928} INFO - Setting next_dagrun for example_kubernetes_executor to None
[2021-12-08 18:28:10,426] {processor.py:171} INFO - Processing /usr/local/lib/python3.8/dist-packages/airflow/example_dags/example_kubernetes_executor.py took 0.219 seconds
[2021-12-08 18:28:47,949] {processor.py:163} INFO - Started process (PID=453) to work on /usr/local/lib/python3.8/dist-packages/airflow/example_dags/example_kubernetes_executor.py
[2021-12-08 18:28:47,950] {processor.py:625} INFO - Processing file /usr/local/lib/python3.8/dist-packages/airflow/example_dags/example_kubernetes_executor.py for tasks to queue
[2021-12-08 18:28:47,950] {logging_mixin.py:109} INFO - [2021-12-08 18:28:47,950] {dagbag.py:500} INFO - Filling up the DagBag from /usr/local/lib/python3.8/dist-packages/airflow/example_dags/example_kubernetes_executor.py
[2021-12-08 18:28:47,968] {processor.py:637} INFO - DAG(s) dict_keys(['example_kubernetes_executor']) retrieved from /usr/local/lib/python3.8/dist-packages/airflow/example_dags/example_kubernetes_executor.py
[2021-12-08 18:28:47,971] {logging_mixin.py:109} WARNING - /usr/local/lib/python3.8/dist-packages/airflow/models/serialized_dag.py:120 SAWarning: TypeDecorator UtcDateTime(timezone=True) will not produce a cache key because the ``cache_ok`` flag is not set to True.  Set this flag to True if this type object's state is safe to use in a cache key, or False to disable this warning.
[2021-12-08 18:28:47,977] {logging_mixin.py:109} INFO - [2021-12-08 18:28:47,977] {dag.py:2396} INFO - Sync 1 DAGs
[2021-12-08 18:28:47,985] {logging_mixin.py:109} WARNING - /usr/local/lib/python3.8/dist-packages/airflow/models/dag.py:2433 SAWarning: TypeDecorator UtcDateTime(timezone=True) will not produce a cache key because the ``cache_ok`` flag is not set to True.  Set this flag to True if this type object's state is safe to use in a cache key, or False to disable this warning.
[2021-12-08 18:28:47,991] {logging_mixin.py:109} INFO - [2021-12-08 18:28:47,991] {dag.py:2928} INFO - Setting next_dagrun for example_kubernetes_executor to None
[2021-12-08 18:28:48,161] {processor.py:171} INFO - Processing /usr/local/lib/python3.8/dist-packages/airflow/example_dags/example_kubernetes_executor.py took 0.214 seconds
[2021-12-08 18:29:39,232] {processor.py:163} INFO - Started process (PID=490) to work on /usr/local/lib/python3.8/dist-packages/airflow/example_dags/example_kubernetes_executor.py
[2021-12-08 18:29:39,273] {processor.py:625} INFO - Processing file /usr/local/lib/python3.8/dist-packages/airflow/example_dags/example_kubernetes_executor.py for tasks to queue
[2021-12-08 18:29:39,274] {logging_mixin.py:109} INFO - [2021-12-08 18:29:39,274] {dagbag.py:500} INFO - Filling up the DagBag from /usr/local/lib/python3.8/dist-packages/airflow/example_dags/example_kubernetes_executor.py
[2021-12-08 18:29:39,302] {processor.py:637} INFO - DAG(s) dict_keys(['example_kubernetes_executor']) retrieved from /usr/local/lib/python3.8/dist-packages/airflow/example_dags/example_kubernetes_executor.py
[2021-12-08 18:29:39,305] {logging_mixin.py:109} WARNING - /usr/local/lib/python3.8/dist-packages/airflow/models/serialized_dag.py:120 SAWarning: TypeDecorator UtcDateTime(timezone=True) will not produce a cache key because the ``cache_ok`` flag is not set to True.  Set this flag to True if this type object's state is safe to use in a cache key, or False to disable this warning.
[2021-12-08 18:29:39,312] {logging_mixin.py:109} INFO - [2021-12-08 18:29:39,311] {dag.py:2396} INFO - Sync 1 DAGs
[2021-12-08 18:29:39,320] {logging_mixin.py:109} WARNING - /usr/local/lib/python3.8/dist-packages/airflow/models/dag.py:2433 SAWarning: TypeDecorator UtcDateTime(timezone=True) will not produce a cache key because the ``cache_ok`` flag is not set to True.  Set this flag to True if this type object's state is safe to use in a cache key, or False to disable this warning.
[2021-12-08 18:29:39,325] {logging_mixin.py:109} INFO - [2021-12-08 18:29:39,325] {dag.py:2928} INFO - Setting next_dagrun for example_kubernetes_executor to None
[2021-12-08 18:29:39,520] {processor.py:171} INFO - Processing /usr/local/lib/python3.8/dist-packages/airflow/example_dags/example_kubernetes_executor.py took 0.291 seconds
[2021-12-08 18:30:17,470] {processor.py:163} INFO - Started process (PID=519) to work on /usr/local/lib/python3.8/dist-packages/airflow/example_dags/example_kubernetes_executor.py
[2021-12-08 18:30:17,490] {processor.py:625} INFO - Processing file /usr/local/lib/python3.8/dist-packages/airflow/example_dags/example_kubernetes_executor.py for tasks to queue
[2021-12-08 18:30:17,491] {logging_mixin.py:109} INFO - [2021-12-08 18:30:17,491] {dagbag.py:500} INFO - Filling up the DagBag from /usr/local/lib/python3.8/dist-packages/airflow/example_dags/example_kubernetes_executor.py
[2021-12-08 18:30:17,516] {processor.py:637} INFO - DAG(s) dict_keys(['example_kubernetes_executor']) retrieved from /usr/local/lib/python3.8/dist-packages/airflow/example_dags/example_kubernetes_executor.py
[2021-12-08 18:30:17,519] {logging_mixin.py:109} WARNING - /usr/local/lib/python3.8/dist-packages/airflow/models/serialized_dag.py:120 SAWarning: TypeDecorator UtcDateTime(timezone=True) will not produce a cache key because the ``cache_ok`` flag is not set to True.  Set this flag to True if this type object's state is safe to use in a cache key, or False to disable this warning.
[2021-12-08 18:30:17,526] {logging_mixin.py:109} INFO - [2021-12-08 18:30:17,525] {dag.py:2396} INFO - Sync 1 DAGs
[2021-12-08 18:30:17,533] {logging_mixin.py:109} WARNING - /usr/local/lib/python3.8/dist-packages/airflow/models/dag.py:2433 SAWarning: TypeDecorator UtcDateTime(timezone=True) will not produce a cache key because the ``cache_ok`` flag is not set to True.  Set this flag to True if this type object's state is safe to use in a cache key, or False to disable this warning.
[2021-12-08 18:30:17,539] {logging_mixin.py:109} INFO - [2021-12-08 18:30:17,539] {dag.py:2928} INFO - Setting next_dagrun for example_kubernetes_executor to None
[2021-12-08 18:30:17,699] {processor.py:171} INFO - Processing /usr/local/lib/python3.8/dist-packages/airflow/example_dags/example_kubernetes_executor.py took 0.232 seconds
[2021-12-08 18:30:54,818] {processor.py:163} INFO - Started process (PID=546) to work on /usr/local/lib/python3.8/dist-packages/airflow/example_dags/example_kubernetes_executor.py
[2021-12-08 18:30:54,827] {processor.py:625} INFO - Processing file /usr/local/lib/python3.8/dist-packages/airflow/example_dags/example_kubernetes_executor.py for tasks to queue
[2021-12-08 18:30:54,828] {logging_mixin.py:109} INFO - [2021-12-08 18:30:54,828] {dagbag.py:500} INFO - Filling up the DagBag from /usr/local/lib/python3.8/dist-packages/airflow/example_dags/example_kubernetes_executor.py
[2021-12-08 18:30:54,845] {processor.py:637} INFO - DAG(s) dict_keys(['example_kubernetes_executor']) retrieved from /usr/local/lib/python3.8/dist-packages/airflow/example_dags/example_kubernetes_executor.py
[2021-12-08 18:30:54,848] {logging_mixin.py:109} WARNING - /usr/local/lib/python3.8/dist-packages/airflow/models/serialized_dag.py:120 SAWarning: TypeDecorator UtcDateTime(timezone=True) will not produce a cache key because the ``cache_ok`` flag is not set to True.  Set this flag to True if this type object's state is safe to use in a cache key, or False to disable this warning.
[2021-12-08 18:30:54,855] {logging_mixin.py:109} INFO - [2021-12-08 18:30:54,854] {dag.py:2396} INFO - Sync 1 DAGs
[2021-12-08 18:30:54,863] {logging_mixin.py:109} WARNING - /usr/local/lib/python3.8/dist-packages/airflow/models/dag.py:2433 SAWarning: TypeDecorator UtcDateTime(timezone=True) will not produce a cache key because the ``cache_ok`` flag is not set to True.  Set this flag to True if this type object's state is safe to use in a cache key, or False to disable this warning.
[2021-12-08 18:30:54,868] {logging_mixin.py:109} INFO - [2021-12-08 18:30:54,868] {dag.py:2928} INFO - Setting next_dagrun for example_kubernetes_executor to None
[2021-12-08 18:30:55,012] {processor.py:171} INFO - Processing /usr/local/lib/python3.8/dist-packages/airflow/example_dags/example_kubernetes_executor.py took 0.196 seconds
[2021-12-08 18:31:31,340] {processor.py:163} INFO - Started process (PID=574) to work on /usr/local/lib/python3.8/dist-packages/airflow/example_dags/example_kubernetes_executor.py
[2021-12-08 18:31:31,359] {processor.py:625} INFO - Processing file /usr/local/lib/python3.8/dist-packages/airflow/example_dags/example_kubernetes_executor.py for tasks to queue
[2021-12-08 18:31:31,360] {logging_mixin.py:109} INFO - [2021-12-08 18:31:31,359] {dagbag.py:500} INFO - Filling up the DagBag from /usr/local/lib/python3.8/dist-packages/airflow/example_dags/example_kubernetes_executor.py
[2021-12-08 18:31:31,382] {processor.py:637} INFO - DAG(s) dict_keys(['example_kubernetes_executor']) retrieved from /usr/local/lib/python3.8/dist-packages/airflow/example_dags/example_kubernetes_executor.py
[2021-12-08 18:31:31,385] {logging_mixin.py:109} WARNING - /usr/local/lib/python3.8/dist-packages/airflow/models/serialized_dag.py:120 SAWarning: TypeDecorator UtcDateTime(timezone=True) will not produce a cache key because the ``cache_ok`` flag is not set to True.  Set this flag to True if this type object's state is safe to use in a cache key, or False to disable this warning.
[2021-12-08 18:31:31,392] {logging_mixin.py:109} INFO - [2021-12-08 18:31:31,391] {dag.py:2396} INFO - Sync 1 DAGs
[2021-12-08 18:31:31,401] {logging_mixin.py:109} WARNING - /usr/local/lib/python3.8/dist-packages/airflow/models/dag.py:2433 SAWarning: TypeDecorator UtcDateTime(timezone=True) will not produce a cache key because the ``cache_ok`` flag is not set to True.  Set this flag to True if this type object's state is safe to use in a cache key, or False to disable this warning.
[2021-12-08 18:31:31,407] {logging_mixin.py:109} INFO - [2021-12-08 18:31:31,407] {dag.py:2928} INFO - Setting next_dagrun for example_kubernetes_executor to None
[2021-12-08 18:31:31,570] {processor.py:171} INFO - Processing /usr/local/lib/python3.8/dist-packages/airflow/example_dags/example_kubernetes_executor.py took 0.233 seconds
[2021-12-08 18:32:09,899] {processor.py:163} INFO - Started process (PID=602) to work on /usr/local/lib/python3.8/dist-packages/airflow/example_dags/example_kubernetes_executor.py
[2021-12-08 18:32:09,938] {processor.py:625} INFO - Processing file /usr/local/lib/python3.8/dist-packages/airflow/example_dags/example_kubernetes_executor.py for tasks to queue
[2021-12-08 18:32:09,939] {logging_mixin.py:109} INFO - [2021-12-08 18:32:09,939] {dagbag.py:500} INFO - Filling up the DagBag from /usr/local/lib/python3.8/dist-packages/airflow/example_dags/example_kubernetes_executor.py
[2021-12-08 18:32:09,960] {processor.py:637} INFO - DAG(s) dict_keys(['example_kubernetes_executor']) retrieved from /usr/local/lib/python3.8/dist-packages/airflow/example_dags/example_kubernetes_executor.py
[2021-12-08 18:32:09,964] {logging_mixin.py:109} WARNING - /usr/local/lib/python3.8/dist-packages/airflow/models/serialized_dag.py:120 SAWarning: TypeDecorator UtcDateTime(timezone=True) will not produce a cache key because the ``cache_ok`` flag is not set to True.  Set this flag to True if this type object's state is safe to use in a cache key, or False to disable this warning.
[2021-12-08 18:32:09,971] {logging_mixin.py:109} INFO - [2021-12-08 18:32:09,971] {dag.py:2396} INFO - Sync 1 DAGs
[2021-12-08 18:32:09,979] {logging_mixin.py:109} WARNING - /usr/local/lib/python3.8/dist-packages/airflow/models/dag.py:2433 SAWarning: TypeDecorator UtcDateTime(timezone=True) will not produce a cache key because the ``cache_ok`` flag is not set to True.  Set this flag to True if this type object's state is safe to use in a cache key, or False to disable this warning.
[2021-12-08 18:32:09,984] {logging_mixin.py:109} INFO - [2021-12-08 18:32:09,984] {dag.py:2928} INFO - Setting next_dagrun for example_kubernetes_executor to None
[2021-12-08 18:32:10,155] {processor.py:171} INFO - Processing /usr/local/lib/python3.8/dist-packages/airflow/example_dags/example_kubernetes_executor.py took 0.259 seconds
[2021-12-08 18:32:47,868] {processor.py:163} INFO - Started process (PID=630) to work on /usr/local/lib/python3.8/dist-packages/airflow/example_dags/example_kubernetes_executor.py
[2021-12-08 18:32:47,869] {processor.py:625} INFO - Processing file /usr/local/lib/python3.8/dist-packages/airflow/example_dags/example_kubernetes_executor.py for tasks to queue
[2021-12-08 18:32:47,869] {logging_mixin.py:109} INFO - [2021-12-08 18:32:47,869] {dagbag.py:500} INFO - Filling up the DagBag from /usr/local/lib/python3.8/dist-packages/airflow/example_dags/example_kubernetes_executor.py
[2021-12-08 18:32:47,887] {processor.py:637} INFO - DAG(s) dict_keys(['example_kubernetes_executor']) retrieved from /usr/local/lib/python3.8/dist-packages/airflow/example_dags/example_kubernetes_executor.py
[2021-12-08 18:32:47,890] {logging_mixin.py:109} WARNING - /usr/local/lib/python3.8/dist-packages/airflow/models/serialized_dag.py:120 SAWarning: TypeDecorator UtcDateTime(timezone=True) will not produce a cache key because the ``cache_ok`` flag is not set to True.  Set this flag to True if this type object's state is safe to use in a cache key, or False to disable this warning.
[2021-12-08 18:32:47,897] {logging_mixin.py:109} INFO - [2021-12-08 18:32:47,897] {dag.py:2396} INFO - Sync 1 DAGs
[2021-12-08 18:32:47,905] {logging_mixin.py:109} WARNING - /usr/local/lib/python3.8/dist-packages/airflow/models/dag.py:2433 SAWarning: TypeDecorator UtcDateTime(timezone=True) will not produce a cache key because the ``cache_ok`` flag is not set to True.  Set this flag to True if this type object's state is safe to use in a cache key, or False to disable this warning.
[2021-12-08 18:32:47,910] {logging_mixin.py:109} INFO - [2021-12-08 18:32:47,910] {dag.py:2928} INFO - Setting next_dagrun for example_kubernetes_executor to None
[2021-12-08 18:32:48,067] {processor.py:171} INFO - Processing /usr/local/lib/python3.8/dist-packages/airflow/example_dags/example_kubernetes_executor.py took 0.201 seconds
[2021-12-08 18:33:25,534] {processor.py:163} INFO - Started process (PID=659) to work on /usr/local/lib/python3.8/dist-packages/airflow/example_dags/example_kubernetes_executor.py
[2021-12-08 18:33:25,546] {processor.py:625} INFO - Processing file /usr/local/lib/python3.8/dist-packages/airflow/example_dags/example_kubernetes_executor.py for tasks to queue
[2021-12-08 18:33:25,547] {logging_mixin.py:109} INFO - [2021-12-08 18:33:25,547] {dagbag.py:500} INFO - Filling up the DagBag from /usr/local/lib/python3.8/dist-packages/airflow/example_dags/example_kubernetes_executor.py
[2021-12-08 18:33:25,564] {processor.py:637} INFO - DAG(s) dict_keys(['example_kubernetes_executor']) retrieved from /usr/local/lib/python3.8/dist-packages/airflow/example_dags/example_kubernetes_executor.py
[2021-12-08 18:33:25,568] {logging_mixin.py:109} WARNING - /usr/local/lib/python3.8/dist-packages/airflow/models/serialized_dag.py:120 SAWarning: TypeDecorator UtcDateTime(timezone=True) will not produce a cache key because the ``cache_ok`` flag is not set to True.  Set this flag to True if this type object's state is safe to use in a cache key, or False to disable this warning.
[2021-12-08 18:33:25,574] {logging_mixin.py:109} INFO - [2021-12-08 18:33:25,574] {dag.py:2396} INFO - Sync 1 DAGs
[2021-12-08 18:33:25,582] {logging_mixin.py:109} WARNING - /usr/local/lib/python3.8/dist-packages/airflow/models/dag.py:2433 SAWarning: TypeDecorator UtcDateTime(timezone=True) will not produce a cache key because the ``cache_ok`` flag is not set to True.  Set this flag to True if this type object's state is safe to use in a cache key, or False to disable this warning.
[2021-12-08 18:33:25,587] {logging_mixin.py:109} INFO - [2021-12-08 18:33:25,587] {dag.py:2928} INFO - Setting next_dagrun for example_kubernetes_executor to None
[2021-12-08 18:33:25,748] {processor.py:171} INFO - Processing /usr/local/lib/python3.8/dist-packages/airflow/example_dags/example_kubernetes_executor.py took 0.216 seconds
[2021-12-08 18:34:00,911] {processor.py:163} INFO - Started process (PID=686) to work on /usr/local/lib/python3.8/dist-packages/airflow/example_dags/example_kubernetes_executor.py
[2021-12-08 18:34:00,931] {processor.py:625} INFO - Processing file /usr/local/lib/python3.8/dist-packages/airflow/example_dags/example_kubernetes_executor.py for tasks to queue
[2021-12-08 18:34:00,932] {logging_mixin.py:109} INFO - [2021-12-08 18:34:00,931] {dagbag.py:500} INFO - Filling up the DagBag from /usr/local/lib/python3.8/dist-packages/airflow/example_dags/example_kubernetes_executor.py
[2021-12-08 18:34:00,955] {processor.py:637} INFO - DAG(s) dict_keys(['example_kubernetes_executor']) retrieved from /usr/local/lib/python3.8/dist-packages/airflow/example_dags/example_kubernetes_executor.py
[2021-12-08 18:34:00,958] {logging_mixin.py:109} WARNING - /usr/local/lib/python3.8/dist-packages/airflow/models/serialized_dag.py:120 SAWarning: TypeDecorator UtcDateTime(timezone=True) will not produce a cache key because the ``cache_ok`` flag is not set to True.  Set this flag to True if this type object's state is safe to use in a cache key, or False to disable this warning.
[2021-12-08 18:34:00,965] {logging_mixin.py:109} INFO - [2021-12-08 18:34:00,965] {dag.py:2396} INFO - Sync 1 DAGs
[2021-12-08 18:34:00,974] {logging_mixin.py:109} WARNING - /usr/local/lib/python3.8/dist-packages/airflow/models/dag.py:2433 SAWarning: TypeDecorator UtcDateTime(timezone=True) will not produce a cache key because the ``cache_ok`` flag is not set to True.  Set this flag to True if this type object's state is safe to use in a cache key, or False to disable this warning.
[2021-12-08 18:34:00,980] {logging_mixin.py:109} INFO - [2021-12-08 18:34:00,980] {dag.py:2928} INFO - Setting next_dagrun for example_kubernetes_executor to None
[2021-12-08 18:34:01,198] {processor.py:171} INFO - Processing /usr/local/lib/python3.8/dist-packages/airflow/example_dags/example_kubernetes_executor.py took 0.294 seconds
[2021-12-08 18:34:38,533] {processor.py:163} INFO - Started process (PID=713) to work on /usr/local/lib/python3.8/dist-packages/airflow/example_dags/example_kubernetes_executor.py
[2021-12-08 18:34:38,543] {processor.py:625} INFO - Processing file /usr/local/lib/python3.8/dist-packages/airflow/example_dags/example_kubernetes_executor.py for tasks to queue
[2021-12-08 18:34:38,543] {logging_mixin.py:109} INFO - [2021-12-08 18:34:38,543] {dagbag.py:500} INFO - Filling up the DagBag from /usr/local/lib/python3.8/dist-packages/airflow/example_dags/example_kubernetes_executor.py
[2021-12-08 18:34:38,561] {processor.py:637} INFO - DAG(s) dict_keys(['example_kubernetes_executor']) retrieved from /usr/local/lib/python3.8/dist-packages/airflow/example_dags/example_kubernetes_executor.py
[2021-12-08 18:34:38,564] {logging_mixin.py:109} WARNING - /usr/local/lib/python3.8/dist-packages/airflow/models/serialized_dag.py:120 SAWarning: TypeDecorator UtcDateTime(timezone=True) will not produce a cache key because the ``cache_ok`` flag is not set to True.  Set this flag to True if this type object's state is safe to use in a cache key, or False to disable this warning.
[2021-12-08 18:34:38,570] {logging_mixin.py:109} INFO - [2021-12-08 18:34:38,570] {dag.py:2396} INFO - Sync 1 DAGs
[2021-12-08 18:34:38,578] {logging_mixin.py:109} WARNING - /usr/local/lib/python3.8/dist-packages/airflow/models/dag.py:2433 SAWarning: TypeDecorator UtcDateTime(timezone=True) will not produce a cache key because the ``cache_ok`` flag is not set to True.  Set this flag to True if this type object's state is safe to use in a cache key, or False to disable this warning.
[2021-12-08 18:34:38,584] {logging_mixin.py:109} INFO - [2021-12-08 18:34:38,584] {dag.py:2928} INFO - Setting next_dagrun for example_kubernetes_executor to None
[2021-12-08 18:34:38,734] {processor.py:171} INFO - Processing /usr/local/lib/python3.8/dist-packages/airflow/example_dags/example_kubernetes_executor.py took 0.204 seconds
