[2021-12-08 18:22:57,619] {processor.py:163} INFO - Started process (PID=196) to work on /usr/local/lib/python3.8/dist-packages/airflow/example_dags/example_skip_dag.py
[2021-12-08 18:22:57,619] {processor.py:625} INFO - Processing file /usr/local/lib/python3.8/dist-packages/airflow/example_dags/example_skip_dag.py for tasks to queue
[2021-12-08 18:22:57,620] {logging_mixin.py:109} INFO - [2021-12-08 18:22:57,620] {dagbag.py:500} INFO - Filling up the DagBag from /usr/local/lib/python3.8/dist-packages/airflow/example_dags/example_skip_dag.py
[2021-12-08 18:22:57,636] {processor.py:637} INFO - DAG(s) dict_keys(['example_skip_dag']) retrieved from /usr/local/lib/python3.8/dist-packages/airflow/example_dags/example_skip_dag.py
[2021-12-08 18:22:57,639] {logging_mixin.py:109} WARNING - /usr/local/lib/python3.8/dist-packages/airflow/models/serialized_dag.py:120 SAWarning: TypeDecorator UtcDateTime(timezone=True) will not produce a cache key because the ``cache_ok`` flag is not set to True.  Set this flag to True if this type object's state is safe to use in a cache key, or False to disable this warning.
[2021-12-08 18:22:57,645] {logging_mixin.py:109} INFO - [2021-12-08 18:22:57,645] {dag.py:2396} INFO - Sync 1 DAGs
[2021-12-08 18:22:57,653] {logging_mixin.py:109} WARNING - /usr/local/lib/python3.8/dist-packages/airflow/models/dag.py:2433 SAWarning: TypeDecorator UtcDateTime(timezone=True) will not produce a cache key because the ``cache_ok`` flag is not set to True.  Set this flag to True if this type object's state is safe to use in a cache key, or False to disable this warning.
[2021-12-08 18:22:57,660] {logging_mixin.py:109} INFO - [2021-12-08 18:22:57,660] {dag.py:2928} INFO - Setting next_dagrun for example_skip_dag to 2021-12-07T12:52:57.659254+00:00
[2021-12-08 18:22:57,856] {processor.py:171} INFO - Processing /usr/local/lib/python3.8/dist-packages/airflow/example_dags/example_skip_dag.py took 0.239 seconds
[2021-12-08 18:23:46,127] {processor.py:163} INFO - Started process (PID=231) to work on /usr/local/lib/python3.8/dist-packages/airflow/example_dags/example_skip_dag.py
[2021-12-08 18:23:46,139] {processor.py:625} INFO - Processing file /usr/local/lib/python3.8/dist-packages/airflow/example_dags/example_skip_dag.py for tasks to queue
[2021-12-08 18:23:46,140] {logging_mixin.py:109} INFO - [2021-12-08 18:23:46,140] {dagbag.py:500} INFO - Filling up the DagBag from /usr/local/lib/python3.8/dist-packages/airflow/example_dags/example_skip_dag.py
[2021-12-08 18:23:46,155] {processor.py:637} INFO - DAG(s) dict_keys(['example_skip_dag']) retrieved from /usr/local/lib/python3.8/dist-packages/airflow/example_dags/example_skip_dag.py
[2021-12-08 18:23:46,158] {logging_mixin.py:109} WARNING - /usr/local/lib/python3.8/dist-packages/airflow/models/serialized_dag.py:120 SAWarning: TypeDecorator UtcDateTime(timezone=True) will not produce a cache key because the ``cache_ok`` flag is not set to True.  Set this flag to True if this type object's state is safe to use in a cache key, or False to disable this warning.
[2021-12-08 18:23:46,166] {logging_mixin.py:109} INFO - [2021-12-08 18:23:46,166] {dag.py:2396} INFO - Sync 1 DAGs
[2021-12-08 18:23:46,174] {logging_mixin.py:109} WARNING - /usr/local/lib/python3.8/dist-packages/airflow/models/dag.py:2433 SAWarning: TypeDecorator UtcDateTime(timezone=True) will not produce a cache key because the ``cache_ok`` flag is not set to True.  Set this flag to True if this type object's state is safe to use in a cache key, or False to disable this warning.
[2021-12-08 18:23:46,180] {logging_mixin.py:109} INFO - [2021-12-08 18:23:46,180] {dag.py:2928} INFO - Setting next_dagrun for example_skip_dag to 2021-12-07T12:53:46.180498+00:00
[2021-12-08 18:23:46,324] {processor.py:171} INFO - Processing /usr/local/lib/python3.8/dist-packages/airflow/example_dags/example_skip_dag.py took 0.200 seconds
[2021-12-08 18:24:36,140] {processor.py:163} INFO - Started process (PID=268) to work on /usr/local/lib/python3.8/dist-packages/airflow/example_dags/example_skip_dag.py
[2021-12-08 18:24:36,168] {processor.py:625} INFO - Processing file /usr/local/lib/python3.8/dist-packages/airflow/example_dags/example_skip_dag.py for tasks to queue
[2021-12-08 18:24:36,168] {logging_mixin.py:109} INFO - [2021-12-08 18:24:36,168] {dagbag.py:500} INFO - Filling up the DagBag from /usr/local/lib/python3.8/dist-packages/airflow/example_dags/example_skip_dag.py
[2021-12-08 18:24:36,190] {processor.py:637} INFO - DAG(s) dict_keys(['example_skip_dag']) retrieved from /usr/local/lib/python3.8/dist-packages/airflow/example_dags/example_skip_dag.py
[2021-12-08 18:24:36,193] {logging_mixin.py:109} WARNING - /usr/local/lib/python3.8/dist-packages/airflow/models/serialized_dag.py:120 SAWarning: TypeDecorator UtcDateTime(timezone=True) will not produce a cache key because the ``cache_ok`` flag is not set to True.  Set this flag to True if this type object's state is safe to use in a cache key, or False to disable this warning.
[2021-12-08 18:24:36,200] {logging_mixin.py:109} INFO - [2021-12-08 18:24:36,199] {dag.py:2396} INFO - Sync 1 DAGs
[2021-12-08 18:24:36,209] {logging_mixin.py:109} WARNING - /usr/local/lib/python3.8/dist-packages/airflow/models/dag.py:2433 SAWarning: TypeDecorator UtcDateTime(timezone=True) will not produce a cache key because the ``cache_ok`` flag is not set to True.  Set this flag to True if this type object's state is safe to use in a cache key, or False to disable this warning.
[2021-12-08 18:24:36,214] {logging_mixin.py:109} INFO - [2021-12-08 18:24:36,214] {dag.py:2928} INFO - Setting next_dagrun for example_skip_dag to 2021-12-07T12:54:36.214598+00:00
[2021-12-08 18:24:36,397] {processor.py:171} INFO - Processing /usr/local/lib/python3.8/dist-packages/airflow/example_dags/example_skip_dag.py took 0.259 seconds
[2021-12-08 18:25:32,908] {processor.py:163} INFO - Started process (PID=310) to work on /usr/local/lib/python3.8/dist-packages/airflow/example_dags/example_skip_dag.py
[2021-12-08 18:25:32,925] {processor.py:625} INFO - Processing file /usr/local/lib/python3.8/dist-packages/airflow/example_dags/example_skip_dag.py for tasks to queue
[2021-12-08 18:25:32,926] {logging_mixin.py:109} INFO - [2021-12-08 18:25:32,926] {dagbag.py:500} INFO - Filling up the DagBag from /usr/local/lib/python3.8/dist-packages/airflow/example_dags/example_skip_dag.py
[2021-12-08 18:25:32,945] {processor.py:637} INFO - DAG(s) dict_keys(['example_skip_dag']) retrieved from /usr/local/lib/python3.8/dist-packages/airflow/example_dags/example_skip_dag.py
[2021-12-08 18:25:32,948] {logging_mixin.py:109} WARNING - /usr/local/lib/python3.8/dist-packages/airflow/models/serialized_dag.py:120 SAWarning: TypeDecorator UtcDateTime(timezone=True) will not produce a cache key because the ``cache_ok`` flag is not set to True.  Set this flag to True if this type object's state is safe to use in a cache key, or False to disable this warning.
[2021-12-08 18:25:32,954] {logging_mixin.py:109} INFO - [2021-12-08 18:25:32,954] {dag.py:2396} INFO - Sync 1 DAGs
[2021-12-08 18:25:32,964] {logging_mixin.py:109} WARNING - /usr/local/lib/python3.8/dist-packages/airflow/models/dag.py:2433 SAWarning: TypeDecorator UtcDateTime(timezone=True) will not produce a cache key because the ``cache_ok`` flag is not set to True.  Set this flag to True if this type object's state is safe to use in a cache key, or False to disable this warning.
[2021-12-08 18:25:32,969] {logging_mixin.py:109} INFO - [2021-12-08 18:25:32,969] {dag.py:2928} INFO - Setting next_dagrun for example_skip_dag to 2021-12-07T12:55:32.969504+00:00
[2021-12-08 18:25:33,144] {processor.py:171} INFO - Processing /usr/local/lib/python3.8/dist-packages/airflow/example_dags/example_skip_dag.py took 0.239 seconds
[2021-12-08 18:26:12,067] {processor.py:163} INFO - Started process (PID=338) to work on /usr/local/lib/python3.8/dist-packages/airflow/example_dags/example_skip_dag.py
[2021-12-08 18:26:12,075] {processor.py:625} INFO - Processing file /usr/local/lib/python3.8/dist-packages/airflow/example_dags/example_skip_dag.py for tasks to queue
[2021-12-08 18:26:12,075] {logging_mixin.py:109} INFO - [2021-12-08 18:26:12,075] {dagbag.py:500} INFO - Filling up the DagBag from /usr/local/lib/python3.8/dist-packages/airflow/example_dags/example_skip_dag.py
[2021-12-08 18:26:12,093] {processor.py:637} INFO - DAG(s) dict_keys(['example_skip_dag']) retrieved from /usr/local/lib/python3.8/dist-packages/airflow/example_dags/example_skip_dag.py
[2021-12-08 18:26:12,097] {logging_mixin.py:109} WARNING - /usr/local/lib/python3.8/dist-packages/airflow/models/serialized_dag.py:120 SAWarning: TypeDecorator UtcDateTime(timezone=True) will not produce a cache key because the ``cache_ok`` flag is not set to True.  Set this flag to True if this type object's state is safe to use in a cache key, or False to disable this warning.
[2021-12-08 18:26:12,104] {logging_mixin.py:109} INFO - [2021-12-08 18:26:12,104] {dag.py:2396} INFO - Sync 1 DAGs
[2021-12-08 18:26:12,113] {logging_mixin.py:109} WARNING - /usr/local/lib/python3.8/dist-packages/airflow/models/dag.py:2433 SAWarning: TypeDecorator UtcDateTime(timezone=True) will not produce a cache key because the ``cache_ok`` flag is not set to True.  Set this flag to True if this type object's state is safe to use in a cache key, or False to disable this warning.
[2021-12-08 18:26:12,119] {logging_mixin.py:109} INFO - [2021-12-08 18:26:12,119] {dag.py:2928} INFO - Setting next_dagrun for example_skip_dag to 2021-12-07T12:56:12.118893+00:00
[2021-12-08 18:26:12,299] {processor.py:171} INFO - Processing /usr/local/lib/python3.8/dist-packages/airflow/example_dags/example_skip_dag.py took 0.236 seconds
[2021-12-08 18:26:51,483] {processor.py:163} INFO - Started process (PID=368) to work on /usr/local/lib/python3.8/dist-packages/airflow/example_dags/example_skip_dag.py
[2021-12-08 18:26:51,493] {processor.py:625} INFO - Processing file /usr/local/lib/python3.8/dist-packages/airflow/example_dags/example_skip_dag.py for tasks to queue
[2021-12-08 18:26:51,494] {logging_mixin.py:109} INFO - [2021-12-08 18:26:51,494] {dagbag.py:500} INFO - Filling up the DagBag from /usr/local/lib/python3.8/dist-packages/airflow/example_dags/example_skip_dag.py
[2021-12-08 18:26:51,511] {processor.py:637} INFO - DAG(s) dict_keys(['example_skip_dag']) retrieved from /usr/local/lib/python3.8/dist-packages/airflow/example_dags/example_skip_dag.py
[2021-12-08 18:26:51,516] {logging_mixin.py:109} WARNING - /usr/local/lib/python3.8/dist-packages/airflow/models/serialized_dag.py:120 SAWarning: TypeDecorator UtcDateTime(timezone=True) will not produce a cache key because the ``cache_ok`` flag is not set to True.  Set this flag to True if this type object's state is safe to use in a cache key, or False to disable this warning.
[2021-12-08 18:26:51,522] {logging_mixin.py:109} INFO - [2021-12-08 18:26:51,522] {dag.py:2396} INFO - Sync 1 DAGs
[2021-12-08 18:26:51,530] {logging_mixin.py:109} WARNING - /usr/local/lib/python3.8/dist-packages/airflow/models/dag.py:2433 SAWarning: TypeDecorator UtcDateTime(timezone=True) will not produce a cache key because the ``cache_ok`` flag is not set to True.  Set this flag to True if this type object's state is safe to use in a cache key, or False to disable this warning.
[2021-12-08 18:26:51,536] {logging_mixin.py:109} INFO - [2021-12-08 18:26:51,536] {dag.py:2928} INFO - Setting next_dagrun for example_skip_dag to 2021-12-07T12:56:51.536620+00:00
[2021-12-08 18:26:51,683] {processor.py:171} INFO - Processing /usr/local/lib/python3.8/dist-packages/airflow/example_dags/example_skip_dag.py took 0.202 seconds
[2021-12-08 18:27:50,373] {processor.py:163} INFO - Started process (PID=410) to work on /usr/local/lib/python3.8/dist-packages/airflow/example_dags/example_skip_dag.py
[2021-12-08 18:27:50,452] {processor.py:625} INFO - Processing file /usr/local/lib/python3.8/dist-packages/airflow/example_dags/example_skip_dag.py for tasks to queue
[2021-12-08 18:27:50,453] {logging_mixin.py:109} INFO - [2021-12-08 18:27:50,453] {dagbag.py:500} INFO - Filling up the DagBag from /usr/local/lib/python3.8/dist-packages/airflow/example_dags/example_skip_dag.py
[2021-12-08 18:27:50,478] {processor.py:637} INFO - DAG(s) dict_keys(['example_skip_dag']) retrieved from /usr/local/lib/python3.8/dist-packages/airflow/example_dags/example_skip_dag.py
[2021-12-08 18:27:50,483] {logging_mixin.py:109} WARNING - /usr/local/lib/python3.8/dist-packages/airflow/models/serialized_dag.py:120 SAWarning: TypeDecorator UtcDateTime(timezone=True) will not produce a cache key because the ``cache_ok`` flag is not set to True.  Set this flag to True if this type object's state is safe to use in a cache key, or False to disable this warning.
[2021-12-08 18:27:50,493] {logging_mixin.py:109} INFO - [2021-12-08 18:27:50,493] {dag.py:2396} INFO - Sync 1 DAGs
[2021-12-08 18:27:50,503] {logging_mixin.py:109} WARNING - /usr/local/lib/python3.8/dist-packages/airflow/models/dag.py:2433 SAWarning: TypeDecorator UtcDateTime(timezone=True) will not produce a cache key because the ``cache_ok`` flag is not set to True.  Set this flag to True if this type object's state is safe to use in a cache key, or False to disable this warning.
[2021-12-08 18:27:50,512] {logging_mixin.py:109} INFO - [2021-12-08 18:27:50,512] {dag.py:2928} INFO - Setting next_dagrun for example_skip_dag to 2021-12-07T12:57:50.511902+00:00
[2021-12-08 18:27:50,686] {processor.py:171} INFO - Processing /usr/local/lib/python3.8/dist-packages/airflow/example_dags/example_skip_dag.py took 0.318 seconds
[2021-12-08 18:28:31,033] {processor.py:163} INFO - Started process (PID=440) to work on /usr/local/lib/python3.8/dist-packages/airflow/example_dags/example_skip_dag.py
[2021-12-08 18:28:31,034] {processor.py:625} INFO - Processing file /usr/local/lib/python3.8/dist-packages/airflow/example_dags/example_skip_dag.py for tasks to queue
[2021-12-08 18:28:31,034] {logging_mixin.py:109} INFO - [2021-12-08 18:28:31,034] {dagbag.py:500} INFO - Filling up the DagBag from /usr/local/lib/python3.8/dist-packages/airflow/example_dags/example_skip_dag.py
[2021-12-08 18:28:31,050] {processor.py:637} INFO - DAG(s) dict_keys(['example_skip_dag']) retrieved from /usr/local/lib/python3.8/dist-packages/airflow/example_dags/example_skip_dag.py
[2021-12-08 18:28:31,054] {logging_mixin.py:109} WARNING - /usr/local/lib/python3.8/dist-packages/airflow/models/serialized_dag.py:120 SAWarning: TypeDecorator UtcDateTime(timezone=True) will not produce a cache key because the ``cache_ok`` flag is not set to True.  Set this flag to True if this type object's state is safe to use in a cache key, or False to disable this warning.
[2021-12-08 18:28:31,061] {logging_mixin.py:109} INFO - [2021-12-08 18:28:31,060] {dag.py:2396} INFO - Sync 1 DAGs
[2021-12-08 18:28:31,069] {logging_mixin.py:109} WARNING - /usr/local/lib/python3.8/dist-packages/airflow/models/dag.py:2433 SAWarning: TypeDecorator UtcDateTime(timezone=True) will not produce a cache key because the ``cache_ok`` flag is not set to True.  Set this flag to True if this type object's state is safe to use in a cache key, or False to disable this warning.
[2021-12-08 18:28:31,074] {logging_mixin.py:109} INFO - [2021-12-08 18:28:31,074] {dag.py:2928} INFO - Setting next_dagrun for example_skip_dag to 2021-12-07T12:58:31.074547+00:00
[2021-12-08 18:28:31,235] {processor.py:171} INFO - Processing /usr/local/lib/python3.8/dist-packages/airflow/example_dags/example_skip_dag.py took 0.205 seconds
[2021-12-08 18:29:26,854] {processor.py:163} INFO - Started process (PID=481) to work on /usr/local/lib/python3.8/dist-packages/airflow/example_dags/example_skip_dag.py
[2021-12-08 18:29:26,897] {processor.py:625} INFO - Processing file /usr/local/lib/python3.8/dist-packages/airflow/example_dags/example_skip_dag.py for tasks to queue
[2021-12-08 18:29:26,898] {logging_mixin.py:109} INFO - [2021-12-08 18:29:26,898] {dagbag.py:500} INFO - Filling up the DagBag from /usr/local/lib/python3.8/dist-packages/airflow/example_dags/example_skip_dag.py
[2021-12-08 18:29:26,928] {processor.py:637} INFO - DAG(s) dict_keys(['example_skip_dag']) retrieved from /usr/local/lib/python3.8/dist-packages/airflow/example_dags/example_skip_dag.py
[2021-12-08 18:29:26,933] {logging_mixin.py:109} WARNING - /usr/local/lib/python3.8/dist-packages/airflow/models/serialized_dag.py:120 SAWarning: TypeDecorator UtcDateTime(timezone=True) will not produce a cache key because the ``cache_ok`` flag is not set to True.  Set this flag to True if this type object's state is safe to use in a cache key, or False to disable this warning.
[2021-12-08 18:29:26,941] {logging_mixin.py:109} INFO - [2021-12-08 18:29:26,941] {dag.py:2396} INFO - Sync 1 DAGs
[2021-12-08 18:29:26,950] {logging_mixin.py:109} WARNING - /usr/local/lib/python3.8/dist-packages/airflow/models/dag.py:2433 SAWarning: TypeDecorator UtcDateTime(timezone=True) will not produce a cache key because the ``cache_ok`` flag is not set to True.  Set this flag to True if this type object's state is safe to use in a cache key, or False to disable this warning.
[2021-12-08 18:29:26,956] {logging_mixin.py:109} INFO - [2021-12-08 18:29:26,956] {dag.py:2928} INFO - Setting next_dagrun for example_skip_dag to 2021-12-07T12:59:26.956161+00:00
[2021-12-08 18:29:27,120] {processor.py:171} INFO - Processing /usr/local/lib/python3.8/dist-packages/airflow/example_dags/example_skip_dag.py took 0.268 seconds
[2021-12-08 18:30:07,384] {processor.py:163} INFO - Started process (PID=511) to work on /usr/local/lib/python3.8/dist-packages/airflow/example_dags/example_skip_dag.py
[2021-12-08 18:30:07,401] {processor.py:625} INFO - Processing file /usr/local/lib/python3.8/dist-packages/airflow/example_dags/example_skip_dag.py for tasks to queue
[2021-12-08 18:30:07,401] {logging_mixin.py:109} INFO - [2021-12-08 18:30:07,401] {dagbag.py:500} INFO - Filling up the DagBag from /usr/local/lib/python3.8/dist-packages/airflow/example_dags/example_skip_dag.py
[2021-12-08 18:30:07,420] {processor.py:637} INFO - DAG(s) dict_keys(['example_skip_dag']) retrieved from /usr/local/lib/python3.8/dist-packages/airflow/example_dags/example_skip_dag.py
[2021-12-08 18:30:07,424] {logging_mixin.py:109} WARNING - /usr/local/lib/python3.8/dist-packages/airflow/models/serialized_dag.py:120 SAWarning: TypeDecorator UtcDateTime(timezone=True) will not produce a cache key because the ``cache_ok`` flag is not set to True.  Set this flag to True if this type object's state is safe to use in a cache key, or False to disable this warning.
[2021-12-08 18:30:07,430] {logging_mixin.py:109} INFO - [2021-12-08 18:30:07,430] {dag.py:2396} INFO - Sync 1 DAGs
[2021-12-08 18:30:07,438] {logging_mixin.py:109} WARNING - /usr/local/lib/python3.8/dist-packages/airflow/models/dag.py:2433 SAWarning: TypeDecorator UtcDateTime(timezone=True) will not produce a cache key because the ``cache_ok`` flag is not set to True.  Set this flag to True if this type object's state is safe to use in a cache key, or False to disable this warning.
[2021-12-08 18:30:07,444] {logging_mixin.py:109} INFO - [2021-12-08 18:30:07,444] {dag.py:2928} INFO - Setting next_dagrun for example_skip_dag to 2021-12-07T13:00:07.444511+00:00
[2021-12-08 18:30:07,610] {processor.py:171} INFO - Processing /usr/local/lib/python3.8/dist-packages/airflow/example_dags/example_skip_dag.py took 0.228 seconds
[2021-12-08 18:31:04,495] {processor.py:163} INFO - Started process (PID=553) to work on /usr/local/lib/python3.8/dist-packages/airflow/example_dags/example_skip_dag.py
[2021-12-08 18:31:04,573] {processor.py:625} INFO - Processing file /usr/local/lib/python3.8/dist-packages/airflow/example_dags/example_skip_dag.py for tasks to queue
[2021-12-08 18:31:04,575] {logging_mixin.py:109} INFO - [2021-12-08 18:31:04,574] {dagbag.py:500} INFO - Filling up the DagBag from /usr/local/lib/python3.8/dist-packages/airflow/example_dags/example_skip_dag.py
[2021-12-08 18:31:04,609] {processor.py:637} INFO - DAG(s) dict_keys(['example_skip_dag']) retrieved from /usr/local/lib/python3.8/dist-packages/airflow/example_dags/example_skip_dag.py
[2021-12-08 18:31:04,613] {logging_mixin.py:109} WARNING - /usr/local/lib/python3.8/dist-packages/airflow/models/serialized_dag.py:120 SAWarning: TypeDecorator UtcDateTime(timezone=True) will not produce a cache key because the ``cache_ok`` flag is not set to True.  Set this flag to True if this type object's state is safe to use in a cache key, or False to disable this warning.
[2021-12-08 18:31:04,620] {logging_mixin.py:109} INFO - [2021-12-08 18:31:04,619] {dag.py:2396} INFO - Sync 1 DAGs
[2021-12-08 18:31:04,628] {logging_mixin.py:109} WARNING - /usr/local/lib/python3.8/dist-packages/airflow/models/dag.py:2433 SAWarning: TypeDecorator UtcDateTime(timezone=True) will not produce a cache key because the ``cache_ok`` flag is not set to True.  Set this flag to True if this type object's state is safe to use in a cache key, or False to disable this warning.
[2021-12-08 18:31:04,634] {logging_mixin.py:109} INFO - [2021-12-08 18:31:04,634] {dag.py:2928} INFO - Setting next_dagrun for example_skip_dag to 2021-12-07T13:01:04.633995+00:00
[2021-12-08 18:31:04,800] {processor.py:171} INFO - Processing /usr/local/lib/python3.8/dist-packages/airflow/example_dags/example_skip_dag.py took 0.308 seconds
[2021-12-08 18:31:59,150] {processor.py:163} INFO - Started process (PID=594) to work on /usr/local/lib/python3.8/dist-packages/airflow/example_dags/example_skip_dag.py
[2021-12-08 18:31:59,160] {processor.py:625} INFO - Processing file /usr/local/lib/python3.8/dist-packages/airflow/example_dags/example_skip_dag.py for tasks to queue
[2021-12-08 18:31:59,161] {logging_mixin.py:109} INFO - [2021-12-08 18:31:59,160] {dagbag.py:500} INFO - Filling up the DagBag from /usr/local/lib/python3.8/dist-packages/airflow/example_dags/example_skip_dag.py
[2021-12-08 18:31:59,177] {processor.py:637} INFO - DAG(s) dict_keys(['example_skip_dag']) retrieved from /usr/local/lib/python3.8/dist-packages/airflow/example_dags/example_skip_dag.py
[2021-12-08 18:31:59,180] {logging_mixin.py:109} WARNING - /usr/local/lib/python3.8/dist-packages/airflow/models/serialized_dag.py:120 SAWarning: TypeDecorator UtcDateTime(timezone=True) will not produce a cache key because the ``cache_ok`` flag is not set to True.  Set this flag to True if this type object's state is safe to use in a cache key, or False to disable this warning.
[2021-12-08 18:31:59,187] {logging_mixin.py:109} INFO - [2021-12-08 18:31:59,187] {dag.py:2396} INFO - Sync 1 DAGs
[2021-12-08 18:31:59,195] {logging_mixin.py:109} WARNING - /usr/local/lib/python3.8/dist-packages/airflow/models/dag.py:2433 SAWarning: TypeDecorator UtcDateTime(timezone=True) will not produce a cache key because the ``cache_ok`` flag is not set to True.  Set this flag to True if this type object's state is safe to use in a cache key, or False to disable this warning.
[2021-12-08 18:31:59,201] {logging_mixin.py:109} INFO - [2021-12-08 18:31:59,201] {dag.py:2928} INFO - Setting next_dagrun for example_skip_dag to 2021-12-07T13:01:59.201121+00:00
[2021-12-08 18:31:59,359] {processor.py:171} INFO - Processing /usr/local/lib/python3.8/dist-packages/airflow/example_dags/example_skip_dag.py took 0.212 seconds
[2021-12-08 18:32:54,669] {processor.py:163} INFO - Started process (PID=635) to work on /usr/local/lib/python3.8/dist-packages/airflow/example_dags/example_skip_dag.py
[2021-12-08 18:32:54,698] {processor.py:625} INFO - Processing file /usr/local/lib/python3.8/dist-packages/airflow/example_dags/example_skip_dag.py for tasks to queue
[2021-12-08 18:32:54,699] {logging_mixin.py:109} INFO - [2021-12-08 18:32:54,699] {dagbag.py:500} INFO - Filling up the DagBag from /usr/local/lib/python3.8/dist-packages/airflow/example_dags/example_skip_dag.py
[2021-12-08 18:32:54,716] {processor.py:637} INFO - DAG(s) dict_keys(['example_skip_dag']) retrieved from /usr/local/lib/python3.8/dist-packages/airflow/example_dags/example_skip_dag.py
[2021-12-08 18:32:54,720] {logging_mixin.py:109} WARNING - /usr/local/lib/python3.8/dist-packages/airflow/models/serialized_dag.py:120 SAWarning: TypeDecorator UtcDateTime(timezone=True) will not produce a cache key because the ``cache_ok`` flag is not set to True.  Set this flag to True if this type object's state is safe to use in a cache key, or False to disable this warning.
[2021-12-08 18:32:54,727] {logging_mixin.py:109} INFO - [2021-12-08 18:32:54,727] {dag.py:2396} INFO - Sync 1 DAGs
[2021-12-08 18:32:54,735] {logging_mixin.py:109} WARNING - /usr/local/lib/python3.8/dist-packages/airflow/models/dag.py:2433 SAWarning: TypeDecorator UtcDateTime(timezone=True) will not produce a cache key because the ``cache_ok`` flag is not set to True.  Set this flag to True if this type object's state is safe to use in a cache key, or False to disable this warning.
[2021-12-08 18:32:54,741] {logging_mixin.py:109} INFO - [2021-12-08 18:32:54,741] {dag.py:2928} INFO - Setting next_dagrun for example_skip_dag to 2021-12-07T13:02:54.741051+00:00
[2021-12-08 18:32:54,950] {processor.py:171} INFO - Processing /usr/local/lib/python3.8/dist-packages/airflow/example_dags/example_skip_dag.py took 0.284 seconds
[2021-12-08 18:33:44,376] {processor.py:163} INFO - Started process (PID=674) to work on /usr/local/lib/python3.8/dist-packages/airflow/example_dags/example_skip_dag.py
[2021-12-08 18:33:44,396] {processor.py:625} INFO - Processing file /usr/local/lib/python3.8/dist-packages/airflow/example_dags/example_skip_dag.py for tasks to queue
[2021-12-08 18:33:44,397] {logging_mixin.py:109} INFO - [2021-12-08 18:33:44,397] {dagbag.py:500} INFO - Filling up the DagBag from /usr/local/lib/python3.8/dist-packages/airflow/example_dags/example_skip_dag.py
[2021-12-08 18:33:44,415] {processor.py:637} INFO - DAG(s) dict_keys(['example_skip_dag']) retrieved from /usr/local/lib/python3.8/dist-packages/airflow/example_dags/example_skip_dag.py
[2021-12-08 18:33:44,419] {logging_mixin.py:109} WARNING - /usr/local/lib/python3.8/dist-packages/airflow/models/serialized_dag.py:120 SAWarning: TypeDecorator UtcDateTime(timezone=True) will not produce a cache key because the ``cache_ok`` flag is not set to True.  Set this flag to True if this type object's state is safe to use in a cache key, or False to disable this warning.
[2021-12-08 18:33:44,425] {logging_mixin.py:109} INFO - [2021-12-08 18:33:44,425] {dag.py:2396} INFO - Sync 1 DAGs
[2021-12-08 18:33:44,435] {logging_mixin.py:109} WARNING - /usr/local/lib/python3.8/dist-packages/airflow/models/dag.py:2433 SAWarning: TypeDecorator UtcDateTime(timezone=True) will not produce a cache key because the ``cache_ok`` flag is not set to True.  Set this flag to True if this type object's state is safe to use in a cache key, or False to disable this warning.
[2021-12-08 18:33:44,443] {logging_mixin.py:109} INFO - [2021-12-08 18:33:44,443] {dag.py:2928} INFO - Setting next_dagrun for example_skip_dag to 2021-12-07T13:03:44.443027+00:00
[2021-12-08 18:33:44,660] {processor.py:171} INFO - Processing /usr/local/lib/python3.8/dist-packages/airflow/example_dags/example_skip_dag.py took 0.292 seconds
[2021-12-08 18:34:42,210] {processor.py:163} INFO - Started process (PID=716) to work on /usr/local/lib/python3.8/dist-packages/airflow/example_dags/example_skip_dag.py
[2021-12-08 18:34:42,217] {processor.py:625} INFO - Processing file /usr/local/lib/python3.8/dist-packages/airflow/example_dags/example_skip_dag.py for tasks to queue
[2021-12-08 18:34:42,217] {logging_mixin.py:109} INFO - [2021-12-08 18:34:42,217] {dagbag.py:500} INFO - Filling up the DagBag from /usr/local/lib/python3.8/dist-packages/airflow/example_dags/example_skip_dag.py
[2021-12-08 18:34:42,234] {processor.py:637} INFO - DAG(s) dict_keys(['example_skip_dag']) retrieved from /usr/local/lib/python3.8/dist-packages/airflow/example_dags/example_skip_dag.py
[2021-12-08 18:34:42,237] {logging_mixin.py:109} WARNING - /usr/local/lib/python3.8/dist-packages/airflow/models/serialized_dag.py:120 SAWarning: TypeDecorator UtcDateTime(timezone=True) will not produce a cache key because the ``cache_ok`` flag is not set to True.  Set this flag to True if this type object's state is safe to use in a cache key, or False to disable this warning.
[2021-12-08 18:34:42,244] {logging_mixin.py:109} INFO - [2021-12-08 18:34:42,244] {dag.py:2396} INFO - Sync 1 DAGs
[2021-12-08 18:34:42,252] {logging_mixin.py:109} WARNING - /usr/local/lib/python3.8/dist-packages/airflow/models/dag.py:2433 SAWarning: TypeDecorator UtcDateTime(timezone=True) will not produce a cache key because the ``cache_ok`` flag is not set to True.  Set this flag to True if this type object's state is safe to use in a cache key, or False to disable this warning.
[2021-12-08 18:34:42,258] {logging_mixin.py:109} INFO - [2021-12-08 18:34:42,258] {dag.py:2928} INFO - Setting next_dagrun for example_skip_dag to 2021-12-07T13:04:42.258210+00:00
[2021-12-08 18:34:42,417] {processor.py:171} INFO - Processing /usr/local/lib/python3.8/dist-packages/airflow/example_dags/example_skip_dag.py took 0.210 seconds
