[2021-12-08 18:23:14,423] {processor.py:163} INFO - Started process (PID=208) to work on /usr/local/lib/python3.8/dist-packages/airflow/example_dags/example_branch_datetime_operator.py
[2021-12-08 18:23:14,424] {processor.py:625} INFO - Processing file /usr/local/lib/python3.8/dist-packages/airflow/example_dags/example_branch_datetime_operator.py for tasks to queue
[2021-12-08 18:23:14,424] {logging_mixin.py:109} INFO - [2021-12-08 18:23:14,424] {dagbag.py:500} INFO - Filling up the DagBag from /usr/local/lib/python3.8/dist-packages/airflow/example_dags/example_branch_datetime_operator.py
[2021-12-08 18:23:14,477] {processor.py:637} INFO - DAG(s) dict_keys(['example_branch_datetime_operator_2']) retrieved from /usr/local/lib/python3.8/dist-packages/airflow/example_dags/example_branch_datetime_operator.py
[2021-12-08 18:23:14,480] {logging_mixin.py:109} WARNING - /usr/local/lib/python3.8/dist-packages/airflow/models/serialized_dag.py:120 SAWarning: TypeDecorator UtcDateTime(timezone=True) will not produce a cache key because the ``cache_ok`` flag is not set to True.  Set this flag to True if this type object's state is safe to use in a cache key, or False to disable this warning.
[2021-12-08 18:23:14,487] {logging_mixin.py:109} INFO - [2021-12-08 18:23:14,486] {dag.py:2396} INFO - Sync 1 DAGs
[2021-12-08 18:23:14,495] {logging_mixin.py:109} WARNING - /usr/local/lib/python3.8/dist-packages/airflow/models/dag.py:2433 SAWarning: TypeDecorator UtcDateTime(timezone=True) will not produce a cache key because the ``cache_ok`` flag is not set to True.  Set this flag to True if this type object's state is safe to use in a cache key, or False to disable this warning.
[2021-12-08 18:23:14,503] {logging_mixin.py:109} INFO - [2021-12-08 18:23:14,503] {dag.py:2928} INFO - Setting next_dagrun for example_branch_datetime_operator_2 to 2021-12-07 00:00:00+00:00
[2021-12-08 18:23:14,661] {processor.py:171} INFO - Processing /usr/local/lib/python3.8/dist-packages/airflow/example_dags/example_branch_datetime_operator.py took 0.241 seconds
[2021-12-08 18:24:04,189] {processor.py:163} INFO - Started process (PID=244) to work on /usr/local/lib/python3.8/dist-packages/airflow/example_dags/example_branch_datetime_operator.py
[2021-12-08 18:24:04,200] {processor.py:625} INFO - Processing file /usr/local/lib/python3.8/dist-packages/airflow/example_dags/example_branch_datetime_operator.py for tasks to queue
[2021-12-08 18:24:04,201] {logging_mixin.py:109} INFO - [2021-12-08 18:24:04,201] {dagbag.py:500} INFO - Filling up the DagBag from /usr/local/lib/python3.8/dist-packages/airflow/example_dags/example_branch_datetime_operator.py
[2021-12-08 18:24:04,218] {processor.py:637} INFO - DAG(s) dict_keys(['example_branch_datetime_operator_2']) retrieved from /usr/local/lib/python3.8/dist-packages/airflow/example_dags/example_branch_datetime_operator.py
[2021-12-08 18:24:04,221] {logging_mixin.py:109} WARNING - /usr/local/lib/python3.8/dist-packages/airflow/models/serialized_dag.py:120 SAWarning: TypeDecorator UtcDateTime(timezone=True) will not produce a cache key because the ``cache_ok`` flag is not set to True.  Set this flag to True if this type object's state is safe to use in a cache key, or False to disable this warning.
[2021-12-08 18:24:04,227] {logging_mixin.py:109} INFO - [2021-12-08 18:24:04,227] {dag.py:2396} INFO - Sync 1 DAGs
[2021-12-08 18:24:04,236] {logging_mixin.py:109} WARNING - /usr/local/lib/python3.8/dist-packages/airflow/models/dag.py:2433 SAWarning: TypeDecorator UtcDateTime(timezone=True) will not produce a cache key because the ``cache_ok`` flag is not set to True.  Set this flag to True if this type object's state is safe to use in a cache key, or False to disable this warning.
[2021-12-08 18:24:04,243] {logging_mixin.py:109} INFO - [2021-12-08 18:24:04,243] {dag.py:2928} INFO - Setting next_dagrun for example_branch_datetime_operator_2 to 2021-12-07 00:00:00+00:00
[2021-12-08 18:24:04,410] {processor.py:171} INFO - Processing /usr/local/lib/python3.8/dist-packages/airflow/example_dags/example_branch_datetime_operator.py took 0.224 seconds
[2021-12-08 18:25:01,084] {processor.py:163} INFO - Started process (PID=286) to work on /usr/local/lib/python3.8/dist-packages/airflow/example_dags/example_branch_datetime_operator.py
[2021-12-08 18:25:01,086] {processor.py:625} INFO - Processing file /usr/local/lib/python3.8/dist-packages/airflow/example_dags/example_branch_datetime_operator.py for tasks to queue
[2021-12-08 18:25:01,087] {logging_mixin.py:109} INFO - [2021-12-08 18:25:01,087] {dagbag.py:500} INFO - Filling up the DagBag from /usr/local/lib/python3.8/dist-packages/airflow/example_dags/example_branch_datetime_operator.py
[2021-12-08 18:25:01,110] {processor.py:637} INFO - DAG(s) dict_keys(['example_branch_datetime_operator_2']) retrieved from /usr/local/lib/python3.8/dist-packages/airflow/example_dags/example_branch_datetime_operator.py
[2021-12-08 18:25:01,113] {logging_mixin.py:109} WARNING - /usr/local/lib/python3.8/dist-packages/airflow/models/serialized_dag.py:120 SAWarning: TypeDecorator UtcDateTime(timezone=True) will not produce a cache key because the ``cache_ok`` flag is not set to True.  Set this flag to True if this type object's state is safe to use in a cache key, or False to disable this warning.
[2021-12-08 18:25:01,119] {logging_mixin.py:109} INFO - [2021-12-08 18:25:01,119] {dag.py:2396} INFO - Sync 1 DAGs
[2021-12-08 18:25:01,128] {logging_mixin.py:109} WARNING - /usr/local/lib/python3.8/dist-packages/airflow/models/dag.py:2433 SAWarning: TypeDecorator UtcDateTime(timezone=True) will not produce a cache key because the ``cache_ok`` flag is not set to True.  Set this flag to True if this type object's state is safe to use in a cache key, or False to disable this warning.
[2021-12-08 18:25:01,135] {logging_mixin.py:109} INFO - [2021-12-08 18:25:01,135] {dag.py:2928} INFO - Setting next_dagrun for example_branch_datetime_operator_2 to 2021-12-07 00:00:00+00:00
[2021-12-08 18:25:01,296] {processor.py:171} INFO - Processing /usr/local/lib/python3.8/dist-packages/airflow/example_dags/example_branch_datetime_operator.py took 0.220 seconds
[2021-12-08 18:25:59,526] {processor.py:163} INFO - Started process (PID=329) to work on /usr/local/lib/python3.8/dist-packages/airflow/example_dags/example_branch_datetime_operator.py
[2021-12-08 18:25:59,559] {processor.py:625} INFO - Processing file /usr/local/lib/python3.8/dist-packages/airflow/example_dags/example_branch_datetime_operator.py for tasks to queue
[2021-12-08 18:25:59,560] {logging_mixin.py:109} INFO - [2021-12-08 18:25:59,560] {dagbag.py:500} INFO - Filling up the DagBag from /usr/local/lib/python3.8/dist-packages/airflow/example_dags/example_branch_datetime_operator.py
[2021-12-08 18:25:59,582] {processor.py:637} INFO - DAG(s) dict_keys(['example_branch_datetime_operator_2']) retrieved from /usr/local/lib/python3.8/dist-packages/airflow/example_dags/example_branch_datetime_operator.py
[2021-12-08 18:25:59,588] {logging_mixin.py:109} WARNING - /usr/local/lib/python3.8/dist-packages/airflow/models/serialized_dag.py:120 SAWarning: TypeDecorator UtcDateTime(timezone=True) will not produce a cache key because the ``cache_ok`` flag is not set to True.  Set this flag to True if this type object's state is safe to use in a cache key, or False to disable this warning.
[2021-12-08 18:25:59,595] {logging_mixin.py:109} INFO - [2021-12-08 18:25:59,594] {dag.py:2396} INFO - Sync 1 DAGs
[2021-12-08 18:25:59,604] {logging_mixin.py:109} WARNING - /usr/local/lib/python3.8/dist-packages/airflow/models/dag.py:2433 SAWarning: TypeDecorator UtcDateTime(timezone=True) will not produce a cache key because the ``cache_ok`` flag is not set to True.  Set this flag to True if this type object's state is safe to use in a cache key, or False to disable this warning.
[2021-12-08 18:25:59,611] {logging_mixin.py:109} INFO - [2021-12-08 18:25:59,611] {dag.py:2928} INFO - Setting next_dagrun for example_branch_datetime_operator_2 to 2021-12-07 00:00:00+00:00
[2021-12-08 18:25:59,767] {processor.py:171} INFO - Processing /usr/local/lib/python3.8/dist-packages/airflow/example_dags/example_branch_datetime_operator.py took 0.244 seconds
[2021-12-08 18:26:57,097] {processor.py:163} INFO - Started process (PID=372) to work on /usr/local/lib/python3.8/dist-packages/airflow/example_dags/example_branch_datetime_operator.py
[2021-12-08 18:26:57,277] {processor.py:625} INFO - Processing file /usr/local/lib/python3.8/dist-packages/airflow/example_dags/example_branch_datetime_operator.py for tasks to queue
[2021-12-08 18:26:57,279] {logging_mixin.py:109} INFO - [2021-12-08 18:26:57,278] {dagbag.py:500} INFO - Filling up the DagBag from /usr/local/lib/python3.8/dist-packages/airflow/example_dags/example_branch_datetime_operator.py
[2021-12-08 18:26:57,299] {processor.py:637} INFO - DAG(s) dict_keys(['example_branch_datetime_operator_2']) retrieved from /usr/local/lib/python3.8/dist-packages/airflow/example_dags/example_branch_datetime_operator.py
[2021-12-08 18:26:57,303] {logging_mixin.py:109} WARNING - /usr/local/lib/python3.8/dist-packages/airflow/models/serialized_dag.py:120 SAWarning: TypeDecorator UtcDateTime(timezone=True) will not produce a cache key because the ``cache_ok`` flag is not set to True.  Set this flag to True if this type object's state is safe to use in a cache key, or False to disable this warning.
[2021-12-08 18:26:57,309] {logging_mixin.py:109} INFO - [2021-12-08 18:26:57,308] {dag.py:2396} INFO - Sync 1 DAGs
[2021-12-08 18:26:57,318] {logging_mixin.py:109} WARNING - /usr/local/lib/python3.8/dist-packages/airflow/models/dag.py:2433 SAWarning: TypeDecorator UtcDateTime(timezone=True) will not produce a cache key because the ``cache_ok`` flag is not set to True.  Set this flag to True if this type object's state is safe to use in a cache key, or False to disable this warning.
[2021-12-08 18:26:57,325] {logging_mixin.py:109} INFO - [2021-12-08 18:26:57,325] {dag.py:2928} INFO - Setting next_dagrun for example_branch_datetime_operator_2 to 2021-12-07 00:00:00+00:00
[2021-12-08 18:26:57,562] {processor.py:171} INFO - Processing /usr/local/lib/python3.8/dist-packages/airflow/example_dags/example_branch_datetime_operator.py took 0.469 seconds
[2021-12-08 18:27:56,013] {processor.py:163} INFO - Started process (PID=414) to work on /usr/local/lib/python3.8/dist-packages/airflow/example_dags/example_branch_datetime_operator.py
[2021-12-08 18:27:56,056] {processor.py:625} INFO - Processing file /usr/local/lib/python3.8/dist-packages/airflow/example_dags/example_branch_datetime_operator.py for tasks to queue
[2021-12-08 18:27:56,056] {logging_mixin.py:109} INFO - [2021-12-08 18:27:56,056] {dagbag.py:500} INFO - Filling up the DagBag from /usr/local/lib/python3.8/dist-packages/airflow/example_dags/example_branch_datetime_operator.py
[2021-12-08 18:27:56,079] {processor.py:637} INFO - DAG(s) dict_keys(['example_branch_datetime_operator_2']) retrieved from /usr/local/lib/python3.8/dist-packages/airflow/example_dags/example_branch_datetime_operator.py
[2021-12-08 18:27:56,083] {logging_mixin.py:109} WARNING - /usr/local/lib/python3.8/dist-packages/airflow/models/serialized_dag.py:120 SAWarning: TypeDecorator UtcDateTime(timezone=True) will not produce a cache key because the ``cache_ok`` flag is not set to True.  Set this flag to True if this type object's state is safe to use in a cache key, or False to disable this warning.
[2021-12-08 18:27:56,092] {logging_mixin.py:109} INFO - [2021-12-08 18:27:56,092] {dag.py:2396} INFO - Sync 1 DAGs
[2021-12-08 18:27:56,100] {logging_mixin.py:109} WARNING - /usr/local/lib/python3.8/dist-packages/airflow/models/dag.py:2433 SAWarning: TypeDecorator UtcDateTime(timezone=True) will not produce a cache key because the ``cache_ok`` flag is not set to True.  Set this flag to True if this type object's state is safe to use in a cache key, or False to disable this warning.
[2021-12-08 18:27:56,111] {logging_mixin.py:109} INFO - [2021-12-08 18:27:56,111] {dag.py:2928} INFO - Setting next_dagrun for example_branch_datetime_operator_2 to 2021-12-07 00:00:00+00:00
[2021-12-08 18:27:56,261] {processor.py:171} INFO - Processing /usr/local/lib/python3.8/dist-packages/airflow/example_dags/example_branch_datetime_operator.py took 0.256 seconds
[2021-12-08 18:28:52,182] {processor.py:163} INFO - Started process (PID=456) to work on /usr/local/lib/python3.8/dist-packages/airflow/example_dags/example_branch_datetime_operator.py
[2021-12-08 18:28:52,221] {processor.py:625} INFO - Processing file /usr/local/lib/python3.8/dist-packages/airflow/example_dags/example_branch_datetime_operator.py for tasks to queue
[2021-12-08 18:28:52,221] {logging_mixin.py:109} INFO - [2021-12-08 18:28:52,221] {dagbag.py:500} INFO - Filling up the DagBag from /usr/local/lib/python3.8/dist-packages/airflow/example_dags/example_branch_datetime_operator.py
[2021-12-08 18:28:52,249] {processor.py:637} INFO - DAG(s) dict_keys(['example_branch_datetime_operator_2']) retrieved from /usr/local/lib/python3.8/dist-packages/airflow/example_dags/example_branch_datetime_operator.py
[2021-12-08 18:28:52,254] {logging_mixin.py:109} WARNING - /usr/local/lib/python3.8/dist-packages/airflow/models/serialized_dag.py:120 SAWarning: TypeDecorator UtcDateTime(timezone=True) will not produce a cache key because the ``cache_ok`` flag is not set to True.  Set this flag to True if this type object's state is safe to use in a cache key, or False to disable this warning.
[2021-12-08 18:28:52,261] {logging_mixin.py:109} INFO - [2021-12-08 18:28:52,261] {dag.py:2396} INFO - Sync 1 DAGs
[2021-12-08 18:28:52,269] {logging_mixin.py:109} WARNING - /usr/local/lib/python3.8/dist-packages/airflow/models/dag.py:2433 SAWarning: TypeDecorator UtcDateTime(timezone=True) will not produce a cache key because the ``cache_ok`` flag is not set to True.  Set this flag to True if this type object's state is safe to use in a cache key, or False to disable this warning.
[2021-12-08 18:28:52,276] {logging_mixin.py:109} INFO - [2021-12-08 18:28:52,276] {dag.py:2928} INFO - Setting next_dagrun for example_branch_datetime_operator_2 to 2021-12-07 00:00:00+00:00
[2021-12-08 18:28:52,456] {processor.py:171} INFO - Processing /usr/local/lib/python3.8/dist-packages/airflow/example_dags/example_branch_datetime_operator.py took 0.276 seconds
[2021-12-08 18:29:51,573] {processor.py:163} INFO - Started process (PID=499) to work on /usr/local/lib/python3.8/dist-packages/airflow/example_dags/example_branch_datetime_operator.py
[2021-12-08 18:29:51,600] {processor.py:625} INFO - Processing file /usr/local/lib/python3.8/dist-packages/airflow/example_dags/example_branch_datetime_operator.py for tasks to queue
[2021-12-08 18:29:51,601] {logging_mixin.py:109} INFO - [2021-12-08 18:29:51,601] {dagbag.py:500} INFO - Filling up the DagBag from /usr/local/lib/python3.8/dist-packages/airflow/example_dags/example_branch_datetime_operator.py
[2021-12-08 18:29:51,625] {processor.py:637} INFO - DAG(s) dict_keys(['example_branch_datetime_operator_2']) retrieved from /usr/local/lib/python3.8/dist-packages/airflow/example_dags/example_branch_datetime_operator.py
[2021-12-08 18:29:51,629] {logging_mixin.py:109} WARNING - /usr/local/lib/python3.8/dist-packages/airflow/models/serialized_dag.py:120 SAWarning: TypeDecorator UtcDateTime(timezone=True) will not produce a cache key because the ``cache_ok`` flag is not set to True.  Set this flag to True if this type object's state is safe to use in a cache key, or False to disable this warning.
[2021-12-08 18:29:51,637] {logging_mixin.py:109} INFO - [2021-12-08 18:29:51,637] {dag.py:2396} INFO - Sync 1 DAGs
[2021-12-08 18:29:51,646] {logging_mixin.py:109} WARNING - /usr/local/lib/python3.8/dist-packages/airflow/models/dag.py:2433 SAWarning: TypeDecorator UtcDateTime(timezone=True) will not produce a cache key because the ``cache_ok`` flag is not set to True.  Set this flag to True if this type object's state is safe to use in a cache key, or False to disable this warning.
[2021-12-08 18:29:51,653] {logging_mixin.py:109} INFO - [2021-12-08 18:29:51,653] {dag.py:2928} INFO - Setting next_dagrun for example_branch_datetime_operator_2 to 2021-12-07 00:00:00+00:00
[2021-12-08 18:29:51,852] {processor.py:171} INFO - Processing /usr/local/lib/python3.8/dist-packages/airflow/example_dags/example_branch_datetime_operator.py took 0.282 seconds
[2021-12-08 18:30:46,652] {processor.py:163} INFO - Started process (PID=540) to work on /usr/local/lib/python3.8/dist-packages/airflow/example_dags/example_branch_datetime_operator.py
[2021-12-08 18:30:46,659] {processor.py:625} INFO - Processing file /usr/local/lib/python3.8/dist-packages/airflow/example_dags/example_branch_datetime_operator.py for tasks to queue
[2021-12-08 18:30:46,660] {logging_mixin.py:109} INFO - [2021-12-08 18:30:46,660] {dagbag.py:500} INFO - Filling up the DagBag from /usr/local/lib/python3.8/dist-packages/airflow/example_dags/example_branch_datetime_operator.py
[2021-12-08 18:30:46,677] {processor.py:637} INFO - DAG(s) dict_keys(['example_branch_datetime_operator_2']) retrieved from /usr/local/lib/python3.8/dist-packages/airflow/example_dags/example_branch_datetime_operator.py
[2021-12-08 18:30:46,681] {logging_mixin.py:109} WARNING - /usr/local/lib/python3.8/dist-packages/airflow/models/serialized_dag.py:120 SAWarning: TypeDecorator UtcDateTime(timezone=True) will not produce a cache key because the ``cache_ok`` flag is not set to True.  Set this flag to True if this type object's state is safe to use in a cache key, or False to disable this warning.
[2021-12-08 18:30:46,687] {logging_mixin.py:109} INFO - [2021-12-08 18:30:46,687] {dag.py:2396} INFO - Sync 1 DAGs
[2021-12-08 18:30:46,695] {logging_mixin.py:109} WARNING - /usr/local/lib/python3.8/dist-packages/airflow/models/dag.py:2433 SAWarning: TypeDecorator UtcDateTime(timezone=True) will not produce a cache key because the ``cache_ok`` flag is not set to True.  Set this flag to True if this type object's state is safe to use in a cache key, or False to disable this warning.
[2021-12-08 18:30:46,701] {logging_mixin.py:109} INFO - [2021-12-08 18:30:46,701] {dag.py:2928} INFO - Setting next_dagrun for example_branch_datetime_operator_2 to 2021-12-07 00:00:00+00:00
[2021-12-08 18:30:46,844] {processor.py:171} INFO - Processing /usr/local/lib/python3.8/dist-packages/airflow/example_dags/example_branch_datetime_operator.py took 0.195 seconds
[2021-12-08 18:31:41,401] {processor.py:163} INFO - Started process (PID=581) to work on /usr/local/lib/python3.8/dist-packages/airflow/example_dags/example_branch_datetime_operator.py
[2021-12-08 18:31:41,446] {processor.py:625} INFO - Processing file /usr/local/lib/python3.8/dist-packages/airflow/example_dags/example_branch_datetime_operator.py for tasks to queue
[2021-12-08 18:31:41,448] {logging_mixin.py:109} INFO - [2021-12-08 18:31:41,447] {dagbag.py:500} INFO - Filling up the DagBag from /usr/local/lib/python3.8/dist-packages/airflow/example_dags/example_branch_datetime_operator.py
[2021-12-08 18:31:41,485] {processor.py:637} INFO - DAG(s) dict_keys(['example_branch_datetime_operator_2']) retrieved from /usr/local/lib/python3.8/dist-packages/airflow/example_dags/example_branch_datetime_operator.py
[2021-12-08 18:31:41,489] {logging_mixin.py:109} WARNING - /usr/local/lib/python3.8/dist-packages/airflow/models/serialized_dag.py:120 SAWarning: TypeDecorator UtcDateTime(timezone=True) will not produce a cache key because the ``cache_ok`` flag is not set to True.  Set this flag to True if this type object's state is safe to use in a cache key, or False to disable this warning.
[2021-12-08 18:31:41,495] {logging_mixin.py:109} INFO - [2021-12-08 18:31:41,495] {dag.py:2396} INFO - Sync 1 DAGs
[2021-12-08 18:31:41,504] {logging_mixin.py:109} WARNING - /usr/local/lib/python3.8/dist-packages/airflow/models/dag.py:2433 SAWarning: TypeDecorator UtcDateTime(timezone=True) will not produce a cache key because the ``cache_ok`` flag is not set to True.  Set this flag to True if this type object's state is safe to use in a cache key, or False to disable this warning.
[2021-12-08 18:31:41,510] {logging_mixin.py:109} INFO - [2021-12-08 18:31:41,510] {dag.py:2928} INFO - Setting next_dagrun for example_branch_datetime_operator_2 to 2021-12-07 00:00:00+00:00
[2021-12-08 18:31:41,797] {processor.py:171} INFO - Processing /usr/local/lib/python3.8/dist-packages/airflow/example_dags/example_branch_datetime_operator.py took 0.403 seconds
[2021-12-08 18:32:39,648] {processor.py:163} INFO - Started process (PID=624) to work on /usr/local/lib/python3.8/dist-packages/airflow/example_dags/example_branch_datetime_operator.py
[2021-12-08 18:32:39,659] {processor.py:625} INFO - Processing file /usr/local/lib/python3.8/dist-packages/airflow/example_dags/example_branch_datetime_operator.py for tasks to queue
[2021-12-08 18:32:39,660] {logging_mixin.py:109} INFO - [2021-12-08 18:32:39,660] {dagbag.py:500} INFO - Filling up the DagBag from /usr/local/lib/python3.8/dist-packages/airflow/example_dags/example_branch_datetime_operator.py
[2021-12-08 18:32:39,677] {processor.py:637} INFO - DAG(s) dict_keys(['example_branch_datetime_operator_2']) retrieved from /usr/local/lib/python3.8/dist-packages/airflow/example_dags/example_branch_datetime_operator.py
[2021-12-08 18:32:39,681] {logging_mixin.py:109} WARNING - /usr/local/lib/python3.8/dist-packages/airflow/models/serialized_dag.py:120 SAWarning: TypeDecorator UtcDateTime(timezone=True) will not produce a cache key because the ``cache_ok`` flag is not set to True.  Set this flag to True if this type object's state is safe to use in a cache key, or False to disable this warning.
[2021-12-08 18:32:39,688] {logging_mixin.py:109} INFO - [2021-12-08 18:32:39,688] {dag.py:2396} INFO - Sync 1 DAGs
[2021-12-08 18:32:39,696] {logging_mixin.py:109} WARNING - /usr/local/lib/python3.8/dist-packages/airflow/models/dag.py:2433 SAWarning: TypeDecorator UtcDateTime(timezone=True) will not produce a cache key because the ``cache_ok`` flag is not set to True.  Set this flag to True if this type object's state is safe to use in a cache key, or False to disable this warning.
[2021-12-08 18:32:39,703] {logging_mixin.py:109} INFO - [2021-12-08 18:32:39,703] {dag.py:2928} INFO - Setting next_dagrun for example_branch_datetime_operator_2 to 2021-12-07 00:00:00+00:00
[2021-12-08 18:32:39,870] {processor.py:171} INFO - Processing /usr/local/lib/python3.8/dist-packages/airflow/example_dags/example_branch_datetime_operator.py took 0.225 seconds
[2021-12-08 18:33:34,859] {processor.py:163} INFO - Started process (PID=666) to work on /usr/local/lib/python3.8/dist-packages/airflow/example_dags/example_branch_datetime_operator.py
[2021-12-08 18:33:34,872] {processor.py:625} INFO - Processing file /usr/local/lib/python3.8/dist-packages/airflow/example_dags/example_branch_datetime_operator.py for tasks to queue
[2021-12-08 18:33:34,873] {logging_mixin.py:109} INFO - [2021-12-08 18:33:34,872] {dagbag.py:500} INFO - Filling up the DagBag from /usr/local/lib/python3.8/dist-packages/airflow/example_dags/example_branch_datetime_operator.py
[2021-12-08 18:33:34,890] {processor.py:637} INFO - DAG(s) dict_keys(['example_branch_datetime_operator_2']) retrieved from /usr/local/lib/python3.8/dist-packages/airflow/example_dags/example_branch_datetime_operator.py
[2021-12-08 18:33:34,893] {logging_mixin.py:109} WARNING - /usr/local/lib/python3.8/dist-packages/airflow/models/serialized_dag.py:120 SAWarning: TypeDecorator UtcDateTime(timezone=True) will not produce a cache key because the ``cache_ok`` flag is not set to True.  Set this flag to True if this type object's state is safe to use in a cache key, or False to disable this warning.
[2021-12-08 18:33:34,899] {logging_mixin.py:109} INFO - [2021-12-08 18:33:34,899] {dag.py:2396} INFO - Sync 1 DAGs
[2021-12-08 18:33:34,907] {logging_mixin.py:109} WARNING - /usr/local/lib/python3.8/dist-packages/airflow/models/dag.py:2433 SAWarning: TypeDecorator UtcDateTime(timezone=True) will not produce a cache key because the ``cache_ok`` flag is not set to True.  Set this flag to True if this type object's state is safe to use in a cache key, or False to disable this warning.
[2021-12-08 18:33:34,914] {logging_mixin.py:109} INFO - [2021-12-08 18:33:34,914] {dag.py:2928} INFO - Setting next_dagrun for example_branch_datetime_operator_2 to 2021-12-07 00:00:00+00:00
[2021-12-08 18:33:35,131] {processor.py:171} INFO - Processing /usr/local/lib/python3.8/dist-packages/airflow/example_dags/example_branch_datetime_operator.py took 0.274 seconds
[2021-12-08 18:34:26,893] {processor.py:163} INFO - Started process (PID=705) to work on /usr/local/lib/python3.8/dist-packages/airflow/example_dags/example_branch_datetime_operator.py
[2021-12-08 18:34:26,932] {processor.py:625} INFO - Processing file /usr/local/lib/python3.8/dist-packages/airflow/example_dags/example_branch_datetime_operator.py for tasks to queue
[2021-12-08 18:34:26,933] {logging_mixin.py:109} INFO - [2021-12-08 18:34:26,932] {dagbag.py:500} INFO - Filling up the DagBag from /usr/local/lib/python3.8/dist-packages/airflow/example_dags/example_branch_datetime_operator.py
[2021-12-08 18:34:26,959] {processor.py:637} INFO - DAG(s) dict_keys(['example_branch_datetime_operator_2']) retrieved from /usr/local/lib/python3.8/dist-packages/airflow/example_dags/example_branch_datetime_operator.py
[2021-12-08 18:34:26,963] {logging_mixin.py:109} WARNING - /usr/local/lib/python3.8/dist-packages/airflow/models/serialized_dag.py:120 SAWarning: TypeDecorator UtcDateTime(timezone=True) will not produce a cache key because the ``cache_ok`` flag is not set to True.  Set this flag to True if this type object's state is safe to use in a cache key, or False to disable this warning.
[2021-12-08 18:34:26,969] {logging_mixin.py:109} INFO - [2021-12-08 18:34:26,969] {dag.py:2396} INFO - Sync 1 DAGs
[2021-12-08 18:34:26,977] {logging_mixin.py:109} WARNING - /usr/local/lib/python3.8/dist-packages/airflow/models/dag.py:2433 SAWarning: TypeDecorator UtcDateTime(timezone=True) will not produce a cache key because the ``cache_ok`` flag is not set to True.  Set this flag to True if this type object's state is safe to use in a cache key, or False to disable this warning.
[2021-12-08 18:34:26,984] {logging_mixin.py:109} INFO - [2021-12-08 18:34:26,984] {dag.py:2928} INFO - Setting next_dagrun for example_branch_datetime_operator_2 to 2021-12-07 00:00:00+00:00
[2021-12-08 18:34:27,150] {processor.py:171} INFO - Processing /usr/local/lib/python3.8/dist-packages/airflow/example_dags/example_branch_datetime_operator.py took 0.259 seconds
