[2021-12-08 18:23:04,713] {processor.py:163} INFO - Started process (PID=201) to work on /usr/local/lib/python3.8/dist-packages/airflow/example_dags/example_latest_only.py
[2021-12-08 18:23:04,714] {processor.py:625} INFO - Processing file /usr/local/lib/python3.8/dist-packages/airflow/example_dags/example_latest_only.py for tasks to queue
[2021-12-08 18:23:04,715] {logging_mixin.py:109} INFO - [2021-12-08 18:23:04,715] {dagbag.py:500} INFO - Filling up the DagBag from /usr/local/lib/python3.8/dist-packages/airflow/example_dags/example_latest_only.py
[2021-12-08 18:23:04,774] {processor.py:637} INFO - DAG(s) dict_keys(['latest_only']) retrieved from /usr/local/lib/python3.8/dist-packages/airflow/example_dags/example_latest_only.py
[2021-12-08 18:23:04,778] {logging_mixin.py:109} WARNING - /usr/local/lib/python3.8/dist-packages/airflow/models/serialized_dag.py:120 SAWarning: TypeDecorator UtcDateTime(timezone=True) will not produce a cache key because the ``cache_ok`` flag is not set to True.  Set this flag to True if this type object's state is safe to use in a cache key, or False to disable this warning.
[2021-12-08 18:23:04,785] {logging_mixin.py:109} INFO - [2021-12-08 18:23:04,785] {dag.py:2396} INFO - Sync 1 DAGs
[2021-12-08 18:23:04,794] {logging_mixin.py:109} WARNING - /usr/local/lib/python3.8/dist-packages/airflow/models/dag.py:2433 SAWarning: TypeDecorator UtcDateTime(timezone=True) will not produce a cache key because the ``cache_ok`` flag is not set to True.  Set this flag to True if this type object's state is safe to use in a cache key, or False to disable this warning.
[2021-12-08 18:23:04,802] {logging_mixin.py:109} INFO - [2021-12-08 18:23:04,801] {dag.py:2928} INFO - Setting next_dagrun for latest_only to 2021-12-08T08:53:04.801659+00:00
[2021-12-08 18:23:04,963] {processor.py:171} INFO - Processing /usr/local/lib/python3.8/dist-packages/airflow/example_dags/example_latest_only.py took 0.257 seconds
[2021-12-08 18:23:54,703] {processor.py:163} INFO - Started process (PID=237) to work on /usr/local/lib/python3.8/dist-packages/airflow/example_dags/example_latest_only.py
[2021-12-08 18:23:54,709] {processor.py:625} INFO - Processing file /usr/local/lib/python3.8/dist-packages/airflow/example_dags/example_latest_only.py for tasks to queue
[2021-12-08 18:23:54,709] {logging_mixin.py:109} INFO - [2021-12-08 18:23:54,709] {dagbag.py:500} INFO - Filling up the DagBag from /usr/local/lib/python3.8/dist-packages/airflow/example_dags/example_latest_only.py
[2021-12-08 18:23:54,729] {processor.py:637} INFO - DAG(s) dict_keys(['latest_only']) retrieved from /usr/local/lib/python3.8/dist-packages/airflow/example_dags/example_latest_only.py
[2021-12-08 18:23:54,734] {logging_mixin.py:109} WARNING - /usr/local/lib/python3.8/dist-packages/airflow/models/serialized_dag.py:120 SAWarning: TypeDecorator UtcDateTime(timezone=True) will not produce a cache key because the ``cache_ok`` flag is not set to True.  Set this flag to True if this type object's state is safe to use in a cache key, or False to disable this warning.
[2021-12-08 18:23:54,740] {logging_mixin.py:109} INFO - [2021-12-08 18:23:54,740] {dag.py:2396} INFO - Sync 1 DAGs
[2021-12-08 18:23:54,750] {logging_mixin.py:109} WARNING - /usr/local/lib/python3.8/dist-packages/airflow/models/dag.py:2433 SAWarning: TypeDecorator UtcDateTime(timezone=True) will not produce a cache key because the ``cache_ok`` flag is not set to True.  Set this flag to True if this type object's state is safe to use in a cache key, or False to disable this warning.
[2021-12-08 18:23:54,757] {logging_mixin.py:109} INFO - [2021-12-08 18:23:54,756] {dag.py:2928} INFO - Setting next_dagrun for latest_only to 2021-12-08T08:53:54.756631+00:00
[2021-12-08 18:23:54,918] {processor.py:171} INFO - Processing /usr/local/lib/python3.8/dist-packages/airflow/example_dags/example_latest_only.py took 0.218 seconds
[2021-12-08 18:24:43,018] {processor.py:163} INFO - Started process (PID=273) to work on /usr/local/lib/python3.8/dist-packages/airflow/example_dags/example_latest_only.py
[2021-12-08 18:24:43,039] {processor.py:625} INFO - Processing file /usr/local/lib/python3.8/dist-packages/airflow/example_dags/example_latest_only.py for tasks to queue
[2021-12-08 18:24:43,039] {logging_mixin.py:109} INFO - [2021-12-08 18:24:43,039] {dagbag.py:500} INFO - Filling up the DagBag from /usr/local/lib/python3.8/dist-packages/airflow/example_dags/example_latest_only.py
[2021-12-08 18:24:43,055] {processor.py:637} INFO - DAG(s) dict_keys(['latest_only']) retrieved from /usr/local/lib/python3.8/dist-packages/airflow/example_dags/example_latest_only.py
[2021-12-08 18:24:43,059] {logging_mixin.py:109} WARNING - /usr/local/lib/python3.8/dist-packages/airflow/models/serialized_dag.py:120 SAWarning: TypeDecorator UtcDateTime(timezone=True) will not produce a cache key because the ``cache_ok`` flag is not set to True.  Set this flag to True if this type object's state is safe to use in a cache key, or False to disable this warning.
[2021-12-08 18:24:43,065] {logging_mixin.py:109} INFO - [2021-12-08 18:24:43,065] {dag.py:2396} INFO - Sync 1 DAGs
[2021-12-08 18:24:43,073] {logging_mixin.py:109} WARNING - /usr/local/lib/python3.8/dist-packages/airflow/models/dag.py:2433 SAWarning: TypeDecorator UtcDateTime(timezone=True) will not produce a cache key because the ``cache_ok`` flag is not set to True.  Set this flag to True if this type object's state is safe to use in a cache key, or False to disable this warning.
[2021-12-08 18:24:43,079] {logging_mixin.py:109} INFO - [2021-12-08 18:24:43,079] {dag.py:2928} INFO - Setting next_dagrun for latest_only to 2021-12-08T08:54:43.079629+00:00
[2021-12-08 18:24:43,234] {processor.py:171} INFO - Processing /usr/local/lib/python3.8/dist-packages/airflow/example_dags/example_latest_only.py took 0.219 seconds
[2021-12-08 18:25:40,185] {processor.py:163} INFO - Started process (PID=315) to work on /usr/local/lib/python3.8/dist-packages/airflow/example_dags/example_latest_only.py
[2021-12-08 18:25:40,192] {processor.py:625} INFO - Processing file /usr/local/lib/python3.8/dist-packages/airflow/example_dags/example_latest_only.py for tasks to queue
[2021-12-08 18:25:40,193] {logging_mixin.py:109} INFO - [2021-12-08 18:25:40,193] {dagbag.py:500} INFO - Filling up the DagBag from /usr/local/lib/python3.8/dist-packages/airflow/example_dags/example_latest_only.py
[2021-12-08 18:25:40,209] {processor.py:637} INFO - DAG(s) dict_keys(['latest_only']) retrieved from /usr/local/lib/python3.8/dist-packages/airflow/example_dags/example_latest_only.py
[2021-12-08 18:25:40,212] {logging_mixin.py:109} WARNING - /usr/local/lib/python3.8/dist-packages/airflow/models/serialized_dag.py:120 SAWarning: TypeDecorator UtcDateTime(timezone=True) will not produce a cache key because the ``cache_ok`` flag is not set to True.  Set this flag to True if this type object's state is safe to use in a cache key, or False to disable this warning.
[2021-12-08 18:25:40,218] {logging_mixin.py:109} INFO - [2021-12-08 18:25:40,218] {dag.py:2396} INFO - Sync 1 DAGs
[2021-12-08 18:25:40,227] {logging_mixin.py:109} WARNING - /usr/local/lib/python3.8/dist-packages/airflow/models/dag.py:2433 SAWarning: TypeDecorator UtcDateTime(timezone=True) will not produce a cache key because the ``cache_ok`` flag is not set to True.  Set this flag to True if this type object's state is safe to use in a cache key, or False to disable this warning.
[2021-12-08 18:25:40,233] {logging_mixin.py:109} INFO - [2021-12-08 18:25:40,233] {dag.py:2928} INFO - Setting next_dagrun for latest_only to 2021-12-08T08:55:40.233159+00:00
[2021-12-08 18:25:40,412] {processor.py:171} INFO - Processing /usr/local/lib/python3.8/dist-packages/airflow/example_dags/example_latest_only.py took 0.229 seconds
[2021-12-08 18:26:37,273] {processor.py:163} INFO - Started process (PID=358) to work on /usr/local/lib/python3.8/dist-packages/airflow/example_dags/example_latest_only.py
[2021-12-08 18:26:37,283] {processor.py:625} INFO - Processing file /usr/local/lib/python3.8/dist-packages/airflow/example_dags/example_latest_only.py for tasks to queue
[2021-12-08 18:26:37,284] {logging_mixin.py:109} INFO - [2021-12-08 18:26:37,283] {dagbag.py:500} INFO - Filling up the DagBag from /usr/local/lib/python3.8/dist-packages/airflow/example_dags/example_latest_only.py
[2021-12-08 18:26:37,300] {processor.py:637} INFO - DAG(s) dict_keys(['latest_only']) retrieved from /usr/local/lib/python3.8/dist-packages/airflow/example_dags/example_latest_only.py
[2021-12-08 18:26:37,304] {logging_mixin.py:109} WARNING - /usr/local/lib/python3.8/dist-packages/airflow/models/serialized_dag.py:120 SAWarning: TypeDecorator UtcDateTime(timezone=True) will not produce a cache key because the ``cache_ok`` flag is not set to True.  Set this flag to True if this type object's state is safe to use in a cache key, or False to disable this warning.
[2021-12-08 18:26:37,310] {logging_mixin.py:109} INFO - [2021-12-08 18:26:37,310] {dag.py:2396} INFO - Sync 1 DAGs
[2021-12-08 18:26:37,319] {logging_mixin.py:109} WARNING - /usr/local/lib/python3.8/dist-packages/airflow/models/dag.py:2433 SAWarning: TypeDecorator UtcDateTime(timezone=True) will not produce a cache key because the ``cache_ok`` flag is not set to True.  Set this flag to True if this type object's state is safe to use in a cache key, or False to disable this warning.
[2021-12-08 18:26:37,325] {logging_mixin.py:109} INFO - [2021-12-08 18:26:37,325] {dag.py:2928} INFO - Setting next_dagrun for latest_only to 2021-12-08T08:56:37.325217+00:00
[2021-12-08 18:26:37,533] {processor.py:171} INFO - Processing /usr/local/lib/python3.8/dist-packages/airflow/example_dags/example_latest_only.py took 0.263 seconds
[2021-12-08 18:27:36,827] {processor.py:163} INFO - Started process (PID=400) to work on /usr/local/lib/python3.8/dist-packages/airflow/example_dags/example_latest_only.py
[2021-12-08 18:27:36,840] {processor.py:625} INFO - Processing file /usr/local/lib/python3.8/dist-packages/airflow/example_dags/example_latest_only.py for tasks to queue
[2021-12-08 18:27:36,841] {logging_mixin.py:109} INFO - [2021-12-08 18:27:36,841] {dagbag.py:500} INFO - Filling up the DagBag from /usr/local/lib/python3.8/dist-packages/airflow/example_dags/example_latest_only.py
[2021-12-08 18:27:36,859] {processor.py:637} INFO - DAG(s) dict_keys(['latest_only']) retrieved from /usr/local/lib/python3.8/dist-packages/airflow/example_dags/example_latest_only.py
[2021-12-08 18:27:36,863] {logging_mixin.py:109} WARNING - /usr/local/lib/python3.8/dist-packages/airflow/models/serialized_dag.py:120 SAWarning: TypeDecorator UtcDateTime(timezone=True) will not produce a cache key because the ``cache_ok`` flag is not set to True.  Set this flag to True if this type object's state is safe to use in a cache key, or False to disable this warning.
[2021-12-08 18:27:36,869] {logging_mixin.py:109} INFO - [2021-12-08 18:27:36,869] {dag.py:2396} INFO - Sync 1 DAGs
[2021-12-08 18:27:36,877] {logging_mixin.py:109} WARNING - /usr/local/lib/python3.8/dist-packages/airflow/models/dag.py:2433 SAWarning: TypeDecorator UtcDateTime(timezone=True) will not produce a cache key because the ``cache_ok`` flag is not set to True.  Set this flag to True if this type object's state is safe to use in a cache key, or False to disable this warning.
[2021-12-08 18:27:36,883] {logging_mixin.py:109} INFO - [2021-12-08 18:27:36,883] {dag.py:2928} INFO - Setting next_dagrun for latest_only to 2021-12-08T08:57:36.883176+00:00
[2021-12-08 18:27:37,036] {processor.py:171} INFO - Processing /usr/local/lib/python3.8/dist-packages/airflow/example_dags/example_latest_only.py took 0.211 seconds
[2021-12-08 18:28:34,466] {processor.py:163} INFO - Started process (PID=443) to work on /usr/local/lib/python3.8/dist-packages/airflow/example_dags/example_latest_only.py
[2021-12-08 18:28:34,498] {processor.py:625} INFO - Processing file /usr/local/lib/python3.8/dist-packages/airflow/example_dags/example_latest_only.py for tasks to queue
[2021-12-08 18:28:34,498] {logging_mixin.py:109} INFO - [2021-12-08 18:28:34,498] {dagbag.py:500} INFO - Filling up the DagBag from /usr/local/lib/python3.8/dist-packages/airflow/example_dags/example_latest_only.py
[2021-12-08 18:28:34,516] {processor.py:637} INFO - DAG(s) dict_keys(['latest_only']) retrieved from /usr/local/lib/python3.8/dist-packages/airflow/example_dags/example_latest_only.py
[2021-12-08 18:28:34,519] {logging_mixin.py:109} WARNING - /usr/local/lib/python3.8/dist-packages/airflow/models/serialized_dag.py:120 SAWarning: TypeDecorator UtcDateTime(timezone=True) will not produce a cache key because the ``cache_ok`` flag is not set to True.  Set this flag to True if this type object's state is safe to use in a cache key, or False to disable this warning.
[2021-12-08 18:28:34,525] {logging_mixin.py:109} INFO - [2021-12-08 18:28:34,525] {dag.py:2396} INFO - Sync 1 DAGs
[2021-12-08 18:28:34,534] {logging_mixin.py:109} WARNING - /usr/local/lib/python3.8/dist-packages/airflow/models/dag.py:2433 SAWarning: TypeDecorator UtcDateTime(timezone=True) will not produce a cache key because the ``cache_ok`` flag is not set to True.  Set this flag to True if this type object's state is safe to use in a cache key, or False to disable this warning.
[2021-12-08 18:28:34,540] {logging_mixin.py:109} INFO - [2021-12-08 18:28:34,539] {dag.py:2928} INFO - Setting next_dagrun for latest_only to 2021-12-08T08:58:34.539709+00:00
[2021-12-08 18:28:34,721] {processor.py:171} INFO - Processing /usr/local/lib/python3.8/dist-packages/airflow/example_dags/example_latest_only.py took 0.257 seconds
[2021-12-08 18:29:31,246] {processor.py:163} INFO - Started process (PID=484) to work on /usr/local/lib/python3.8/dist-packages/airflow/example_dags/example_latest_only.py
[2021-12-08 18:29:31,258] {processor.py:625} INFO - Processing file /usr/local/lib/python3.8/dist-packages/airflow/example_dags/example_latest_only.py for tasks to queue
[2021-12-08 18:29:31,258] {logging_mixin.py:109} INFO - [2021-12-08 18:29:31,258] {dagbag.py:500} INFO - Filling up the DagBag from /usr/local/lib/python3.8/dist-packages/airflow/example_dags/example_latest_only.py
[2021-12-08 18:29:31,273] {processor.py:637} INFO - DAG(s) dict_keys(['latest_only']) retrieved from /usr/local/lib/python3.8/dist-packages/airflow/example_dags/example_latest_only.py
[2021-12-08 18:29:31,277] {logging_mixin.py:109} WARNING - /usr/local/lib/python3.8/dist-packages/airflow/models/serialized_dag.py:120 SAWarning: TypeDecorator UtcDateTime(timezone=True) will not produce a cache key because the ``cache_ok`` flag is not set to True.  Set this flag to True if this type object's state is safe to use in a cache key, or False to disable this warning.
[2021-12-08 18:29:31,283] {logging_mixin.py:109} INFO - [2021-12-08 18:29:31,283] {dag.py:2396} INFO - Sync 1 DAGs
[2021-12-08 18:29:31,291] {logging_mixin.py:109} WARNING - /usr/local/lib/python3.8/dist-packages/airflow/models/dag.py:2433 SAWarning: TypeDecorator UtcDateTime(timezone=True) will not produce a cache key because the ``cache_ok`` flag is not set to True.  Set this flag to True if this type object's state is safe to use in a cache key, or False to disable this warning.
[2021-12-08 18:29:31,297] {logging_mixin.py:109} INFO - [2021-12-08 18:29:31,297] {dag.py:2928} INFO - Setting next_dagrun for latest_only to 2021-12-08T08:59:31.297381+00:00
[2021-12-08 18:29:31,478] {processor.py:171} INFO - Processing /usr/local/lib/python3.8/dist-packages/airflow/example_dags/example_latest_only.py took 0.234 seconds
[2021-12-08 18:30:27,186] {processor.py:163} INFO - Started process (PID=526) to work on /usr/local/lib/python3.8/dist-packages/airflow/example_dags/example_latest_only.py
[2021-12-08 18:30:27,270] {processor.py:625} INFO - Processing file /usr/local/lib/python3.8/dist-packages/airflow/example_dags/example_latest_only.py for tasks to queue
[2021-12-08 18:30:27,272] {logging_mixin.py:109} INFO - [2021-12-08 18:30:27,271] {dagbag.py:500} INFO - Filling up the DagBag from /usr/local/lib/python3.8/dist-packages/airflow/example_dags/example_latest_only.py
[2021-12-08 18:30:27,316] {processor.py:637} INFO - DAG(s) dict_keys(['latest_only']) retrieved from /usr/local/lib/python3.8/dist-packages/airflow/example_dags/example_latest_only.py
[2021-12-08 18:30:27,320] {logging_mixin.py:109} WARNING - /usr/local/lib/python3.8/dist-packages/airflow/models/serialized_dag.py:120 SAWarning: TypeDecorator UtcDateTime(timezone=True) will not produce a cache key because the ``cache_ok`` flag is not set to True.  Set this flag to True if this type object's state is safe to use in a cache key, or False to disable this warning.
[2021-12-08 18:30:27,327] {logging_mixin.py:109} INFO - [2021-12-08 18:30:27,327] {dag.py:2396} INFO - Sync 1 DAGs
[2021-12-08 18:30:27,335] {logging_mixin.py:109} WARNING - /usr/local/lib/python3.8/dist-packages/airflow/models/dag.py:2433 SAWarning: TypeDecorator UtcDateTime(timezone=True) will not produce a cache key because the ``cache_ok`` flag is not set to True.  Set this flag to True if this type object's state is safe to use in a cache key, or False to disable this warning.
[2021-12-08 18:30:27,341] {logging_mixin.py:109} INFO - [2021-12-08 18:30:27,341] {dag.py:2928} INFO - Setting next_dagrun for latest_only to 2021-12-08T09:00:27.341041+00:00
[2021-12-08 18:30:27,522] {processor.py:171} INFO - Processing /usr/local/lib/python3.8/dist-packages/airflow/example_dags/example_latest_only.py took 0.338 seconds
[2021-12-08 18:31:22,977] {processor.py:163} INFO - Started process (PID=568) to work on /usr/local/lib/python3.8/dist-packages/airflow/example_dags/example_latest_only.py
[2021-12-08 18:31:23,038] {processor.py:625} INFO - Processing file /usr/local/lib/python3.8/dist-packages/airflow/example_dags/example_latest_only.py for tasks to queue
[2021-12-08 18:31:23,039] {logging_mixin.py:109} INFO - [2021-12-08 18:31:23,039] {dagbag.py:500} INFO - Filling up the DagBag from /usr/local/lib/python3.8/dist-packages/airflow/example_dags/example_latest_only.py
[2021-12-08 18:31:23,085] {processor.py:637} INFO - DAG(s) dict_keys(['latest_only']) retrieved from /usr/local/lib/python3.8/dist-packages/airflow/example_dags/example_latest_only.py
[2021-12-08 18:31:23,089] {logging_mixin.py:109} WARNING - /usr/local/lib/python3.8/dist-packages/airflow/models/serialized_dag.py:120 SAWarning: TypeDecorator UtcDateTime(timezone=True) will not produce a cache key because the ``cache_ok`` flag is not set to True.  Set this flag to True if this type object's state is safe to use in a cache key, or False to disable this warning.
[2021-12-08 18:31:23,096] {logging_mixin.py:109} INFO - [2021-12-08 18:31:23,095] {dag.py:2396} INFO - Sync 1 DAGs
[2021-12-08 18:31:23,104] {logging_mixin.py:109} WARNING - /usr/local/lib/python3.8/dist-packages/airflow/models/dag.py:2433 SAWarning: TypeDecorator UtcDateTime(timezone=True) will not produce a cache key because the ``cache_ok`` flag is not set to True.  Set this flag to True if this type object's state is safe to use in a cache key, or False to disable this warning.
[2021-12-08 18:31:23,110] {logging_mixin.py:109} INFO - [2021-12-08 18:31:23,110] {dag.py:2928} INFO - Setting next_dagrun for latest_only to 2021-12-08T09:01:23.109924+00:00
[2021-12-08 18:31:23,271] {processor.py:171} INFO - Processing /usr/local/lib/python3.8/dist-packages/airflow/example_dags/example_latest_only.py took 0.297 seconds
[2021-12-08 18:32:20,402] {processor.py:163} INFO - Started process (PID=610) to work on /usr/local/lib/python3.8/dist-packages/airflow/example_dags/example_latest_only.py
[2021-12-08 18:32:20,427] {processor.py:625} INFO - Processing file /usr/local/lib/python3.8/dist-packages/airflow/example_dags/example_latest_only.py for tasks to queue
[2021-12-08 18:32:20,428] {logging_mixin.py:109} INFO - [2021-12-08 18:32:20,428] {dagbag.py:500} INFO - Filling up the DagBag from /usr/local/lib/python3.8/dist-packages/airflow/example_dags/example_latest_only.py
[2021-12-08 18:32:20,449] {processor.py:637} INFO - DAG(s) dict_keys(['latest_only']) retrieved from /usr/local/lib/python3.8/dist-packages/airflow/example_dags/example_latest_only.py
[2021-12-08 18:32:20,453] {logging_mixin.py:109} WARNING - /usr/local/lib/python3.8/dist-packages/airflow/models/serialized_dag.py:120 SAWarning: TypeDecorator UtcDateTime(timezone=True) will not produce a cache key because the ``cache_ok`` flag is not set to True.  Set this flag to True if this type object's state is safe to use in a cache key, or False to disable this warning.
[2021-12-08 18:32:20,459] {logging_mixin.py:109} INFO - [2021-12-08 18:32:20,459] {dag.py:2396} INFO - Sync 1 DAGs
[2021-12-08 18:32:20,467] {logging_mixin.py:109} WARNING - /usr/local/lib/python3.8/dist-packages/airflow/models/dag.py:2433 SAWarning: TypeDecorator UtcDateTime(timezone=True) will not produce a cache key because the ``cache_ok`` flag is not set to True.  Set this flag to True if this type object's state is safe to use in a cache key, or False to disable this warning.
[2021-12-08 18:32:20,473] {logging_mixin.py:109} INFO - [2021-12-08 18:32:20,473] {dag.py:2928} INFO - Setting next_dagrun for latest_only to 2021-12-08T09:02:20.472804+00:00
[2021-12-08 18:32:20,645] {processor.py:171} INFO - Processing /usr/local/lib/python3.8/dist-packages/airflow/example_dags/example_latest_only.py took 0.246 seconds
[2021-12-08 18:33:18,118] {processor.py:163} INFO - Started process (PID=653) to work on /usr/local/lib/python3.8/dist-packages/airflow/example_dags/example_latest_only.py
[2021-12-08 18:33:18,140] {processor.py:625} INFO - Processing file /usr/local/lib/python3.8/dist-packages/airflow/example_dags/example_latest_only.py for tasks to queue
[2021-12-08 18:33:18,141] {logging_mixin.py:109} INFO - [2021-12-08 18:33:18,141] {dagbag.py:500} INFO - Filling up the DagBag from /usr/local/lib/python3.8/dist-packages/airflow/example_dags/example_latest_only.py
[2021-12-08 18:33:18,159] {processor.py:637} INFO - DAG(s) dict_keys(['latest_only']) retrieved from /usr/local/lib/python3.8/dist-packages/airflow/example_dags/example_latest_only.py
[2021-12-08 18:33:18,162] {logging_mixin.py:109} WARNING - /usr/local/lib/python3.8/dist-packages/airflow/models/serialized_dag.py:120 SAWarning: TypeDecorator UtcDateTime(timezone=True) will not produce a cache key because the ``cache_ok`` flag is not set to True.  Set this flag to True if this type object's state is safe to use in a cache key, or False to disable this warning.
[2021-12-08 18:33:18,168] {logging_mixin.py:109} INFO - [2021-12-08 18:33:18,168] {dag.py:2396} INFO - Sync 1 DAGs
[2021-12-08 18:33:18,176] {logging_mixin.py:109} WARNING - /usr/local/lib/python3.8/dist-packages/airflow/models/dag.py:2433 SAWarning: TypeDecorator UtcDateTime(timezone=True) will not produce a cache key because the ``cache_ok`` flag is not set to True.  Set this flag to True if this type object's state is safe to use in a cache key, or False to disable this warning.
[2021-12-08 18:33:18,182] {logging_mixin.py:109} INFO - [2021-12-08 18:33:18,182] {dag.py:2928} INFO - Setting next_dagrun for latest_only to 2021-12-08T09:03:18.181812+00:00
[2021-12-08 18:33:18,347] {processor.py:171} INFO - Processing /usr/local/lib/python3.8/dist-packages/airflow/example_dags/example_latest_only.py took 0.232 seconds
[2021-12-08 18:34:08,013] {processor.py:163} INFO - Started process (PID=691) to work on /usr/local/lib/python3.8/dist-packages/airflow/example_dags/example_latest_only.py
[2021-12-08 18:34:08,029] {processor.py:625} INFO - Processing file /usr/local/lib/python3.8/dist-packages/airflow/example_dags/example_latest_only.py for tasks to queue
[2021-12-08 18:34:08,030] {logging_mixin.py:109} INFO - [2021-12-08 18:34:08,030] {dagbag.py:500} INFO - Filling up the DagBag from /usr/local/lib/python3.8/dist-packages/airflow/example_dags/example_latest_only.py
[2021-12-08 18:34:08,050] {processor.py:637} INFO - DAG(s) dict_keys(['latest_only']) retrieved from /usr/local/lib/python3.8/dist-packages/airflow/example_dags/example_latest_only.py
[2021-12-08 18:34:08,054] {logging_mixin.py:109} WARNING - /usr/local/lib/python3.8/dist-packages/airflow/models/serialized_dag.py:120 SAWarning: TypeDecorator UtcDateTime(timezone=True) will not produce a cache key because the ``cache_ok`` flag is not set to True.  Set this flag to True if this type object's state is safe to use in a cache key, or False to disable this warning.
[2021-12-08 18:34:08,061] {logging_mixin.py:109} INFO - [2021-12-08 18:34:08,061] {dag.py:2396} INFO - Sync 1 DAGs
[2021-12-08 18:34:08,071] {logging_mixin.py:109} WARNING - /usr/local/lib/python3.8/dist-packages/airflow/models/dag.py:2433 SAWarning: TypeDecorator UtcDateTime(timezone=True) will not produce a cache key because the ``cache_ok`` flag is not set to True.  Set this flag to True if this type object's state is safe to use in a cache key, or False to disable this warning.
[2021-12-08 18:34:08,077] {logging_mixin.py:109} INFO - [2021-12-08 18:34:08,077] {dag.py:2928} INFO - Setting next_dagrun for latest_only to 2021-12-08T09:04:08.077244+00:00
[2021-12-08 18:34:08,301] {processor.py:171} INFO - Processing /usr/local/lib/python3.8/dist-packages/airflow/example_dags/example_latest_only.py took 0.295 seconds
[2021-12-08 18:35:06,503] {processor.py:163} INFO - Started process (PID=734) to work on /usr/local/lib/python3.8/dist-packages/airflow/example_dags/example_latest_only.py
[2021-12-08 18:35:06,504] {processor.py:625} INFO - Processing file /usr/local/lib/python3.8/dist-packages/airflow/example_dags/example_latest_only.py for tasks to queue
[2021-12-08 18:35:06,505] {logging_mixin.py:109} INFO - [2021-12-08 18:35:06,505] {dagbag.py:500} INFO - Filling up the DagBag from /usr/local/lib/python3.8/dist-packages/airflow/example_dags/example_latest_only.py
[2021-12-08 18:35:06,525] {processor.py:637} INFO - DAG(s) dict_keys(['latest_only']) retrieved from /usr/local/lib/python3.8/dist-packages/airflow/example_dags/example_latest_only.py
[2021-12-08 18:35:06,529] {logging_mixin.py:109} WARNING - /usr/local/lib/python3.8/dist-packages/airflow/models/serialized_dag.py:120 SAWarning: TypeDecorator UtcDateTime(timezone=True) will not produce a cache key because the ``cache_ok`` flag is not set to True.  Set this flag to True if this type object's state is safe to use in a cache key, or False to disable this warning.
[2021-12-08 18:35:06,535] {logging_mixin.py:109} INFO - [2021-12-08 18:35:06,535] {dag.py:2396} INFO - Sync 1 DAGs
[2021-12-08 18:35:06,544] {logging_mixin.py:109} WARNING - /usr/local/lib/python3.8/dist-packages/airflow/models/dag.py:2433 SAWarning: TypeDecorator UtcDateTime(timezone=True) will not produce a cache key because the ``cache_ok`` flag is not set to True.  Set this flag to True if this type object's state is safe to use in a cache key, or False to disable this warning.
[2021-12-08 18:35:06,551] {logging_mixin.py:109} INFO - [2021-12-08 18:35:06,551] {dag.py:2928} INFO - Setting next_dagrun for latest_only to 2021-12-08T09:05:06.550673+00:00
[2021-12-08 18:35:06,723] {processor.py:171} INFO - Processing /usr/local/lib/python3.8/dist-packages/airflow/example_dags/example_latest_only.py took 0.226 seconds
