[2021-12-08 18:22:46,735] {processor.py:163} INFO - Started process (PID=188) to work on /usr/local/lib/python3.8/dist-packages/airflow/example_dags/example_xcom.py
[2021-12-08 18:22:46,735] {processor.py:625} INFO - Processing file /usr/local/lib/python3.8/dist-packages/airflow/example_dags/example_xcom.py for tasks to queue
[2021-12-08 18:22:46,736] {logging_mixin.py:109} INFO - [2021-12-08 18:22:46,736] {dagbag.py:500} INFO - Filling up the DagBag from /usr/local/lib/python3.8/dist-packages/airflow/example_dags/example_xcom.py
[2021-12-08 18:22:46,755] {processor.py:637} INFO - DAG(s) dict_keys(['example_xcom']) retrieved from /usr/local/lib/python3.8/dist-packages/airflow/example_dags/example_xcom.py
[2021-12-08 18:22:46,758] {logging_mixin.py:109} WARNING - /usr/local/lib/python3.8/dist-packages/airflow/models/serialized_dag.py:120 SAWarning: TypeDecorator UtcDateTime(timezone=True) will not produce a cache key because the ``cache_ok`` flag is not set to True.  Set this flag to True if this type object's state is safe to use in a cache key, or False to disable this warning.
[2021-12-08 18:22:47,024] {logging_mixin.py:109} INFO - [2021-12-08 18:22:47,024] {dag.py:2396} INFO - Sync 1 DAGs
[2021-12-08 18:22:47,030] {logging_mixin.py:109} WARNING - /usr/local/lib/python3.8/dist-packages/airflow/models/dag.py:2433 SAWarning: TypeDecorator UtcDateTime(timezone=True) will not produce a cache key because the ``cache_ok`` flag is not set to True.  Set this flag to True if this type object's state is safe to use in a cache key, or False to disable this warning.
[2021-12-08 18:22:47,036] {logging_mixin.py:109} INFO - [2021-12-08 18:22:47,036] {dag.py:2928} INFO - Setting next_dagrun for example_xcom to 2021-01-01T00:00:00+00:00
[2021-12-08 18:22:47,238] {processor.py:171} INFO - Processing /usr/local/lib/python3.8/dist-packages/airflow/example_dags/example_xcom.py took 0.506 seconds
[2021-12-08 18:23:35,049] {processor.py:163} INFO - Started process (PID=223) to work on /usr/local/lib/python3.8/dist-packages/airflow/example_dags/example_xcom.py
[2021-12-08 18:23:35,078] {processor.py:625} INFO - Processing file /usr/local/lib/python3.8/dist-packages/airflow/example_dags/example_xcom.py for tasks to queue
[2021-12-08 18:23:35,078] {logging_mixin.py:109} INFO - [2021-12-08 18:23:35,078] {dagbag.py:500} INFO - Filling up the DagBag from /usr/local/lib/python3.8/dist-packages/airflow/example_dags/example_xcom.py
[2021-12-08 18:23:35,099] {processor.py:637} INFO - DAG(s) dict_keys(['example_xcom']) retrieved from /usr/local/lib/python3.8/dist-packages/airflow/example_dags/example_xcom.py
[2021-12-08 18:23:35,102] {logging_mixin.py:109} WARNING - /usr/local/lib/python3.8/dist-packages/airflow/models/serialized_dag.py:120 SAWarning: TypeDecorator UtcDateTime(timezone=True) will not produce a cache key because the ``cache_ok`` flag is not set to True.  Set this flag to True if this type object's state is safe to use in a cache key, or False to disable this warning.
[2021-12-08 18:23:35,318] {logging_mixin.py:109} INFO - [2021-12-08 18:23:35,317] {dag.py:2396} INFO - Sync 1 DAGs
[2021-12-08 18:23:35,324] {logging_mixin.py:109} WARNING - /usr/local/lib/python3.8/dist-packages/airflow/models/dag.py:2433 SAWarning: TypeDecorator UtcDateTime(timezone=True) will not produce a cache key because the ``cache_ok`` flag is not set to True.  Set this flag to True if this type object's state is safe to use in a cache key, or False to disable this warning.
[2021-12-08 18:23:35,330] {logging_mixin.py:109} INFO - [2021-12-08 18:23:35,330] {dag.py:2928} INFO - Setting next_dagrun for example_xcom to 2021-01-01T00:00:00+00:00
[2021-12-08 18:23:35,497] {processor.py:171} INFO - Processing /usr/local/lib/python3.8/dist-packages/airflow/example_dags/example_xcom.py took 0.450 seconds
[2021-12-08 18:24:12,361] {processor.py:163} INFO - Started process (PID=251) to work on /usr/local/lib/python3.8/dist-packages/airflow/example_dags/example_xcom.py
[2021-12-08 18:24:12,378] {processor.py:625} INFO - Processing file /usr/local/lib/python3.8/dist-packages/airflow/example_dags/example_xcom.py for tasks to queue
[2021-12-08 18:24:12,379] {logging_mixin.py:109} INFO - [2021-12-08 18:24:12,379] {dagbag.py:500} INFO - Filling up the DagBag from /usr/local/lib/python3.8/dist-packages/airflow/example_dags/example_xcom.py
[2021-12-08 18:24:12,399] {processor.py:637} INFO - DAG(s) dict_keys(['example_xcom']) retrieved from /usr/local/lib/python3.8/dist-packages/airflow/example_dags/example_xcom.py
[2021-12-08 18:24:12,402] {logging_mixin.py:109} WARNING - /usr/local/lib/python3.8/dist-packages/airflow/models/serialized_dag.py:120 SAWarning: TypeDecorator UtcDateTime(timezone=True) will not produce a cache key because the ``cache_ok`` flag is not set to True.  Set this flag to True if this type object's state is safe to use in a cache key, or False to disable this warning.
[2021-12-08 18:24:12,616] {logging_mixin.py:109} INFO - [2021-12-08 18:24:12,615] {dag.py:2396} INFO - Sync 1 DAGs
[2021-12-08 18:24:12,622] {logging_mixin.py:109} WARNING - /usr/local/lib/python3.8/dist-packages/airflow/models/dag.py:2433 SAWarning: TypeDecorator UtcDateTime(timezone=True) will not produce a cache key because the ``cache_ok`` flag is not set to True.  Set this flag to True if this type object's state is safe to use in a cache key, or False to disable this warning.
[2021-12-08 18:24:12,628] {logging_mixin.py:109} INFO - [2021-12-08 18:24:12,628] {dag.py:2928} INFO - Setting next_dagrun for example_xcom to 2021-01-01T00:00:00+00:00
[2021-12-08 18:24:12,787] {processor.py:171} INFO - Processing /usr/local/lib/python3.8/dist-packages/airflow/example_dags/example_xcom.py took 0.428 seconds
[2021-12-08 18:24:51,119] {processor.py:163} INFO - Started process (PID=279) to work on /usr/local/lib/python3.8/dist-packages/airflow/example_dags/example_xcom.py
[2021-12-08 18:24:51,124] {processor.py:625} INFO - Processing file /usr/local/lib/python3.8/dist-packages/airflow/example_dags/example_xcom.py for tasks to queue
[2021-12-08 18:24:51,124] {logging_mixin.py:109} INFO - [2021-12-08 18:24:51,124] {dagbag.py:500} INFO - Filling up the DagBag from /usr/local/lib/python3.8/dist-packages/airflow/example_dags/example_xcom.py
[2021-12-08 18:24:51,143] {processor.py:637} INFO - DAG(s) dict_keys(['example_xcom']) retrieved from /usr/local/lib/python3.8/dist-packages/airflow/example_dags/example_xcom.py
[2021-12-08 18:24:51,146] {logging_mixin.py:109} WARNING - /usr/local/lib/python3.8/dist-packages/airflow/models/serialized_dag.py:120 SAWarning: TypeDecorator UtcDateTime(timezone=True) will not produce a cache key because the ``cache_ok`` flag is not set to True.  Set this flag to True if this type object's state is safe to use in a cache key, or False to disable this warning.
[2021-12-08 18:24:51,359] {logging_mixin.py:109} INFO - [2021-12-08 18:24:51,359] {dag.py:2396} INFO - Sync 1 DAGs
[2021-12-08 18:24:51,366] {logging_mixin.py:109} WARNING - /usr/local/lib/python3.8/dist-packages/airflow/models/dag.py:2433 SAWarning: TypeDecorator UtcDateTime(timezone=True) will not produce a cache key because the ``cache_ok`` flag is not set to True.  Set this flag to True if this type object's state is safe to use in a cache key, or False to disable this warning.
[2021-12-08 18:24:51,371] {logging_mixin.py:109} INFO - [2021-12-08 18:24:51,371] {dag.py:2928} INFO - Setting next_dagrun for example_xcom to 2021-01-01T00:00:00+00:00
[2021-12-08 18:24:51,562] {processor.py:171} INFO - Processing /usr/local/lib/python3.8/dist-packages/airflow/example_dags/example_xcom.py took 0.445 seconds
[2021-12-08 18:25:29,838] {processor.py:163} INFO - Started process (PID=308) to work on /usr/local/lib/python3.8/dist-packages/airflow/example_dags/example_xcom.py
[2021-12-08 18:25:29,840] {processor.py:625} INFO - Processing file /usr/local/lib/python3.8/dist-packages/airflow/example_dags/example_xcom.py for tasks to queue
[2021-12-08 18:25:29,841] {logging_mixin.py:109} INFO - [2021-12-08 18:25:29,840] {dagbag.py:500} INFO - Filling up the DagBag from /usr/local/lib/python3.8/dist-packages/airflow/example_dags/example_xcom.py
[2021-12-08 18:25:29,868] {processor.py:637} INFO - DAG(s) dict_keys(['example_xcom']) retrieved from /usr/local/lib/python3.8/dist-packages/airflow/example_dags/example_xcom.py
[2021-12-08 18:25:29,871] {logging_mixin.py:109} WARNING - /usr/local/lib/python3.8/dist-packages/airflow/models/serialized_dag.py:120 SAWarning: TypeDecorator UtcDateTime(timezone=True) will not produce a cache key because the ``cache_ok`` flag is not set to True.  Set this flag to True if this type object's state is safe to use in a cache key, or False to disable this warning.
[2021-12-08 18:25:30,085] {logging_mixin.py:109} INFO - [2021-12-08 18:25:30,085] {dag.py:2396} INFO - Sync 1 DAGs
[2021-12-08 18:25:30,091] {logging_mixin.py:109} WARNING - /usr/local/lib/python3.8/dist-packages/airflow/models/dag.py:2433 SAWarning: TypeDecorator UtcDateTime(timezone=True) will not produce a cache key because the ``cache_ok`` flag is not set to True.  Set this flag to True if this type object's state is safe to use in a cache key, or False to disable this warning.
[2021-12-08 18:25:30,096] {logging_mixin.py:109} INFO - [2021-12-08 18:25:30,096] {dag.py:2928} INFO - Setting next_dagrun for example_xcom to 2021-01-01T00:00:00+00:00
[2021-12-08 18:25:30,306] {processor.py:171} INFO - Processing /usr/local/lib/python3.8/dist-packages/airflow/example_dags/example_xcom.py took 0.478 seconds
[2021-12-08 18:26:09,065] {processor.py:163} INFO - Started process (PID=336) to work on /usr/local/lib/python3.8/dist-packages/airflow/example_dags/example_xcom.py
[2021-12-08 18:26:09,082] {processor.py:625} INFO - Processing file /usr/local/lib/python3.8/dist-packages/airflow/example_dags/example_xcom.py for tasks to queue
[2021-12-08 18:26:09,083] {logging_mixin.py:109} INFO - [2021-12-08 18:26:09,082] {dagbag.py:500} INFO - Filling up the DagBag from /usr/local/lib/python3.8/dist-packages/airflow/example_dags/example_xcom.py
[2021-12-08 18:26:09,102] {processor.py:637} INFO - DAG(s) dict_keys(['example_xcom']) retrieved from /usr/local/lib/python3.8/dist-packages/airflow/example_dags/example_xcom.py
[2021-12-08 18:26:09,106] {logging_mixin.py:109} WARNING - /usr/local/lib/python3.8/dist-packages/airflow/models/serialized_dag.py:120 SAWarning: TypeDecorator UtcDateTime(timezone=True) will not produce a cache key because the ``cache_ok`` flag is not set to True.  Set this flag to True if this type object's state is safe to use in a cache key, or False to disable this warning.
[2021-12-08 18:26:09,329] {logging_mixin.py:109} INFO - [2021-12-08 18:26:09,329] {dag.py:2396} INFO - Sync 1 DAGs
[2021-12-08 18:26:09,336] {logging_mixin.py:109} WARNING - /usr/local/lib/python3.8/dist-packages/airflow/models/dag.py:2433 SAWarning: TypeDecorator UtcDateTime(timezone=True) will not produce a cache key because the ``cache_ok`` flag is not set to True.  Set this flag to True if this type object's state is safe to use in a cache key, or False to disable this warning.
[2021-12-08 18:26:09,342] {logging_mixin.py:109} INFO - [2021-12-08 18:26:09,342] {dag.py:2928} INFO - Setting next_dagrun for example_xcom to 2021-01-01T00:00:00+00:00
[2021-12-08 18:26:09,580] {processor.py:171} INFO - Processing /usr/local/lib/python3.8/dist-packages/airflow/example_dags/example_xcom.py took 0.518 seconds
[2021-12-08 18:26:48,337] {processor.py:163} INFO - Started process (PID=366) to work on /usr/local/lib/python3.8/dist-packages/airflow/example_dags/example_xcom.py
[2021-12-08 18:26:48,372] {processor.py:625} INFO - Processing file /usr/local/lib/python3.8/dist-packages/airflow/example_dags/example_xcom.py for tasks to queue
[2021-12-08 18:26:48,373] {logging_mixin.py:109} INFO - [2021-12-08 18:26:48,373] {dagbag.py:500} INFO - Filling up the DagBag from /usr/local/lib/python3.8/dist-packages/airflow/example_dags/example_xcom.py
[2021-12-08 18:26:48,397] {processor.py:637} INFO - DAG(s) dict_keys(['example_xcom']) retrieved from /usr/local/lib/python3.8/dist-packages/airflow/example_dags/example_xcom.py
[2021-12-08 18:26:48,402] {logging_mixin.py:109} WARNING - /usr/local/lib/python3.8/dist-packages/airflow/models/serialized_dag.py:120 SAWarning: TypeDecorator UtcDateTime(timezone=True) will not produce a cache key because the ``cache_ok`` flag is not set to True.  Set this flag to True if this type object's state is safe to use in a cache key, or False to disable this warning.
[2021-12-08 18:26:48,689] {logging_mixin.py:109} INFO - [2021-12-08 18:26:48,689] {dag.py:2396} INFO - Sync 1 DAGs
[2021-12-08 18:26:48,696] {logging_mixin.py:109} WARNING - /usr/local/lib/python3.8/dist-packages/airflow/models/dag.py:2433 SAWarning: TypeDecorator UtcDateTime(timezone=True) will not produce a cache key because the ``cache_ok`` flag is not set to True.  Set this flag to True if this type object's state is safe to use in a cache key, or False to disable this warning.
[2021-12-08 18:26:48,705] {logging_mixin.py:109} INFO - [2021-12-08 18:26:48,705] {dag.py:2928} INFO - Setting next_dagrun for example_xcom to 2021-01-01T00:00:00+00:00
[2021-12-08 18:26:48,917] {processor.py:171} INFO - Processing /usr/local/lib/python3.8/dist-packages/airflow/example_dags/example_xcom.py took 0.584 seconds
[2021-12-08 18:27:25,961] {processor.py:163} INFO - Started process (PID=393) to work on /usr/local/lib/python3.8/dist-packages/airflow/example_dags/example_xcom.py
[2021-12-08 18:27:26,083] {processor.py:625} INFO - Processing file /usr/local/lib/python3.8/dist-packages/airflow/example_dags/example_xcom.py for tasks to queue
[2021-12-08 18:27:26,084] {logging_mixin.py:109} INFO - [2021-12-08 18:27:26,084] {dagbag.py:500} INFO - Filling up the DagBag from /usr/local/lib/python3.8/dist-packages/airflow/example_dags/example_xcom.py
[2021-12-08 18:27:26,109] {processor.py:637} INFO - DAG(s) dict_keys(['example_xcom']) retrieved from /usr/local/lib/python3.8/dist-packages/airflow/example_dags/example_xcom.py
[2021-12-08 18:27:26,113] {logging_mixin.py:109} WARNING - /usr/local/lib/python3.8/dist-packages/airflow/models/serialized_dag.py:120 SAWarning: TypeDecorator UtcDateTime(timezone=True) will not produce a cache key because the ``cache_ok`` flag is not set to True.  Set this flag to True if this type object's state is safe to use in a cache key, or False to disable this warning.
[2021-12-08 18:27:26,394] {logging_mixin.py:109} INFO - [2021-12-08 18:27:26,393] {dag.py:2396} INFO - Sync 1 DAGs
[2021-12-08 18:27:26,402] {logging_mixin.py:109} WARNING - /usr/local/lib/python3.8/dist-packages/airflow/models/dag.py:2433 SAWarning: TypeDecorator UtcDateTime(timezone=True) will not produce a cache key because the ``cache_ok`` flag is not set to True.  Set this flag to True if this type object's state is safe to use in a cache key, or False to disable this warning.
[2021-12-08 18:27:26,408] {logging_mixin.py:109} INFO - [2021-12-08 18:27:26,408] {dag.py:2928} INFO - Setting next_dagrun for example_xcom to 2021-01-01T00:00:00+00:00
[2021-12-08 18:27:27,340] {processor.py:171} INFO - Processing /usr/local/lib/python3.8/dist-packages/airflow/example_dags/example_xcom.py took 1.383 seconds
[2021-12-08 18:28:08,670] {processor.py:163} INFO - Started process (PID=423) to work on /usr/local/lib/python3.8/dist-packages/airflow/example_dags/example_xcom.py
[2021-12-08 18:28:08,718] {processor.py:625} INFO - Processing file /usr/local/lib/python3.8/dist-packages/airflow/example_dags/example_xcom.py for tasks to queue
[2021-12-08 18:28:08,719] {logging_mixin.py:109} INFO - [2021-12-08 18:28:08,719] {dagbag.py:500} INFO - Filling up the DagBag from /usr/local/lib/python3.8/dist-packages/airflow/example_dags/example_xcom.py
[2021-12-08 18:28:08,749] {processor.py:637} INFO - DAG(s) dict_keys(['example_xcom']) retrieved from /usr/local/lib/python3.8/dist-packages/airflow/example_dags/example_xcom.py
[2021-12-08 18:28:08,752] {logging_mixin.py:109} WARNING - /usr/local/lib/python3.8/dist-packages/airflow/models/serialized_dag.py:120 SAWarning: TypeDecorator UtcDateTime(timezone=True) will not produce a cache key because the ``cache_ok`` flag is not set to True.  Set this flag to True if this type object's state is safe to use in a cache key, or False to disable this warning.
[2021-12-08 18:28:08,966] {logging_mixin.py:109} INFO - [2021-12-08 18:28:08,966] {dag.py:2396} INFO - Sync 1 DAGs
[2021-12-08 18:28:08,972] {logging_mixin.py:109} WARNING - /usr/local/lib/python3.8/dist-packages/airflow/models/dag.py:2433 SAWarning: TypeDecorator UtcDateTime(timezone=True) will not produce a cache key because the ``cache_ok`` flag is not set to True.  Set this flag to True if this type object's state is safe to use in a cache key, or False to disable this warning.
[2021-12-08 18:28:08,978] {logging_mixin.py:109} INFO - [2021-12-08 18:28:08,978] {dag.py:2928} INFO - Setting next_dagrun for example_xcom to 2021-01-01T00:00:00+00:00
[2021-12-08 18:28:09,155] {processor.py:171} INFO - Processing /usr/local/lib/python3.8/dist-packages/airflow/example_dags/example_xcom.py took 0.487 seconds
[2021-12-08 18:28:46,384] {processor.py:163} INFO - Started process (PID=452) to work on /usr/local/lib/python3.8/dist-packages/airflow/example_dags/example_xcom.py
[2021-12-08 18:28:46,398] {processor.py:625} INFO - Processing file /usr/local/lib/python3.8/dist-packages/airflow/example_dags/example_xcom.py for tasks to queue
[2021-12-08 18:28:46,399] {logging_mixin.py:109} INFO - [2021-12-08 18:28:46,399] {dagbag.py:500} INFO - Filling up the DagBag from /usr/local/lib/python3.8/dist-packages/airflow/example_dags/example_xcom.py
[2021-12-08 18:28:46,417] {processor.py:637} INFO - DAG(s) dict_keys(['example_xcom']) retrieved from /usr/local/lib/python3.8/dist-packages/airflow/example_dags/example_xcom.py
[2021-12-08 18:28:46,420] {logging_mixin.py:109} WARNING - /usr/local/lib/python3.8/dist-packages/airflow/models/serialized_dag.py:120 SAWarning: TypeDecorator UtcDateTime(timezone=True) will not produce a cache key because the ``cache_ok`` flag is not set to True.  Set this flag to True if this type object's state is safe to use in a cache key, or False to disable this warning.
[2021-12-08 18:28:46,632] {logging_mixin.py:109} INFO - [2021-12-08 18:28:46,632] {dag.py:2396} INFO - Sync 1 DAGs
[2021-12-08 18:28:46,638] {logging_mixin.py:109} WARNING - /usr/local/lib/python3.8/dist-packages/airflow/models/dag.py:2433 SAWarning: TypeDecorator UtcDateTime(timezone=True) will not produce a cache key because the ``cache_ok`` flag is not set to True.  Set this flag to True if this type object's state is safe to use in a cache key, or False to disable this warning.
[2021-12-08 18:28:46,644] {logging_mixin.py:109} INFO - [2021-12-08 18:28:46,644] {dag.py:2928} INFO - Setting next_dagrun for example_xcom to 2021-01-01T00:00:00+00:00
[2021-12-08 18:28:46,820] {processor.py:171} INFO - Processing /usr/local/lib/python3.8/dist-packages/airflow/example_dags/example_xcom.py took 0.439 seconds
[2021-12-08 18:29:22,892] {processor.py:163} INFO - Started process (PID=478) to work on /usr/local/lib/python3.8/dist-packages/airflow/example_dags/example_xcom.py
[2021-12-08 18:29:22,893] {processor.py:625} INFO - Processing file /usr/local/lib/python3.8/dist-packages/airflow/example_dags/example_xcom.py for tasks to queue
[2021-12-08 18:29:22,893] {logging_mixin.py:109} INFO - [2021-12-08 18:29:22,893] {dagbag.py:500} INFO - Filling up the DagBag from /usr/local/lib/python3.8/dist-packages/airflow/example_dags/example_xcom.py
[2021-12-08 18:29:22,912] {processor.py:637} INFO - DAG(s) dict_keys(['example_xcom']) retrieved from /usr/local/lib/python3.8/dist-packages/airflow/example_dags/example_xcom.py
[2021-12-08 18:29:22,916] {logging_mixin.py:109} WARNING - /usr/local/lib/python3.8/dist-packages/airflow/models/serialized_dag.py:120 SAWarning: TypeDecorator UtcDateTime(timezone=True) will not produce a cache key because the ``cache_ok`` flag is not set to True.  Set this flag to True if this type object's state is safe to use in a cache key, or False to disable this warning.
[2021-12-08 18:29:23,133] {logging_mixin.py:109} INFO - [2021-12-08 18:29:23,133] {dag.py:2396} INFO - Sync 1 DAGs
[2021-12-08 18:29:23,139] {logging_mixin.py:109} WARNING - /usr/local/lib/python3.8/dist-packages/airflow/models/dag.py:2433 SAWarning: TypeDecorator UtcDateTime(timezone=True) will not produce a cache key because the ``cache_ok`` flag is not set to True.  Set this flag to True if this type object's state is safe to use in a cache key, or False to disable this warning.
[2021-12-08 18:29:23,145] {logging_mixin.py:109} INFO - [2021-12-08 18:29:23,145] {dag.py:2928} INFO - Setting next_dagrun for example_xcom to 2021-01-01T00:00:00+00:00
[2021-12-08 18:29:23,390] {processor.py:171} INFO - Processing /usr/local/lib/python3.8/dist-packages/airflow/example_dags/example_xcom.py took 0.500 seconds
[2021-12-08 18:30:03,250] {processor.py:163} INFO - Started process (PID=508) to work on /usr/local/lib/python3.8/dist-packages/airflow/example_dags/example_xcom.py
[2021-12-08 18:30:03,251] {processor.py:625} INFO - Processing file /usr/local/lib/python3.8/dist-packages/airflow/example_dags/example_xcom.py for tasks to queue
[2021-12-08 18:30:03,251] {logging_mixin.py:109} INFO - [2021-12-08 18:30:03,251] {dagbag.py:500} INFO - Filling up the DagBag from /usr/local/lib/python3.8/dist-packages/airflow/example_dags/example_xcom.py
[2021-12-08 18:30:03,269] {processor.py:637} INFO - DAG(s) dict_keys(['example_xcom']) retrieved from /usr/local/lib/python3.8/dist-packages/airflow/example_dags/example_xcom.py
[2021-12-08 18:30:03,272] {logging_mixin.py:109} WARNING - /usr/local/lib/python3.8/dist-packages/airflow/models/serialized_dag.py:120 SAWarning: TypeDecorator UtcDateTime(timezone=True) will not produce a cache key because the ``cache_ok`` flag is not set to True.  Set this flag to True if this type object's state is safe to use in a cache key, or False to disable this warning.
[2021-12-08 18:30:03,486] {logging_mixin.py:109} INFO - [2021-12-08 18:30:03,486] {dag.py:2396} INFO - Sync 1 DAGs
[2021-12-08 18:30:03,493] {logging_mixin.py:109} WARNING - /usr/local/lib/python3.8/dist-packages/airflow/models/dag.py:2433 SAWarning: TypeDecorator UtcDateTime(timezone=True) will not produce a cache key because the ``cache_ok`` flag is not set to True.  Set this flag to True if this type object's state is safe to use in a cache key, or False to disable this warning.
[2021-12-08 18:30:03,498] {logging_mixin.py:109} INFO - [2021-12-08 18:30:03,498] {dag.py:2928} INFO - Setting next_dagrun for example_xcom to 2021-01-01T00:00:00+00:00
[2021-12-08 18:30:03,667] {processor.py:171} INFO - Processing /usr/local/lib/python3.8/dist-packages/airflow/example_dags/example_xcom.py took 0.420 seconds
[2021-12-08 18:30:39,816] {processor.py:163} INFO - Started process (PID=535) to work on /usr/local/lib/python3.8/dist-packages/airflow/example_dags/example_xcom.py
[2021-12-08 18:30:39,822] {processor.py:625} INFO - Processing file /usr/local/lib/python3.8/dist-packages/airflow/example_dags/example_xcom.py for tasks to queue
[2021-12-08 18:30:39,823] {logging_mixin.py:109} INFO - [2021-12-08 18:30:39,823] {dagbag.py:500} INFO - Filling up the DagBag from /usr/local/lib/python3.8/dist-packages/airflow/example_dags/example_xcom.py
[2021-12-08 18:30:39,841] {processor.py:637} INFO - DAG(s) dict_keys(['example_xcom']) retrieved from /usr/local/lib/python3.8/dist-packages/airflow/example_dags/example_xcom.py
[2021-12-08 18:30:39,845] {logging_mixin.py:109} WARNING - /usr/local/lib/python3.8/dist-packages/airflow/models/serialized_dag.py:120 SAWarning: TypeDecorator UtcDateTime(timezone=True) will not produce a cache key because the ``cache_ok`` flag is not set to True.  Set this flag to True if this type object's state is safe to use in a cache key, or False to disable this warning.
[2021-12-08 18:30:40,057] {logging_mixin.py:109} INFO - [2021-12-08 18:30:40,057] {dag.py:2396} INFO - Sync 1 DAGs
[2021-12-08 18:30:40,065] {logging_mixin.py:109} WARNING - /usr/local/lib/python3.8/dist-packages/airflow/models/dag.py:2433 SAWarning: TypeDecorator UtcDateTime(timezone=True) will not produce a cache key because the ``cache_ok`` flag is not set to True.  Set this flag to True if this type object's state is safe to use in a cache key, or False to disable this warning.
[2021-12-08 18:30:40,071] {logging_mixin.py:109} INFO - [2021-12-08 18:30:40,070] {dag.py:2928} INFO - Setting next_dagrun for example_xcom to 2021-01-01T00:00:00+00:00
[2021-12-08 18:30:40,253] {processor.py:171} INFO - Processing /usr/local/lib/python3.8/dist-packages/airflow/example_dags/example_xcom.py took 0.439 seconds
[2021-12-08 18:31:17,183] {processor.py:163} INFO - Started process (PID=564) to work on /usr/local/lib/python3.8/dist-packages/airflow/example_dags/example_xcom.py
[2021-12-08 18:31:17,225] {processor.py:625} INFO - Processing file /usr/local/lib/python3.8/dist-packages/airflow/example_dags/example_xcom.py for tasks to queue
[2021-12-08 18:31:17,226] {logging_mixin.py:109} INFO - [2021-12-08 18:31:17,226] {dagbag.py:500} INFO - Filling up the DagBag from /usr/local/lib/python3.8/dist-packages/airflow/example_dags/example_xcom.py
[2021-12-08 18:31:17,256] {processor.py:637} INFO - DAG(s) dict_keys(['example_xcom']) retrieved from /usr/local/lib/python3.8/dist-packages/airflow/example_dags/example_xcom.py
[2021-12-08 18:31:17,259] {logging_mixin.py:109} WARNING - /usr/local/lib/python3.8/dist-packages/airflow/models/serialized_dag.py:120 SAWarning: TypeDecorator UtcDateTime(timezone=True) will not produce a cache key because the ``cache_ok`` flag is not set to True.  Set this flag to True if this type object's state is safe to use in a cache key, or False to disable this warning.
[2021-12-08 18:31:17,471] {logging_mixin.py:109} INFO - [2021-12-08 18:31:17,471] {dag.py:2396} INFO - Sync 1 DAGs
[2021-12-08 18:31:17,477] {logging_mixin.py:109} WARNING - /usr/local/lib/python3.8/dist-packages/airflow/models/dag.py:2433 SAWarning: TypeDecorator UtcDateTime(timezone=True) will not produce a cache key because the ``cache_ok`` flag is not set to True.  Set this flag to True if this type object's state is safe to use in a cache key, or False to disable this warning.
[2021-12-08 18:31:17,482] {logging_mixin.py:109} INFO - [2021-12-08 18:31:17,482] {dag.py:2928} INFO - Setting next_dagrun for example_xcom to 2021-01-01T00:00:00+00:00
[2021-12-08 18:31:17,640] {processor.py:171} INFO - Processing /usr/local/lib/python3.8/dist-packages/airflow/example_dags/example_xcom.py took 0.460 seconds
[2021-12-08 18:31:53,678] {processor.py:163} INFO - Started process (PID=590) to work on /usr/local/lib/python3.8/dist-packages/airflow/example_dags/example_xcom.py
[2021-12-08 18:31:53,688] {processor.py:625} INFO - Processing file /usr/local/lib/python3.8/dist-packages/airflow/example_dags/example_xcom.py for tasks to queue
[2021-12-08 18:31:53,689] {logging_mixin.py:109} INFO - [2021-12-08 18:31:53,689] {dagbag.py:500} INFO - Filling up the DagBag from /usr/local/lib/python3.8/dist-packages/airflow/example_dags/example_xcom.py
[2021-12-08 18:31:53,710] {processor.py:637} INFO - DAG(s) dict_keys(['example_xcom']) retrieved from /usr/local/lib/python3.8/dist-packages/airflow/example_dags/example_xcom.py
[2021-12-08 18:31:53,713] {logging_mixin.py:109} WARNING - /usr/local/lib/python3.8/dist-packages/airflow/models/serialized_dag.py:120 SAWarning: TypeDecorator UtcDateTime(timezone=True) will not produce a cache key because the ``cache_ok`` flag is not set to True.  Set this flag to True if this type object's state is safe to use in a cache key, or False to disable this warning.
[2021-12-08 18:31:53,932] {logging_mixin.py:109} INFO - [2021-12-08 18:31:53,932] {dag.py:2396} INFO - Sync 1 DAGs
[2021-12-08 18:31:53,939] {logging_mixin.py:109} WARNING - /usr/local/lib/python3.8/dist-packages/airflow/models/dag.py:2433 SAWarning: TypeDecorator UtcDateTime(timezone=True) will not produce a cache key because the ``cache_ok`` flag is not set to True.  Set this flag to True if this type object's state is safe to use in a cache key, or False to disable this warning.
[2021-12-08 18:31:53,945] {logging_mixin.py:109} INFO - [2021-12-08 18:31:53,944] {dag.py:2928} INFO - Setting next_dagrun for example_xcom to 2021-01-01T00:00:00+00:00
[2021-12-08 18:31:54,143] {processor.py:171} INFO - Processing /usr/local/lib/python3.8/dist-packages/airflow/example_dags/example_xcom.py took 0.469 seconds
[2021-12-08 18:32:32,436] {processor.py:163} INFO - Started process (PID=619) to work on /usr/local/lib/python3.8/dist-packages/airflow/example_dags/example_xcom.py
[2021-12-08 18:32:32,439] {processor.py:625} INFO - Processing file /usr/local/lib/python3.8/dist-packages/airflow/example_dags/example_xcom.py for tasks to queue
[2021-12-08 18:32:32,440] {logging_mixin.py:109} INFO - [2021-12-08 18:32:32,440] {dagbag.py:500} INFO - Filling up the DagBag from /usr/local/lib/python3.8/dist-packages/airflow/example_dags/example_xcom.py
[2021-12-08 18:32:32,470] {processor.py:637} INFO - DAG(s) dict_keys(['example_xcom']) retrieved from /usr/local/lib/python3.8/dist-packages/airflow/example_dags/example_xcom.py
[2021-12-08 18:32:32,474] {logging_mixin.py:109} WARNING - /usr/local/lib/python3.8/dist-packages/airflow/models/serialized_dag.py:120 SAWarning: TypeDecorator UtcDateTime(timezone=True) will not produce a cache key because the ``cache_ok`` flag is not set to True.  Set this flag to True if this type object's state is safe to use in a cache key, or False to disable this warning.
[2021-12-08 18:32:32,693] {logging_mixin.py:109} INFO - [2021-12-08 18:32:32,693] {dag.py:2396} INFO - Sync 1 DAGs
[2021-12-08 18:32:32,699] {logging_mixin.py:109} WARNING - /usr/local/lib/python3.8/dist-packages/airflow/models/dag.py:2433 SAWarning: TypeDecorator UtcDateTime(timezone=True) will not produce a cache key because the ``cache_ok`` flag is not set to True.  Set this flag to True if this type object's state is safe to use in a cache key, or False to disable this warning.
[2021-12-08 18:32:32,705] {logging_mixin.py:109} INFO - [2021-12-08 18:32:32,705] {dag.py:2928} INFO - Setting next_dagrun for example_xcom to 2021-01-01T00:00:00+00:00
[2021-12-08 18:32:32,885] {processor.py:171} INFO - Processing /usr/local/lib/python3.8/dist-packages/airflow/example_dags/example_xcom.py took 0.455 seconds
[2021-12-08 18:33:11,004] {processor.py:163} INFO - Started process (PID=648) to work on /usr/local/lib/python3.8/dist-packages/airflow/example_dags/example_xcom.py
[2021-12-08 18:33:11,040] {processor.py:625} INFO - Processing file /usr/local/lib/python3.8/dist-packages/airflow/example_dags/example_xcom.py for tasks to queue
[2021-12-08 18:33:11,041] {logging_mixin.py:109} INFO - [2021-12-08 18:33:11,041] {dagbag.py:500} INFO - Filling up the DagBag from /usr/local/lib/python3.8/dist-packages/airflow/example_dags/example_xcom.py
[2021-12-08 18:33:11,065] {processor.py:637} INFO - DAG(s) dict_keys(['example_xcom']) retrieved from /usr/local/lib/python3.8/dist-packages/airflow/example_dags/example_xcom.py
[2021-12-08 18:33:11,068] {logging_mixin.py:109} WARNING - /usr/local/lib/python3.8/dist-packages/airflow/models/serialized_dag.py:120 SAWarning: TypeDecorator UtcDateTime(timezone=True) will not produce a cache key because the ``cache_ok`` flag is not set to True.  Set this flag to True if this type object's state is safe to use in a cache key, or False to disable this warning.
[2021-12-08 18:33:11,282] {logging_mixin.py:109} INFO - [2021-12-08 18:33:11,282] {dag.py:2396} INFO - Sync 1 DAGs
[2021-12-08 18:33:11,289] {logging_mixin.py:109} WARNING - /usr/local/lib/python3.8/dist-packages/airflow/models/dag.py:2433 SAWarning: TypeDecorator UtcDateTime(timezone=True) will not produce a cache key because the ``cache_ok`` flag is not set to True.  Set this flag to True if this type object's state is safe to use in a cache key, or False to disable this warning.
[2021-12-08 18:33:11,295] {logging_mixin.py:109} INFO - [2021-12-08 18:33:11,295] {dag.py:2928} INFO - Setting next_dagrun for example_xcom to 2021-01-01T00:00:00+00:00
[2021-12-08 18:33:11,464] {processor.py:171} INFO - Processing /usr/local/lib/python3.8/dist-packages/airflow/example_dags/example_xcom.py took 0.462 seconds
[2021-12-08 18:33:59,599] {processor.py:163} INFO - Started process (PID=685) to work on /usr/local/lib/python3.8/dist-packages/airflow/example_dags/example_xcom.py
[2021-12-08 18:33:59,607] {processor.py:625} INFO - Processing file /usr/local/lib/python3.8/dist-packages/airflow/example_dags/example_xcom.py for tasks to queue
[2021-12-08 18:33:59,607] {logging_mixin.py:109} INFO - [2021-12-08 18:33:59,607] {dagbag.py:500} INFO - Filling up the DagBag from /usr/local/lib/python3.8/dist-packages/airflow/example_dags/example_xcom.py
[2021-12-08 18:33:59,626] {processor.py:637} INFO - DAG(s) dict_keys(['example_xcom']) retrieved from /usr/local/lib/python3.8/dist-packages/airflow/example_dags/example_xcom.py
[2021-12-08 18:33:59,630] {logging_mixin.py:109} WARNING - /usr/local/lib/python3.8/dist-packages/airflow/models/serialized_dag.py:120 SAWarning: TypeDecorator UtcDateTime(timezone=True) will not produce a cache key because the ``cache_ok`` flag is not set to True.  Set this flag to True if this type object's state is safe to use in a cache key, or False to disable this warning.
[2021-12-08 18:33:59,862] {logging_mixin.py:109} INFO - [2021-12-08 18:33:59,862] {dag.py:2396} INFO - Sync 1 DAGs
[2021-12-08 18:33:59,869] {logging_mixin.py:109} WARNING - /usr/local/lib/python3.8/dist-packages/airflow/models/dag.py:2433 SAWarning: TypeDecorator UtcDateTime(timezone=True) will not produce a cache key because the ``cache_ok`` flag is not set to True.  Set this flag to True if this type object's state is safe to use in a cache key, or False to disable this warning.
[2021-12-08 18:33:59,877] {logging_mixin.py:109} INFO - [2021-12-08 18:33:59,877] {dag.py:2928} INFO - Setting next_dagrun for example_xcom to 2021-01-01T00:00:00+00:00
[2021-12-08 18:34:00,085] {processor.py:171} INFO - Processing /usr/local/lib/python3.8/dist-packages/airflow/example_dags/example_xcom.py took 0.489 seconds
[2021-12-08 18:34:36,968] {processor.py:163} INFO - Started process (PID=712) to work on /usr/local/lib/python3.8/dist-packages/airflow/example_dags/example_xcom.py
[2021-12-08 18:34:36,988] {processor.py:625} INFO - Processing file /usr/local/lib/python3.8/dist-packages/airflow/example_dags/example_xcom.py for tasks to queue
[2021-12-08 18:34:36,988] {logging_mixin.py:109} INFO - [2021-12-08 18:34:36,988] {dagbag.py:500} INFO - Filling up the DagBag from /usr/local/lib/python3.8/dist-packages/airflow/example_dags/example_xcom.py
[2021-12-08 18:34:37,007] {processor.py:637} INFO - DAG(s) dict_keys(['example_xcom']) retrieved from /usr/local/lib/python3.8/dist-packages/airflow/example_dags/example_xcom.py
[2021-12-08 18:34:37,011] {logging_mixin.py:109} WARNING - /usr/local/lib/python3.8/dist-packages/airflow/models/serialized_dag.py:120 SAWarning: TypeDecorator UtcDateTime(timezone=True) will not produce a cache key because the ``cache_ok`` flag is not set to True.  Set this flag to True if this type object's state is safe to use in a cache key, or False to disable this warning.
[2021-12-08 18:34:37,233] {logging_mixin.py:109} INFO - [2021-12-08 18:34:37,233] {dag.py:2396} INFO - Sync 1 DAGs
[2021-12-08 18:34:37,241] {logging_mixin.py:109} WARNING - /usr/local/lib/python3.8/dist-packages/airflow/models/dag.py:2433 SAWarning: TypeDecorator UtcDateTime(timezone=True) will not produce a cache key because the ``cache_ok`` flag is not set to True.  Set this flag to True if this type object's state is safe to use in a cache key, or False to disable this warning.
[2021-12-08 18:34:37,247] {logging_mixin.py:109} INFO - [2021-12-08 18:34:37,247] {dag.py:2928} INFO - Setting next_dagrun for example_xcom to 2021-01-01T00:00:00+00:00
[2021-12-08 18:34:37,405] {processor.py:171} INFO - Processing /usr/local/lib/python3.8/dist-packages/airflow/example_dags/example_xcom.py took 0.440 seconds
