[2021-12-08 18:22:50,920] {processor.py:163} INFO - Started process (PID=191) to work on /usr/local/lib/python3.8/dist-packages/airflow/example_dags/example_dag_decorator.py
[2021-12-08 18:22:50,920] {processor.py:625} INFO - Processing file /usr/local/lib/python3.8/dist-packages/airflow/example_dags/example_dag_decorator.py for tasks to queue
[2021-12-08 18:22:50,921] {logging_mixin.py:109} INFO - [2021-12-08 18:22:50,921] {dagbag.py:500} INFO - Filling up the DagBag from /usr/local/lib/python3.8/dist-packages/airflow/example_dags/example_dag_decorator.py
[2021-12-08 18:22:51,005] {processor.py:637} INFO - DAG(s) dict_keys(['example_dag_decorator']) retrieved from /usr/local/lib/python3.8/dist-packages/airflow/example_dags/example_dag_decorator.py
[2021-12-08 18:22:51,008] {logging_mixin.py:109} WARNING - /usr/local/lib/python3.8/dist-packages/airflow/models/serialized_dag.py:120 SAWarning: TypeDecorator UtcDateTime(timezone=True) will not produce a cache key because the ``cache_ok`` flag is not set to True.  Set this flag to True if this type object's state is safe to use in a cache key, or False to disable this warning.
[2021-12-08 18:22:51,219] {logging_mixin.py:109} INFO - [2021-12-08 18:22:51,219] {dag.py:2396} INFO - Sync 1 DAGs
[2021-12-08 18:22:51,225] {logging_mixin.py:109} WARNING - /usr/local/lib/python3.8/dist-packages/airflow/models/dag.py:2433 SAWarning: TypeDecorator UtcDateTime(timezone=True) will not produce a cache key because the ``cache_ok`` flag is not set to True.  Set this flag to True if this type object's state is safe to use in a cache key, or False to disable this warning.
[2021-12-08 18:22:51,230] {logging_mixin.py:109} INFO - [2021-12-08 18:22:51,230] {dag.py:2928} INFO - Setting next_dagrun for example_dag_decorator to None
[2021-12-08 18:22:51,402] {processor.py:171} INFO - Processing /usr/local/lib/python3.8/dist-packages/airflow/example_dags/example_dag_decorator.py took 0.484 seconds
[2021-12-08 18:23:39,044] {processor.py:163} INFO - Started process (PID=226) to work on /usr/local/lib/python3.8/dist-packages/airflow/example_dags/example_dag_decorator.py
[2021-12-08 18:23:39,052] {processor.py:625} INFO - Processing file /usr/local/lib/python3.8/dist-packages/airflow/example_dags/example_dag_decorator.py for tasks to queue
[2021-12-08 18:23:39,053] {logging_mixin.py:109} INFO - [2021-12-08 18:23:39,052] {dagbag.py:500} INFO - Filling up the DagBag from /usr/local/lib/python3.8/dist-packages/airflow/example_dags/example_dag_decorator.py
[2021-12-08 18:23:39,074] {processor.py:637} INFO - DAG(s) dict_keys(['example_dag_decorator']) retrieved from /usr/local/lib/python3.8/dist-packages/airflow/example_dags/example_dag_decorator.py
[2021-12-08 18:23:39,077] {logging_mixin.py:109} WARNING - /usr/local/lib/python3.8/dist-packages/airflow/models/serialized_dag.py:120 SAWarning: TypeDecorator UtcDateTime(timezone=True) will not produce a cache key because the ``cache_ok`` flag is not set to True.  Set this flag to True if this type object's state is safe to use in a cache key, or False to disable this warning.
[2021-12-08 18:23:39,292] {logging_mixin.py:109} INFO - [2021-12-08 18:23:39,291] {dag.py:2396} INFO - Sync 1 DAGs
[2021-12-08 18:23:39,298] {logging_mixin.py:109} WARNING - /usr/local/lib/python3.8/dist-packages/airflow/models/dag.py:2433 SAWarning: TypeDecorator UtcDateTime(timezone=True) will not produce a cache key because the ``cache_ok`` flag is not set to True.  Set this flag to True if this type object's state is safe to use in a cache key, or False to disable this warning.
[2021-12-08 18:23:39,304] {logging_mixin.py:109} INFO - [2021-12-08 18:23:39,304] {dag.py:2928} INFO - Setting next_dagrun for example_dag_decorator to None
[2021-12-08 18:23:39,467] {processor.py:171} INFO - Processing /usr/local/lib/python3.8/dist-packages/airflow/example_dags/example_dag_decorator.py took 0.426 seconds
[2021-12-08 18:24:29,001] {processor.py:163} INFO - Started process (PID=263) to work on /usr/local/lib/python3.8/dist-packages/airflow/example_dags/example_dag_decorator.py
[2021-12-08 18:24:29,012] {processor.py:625} INFO - Processing file /usr/local/lib/python3.8/dist-packages/airflow/example_dags/example_dag_decorator.py for tasks to queue
[2021-12-08 18:24:29,013] {logging_mixin.py:109} INFO - [2021-12-08 18:24:29,012] {dagbag.py:500} INFO - Filling up the DagBag from /usr/local/lib/python3.8/dist-packages/airflow/example_dags/example_dag_decorator.py
[2021-12-08 18:24:29,036] {processor.py:637} INFO - DAG(s) dict_keys(['example_dag_decorator']) retrieved from /usr/local/lib/python3.8/dist-packages/airflow/example_dags/example_dag_decorator.py
[2021-12-08 18:24:29,040] {logging_mixin.py:109} WARNING - /usr/local/lib/python3.8/dist-packages/airflow/models/serialized_dag.py:120 SAWarning: TypeDecorator UtcDateTime(timezone=True) will not produce a cache key because the ``cache_ok`` flag is not set to True.  Set this flag to True if this type object's state is safe to use in a cache key, or False to disable this warning.
[2021-12-08 18:24:29,256] {logging_mixin.py:109} INFO - [2021-12-08 18:24:29,256] {dag.py:2396} INFO - Sync 1 DAGs
[2021-12-08 18:24:29,262] {logging_mixin.py:109} WARNING - /usr/local/lib/python3.8/dist-packages/airflow/models/dag.py:2433 SAWarning: TypeDecorator UtcDateTime(timezone=True) will not produce a cache key because the ``cache_ok`` flag is not set to True.  Set this flag to True if this type object's state is safe to use in a cache key, or False to disable this warning.
[2021-12-08 18:24:29,268] {logging_mixin.py:109} INFO - [2021-12-08 18:24:29,268] {dag.py:2928} INFO - Setting next_dagrun for example_dag_decorator to None
[2021-12-08 18:24:29,442] {processor.py:171} INFO - Processing /usr/local/lib/python3.8/dist-packages/airflow/example_dags/example_dag_decorator.py took 0.444 seconds
[2021-12-08 18:25:07,942] {processor.py:163} INFO - Started process (PID=291) to work on /usr/local/lib/python3.8/dist-packages/airflow/example_dags/example_dag_decorator.py
[2021-12-08 18:25:07,947] {processor.py:625} INFO - Processing file /usr/local/lib/python3.8/dist-packages/airflow/example_dags/example_dag_decorator.py for tasks to queue
[2021-12-08 18:25:07,948] {logging_mixin.py:109} INFO - [2021-12-08 18:25:07,947] {dagbag.py:500} INFO - Filling up the DagBag from /usr/local/lib/python3.8/dist-packages/airflow/example_dags/example_dag_decorator.py
[2021-12-08 18:25:07,971] {processor.py:637} INFO - DAG(s) dict_keys(['example_dag_decorator']) retrieved from /usr/local/lib/python3.8/dist-packages/airflow/example_dags/example_dag_decorator.py
[2021-12-08 18:25:07,975] {logging_mixin.py:109} WARNING - /usr/local/lib/python3.8/dist-packages/airflow/models/serialized_dag.py:120 SAWarning: TypeDecorator UtcDateTime(timezone=True) will not produce a cache key because the ``cache_ok`` flag is not set to True.  Set this flag to True if this type object's state is safe to use in a cache key, or False to disable this warning.
[2021-12-08 18:25:08,194] {logging_mixin.py:109} INFO - [2021-12-08 18:25:08,194] {dag.py:2396} INFO - Sync 1 DAGs
[2021-12-08 18:25:08,201] {logging_mixin.py:109} WARNING - /usr/local/lib/python3.8/dist-packages/airflow/models/dag.py:2433 SAWarning: TypeDecorator UtcDateTime(timezone=True) will not produce a cache key because the ``cache_ok`` flag is not set to True.  Set this flag to True if this type object's state is safe to use in a cache key, or False to disable this warning.
[2021-12-08 18:25:08,207] {logging_mixin.py:109} INFO - [2021-12-08 18:25:08,207] {dag.py:2928} INFO - Setting next_dagrun for example_dag_decorator to None
[2021-12-08 18:25:08,452] {processor.py:171} INFO - Processing /usr/local/lib/python3.8/dist-packages/airflow/example_dags/example_dag_decorator.py took 0.513 seconds
[2021-12-08 18:25:46,783] {processor.py:163} INFO - Started process (PID=320) to work on /usr/local/lib/python3.8/dist-packages/airflow/example_dags/example_dag_decorator.py
[2021-12-08 18:25:46,793] {processor.py:625} INFO - Processing file /usr/local/lib/python3.8/dist-packages/airflow/example_dags/example_dag_decorator.py for tasks to queue
[2021-12-08 18:25:46,794] {logging_mixin.py:109} INFO - [2021-12-08 18:25:46,794] {dagbag.py:500} INFO - Filling up the DagBag from /usr/local/lib/python3.8/dist-packages/airflow/example_dags/example_dag_decorator.py
[2021-12-08 18:25:46,817] {processor.py:637} INFO - DAG(s) dict_keys(['example_dag_decorator']) retrieved from /usr/local/lib/python3.8/dist-packages/airflow/example_dags/example_dag_decorator.py
[2021-12-08 18:25:46,820] {logging_mixin.py:109} WARNING - /usr/local/lib/python3.8/dist-packages/airflow/models/serialized_dag.py:120 SAWarning: TypeDecorator UtcDateTime(timezone=True) will not produce a cache key because the ``cache_ok`` flag is not set to True.  Set this flag to True if this type object's state is safe to use in a cache key, or False to disable this warning.
[2021-12-08 18:25:47,029] {logging_mixin.py:109} INFO - [2021-12-08 18:25:47,029] {dag.py:2396} INFO - Sync 1 DAGs
[2021-12-08 18:25:47,035] {logging_mixin.py:109} WARNING - /usr/local/lib/python3.8/dist-packages/airflow/models/dag.py:2433 SAWarning: TypeDecorator UtcDateTime(timezone=True) will not produce a cache key because the ``cache_ok`` flag is not set to True.  Set this flag to True if this type object's state is safe to use in a cache key, or False to disable this warning.
[2021-12-08 18:25:47,040] {logging_mixin.py:109} INFO - [2021-12-08 18:25:47,040] {dag.py:2928} INFO - Setting next_dagrun for example_dag_decorator to None
[2021-12-08 18:25:47,202] {processor.py:171} INFO - Processing /usr/local/lib/python3.8/dist-packages/airflow/example_dags/example_dag_decorator.py took 0.421 seconds
[2021-12-08 18:26:26,047] {processor.py:163} INFO - Started process (PID=349) to work on /usr/local/lib/python3.8/dist-packages/airflow/example_dags/example_dag_decorator.py
[2021-12-08 18:26:26,117] {processor.py:625} INFO - Processing file /usr/local/lib/python3.8/dist-packages/airflow/example_dags/example_dag_decorator.py for tasks to queue
[2021-12-08 18:26:26,119] {logging_mixin.py:109} INFO - [2021-12-08 18:26:26,119] {dagbag.py:500} INFO - Filling up the DagBag from /usr/local/lib/python3.8/dist-packages/airflow/example_dags/example_dag_decorator.py
[2021-12-08 18:26:26,144] {processor.py:637} INFO - DAG(s) dict_keys(['example_dag_decorator']) retrieved from /usr/local/lib/python3.8/dist-packages/airflow/example_dags/example_dag_decorator.py
[2021-12-08 18:26:26,147] {logging_mixin.py:109} WARNING - /usr/local/lib/python3.8/dist-packages/airflow/models/serialized_dag.py:120 SAWarning: TypeDecorator UtcDateTime(timezone=True) will not produce a cache key because the ``cache_ok`` flag is not set to True.  Set this flag to True if this type object's state is safe to use in a cache key, or False to disable this warning.
[2021-12-08 18:26:26,364] {logging_mixin.py:109} INFO - [2021-12-08 18:26:26,364] {dag.py:2396} INFO - Sync 1 DAGs
[2021-12-08 18:26:26,371] {logging_mixin.py:109} WARNING - /usr/local/lib/python3.8/dist-packages/airflow/models/dag.py:2433 SAWarning: TypeDecorator UtcDateTime(timezone=True) will not produce a cache key because the ``cache_ok`` flag is not set to True.  Set this flag to True if this type object's state is safe to use in a cache key, or False to disable this warning.
[2021-12-08 18:26:26,377] {logging_mixin.py:109} INFO - [2021-12-08 18:26:26,377] {dag.py:2928} INFO - Setting next_dagrun for example_dag_decorator to None
[2021-12-08 18:26:26,541] {processor.py:171} INFO - Processing /usr/local/lib/python3.8/dist-packages/airflow/example_dags/example_dag_decorator.py took 0.497 seconds
[2021-12-08 18:27:04,046] {processor.py:163} INFO - Started process (PID=377) to work on /usr/local/lib/python3.8/dist-packages/airflow/example_dags/example_dag_decorator.py
[2021-12-08 18:27:04,087] {processor.py:625} INFO - Processing file /usr/local/lib/python3.8/dist-packages/airflow/example_dags/example_dag_decorator.py for tasks to queue
[2021-12-08 18:27:04,088] {logging_mixin.py:109} INFO - [2021-12-08 18:27:04,088] {dagbag.py:500} INFO - Filling up the DagBag from /usr/local/lib/python3.8/dist-packages/airflow/example_dags/example_dag_decorator.py
[2021-12-08 18:27:04,116] {processor.py:637} INFO - DAG(s) dict_keys(['example_dag_decorator']) retrieved from /usr/local/lib/python3.8/dist-packages/airflow/example_dags/example_dag_decorator.py
[2021-12-08 18:27:04,120] {logging_mixin.py:109} WARNING - /usr/local/lib/python3.8/dist-packages/airflow/models/serialized_dag.py:120 SAWarning: TypeDecorator UtcDateTime(timezone=True) will not produce a cache key because the ``cache_ok`` flag is not set to True.  Set this flag to True if this type object's state is safe to use in a cache key, or False to disable this warning.
[2021-12-08 18:27:04,375] {logging_mixin.py:109} INFO - [2021-12-08 18:27:04,375] {dag.py:2396} INFO - Sync 1 DAGs
[2021-12-08 18:27:04,382] {logging_mixin.py:109} WARNING - /usr/local/lib/python3.8/dist-packages/airflow/models/dag.py:2433 SAWarning: TypeDecorator UtcDateTime(timezone=True) will not produce a cache key because the ``cache_ok`` flag is not set to True.  Set this flag to True if this type object's state is safe to use in a cache key, or False to disable this warning.
[2021-12-08 18:27:04,389] {logging_mixin.py:109} INFO - [2021-12-08 18:27:04,389] {dag.py:2928} INFO - Setting next_dagrun for example_dag_decorator to None
[2021-12-08 18:27:04,585] {processor.py:171} INFO - Processing /usr/local/lib/python3.8/dist-packages/airflow/example_dags/example_dag_decorator.py took 0.543 seconds
[2021-12-08 18:27:44,573] {processor.py:163} INFO - Started process (PID=406) to work on /usr/local/lib/python3.8/dist-packages/airflow/example_dags/example_dag_decorator.py
[2021-12-08 18:27:44,585] {processor.py:625} INFO - Processing file /usr/local/lib/python3.8/dist-packages/airflow/example_dags/example_dag_decorator.py for tasks to queue
[2021-12-08 18:27:44,586] {logging_mixin.py:109} INFO - [2021-12-08 18:27:44,585] {dagbag.py:500} INFO - Filling up the DagBag from /usr/local/lib/python3.8/dist-packages/airflow/example_dags/example_dag_decorator.py
[2021-12-08 18:27:44,609] {processor.py:637} INFO - DAG(s) dict_keys(['example_dag_decorator']) retrieved from /usr/local/lib/python3.8/dist-packages/airflow/example_dags/example_dag_decorator.py
[2021-12-08 18:27:44,613] {logging_mixin.py:109} WARNING - /usr/local/lib/python3.8/dist-packages/airflow/models/serialized_dag.py:120 SAWarning: TypeDecorator UtcDateTime(timezone=True) will not produce a cache key because the ``cache_ok`` flag is not set to True.  Set this flag to True if this type object's state is safe to use in a cache key, or False to disable this warning.
[2021-12-08 18:27:44,844] {logging_mixin.py:109} INFO - [2021-12-08 18:27:44,844] {dag.py:2396} INFO - Sync 1 DAGs
[2021-12-08 18:27:44,851] {logging_mixin.py:109} WARNING - /usr/local/lib/python3.8/dist-packages/airflow/models/dag.py:2433 SAWarning: TypeDecorator UtcDateTime(timezone=True) will not produce a cache key because the ``cache_ok`` flag is not set to True.  Set this flag to True if this type object's state is safe to use in a cache key, or False to disable this warning.
[2021-12-08 18:27:44,856] {logging_mixin.py:109} INFO - [2021-12-08 18:27:44,856] {dag.py:2928} INFO - Setting next_dagrun for example_dag_decorator to None
[2021-12-08 18:27:45,230] {processor.py:171} INFO - Processing /usr/local/lib/python3.8/dist-packages/airflow/example_dags/example_dag_decorator.py took 0.660 seconds
[2021-12-08 18:28:26,301] {processor.py:163} INFO - Started process (PID=436) to work on /usr/local/lib/python3.8/dist-packages/airflow/example_dags/example_dag_decorator.py
[2021-12-08 18:28:26,331] {processor.py:625} INFO - Processing file /usr/local/lib/python3.8/dist-packages/airflow/example_dags/example_dag_decorator.py for tasks to queue
[2021-12-08 18:28:26,332] {logging_mixin.py:109} INFO - [2021-12-08 18:28:26,331] {dagbag.py:500} INFO - Filling up the DagBag from /usr/local/lib/python3.8/dist-packages/airflow/example_dags/example_dag_decorator.py
[2021-12-08 18:28:26,361] {processor.py:637} INFO - DAG(s) dict_keys(['example_dag_decorator']) retrieved from /usr/local/lib/python3.8/dist-packages/airflow/example_dags/example_dag_decorator.py
[2021-12-08 18:28:26,364] {logging_mixin.py:109} WARNING - /usr/local/lib/python3.8/dist-packages/airflow/models/serialized_dag.py:120 SAWarning: TypeDecorator UtcDateTime(timezone=True) will not produce a cache key because the ``cache_ok`` flag is not set to True.  Set this flag to True if this type object's state is safe to use in a cache key, or False to disable this warning.
[2021-12-08 18:28:26,574] {logging_mixin.py:109} INFO - [2021-12-08 18:28:26,574] {dag.py:2396} INFO - Sync 1 DAGs
[2021-12-08 18:28:26,580] {logging_mixin.py:109} WARNING - /usr/local/lib/python3.8/dist-packages/airflow/models/dag.py:2433 SAWarning: TypeDecorator UtcDateTime(timezone=True) will not produce a cache key because the ``cache_ok`` flag is not set to True.  Set this flag to True if this type object's state is safe to use in a cache key, or False to disable this warning.
[2021-12-08 18:28:26,586] {logging_mixin.py:109} INFO - [2021-12-08 18:28:26,586] {dag.py:2928} INFO - Setting next_dagrun for example_dag_decorator to None
[2021-12-08 18:28:26,846] {processor.py:171} INFO - Processing /usr/local/lib/python3.8/dist-packages/airflow/example_dags/example_dag_decorator.py took 0.547 seconds
[2021-12-08 18:29:01,732] {processor.py:163} INFO - Started process (PID=463) to work on /usr/local/lib/python3.8/dist-packages/airflow/example_dags/example_dag_decorator.py
[2021-12-08 18:29:01,733] {processor.py:625} INFO - Processing file /usr/local/lib/python3.8/dist-packages/airflow/example_dags/example_dag_decorator.py for tasks to queue
[2021-12-08 18:29:01,734] {logging_mixin.py:109} INFO - [2021-12-08 18:29:01,734] {dagbag.py:500} INFO - Filling up the DagBag from /usr/local/lib/python3.8/dist-packages/airflow/example_dags/example_dag_decorator.py
[2021-12-08 18:29:01,762] {processor.py:637} INFO - DAG(s) dict_keys(['example_dag_decorator']) retrieved from /usr/local/lib/python3.8/dist-packages/airflow/example_dags/example_dag_decorator.py
[2021-12-08 18:29:01,766] {logging_mixin.py:109} WARNING - /usr/local/lib/python3.8/dist-packages/airflow/models/serialized_dag.py:120 SAWarning: TypeDecorator UtcDateTime(timezone=True) will not produce a cache key because the ``cache_ok`` flag is not set to True.  Set this flag to True if this type object's state is safe to use in a cache key, or False to disable this warning.
[2021-12-08 18:29:01,993] {logging_mixin.py:109} INFO - [2021-12-08 18:29:01,993] {dag.py:2396} INFO - Sync 1 DAGs
[2021-12-08 18:29:01,999] {logging_mixin.py:109} WARNING - /usr/local/lib/python3.8/dist-packages/airflow/models/dag.py:2433 SAWarning: TypeDecorator UtcDateTime(timezone=True) will not produce a cache key because the ``cache_ok`` flag is not set to True.  Set this flag to True if this type object's state is safe to use in a cache key, or False to disable this warning.
[2021-12-08 18:29:02,005] {logging_mixin.py:109} INFO - [2021-12-08 18:29:02,005] {dag.py:2928} INFO - Setting next_dagrun for example_dag_decorator to None
[2021-12-08 18:29:02,177] {processor.py:171} INFO - Processing /usr/local/lib/python3.8/dist-packages/airflow/example_dags/example_dag_decorator.py took 0.453 seconds
[2021-12-08 18:29:42,077] {processor.py:163} INFO - Started process (PID=492) to work on /usr/local/lib/python3.8/dist-packages/airflow/example_dags/example_dag_decorator.py
[2021-12-08 18:29:42,078] {processor.py:625} INFO - Processing file /usr/local/lib/python3.8/dist-packages/airflow/example_dags/example_dag_decorator.py for tasks to queue
[2021-12-08 18:29:42,079] {logging_mixin.py:109} INFO - [2021-12-08 18:29:42,079] {dagbag.py:500} INFO - Filling up the DagBag from /usr/local/lib/python3.8/dist-packages/airflow/example_dags/example_dag_decorator.py
[2021-12-08 18:29:42,100] {processor.py:637} INFO - DAG(s) dict_keys(['example_dag_decorator']) retrieved from /usr/local/lib/python3.8/dist-packages/airflow/example_dags/example_dag_decorator.py
[2021-12-08 18:29:42,103] {logging_mixin.py:109} WARNING - /usr/local/lib/python3.8/dist-packages/airflow/models/serialized_dag.py:120 SAWarning: TypeDecorator UtcDateTime(timezone=True) will not produce a cache key because the ``cache_ok`` flag is not set to True.  Set this flag to True if this type object's state is safe to use in a cache key, or False to disable this warning.
[2021-12-08 18:29:42,312] {logging_mixin.py:109} INFO - [2021-12-08 18:29:42,312] {dag.py:2396} INFO - Sync 1 DAGs
[2021-12-08 18:29:42,318] {logging_mixin.py:109} WARNING - /usr/local/lib/python3.8/dist-packages/airflow/models/dag.py:2433 SAWarning: TypeDecorator UtcDateTime(timezone=True) will not produce a cache key because the ``cache_ok`` flag is not set to True.  Set this flag to True if this type object's state is safe to use in a cache key, or False to disable this warning.
[2021-12-08 18:29:42,324] {logging_mixin.py:109} INFO - [2021-12-08 18:29:42,323] {dag.py:2928} INFO - Setting next_dagrun for example_dag_decorator to None
[2021-12-08 18:29:42,486] {processor.py:171} INFO - Processing /usr/local/lib/python3.8/dist-packages/airflow/example_dags/example_dag_decorator.py took 0.411 seconds
[2021-12-08 18:30:20,331] {processor.py:163} INFO - Started process (PID=521) to work on /usr/local/lib/python3.8/dist-packages/airflow/example_dags/example_dag_decorator.py
[2021-12-08 18:30:20,357] {processor.py:625} INFO - Processing file /usr/local/lib/python3.8/dist-packages/airflow/example_dags/example_dag_decorator.py for tasks to queue
[2021-12-08 18:30:20,357] {logging_mixin.py:109} INFO - [2021-12-08 18:30:20,357] {dagbag.py:500} INFO - Filling up the DagBag from /usr/local/lib/python3.8/dist-packages/airflow/example_dags/example_dag_decorator.py
[2021-12-08 18:30:20,384] {processor.py:637} INFO - DAG(s) dict_keys(['example_dag_decorator']) retrieved from /usr/local/lib/python3.8/dist-packages/airflow/example_dags/example_dag_decorator.py
[2021-12-08 18:30:20,387] {logging_mixin.py:109} WARNING - /usr/local/lib/python3.8/dist-packages/airflow/models/serialized_dag.py:120 SAWarning: TypeDecorator UtcDateTime(timezone=True) will not produce a cache key because the ``cache_ok`` flag is not set to True.  Set this flag to True if this type object's state is safe to use in a cache key, or False to disable this warning.
[2021-12-08 18:30:20,603] {logging_mixin.py:109} INFO - [2021-12-08 18:30:20,603] {dag.py:2396} INFO - Sync 1 DAGs
[2021-12-08 18:30:20,610] {logging_mixin.py:109} WARNING - /usr/local/lib/python3.8/dist-packages/airflow/models/dag.py:2433 SAWarning: TypeDecorator UtcDateTime(timezone=True) will not produce a cache key because the ``cache_ok`` flag is not set to True.  Set this flag to True if this type object's state is safe to use in a cache key, or False to disable this warning.
[2021-12-08 18:30:20,615] {logging_mixin.py:109} INFO - [2021-12-08 18:30:20,615] {dag.py:2928} INFO - Setting next_dagrun for example_dag_decorator to None
[2021-12-08 18:30:20,815] {processor.py:171} INFO - Processing /usr/local/lib/python3.8/dist-packages/airflow/example_dags/example_dag_decorator.py took 0.486 seconds
[2021-12-08 18:30:57,426] {processor.py:163} INFO - Started process (PID=548) to work on /usr/local/lib/python3.8/dist-packages/airflow/example_dags/example_dag_decorator.py
[2021-12-08 18:30:57,447] {processor.py:625} INFO - Processing file /usr/local/lib/python3.8/dist-packages/airflow/example_dags/example_dag_decorator.py for tasks to queue
[2021-12-08 18:30:57,447] {logging_mixin.py:109} INFO - [2021-12-08 18:30:57,447] {dagbag.py:500} INFO - Filling up the DagBag from /usr/local/lib/python3.8/dist-packages/airflow/example_dags/example_dag_decorator.py
[2021-12-08 18:30:57,472] {processor.py:637} INFO - DAG(s) dict_keys(['example_dag_decorator']) retrieved from /usr/local/lib/python3.8/dist-packages/airflow/example_dags/example_dag_decorator.py
[2021-12-08 18:30:57,476] {logging_mixin.py:109} WARNING - /usr/local/lib/python3.8/dist-packages/airflow/models/serialized_dag.py:120 SAWarning: TypeDecorator UtcDateTime(timezone=True) will not produce a cache key because the ``cache_ok`` flag is not set to True.  Set this flag to True if this type object's state is safe to use in a cache key, or False to disable this warning.
[2021-12-08 18:30:57,690] {logging_mixin.py:109} INFO - [2021-12-08 18:30:57,689] {dag.py:2396} INFO - Sync 1 DAGs
[2021-12-08 18:30:57,696] {logging_mixin.py:109} WARNING - /usr/local/lib/python3.8/dist-packages/airflow/models/dag.py:2433 SAWarning: TypeDecorator UtcDateTime(timezone=True) will not produce a cache key because the ``cache_ok`` flag is not set to True.  Set this flag to True if this type object's state is safe to use in a cache key, or False to disable this warning.
[2021-12-08 18:30:57,702] {logging_mixin.py:109} INFO - [2021-12-08 18:30:57,702] {dag.py:2928} INFO - Setting next_dagrun for example_dag_decorator to None
[2021-12-08 18:30:57,878] {processor.py:171} INFO - Processing /usr/local/lib/python3.8/dist-packages/airflow/example_dags/example_dag_decorator.py took 0.455 seconds
[2021-12-08 18:31:34,224] {processor.py:163} INFO - Started process (PID=576) to work on /usr/local/lib/python3.8/dist-packages/airflow/example_dags/example_dag_decorator.py
[2021-12-08 18:31:34,248] {processor.py:625} INFO - Processing file /usr/local/lib/python3.8/dist-packages/airflow/example_dags/example_dag_decorator.py for tasks to queue
[2021-12-08 18:31:34,249] {logging_mixin.py:109} INFO - [2021-12-08 18:31:34,249] {dagbag.py:500} INFO - Filling up the DagBag from /usr/local/lib/python3.8/dist-packages/airflow/example_dags/example_dag_decorator.py
[2021-12-08 18:31:34,278] {processor.py:637} INFO - DAG(s) dict_keys(['example_dag_decorator']) retrieved from /usr/local/lib/python3.8/dist-packages/airflow/example_dags/example_dag_decorator.py
[2021-12-08 18:31:34,282] {logging_mixin.py:109} WARNING - /usr/local/lib/python3.8/dist-packages/airflow/models/serialized_dag.py:120 SAWarning: TypeDecorator UtcDateTime(timezone=True) will not produce a cache key because the ``cache_ok`` flag is not set to True.  Set this flag to True if this type object's state is safe to use in a cache key, or False to disable this warning.
[2021-12-08 18:31:34,491] {logging_mixin.py:109} INFO - [2021-12-08 18:31:34,491] {dag.py:2396} INFO - Sync 1 DAGs
[2021-12-08 18:31:34,498] {logging_mixin.py:109} WARNING - /usr/local/lib/python3.8/dist-packages/airflow/models/dag.py:2433 SAWarning: TypeDecorator UtcDateTime(timezone=True) will not produce a cache key because the ``cache_ok`` flag is not set to True.  Set this flag to True if this type object's state is safe to use in a cache key, or False to disable this warning.
[2021-12-08 18:31:34,503] {logging_mixin.py:109} INFO - [2021-12-08 18:31:34,503] {dag.py:2928} INFO - Setting next_dagrun for example_dag_decorator to None
[2021-12-08 18:31:34,693] {processor.py:171} INFO - Processing /usr/local/lib/python3.8/dist-packages/airflow/example_dags/example_dag_decorator.py took 0.472 seconds
[2021-12-08 18:32:11,913] {processor.py:163} INFO - Started process (PID=604) to work on /usr/local/lib/python3.8/dist-packages/airflow/example_dags/example_dag_decorator.py
[2021-12-08 18:32:11,928] {processor.py:625} INFO - Processing file /usr/local/lib/python3.8/dist-packages/airflow/example_dags/example_dag_decorator.py for tasks to queue
[2021-12-08 18:32:11,928] {logging_mixin.py:109} INFO - [2021-12-08 18:32:11,928] {dagbag.py:500} INFO - Filling up the DagBag from /usr/local/lib/python3.8/dist-packages/airflow/example_dags/example_dag_decorator.py
[2021-12-08 18:32:11,949] {processor.py:637} INFO - DAG(s) dict_keys(['example_dag_decorator']) retrieved from /usr/local/lib/python3.8/dist-packages/airflow/example_dags/example_dag_decorator.py
[2021-12-08 18:32:11,953] {logging_mixin.py:109} WARNING - /usr/local/lib/python3.8/dist-packages/airflow/models/serialized_dag.py:120 SAWarning: TypeDecorator UtcDateTime(timezone=True) will not produce a cache key because the ``cache_ok`` flag is not set to True.  Set this flag to True if this type object's state is safe to use in a cache key, or False to disable this warning.
[2021-12-08 18:32:12,163] {logging_mixin.py:109} INFO - [2021-12-08 18:32:12,163] {dag.py:2396} INFO - Sync 1 DAGs
[2021-12-08 18:32:12,170] {logging_mixin.py:109} WARNING - /usr/local/lib/python3.8/dist-packages/airflow/models/dag.py:2433 SAWarning: TypeDecorator UtcDateTime(timezone=True) will not produce a cache key because the ``cache_ok`` flag is not set to True.  Set this flag to True if this type object's state is safe to use in a cache key, or False to disable this warning.
[2021-12-08 18:32:12,176] {logging_mixin.py:109} INFO - [2021-12-08 18:32:12,176] {dag.py:2928} INFO - Setting next_dagrun for example_dag_decorator to None
[2021-12-08 18:32:12,418] {processor.py:171} INFO - Processing /usr/local/lib/python3.8/dist-packages/airflow/example_dags/example_dag_decorator.py took 0.508 seconds
[2021-12-08 18:32:50,670] {processor.py:163} INFO - Started process (PID=632) to work on /usr/local/lib/python3.8/dist-packages/airflow/example_dags/example_dag_decorator.py
[2021-12-08 18:32:50,678] {processor.py:625} INFO - Processing file /usr/local/lib/python3.8/dist-packages/airflow/example_dags/example_dag_decorator.py for tasks to queue
[2021-12-08 18:32:50,678] {logging_mixin.py:109} INFO - [2021-12-08 18:32:50,678] {dagbag.py:500} INFO - Filling up the DagBag from /usr/local/lib/python3.8/dist-packages/airflow/example_dags/example_dag_decorator.py
[2021-12-08 18:32:50,701] {processor.py:637} INFO - DAG(s) dict_keys(['example_dag_decorator']) retrieved from /usr/local/lib/python3.8/dist-packages/airflow/example_dags/example_dag_decorator.py
[2021-12-08 18:32:50,704] {logging_mixin.py:109} WARNING - /usr/local/lib/python3.8/dist-packages/airflow/models/serialized_dag.py:120 SAWarning: TypeDecorator UtcDateTime(timezone=True) will not produce a cache key because the ``cache_ok`` flag is not set to True.  Set this flag to True if this type object's state is safe to use in a cache key, or False to disable this warning.
[2021-12-08 18:32:50,925] {logging_mixin.py:109} INFO - [2021-12-08 18:32:50,925] {dag.py:2396} INFO - Sync 1 DAGs
[2021-12-08 18:32:50,932] {logging_mixin.py:109} WARNING - /usr/local/lib/python3.8/dist-packages/airflow/models/dag.py:2433 SAWarning: TypeDecorator UtcDateTime(timezone=True) will not produce a cache key because the ``cache_ok`` flag is not set to True.  Set this flag to True if this type object's state is safe to use in a cache key, or False to disable this warning.
[2021-12-08 18:32:50,939] {logging_mixin.py:109} INFO - [2021-12-08 18:32:50,939] {dag.py:2928} INFO - Setting next_dagrun for example_dag_decorator to None
[2021-12-08 18:32:51,113] {processor.py:171} INFO - Processing /usr/local/lib/python3.8/dist-packages/airflow/example_dags/example_dag_decorator.py took 0.446 seconds
[2021-12-08 18:33:27,612] {processor.py:163} INFO - Started process (PID=661) to work on /usr/local/lib/python3.8/dist-packages/airflow/example_dags/example_dag_decorator.py
[2021-12-08 18:33:27,630] {processor.py:625} INFO - Processing file /usr/local/lib/python3.8/dist-packages/airflow/example_dags/example_dag_decorator.py for tasks to queue
[2021-12-08 18:33:27,631] {logging_mixin.py:109} INFO - [2021-12-08 18:33:27,630] {dagbag.py:500} INFO - Filling up the DagBag from /usr/local/lib/python3.8/dist-packages/airflow/example_dags/example_dag_decorator.py
[2021-12-08 18:33:27,655] {processor.py:637} INFO - DAG(s) dict_keys(['example_dag_decorator']) retrieved from /usr/local/lib/python3.8/dist-packages/airflow/example_dags/example_dag_decorator.py
[2021-12-08 18:33:27,658] {logging_mixin.py:109} WARNING - /usr/local/lib/python3.8/dist-packages/airflow/models/serialized_dag.py:120 SAWarning: TypeDecorator UtcDateTime(timezone=True) will not produce a cache key because the ``cache_ok`` flag is not set to True.  Set this flag to True if this type object's state is safe to use in a cache key, or False to disable this warning.
[2021-12-08 18:33:27,875] {logging_mixin.py:109} INFO - [2021-12-08 18:33:27,875] {dag.py:2396} INFO - Sync 1 DAGs
[2021-12-08 18:33:27,883] {logging_mixin.py:109} WARNING - /usr/local/lib/python3.8/dist-packages/airflow/models/dag.py:2433 SAWarning: TypeDecorator UtcDateTime(timezone=True) will not produce a cache key because the ``cache_ok`` flag is not set to True.  Set this flag to True if this type object's state is safe to use in a cache key, or False to disable this warning.
[2021-12-08 18:33:27,889] {logging_mixin.py:109} INFO - [2021-12-08 18:33:27,889] {dag.py:2928} INFO - Setting next_dagrun for example_dag_decorator to None
[2021-12-08 18:33:28,122] {processor.py:171} INFO - Processing /usr/local/lib/python3.8/dist-packages/airflow/example_dags/example_dag_decorator.py took 0.513 seconds
[2021-12-08 18:34:20,158] {processor.py:163} INFO - Started process (PID=700) to work on /usr/local/lib/python3.8/dist-packages/airflow/example_dags/example_dag_decorator.py
[2021-12-08 18:34:20,159] {processor.py:625} INFO - Processing file /usr/local/lib/python3.8/dist-packages/airflow/example_dags/example_dag_decorator.py for tasks to queue
[2021-12-08 18:34:20,160] {logging_mixin.py:109} INFO - [2021-12-08 18:34:20,159] {dagbag.py:500} INFO - Filling up the DagBag from /usr/local/lib/python3.8/dist-packages/airflow/example_dags/example_dag_decorator.py
[2021-12-08 18:34:20,181] {processor.py:637} INFO - DAG(s) dict_keys(['example_dag_decorator']) retrieved from /usr/local/lib/python3.8/dist-packages/airflow/example_dags/example_dag_decorator.py
[2021-12-08 18:34:20,185] {logging_mixin.py:109} WARNING - /usr/local/lib/python3.8/dist-packages/airflow/models/serialized_dag.py:120 SAWarning: TypeDecorator UtcDateTime(timezone=True) will not produce a cache key because the ``cache_ok`` flag is not set to True.  Set this flag to True if this type object's state is safe to use in a cache key, or False to disable this warning.
[2021-12-08 18:34:20,395] {logging_mixin.py:109} INFO - [2021-12-08 18:34:20,394] {dag.py:2396} INFO - Sync 1 DAGs
[2021-12-08 18:34:20,402] {logging_mixin.py:109} WARNING - /usr/local/lib/python3.8/dist-packages/airflow/models/dag.py:2433 SAWarning: TypeDecorator UtcDateTime(timezone=True) will not produce a cache key because the ``cache_ok`` flag is not set to True.  Set this flag to True if this type object's state is safe to use in a cache key, or False to disable this warning.
[2021-12-08 18:34:20,408] {logging_mixin.py:109} INFO - [2021-12-08 18:34:20,408] {dag.py:2928} INFO - Setting next_dagrun for example_dag_decorator to None
[2021-12-08 18:34:20,586] {processor.py:171} INFO - Processing /usr/local/lib/python3.8/dist-packages/airflow/example_dags/example_dag_decorator.py took 0.430 seconds
[2021-12-08 18:34:59,275] {processor.py:163} INFO - Started process (PID=729) to work on /usr/local/lib/python3.8/dist-packages/airflow/example_dags/example_dag_decorator.py
[2021-12-08 18:34:59,280] {processor.py:625} INFO - Processing file /usr/local/lib/python3.8/dist-packages/airflow/example_dags/example_dag_decorator.py for tasks to queue
[2021-12-08 18:34:59,281] {logging_mixin.py:109} INFO - [2021-12-08 18:34:59,280] {dagbag.py:500} INFO - Filling up the DagBag from /usr/local/lib/python3.8/dist-packages/airflow/example_dags/example_dag_decorator.py
[2021-12-08 18:34:59,302] {processor.py:637} INFO - DAG(s) dict_keys(['example_dag_decorator']) retrieved from /usr/local/lib/python3.8/dist-packages/airflow/example_dags/example_dag_decorator.py
[2021-12-08 18:34:59,306] {logging_mixin.py:109} WARNING - /usr/local/lib/python3.8/dist-packages/airflow/models/serialized_dag.py:120 SAWarning: TypeDecorator UtcDateTime(timezone=True) will not produce a cache key because the ``cache_ok`` flag is not set to True.  Set this flag to True if this type object's state is safe to use in a cache key, or False to disable this warning.
[2021-12-08 18:34:59,515] {logging_mixin.py:109} INFO - [2021-12-08 18:34:59,515] {dag.py:2396} INFO - Sync 1 DAGs
[2021-12-08 18:34:59,523] {logging_mixin.py:109} WARNING - /usr/local/lib/python3.8/dist-packages/airflow/models/dag.py:2433 SAWarning: TypeDecorator UtcDateTime(timezone=True) will not produce a cache key because the ``cache_ok`` flag is not set to True.  Set this flag to True if this type object's state is safe to use in a cache key, or False to disable this warning.
[2021-12-08 18:34:59,528] {logging_mixin.py:109} INFO - [2021-12-08 18:34:59,528] {dag.py:2928} INFO - Setting next_dagrun for example_dag_decorator to None
[2021-12-08 18:34:59,765] {processor.py:171} INFO - Processing /usr/local/lib/python3.8/dist-packages/airflow/example_dags/example_dag_decorator.py took 0.493 seconds
