[2021-12-08 18:23:13,060] {processor.py:163} INFO - Started process (PID=207) to work on /usr/local/lib/python3.8/dist-packages/airflow/example_dags/example_bash_operator.py
[2021-12-08 18:23:13,061] {processor.py:625} INFO - Processing file /usr/local/lib/python3.8/dist-packages/airflow/example_dags/example_bash_operator.py for tasks to queue
[2021-12-08 18:23:13,061] {logging_mixin.py:109} INFO - [2021-12-08 18:23:13,061] {dagbag.py:500} INFO - Filling up the DagBag from /usr/local/lib/python3.8/dist-packages/airflow/example_dags/example_bash_operator.py
[2021-12-08 18:23:13,079] {processor.py:637} INFO - DAG(s) dict_keys(['example_bash_operator']) retrieved from /usr/local/lib/python3.8/dist-packages/airflow/example_dags/example_bash_operator.py
[2021-12-08 18:23:13,082] {logging_mixin.py:109} WARNING - /usr/local/lib/python3.8/dist-packages/airflow/models/serialized_dag.py:120 SAWarning: TypeDecorator UtcDateTime(timezone=True) will not produce a cache key because the ``cache_ok`` flag is not set to True.  Set this flag to True if this type object's state is safe to use in a cache key, or False to disable this warning.
[2021-12-08 18:23:13,089] {logging_mixin.py:109} INFO - [2021-12-08 18:23:13,088] {dag.py:2396} INFO - Sync 1 DAGs
[2021-12-08 18:23:13,096] {logging_mixin.py:109} WARNING - /usr/local/lib/python3.8/dist-packages/airflow/models/dag.py:2433 SAWarning: TypeDecorator UtcDateTime(timezone=True) will not produce a cache key because the ``cache_ok`` flag is not set to True.  Set this flag to True if this type object's state is safe to use in a cache key, or False to disable this warning.
[2021-12-08 18:23:13,104] {logging_mixin.py:109} INFO - [2021-12-08 18:23:13,104] {dag.py:2928} INFO - Setting next_dagrun for example_bash_operator to 2021-12-07 00:00:00+00:00
[2021-12-08 18:23:13,289] {processor.py:171} INFO - Processing /usr/local/lib/python3.8/dist-packages/airflow/example_dags/example_bash_operator.py took 0.231 seconds
[2021-12-08 18:24:02,847] {processor.py:163} INFO - Started process (PID=243) to work on /usr/local/lib/python3.8/dist-packages/airflow/example_dags/example_bash_operator.py
[2021-12-08 18:24:02,912] {processor.py:625} INFO - Processing file /usr/local/lib/python3.8/dist-packages/airflow/example_dags/example_bash_operator.py for tasks to queue
[2021-12-08 18:24:02,913] {logging_mixin.py:109} INFO - [2021-12-08 18:24:02,913] {dagbag.py:500} INFO - Filling up the DagBag from /usr/local/lib/python3.8/dist-packages/airflow/example_dags/example_bash_operator.py
[2021-12-08 18:24:02,942] {processor.py:637} INFO - DAG(s) dict_keys(['example_bash_operator']) retrieved from /usr/local/lib/python3.8/dist-packages/airflow/example_dags/example_bash_operator.py
[2021-12-08 18:24:02,946] {logging_mixin.py:109} WARNING - /usr/local/lib/python3.8/dist-packages/airflow/models/serialized_dag.py:120 SAWarning: TypeDecorator UtcDateTime(timezone=True) will not produce a cache key because the ``cache_ok`` flag is not set to True.  Set this flag to True if this type object's state is safe to use in a cache key, or False to disable this warning.
[2021-12-08 18:24:02,952] {logging_mixin.py:109} INFO - [2021-12-08 18:24:02,952] {dag.py:2396} INFO - Sync 1 DAGs
[2021-12-08 18:24:02,961] {logging_mixin.py:109} WARNING - /usr/local/lib/python3.8/dist-packages/airflow/models/dag.py:2433 SAWarning: TypeDecorator UtcDateTime(timezone=True) will not produce a cache key because the ``cache_ok`` flag is not set to True.  Set this flag to True if this type object's state is safe to use in a cache key, or False to disable this warning.
[2021-12-08 18:24:02,967] {logging_mixin.py:109} INFO - [2021-12-08 18:24:02,967] {dag.py:2928} INFO - Setting next_dagrun for example_bash_operator to 2021-12-07 00:00:00+00:00
[2021-12-08 18:24:03,126] {processor.py:171} INFO - Processing /usr/local/lib/python3.8/dist-packages/airflow/example_dags/example_bash_operator.py took 0.282 seconds
[2021-12-08 18:24:59,702] {processor.py:163} INFO - Started process (PID=285) to work on /usr/local/lib/python3.8/dist-packages/airflow/example_dags/example_bash_operator.py
[2021-12-08 18:24:59,713] {processor.py:625} INFO - Processing file /usr/local/lib/python3.8/dist-packages/airflow/example_dags/example_bash_operator.py for tasks to queue
[2021-12-08 18:24:59,714] {logging_mixin.py:109} INFO - [2021-12-08 18:24:59,713] {dagbag.py:500} INFO - Filling up the DagBag from /usr/local/lib/python3.8/dist-packages/airflow/example_dags/example_bash_operator.py
[2021-12-08 18:24:59,733] {processor.py:637} INFO - DAG(s) dict_keys(['example_bash_operator']) retrieved from /usr/local/lib/python3.8/dist-packages/airflow/example_dags/example_bash_operator.py
[2021-12-08 18:24:59,737] {logging_mixin.py:109} WARNING - /usr/local/lib/python3.8/dist-packages/airflow/models/serialized_dag.py:120 SAWarning: TypeDecorator UtcDateTime(timezone=True) will not produce a cache key because the ``cache_ok`` flag is not set to True.  Set this flag to True if this type object's state is safe to use in a cache key, or False to disable this warning.
[2021-12-08 18:24:59,744] {logging_mixin.py:109} INFO - [2021-12-08 18:24:59,744] {dag.py:2396} INFO - Sync 1 DAGs
[2021-12-08 18:24:59,754] {logging_mixin.py:109} WARNING - /usr/local/lib/python3.8/dist-packages/airflow/models/dag.py:2433 SAWarning: TypeDecorator UtcDateTime(timezone=True) will not produce a cache key because the ``cache_ok`` flag is not set to True.  Set this flag to True if this type object's state is safe to use in a cache key, or False to disable this warning.
[2021-12-08 18:24:59,762] {logging_mixin.py:109} INFO - [2021-12-08 18:24:59,762] {dag.py:2928} INFO - Setting next_dagrun for example_bash_operator to 2021-12-07 00:00:00+00:00
[2021-12-08 18:24:59,918] {processor.py:171} INFO - Processing /usr/local/lib/python3.8/dist-packages/airflow/example_dags/example_bash_operator.py took 0.219 seconds
[2021-12-08 18:25:58,009] {processor.py:163} INFO - Started process (PID=328) to work on /usr/local/lib/python3.8/dist-packages/airflow/example_dags/example_bash_operator.py
[2021-12-08 18:25:58,062] {processor.py:625} INFO - Processing file /usr/local/lib/python3.8/dist-packages/airflow/example_dags/example_bash_operator.py for tasks to queue
[2021-12-08 18:25:58,063] {logging_mixin.py:109} INFO - [2021-12-08 18:25:58,063] {dagbag.py:500} INFO - Filling up the DagBag from /usr/local/lib/python3.8/dist-packages/airflow/example_dags/example_bash_operator.py
[2021-12-08 18:25:58,084] {processor.py:637} INFO - DAG(s) dict_keys(['example_bash_operator']) retrieved from /usr/local/lib/python3.8/dist-packages/airflow/example_dags/example_bash_operator.py
[2021-12-08 18:25:58,087] {logging_mixin.py:109} WARNING - /usr/local/lib/python3.8/dist-packages/airflow/models/serialized_dag.py:120 SAWarning: TypeDecorator UtcDateTime(timezone=True) will not produce a cache key because the ``cache_ok`` flag is not set to True.  Set this flag to True if this type object's state is safe to use in a cache key, or False to disable this warning.
[2021-12-08 18:25:58,095] {logging_mixin.py:109} INFO - [2021-12-08 18:25:58,095] {dag.py:2396} INFO - Sync 1 DAGs
[2021-12-08 18:25:58,104] {logging_mixin.py:109} WARNING - /usr/local/lib/python3.8/dist-packages/airflow/models/dag.py:2433 SAWarning: TypeDecorator UtcDateTime(timezone=True) will not produce a cache key because the ``cache_ok`` flag is not set to True.  Set this flag to True if this type object's state is safe to use in a cache key, or False to disable this warning.
[2021-12-08 18:25:58,112] {logging_mixin.py:109} INFO - [2021-12-08 18:25:58,112] {dag.py:2928} INFO - Setting next_dagrun for example_bash_operator to 2021-12-07 00:00:00+00:00
[2021-12-08 18:25:58,251] {processor.py:171} INFO - Processing /usr/local/lib/python3.8/dist-packages/airflow/example_dags/example_bash_operator.py took 0.244 seconds
[2021-12-08 18:26:55,721] {processor.py:163} INFO - Started process (PID=371) to work on /usr/local/lib/python3.8/dist-packages/airflow/example_dags/example_bash_operator.py
[2021-12-08 18:26:55,739] {processor.py:625} INFO - Processing file /usr/local/lib/python3.8/dist-packages/airflow/example_dags/example_bash_operator.py for tasks to queue
[2021-12-08 18:26:55,740] {logging_mixin.py:109} INFO - [2021-12-08 18:26:55,740] {dagbag.py:500} INFO - Filling up the DagBag from /usr/local/lib/python3.8/dist-packages/airflow/example_dags/example_bash_operator.py
[2021-12-08 18:26:55,759] {processor.py:637} INFO - DAG(s) dict_keys(['example_bash_operator']) retrieved from /usr/local/lib/python3.8/dist-packages/airflow/example_dags/example_bash_operator.py
[2021-12-08 18:26:55,762] {logging_mixin.py:109} WARNING - /usr/local/lib/python3.8/dist-packages/airflow/models/serialized_dag.py:120 SAWarning: TypeDecorator UtcDateTime(timezone=True) will not produce a cache key because the ``cache_ok`` flag is not set to True.  Set this flag to True if this type object's state is safe to use in a cache key, or False to disable this warning.
[2021-12-08 18:26:55,768] {logging_mixin.py:109} INFO - [2021-12-08 18:26:55,768] {dag.py:2396} INFO - Sync 1 DAGs
[2021-12-08 18:26:55,776] {logging_mixin.py:109} WARNING - /usr/local/lib/python3.8/dist-packages/airflow/models/dag.py:2433 SAWarning: TypeDecorator UtcDateTime(timezone=True) will not produce a cache key because the ``cache_ok`` flag is not set to True.  Set this flag to True if this type object's state is safe to use in a cache key, or False to disable this warning.
[2021-12-08 18:26:55,783] {logging_mixin.py:109} INFO - [2021-12-08 18:26:55,783] {dag.py:2928} INFO - Setting next_dagrun for example_bash_operator to 2021-12-07 00:00:00+00:00
[2021-12-08 18:26:55,937] {processor.py:171} INFO - Processing /usr/local/lib/python3.8/dist-packages/airflow/example_dags/example_bash_operator.py took 0.219 seconds
[2021-12-08 18:27:54,733] {processor.py:163} INFO - Started process (PID=413) to work on /usr/local/lib/python3.8/dist-packages/airflow/example_dags/example_bash_operator.py
[2021-12-08 18:27:54,774] {processor.py:625} INFO - Processing file /usr/local/lib/python3.8/dist-packages/airflow/example_dags/example_bash_operator.py for tasks to queue
[2021-12-08 18:27:54,775] {logging_mixin.py:109} INFO - [2021-12-08 18:27:54,775] {dagbag.py:500} INFO - Filling up the DagBag from /usr/local/lib/python3.8/dist-packages/airflow/example_dags/example_bash_operator.py
[2021-12-08 18:27:54,802] {processor.py:637} INFO - DAG(s) dict_keys(['example_bash_operator']) retrieved from /usr/local/lib/python3.8/dist-packages/airflow/example_dags/example_bash_operator.py
[2021-12-08 18:27:54,806] {logging_mixin.py:109} WARNING - /usr/local/lib/python3.8/dist-packages/airflow/models/serialized_dag.py:120 SAWarning: TypeDecorator UtcDateTime(timezone=True) will not produce a cache key because the ``cache_ok`` flag is not set to True.  Set this flag to True if this type object's state is safe to use in a cache key, or False to disable this warning.
[2021-12-08 18:27:54,816] {logging_mixin.py:109} INFO - [2021-12-08 18:27:54,816] {dag.py:2396} INFO - Sync 1 DAGs
[2021-12-08 18:27:54,825] {logging_mixin.py:109} WARNING - /usr/local/lib/python3.8/dist-packages/airflow/models/dag.py:2433 SAWarning: TypeDecorator UtcDateTime(timezone=True) will not produce a cache key because the ``cache_ok`` flag is not set to True.  Set this flag to True if this type object's state is safe to use in a cache key, or False to disable this warning.
[2021-12-08 18:27:54,832] {logging_mixin.py:109} INFO - [2021-12-08 18:27:54,832] {dag.py:2928} INFO - Setting next_dagrun for example_bash_operator to 2021-12-07 00:00:00+00:00
[2021-12-08 18:27:54,984] {processor.py:171} INFO - Processing /usr/local/lib/python3.8/dist-packages/airflow/example_dags/example_bash_operator.py took 0.259 seconds
[2021-12-08 18:28:50,657] {processor.py:163} INFO - Started process (PID=455) to work on /usr/local/lib/python3.8/dist-packages/airflow/example_dags/example_bash_operator.py
[2021-12-08 18:28:50,676] {processor.py:625} INFO - Processing file /usr/local/lib/python3.8/dist-packages/airflow/example_dags/example_bash_operator.py for tasks to queue
[2021-12-08 18:28:50,677] {logging_mixin.py:109} INFO - [2021-12-08 18:28:50,676] {dagbag.py:500} INFO - Filling up the DagBag from /usr/local/lib/python3.8/dist-packages/airflow/example_dags/example_bash_operator.py
[2021-12-08 18:28:50,696] {processor.py:637} INFO - DAG(s) dict_keys(['example_bash_operator']) retrieved from /usr/local/lib/python3.8/dist-packages/airflow/example_dags/example_bash_operator.py
[2021-12-08 18:28:50,699] {logging_mixin.py:109} WARNING - /usr/local/lib/python3.8/dist-packages/airflow/models/serialized_dag.py:120 SAWarning: TypeDecorator UtcDateTime(timezone=True) will not produce a cache key because the ``cache_ok`` flag is not set to True.  Set this flag to True if this type object's state is safe to use in a cache key, or False to disable this warning.
[2021-12-08 18:28:50,706] {logging_mixin.py:109} INFO - [2021-12-08 18:28:50,706] {dag.py:2396} INFO - Sync 1 DAGs
[2021-12-08 18:28:50,714] {logging_mixin.py:109} WARNING - /usr/local/lib/python3.8/dist-packages/airflow/models/dag.py:2433 SAWarning: TypeDecorator UtcDateTime(timezone=True) will not produce a cache key because the ``cache_ok`` flag is not set to True.  Set this flag to True if this type object's state is safe to use in a cache key, or False to disable this warning.
[2021-12-08 18:28:50,721] {logging_mixin.py:109} INFO - [2021-12-08 18:28:50,721] {dag.py:2928} INFO - Setting next_dagrun for example_bash_operator to 2021-12-07 00:00:00+00:00
[2021-12-08 18:28:50,895] {processor.py:171} INFO - Processing /usr/local/lib/python3.8/dist-packages/airflow/example_dags/example_bash_operator.py took 0.240 seconds
[2021-12-08 18:29:50,584] {processor.py:163} INFO - Started process (PID=498) to work on /usr/local/lib/python3.8/dist-packages/airflow/example_dags/example_bash_operator.py
[2021-12-08 18:29:50,611] {processor.py:625} INFO - Processing file /usr/local/lib/python3.8/dist-packages/airflow/example_dags/example_bash_operator.py for tasks to queue
[2021-12-08 18:29:50,612] {logging_mixin.py:109} INFO - [2021-12-08 18:29:50,612] {dagbag.py:500} INFO - Filling up the DagBag from /usr/local/lib/python3.8/dist-packages/airflow/example_dags/example_bash_operator.py
[2021-12-08 18:29:50,639] {processor.py:637} INFO - DAG(s) dict_keys(['example_bash_operator']) retrieved from /usr/local/lib/python3.8/dist-packages/airflow/example_dags/example_bash_operator.py
[2021-12-08 18:29:50,642] {logging_mixin.py:109} WARNING - /usr/local/lib/python3.8/dist-packages/airflow/models/serialized_dag.py:120 SAWarning: TypeDecorator UtcDateTime(timezone=True) will not produce a cache key because the ``cache_ok`` flag is not set to True.  Set this flag to True if this type object's state is safe to use in a cache key, or False to disable this warning.
[2021-12-08 18:29:50,649] {logging_mixin.py:109} INFO - [2021-12-08 18:29:50,648] {dag.py:2396} INFO - Sync 1 DAGs
[2021-12-08 18:29:50,656] {logging_mixin.py:109} WARNING - /usr/local/lib/python3.8/dist-packages/airflow/models/dag.py:2433 SAWarning: TypeDecorator UtcDateTime(timezone=True) will not produce a cache key because the ``cache_ok`` flag is not set to True.  Set this flag to True if this type object's state is safe to use in a cache key, or False to disable this warning.
[2021-12-08 18:29:50,663] {logging_mixin.py:109} INFO - [2021-12-08 18:29:50,663] {dag.py:2928} INFO - Setting next_dagrun for example_bash_operator to 2021-12-07 00:00:00+00:00
[2021-12-08 18:29:50,820] {processor.py:171} INFO - Processing /usr/local/lib/python3.8/dist-packages/airflow/example_dags/example_bash_operator.py took 0.239 seconds
[2021-12-08 18:30:45,649] {processor.py:163} INFO - Started process (PID=539) to work on /usr/local/lib/python3.8/dist-packages/airflow/example_dags/example_bash_operator.py
[2021-12-08 18:30:45,691] {processor.py:625} INFO - Processing file /usr/local/lib/python3.8/dist-packages/airflow/example_dags/example_bash_operator.py for tasks to queue
[2021-12-08 18:30:45,692] {logging_mixin.py:109} INFO - [2021-12-08 18:30:45,691] {dagbag.py:500} INFO - Filling up the DagBag from /usr/local/lib/python3.8/dist-packages/airflow/example_dags/example_bash_operator.py
[2021-12-08 18:30:45,714] {processor.py:637} INFO - DAG(s) dict_keys(['example_bash_operator']) retrieved from /usr/local/lib/python3.8/dist-packages/airflow/example_dags/example_bash_operator.py
[2021-12-08 18:30:45,718] {logging_mixin.py:109} WARNING - /usr/local/lib/python3.8/dist-packages/airflow/models/serialized_dag.py:120 SAWarning: TypeDecorator UtcDateTime(timezone=True) will not produce a cache key because the ``cache_ok`` flag is not set to True.  Set this flag to True if this type object's state is safe to use in a cache key, or False to disable this warning.
[2021-12-08 18:30:45,724] {logging_mixin.py:109} INFO - [2021-12-08 18:30:45,724] {dag.py:2396} INFO - Sync 1 DAGs
[2021-12-08 18:30:45,732] {logging_mixin.py:109} WARNING - /usr/local/lib/python3.8/dist-packages/airflow/models/dag.py:2433 SAWarning: TypeDecorator UtcDateTime(timezone=True) will not produce a cache key because the ``cache_ok`` flag is not set to True.  Set this flag to True if this type object's state is safe to use in a cache key, or False to disable this warning.
[2021-12-08 18:30:45,738] {logging_mixin.py:109} INFO - [2021-12-08 18:30:45,738] {dag.py:2928} INFO - Setting next_dagrun for example_bash_operator to 2021-12-07 00:00:00+00:00
[2021-12-08 18:30:45,888] {processor.py:171} INFO - Processing /usr/local/lib/python3.8/dist-packages/airflow/example_dags/example_bash_operator.py took 0.242 seconds
[2021-12-08 18:31:39,942] {processor.py:163} INFO - Started process (PID=580) to work on /usr/local/lib/python3.8/dist-packages/airflow/example_dags/example_bash_operator.py
[2021-12-08 18:31:40,016] {processor.py:625} INFO - Processing file /usr/local/lib/python3.8/dist-packages/airflow/example_dags/example_bash_operator.py for tasks to queue
[2021-12-08 18:31:40,016] {logging_mixin.py:109} INFO - [2021-12-08 18:31:40,016] {dagbag.py:500} INFO - Filling up the DagBag from /usr/local/lib/python3.8/dist-packages/airflow/example_dags/example_bash_operator.py
[2021-12-08 18:31:40,045] {processor.py:637} INFO - DAG(s) dict_keys(['example_bash_operator']) retrieved from /usr/local/lib/python3.8/dist-packages/airflow/example_dags/example_bash_operator.py
[2021-12-08 18:31:40,049] {logging_mixin.py:109} WARNING - /usr/local/lib/python3.8/dist-packages/airflow/models/serialized_dag.py:120 SAWarning: TypeDecorator UtcDateTime(timezone=True) will not produce a cache key because the ``cache_ok`` flag is not set to True.  Set this flag to True if this type object's state is safe to use in a cache key, or False to disable this warning.
[2021-12-08 18:31:40,055] {logging_mixin.py:109} INFO - [2021-12-08 18:31:40,055] {dag.py:2396} INFO - Sync 1 DAGs
[2021-12-08 18:31:40,063] {logging_mixin.py:109} WARNING - /usr/local/lib/python3.8/dist-packages/airflow/models/dag.py:2433 SAWarning: TypeDecorator UtcDateTime(timezone=True) will not produce a cache key because the ``cache_ok`` flag is not set to True.  Set this flag to True if this type object's state is safe to use in a cache key, or False to disable this warning.
[2021-12-08 18:31:40,071] {logging_mixin.py:109} INFO - [2021-12-08 18:31:40,071] {dag.py:2928} INFO - Setting next_dagrun for example_bash_operator to 2021-12-07 00:00:00+00:00
[2021-12-08 18:31:40,239] {processor.py:171} INFO - Processing /usr/local/lib/python3.8/dist-packages/airflow/example_dags/example_bash_operator.py took 0.301 seconds
[2021-12-08 18:32:38,113] {processor.py:163} INFO - Started process (PID=623) to work on /usr/local/lib/python3.8/dist-packages/airflow/example_dags/example_bash_operator.py
[2021-12-08 18:32:38,128] {processor.py:625} INFO - Processing file /usr/local/lib/python3.8/dist-packages/airflow/example_dags/example_bash_operator.py for tasks to queue
[2021-12-08 18:32:38,128] {logging_mixin.py:109} INFO - [2021-12-08 18:32:38,128] {dagbag.py:500} INFO - Filling up the DagBag from /usr/local/lib/python3.8/dist-packages/airflow/example_dags/example_bash_operator.py
[2021-12-08 18:32:38,149] {processor.py:637} INFO - DAG(s) dict_keys(['example_bash_operator']) retrieved from /usr/local/lib/python3.8/dist-packages/airflow/example_dags/example_bash_operator.py
[2021-12-08 18:32:38,153] {logging_mixin.py:109} WARNING - /usr/local/lib/python3.8/dist-packages/airflow/models/serialized_dag.py:120 SAWarning: TypeDecorator UtcDateTime(timezone=True) will not produce a cache key because the ``cache_ok`` flag is not set to True.  Set this flag to True if this type object's state is safe to use in a cache key, or False to disable this warning.
[2021-12-08 18:32:38,159] {logging_mixin.py:109} INFO - [2021-12-08 18:32:38,159] {dag.py:2396} INFO - Sync 1 DAGs
[2021-12-08 18:32:38,167] {logging_mixin.py:109} WARNING - /usr/local/lib/python3.8/dist-packages/airflow/models/dag.py:2433 SAWarning: TypeDecorator UtcDateTime(timezone=True) will not produce a cache key because the ``cache_ok`` flag is not set to True.  Set this flag to True if this type object's state is safe to use in a cache key, or False to disable this warning.
[2021-12-08 18:32:38,174] {logging_mixin.py:109} INFO - [2021-12-08 18:32:38,174] {dag.py:2928} INFO - Setting next_dagrun for example_bash_operator to 2021-12-07 00:00:00+00:00
[2021-12-08 18:32:38,348] {processor.py:171} INFO - Processing /usr/local/lib/python3.8/dist-packages/airflow/example_dags/example_bash_operator.py took 0.237 seconds
[2021-12-08 18:33:33,349] {processor.py:163} INFO - Started process (PID=665) to work on /usr/local/lib/python3.8/dist-packages/airflow/example_dags/example_bash_operator.py
[2021-12-08 18:33:33,385] {processor.py:625} INFO - Processing file /usr/local/lib/python3.8/dist-packages/airflow/example_dags/example_bash_operator.py for tasks to queue
[2021-12-08 18:33:33,386] {logging_mixin.py:109} INFO - [2021-12-08 18:33:33,386] {dagbag.py:500} INFO - Filling up the DagBag from /usr/local/lib/python3.8/dist-packages/airflow/example_dags/example_bash_operator.py
[2021-12-08 18:33:33,408] {processor.py:637} INFO - DAG(s) dict_keys(['example_bash_operator']) retrieved from /usr/local/lib/python3.8/dist-packages/airflow/example_dags/example_bash_operator.py
[2021-12-08 18:33:33,411] {logging_mixin.py:109} WARNING - /usr/local/lib/python3.8/dist-packages/airflow/models/serialized_dag.py:120 SAWarning: TypeDecorator UtcDateTime(timezone=True) will not produce a cache key because the ``cache_ok`` flag is not set to True.  Set this flag to True if this type object's state is safe to use in a cache key, or False to disable this warning.
[2021-12-08 18:33:33,418] {logging_mixin.py:109} INFO - [2021-12-08 18:33:33,418] {dag.py:2396} INFO - Sync 1 DAGs
[2021-12-08 18:33:33,426] {logging_mixin.py:109} WARNING - /usr/local/lib/python3.8/dist-packages/airflow/models/dag.py:2433 SAWarning: TypeDecorator UtcDateTime(timezone=True) will not produce a cache key because the ``cache_ok`` flag is not set to True.  Set this flag to True if this type object's state is safe to use in a cache key, or False to disable this warning.
[2021-12-08 18:33:33,433] {logging_mixin.py:109} INFO - [2021-12-08 18:33:33,433] {dag.py:2928} INFO - Setting next_dagrun for example_bash_operator to 2021-12-07 00:00:00+00:00
[2021-12-08 18:33:33,560] {processor.py:171} INFO - Processing /usr/local/lib/python3.8/dist-packages/airflow/example_dags/example_bash_operator.py took 0.215 seconds
[2021-12-08 18:34:25,548] {processor.py:163} INFO - Started process (PID=704) to work on /usr/local/lib/python3.8/dist-packages/airflow/example_dags/example_bash_operator.py
[2021-12-08 18:34:25,549] {processor.py:625} INFO - Processing file /usr/local/lib/python3.8/dist-packages/airflow/example_dags/example_bash_operator.py for tasks to queue
[2021-12-08 18:34:25,550] {logging_mixin.py:109} INFO - [2021-12-08 18:34:25,550] {dagbag.py:500} INFO - Filling up the DagBag from /usr/local/lib/python3.8/dist-packages/airflow/example_dags/example_bash_operator.py
[2021-12-08 18:34:25,569] {processor.py:637} INFO - DAG(s) dict_keys(['example_bash_operator']) retrieved from /usr/local/lib/python3.8/dist-packages/airflow/example_dags/example_bash_operator.py
[2021-12-08 18:34:25,572] {logging_mixin.py:109} WARNING - /usr/local/lib/python3.8/dist-packages/airflow/models/serialized_dag.py:120 SAWarning: TypeDecorator UtcDateTime(timezone=True) will not produce a cache key because the ``cache_ok`` flag is not set to True.  Set this flag to True if this type object's state is safe to use in a cache key, or False to disable this warning.
[2021-12-08 18:34:25,579] {logging_mixin.py:109} INFO - [2021-12-08 18:34:25,579] {dag.py:2396} INFO - Sync 1 DAGs
[2021-12-08 18:34:25,587] {logging_mixin.py:109} WARNING - /usr/local/lib/python3.8/dist-packages/airflow/models/dag.py:2433 SAWarning: TypeDecorator UtcDateTime(timezone=True) will not produce a cache key because the ``cache_ok`` flag is not set to True.  Set this flag to True if this type object's state is safe to use in a cache key, or False to disable this warning.
[2021-12-08 18:34:25,594] {logging_mixin.py:109} INFO - [2021-12-08 18:34:25,593] {dag.py:2928} INFO - Setting next_dagrun for example_bash_operator to 2021-12-07 00:00:00+00:00
[2021-12-08 18:34:25,827] {processor.py:171} INFO - Processing /usr/local/lib/python3.8/dist-packages/airflow/example_dags/example_bash_operator.py took 0.281 seconds
