[2021-12-08 18:22:54,913] {processor.py:163} INFO - Started process (PID=194) to work on /usr/local/lib/python3.8/dist-packages/airflow/example_dags/example_kubernetes_executor_config.py
[2021-12-08 18:22:54,914] {processor.py:625} INFO - Processing file /usr/local/lib/python3.8/dist-packages/airflow/example_dags/example_kubernetes_executor_config.py for tasks to queue
[2021-12-08 18:22:54,914] {logging_mixin.py:109} INFO - [2021-12-08 18:22:54,914] {dagbag.py:500} INFO - Filling up the DagBag from /usr/local/lib/python3.8/dist-packages/airflow/example_dags/example_kubernetes_executor_config.py
[2021-12-08 18:22:54,919] {logging_mixin.py:109} INFO - [2021-12-08 18:22:54,918] {example_kubernetes_executor_config.py:171} WARNING - Could not import DAGs in example_kubernetes_executor_config.py: No module named 'kubernetes'
[2021-12-08 18:22:54,919] {logging_mixin.py:109} INFO - [2021-12-08 18:22:54,919] {example_kubernetes_executor_config.py:172} WARNING - Install kubernetes dependencies with: pip install apache-airflow['cncf.kubernetes']
[2021-12-08 18:22:54,927] {processor.py:639} WARNING - No viable dags retrieved from /usr/local/lib/python3.8/dist-packages/airflow/example_dags/example_kubernetes_executor_config.py
[2021-12-08 18:22:54,929] {processor.py:171} INFO - Processing /usr/local/lib/python3.8/dist-packages/airflow/example_dags/example_kubernetes_executor_config.py took 0.019 seconds
[2021-12-08 18:23:43,572] {processor.py:163} INFO - Started process (PID=229) to work on /usr/local/lib/python3.8/dist-packages/airflow/example_dags/example_kubernetes_executor_config.py
[2021-12-08 18:23:43,607] {processor.py:625} INFO - Processing file /usr/local/lib/python3.8/dist-packages/airflow/example_dags/example_kubernetes_executor_config.py for tasks to queue
[2021-12-08 18:23:43,608] {logging_mixin.py:109} INFO - [2021-12-08 18:23:43,608] {dagbag.py:500} INFO - Filling up the DagBag from /usr/local/lib/python3.8/dist-packages/airflow/example_dags/example_kubernetes_executor_config.py
[2021-12-08 18:23:43,615] {logging_mixin.py:109} INFO - [2021-12-08 18:23:43,615] {example_kubernetes_executor_config.py:171} WARNING - Could not import DAGs in example_kubernetes_executor_config.py: No module named 'kubernetes'
[2021-12-08 18:23:43,615] {logging_mixin.py:109} INFO - [2021-12-08 18:23:43,615] {example_kubernetes_executor_config.py:172} WARNING - Install kubernetes dependencies with: pip install apache-airflow['cncf.kubernetes']
[2021-12-08 18:23:43,628] {processor.py:639} WARNING - No viable dags retrieved from /usr/local/lib/python3.8/dist-packages/airflow/example_dags/example_kubernetes_executor_config.py
[2021-12-08 18:23:43,631] {processor.py:171} INFO - Processing /usr/local/lib/python3.8/dist-packages/airflow/example_dags/example_kubernetes_executor_config.py took 0.062 seconds
[2021-12-08 18:24:33,436] {processor.py:163} INFO - Started process (PID=266) to work on /usr/local/lib/python3.8/dist-packages/airflow/example_dags/example_kubernetes_executor_config.py
[2021-12-08 18:24:33,445] {processor.py:625} INFO - Processing file /usr/local/lib/python3.8/dist-packages/airflow/example_dags/example_kubernetes_executor_config.py for tasks to queue
[2021-12-08 18:24:33,446] {logging_mixin.py:109} INFO - [2021-12-08 18:24:33,446] {dagbag.py:500} INFO - Filling up the DagBag from /usr/local/lib/python3.8/dist-packages/airflow/example_dags/example_kubernetes_executor_config.py
[2021-12-08 18:24:33,451] {logging_mixin.py:109} INFO - [2021-12-08 18:24:33,451] {example_kubernetes_executor_config.py:171} WARNING - Could not import DAGs in example_kubernetes_executor_config.py: No module named 'kubernetes'
[2021-12-08 18:24:33,451] {logging_mixin.py:109} INFO - [2021-12-08 18:24:33,451] {example_kubernetes_executor_config.py:172} WARNING - Install kubernetes dependencies with: pip install apache-airflow['cncf.kubernetes']
[2021-12-08 18:24:33,460] {processor.py:639} WARNING - No viable dags retrieved from /usr/local/lib/python3.8/dist-packages/airflow/example_dags/example_kubernetes_executor_config.py
[2021-12-08 18:24:33,462] {processor.py:171} INFO - Processing /usr/local/lib/python3.8/dist-packages/airflow/example_dags/example_kubernetes_executor_config.py took 0.029 seconds
[2021-12-08 18:25:12,361] {processor.py:163} INFO - Started process (PID=294) to work on /usr/local/lib/python3.8/dist-packages/airflow/example_dags/example_kubernetes_executor_config.py
[2021-12-08 18:25:12,369] {processor.py:625} INFO - Processing file /usr/local/lib/python3.8/dist-packages/airflow/example_dags/example_kubernetes_executor_config.py for tasks to queue
[2021-12-08 18:25:12,370] {logging_mixin.py:109} INFO - [2021-12-08 18:25:12,370] {dagbag.py:500} INFO - Filling up the DagBag from /usr/local/lib/python3.8/dist-packages/airflow/example_dags/example_kubernetes_executor_config.py
[2021-12-08 18:25:12,380] {logging_mixin.py:109} INFO - [2021-12-08 18:25:12,380] {example_kubernetes_executor_config.py:171} WARNING - Could not import DAGs in example_kubernetes_executor_config.py: No module named 'kubernetes'
[2021-12-08 18:25:12,381] {logging_mixin.py:109} INFO - [2021-12-08 18:25:12,380] {example_kubernetes_executor_config.py:172} WARNING - Install kubernetes dependencies with: pip install apache-airflow['cncf.kubernetes']
[2021-12-08 18:25:12,399] {processor.py:639} WARNING - No viable dags retrieved from /usr/local/lib/python3.8/dist-packages/airflow/example_dags/example_kubernetes_executor_config.py
[2021-12-08 18:25:12,403] {processor.py:171} INFO - Processing /usr/local/lib/python3.8/dist-packages/airflow/example_dags/example_kubernetes_executor_config.py took 0.047 seconds
[2021-12-08 18:25:51,229] {processor.py:163} INFO - Started process (PID=323) to work on /usr/local/lib/python3.8/dist-packages/airflow/example_dags/example_kubernetes_executor_config.py
[2021-12-08 18:25:51,237] {processor.py:625} INFO - Processing file /usr/local/lib/python3.8/dist-packages/airflow/example_dags/example_kubernetes_executor_config.py for tasks to queue
[2021-12-08 18:25:51,238] {logging_mixin.py:109} INFO - [2021-12-08 18:25:51,237] {dagbag.py:500} INFO - Filling up the DagBag from /usr/local/lib/python3.8/dist-packages/airflow/example_dags/example_kubernetes_executor_config.py
[2021-12-08 18:25:51,243] {logging_mixin.py:109} INFO - [2021-12-08 18:25:51,242] {example_kubernetes_executor_config.py:171} WARNING - Could not import DAGs in example_kubernetes_executor_config.py: No module named 'kubernetes'
[2021-12-08 18:25:51,243] {logging_mixin.py:109} INFO - [2021-12-08 18:25:51,243] {example_kubernetes_executor_config.py:172} WARNING - Install kubernetes dependencies with: pip install apache-airflow['cncf.kubernetes']
[2021-12-08 18:25:51,251] {processor.py:639} WARNING - No viable dags retrieved from /usr/local/lib/python3.8/dist-packages/airflow/example_dags/example_kubernetes_executor_config.py
[2021-12-08 18:25:51,253] {processor.py:171} INFO - Processing /usr/local/lib/python3.8/dist-packages/airflow/example_dags/example_kubernetes_executor_config.py took 0.027 seconds
[2021-12-08 18:26:30,155] {processor.py:163} INFO - Started process (PID=352) to work on /usr/local/lib/python3.8/dist-packages/airflow/example_dags/example_kubernetes_executor_config.py
[2021-12-08 18:26:30,183] {processor.py:625} INFO - Processing file /usr/local/lib/python3.8/dist-packages/airflow/example_dags/example_kubernetes_executor_config.py for tasks to queue
[2021-12-08 18:26:30,183] {logging_mixin.py:109} INFO - [2021-12-08 18:26:30,183] {dagbag.py:500} INFO - Filling up the DagBag from /usr/local/lib/python3.8/dist-packages/airflow/example_dags/example_kubernetes_executor_config.py
[2021-12-08 18:26:30,188] {logging_mixin.py:109} INFO - [2021-12-08 18:26:30,188] {example_kubernetes_executor_config.py:171} WARNING - Could not import DAGs in example_kubernetes_executor_config.py: No module named 'kubernetes'
[2021-12-08 18:26:30,188] {logging_mixin.py:109} INFO - [2021-12-08 18:26:30,188] {example_kubernetes_executor_config.py:172} WARNING - Install kubernetes dependencies with: pip install apache-airflow['cncf.kubernetes']
[2021-12-08 18:26:30,198] {processor.py:639} WARNING - No viable dags retrieved from /usr/local/lib/python3.8/dist-packages/airflow/example_dags/example_kubernetes_executor_config.py
[2021-12-08 18:26:30,200] {processor.py:171} INFO - Processing /usr/local/lib/python3.8/dist-packages/airflow/example_dags/example_kubernetes_executor_config.py took 0.058 seconds
[2021-12-08 18:27:08,205] {processor.py:163} INFO - Started process (PID=380) to work on /usr/local/lib/python3.8/dist-packages/airflow/example_dags/example_kubernetes_executor_config.py
[2021-12-08 18:27:08,221] {processor.py:625} INFO - Processing file /usr/local/lib/python3.8/dist-packages/airflow/example_dags/example_kubernetes_executor_config.py for tasks to queue
[2021-12-08 18:27:08,221] {logging_mixin.py:109} INFO - [2021-12-08 18:27:08,221] {dagbag.py:500} INFO - Filling up the DagBag from /usr/local/lib/python3.8/dist-packages/airflow/example_dags/example_kubernetes_executor_config.py
[2021-12-08 18:27:08,226] {logging_mixin.py:109} INFO - [2021-12-08 18:27:08,226] {example_kubernetes_executor_config.py:171} WARNING - Could not import DAGs in example_kubernetes_executor_config.py: No module named 'kubernetes'
[2021-12-08 18:27:08,226] {logging_mixin.py:109} INFO - [2021-12-08 18:27:08,226] {example_kubernetes_executor_config.py:172} WARNING - Install kubernetes dependencies with: pip install apache-airflow['cncf.kubernetes']
[2021-12-08 18:27:08,237] {processor.py:639} WARNING - No viable dags retrieved from /usr/local/lib/python3.8/dist-packages/airflow/example_dags/example_kubernetes_executor_config.py
[2021-12-08 18:27:08,240] {processor.py:171} INFO - Processing /usr/local/lib/python3.8/dist-packages/airflow/example_dags/example_kubernetes_executor_config.py took 0.038 seconds
[2021-12-08 18:27:49,234] {processor.py:163} INFO - Started process (PID=409) to work on /usr/local/lib/python3.8/dist-packages/airflow/example_dags/example_kubernetes_executor_config.py
[2021-12-08 18:27:49,263] {processor.py:625} INFO - Processing file /usr/local/lib/python3.8/dist-packages/airflow/example_dags/example_kubernetes_executor_config.py for tasks to queue
[2021-12-08 18:27:49,264] {logging_mixin.py:109} INFO - [2021-12-08 18:27:49,264] {dagbag.py:500} INFO - Filling up the DagBag from /usr/local/lib/python3.8/dist-packages/airflow/example_dags/example_kubernetes_executor_config.py
[2021-12-08 18:27:49,271] {logging_mixin.py:109} INFO - [2021-12-08 18:27:49,271] {example_kubernetes_executor_config.py:171} WARNING - Could not import DAGs in example_kubernetes_executor_config.py: No module named 'kubernetes'
[2021-12-08 18:27:49,271] {logging_mixin.py:109} INFO - [2021-12-08 18:27:49,271] {example_kubernetes_executor_config.py:172} WARNING - Install kubernetes dependencies with: pip install apache-airflow['cncf.kubernetes']
[2021-12-08 18:27:49,285] {processor.py:639} WARNING - No viable dags retrieved from /usr/local/lib/python3.8/dist-packages/airflow/example_dags/example_kubernetes_executor_config.py
[2021-12-08 18:27:49,288] {processor.py:171} INFO - Processing /usr/local/lib/python3.8/dist-packages/airflow/example_dags/example_kubernetes_executor_config.py took 0.056 seconds
[2021-12-08 18:28:30,461] {processor.py:163} INFO - Started process (PID=439) to work on /usr/local/lib/python3.8/dist-packages/airflow/example_dags/example_kubernetes_executor_config.py
[2021-12-08 18:28:30,475] {processor.py:625} INFO - Processing file /usr/local/lib/python3.8/dist-packages/airflow/example_dags/example_kubernetes_executor_config.py for tasks to queue
[2021-12-08 18:28:30,476] {logging_mixin.py:109} INFO - [2021-12-08 18:28:30,476] {dagbag.py:500} INFO - Filling up the DagBag from /usr/local/lib/python3.8/dist-packages/airflow/example_dags/example_kubernetes_executor_config.py
[2021-12-08 18:28:30,481] {logging_mixin.py:109} INFO - [2021-12-08 18:28:30,481] {example_kubernetes_executor_config.py:171} WARNING - Could not import DAGs in example_kubernetes_executor_config.py: No module named 'kubernetes'
[2021-12-08 18:28:30,481] {logging_mixin.py:109} INFO - [2021-12-08 18:28:30,481] {example_kubernetes_executor_config.py:172} WARNING - Install kubernetes dependencies with: pip install apache-airflow['cncf.kubernetes']
[2021-12-08 18:28:30,491] {processor.py:639} WARNING - No viable dags retrieved from /usr/local/lib/python3.8/dist-packages/airflow/example_dags/example_kubernetes_executor_config.py
[2021-12-08 18:28:30,493] {processor.py:171} INFO - Processing /usr/local/lib/python3.8/dist-packages/airflow/example_dags/example_kubernetes_executor_config.py took 0.035 seconds
[2021-12-08 18:29:25,703] {processor.py:163} INFO - Started process (PID=480) to work on /usr/local/lib/python3.8/dist-packages/airflow/example_dags/example_kubernetes_executor_config.py
[2021-12-08 18:29:25,721] {processor.py:625} INFO - Processing file /usr/local/lib/python3.8/dist-packages/airflow/example_dags/example_kubernetes_executor_config.py for tasks to queue
[2021-12-08 18:29:25,721] {logging_mixin.py:109} INFO - [2021-12-08 18:29:25,721] {dagbag.py:500} INFO - Filling up the DagBag from /usr/local/lib/python3.8/dist-packages/airflow/example_dags/example_kubernetes_executor_config.py
[2021-12-08 18:29:25,726] {logging_mixin.py:109} INFO - [2021-12-08 18:29:25,726] {example_kubernetes_executor_config.py:171} WARNING - Could not import DAGs in example_kubernetes_executor_config.py: No module named 'kubernetes'
[2021-12-08 18:29:25,726] {logging_mixin.py:109} INFO - [2021-12-08 18:29:25,726] {example_kubernetes_executor_config.py:172} WARNING - Install kubernetes dependencies with: pip install apache-airflow['cncf.kubernetes']
[2021-12-08 18:29:25,736] {processor.py:639} WARNING - No viable dags retrieved from /usr/local/lib/python3.8/dist-packages/airflow/example_dags/example_kubernetes_executor_config.py
[2021-12-08 18:29:25,738] {processor.py:171} INFO - Processing /usr/local/lib/python3.8/dist-packages/airflow/example_dags/example_kubernetes_executor_config.py took 0.038 seconds
[2021-12-08 18:30:06,143] {processor.py:163} INFO - Started process (PID=510) to work on /usr/local/lib/python3.8/dist-packages/airflow/example_dags/example_kubernetes_executor_config.py
[2021-12-08 18:30:06,211] {processor.py:625} INFO - Processing file /usr/local/lib/python3.8/dist-packages/airflow/example_dags/example_kubernetes_executor_config.py for tasks to queue
[2021-12-08 18:30:06,213] {logging_mixin.py:109} INFO - [2021-12-08 18:30:06,213] {dagbag.py:500} INFO - Filling up the DagBag from /usr/local/lib/python3.8/dist-packages/airflow/example_dags/example_kubernetes_executor_config.py
[2021-12-08 18:30:06,231] {logging_mixin.py:109} INFO - [2021-12-08 18:30:06,231] {example_kubernetes_executor_config.py:171} WARNING - Could not import DAGs in example_kubernetes_executor_config.py: No module named 'kubernetes'
[2021-12-08 18:30:06,232] {logging_mixin.py:109} INFO - [2021-12-08 18:30:06,232] {example_kubernetes_executor_config.py:172} WARNING - Install kubernetes dependencies with: pip install apache-airflow['cncf.kubernetes']
[2021-12-08 18:30:06,247] {processor.py:639} WARNING - No viable dags retrieved from /usr/local/lib/python3.8/dist-packages/airflow/example_dags/example_kubernetes_executor_config.py
[2021-12-08 18:30:06,250] {processor.py:171} INFO - Processing /usr/local/lib/python3.8/dist-packages/airflow/example_dags/example_kubernetes_executor_config.py took 0.111 seconds
[2021-12-08 18:31:01,841] {processor.py:163} INFO - Started process (PID=551) to work on /usr/local/lib/python3.8/dist-packages/airflow/example_dags/example_kubernetes_executor_config.py
[2021-12-08 18:31:01,859] {processor.py:625} INFO - Processing file /usr/local/lib/python3.8/dist-packages/airflow/example_dags/example_kubernetes_executor_config.py for tasks to queue
[2021-12-08 18:31:01,859] {logging_mixin.py:109} INFO - [2021-12-08 18:31:01,859] {dagbag.py:500} INFO - Filling up the DagBag from /usr/local/lib/python3.8/dist-packages/airflow/example_dags/example_kubernetes_executor_config.py
[2021-12-08 18:31:01,864] {logging_mixin.py:109} INFO - [2021-12-08 18:31:01,864] {example_kubernetes_executor_config.py:171} WARNING - Could not import DAGs in example_kubernetes_executor_config.py: No module named 'kubernetes'
[2021-12-08 18:31:01,864] {logging_mixin.py:109} INFO - [2021-12-08 18:31:01,864] {example_kubernetes_executor_config.py:172} WARNING - Install kubernetes dependencies with: pip install apache-airflow['cncf.kubernetes']
[2021-12-08 18:31:01,873] {processor.py:639} WARNING - No viable dags retrieved from /usr/local/lib/python3.8/dist-packages/airflow/example_dags/example_kubernetes_executor_config.py
[2021-12-08 18:31:01,875] {processor.py:171} INFO - Processing /usr/local/lib/python3.8/dist-packages/airflow/example_dags/example_kubernetes_executor_config.py took 0.037 seconds
[2021-12-08 18:31:56,767] {processor.py:163} INFO - Started process (PID=592) to work on /usr/local/lib/python3.8/dist-packages/airflow/example_dags/example_kubernetes_executor_config.py
[2021-12-08 18:31:56,793] {processor.py:625} INFO - Processing file /usr/local/lib/python3.8/dist-packages/airflow/example_dags/example_kubernetes_executor_config.py for tasks to queue
[2021-12-08 18:31:56,794] {logging_mixin.py:109} INFO - [2021-12-08 18:31:56,794] {dagbag.py:500} INFO - Filling up the DagBag from /usr/local/lib/python3.8/dist-packages/airflow/example_dags/example_kubernetes_executor_config.py
[2021-12-08 18:31:56,801] {logging_mixin.py:109} INFO - [2021-12-08 18:31:56,801] {example_kubernetes_executor_config.py:171} WARNING - Could not import DAGs in example_kubernetes_executor_config.py: No module named 'kubernetes'
[2021-12-08 18:31:56,801] {logging_mixin.py:109} INFO - [2021-12-08 18:31:56,801] {example_kubernetes_executor_config.py:172} WARNING - Install kubernetes dependencies with: pip install apache-airflow['cncf.kubernetes']
[2021-12-08 18:31:56,814] {processor.py:639} WARNING - No viable dags retrieved from /usr/local/lib/python3.8/dist-packages/airflow/example_dags/example_kubernetes_executor_config.py
[2021-12-08 18:31:56,817] {processor.py:171} INFO - Processing /usr/local/lib/python3.8/dist-packages/airflow/example_dags/example_kubernetes_executor_config.py took 0.056 seconds
[2021-12-08 18:32:35,517] {processor.py:163} INFO - Started process (PID=621) to work on /usr/local/lib/python3.8/dist-packages/airflow/example_dags/example_kubernetes_executor_config.py
[2021-12-08 18:32:35,539] {processor.py:625} INFO - Processing file /usr/local/lib/python3.8/dist-packages/airflow/example_dags/example_kubernetes_executor_config.py for tasks to queue
[2021-12-08 18:32:35,540] {logging_mixin.py:109} INFO - [2021-12-08 18:32:35,539] {dagbag.py:500} INFO - Filling up the DagBag from /usr/local/lib/python3.8/dist-packages/airflow/example_dags/example_kubernetes_executor_config.py
[2021-12-08 18:32:35,546] {logging_mixin.py:109} INFO - [2021-12-08 18:32:35,546] {example_kubernetes_executor_config.py:171} WARNING - Could not import DAGs in example_kubernetes_executor_config.py: No module named 'kubernetes'
[2021-12-08 18:32:35,546] {logging_mixin.py:109} INFO - [2021-12-08 18:32:35,546] {example_kubernetes_executor_config.py:172} WARNING - Install kubernetes dependencies with: pip install apache-airflow['cncf.kubernetes']
[2021-12-08 18:32:35,558] {processor.py:639} WARNING - No viable dags retrieved from /usr/local/lib/python3.8/dist-packages/airflow/example_dags/example_kubernetes_executor_config.py
[2021-12-08 18:32:35,560] {processor.py:171} INFO - Processing /usr/local/lib/python3.8/dist-packages/airflow/example_dags/example_kubernetes_executor_config.py took 0.046 seconds
[2021-12-08 18:33:14,061] {processor.py:163} INFO - Started process (PID=650) to work on /usr/local/lib/python3.8/dist-packages/airflow/example_dags/example_kubernetes_executor_config.py
[2021-12-08 18:33:14,073] {processor.py:625} INFO - Processing file /usr/local/lib/python3.8/dist-packages/airflow/example_dags/example_kubernetes_executor_config.py for tasks to queue
[2021-12-08 18:33:14,074] {logging_mixin.py:109} INFO - [2021-12-08 18:33:14,074] {dagbag.py:500} INFO - Filling up the DagBag from /usr/local/lib/python3.8/dist-packages/airflow/example_dags/example_kubernetes_executor_config.py
[2021-12-08 18:33:14,078] {logging_mixin.py:109} INFO - [2021-12-08 18:33:14,078] {example_kubernetes_executor_config.py:171} WARNING - Could not import DAGs in example_kubernetes_executor_config.py: No module named 'kubernetes'
[2021-12-08 18:33:14,079] {logging_mixin.py:109} INFO - [2021-12-08 18:33:14,079] {example_kubernetes_executor_config.py:172} WARNING - Install kubernetes dependencies with: pip install apache-airflow['cncf.kubernetes']
[2021-12-08 18:33:14,088] {processor.py:639} WARNING - No viable dags retrieved from /usr/local/lib/python3.8/dist-packages/airflow/example_dags/example_kubernetes_executor_config.py
[2021-12-08 18:33:14,090] {processor.py:171} INFO - Processing /usr/local/lib/python3.8/dist-packages/airflow/example_dags/example_kubernetes_executor_config.py took 0.032 seconds
[2021-12-08 18:34:03,904] {processor.py:163} INFO - Started process (PID=688) to work on /usr/local/lib/python3.8/dist-packages/airflow/example_dags/example_kubernetes_executor_config.py
[2021-12-08 18:34:03,919] {processor.py:625} INFO - Processing file /usr/local/lib/python3.8/dist-packages/airflow/example_dags/example_kubernetes_executor_config.py for tasks to queue
[2021-12-08 18:34:03,920] {logging_mixin.py:109} INFO - [2021-12-08 18:34:03,920] {dagbag.py:500} INFO - Filling up the DagBag from /usr/local/lib/python3.8/dist-packages/airflow/example_dags/example_kubernetes_executor_config.py
[2021-12-08 18:34:03,925] {logging_mixin.py:109} INFO - [2021-12-08 18:34:03,925] {example_kubernetes_executor_config.py:171} WARNING - Could not import DAGs in example_kubernetes_executor_config.py: No module named 'kubernetes'
[2021-12-08 18:34:03,925] {logging_mixin.py:109} INFO - [2021-12-08 18:34:03,925] {example_kubernetes_executor_config.py:172} WARNING - Install kubernetes dependencies with: pip install apache-airflow['cncf.kubernetes']
[2021-12-08 18:34:03,935] {processor.py:639} WARNING - No viable dags retrieved from /usr/local/lib/python3.8/dist-packages/airflow/example_dags/example_kubernetes_executor_config.py
[2021-12-08 18:34:03,937] {processor.py:171} INFO - Processing /usr/local/lib/python3.8/dist-packages/airflow/example_dags/example_kubernetes_executor_config.py took 0.036 seconds
[2021-12-08 18:34:41,080] {processor.py:163} INFO - Started process (PID=715) to work on /usr/local/lib/python3.8/dist-packages/airflow/example_dags/example_kubernetes_executor_config.py
[2021-12-08 18:34:41,099] {processor.py:625} INFO - Processing file /usr/local/lib/python3.8/dist-packages/airflow/example_dags/example_kubernetes_executor_config.py for tasks to queue
[2021-12-08 18:34:41,099] {logging_mixin.py:109} INFO - [2021-12-08 18:34:41,099] {dagbag.py:500} INFO - Filling up the DagBag from /usr/local/lib/python3.8/dist-packages/airflow/example_dags/example_kubernetes_executor_config.py
[2021-12-08 18:34:41,105] {logging_mixin.py:109} INFO - [2021-12-08 18:34:41,105] {example_kubernetes_executor_config.py:171} WARNING - Could not import DAGs in example_kubernetes_executor_config.py: No module named 'kubernetes'
[2021-12-08 18:34:41,105] {logging_mixin.py:109} INFO - [2021-12-08 18:34:41,105] {example_kubernetes_executor_config.py:172} WARNING - Install kubernetes dependencies with: pip install apache-airflow['cncf.kubernetes']
[2021-12-08 18:34:41,115] {processor.py:639} WARNING - No viable dags retrieved from /usr/local/lib/python3.8/dist-packages/airflow/example_dags/example_kubernetes_executor_config.py
[2021-12-08 18:34:41,117] {processor.py:171} INFO - Processing /usr/local/lib/python3.8/dist-packages/airflow/example_dags/example_kubernetes_executor_config.py took 0.044 seconds
