[2021-12-08 18:22:49,388] {processor.py:163} INFO - Started process (PID=190) to work on /usr/local/lib/python3.8/dist-packages/airflow/example_dags/example_branch_labels.py
[2021-12-08 18:22:49,388] {processor.py:625} INFO - Processing file /usr/local/lib/python3.8/dist-packages/airflow/example_dags/example_branch_labels.py for tasks to queue
[2021-12-08 18:22:49,389] {logging_mixin.py:109} INFO - [2021-12-08 18:22:49,389] {dagbag.py:500} INFO - Filling up the DagBag from /usr/local/lib/python3.8/dist-packages/airflow/example_dags/example_branch_labels.py
[2021-12-08 18:22:49,408] {processor.py:637} INFO - DAG(s) dict_keys(['example_branch_labels']) retrieved from /usr/local/lib/python3.8/dist-packages/airflow/example_dags/example_branch_labels.py
[2021-12-08 18:22:49,411] {logging_mixin.py:109} WARNING - /usr/local/lib/python3.8/dist-packages/airflow/models/serialized_dag.py:120 SAWarning: TypeDecorator UtcDateTime(timezone=True) will not produce a cache key because the ``cache_ok`` flag is not set to True.  Set this flag to True if this type object's state is safe to use in a cache key, or False to disable this warning.
[2021-12-08 18:22:49,418] {logging_mixin.py:109} INFO - [2021-12-08 18:22:49,418] {dag.py:2396} INFO - Sync 1 DAGs
[2021-12-08 18:22:49,425] {logging_mixin.py:109} WARNING - /usr/local/lib/python3.8/dist-packages/airflow/models/dag.py:2433 SAWarning: TypeDecorator UtcDateTime(timezone=True) will not produce a cache key because the ``cache_ok`` flag is not set to True.  Set this flag to True if this type object's state is safe to use in a cache key, or False to disable this warning.
[2021-12-08 18:22:49,432] {logging_mixin.py:109} INFO - [2021-12-08 18:22:49,432] {dag.py:2928} INFO - Setting next_dagrun for example_branch_labels to 2021-12-07 00:00:00+00:00
[2021-12-08 18:22:49,644] {processor.py:171} INFO - Processing /usr/local/lib/python3.8/dist-packages/airflow/example_dags/example_branch_labels.py took 0.260 seconds
[2021-12-08 18:23:37,954] {processor.py:163} INFO - Started process (PID=225) to work on /usr/local/lib/python3.8/dist-packages/airflow/example_dags/example_branch_labels.py
[2021-12-08 18:23:37,966] {processor.py:625} INFO - Processing file /usr/local/lib/python3.8/dist-packages/airflow/example_dags/example_branch_labels.py for tasks to queue
[2021-12-08 18:23:37,966] {logging_mixin.py:109} INFO - [2021-12-08 18:23:37,966] {dagbag.py:500} INFO - Filling up the DagBag from /usr/local/lib/python3.8/dist-packages/airflow/example_dags/example_branch_labels.py
[2021-12-08 18:23:37,984] {processor.py:637} INFO - DAG(s) dict_keys(['example_branch_labels']) retrieved from /usr/local/lib/python3.8/dist-packages/airflow/example_dags/example_branch_labels.py
[2021-12-08 18:23:37,988] {logging_mixin.py:109} WARNING - /usr/local/lib/python3.8/dist-packages/airflow/models/serialized_dag.py:120 SAWarning: TypeDecorator UtcDateTime(timezone=True) will not produce a cache key because the ``cache_ok`` flag is not set to True.  Set this flag to True if this type object's state is safe to use in a cache key, or False to disable this warning.
[2021-12-08 18:23:37,994] {logging_mixin.py:109} INFO - [2021-12-08 18:23:37,994] {dag.py:2396} INFO - Sync 1 DAGs
[2021-12-08 18:23:38,002] {logging_mixin.py:109} WARNING - /usr/local/lib/python3.8/dist-packages/airflow/models/dag.py:2433 SAWarning: TypeDecorator UtcDateTime(timezone=True) will not produce a cache key because the ``cache_ok`` flag is not set to True.  Set this flag to True if this type object's state is safe to use in a cache key, or False to disable this warning.
[2021-12-08 18:23:38,010] {logging_mixin.py:109} INFO - [2021-12-08 18:23:38,010] {dag.py:2928} INFO - Setting next_dagrun for example_branch_labels to 2021-12-07 00:00:00+00:00
[2021-12-08 18:23:38,159] {processor.py:171} INFO - Processing /usr/local/lib/python3.8/dist-packages/airflow/example_dags/example_branch_labels.py took 0.207 seconds
[2021-12-08 18:24:15,462] {processor.py:163} INFO - Started process (PID=253) to work on /usr/local/lib/python3.8/dist-packages/airflow/example_dags/example_branch_labels.py
[2021-12-08 18:24:15,467] {processor.py:625} INFO - Processing file /usr/local/lib/python3.8/dist-packages/airflow/example_dags/example_branch_labels.py for tasks to queue
[2021-12-08 18:24:15,468] {logging_mixin.py:109} INFO - [2021-12-08 18:24:15,468] {dagbag.py:500} INFO - Filling up the DagBag from /usr/local/lib/python3.8/dist-packages/airflow/example_dags/example_branch_labels.py
[2021-12-08 18:24:15,484] {processor.py:637} INFO - DAG(s) dict_keys(['example_branch_labels']) retrieved from /usr/local/lib/python3.8/dist-packages/airflow/example_dags/example_branch_labels.py
[2021-12-08 18:24:15,488] {logging_mixin.py:109} WARNING - /usr/local/lib/python3.8/dist-packages/airflow/models/serialized_dag.py:120 SAWarning: TypeDecorator UtcDateTime(timezone=True) will not produce a cache key because the ``cache_ok`` flag is not set to True.  Set this flag to True if this type object's state is safe to use in a cache key, or False to disable this warning.
[2021-12-08 18:24:15,494] {logging_mixin.py:109} INFO - [2021-12-08 18:24:15,494] {dag.py:2396} INFO - Sync 1 DAGs
[2021-12-08 18:24:15,506] {logging_mixin.py:109} WARNING - /usr/local/lib/python3.8/dist-packages/airflow/models/dag.py:2433 SAWarning: TypeDecorator UtcDateTime(timezone=True) will not produce a cache key because the ``cache_ok`` flag is not set to True.  Set this flag to True if this type object's state is safe to use in a cache key, or False to disable this warning.
[2021-12-08 18:24:15,512] {logging_mixin.py:109} INFO - [2021-12-08 18:24:15,512] {dag.py:2928} INFO - Setting next_dagrun for example_branch_labels to 2021-12-07 00:00:00+00:00
[2021-12-08 18:24:15,664] {processor.py:171} INFO - Processing /usr/local/lib/python3.8/dist-packages/airflow/example_dags/example_branch_labels.py took 0.205 seconds
[2021-12-08 18:25:06,675] {processor.py:163} INFO - Started process (PID=290) to work on /usr/local/lib/python3.8/dist-packages/airflow/example_dags/example_branch_labels.py
[2021-12-08 18:25:06,676] {processor.py:625} INFO - Processing file /usr/local/lib/python3.8/dist-packages/airflow/example_dags/example_branch_labels.py for tasks to queue
[2021-12-08 18:25:06,677] {logging_mixin.py:109} INFO - [2021-12-08 18:25:06,677] {dagbag.py:500} INFO - Filling up the DagBag from /usr/local/lib/python3.8/dist-packages/airflow/example_dags/example_branch_labels.py
[2021-12-08 18:25:06,693] {processor.py:637} INFO - DAG(s) dict_keys(['example_branch_labels']) retrieved from /usr/local/lib/python3.8/dist-packages/airflow/example_dags/example_branch_labels.py
[2021-12-08 18:25:06,696] {logging_mixin.py:109} WARNING - /usr/local/lib/python3.8/dist-packages/airflow/models/serialized_dag.py:120 SAWarning: TypeDecorator UtcDateTime(timezone=True) will not produce a cache key because the ``cache_ok`` flag is not set to True.  Set this flag to True if this type object's state is safe to use in a cache key, or False to disable this warning.
[2021-12-08 18:25:06,703] {logging_mixin.py:109} INFO - [2021-12-08 18:25:06,703] {dag.py:2396} INFO - Sync 1 DAGs
[2021-12-08 18:25:06,711] {logging_mixin.py:109} WARNING - /usr/local/lib/python3.8/dist-packages/airflow/models/dag.py:2433 SAWarning: TypeDecorator UtcDateTime(timezone=True) will not produce a cache key because the ``cache_ok`` flag is not set to True.  Set this flag to True if this type object's state is safe to use in a cache key, or False to disable this warning.
[2021-12-08 18:25:06,718] {logging_mixin.py:109} INFO - [2021-12-08 18:25:06,718] {dag.py:2928} INFO - Setting next_dagrun for example_branch_labels to 2021-12-07 00:00:00+00:00
[2021-12-08 18:25:06,854] {processor.py:171} INFO - Processing /usr/local/lib/python3.8/dist-packages/airflow/example_dags/example_branch_labels.py took 0.181 seconds
[2021-12-08 18:25:45,628] {processor.py:163} INFO - Started process (PID=319) to work on /usr/local/lib/python3.8/dist-packages/airflow/example_dags/example_branch_labels.py
[2021-12-08 18:25:45,704] {processor.py:625} INFO - Processing file /usr/local/lib/python3.8/dist-packages/airflow/example_dags/example_branch_labels.py for tasks to queue
[2021-12-08 18:25:45,705] {logging_mixin.py:109} INFO - [2021-12-08 18:25:45,705] {dagbag.py:500} INFO - Filling up the DagBag from /usr/local/lib/python3.8/dist-packages/airflow/example_dags/example_branch_labels.py
[2021-12-08 18:25:45,734] {processor.py:637} INFO - DAG(s) dict_keys(['example_branch_labels']) retrieved from /usr/local/lib/python3.8/dist-packages/airflow/example_dags/example_branch_labels.py
[2021-12-08 18:25:45,738] {logging_mixin.py:109} WARNING - /usr/local/lib/python3.8/dist-packages/airflow/models/serialized_dag.py:120 SAWarning: TypeDecorator UtcDateTime(timezone=True) will not produce a cache key because the ``cache_ok`` flag is not set to True.  Set this flag to True if this type object's state is safe to use in a cache key, or False to disable this warning.
[2021-12-08 18:25:45,744] {logging_mixin.py:109} INFO - [2021-12-08 18:25:45,744] {dag.py:2396} INFO - Sync 1 DAGs
[2021-12-08 18:25:45,753] {logging_mixin.py:109} WARNING - /usr/local/lib/python3.8/dist-packages/airflow/models/dag.py:2433 SAWarning: TypeDecorator UtcDateTime(timezone=True) will not produce a cache key because the ``cache_ok`` flag is not set to True.  Set this flag to True if this type object's state is safe to use in a cache key, or False to disable this warning.
[2021-12-08 18:25:45,760] {logging_mixin.py:109} INFO - [2021-12-08 18:25:45,759] {dag.py:2928} INFO - Setting next_dagrun for example_branch_labels to 2021-12-07 00:00:00+00:00
[2021-12-08 18:25:45,910] {processor.py:171} INFO - Processing /usr/local/lib/python3.8/dist-packages/airflow/example_dags/example_branch_labels.py took 0.284 seconds
[2021-12-08 18:26:25,659] {processor.py:163} INFO - Started process (PID=348) to work on /usr/local/lib/python3.8/dist-packages/airflow/example_dags/example_branch_labels.py
[2021-12-08 18:26:25,675] {processor.py:625} INFO - Processing file /usr/local/lib/python3.8/dist-packages/airflow/example_dags/example_branch_labels.py for tasks to queue
[2021-12-08 18:26:25,676] {logging_mixin.py:109} INFO - [2021-12-08 18:26:25,676] {dagbag.py:500} INFO - Filling up the DagBag from /usr/local/lib/python3.8/dist-packages/airflow/example_dags/example_branch_labels.py
[2021-12-08 18:26:25,703] {processor.py:637} INFO - DAG(s) dict_keys(['example_branch_labels']) retrieved from /usr/local/lib/python3.8/dist-packages/airflow/example_dags/example_branch_labels.py
[2021-12-08 18:26:25,707] {logging_mixin.py:109} WARNING - /usr/local/lib/python3.8/dist-packages/airflow/models/serialized_dag.py:120 SAWarning: TypeDecorator UtcDateTime(timezone=True) will not produce a cache key because the ``cache_ok`` flag is not set to True.  Set this flag to True if this type object's state is safe to use in a cache key, or False to disable this warning.
[2021-12-08 18:26:25,714] {logging_mixin.py:109} INFO - [2021-12-08 18:26:25,714] {dag.py:2396} INFO - Sync 1 DAGs
[2021-12-08 18:26:25,722] {logging_mixin.py:109} WARNING - /usr/local/lib/python3.8/dist-packages/airflow/models/dag.py:2433 SAWarning: TypeDecorator UtcDateTime(timezone=True) will not produce a cache key because the ``cache_ok`` flag is not set to True.  Set this flag to True if this type object's state is safe to use in a cache key, or False to disable this warning.
[2021-12-08 18:26:25,729] {logging_mixin.py:109} INFO - [2021-12-08 18:26:25,728] {dag.py:2928} INFO - Setting next_dagrun for example_branch_labels to 2021-12-07 00:00:00+00:00
[2021-12-08 18:26:25,868] {processor.py:171} INFO - Processing /usr/local/lib/python3.8/dist-packages/airflow/example_dags/example_branch_labels.py took 0.214 seconds
[2021-12-08 18:27:02,605] {processor.py:163} INFO - Started process (PID=376) to work on /usr/local/lib/python3.8/dist-packages/airflow/example_dags/example_branch_labels.py
[2021-12-08 18:27:02,621] {processor.py:625} INFO - Processing file /usr/local/lib/python3.8/dist-packages/airflow/example_dags/example_branch_labels.py for tasks to queue
[2021-12-08 18:27:02,622] {logging_mixin.py:109} INFO - [2021-12-08 18:27:02,622] {dagbag.py:500} INFO - Filling up the DagBag from /usr/local/lib/python3.8/dist-packages/airflow/example_dags/example_branch_labels.py
[2021-12-08 18:27:02,658] {processor.py:637} INFO - DAG(s) dict_keys(['example_branch_labels']) retrieved from /usr/local/lib/python3.8/dist-packages/airflow/example_dags/example_branch_labels.py
[2021-12-08 18:27:02,663] {logging_mixin.py:109} WARNING - /usr/local/lib/python3.8/dist-packages/airflow/models/serialized_dag.py:120 SAWarning: TypeDecorator UtcDateTime(timezone=True) will not produce a cache key because the ``cache_ok`` flag is not set to True.  Set this flag to True if this type object's state is safe to use in a cache key, or False to disable this warning.
[2021-12-08 18:27:02,669] {logging_mixin.py:109} INFO - [2021-12-08 18:27:02,669] {dag.py:2396} INFO - Sync 1 DAGs
[2021-12-08 18:27:02,677] {logging_mixin.py:109} WARNING - /usr/local/lib/python3.8/dist-packages/airflow/models/dag.py:2433 SAWarning: TypeDecorator UtcDateTime(timezone=True) will not produce a cache key because the ``cache_ok`` flag is not set to True.  Set this flag to True if this type object's state is safe to use in a cache key, or False to disable this warning.
[2021-12-08 18:27:02,686] {logging_mixin.py:109} INFO - [2021-12-08 18:27:02,686] {dag.py:2928} INFO - Setting next_dagrun for example_branch_labels to 2021-12-07 00:00:00+00:00
[2021-12-08 18:27:02,958] {processor.py:171} INFO - Processing /usr/local/lib/python3.8/dist-packages/airflow/example_dags/example_branch_labels.py took 0.362 seconds
[2021-12-08 18:27:43,705] {processor.py:163} INFO - Started process (PID=405) to work on /usr/local/lib/python3.8/dist-packages/airflow/example_dags/example_branch_labels.py
[2021-12-08 18:27:43,730] {processor.py:625} INFO - Processing file /usr/local/lib/python3.8/dist-packages/airflow/example_dags/example_branch_labels.py for tasks to queue
[2021-12-08 18:27:43,730] {logging_mixin.py:109} INFO - [2021-12-08 18:27:43,730] {dagbag.py:500} INFO - Filling up the DagBag from /usr/local/lib/python3.8/dist-packages/airflow/example_dags/example_branch_labels.py
[2021-12-08 18:27:43,753] {processor.py:637} INFO - DAG(s) dict_keys(['example_branch_labels']) retrieved from /usr/local/lib/python3.8/dist-packages/airflow/example_dags/example_branch_labels.py
[2021-12-08 18:27:43,756] {logging_mixin.py:109} WARNING - /usr/local/lib/python3.8/dist-packages/airflow/models/serialized_dag.py:120 SAWarning: TypeDecorator UtcDateTime(timezone=True) will not produce a cache key because the ``cache_ok`` flag is not set to True.  Set this flag to True if this type object's state is safe to use in a cache key, or False to disable this warning.
[2021-12-08 18:27:43,762] {logging_mixin.py:109} INFO - [2021-12-08 18:27:43,762] {dag.py:2396} INFO - Sync 1 DAGs
[2021-12-08 18:27:43,771] {logging_mixin.py:109} WARNING - /usr/local/lib/python3.8/dist-packages/airflow/models/dag.py:2433 SAWarning: TypeDecorator UtcDateTime(timezone=True) will not produce a cache key because the ``cache_ok`` flag is not set to True.  Set this flag to True if this type object's state is safe to use in a cache key, or False to disable this warning.
[2021-12-08 18:27:43,777] {logging_mixin.py:109} INFO - [2021-12-08 18:27:43,777] {dag.py:2928} INFO - Setting next_dagrun for example_branch_labels to 2021-12-07 00:00:00+00:00
[2021-12-08 18:27:44,030] {processor.py:171} INFO - Processing /usr/local/lib/python3.8/dist-packages/airflow/example_dags/example_branch_labels.py took 0.328 seconds
[2021-12-08 18:28:24,942] {processor.py:163} INFO - Started process (PID=435) to work on /usr/local/lib/python3.8/dist-packages/airflow/example_dags/example_branch_labels.py
[2021-12-08 18:28:24,975] {processor.py:625} INFO - Processing file /usr/local/lib/python3.8/dist-packages/airflow/example_dags/example_branch_labels.py for tasks to queue
[2021-12-08 18:28:24,976] {logging_mixin.py:109} INFO - [2021-12-08 18:28:24,976] {dagbag.py:500} INFO - Filling up the DagBag from /usr/local/lib/python3.8/dist-packages/airflow/example_dags/example_branch_labels.py
[2021-12-08 18:28:24,999] {processor.py:637} INFO - DAG(s) dict_keys(['example_branch_labels']) retrieved from /usr/local/lib/python3.8/dist-packages/airflow/example_dags/example_branch_labels.py
[2021-12-08 18:28:25,002] {logging_mixin.py:109} WARNING - /usr/local/lib/python3.8/dist-packages/airflow/models/serialized_dag.py:120 SAWarning: TypeDecorator UtcDateTime(timezone=True) will not produce a cache key because the ``cache_ok`` flag is not set to True.  Set this flag to True if this type object's state is safe to use in a cache key, or False to disable this warning.
[2021-12-08 18:28:25,009] {logging_mixin.py:109} INFO - [2021-12-08 18:28:25,009] {dag.py:2396} INFO - Sync 1 DAGs
[2021-12-08 18:28:25,017] {logging_mixin.py:109} WARNING - /usr/local/lib/python3.8/dist-packages/airflow/models/dag.py:2433 SAWarning: TypeDecorator UtcDateTime(timezone=True) will not produce a cache key because the ``cache_ok`` flag is not set to True.  Set this flag to True if this type object's state is safe to use in a cache key, or False to disable this warning.
[2021-12-08 18:28:25,024] {logging_mixin.py:109} INFO - [2021-12-08 18:28:25,023] {dag.py:2928} INFO - Setting next_dagrun for example_branch_labels to 2021-12-07 00:00:00+00:00
[2021-12-08 18:28:25,192] {processor.py:171} INFO - Processing /usr/local/lib/python3.8/dist-packages/airflow/example_dags/example_branch_labels.py took 0.253 seconds
[2021-12-08 18:29:00,449] {processor.py:163} INFO - Started process (PID=462) to work on /usr/local/lib/python3.8/dist-packages/airflow/example_dags/example_branch_labels.py
[2021-12-08 18:29:00,488] {processor.py:625} INFO - Processing file /usr/local/lib/python3.8/dist-packages/airflow/example_dags/example_branch_labels.py for tasks to queue
[2021-12-08 18:29:00,488] {logging_mixin.py:109} INFO - [2021-12-08 18:29:00,488] {dagbag.py:500} INFO - Filling up the DagBag from /usr/local/lib/python3.8/dist-packages/airflow/example_dags/example_branch_labels.py
[2021-12-08 18:29:00,515] {processor.py:637} INFO - DAG(s) dict_keys(['example_branch_labels']) retrieved from /usr/local/lib/python3.8/dist-packages/airflow/example_dags/example_branch_labels.py
[2021-12-08 18:29:00,519] {logging_mixin.py:109} WARNING - /usr/local/lib/python3.8/dist-packages/airflow/models/serialized_dag.py:120 SAWarning: TypeDecorator UtcDateTime(timezone=True) will not produce a cache key because the ``cache_ok`` flag is not set to True.  Set this flag to True if this type object's state is safe to use in a cache key, or False to disable this warning.
[2021-12-08 18:29:00,525] {logging_mixin.py:109} INFO - [2021-12-08 18:29:00,525] {dag.py:2396} INFO - Sync 1 DAGs
[2021-12-08 18:29:00,533] {logging_mixin.py:109} WARNING - /usr/local/lib/python3.8/dist-packages/airflow/models/dag.py:2433 SAWarning: TypeDecorator UtcDateTime(timezone=True) will not produce a cache key because the ``cache_ok`` flag is not set to True.  Set this flag to True if this type object's state is safe to use in a cache key, or False to disable this warning.
[2021-12-08 18:29:00,540] {logging_mixin.py:109} INFO - [2021-12-08 18:29:00,540] {dag.py:2928} INFO - Setting next_dagrun for example_branch_labels to 2021-12-07 00:00:00+00:00
[2021-12-08 18:29:00,690] {processor.py:171} INFO - Processing /usr/local/lib/python3.8/dist-packages/airflow/example_dags/example_branch_labels.py took 0.243 seconds
[2021-12-08 18:29:40,578] {processor.py:163} INFO - Started process (PID=491) to work on /usr/local/lib/python3.8/dist-packages/airflow/example_dags/example_branch_labels.py
[2021-12-08 18:29:40,600] {processor.py:625} INFO - Processing file /usr/local/lib/python3.8/dist-packages/airflow/example_dags/example_branch_labels.py for tasks to queue
[2021-12-08 18:29:40,601] {logging_mixin.py:109} INFO - [2021-12-08 18:29:40,601] {dagbag.py:500} INFO - Filling up the DagBag from /usr/local/lib/python3.8/dist-packages/airflow/example_dags/example_branch_labels.py
[2021-12-08 18:29:40,622] {processor.py:637} INFO - DAG(s) dict_keys(['example_branch_labels']) retrieved from /usr/local/lib/python3.8/dist-packages/airflow/example_dags/example_branch_labels.py
[2021-12-08 18:29:40,626] {logging_mixin.py:109} WARNING - /usr/local/lib/python3.8/dist-packages/airflow/models/serialized_dag.py:120 SAWarning: TypeDecorator UtcDateTime(timezone=True) will not produce a cache key because the ``cache_ok`` flag is not set to True.  Set this flag to True if this type object's state is safe to use in a cache key, or False to disable this warning.
[2021-12-08 18:29:40,632] {logging_mixin.py:109} INFO - [2021-12-08 18:29:40,632] {dag.py:2396} INFO - Sync 1 DAGs
[2021-12-08 18:29:40,640] {logging_mixin.py:109} WARNING - /usr/local/lib/python3.8/dist-packages/airflow/models/dag.py:2433 SAWarning: TypeDecorator UtcDateTime(timezone=True) will not produce a cache key because the ``cache_ok`` flag is not set to True.  Set this flag to True if this type object's state is safe to use in a cache key, or False to disable this warning.
[2021-12-08 18:29:40,647] {logging_mixin.py:109} INFO - [2021-12-08 18:29:40,646] {dag.py:2928} INFO - Setting next_dagrun for example_branch_labels to 2021-12-07 00:00:00+00:00
[2021-12-08 18:29:40,797] {processor.py:171} INFO - Processing /usr/local/lib/python3.8/dist-packages/airflow/example_dags/example_branch_labels.py took 0.221 seconds
[2021-12-08 18:30:18,800] {processor.py:163} INFO - Started process (PID=520) to work on /usr/local/lib/python3.8/dist-packages/airflow/example_dags/example_branch_labels.py
[2021-12-08 18:30:18,801] {processor.py:625} INFO - Processing file /usr/local/lib/python3.8/dist-packages/airflow/example_dags/example_branch_labels.py for tasks to queue
[2021-12-08 18:30:18,801] {logging_mixin.py:109} INFO - [2021-12-08 18:30:18,801] {dagbag.py:500} INFO - Filling up the DagBag from /usr/local/lib/python3.8/dist-packages/airflow/example_dags/example_branch_labels.py
[2021-12-08 18:30:18,818] {processor.py:637} INFO - DAG(s) dict_keys(['example_branch_labels']) retrieved from /usr/local/lib/python3.8/dist-packages/airflow/example_dags/example_branch_labels.py
[2021-12-08 18:30:18,821] {logging_mixin.py:109} WARNING - /usr/local/lib/python3.8/dist-packages/airflow/models/serialized_dag.py:120 SAWarning: TypeDecorator UtcDateTime(timezone=True) will not produce a cache key because the ``cache_ok`` flag is not set to True.  Set this flag to True if this type object's state is safe to use in a cache key, or False to disable this warning.
[2021-12-08 18:30:18,828] {logging_mixin.py:109} INFO - [2021-12-08 18:30:18,827] {dag.py:2396} INFO - Sync 1 DAGs
[2021-12-08 18:30:18,836] {logging_mixin.py:109} WARNING - /usr/local/lib/python3.8/dist-packages/airflow/models/dag.py:2433 SAWarning: TypeDecorator UtcDateTime(timezone=True) will not produce a cache key because the ``cache_ok`` flag is not set to True.  Set this flag to True if this type object's state is safe to use in a cache key, or False to disable this warning.
[2021-12-08 18:30:18,842] {logging_mixin.py:109} INFO - [2021-12-08 18:30:18,842] {dag.py:2928} INFO - Setting next_dagrun for example_branch_labels to 2021-12-07 00:00:00+00:00
[2021-12-08 18:30:19,008] {processor.py:171} INFO - Processing /usr/local/lib/python3.8/dist-packages/airflow/example_dags/example_branch_labels.py took 0.211 seconds
[2021-12-08 18:30:56,078] {processor.py:163} INFO - Started process (PID=547) to work on /usr/local/lib/python3.8/dist-packages/airflow/example_dags/example_branch_labels.py
[2021-12-08 18:30:56,091] {processor.py:625} INFO - Processing file /usr/local/lib/python3.8/dist-packages/airflow/example_dags/example_branch_labels.py for tasks to queue
[2021-12-08 18:30:56,092] {logging_mixin.py:109} INFO - [2021-12-08 18:30:56,091] {dagbag.py:500} INFO - Filling up the DagBag from /usr/local/lib/python3.8/dist-packages/airflow/example_dags/example_branch_labels.py
[2021-12-08 18:30:56,107] {processor.py:637} INFO - DAG(s) dict_keys(['example_branch_labels']) retrieved from /usr/local/lib/python3.8/dist-packages/airflow/example_dags/example_branch_labels.py
[2021-12-08 18:30:56,111] {logging_mixin.py:109} WARNING - /usr/local/lib/python3.8/dist-packages/airflow/models/serialized_dag.py:120 SAWarning: TypeDecorator UtcDateTime(timezone=True) will not produce a cache key because the ``cache_ok`` flag is not set to True.  Set this flag to True if this type object's state is safe to use in a cache key, or False to disable this warning.
[2021-12-08 18:30:56,117] {logging_mixin.py:109} INFO - [2021-12-08 18:30:56,117] {dag.py:2396} INFO - Sync 1 DAGs
[2021-12-08 18:30:56,125] {logging_mixin.py:109} WARNING - /usr/local/lib/python3.8/dist-packages/airflow/models/dag.py:2433 SAWarning: TypeDecorator UtcDateTime(timezone=True) will not produce a cache key because the ``cache_ok`` flag is not set to True.  Set this flag to True if this type object's state is safe to use in a cache key, or False to disable this warning.
[2021-12-08 18:30:56,131] {logging_mixin.py:109} INFO - [2021-12-08 18:30:56,131] {dag.py:2928} INFO - Setting next_dagrun for example_branch_labels to 2021-12-07 00:00:00+00:00
[2021-12-08 18:30:56,279] {processor.py:171} INFO - Processing /usr/local/lib/python3.8/dist-packages/airflow/example_dags/example_branch_labels.py took 0.203 seconds
[2021-12-08 18:31:32,858] {processor.py:163} INFO - Started process (PID=575) to work on /usr/local/lib/python3.8/dist-packages/airflow/example_dags/example_branch_labels.py
[2021-12-08 18:31:32,870] {processor.py:625} INFO - Processing file /usr/local/lib/python3.8/dist-packages/airflow/example_dags/example_branch_labels.py for tasks to queue
[2021-12-08 18:31:32,871] {logging_mixin.py:109} INFO - [2021-12-08 18:31:32,871] {dagbag.py:500} INFO - Filling up the DagBag from /usr/local/lib/python3.8/dist-packages/airflow/example_dags/example_branch_labels.py
[2021-12-08 18:31:32,888] {processor.py:637} INFO - DAG(s) dict_keys(['example_branch_labels']) retrieved from /usr/local/lib/python3.8/dist-packages/airflow/example_dags/example_branch_labels.py
[2021-12-08 18:31:32,892] {logging_mixin.py:109} WARNING - /usr/local/lib/python3.8/dist-packages/airflow/models/serialized_dag.py:120 SAWarning: TypeDecorator UtcDateTime(timezone=True) will not produce a cache key because the ``cache_ok`` flag is not set to True.  Set this flag to True if this type object's state is safe to use in a cache key, or False to disable this warning.
[2021-12-08 18:31:32,898] {logging_mixin.py:109} INFO - [2021-12-08 18:31:32,898] {dag.py:2396} INFO - Sync 1 DAGs
[2021-12-08 18:31:32,906] {logging_mixin.py:109} WARNING - /usr/local/lib/python3.8/dist-packages/airflow/models/dag.py:2433 SAWarning: TypeDecorator UtcDateTime(timezone=True) will not produce a cache key because the ``cache_ok`` flag is not set to True.  Set this flag to True if this type object's state is safe to use in a cache key, or False to disable this warning.
[2021-12-08 18:31:32,913] {logging_mixin.py:109} INFO - [2021-12-08 18:31:32,913] {dag.py:2928} INFO - Setting next_dagrun for example_branch_labels to 2021-12-07 00:00:00+00:00
[2021-12-08 18:31:33,067] {processor.py:171} INFO - Processing /usr/local/lib/python3.8/dist-packages/airflow/example_dags/example_branch_labels.py took 0.212 seconds
[2021-12-08 18:32:10,380] {processor.py:163} INFO - Started process (PID=603) to work on /usr/local/lib/python3.8/dist-packages/airflow/example_dags/example_branch_labels.py
[2021-12-08 18:32:10,405] {processor.py:625} INFO - Processing file /usr/local/lib/python3.8/dist-packages/airflow/example_dags/example_branch_labels.py for tasks to queue
[2021-12-08 18:32:10,406] {logging_mixin.py:109} INFO - [2021-12-08 18:32:10,406] {dagbag.py:500} INFO - Filling up the DagBag from /usr/local/lib/python3.8/dist-packages/airflow/example_dags/example_branch_labels.py
[2021-12-08 18:32:10,425] {processor.py:637} INFO - DAG(s) dict_keys(['example_branch_labels']) retrieved from /usr/local/lib/python3.8/dist-packages/airflow/example_dags/example_branch_labels.py
[2021-12-08 18:32:10,429] {logging_mixin.py:109} WARNING - /usr/local/lib/python3.8/dist-packages/airflow/models/serialized_dag.py:120 SAWarning: TypeDecorator UtcDateTime(timezone=True) will not produce a cache key because the ``cache_ok`` flag is not set to True.  Set this flag to True if this type object's state is safe to use in a cache key, or False to disable this warning.
[2021-12-08 18:32:10,435] {logging_mixin.py:109} INFO - [2021-12-08 18:32:10,435] {dag.py:2396} INFO - Sync 1 DAGs
[2021-12-08 18:32:10,443] {logging_mixin.py:109} WARNING - /usr/local/lib/python3.8/dist-packages/airflow/models/dag.py:2433 SAWarning: TypeDecorator UtcDateTime(timezone=True) will not produce a cache key because the ``cache_ok`` flag is not set to True.  Set this flag to True if this type object's state is safe to use in a cache key, or False to disable this warning.
[2021-12-08 18:32:10,450] {logging_mixin.py:109} INFO - [2021-12-08 18:32:10,450] {dag.py:2928} INFO - Setting next_dagrun for example_branch_labels to 2021-12-07 00:00:00+00:00
[2021-12-08 18:32:10,604] {processor.py:171} INFO - Processing /usr/local/lib/python3.8/dist-packages/airflow/example_dags/example_branch_labels.py took 0.226 seconds
[2021-12-08 18:32:49,167] {processor.py:163} INFO - Started process (PID=631) to work on /usr/local/lib/python3.8/dist-packages/airflow/example_dags/example_branch_labels.py
[2021-12-08 18:32:49,184] {processor.py:625} INFO - Processing file /usr/local/lib/python3.8/dist-packages/airflow/example_dags/example_branch_labels.py for tasks to queue
[2021-12-08 18:32:49,184] {logging_mixin.py:109} INFO - [2021-12-08 18:32:49,184] {dagbag.py:500} INFO - Filling up the DagBag from /usr/local/lib/python3.8/dist-packages/airflow/example_dags/example_branch_labels.py
[2021-12-08 18:32:49,203] {processor.py:637} INFO - DAG(s) dict_keys(['example_branch_labels']) retrieved from /usr/local/lib/python3.8/dist-packages/airflow/example_dags/example_branch_labels.py
[2021-12-08 18:32:49,206] {logging_mixin.py:109} WARNING - /usr/local/lib/python3.8/dist-packages/airflow/models/serialized_dag.py:120 SAWarning: TypeDecorator UtcDateTime(timezone=True) will not produce a cache key because the ``cache_ok`` flag is not set to True.  Set this flag to True if this type object's state is safe to use in a cache key, or False to disable this warning.
[2021-12-08 18:32:49,212] {logging_mixin.py:109} INFO - [2021-12-08 18:32:49,212] {dag.py:2396} INFO - Sync 1 DAGs
[2021-12-08 18:32:49,220] {logging_mixin.py:109} WARNING - /usr/local/lib/python3.8/dist-packages/airflow/models/dag.py:2433 SAWarning: TypeDecorator UtcDateTime(timezone=True) will not produce a cache key because the ``cache_ok`` flag is not set to True.  Set this flag to True if this type object's state is safe to use in a cache key, or False to disable this warning.
[2021-12-08 18:32:49,227] {logging_mixin.py:109} INFO - [2021-12-08 18:32:49,227] {dag.py:2928} INFO - Setting next_dagrun for example_branch_labels to 2021-12-07 00:00:00+00:00
[2021-12-08 18:32:49,379] {processor.py:171} INFO - Processing /usr/local/lib/python3.8/dist-packages/airflow/example_dags/example_branch_labels.py took 0.215 seconds
[2021-12-08 18:33:26,880] {processor.py:163} INFO - Started process (PID=660) to work on /usr/local/lib/python3.8/dist-packages/airflow/example_dags/example_branch_labels.py
[2021-12-08 18:33:26,918] {processor.py:625} INFO - Processing file /usr/local/lib/python3.8/dist-packages/airflow/example_dags/example_branch_labels.py for tasks to queue
[2021-12-08 18:33:26,919] {logging_mixin.py:109} INFO - [2021-12-08 18:33:26,919] {dagbag.py:500} INFO - Filling up the DagBag from /usr/local/lib/python3.8/dist-packages/airflow/example_dags/example_branch_labels.py
[2021-12-08 18:33:26,937] {processor.py:637} INFO - DAG(s) dict_keys(['example_branch_labels']) retrieved from /usr/local/lib/python3.8/dist-packages/airflow/example_dags/example_branch_labels.py
[2021-12-08 18:33:26,940] {logging_mixin.py:109} WARNING - /usr/local/lib/python3.8/dist-packages/airflow/models/serialized_dag.py:120 SAWarning: TypeDecorator UtcDateTime(timezone=True) will not produce a cache key because the ``cache_ok`` flag is not set to True.  Set this flag to True if this type object's state is safe to use in a cache key, or False to disable this warning.
[2021-12-08 18:33:26,946] {logging_mixin.py:109} INFO - [2021-12-08 18:33:26,946] {dag.py:2396} INFO - Sync 1 DAGs
[2021-12-08 18:33:26,955] {logging_mixin.py:109} WARNING - /usr/local/lib/python3.8/dist-packages/airflow/models/dag.py:2433 SAWarning: TypeDecorator UtcDateTime(timezone=True) will not produce a cache key because the ``cache_ok`` flag is not set to True.  Set this flag to True if this type object's state is safe to use in a cache key, or False to disable this warning.
[2021-12-08 18:33:26,962] {logging_mixin.py:109} INFO - [2021-12-08 18:33:26,962] {dag.py:2928} INFO - Setting next_dagrun for example_branch_labels to 2021-12-07 00:00:00+00:00
[2021-12-08 18:33:27,116] {processor.py:171} INFO - Processing /usr/local/lib/python3.8/dist-packages/airflow/example_dags/example_branch_labels.py took 0.238 seconds
[2021-12-08 18:34:18,811] {processor.py:163} INFO - Started process (PID=699) to work on /usr/local/lib/python3.8/dist-packages/airflow/example_dags/example_branch_labels.py
[2021-12-08 18:34:18,820] {processor.py:625} INFO - Processing file /usr/local/lib/python3.8/dist-packages/airflow/example_dags/example_branch_labels.py for tasks to queue
[2021-12-08 18:34:18,821] {logging_mixin.py:109} INFO - [2021-12-08 18:34:18,821] {dagbag.py:500} INFO - Filling up the DagBag from /usr/local/lib/python3.8/dist-packages/airflow/example_dags/example_branch_labels.py
[2021-12-08 18:34:18,839] {processor.py:637} INFO - DAG(s) dict_keys(['example_branch_labels']) retrieved from /usr/local/lib/python3.8/dist-packages/airflow/example_dags/example_branch_labels.py
[2021-12-08 18:34:18,842] {logging_mixin.py:109} WARNING - /usr/local/lib/python3.8/dist-packages/airflow/models/serialized_dag.py:120 SAWarning: TypeDecorator UtcDateTime(timezone=True) will not produce a cache key because the ``cache_ok`` flag is not set to True.  Set this flag to True if this type object's state is safe to use in a cache key, or False to disable this warning.
[2021-12-08 18:34:18,848] {logging_mixin.py:109} INFO - [2021-12-08 18:34:18,848] {dag.py:2396} INFO - Sync 1 DAGs
[2021-12-08 18:34:18,856] {logging_mixin.py:109} WARNING - /usr/local/lib/python3.8/dist-packages/airflow/models/dag.py:2433 SAWarning: TypeDecorator UtcDateTime(timezone=True) will not produce a cache key because the ``cache_ok`` flag is not set to True.  Set this flag to True if this type object's state is safe to use in a cache key, or False to disable this warning.
[2021-12-08 18:34:18,863] {logging_mixin.py:109} INFO - [2021-12-08 18:34:18,863] {dag.py:2928} INFO - Setting next_dagrun for example_branch_labels to 2021-12-07 00:00:00+00:00
[2021-12-08 18:34:19,018] {processor.py:171} INFO - Processing /usr/local/lib/python3.8/dist-packages/airflow/example_dags/example_branch_labels.py took 0.212 seconds
[2021-12-08 18:34:57,909] {processor.py:163} INFO - Started process (PID=728) to work on /usr/local/lib/python3.8/dist-packages/airflow/example_dags/example_branch_labels.py
[2021-12-08 18:34:57,921] {processor.py:625} INFO - Processing file /usr/local/lib/python3.8/dist-packages/airflow/example_dags/example_branch_labels.py for tasks to queue
[2021-12-08 18:34:57,922] {logging_mixin.py:109} INFO - [2021-12-08 18:34:57,922] {dagbag.py:500} INFO - Filling up the DagBag from /usr/local/lib/python3.8/dist-packages/airflow/example_dags/example_branch_labels.py
[2021-12-08 18:34:57,938] {processor.py:637} INFO - DAG(s) dict_keys(['example_branch_labels']) retrieved from /usr/local/lib/python3.8/dist-packages/airflow/example_dags/example_branch_labels.py
[2021-12-08 18:34:57,941] {logging_mixin.py:109} WARNING - /usr/local/lib/python3.8/dist-packages/airflow/models/serialized_dag.py:120 SAWarning: TypeDecorator UtcDateTime(timezone=True) will not produce a cache key because the ``cache_ok`` flag is not set to True.  Set this flag to True if this type object's state is safe to use in a cache key, or False to disable this warning.
[2021-12-08 18:34:57,947] {logging_mixin.py:109} INFO - [2021-12-08 18:34:57,947] {dag.py:2396} INFO - Sync 1 DAGs
[2021-12-08 18:34:57,955] {logging_mixin.py:109} WARNING - /usr/local/lib/python3.8/dist-packages/airflow/models/dag.py:2433 SAWarning: TypeDecorator UtcDateTime(timezone=True) will not produce a cache key because the ``cache_ok`` flag is not set to True.  Set this flag to True if this type object's state is safe to use in a cache key, or False to disable this warning.
[2021-12-08 18:34:57,962] {logging_mixin.py:109} INFO - [2021-12-08 18:34:57,962] {dag.py:2928} INFO - Setting next_dagrun for example_branch_labels to 2021-12-07 00:00:00+00:00
[2021-12-08 18:34:58,119] {processor.py:171} INFO - Processing /usr/local/lib/python3.8/dist-packages/airflow/example_dags/example_branch_labels.py took 0.213 seconds
