[2021-12-08 18:23:17,043] {processor.py:163} INFO - Started process (PID=210) to work on /usr/local/lib/python3.8/dist-packages/airflow/example_dags/example_branch_python_dop_operator_3.py
[2021-12-08 18:23:17,043] {processor.py:625} INFO - Processing file /usr/local/lib/python3.8/dist-packages/airflow/example_dags/example_branch_python_dop_operator_3.py for tasks to queue
[2021-12-08 18:23:17,044] {logging_mixin.py:109} INFO - [2021-12-08 18:23:17,043] {dagbag.py:500} INFO - Filling up the DagBag from /usr/local/lib/python3.8/dist-packages/airflow/example_dags/example_branch_python_dop_operator_3.py
[2021-12-08 18:23:17,061] {processor.py:637} INFO - DAG(s) dict_keys(['example_branch_dop_operator_v3']) retrieved from /usr/local/lib/python3.8/dist-packages/airflow/example_dags/example_branch_python_dop_operator_3.py
[2021-12-08 18:23:17,065] {logging_mixin.py:109} WARNING - /usr/local/lib/python3.8/dist-packages/airflow/models/serialized_dag.py:120 SAWarning: TypeDecorator UtcDateTime(timezone=True) will not produce a cache key because the ``cache_ok`` flag is not set to True.  Set this flag to True if this type object's state is safe to use in a cache key, or False to disable this warning.
[2021-12-08 18:23:17,071] {logging_mixin.py:109} INFO - [2021-12-08 18:23:17,071] {dag.py:2396} INFO - Sync 1 DAGs
[2021-12-08 18:23:17,079] {logging_mixin.py:109} WARNING - /usr/local/lib/python3.8/dist-packages/airflow/models/dag.py:2433 SAWarning: TypeDecorator UtcDateTime(timezone=True) will not produce a cache key because the ``cache_ok`` flag is not set to True.  Set this flag to True if this type object's state is safe to use in a cache key, or False to disable this warning.
[2021-12-08 18:23:17,088] {logging_mixin.py:109} INFO - [2021-12-08 18:23:17,088] {dag.py:2928} INFO - Setting next_dagrun for example_branch_dop_operator_v3 to 2021-12-08T12:52:00+00:00
[2021-12-08 18:23:17,253] {processor.py:171} INFO - Processing /usr/local/lib/python3.8/dist-packages/airflow/example_dags/example_branch_python_dop_operator_3.py took 0.213 seconds
[2021-12-08 18:24:06,850] {processor.py:163} INFO - Started process (PID=246) to work on /usr/local/lib/python3.8/dist-packages/airflow/example_dags/example_branch_python_dop_operator_3.py
[2021-12-08 18:24:06,853] {processor.py:625} INFO - Processing file /usr/local/lib/python3.8/dist-packages/airflow/example_dags/example_branch_python_dop_operator_3.py for tasks to queue
[2021-12-08 18:24:06,853] {logging_mixin.py:109} INFO - [2021-12-08 18:24:06,853] {dagbag.py:500} INFO - Filling up the DagBag from /usr/local/lib/python3.8/dist-packages/airflow/example_dags/example_branch_python_dop_operator_3.py
[2021-12-08 18:24:06,871] {processor.py:637} INFO - DAG(s) dict_keys(['example_branch_dop_operator_v3']) retrieved from /usr/local/lib/python3.8/dist-packages/airflow/example_dags/example_branch_python_dop_operator_3.py
[2021-12-08 18:24:06,875] {logging_mixin.py:109} WARNING - /usr/local/lib/python3.8/dist-packages/airflow/models/serialized_dag.py:120 SAWarning: TypeDecorator UtcDateTime(timezone=True) will not produce a cache key because the ``cache_ok`` flag is not set to True.  Set this flag to True if this type object's state is safe to use in a cache key, or False to disable this warning.
[2021-12-08 18:24:06,881] {logging_mixin.py:109} INFO - [2021-12-08 18:24:06,881] {dag.py:2396} INFO - Sync 1 DAGs
[2021-12-08 18:24:06,890] {logging_mixin.py:109} WARNING - /usr/local/lib/python3.8/dist-packages/airflow/models/dag.py:2433 SAWarning: TypeDecorator UtcDateTime(timezone=True) will not produce a cache key because the ``cache_ok`` flag is not set to True.  Set this flag to True if this type object's state is safe to use in a cache key, or False to disable this warning.
[2021-12-08 18:24:06,898] {logging_mixin.py:109} INFO - [2021-12-08 18:24:06,898] {dag.py:2928} INFO - Setting next_dagrun for example_branch_dop_operator_v3 to 2021-12-08T12:53:00+00:00
[2021-12-08 18:24:07,060] {processor.py:171} INFO - Processing /usr/local/lib/python3.8/dist-packages/airflow/example_dags/example_branch_python_dop_operator_3.py took 0.212 seconds
[2021-12-08 18:25:04,062] {processor.py:163} INFO - Started process (PID=288) to work on /usr/local/lib/python3.8/dist-packages/airflow/example_dags/example_branch_python_dop_operator_3.py
[2021-12-08 18:25:04,065] {processor.py:625} INFO - Processing file /usr/local/lib/python3.8/dist-packages/airflow/example_dags/example_branch_python_dop_operator_3.py for tasks to queue
[2021-12-08 18:25:04,066] {logging_mixin.py:109} INFO - [2021-12-08 18:25:04,066] {dagbag.py:500} INFO - Filling up the DagBag from /usr/local/lib/python3.8/dist-packages/airflow/example_dags/example_branch_python_dop_operator_3.py
[2021-12-08 18:25:04,083] {processor.py:637} INFO - DAG(s) dict_keys(['example_branch_dop_operator_v3']) retrieved from /usr/local/lib/python3.8/dist-packages/airflow/example_dags/example_branch_python_dop_operator_3.py
[2021-12-08 18:25:04,086] {logging_mixin.py:109} WARNING - /usr/local/lib/python3.8/dist-packages/airflow/models/serialized_dag.py:120 SAWarning: TypeDecorator UtcDateTime(timezone=True) will not produce a cache key because the ``cache_ok`` flag is not set to True.  Set this flag to True if this type object's state is safe to use in a cache key, or False to disable this warning.
[2021-12-08 18:25:04,092] {logging_mixin.py:109} INFO - [2021-12-08 18:25:04,092] {dag.py:2396} INFO - Sync 1 DAGs
[2021-12-08 18:25:04,101] {logging_mixin.py:109} WARNING - /usr/local/lib/python3.8/dist-packages/airflow/models/dag.py:2433 SAWarning: TypeDecorator UtcDateTime(timezone=True) will not produce a cache key because the ``cache_ok`` flag is not set to True.  Set this flag to True if this type object's state is safe to use in a cache key, or False to disable this warning.
[2021-12-08 18:25:04,109] {logging_mixin.py:109} INFO - [2021-12-08 18:25:04,109] {dag.py:2928} INFO - Setting next_dagrun for example_branch_dop_operator_v3 to 2021-12-08T12:54:00+00:00
[2021-12-08 18:25:04,277] {processor.py:171} INFO - Processing /usr/local/lib/python3.8/dist-packages/airflow/example_dags/example_branch_python_dop_operator_3.py took 0.218 seconds
[2021-12-08 18:26:02,419] {processor.py:163} INFO - Started process (PID=331) to work on /usr/local/lib/python3.8/dist-packages/airflow/example_dags/example_branch_python_dop_operator_3.py
[2021-12-08 18:26:02,437] {processor.py:625} INFO - Processing file /usr/local/lib/python3.8/dist-packages/airflow/example_dags/example_branch_python_dop_operator_3.py for tasks to queue
[2021-12-08 18:26:02,437] {logging_mixin.py:109} INFO - [2021-12-08 18:26:02,437] {dagbag.py:500} INFO - Filling up the DagBag from /usr/local/lib/python3.8/dist-packages/airflow/example_dags/example_branch_python_dop_operator_3.py
[2021-12-08 18:26:02,460] {processor.py:637} INFO - DAG(s) dict_keys(['example_branch_dop_operator_v3']) retrieved from /usr/local/lib/python3.8/dist-packages/airflow/example_dags/example_branch_python_dop_operator_3.py
[2021-12-08 18:26:02,467] {logging_mixin.py:109} WARNING - /usr/local/lib/python3.8/dist-packages/airflow/models/serialized_dag.py:120 SAWarning: TypeDecorator UtcDateTime(timezone=True) will not produce a cache key because the ``cache_ok`` flag is not set to True.  Set this flag to True if this type object's state is safe to use in a cache key, or False to disable this warning.
[2021-12-08 18:26:02,476] {logging_mixin.py:109} INFO - [2021-12-08 18:26:02,476] {dag.py:2396} INFO - Sync 1 DAGs
[2021-12-08 18:26:02,491] {logging_mixin.py:109} WARNING - /usr/local/lib/python3.8/dist-packages/airflow/models/dag.py:2433 SAWarning: TypeDecorator UtcDateTime(timezone=True) will not produce a cache key because the ``cache_ok`` flag is not set to True.  Set this flag to True if this type object's state is safe to use in a cache key, or False to disable this warning.
[2021-12-08 18:26:02,501] {logging_mixin.py:109} INFO - [2021-12-08 18:26:02,501] {dag.py:2928} INFO - Setting next_dagrun for example_branch_dop_operator_v3 to 2021-12-08T12:55:00+00:00
[2021-12-08 18:26:02,659] {processor.py:171} INFO - Processing /usr/local/lib/python3.8/dist-packages/airflow/example_dags/example_branch_python_dop_operator_3.py took 0.243 seconds
[2021-12-08 18:26:59,709] {processor.py:163} INFO - Started process (PID=374) to work on /usr/local/lib/python3.8/dist-packages/airflow/example_dags/example_branch_python_dop_operator_3.py
[2021-12-08 18:26:59,720] {processor.py:625} INFO - Processing file /usr/local/lib/python3.8/dist-packages/airflow/example_dags/example_branch_python_dop_operator_3.py for tasks to queue
[2021-12-08 18:26:59,721] {logging_mixin.py:109} INFO - [2021-12-08 18:26:59,721] {dagbag.py:500} INFO - Filling up the DagBag from /usr/local/lib/python3.8/dist-packages/airflow/example_dags/example_branch_python_dop_operator_3.py
[2021-12-08 18:26:59,748] {processor.py:637} INFO - DAG(s) dict_keys(['example_branch_dop_operator_v3']) retrieved from /usr/local/lib/python3.8/dist-packages/airflow/example_dags/example_branch_python_dop_operator_3.py
[2021-12-08 18:26:59,754] {logging_mixin.py:109} WARNING - /usr/local/lib/python3.8/dist-packages/airflow/models/serialized_dag.py:120 SAWarning: TypeDecorator UtcDateTime(timezone=True) will not produce a cache key because the ``cache_ok`` flag is not set to True.  Set this flag to True if this type object's state is safe to use in a cache key, or False to disable this warning.
[2021-12-08 18:26:59,765] {logging_mixin.py:109} INFO - [2021-12-08 18:26:59,765] {dag.py:2396} INFO - Sync 1 DAGs
[2021-12-08 18:26:59,776] {logging_mixin.py:109} WARNING - /usr/local/lib/python3.8/dist-packages/airflow/models/dag.py:2433 SAWarning: TypeDecorator UtcDateTime(timezone=True) will not produce a cache key because the ``cache_ok`` flag is not set to True.  Set this flag to True if this type object's state is safe to use in a cache key, or False to disable this warning.
[2021-12-08 18:26:59,792] {logging_mixin.py:109} INFO - [2021-12-08 18:26:59,792] {dag.py:2928} INFO - Setting next_dagrun for example_branch_dop_operator_v3 to 2021-12-08T12:55:00+00:00
[2021-12-08 18:26:59,948] {processor.py:171} INFO - Processing /usr/local/lib/python3.8/dist-packages/airflow/example_dags/example_branch_python_dop_operator_3.py took 0.241 seconds
[2021-12-08 18:27:59,291] {processor.py:163} INFO - Started process (PID=416) to work on /usr/local/lib/python3.8/dist-packages/airflow/example_dags/example_branch_python_dop_operator_3.py
[2021-12-08 18:27:59,292] {processor.py:625} INFO - Processing file /usr/local/lib/python3.8/dist-packages/airflow/example_dags/example_branch_python_dop_operator_3.py for tasks to queue
[2021-12-08 18:27:59,293] {logging_mixin.py:109} INFO - [2021-12-08 18:27:59,293] {dagbag.py:500} INFO - Filling up the DagBag from /usr/local/lib/python3.8/dist-packages/airflow/example_dags/example_branch_python_dop_operator_3.py
[2021-12-08 18:27:59,312] {processor.py:637} INFO - DAG(s) dict_keys(['example_branch_dop_operator_v3']) retrieved from /usr/local/lib/python3.8/dist-packages/airflow/example_dags/example_branch_python_dop_operator_3.py
[2021-12-08 18:27:59,315] {logging_mixin.py:109} WARNING - /usr/local/lib/python3.8/dist-packages/airflow/models/serialized_dag.py:120 SAWarning: TypeDecorator UtcDateTime(timezone=True) will not produce a cache key because the ``cache_ok`` flag is not set to True.  Set this flag to True if this type object's state is safe to use in a cache key, or False to disable this warning.
[2021-12-08 18:27:59,321] {logging_mixin.py:109} INFO - [2021-12-08 18:27:59,321] {dag.py:2396} INFO - Sync 1 DAGs
[2021-12-08 18:27:59,329] {logging_mixin.py:109} WARNING - /usr/local/lib/python3.8/dist-packages/airflow/models/dag.py:2433 SAWarning: TypeDecorator UtcDateTime(timezone=True) will not produce a cache key because the ``cache_ok`` flag is not set to True.  Set this flag to True if this type object's state is safe to use in a cache key, or False to disable this warning.
[2021-12-08 18:27:59,338] {logging_mixin.py:109} INFO - [2021-12-08 18:27:59,338] {dag.py:2928} INFO - Setting next_dagrun for example_branch_dop_operator_v3 to 2021-12-08T12:56:00+00:00
[2021-12-08 18:27:59,517] {processor.py:171} INFO - Processing /usr/local/lib/python3.8/dist-packages/airflow/example_dags/example_branch_python_dop_operator_3.py took 0.229 seconds
[2021-12-08 18:28:55,089] {processor.py:163} INFO - Started process (PID=458) to work on /usr/local/lib/python3.8/dist-packages/airflow/example_dags/example_branch_python_dop_operator_3.py
[2021-12-08 18:28:55,099] {processor.py:625} INFO - Processing file /usr/local/lib/python3.8/dist-packages/airflow/example_dags/example_branch_python_dop_operator_3.py for tasks to queue
[2021-12-08 18:28:55,100] {logging_mixin.py:109} INFO - [2021-12-08 18:28:55,099] {dagbag.py:500} INFO - Filling up the DagBag from /usr/local/lib/python3.8/dist-packages/airflow/example_dags/example_branch_python_dop_operator_3.py
[2021-12-08 18:28:55,119] {processor.py:637} INFO - DAG(s) dict_keys(['example_branch_dop_operator_v3']) retrieved from /usr/local/lib/python3.8/dist-packages/airflow/example_dags/example_branch_python_dop_operator_3.py
[2021-12-08 18:28:55,122] {logging_mixin.py:109} WARNING - /usr/local/lib/python3.8/dist-packages/airflow/models/serialized_dag.py:120 SAWarning: TypeDecorator UtcDateTime(timezone=True) will not produce a cache key because the ``cache_ok`` flag is not set to True.  Set this flag to True if this type object's state is safe to use in a cache key, or False to disable this warning.
[2021-12-08 18:28:55,128] {logging_mixin.py:109} INFO - [2021-12-08 18:28:55,128] {dag.py:2396} INFO - Sync 1 DAGs
[2021-12-08 18:28:55,137] {logging_mixin.py:109} WARNING - /usr/local/lib/python3.8/dist-packages/airflow/models/dag.py:2433 SAWarning: TypeDecorator UtcDateTime(timezone=True) will not produce a cache key because the ``cache_ok`` flag is not set to True.  Set this flag to True if this type object's state is safe to use in a cache key, or False to disable this warning.
[2021-12-08 18:28:55,145] {logging_mixin.py:109} INFO - [2021-12-08 18:28:55,145] {dag.py:2928} INFO - Setting next_dagrun for example_branch_dop_operator_v3 to 2021-12-08T12:57:00+00:00
[2021-12-08 18:28:55,319] {processor.py:171} INFO - Processing /usr/local/lib/python3.8/dist-packages/airflow/example_dags/example_branch_python_dop_operator_3.py took 0.232 seconds
[2021-12-08 18:29:54,644] {processor.py:163} INFO - Started process (PID=501) to work on /usr/local/lib/python3.8/dist-packages/airflow/example_dags/example_branch_python_dop_operator_3.py
[2021-12-08 18:29:54,656] {processor.py:625} INFO - Processing file /usr/local/lib/python3.8/dist-packages/airflow/example_dags/example_branch_python_dop_operator_3.py for tasks to queue
[2021-12-08 18:29:54,656] {logging_mixin.py:109} INFO - [2021-12-08 18:29:54,656] {dagbag.py:500} INFO - Filling up the DagBag from /usr/local/lib/python3.8/dist-packages/airflow/example_dags/example_branch_python_dop_operator_3.py
[2021-12-08 18:29:54,674] {processor.py:637} INFO - DAG(s) dict_keys(['example_branch_dop_operator_v3']) retrieved from /usr/local/lib/python3.8/dist-packages/airflow/example_dags/example_branch_python_dop_operator_3.py
[2021-12-08 18:29:54,678] {logging_mixin.py:109} WARNING - /usr/local/lib/python3.8/dist-packages/airflow/models/serialized_dag.py:120 SAWarning: TypeDecorator UtcDateTime(timezone=True) will not produce a cache key because the ``cache_ok`` flag is not set to True.  Set this flag to True if this type object's state is safe to use in a cache key, or False to disable this warning.
[2021-12-08 18:29:54,684] {logging_mixin.py:109} INFO - [2021-12-08 18:29:54,684] {dag.py:2396} INFO - Sync 1 DAGs
[2021-12-08 18:29:54,692] {logging_mixin.py:109} WARNING - /usr/local/lib/python3.8/dist-packages/airflow/models/dag.py:2433 SAWarning: TypeDecorator UtcDateTime(timezone=True) will not produce a cache key because the ``cache_ok`` flag is not set to True.  Set this flag to True if this type object's state is safe to use in a cache key, or False to disable this warning.
[2021-12-08 18:29:54,700] {logging_mixin.py:109} INFO - [2021-12-08 18:29:54,700] {dag.py:2928} INFO - Setting next_dagrun for example_branch_dop_operator_v3 to 2021-12-08T12:58:00+00:00
[2021-12-08 18:29:54,875] {processor.py:171} INFO - Processing /usr/local/lib/python3.8/dist-packages/airflow/example_dags/example_branch_python_dop_operator_3.py took 0.234 seconds
[2021-12-08 18:30:49,596] {processor.py:163} INFO - Started process (PID=542) to work on /usr/local/lib/python3.8/dist-packages/airflow/example_dags/example_branch_python_dop_operator_3.py
[2021-12-08 18:30:49,614] {processor.py:625} INFO - Processing file /usr/local/lib/python3.8/dist-packages/airflow/example_dags/example_branch_python_dop_operator_3.py for tasks to queue
[2021-12-08 18:30:49,614] {logging_mixin.py:109} INFO - [2021-12-08 18:30:49,614] {dagbag.py:500} INFO - Filling up the DagBag from /usr/local/lib/python3.8/dist-packages/airflow/example_dags/example_branch_python_dop_operator_3.py
[2021-12-08 18:30:49,634] {processor.py:637} INFO - DAG(s) dict_keys(['example_branch_dop_operator_v3']) retrieved from /usr/local/lib/python3.8/dist-packages/airflow/example_dags/example_branch_python_dop_operator_3.py
[2021-12-08 18:30:49,638] {logging_mixin.py:109} WARNING - /usr/local/lib/python3.8/dist-packages/airflow/models/serialized_dag.py:120 SAWarning: TypeDecorator UtcDateTime(timezone=True) will not produce a cache key because the ``cache_ok`` flag is not set to True.  Set this flag to True if this type object's state is safe to use in a cache key, or False to disable this warning.
[2021-12-08 18:30:49,644] {logging_mixin.py:109} INFO - [2021-12-08 18:30:49,644] {dag.py:2396} INFO - Sync 1 DAGs
[2021-12-08 18:30:49,652] {logging_mixin.py:109} WARNING - /usr/local/lib/python3.8/dist-packages/airflow/models/dag.py:2433 SAWarning: TypeDecorator UtcDateTime(timezone=True) will not produce a cache key because the ``cache_ok`` flag is not set to True.  Set this flag to True if this type object's state is safe to use in a cache key, or False to disable this warning.
[2021-12-08 18:30:49,661] {logging_mixin.py:109} INFO - [2021-12-08 18:30:49,661] {dag.py:2928} INFO - Setting next_dagrun for example_branch_dop_operator_v3 to 2021-12-08T12:59:00+00:00
[2021-12-08 18:30:49,842] {processor.py:171} INFO - Processing /usr/local/lib/python3.8/dist-packages/airflow/example_dags/example_branch_python_dop_operator_3.py took 0.249 seconds
[2021-12-08 18:31:44,582] {processor.py:163} INFO - Started process (PID=583) to work on /usr/local/lib/python3.8/dist-packages/airflow/example_dags/example_branch_python_dop_operator_3.py
[2021-12-08 18:31:44,615] {processor.py:625} INFO - Processing file /usr/local/lib/python3.8/dist-packages/airflow/example_dags/example_branch_python_dop_operator_3.py for tasks to queue
[2021-12-08 18:31:44,615] {logging_mixin.py:109} INFO - [2021-12-08 18:31:44,615] {dagbag.py:500} INFO - Filling up the DagBag from /usr/local/lib/python3.8/dist-packages/airflow/example_dags/example_branch_python_dop_operator_3.py
[2021-12-08 18:31:44,641] {processor.py:637} INFO - DAG(s) dict_keys(['example_branch_dop_operator_v3']) retrieved from /usr/local/lib/python3.8/dist-packages/airflow/example_dags/example_branch_python_dop_operator_3.py
[2021-12-08 18:31:44,645] {logging_mixin.py:109} WARNING - /usr/local/lib/python3.8/dist-packages/airflow/models/serialized_dag.py:120 SAWarning: TypeDecorator UtcDateTime(timezone=True) will not produce a cache key because the ``cache_ok`` flag is not set to True.  Set this flag to True if this type object's state is safe to use in a cache key, or False to disable this warning.
[2021-12-08 18:31:44,657] {logging_mixin.py:109} INFO - [2021-12-08 18:31:44,657] {dag.py:2396} INFO - Sync 1 DAGs
[2021-12-08 18:31:44,669] {logging_mixin.py:109} WARNING - /usr/local/lib/python3.8/dist-packages/airflow/models/dag.py:2433 SAWarning: TypeDecorator UtcDateTime(timezone=True) will not produce a cache key because the ``cache_ok`` flag is not set to True.  Set this flag to True if this type object's state is safe to use in a cache key, or False to disable this warning.
[2021-12-08 18:31:44,680] {logging_mixin.py:109} INFO - [2021-12-08 18:31:44,680] {dag.py:2928} INFO - Setting next_dagrun for example_branch_dop_operator_v3 to 2021-12-08T13:00:00+00:00
[2021-12-08 18:31:45,005] {processor.py:171} INFO - Processing /usr/local/lib/python3.8/dist-packages/airflow/example_dags/example_branch_python_dop_operator_3.py took 0.426 seconds
[2021-12-08 18:32:42,572] {processor.py:163} INFO - Started process (PID=626) to work on /usr/local/lib/python3.8/dist-packages/airflow/example_dags/example_branch_python_dop_operator_3.py
[2021-12-08 18:32:42,652] {processor.py:625} INFO - Processing file /usr/local/lib/python3.8/dist-packages/airflow/example_dags/example_branch_python_dop_operator_3.py for tasks to queue
[2021-12-08 18:32:42,654] {logging_mixin.py:109} INFO - [2021-12-08 18:32:42,653] {dagbag.py:500} INFO - Filling up the DagBag from /usr/local/lib/python3.8/dist-packages/airflow/example_dags/example_branch_python_dop_operator_3.py
[2021-12-08 18:32:42,689] {processor.py:637} INFO - DAG(s) dict_keys(['example_branch_dop_operator_v3']) retrieved from /usr/local/lib/python3.8/dist-packages/airflow/example_dags/example_branch_python_dop_operator_3.py
[2021-12-08 18:32:42,692] {logging_mixin.py:109} WARNING - /usr/local/lib/python3.8/dist-packages/airflow/models/serialized_dag.py:120 SAWarning: TypeDecorator UtcDateTime(timezone=True) will not produce a cache key because the ``cache_ok`` flag is not set to True.  Set this flag to True if this type object's state is safe to use in a cache key, or False to disable this warning.
[2021-12-08 18:32:42,698] {logging_mixin.py:109} INFO - [2021-12-08 18:32:42,698] {dag.py:2396} INFO - Sync 1 DAGs
[2021-12-08 18:32:42,706] {logging_mixin.py:109} WARNING - /usr/local/lib/python3.8/dist-packages/airflow/models/dag.py:2433 SAWarning: TypeDecorator UtcDateTime(timezone=True) will not produce a cache key because the ``cache_ok`` flag is not set to True.  Set this flag to True if this type object's state is safe to use in a cache key, or False to disable this warning.
[2021-12-08 18:32:42,715] {logging_mixin.py:109} INFO - [2021-12-08 18:32:42,715] {dag.py:2928} INFO - Setting next_dagrun for example_branch_dop_operator_v3 to 2021-12-08T13:01:00+00:00
[2021-12-08 18:32:42,890] {processor.py:171} INFO - Processing /usr/local/lib/python3.8/dist-packages/airflow/example_dags/example_branch_python_dop_operator_3.py took 0.322 seconds
[2021-12-08 18:33:37,740] {processor.py:163} INFO - Started process (PID=668) to work on /usr/local/lib/python3.8/dist-packages/airflow/example_dags/example_branch_python_dop_operator_3.py
[2021-12-08 18:33:37,752] {processor.py:625} INFO - Processing file /usr/local/lib/python3.8/dist-packages/airflow/example_dags/example_branch_python_dop_operator_3.py for tasks to queue
[2021-12-08 18:33:37,753] {logging_mixin.py:109} INFO - [2021-12-08 18:33:37,752] {dagbag.py:500} INFO - Filling up the DagBag from /usr/local/lib/python3.8/dist-packages/airflow/example_dags/example_branch_python_dop_operator_3.py
[2021-12-08 18:33:37,772] {processor.py:637} INFO - DAG(s) dict_keys(['example_branch_dop_operator_v3']) retrieved from /usr/local/lib/python3.8/dist-packages/airflow/example_dags/example_branch_python_dop_operator_3.py
[2021-12-08 18:33:37,775] {logging_mixin.py:109} WARNING - /usr/local/lib/python3.8/dist-packages/airflow/models/serialized_dag.py:120 SAWarning: TypeDecorator UtcDateTime(timezone=True) will not produce a cache key because the ``cache_ok`` flag is not set to True.  Set this flag to True if this type object's state is safe to use in a cache key, or False to disable this warning.
[2021-12-08 18:33:37,781] {logging_mixin.py:109} INFO - [2021-12-08 18:33:37,781] {dag.py:2396} INFO - Sync 1 DAGs
[2021-12-08 18:33:37,789] {logging_mixin.py:109} WARNING - /usr/local/lib/python3.8/dist-packages/airflow/models/dag.py:2433 SAWarning: TypeDecorator UtcDateTime(timezone=True) will not produce a cache key because the ``cache_ok`` flag is not set to True.  Set this flag to True if this type object's state is safe to use in a cache key, or False to disable this warning.
[2021-12-08 18:33:37,798] {logging_mixin.py:109} INFO - [2021-12-08 18:33:37,798] {dag.py:2928} INFO - Setting next_dagrun for example_branch_dop_operator_v3 to 2021-12-08T13:02:00+00:00
[2021-12-08 18:33:37,961] {processor.py:171} INFO - Processing /usr/local/lib/python3.8/dist-packages/airflow/example_dags/example_branch_python_dop_operator_3.py took 0.223 seconds
[2021-12-08 18:34:30,102] {processor.py:163} INFO - Started process (PID=707) to work on /usr/local/lib/python3.8/dist-packages/airflow/example_dags/example_branch_python_dop_operator_3.py
[2021-12-08 18:34:30,110] {processor.py:625} INFO - Processing file /usr/local/lib/python3.8/dist-packages/airflow/example_dags/example_branch_python_dop_operator_3.py for tasks to queue
[2021-12-08 18:34:30,111] {logging_mixin.py:109} INFO - [2021-12-08 18:34:30,111] {dagbag.py:500} INFO - Filling up the DagBag from /usr/local/lib/python3.8/dist-packages/airflow/example_dags/example_branch_python_dop_operator_3.py
[2021-12-08 18:34:30,132] {processor.py:637} INFO - DAG(s) dict_keys(['example_branch_dop_operator_v3']) retrieved from /usr/local/lib/python3.8/dist-packages/airflow/example_dags/example_branch_python_dop_operator_3.py
[2021-12-08 18:34:30,135] {logging_mixin.py:109} WARNING - /usr/local/lib/python3.8/dist-packages/airflow/models/serialized_dag.py:120 SAWarning: TypeDecorator UtcDateTime(timezone=True) will not produce a cache key because the ``cache_ok`` flag is not set to True.  Set this flag to True if this type object's state is safe to use in a cache key, or False to disable this warning.
[2021-12-08 18:34:30,141] {logging_mixin.py:109} INFO - [2021-12-08 18:34:30,141] {dag.py:2396} INFO - Sync 1 DAGs
[2021-12-08 18:34:30,150] {logging_mixin.py:109} WARNING - /usr/local/lib/python3.8/dist-packages/airflow/models/dag.py:2433 SAWarning: TypeDecorator UtcDateTime(timezone=True) will not produce a cache key because the ``cache_ok`` flag is not set to True.  Set this flag to True if this type object's state is safe to use in a cache key, or False to disable this warning.
[2021-12-08 18:34:30,159] {logging_mixin.py:109} INFO - [2021-12-08 18:34:30,159] {dag.py:2928} INFO - Setting next_dagrun for example_branch_dop_operator_v3 to 2021-12-08T13:03:00+00:00
[2021-12-08 18:34:30,334] {processor.py:171} INFO - Processing /usr/local/lib/python3.8/dist-packages/airflow/example_dags/example_branch_python_dop_operator_3.py took 0.237 seconds
