[2021-12-08 18:23:25,650] {processor.py:163} INFO - Started process (PID=216) to work on /usr/local/lib/python3.8/dist-packages/airflow/example_dags/example_xcomargs.py
[2021-12-08 18:23:25,650] {processor.py:625} INFO - Processing file /usr/local/lib/python3.8/dist-packages/airflow/example_dags/example_xcomargs.py for tasks to queue
[2021-12-08 18:23:25,651] {logging_mixin.py:109} INFO - [2021-12-08 18:23:25,651] {dagbag.py:500} INFO - Filling up the DagBag from /usr/local/lib/python3.8/dist-packages/airflow/example_dags/example_xcomargs.py
[2021-12-08 18:23:25,672] {processor.py:637} INFO - DAG(s) dict_keys(['example_xcom_args', 'example_xcom_args_with_operators']) retrieved from /usr/local/lib/python3.8/dist-packages/airflow/example_dags/example_xcomargs.py
[2021-12-08 18:23:25,675] {logging_mixin.py:109} WARNING - /usr/local/lib/python3.8/dist-packages/airflow/models/serialized_dag.py:120 SAWarning: TypeDecorator UtcDateTime(timezone=True) will not produce a cache key because the ``cache_ok`` flag is not set to True.  Set this flag to True if this type object's state is safe to use in a cache key, or False to disable this warning.
[2021-12-08 18:23:25,888] {logging_mixin.py:109} WARNING - /usr/local/lib/python3.8/dist-packages/airflow/models/serialized_dag.py:120 SAWarning: TypeDecorator UtcDateTime(timezone=True) will not produce a cache key because the ``cache_ok`` flag is not set to True.  Set this flag to True if this type object's state is safe to use in a cache key, or False to disable this warning.
[2021-12-08 18:23:25,891] {logging_mixin.py:109} INFO - [2021-12-08 18:23:25,891] {dag.py:2396} INFO - Sync 2 DAGs
[2021-12-08 18:23:25,897] {logging_mixin.py:109} WARNING - /usr/local/lib/python3.8/dist-packages/airflow/models/dag.py:2433 SAWarning: TypeDecorator UtcDateTime(timezone=True) will not produce a cache key because the ``cache_ok`` flag is not set to True.  Set this flag to True if this type object's state is safe to use in a cache key, or False to disable this warning.
[2021-12-08 18:23:25,903] {logging_mixin.py:109} INFO - [2021-12-08 18:23:25,903] {dag.py:2928} INFO - Setting next_dagrun for example_xcom_args to None
[2021-12-08 18:23:25,903] {logging_mixin.py:109} INFO - [2021-12-08 18:23:25,903] {dag.py:2928} INFO - Setting next_dagrun for example_xcom_args_with_operators to None
[2021-12-08 18:23:26,061] {processor.py:171} INFO - Processing /usr/local/lib/python3.8/dist-packages/airflow/example_dags/example_xcomargs.py took 0.414 seconds
[2021-12-08 18:24:23,605] {processor.py:163} INFO - Started process (PID=259) to work on /usr/local/lib/python3.8/dist-packages/airflow/example_dags/example_xcomargs.py
[2021-12-08 18:24:23,645] {processor.py:625} INFO - Processing file /usr/local/lib/python3.8/dist-packages/airflow/example_dags/example_xcomargs.py for tasks to queue
[2021-12-08 18:24:23,645] {logging_mixin.py:109} INFO - [2021-12-08 18:24:23,645] {dagbag.py:500} INFO - Filling up the DagBag from /usr/local/lib/python3.8/dist-packages/airflow/example_dags/example_xcomargs.py
[2021-12-08 18:24:23,679] {processor.py:637} INFO - DAG(s) dict_keys(['example_xcom_args', 'example_xcom_args_with_operators']) retrieved from /usr/local/lib/python3.8/dist-packages/airflow/example_dags/example_xcomargs.py
[2021-12-08 18:24:23,682] {logging_mixin.py:109} WARNING - /usr/local/lib/python3.8/dist-packages/airflow/models/serialized_dag.py:120 SAWarning: TypeDecorator UtcDateTime(timezone=True) will not produce a cache key because the ``cache_ok`` flag is not set to True.  Set this flag to True if this type object's state is safe to use in a cache key, or False to disable this warning.
[2021-12-08 18:24:23,908] {logging_mixin.py:109} WARNING - /usr/local/lib/python3.8/dist-packages/airflow/models/serialized_dag.py:120 SAWarning: TypeDecorator UtcDateTime(timezone=True) will not produce a cache key because the ``cache_ok`` flag is not set to True.  Set this flag to True if this type object's state is safe to use in a cache key, or False to disable this warning.
[2021-12-08 18:24:23,910] {logging_mixin.py:109} INFO - [2021-12-08 18:24:23,910] {dag.py:2396} INFO - Sync 2 DAGs
[2021-12-08 18:24:23,917] {logging_mixin.py:109} WARNING - /usr/local/lib/python3.8/dist-packages/airflow/models/dag.py:2433 SAWarning: TypeDecorator UtcDateTime(timezone=True) will not produce a cache key because the ``cache_ok`` flag is not set to True.  Set this flag to True if this type object's state is safe to use in a cache key, or False to disable this warning.
[2021-12-08 18:24:23,922] {logging_mixin.py:109} INFO - [2021-12-08 18:24:23,922] {dag.py:2928} INFO - Setting next_dagrun for example_xcom_args to None
[2021-12-08 18:24:23,922] {logging_mixin.py:109} INFO - [2021-12-08 18:24:23,922] {dag.py:2928} INFO - Setting next_dagrun for example_xcom_args_with_operators to None
[2021-12-08 18:24:24,123] {processor.py:171} INFO - Processing /usr/local/lib/python3.8/dist-packages/airflow/example_dags/example_xcomargs.py took 0.520 seconds
[2021-12-08 18:25:21,865] {processor.py:163} INFO - Started process (PID=301) to work on /usr/local/lib/python3.8/dist-packages/airflow/example_dags/example_xcomargs.py
[2021-12-08 18:25:21,867] {processor.py:625} INFO - Processing file /usr/local/lib/python3.8/dist-packages/airflow/example_dags/example_xcomargs.py for tasks to queue
[2021-12-08 18:25:21,867] {logging_mixin.py:109} INFO - [2021-12-08 18:25:21,867] {dagbag.py:500} INFO - Filling up the DagBag from /usr/local/lib/python3.8/dist-packages/airflow/example_dags/example_xcomargs.py
[2021-12-08 18:25:21,894] {processor.py:637} INFO - DAG(s) dict_keys(['example_xcom_args', 'example_xcom_args_with_operators']) retrieved from /usr/local/lib/python3.8/dist-packages/airflow/example_dags/example_xcomargs.py
[2021-12-08 18:25:21,898] {logging_mixin.py:109} WARNING - /usr/local/lib/python3.8/dist-packages/airflow/models/serialized_dag.py:120 SAWarning: TypeDecorator UtcDateTime(timezone=True) will not produce a cache key because the ``cache_ok`` flag is not set to True.  Set this flag to True if this type object's state is safe to use in a cache key, or False to disable this warning.
[2021-12-08 18:25:22,131] {logging_mixin.py:109} WARNING - /usr/local/lib/python3.8/dist-packages/airflow/models/serialized_dag.py:120 SAWarning: TypeDecorator UtcDateTime(timezone=True) will not produce a cache key because the ``cache_ok`` flag is not set to True.  Set this flag to True if this type object's state is safe to use in a cache key, or False to disable this warning.
[2021-12-08 18:25:22,134] {logging_mixin.py:109} INFO - [2021-12-08 18:25:22,134] {dag.py:2396} INFO - Sync 2 DAGs
[2021-12-08 18:25:22,140] {logging_mixin.py:109} WARNING - /usr/local/lib/python3.8/dist-packages/airflow/models/dag.py:2433 SAWarning: TypeDecorator UtcDateTime(timezone=True) will not produce a cache key because the ``cache_ok`` flag is not set to True.  Set this flag to True if this type object's state is safe to use in a cache key, or False to disable this warning.
[2021-12-08 18:25:22,146] {logging_mixin.py:109} INFO - [2021-12-08 18:25:22,146] {dag.py:2928} INFO - Setting next_dagrun for example_xcom_args to None
[2021-12-08 18:25:22,146] {logging_mixin.py:109} INFO - [2021-12-08 18:25:22,146] {dag.py:2928} INFO - Setting next_dagrun for example_xcom_args_with_operators to None
[2021-12-08 18:25:22,331] {processor.py:171} INFO - Processing /usr/local/lib/python3.8/dist-packages/airflow/example_dags/example_xcomargs.py took 0.470 seconds
[2021-12-08 18:26:20,298] {processor.py:163} INFO - Started process (PID=344) to work on /usr/local/lib/python3.8/dist-packages/airflow/example_dags/example_xcomargs.py
[2021-12-08 18:26:20,304] {processor.py:625} INFO - Processing file /usr/local/lib/python3.8/dist-packages/airflow/example_dags/example_xcomargs.py for tasks to queue
[2021-12-08 18:26:20,305] {logging_mixin.py:109} INFO - [2021-12-08 18:26:20,305] {dagbag.py:500} INFO - Filling up the DagBag from /usr/local/lib/python3.8/dist-packages/airflow/example_dags/example_xcomargs.py
[2021-12-08 18:26:20,328] {processor.py:637} INFO - DAG(s) dict_keys(['example_xcom_args', 'example_xcom_args_with_operators']) retrieved from /usr/local/lib/python3.8/dist-packages/airflow/example_dags/example_xcomargs.py
[2021-12-08 18:26:20,331] {logging_mixin.py:109} WARNING - /usr/local/lib/python3.8/dist-packages/airflow/models/serialized_dag.py:120 SAWarning: TypeDecorator UtcDateTime(timezone=True) will not produce a cache key because the ``cache_ok`` flag is not set to True.  Set this flag to True if this type object's state is safe to use in a cache key, or False to disable this warning.
[2021-12-08 18:26:20,554] {logging_mixin.py:109} WARNING - /usr/local/lib/python3.8/dist-packages/airflow/models/serialized_dag.py:120 SAWarning: TypeDecorator UtcDateTime(timezone=True) will not produce a cache key because the ``cache_ok`` flag is not set to True.  Set this flag to True if this type object's state is safe to use in a cache key, or False to disable this warning.
[2021-12-08 18:26:20,557] {logging_mixin.py:109} INFO - [2021-12-08 18:26:20,557] {dag.py:2396} INFO - Sync 2 DAGs
[2021-12-08 18:26:20,565] {logging_mixin.py:109} WARNING - /usr/local/lib/python3.8/dist-packages/airflow/models/dag.py:2433 SAWarning: TypeDecorator UtcDateTime(timezone=True) will not produce a cache key because the ``cache_ok`` flag is not set to True.  Set this flag to True if this type object's state is safe to use in a cache key, or False to disable this warning.
[2021-12-08 18:26:20,571] {logging_mixin.py:109} INFO - [2021-12-08 18:26:20,571] {dag.py:2928} INFO - Setting next_dagrun for example_xcom_args to None
[2021-12-08 18:26:20,572] {logging_mixin.py:109} INFO - [2021-12-08 18:26:20,572] {dag.py:2928} INFO - Setting next_dagrun for example_xcom_args_with_operators to None
[2021-12-08 18:26:20,781] {processor.py:171} INFO - Processing /usr/local/lib/python3.8/dist-packages/airflow/example_dags/example_xcomargs.py took 0.486 seconds
[2021-12-08 18:27:16,315] {processor.py:163} INFO - Started process (PID=386) to work on /usr/local/lib/python3.8/dist-packages/airflow/example_dags/example_xcomargs.py
[2021-12-08 18:27:16,343] {processor.py:625} INFO - Processing file /usr/local/lib/python3.8/dist-packages/airflow/example_dags/example_xcomargs.py for tasks to queue
[2021-12-08 18:27:16,344] {logging_mixin.py:109} INFO - [2021-12-08 18:27:16,344] {dagbag.py:500} INFO - Filling up the DagBag from /usr/local/lib/python3.8/dist-packages/airflow/example_dags/example_xcomargs.py
[2021-12-08 18:27:16,376] {processor.py:637} INFO - DAG(s) dict_keys(['example_xcom_args', 'example_xcom_args_with_operators']) retrieved from /usr/local/lib/python3.8/dist-packages/airflow/example_dags/example_xcomargs.py
[2021-12-08 18:27:16,380] {logging_mixin.py:109} WARNING - /usr/local/lib/python3.8/dist-packages/airflow/models/serialized_dag.py:120 SAWarning: TypeDecorator UtcDateTime(timezone=True) will not produce a cache key because the ``cache_ok`` flag is not set to True.  Set this flag to True if this type object's state is safe to use in a cache key, or False to disable this warning.
[2021-12-08 18:27:16,644] {logging_mixin.py:109} WARNING - /usr/local/lib/python3.8/dist-packages/airflow/models/serialized_dag.py:120 SAWarning: TypeDecorator UtcDateTime(timezone=True) will not produce a cache key because the ``cache_ok`` flag is not set to True.  Set this flag to True if this type object's state is safe to use in a cache key, or False to disable this warning.
[2021-12-08 18:27:16,649] {logging_mixin.py:109} INFO - [2021-12-08 18:27:16,649] {dag.py:2396} INFO - Sync 2 DAGs
[2021-12-08 18:27:16,659] {logging_mixin.py:109} WARNING - /usr/local/lib/python3.8/dist-packages/airflow/models/dag.py:2433 SAWarning: TypeDecorator UtcDateTime(timezone=True) will not produce a cache key because the ``cache_ok`` flag is not set to True.  Set this flag to True if this type object's state is safe to use in a cache key, or False to disable this warning.
[2021-12-08 18:27:16,668] {logging_mixin.py:109} INFO - [2021-12-08 18:27:16,668] {dag.py:2928} INFO - Setting next_dagrun for example_xcom_args to None
[2021-12-08 18:27:16,668] {logging_mixin.py:109} INFO - [2021-12-08 18:27:16,668] {dag.py:2928} INFO - Setting next_dagrun for example_xcom_args_with_operators to None
[2021-12-08 18:27:16,853] {processor.py:171} INFO - Processing /usr/local/lib/python3.8/dist-packages/airflow/example_dags/example_xcomargs.py took 0.541 seconds
[2021-12-08 18:28:19,624] {processor.py:163} INFO - Started process (PID=431) to work on /usr/local/lib/python3.8/dist-packages/airflow/example_dags/example_xcomargs.py
[2021-12-08 18:28:19,637] {processor.py:625} INFO - Processing file /usr/local/lib/python3.8/dist-packages/airflow/example_dags/example_xcomargs.py for tasks to queue
[2021-12-08 18:28:19,637] {logging_mixin.py:109} INFO - [2021-12-08 18:28:19,637] {dagbag.py:500} INFO - Filling up the DagBag from /usr/local/lib/python3.8/dist-packages/airflow/example_dags/example_xcomargs.py
[2021-12-08 18:28:19,658] {processor.py:637} INFO - DAG(s) dict_keys(['example_xcom_args', 'example_xcom_args_with_operators']) retrieved from /usr/local/lib/python3.8/dist-packages/airflow/example_dags/example_xcomargs.py
[2021-12-08 18:28:19,662] {logging_mixin.py:109} WARNING - /usr/local/lib/python3.8/dist-packages/airflow/models/serialized_dag.py:120 SAWarning: TypeDecorator UtcDateTime(timezone=True) will not produce a cache key because the ``cache_ok`` flag is not set to True.  Set this flag to True if this type object's state is safe to use in a cache key, or False to disable this warning.
[2021-12-08 18:28:19,875] {logging_mixin.py:109} WARNING - /usr/local/lib/python3.8/dist-packages/airflow/models/serialized_dag.py:120 SAWarning: TypeDecorator UtcDateTime(timezone=True) will not produce a cache key because the ``cache_ok`` flag is not set to True.  Set this flag to True if this type object's state is safe to use in a cache key, or False to disable this warning.
[2021-12-08 18:28:19,877] {logging_mixin.py:109} INFO - [2021-12-08 18:28:19,877] {dag.py:2396} INFO - Sync 2 DAGs
[2021-12-08 18:28:19,884] {logging_mixin.py:109} WARNING - /usr/local/lib/python3.8/dist-packages/airflow/models/dag.py:2433 SAWarning: TypeDecorator UtcDateTime(timezone=True) will not produce a cache key because the ``cache_ok`` flag is not set to True.  Set this flag to True if this type object's state is safe to use in a cache key, or False to disable this warning.
[2021-12-08 18:28:19,890] {logging_mixin.py:109} INFO - [2021-12-08 18:28:19,890] {dag.py:2928} INFO - Setting next_dagrun for example_xcom_args to None
[2021-12-08 18:28:19,890] {logging_mixin.py:109} INFO - [2021-12-08 18:28:19,890] {dag.py:2928} INFO - Setting next_dagrun for example_xcom_args_with_operators to None
[2021-12-08 18:28:20,091] {processor.py:171} INFO - Processing /usr/local/lib/python3.8/dist-packages/airflow/example_dags/example_xcomargs.py took 0.469 seconds
[2021-12-08 18:29:13,170] {processor.py:163} INFO - Started process (PID=471) to work on /usr/local/lib/python3.8/dist-packages/airflow/example_dags/example_xcomargs.py
[2021-12-08 18:29:13,199] {processor.py:625} INFO - Processing file /usr/local/lib/python3.8/dist-packages/airflow/example_dags/example_xcomargs.py for tasks to queue
[2021-12-08 18:29:13,200] {logging_mixin.py:109} INFO - [2021-12-08 18:29:13,200] {dagbag.py:500} INFO - Filling up the DagBag from /usr/local/lib/python3.8/dist-packages/airflow/example_dags/example_xcomargs.py
[2021-12-08 18:29:13,227] {processor.py:637} INFO - DAG(s) dict_keys(['example_xcom_args', 'example_xcom_args_with_operators']) retrieved from /usr/local/lib/python3.8/dist-packages/airflow/example_dags/example_xcomargs.py
[2021-12-08 18:29:13,230] {logging_mixin.py:109} WARNING - /usr/local/lib/python3.8/dist-packages/airflow/models/serialized_dag.py:120 SAWarning: TypeDecorator UtcDateTime(timezone=True) will not produce a cache key because the ``cache_ok`` flag is not set to True.  Set this flag to True if this type object's state is safe to use in a cache key, or False to disable this warning.
[2021-12-08 18:29:13,444] {logging_mixin.py:109} WARNING - /usr/local/lib/python3.8/dist-packages/airflow/models/serialized_dag.py:120 SAWarning: TypeDecorator UtcDateTime(timezone=True) will not produce a cache key because the ``cache_ok`` flag is not set to True.  Set this flag to True if this type object's state is safe to use in a cache key, or False to disable this warning.
[2021-12-08 18:29:13,446] {logging_mixin.py:109} INFO - [2021-12-08 18:29:13,446] {dag.py:2396} INFO - Sync 2 DAGs
[2021-12-08 18:29:13,452] {logging_mixin.py:109} WARNING - /usr/local/lib/python3.8/dist-packages/airflow/models/dag.py:2433 SAWarning: TypeDecorator UtcDateTime(timezone=True) will not produce a cache key because the ``cache_ok`` flag is not set to True.  Set this flag to True if this type object's state is safe to use in a cache key, or False to disable this warning.
[2021-12-08 18:29:13,458] {logging_mixin.py:109} INFO - [2021-12-08 18:29:13,458] {dag.py:2928} INFO - Setting next_dagrun for example_xcom_args to None
[2021-12-08 18:29:13,458] {logging_mixin.py:109} INFO - [2021-12-08 18:29:13,458] {dag.py:2928} INFO - Setting next_dagrun for example_xcom_args_with_operators to None
[2021-12-08 18:29:13,667] {processor.py:171} INFO - Processing /usr/local/lib/python3.8/dist-packages/airflow/example_dags/example_xcomargs.py took 0.500 seconds
[2021-12-08 18:30:12,367] {processor.py:163} INFO - Started process (PID=515) to work on /usr/local/lib/python3.8/dist-packages/airflow/example_dags/example_xcomargs.py
[2021-12-08 18:30:12,390] {processor.py:625} INFO - Processing file /usr/local/lib/python3.8/dist-packages/airflow/example_dags/example_xcomargs.py for tasks to queue
[2021-12-08 18:30:12,390] {logging_mixin.py:109} INFO - [2021-12-08 18:30:12,390] {dagbag.py:500} INFO - Filling up the DagBag from /usr/local/lib/python3.8/dist-packages/airflow/example_dags/example_xcomargs.py
[2021-12-08 18:30:12,415] {processor.py:637} INFO - DAG(s) dict_keys(['example_xcom_args', 'example_xcom_args_with_operators']) retrieved from /usr/local/lib/python3.8/dist-packages/airflow/example_dags/example_xcomargs.py
[2021-12-08 18:30:12,418] {logging_mixin.py:109} WARNING - /usr/local/lib/python3.8/dist-packages/airflow/models/serialized_dag.py:120 SAWarning: TypeDecorator UtcDateTime(timezone=True) will not produce a cache key because the ``cache_ok`` flag is not set to True.  Set this flag to True if this type object's state is safe to use in a cache key, or False to disable this warning.
[2021-12-08 18:30:12,634] {logging_mixin.py:109} WARNING - /usr/local/lib/python3.8/dist-packages/airflow/models/serialized_dag.py:120 SAWarning: TypeDecorator UtcDateTime(timezone=True) will not produce a cache key because the ``cache_ok`` flag is not set to True.  Set this flag to True if this type object's state is safe to use in a cache key, or False to disable this warning.
[2021-12-08 18:30:12,637] {logging_mixin.py:109} INFO - [2021-12-08 18:30:12,637] {dag.py:2396} INFO - Sync 2 DAGs
[2021-12-08 18:30:12,644] {logging_mixin.py:109} WARNING - /usr/local/lib/python3.8/dist-packages/airflow/models/dag.py:2433 SAWarning: TypeDecorator UtcDateTime(timezone=True) will not produce a cache key because the ``cache_ok`` flag is not set to True.  Set this flag to True if this type object's state is safe to use in a cache key, or False to disable this warning.
[2021-12-08 18:30:12,649] {logging_mixin.py:109} INFO - [2021-12-08 18:30:12,649] {dag.py:2928} INFO - Setting next_dagrun for example_xcom_args to None
[2021-12-08 18:30:12,650] {logging_mixin.py:109} INFO - [2021-12-08 18:30:12,649] {dag.py:2928} INFO - Setting next_dagrun for example_xcom_args_with_operators to None
[2021-12-08 18:30:12,865] {processor.py:171} INFO - Processing /usr/local/lib/python3.8/dist-packages/airflow/example_dags/example_xcomargs.py took 0.501 seconds
[2021-12-08 18:31:08,500] {processor.py:163} INFO - Started process (PID=557) to work on /usr/local/lib/python3.8/dist-packages/airflow/example_dags/example_xcomargs.py
[2021-12-08 18:31:08,582] {processor.py:625} INFO - Processing file /usr/local/lib/python3.8/dist-packages/airflow/example_dags/example_xcomargs.py for tasks to queue
[2021-12-08 18:31:08,584] {logging_mixin.py:109} INFO - [2021-12-08 18:31:08,584] {dagbag.py:500} INFO - Filling up the DagBag from /usr/local/lib/python3.8/dist-packages/airflow/example_dags/example_xcomargs.py
[2021-12-08 18:31:08,637] {processor.py:637} INFO - DAG(s) dict_keys(['example_xcom_args', 'example_xcom_args_with_operators']) retrieved from /usr/local/lib/python3.8/dist-packages/airflow/example_dags/example_xcomargs.py
[2021-12-08 18:31:08,641] {logging_mixin.py:109} WARNING - /usr/local/lib/python3.8/dist-packages/airflow/models/serialized_dag.py:120 SAWarning: TypeDecorator UtcDateTime(timezone=True) will not produce a cache key because the ``cache_ok`` flag is not set to True.  Set this flag to True if this type object's state is safe to use in a cache key, or False to disable this warning.
[2021-12-08 18:31:08,875] {logging_mixin.py:109} WARNING - /usr/local/lib/python3.8/dist-packages/airflow/models/serialized_dag.py:120 SAWarning: TypeDecorator UtcDateTime(timezone=True) will not produce a cache key because the ``cache_ok`` flag is not set to True.  Set this flag to True if this type object's state is safe to use in a cache key, or False to disable this warning.
[2021-12-08 18:31:08,878] {logging_mixin.py:109} INFO - [2021-12-08 18:31:08,878] {dag.py:2396} INFO - Sync 2 DAGs
[2021-12-08 18:31:08,884] {logging_mixin.py:109} WARNING - /usr/local/lib/python3.8/dist-packages/airflow/models/dag.py:2433 SAWarning: TypeDecorator UtcDateTime(timezone=True) will not produce a cache key because the ``cache_ok`` flag is not set to True.  Set this flag to True if this type object's state is safe to use in a cache key, or False to disable this warning.
[2021-12-08 18:31:08,890] {logging_mixin.py:109} INFO - [2021-12-08 18:31:08,890] {dag.py:2928} INFO - Setting next_dagrun for example_xcom_args to None
[2021-12-08 18:31:08,891] {logging_mixin.py:109} INFO - [2021-12-08 18:31:08,891] {dag.py:2928} INFO - Setting next_dagrun for example_xcom_args_with_operators to None
[2021-12-08 18:31:09,051] {processor.py:171} INFO - Processing /usr/local/lib/python3.8/dist-packages/airflow/example_dags/example_xcomargs.py took 0.554 seconds
[2021-12-08 18:32:04,671] {processor.py:163} INFO - Started process (PID=598) to work on /usr/local/lib/python3.8/dist-packages/airflow/example_dags/example_xcomargs.py
[2021-12-08 18:32:04,672] {processor.py:625} INFO - Processing file /usr/local/lib/python3.8/dist-packages/airflow/example_dags/example_xcomargs.py for tasks to queue
[2021-12-08 18:32:04,672] {logging_mixin.py:109} INFO - [2021-12-08 18:32:04,672] {dagbag.py:500} INFO - Filling up the DagBag from /usr/local/lib/python3.8/dist-packages/airflow/example_dags/example_xcomargs.py
[2021-12-08 18:32:04,694] {processor.py:637} INFO - DAG(s) dict_keys(['example_xcom_args', 'example_xcom_args_with_operators']) retrieved from /usr/local/lib/python3.8/dist-packages/airflow/example_dags/example_xcomargs.py
[2021-12-08 18:32:04,697] {logging_mixin.py:109} WARNING - /usr/local/lib/python3.8/dist-packages/airflow/models/serialized_dag.py:120 SAWarning: TypeDecorator UtcDateTime(timezone=True) will not produce a cache key because the ``cache_ok`` flag is not set to True.  Set this flag to True if this type object's state is safe to use in a cache key, or False to disable this warning.
[2021-12-08 18:32:04,909] {logging_mixin.py:109} WARNING - /usr/local/lib/python3.8/dist-packages/airflow/models/serialized_dag.py:120 SAWarning: TypeDecorator UtcDateTime(timezone=True) will not produce a cache key because the ``cache_ok`` flag is not set to True.  Set this flag to True if this type object's state is safe to use in a cache key, or False to disable this warning.
[2021-12-08 18:32:04,912] {logging_mixin.py:109} INFO - [2021-12-08 18:32:04,911] {dag.py:2396} INFO - Sync 2 DAGs
[2021-12-08 18:32:04,918] {logging_mixin.py:109} WARNING - /usr/local/lib/python3.8/dist-packages/airflow/models/dag.py:2433 SAWarning: TypeDecorator UtcDateTime(timezone=True) will not produce a cache key because the ``cache_ok`` flag is not set to True.  Set this flag to True if this type object's state is safe to use in a cache key, or False to disable this warning.
[2021-12-08 18:32:04,924] {logging_mixin.py:109} INFO - [2021-12-08 18:32:04,924] {dag.py:2928} INFO - Setting next_dagrun for example_xcom_args to None
[2021-12-08 18:32:04,924] {logging_mixin.py:109} INFO - [2021-12-08 18:32:04,924] {dag.py:2928} INFO - Setting next_dagrun for example_xcom_args_with_operators to None
[2021-12-08 18:32:05,107] {processor.py:171} INFO - Processing /usr/local/lib/python3.8/dist-packages/airflow/example_dags/example_xcomargs.py took 0.438 seconds
[2021-12-08 18:33:03,047] {processor.py:163} INFO - Started process (PID=641) to work on /usr/local/lib/python3.8/dist-packages/airflow/example_dags/example_xcomargs.py
[2021-12-08 18:33:03,061] {processor.py:625} INFO - Processing file /usr/local/lib/python3.8/dist-packages/airflow/example_dags/example_xcomargs.py for tasks to queue
[2021-12-08 18:33:03,062] {logging_mixin.py:109} INFO - [2021-12-08 18:33:03,062] {dagbag.py:500} INFO - Filling up the DagBag from /usr/local/lib/python3.8/dist-packages/airflow/example_dags/example_xcomargs.py
[2021-12-08 18:33:03,083] {processor.py:637} INFO - DAG(s) dict_keys(['example_xcom_args', 'example_xcom_args_with_operators']) retrieved from /usr/local/lib/python3.8/dist-packages/airflow/example_dags/example_xcomargs.py
[2021-12-08 18:33:03,086] {logging_mixin.py:109} WARNING - /usr/local/lib/python3.8/dist-packages/airflow/models/serialized_dag.py:120 SAWarning: TypeDecorator UtcDateTime(timezone=True) will not produce a cache key because the ``cache_ok`` flag is not set to True.  Set this flag to True if this type object's state is safe to use in a cache key, or False to disable this warning.
[2021-12-08 18:33:03,297] {logging_mixin.py:109} WARNING - /usr/local/lib/python3.8/dist-packages/airflow/models/serialized_dag.py:120 SAWarning: TypeDecorator UtcDateTime(timezone=True) will not produce a cache key because the ``cache_ok`` flag is not set to True.  Set this flag to True if this type object's state is safe to use in a cache key, or False to disable this warning.
[2021-12-08 18:33:03,300] {logging_mixin.py:109} INFO - [2021-12-08 18:33:03,299] {dag.py:2396} INFO - Sync 2 DAGs
[2021-12-08 18:33:03,307] {logging_mixin.py:109} WARNING - /usr/local/lib/python3.8/dist-packages/airflow/models/dag.py:2433 SAWarning: TypeDecorator UtcDateTime(timezone=True) will not produce a cache key because the ``cache_ok`` flag is not set to True.  Set this flag to True if this type object's state is safe to use in a cache key, or False to disable this warning.
[2021-12-08 18:33:03,313] {logging_mixin.py:109} INFO - [2021-12-08 18:33:03,313] {dag.py:2928} INFO - Setting next_dagrun for example_xcom_args to None
[2021-12-08 18:33:03,313] {logging_mixin.py:109} INFO - [2021-12-08 18:33:03,313] {dag.py:2928} INFO - Setting next_dagrun for example_xcom_args_with_operators to None
[2021-12-08 18:33:03,505] {processor.py:171} INFO - Processing /usr/local/lib/python3.8/dist-packages/airflow/example_dags/example_xcomargs.py took 0.460 seconds
[2021-12-08 18:33:53,054] {processor.py:163} INFO - Started process (PID=680) to work on /usr/local/lib/python3.8/dist-packages/airflow/example_dags/example_xcomargs.py
[2021-12-08 18:33:53,062] {processor.py:625} INFO - Processing file /usr/local/lib/python3.8/dist-packages/airflow/example_dags/example_xcomargs.py for tasks to queue
[2021-12-08 18:33:53,062] {logging_mixin.py:109} INFO - [2021-12-08 18:33:53,062] {dagbag.py:500} INFO - Filling up the DagBag from /usr/local/lib/python3.8/dist-packages/airflow/example_dags/example_xcomargs.py
[2021-12-08 18:33:53,084] {processor.py:637} INFO - DAG(s) dict_keys(['example_xcom_args', 'example_xcom_args_with_operators']) retrieved from /usr/local/lib/python3.8/dist-packages/airflow/example_dags/example_xcomargs.py
[2021-12-08 18:33:53,087] {logging_mixin.py:109} WARNING - /usr/local/lib/python3.8/dist-packages/airflow/models/serialized_dag.py:120 SAWarning: TypeDecorator UtcDateTime(timezone=True) will not produce a cache key because the ``cache_ok`` flag is not set to True.  Set this flag to True if this type object's state is safe to use in a cache key, or False to disable this warning.
[2021-12-08 18:33:53,299] {logging_mixin.py:109} WARNING - /usr/local/lib/python3.8/dist-packages/airflow/models/serialized_dag.py:120 SAWarning: TypeDecorator UtcDateTime(timezone=True) will not produce a cache key because the ``cache_ok`` flag is not set to True.  Set this flag to True if this type object's state is safe to use in a cache key, or False to disable this warning.
[2021-12-08 18:33:53,302] {logging_mixin.py:109} INFO - [2021-12-08 18:33:53,302] {dag.py:2396} INFO - Sync 2 DAGs
[2021-12-08 18:33:53,309] {logging_mixin.py:109} WARNING - /usr/local/lib/python3.8/dist-packages/airflow/models/dag.py:2433 SAWarning: TypeDecorator UtcDateTime(timezone=True) will not produce a cache key because the ``cache_ok`` flag is not set to True.  Set this flag to True if this type object's state is safe to use in a cache key, or False to disable this warning.
[2021-12-08 18:33:53,315] {logging_mixin.py:109} INFO - [2021-12-08 18:33:53,315] {dag.py:2928} INFO - Setting next_dagrun for example_xcom_args to None
[2021-12-08 18:33:53,315] {logging_mixin.py:109} INFO - [2021-12-08 18:33:53,315] {dag.py:2928} INFO - Setting next_dagrun for example_xcom_args_with_operators to None
[2021-12-08 18:33:53,576] {processor.py:171} INFO - Processing /usr/local/lib/python3.8/dist-packages/airflow/example_dags/example_xcomargs.py took 0.525 seconds
[2021-12-08 18:34:50,666] {processor.py:163} INFO - Started process (PID=722) to work on /usr/local/lib/python3.8/dist-packages/airflow/example_dags/example_xcomargs.py
[2021-12-08 18:34:50,677] {processor.py:625} INFO - Processing file /usr/local/lib/python3.8/dist-packages/airflow/example_dags/example_xcomargs.py for tasks to queue
[2021-12-08 18:34:50,677] {logging_mixin.py:109} INFO - [2021-12-08 18:34:50,677] {dagbag.py:500} INFO - Filling up the DagBag from /usr/local/lib/python3.8/dist-packages/airflow/example_dags/example_xcomargs.py
[2021-12-08 18:34:50,699] {processor.py:637} INFO - DAG(s) dict_keys(['example_xcom_args', 'example_xcom_args_with_operators']) retrieved from /usr/local/lib/python3.8/dist-packages/airflow/example_dags/example_xcomargs.py
[2021-12-08 18:34:50,702] {logging_mixin.py:109} WARNING - /usr/local/lib/python3.8/dist-packages/airflow/models/serialized_dag.py:120 SAWarning: TypeDecorator UtcDateTime(timezone=True) will not produce a cache key because the ``cache_ok`` flag is not set to True.  Set this flag to True if this type object's state is safe to use in a cache key, or False to disable this warning.
[2021-12-08 18:34:50,914] {logging_mixin.py:109} WARNING - /usr/local/lib/python3.8/dist-packages/airflow/models/serialized_dag.py:120 SAWarning: TypeDecorator UtcDateTime(timezone=True) will not produce a cache key because the ``cache_ok`` flag is not set to True.  Set this flag to True if this type object's state is safe to use in a cache key, or False to disable this warning.
[2021-12-08 18:34:50,916] {logging_mixin.py:109} INFO - [2021-12-08 18:34:50,916] {dag.py:2396} INFO - Sync 2 DAGs
[2021-12-08 18:34:50,925] {logging_mixin.py:109} WARNING - /usr/local/lib/python3.8/dist-packages/airflow/models/dag.py:2433 SAWarning: TypeDecorator UtcDateTime(timezone=True) will not produce a cache key because the ``cache_ok`` flag is not set to True.  Set this flag to True if this type object's state is safe to use in a cache key, or False to disable this warning.
[2021-12-08 18:34:50,930] {logging_mixin.py:109} INFO - [2021-12-08 18:34:50,930] {dag.py:2928} INFO - Setting next_dagrun for example_xcom_args to None
[2021-12-08 18:34:50,930] {logging_mixin.py:109} INFO - [2021-12-08 18:34:50,930] {dag.py:2928} INFO - Setting next_dagrun for example_xcom_args_with_operators to None
[2021-12-08 18:34:51,103] {processor.py:171} INFO - Processing /usr/local/lib/python3.8/dist-packages/airflow/example_dags/example_xcomargs.py took 0.439 seconds
