[2021-12-08 18:23:15,770] {processor.py:163} INFO - Started process (PID=209) to work on /usr/local/lib/python3.8/dist-packages/airflow/example_dags/example_task_group_decorator.py
[2021-12-08 18:23:15,770] {processor.py:625} INFO - Processing file /usr/local/lib/python3.8/dist-packages/airflow/example_dags/example_task_group_decorator.py for tasks to queue
[2021-12-08 18:23:15,771] {logging_mixin.py:109} INFO - [2021-12-08 18:23:15,771] {dagbag.py:500} INFO - Filling up the DagBag from /usr/local/lib/python3.8/dist-packages/airflow/example_dags/example_task_group_decorator.py
[2021-12-08 18:23:15,796] {processor.py:637} INFO - DAG(s) dict_keys(['example_task_group_decorator']) retrieved from /usr/local/lib/python3.8/dist-packages/airflow/example_dags/example_task_group_decorator.py
[2021-12-08 18:23:15,799] {logging_mixin.py:109} WARNING - /usr/local/lib/python3.8/dist-packages/airflow/models/serialized_dag.py:120 SAWarning: TypeDecorator UtcDateTime(timezone=True) will not produce a cache key because the ``cache_ok`` flag is not set to True.  Set this flag to True if this type object's state is safe to use in a cache key, or False to disable this warning.
[2021-12-08 18:23:16,038] {logging_mixin.py:109} INFO - [2021-12-08 18:23:16,038] {dag.py:2396} INFO - Sync 1 DAGs
[2021-12-08 18:23:16,044] {logging_mixin.py:109} WARNING - /usr/local/lib/python3.8/dist-packages/airflow/models/dag.py:2433 SAWarning: TypeDecorator UtcDateTime(timezone=True) will not produce a cache key because the ``cache_ok`` flag is not set to True.  Set this flag to True if this type object's state is safe to use in a cache key, or False to disable this warning.
[2021-12-08 18:23:16,050] {logging_mixin.py:109} INFO - [2021-12-08 18:23:16,050] {dag.py:2928} INFO - Setting next_dagrun for example_task_group_decorator to 2021-12-07T12:53:16.050564+00:00
[2021-12-08 18:23:16,236] {processor.py:171} INFO - Processing /usr/local/lib/python3.8/dist-packages/airflow/example_dags/example_task_group_decorator.py took 0.468 seconds
[2021-12-08 18:24:05,543] {processor.py:163} INFO - Started process (PID=245) to work on /usr/local/lib/python3.8/dist-packages/airflow/example_dags/example_task_group_decorator.py
[2021-12-08 18:24:05,556] {processor.py:625} INFO - Processing file /usr/local/lib/python3.8/dist-packages/airflow/example_dags/example_task_group_decorator.py for tasks to queue
[2021-12-08 18:24:05,556] {logging_mixin.py:109} INFO - [2021-12-08 18:24:05,556] {dagbag.py:500} INFO - Filling up the DagBag from /usr/local/lib/python3.8/dist-packages/airflow/example_dags/example_task_group_decorator.py
[2021-12-08 18:24:05,584] {processor.py:637} INFO - DAG(s) dict_keys(['example_task_group_decorator']) retrieved from /usr/local/lib/python3.8/dist-packages/airflow/example_dags/example_task_group_decorator.py
[2021-12-08 18:24:05,587] {logging_mixin.py:109} WARNING - /usr/local/lib/python3.8/dist-packages/airflow/models/serialized_dag.py:120 SAWarning: TypeDecorator UtcDateTime(timezone=True) will not produce a cache key because the ``cache_ok`` flag is not set to True.  Set this flag to True if this type object's state is safe to use in a cache key, or False to disable this warning.
[2021-12-08 18:24:05,800] {logging_mixin.py:109} INFO - [2021-12-08 18:24:05,800] {dag.py:2396} INFO - Sync 1 DAGs
[2021-12-08 18:24:05,806] {logging_mixin.py:109} WARNING - /usr/local/lib/python3.8/dist-packages/airflow/models/dag.py:2433 SAWarning: TypeDecorator UtcDateTime(timezone=True) will not produce a cache key because the ``cache_ok`` flag is not set to True.  Set this flag to True if this type object's state is safe to use in a cache key, or False to disable this warning.
[2021-12-08 18:24:05,812] {logging_mixin.py:109} INFO - [2021-12-08 18:24:05,812] {dag.py:2928} INFO - Setting next_dagrun for example_task_group_decorator to 2021-12-07T12:54:05.812233+00:00
[2021-12-08 18:24:06,010] {processor.py:171} INFO - Processing /usr/local/lib/python3.8/dist-packages/airflow/example_dags/example_task_group_decorator.py took 0.470 seconds
[2021-12-08 18:25:02,351] {processor.py:163} INFO - Started process (PID=287) to work on /usr/local/lib/python3.8/dist-packages/airflow/example_dags/example_task_group_decorator.py
[2021-12-08 18:25:02,352] {processor.py:625} INFO - Processing file /usr/local/lib/python3.8/dist-packages/airflow/example_dags/example_task_group_decorator.py for tasks to queue
[2021-12-08 18:25:02,353] {logging_mixin.py:109} INFO - [2021-12-08 18:25:02,352] {dagbag.py:500} INFO - Filling up the DagBag from /usr/local/lib/python3.8/dist-packages/airflow/example_dags/example_task_group_decorator.py
[2021-12-08 18:25:02,379] {processor.py:637} INFO - DAG(s) dict_keys(['example_task_group_decorator']) retrieved from /usr/local/lib/python3.8/dist-packages/airflow/example_dags/example_task_group_decorator.py
[2021-12-08 18:25:02,382] {logging_mixin.py:109} WARNING - /usr/local/lib/python3.8/dist-packages/airflow/models/serialized_dag.py:120 SAWarning: TypeDecorator UtcDateTime(timezone=True) will not produce a cache key because the ``cache_ok`` flag is not set to True.  Set this flag to True if this type object's state is safe to use in a cache key, or False to disable this warning.
[2021-12-08 18:25:02,595] {logging_mixin.py:109} INFO - [2021-12-08 18:25:02,595] {dag.py:2396} INFO - Sync 1 DAGs
[2021-12-08 18:25:02,602] {logging_mixin.py:109} WARNING - /usr/local/lib/python3.8/dist-packages/airflow/models/dag.py:2433 SAWarning: TypeDecorator UtcDateTime(timezone=True) will not produce a cache key because the ``cache_ok`` flag is not set to True.  Set this flag to True if this type object's state is safe to use in a cache key, or False to disable this warning.
[2021-12-08 18:25:02,607] {logging_mixin.py:109} INFO - [2021-12-08 18:25:02,607] {dag.py:2928} INFO - Setting next_dagrun for example_task_group_decorator to 2021-12-07T12:55:02.607224+00:00
[2021-12-08 18:25:02,789] {processor.py:171} INFO - Processing /usr/local/lib/python3.8/dist-packages/airflow/example_dags/example_task_group_decorator.py took 0.440 seconds
[2021-12-08 18:26:00,872] {processor.py:163} INFO - Started process (PID=330) to work on /usr/local/lib/python3.8/dist-packages/airflow/example_dags/example_task_group_decorator.py
[2021-12-08 18:26:00,882] {processor.py:625} INFO - Processing file /usr/local/lib/python3.8/dist-packages/airflow/example_dags/example_task_group_decorator.py for tasks to queue
[2021-12-08 18:26:00,883] {logging_mixin.py:109} INFO - [2021-12-08 18:26:00,883] {dagbag.py:500} INFO - Filling up the DagBag from /usr/local/lib/python3.8/dist-packages/airflow/example_dags/example_task_group_decorator.py
[2021-12-08 18:26:00,910] {processor.py:637} INFO - DAG(s) dict_keys(['example_task_group_decorator']) retrieved from /usr/local/lib/python3.8/dist-packages/airflow/example_dags/example_task_group_decorator.py
[2021-12-08 18:26:00,914] {logging_mixin.py:109} WARNING - /usr/local/lib/python3.8/dist-packages/airflow/models/serialized_dag.py:120 SAWarning: TypeDecorator UtcDateTime(timezone=True) will not produce a cache key because the ``cache_ok`` flag is not set to True.  Set this flag to True if this type object's state is safe to use in a cache key, or False to disable this warning.
[2021-12-08 18:26:01,130] {logging_mixin.py:109} INFO - [2021-12-08 18:26:01,129] {dag.py:2396} INFO - Sync 1 DAGs
[2021-12-08 18:26:01,136] {logging_mixin.py:109} WARNING - /usr/local/lib/python3.8/dist-packages/airflow/models/dag.py:2433 SAWarning: TypeDecorator UtcDateTime(timezone=True) will not produce a cache key because the ``cache_ok`` flag is not set to True.  Set this flag to True if this type object's state is safe to use in a cache key, or False to disable this warning.
[2021-12-08 18:26:01,143] {logging_mixin.py:109} INFO - [2021-12-08 18:26:01,142] {dag.py:2928} INFO - Setting next_dagrun for example_task_group_decorator to 2021-12-07T12:56:01.142789+00:00
[2021-12-08 18:26:01,349] {processor.py:171} INFO - Processing /usr/local/lib/python3.8/dist-packages/airflow/example_dags/example_task_group_decorator.py took 0.479 seconds
[2021-12-08 18:26:58,332] {processor.py:163} INFO - Started process (PID=373) to work on /usr/local/lib/python3.8/dist-packages/airflow/example_dags/example_task_group_decorator.py
[2021-12-08 18:26:58,342] {processor.py:625} INFO - Processing file /usr/local/lib/python3.8/dist-packages/airflow/example_dags/example_task_group_decorator.py for tasks to queue
[2021-12-08 18:26:58,343] {logging_mixin.py:109} INFO - [2021-12-08 18:26:58,343] {dagbag.py:500} INFO - Filling up the DagBag from /usr/local/lib/python3.8/dist-packages/airflow/example_dags/example_task_group_decorator.py
[2021-12-08 18:26:58,427] {processor.py:637} INFO - DAG(s) dict_keys(['example_task_group_decorator']) retrieved from /usr/local/lib/python3.8/dist-packages/airflow/example_dags/example_task_group_decorator.py
[2021-12-08 18:26:58,432] {logging_mixin.py:109} WARNING - /usr/local/lib/python3.8/dist-packages/airflow/models/serialized_dag.py:120 SAWarning: TypeDecorator UtcDateTime(timezone=True) will not produce a cache key because the ``cache_ok`` flag is not set to True.  Set this flag to True if this type object's state is safe to use in a cache key, or False to disable this warning.
[2021-12-08 18:26:58,657] {logging_mixin.py:109} INFO - [2021-12-08 18:26:58,657] {dag.py:2396} INFO - Sync 1 DAGs
[2021-12-08 18:26:58,664] {logging_mixin.py:109} WARNING - /usr/local/lib/python3.8/dist-packages/airflow/models/dag.py:2433 SAWarning: TypeDecorator UtcDateTime(timezone=True) will not produce a cache key because the ``cache_ok`` flag is not set to True.  Set this flag to True if this type object's state is safe to use in a cache key, or False to disable this warning.
[2021-12-08 18:26:58,669] {logging_mixin.py:109} INFO - [2021-12-08 18:26:58,669] {dag.py:2928} INFO - Setting next_dagrun for example_task_group_decorator to 2021-12-07T12:56:58.669199+00:00
[2021-12-08 18:26:58,959] {processor.py:171} INFO - Processing /usr/local/lib/python3.8/dist-packages/airflow/example_dags/example_task_group_decorator.py took 0.631 seconds
[2021-12-08 18:27:57,535] {processor.py:163} INFO - Started process (PID=415) to work on /usr/local/lib/python3.8/dist-packages/airflow/example_dags/example_task_group_decorator.py
[2021-12-08 18:27:57,563] {processor.py:625} INFO - Processing file /usr/local/lib/python3.8/dist-packages/airflow/example_dags/example_task_group_decorator.py for tasks to queue
[2021-12-08 18:27:57,564] {logging_mixin.py:109} INFO - [2021-12-08 18:27:57,564] {dagbag.py:500} INFO - Filling up the DagBag from /usr/local/lib/python3.8/dist-packages/airflow/example_dags/example_task_group_decorator.py
[2021-12-08 18:27:57,598] {processor.py:637} INFO - DAG(s) dict_keys(['example_task_group_decorator']) retrieved from /usr/local/lib/python3.8/dist-packages/airflow/example_dags/example_task_group_decorator.py
[2021-12-08 18:27:57,602] {logging_mixin.py:109} WARNING - /usr/local/lib/python3.8/dist-packages/airflow/models/serialized_dag.py:120 SAWarning: TypeDecorator UtcDateTime(timezone=True) will not produce a cache key because the ``cache_ok`` flag is not set to True.  Set this flag to True if this type object's state is safe to use in a cache key, or False to disable this warning.
[2021-12-08 18:27:57,834] {logging_mixin.py:109} INFO - [2021-12-08 18:27:57,834] {dag.py:2396} INFO - Sync 1 DAGs
[2021-12-08 18:27:57,842] {logging_mixin.py:109} WARNING - /usr/local/lib/python3.8/dist-packages/airflow/models/dag.py:2433 SAWarning: TypeDecorator UtcDateTime(timezone=True) will not produce a cache key because the ``cache_ok`` flag is not set to True.  Set this flag to True if this type object's state is safe to use in a cache key, or False to disable this warning.
[2021-12-08 18:27:57,848] {logging_mixin.py:109} INFO - [2021-12-08 18:27:57,848] {dag.py:2928} INFO - Setting next_dagrun for example_task_group_decorator to 2021-12-07T12:57:57.848061+00:00
[2021-12-08 18:27:58,187] {processor.py:171} INFO - Processing /usr/local/lib/python3.8/dist-packages/airflow/example_dags/example_task_group_decorator.py took 0.655 seconds
[2021-12-08 18:28:53,530] {processor.py:163} INFO - Started process (PID=457) to work on /usr/local/lib/python3.8/dist-packages/airflow/example_dags/example_task_group_decorator.py
[2021-12-08 18:28:53,531] {processor.py:625} INFO - Processing file /usr/local/lib/python3.8/dist-packages/airflow/example_dags/example_task_group_decorator.py for tasks to queue
[2021-12-08 18:28:53,531] {logging_mixin.py:109} INFO - [2021-12-08 18:28:53,531] {dagbag.py:500} INFO - Filling up the DagBag from /usr/local/lib/python3.8/dist-packages/airflow/example_dags/example_task_group_decorator.py
[2021-12-08 18:28:53,558] {processor.py:637} INFO - DAG(s) dict_keys(['example_task_group_decorator']) retrieved from /usr/local/lib/python3.8/dist-packages/airflow/example_dags/example_task_group_decorator.py
[2021-12-08 18:28:53,561] {logging_mixin.py:109} WARNING - /usr/local/lib/python3.8/dist-packages/airflow/models/serialized_dag.py:120 SAWarning: TypeDecorator UtcDateTime(timezone=True) will not produce a cache key because the ``cache_ok`` flag is not set to True.  Set this flag to True if this type object's state is safe to use in a cache key, or False to disable this warning.
[2021-12-08 18:28:53,773] {logging_mixin.py:109} INFO - [2021-12-08 18:28:53,773] {dag.py:2396} INFO - Sync 1 DAGs
[2021-12-08 18:28:53,779] {logging_mixin.py:109} WARNING - /usr/local/lib/python3.8/dist-packages/airflow/models/dag.py:2433 SAWarning: TypeDecorator UtcDateTime(timezone=True) will not produce a cache key because the ``cache_ok`` flag is not set to True.  Set this flag to True if this type object's state is safe to use in a cache key, or False to disable this warning.
[2021-12-08 18:28:53,785] {logging_mixin.py:109} INFO - [2021-12-08 18:28:53,785] {dag.py:2928} INFO - Setting next_dagrun for example_task_group_decorator to 2021-12-07T12:58:53.784979+00:00
[2021-12-08 18:28:53,974] {processor.py:171} INFO - Processing /usr/local/lib/python3.8/dist-packages/airflow/example_dags/example_task_group_decorator.py took 0.447 seconds
[2021-12-08 18:29:53,096] {processor.py:163} INFO - Started process (PID=500) to work on /usr/local/lib/python3.8/dist-packages/airflow/example_dags/example_task_group_decorator.py
[2021-12-08 18:29:53,097] {processor.py:625} INFO - Processing file /usr/local/lib/python3.8/dist-packages/airflow/example_dags/example_task_group_decorator.py for tasks to queue
[2021-12-08 18:29:53,098] {logging_mixin.py:109} INFO - [2021-12-08 18:29:53,098] {dagbag.py:500} INFO - Filling up the DagBag from /usr/local/lib/python3.8/dist-packages/airflow/example_dags/example_task_group_decorator.py
[2021-12-08 18:29:53,127] {processor.py:637} INFO - DAG(s) dict_keys(['example_task_group_decorator']) retrieved from /usr/local/lib/python3.8/dist-packages/airflow/example_dags/example_task_group_decorator.py
[2021-12-08 18:29:53,130] {logging_mixin.py:109} WARNING - /usr/local/lib/python3.8/dist-packages/airflow/models/serialized_dag.py:120 SAWarning: TypeDecorator UtcDateTime(timezone=True) will not produce a cache key because the ``cache_ok`` flag is not set to True.  Set this flag to True if this type object's state is safe to use in a cache key, or False to disable this warning.
[2021-12-08 18:29:53,354] {logging_mixin.py:109} INFO - [2021-12-08 18:29:53,354] {dag.py:2396} INFO - Sync 1 DAGs
[2021-12-08 18:29:53,361] {logging_mixin.py:109} WARNING - /usr/local/lib/python3.8/dist-packages/airflow/models/dag.py:2433 SAWarning: TypeDecorator UtcDateTime(timezone=True) will not produce a cache key because the ``cache_ok`` flag is not set to True.  Set this flag to True if this type object's state is safe to use in a cache key, or False to disable this warning.
[2021-12-08 18:29:53,367] {logging_mixin.py:109} INFO - [2021-12-08 18:29:53,367] {dag.py:2928} INFO - Setting next_dagrun for example_task_group_decorator to 2021-12-07T12:59:53.367020+00:00
[2021-12-08 18:29:53,546] {processor.py:171} INFO - Processing /usr/local/lib/python3.8/dist-packages/airflow/example_dags/example_task_group_decorator.py took 0.454 seconds
[2021-12-08 18:30:48,059] {processor.py:163} INFO - Started process (PID=541) to work on /usr/local/lib/python3.8/dist-packages/airflow/example_dags/example_task_group_decorator.py
[2021-12-08 18:30:48,078] {processor.py:625} INFO - Processing file /usr/local/lib/python3.8/dist-packages/airflow/example_dags/example_task_group_decorator.py for tasks to queue
[2021-12-08 18:30:48,079] {logging_mixin.py:109} INFO - [2021-12-08 18:30:48,079] {dagbag.py:500} INFO - Filling up the DagBag from /usr/local/lib/python3.8/dist-packages/airflow/example_dags/example_task_group_decorator.py
[2021-12-08 18:30:48,115] {processor.py:637} INFO - DAG(s) dict_keys(['example_task_group_decorator']) retrieved from /usr/local/lib/python3.8/dist-packages/airflow/example_dags/example_task_group_decorator.py
[2021-12-08 18:30:48,118] {logging_mixin.py:109} WARNING - /usr/local/lib/python3.8/dist-packages/airflow/models/serialized_dag.py:120 SAWarning: TypeDecorator UtcDateTime(timezone=True) will not produce a cache key because the ``cache_ok`` flag is not set to True.  Set this flag to True if this type object's state is safe to use in a cache key, or False to disable this warning.
[2021-12-08 18:30:48,333] {logging_mixin.py:109} INFO - [2021-12-08 18:30:48,333] {dag.py:2396} INFO - Sync 1 DAGs
[2021-12-08 18:30:48,339] {logging_mixin.py:109} WARNING - /usr/local/lib/python3.8/dist-packages/airflow/models/dag.py:2433 SAWarning: TypeDecorator UtcDateTime(timezone=True) will not produce a cache key because the ``cache_ok`` flag is not set to True.  Set this flag to True if this type object's state is safe to use in a cache key, or False to disable this warning.
[2021-12-08 18:30:48,346] {logging_mixin.py:109} INFO - [2021-12-08 18:30:48,346] {dag.py:2928} INFO - Setting next_dagrun for example_task_group_decorator to 2021-12-07T13:00:48.345965+00:00
[2021-12-08 18:30:48,542] {processor.py:171} INFO - Processing /usr/local/lib/python3.8/dist-packages/airflow/example_dags/example_task_group_decorator.py took 0.489 seconds
[2021-12-08 18:31:42,576] {processor.py:163} INFO - Started process (PID=582) to work on /usr/local/lib/python3.8/dist-packages/airflow/example_dags/example_task_group_decorator.py
[2021-12-08 18:31:42,579] {processor.py:625} INFO - Processing file /usr/local/lib/python3.8/dist-packages/airflow/example_dags/example_task_group_decorator.py for tasks to queue
[2021-12-08 18:31:42,580] {logging_mixin.py:109} INFO - [2021-12-08 18:31:42,580] {dagbag.py:500} INFO - Filling up the DagBag from /usr/local/lib/python3.8/dist-packages/airflow/example_dags/example_task_group_decorator.py
[2021-12-08 18:31:42,612] {processor.py:637} INFO - DAG(s) dict_keys(['example_task_group_decorator']) retrieved from /usr/local/lib/python3.8/dist-packages/airflow/example_dags/example_task_group_decorator.py
[2021-12-08 18:31:42,616] {logging_mixin.py:109} WARNING - /usr/local/lib/python3.8/dist-packages/airflow/models/serialized_dag.py:120 SAWarning: TypeDecorator UtcDateTime(timezone=True) will not produce a cache key because the ``cache_ok`` flag is not set to True.  Set this flag to True if this type object's state is safe to use in a cache key, or False to disable this warning.
[2021-12-08 18:31:42,999] {logging_mixin.py:109} INFO - [2021-12-08 18:31:42,999] {dag.py:2396} INFO - Sync 1 DAGs
[2021-12-08 18:31:43,013] {logging_mixin.py:109} WARNING - /usr/local/lib/python3.8/dist-packages/airflow/models/dag.py:2433 SAWarning: TypeDecorator UtcDateTime(timezone=True) will not produce a cache key because the ``cache_ok`` flag is not set to True.  Set this flag to True if this type object's state is safe to use in a cache key, or False to disable this warning.
[2021-12-08 18:31:43,026] {logging_mixin.py:109} INFO - [2021-12-08 18:31:43,025] {dag.py:2928} INFO - Setting next_dagrun for example_task_group_decorator to 2021-12-07T13:01:43.025584+00:00
[2021-12-08 18:31:43,290] {processor.py:171} INFO - Processing /usr/local/lib/python3.8/dist-packages/airflow/example_dags/example_task_group_decorator.py took 0.722 seconds
[2021-12-08 18:32:41,031] {processor.py:163} INFO - Started process (PID=625) to work on /usr/local/lib/python3.8/dist-packages/airflow/example_dags/example_task_group_decorator.py
[2021-12-08 18:32:41,061] {processor.py:625} INFO - Processing file /usr/local/lib/python3.8/dist-packages/airflow/example_dags/example_task_group_decorator.py for tasks to queue
[2021-12-08 18:32:41,062] {logging_mixin.py:109} INFO - [2021-12-08 18:32:41,062] {dagbag.py:500} INFO - Filling up the DagBag from /usr/local/lib/python3.8/dist-packages/airflow/example_dags/example_task_group_decorator.py
[2021-12-08 18:32:41,088] {processor.py:637} INFO - DAG(s) dict_keys(['example_task_group_decorator']) retrieved from /usr/local/lib/python3.8/dist-packages/airflow/example_dags/example_task_group_decorator.py
[2021-12-08 18:32:41,091] {logging_mixin.py:109} WARNING - /usr/local/lib/python3.8/dist-packages/airflow/models/serialized_dag.py:120 SAWarning: TypeDecorator UtcDateTime(timezone=True) will not produce a cache key because the ``cache_ok`` flag is not set to True.  Set this flag to True if this type object's state is safe to use in a cache key, or False to disable this warning.
[2021-12-08 18:32:41,301] {logging_mixin.py:109} INFO - [2021-12-08 18:32:41,301] {dag.py:2396} INFO - Sync 1 DAGs
[2021-12-08 18:32:41,308] {logging_mixin.py:109} WARNING - /usr/local/lib/python3.8/dist-packages/airflow/models/dag.py:2433 SAWarning: TypeDecorator UtcDateTime(timezone=True) will not produce a cache key because the ``cache_ok`` flag is not set to True.  Set this flag to True if this type object's state is safe to use in a cache key, or False to disable this warning.
[2021-12-08 18:32:41,314] {logging_mixin.py:109} INFO - [2021-12-08 18:32:41,314] {dag.py:2928} INFO - Setting next_dagrun for example_task_group_decorator to 2021-12-07T13:02:41.313984+00:00
[2021-12-08 18:32:41,495] {processor.py:171} INFO - Processing /usr/local/lib/python3.8/dist-packages/airflow/example_dags/example_task_group_decorator.py took 0.466 seconds
[2021-12-08 18:33:36,201] {processor.py:163} INFO - Started process (PID=667) to work on /usr/local/lib/python3.8/dist-packages/airflow/example_dags/example_task_group_decorator.py
[2021-12-08 18:33:36,217] {processor.py:625} INFO - Processing file /usr/local/lib/python3.8/dist-packages/airflow/example_dags/example_task_group_decorator.py for tasks to queue
[2021-12-08 18:33:36,218] {logging_mixin.py:109} INFO - [2021-12-08 18:33:36,218] {dagbag.py:500} INFO - Filling up the DagBag from /usr/local/lib/python3.8/dist-packages/airflow/example_dags/example_task_group_decorator.py
[2021-12-08 18:33:36,247] {processor.py:637} INFO - DAG(s) dict_keys(['example_task_group_decorator']) retrieved from /usr/local/lib/python3.8/dist-packages/airflow/example_dags/example_task_group_decorator.py
[2021-12-08 18:33:36,250] {logging_mixin.py:109} WARNING - /usr/local/lib/python3.8/dist-packages/airflow/models/serialized_dag.py:120 SAWarning: TypeDecorator UtcDateTime(timezone=True) will not produce a cache key because the ``cache_ok`` flag is not set to True.  Set this flag to True if this type object's state is safe to use in a cache key, or False to disable this warning.
[2021-12-08 18:33:36,465] {logging_mixin.py:109} INFO - [2021-12-08 18:33:36,465] {dag.py:2396} INFO - Sync 1 DAGs
[2021-12-08 18:33:36,472] {logging_mixin.py:109} WARNING - /usr/local/lib/python3.8/dist-packages/airflow/models/dag.py:2433 SAWarning: TypeDecorator UtcDateTime(timezone=True) will not produce a cache key because the ``cache_ok`` flag is not set to True.  Set this flag to True if this type object's state is safe to use in a cache key, or False to disable this warning.
[2021-12-08 18:33:36,478] {logging_mixin.py:109} INFO - [2021-12-08 18:33:36,478] {dag.py:2928} INFO - Setting next_dagrun for example_task_group_decorator to 2021-12-07T13:03:36.478279+00:00
[2021-12-08 18:33:36,653] {processor.py:171} INFO - Processing /usr/local/lib/python3.8/dist-packages/airflow/example_dags/example_task_group_decorator.py took 0.455 seconds
[2021-12-08 18:34:28,247] {processor.py:163} INFO - Started process (PID=706) to work on /usr/local/lib/python3.8/dist-packages/airflow/example_dags/example_task_group_decorator.py
[2021-12-08 18:34:28,265] {processor.py:625} INFO - Processing file /usr/local/lib/python3.8/dist-packages/airflow/example_dags/example_task_group_decorator.py for tasks to queue
[2021-12-08 18:34:28,265] {logging_mixin.py:109} INFO - [2021-12-08 18:34:28,265] {dagbag.py:500} INFO - Filling up the DagBag from /usr/local/lib/python3.8/dist-packages/airflow/example_dags/example_task_group_decorator.py
[2021-12-08 18:34:28,294] {processor.py:637} INFO - DAG(s) dict_keys(['example_task_group_decorator']) retrieved from /usr/local/lib/python3.8/dist-packages/airflow/example_dags/example_task_group_decorator.py
[2021-12-08 18:34:28,297] {logging_mixin.py:109} WARNING - /usr/local/lib/python3.8/dist-packages/airflow/models/serialized_dag.py:120 SAWarning: TypeDecorator UtcDateTime(timezone=True) will not produce a cache key because the ``cache_ok`` flag is not set to True.  Set this flag to True if this type object's state is safe to use in a cache key, or False to disable this warning.
[2021-12-08 18:34:28,513] {logging_mixin.py:109} INFO - [2021-12-08 18:34:28,512] {dag.py:2396} INFO - Sync 1 DAGs
[2021-12-08 18:34:28,520] {logging_mixin.py:109} WARNING - /usr/local/lib/python3.8/dist-packages/airflow/models/dag.py:2433 SAWarning: TypeDecorator UtcDateTime(timezone=True) will not produce a cache key because the ``cache_ok`` flag is not set to True.  Set this flag to True if this type object's state is safe to use in a cache key, or False to disable this warning.
[2021-12-08 18:34:28,527] {logging_mixin.py:109} INFO - [2021-12-08 18:34:28,527] {dag.py:2928} INFO - Setting next_dagrun for example_task_group_decorator to 2021-12-07T13:04:28.527345+00:00
[2021-12-08 18:34:28,749] {processor.py:171} INFO - Processing /usr/local/lib/python3.8/dist-packages/airflow/example_dags/example_task_group_decorator.py took 0.505 seconds
