[2021-12-08 18:23:24,301] {processor.py:163} INFO - Started process (PID=215) to work on /usr/local/lib/python3.8/dist-packages/airflow/example_dags/example_external_task_marker_dag.py
[2021-12-08 18:23:24,301] {processor.py:625} INFO - Processing file /usr/local/lib/python3.8/dist-packages/airflow/example_dags/example_external_task_marker_dag.py for tasks to queue
[2021-12-08 18:23:24,302] {logging_mixin.py:109} INFO - [2021-12-08 18:23:24,302] {dagbag.py:500} INFO - Filling up the DagBag from /usr/local/lib/python3.8/dist-packages/airflow/example_dags/example_external_task_marker_dag.py
[2021-12-08 18:23:24,348] {processor.py:637} INFO - DAG(s) dict_keys(['example_external_task_marker_parent', 'example_external_task_marker_child']) retrieved from /usr/local/lib/python3.8/dist-packages/airflow/example_dags/example_external_task_marker_dag.py
[2021-12-08 18:23:24,352] {logging_mixin.py:109} WARNING - /usr/local/lib/python3.8/dist-packages/airflow/models/serialized_dag.py:120 SAWarning: TypeDecorator UtcDateTime(timezone=True) will not produce a cache key because the ``cache_ok`` flag is not set to True.  Set this flag to True if this type object's state is safe to use in a cache key, or False to disable this warning.
[2021-12-08 18:23:24,360] {logging_mixin.py:109} INFO - [2021-12-08 18:23:24,360] {dag.py:2396} INFO - Sync 2 DAGs
[2021-12-08 18:23:24,368] {logging_mixin.py:109} WARNING - /usr/local/lib/python3.8/dist-packages/airflow/models/dag.py:2433 SAWarning: TypeDecorator UtcDateTime(timezone=True) will not produce a cache key because the ``cache_ok`` flag is not set to True.  Set this flag to True if this type object's state is safe to use in a cache key, or False to disable this warning.
[2021-12-08 18:23:24,375] {logging_mixin.py:109} INFO - [2021-12-08 18:23:24,375] {dag.py:2928} INFO - Setting next_dagrun for example_external_task_marker_child to None
[2021-12-08 18:23:24,375] {logging_mixin.py:109} INFO - [2021-12-08 18:23:24,375] {dag.py:2928} INFO - Setting next_dagrun for example_external_task_marker_parent to None
[2021-12-08 18:23:24,521] {processor.py:171} INFO - Processing /usr/local/lib/python3.8/dist-packages/airflow/example_dags/example_external_task_marker_dag.py took 0.222 seconds
[2021-12-08 18:24:22,325] {processor.py:163} INFO - Started process (PID=258) to work on /usr/local/lib/python3.8/dist-packages/airflow/example_dags/example_external_task_marker_dag.py
[2021-12-08 18:24:22,356] {processor.py:625} INFO - Processing file /usr/local/lib/python3.8/dist-packages/airflow/example_dags/example_external_task_marker_dag.py for tasks to queue
[2021-12-08 18:24:22,357] {logging_mixin.py:109} INFO - [2021-12-08 18:24:22,357] {dagbag.py:500} INFO - Filling up the DagBag from /usr/local/lib/python3.8/dist-packages/airflow/example_dags/example_external_task_marker_dag.py
[2021-12-08 18:24:22,379] {processor.py:637} INFO - DAG(s) dict_keys(['example_external_task_marker_parent', 'example_external_task_marker_child']) retrieved from /usr/local/lib/python3.8/dist-packages/airflow/example_dags/example_external_task_marker_dag.py
[2021-12-08 18:24:22,382] {logging_mixin.py:109} WARNING - /usr/local/lib/python3.8/dist-packages/airflow/models/serialized_dag.py:120 SAWarning: TypeDecorator UtcDateTime(timezone=True) will not produce a cache key because the ``cache_ok`` flag is not set to True.  Set this flag to True if this type object's state is safe to use in a cache key, or False to disable this warning.
[2021-12-08 18:24:22,391] {logging_mixin.py:109} INFO - [2021-12-08 18:24:22,391] {dag.py:2396} INFO - Sync 2 DAGs
[2021-12-08 18:24:22,400] {logging_mixin.py:109} WARNING - /usr/local/lib/python3.8/dist-packages/airflow/models/dag.py:2433 SAWarning: TypeDecorator UtcDateTime(timezone=True) will not produce a cache key because the ``cache_ok`` flag is not set to True.  Set this flag to True if this type object's state is safe to use in a cache key, or False to disable this warning.
[2021-12-08 18:24:22,406] {logging_mixin.py:109} INFO - [2021-12-08 18:24:22,405] {dag.py:2928} INFO - Setting next_dagrun for example_external_task_marker_child to None
[2021-12-08 18:24:22,406] {logging_mixin.py:109} INFO - [2021-12-08 18:24:22,406] {dag.py:2928} INFO - Setting next_dagrun for example_external_task_marker_parent to None
[2021-12-08 18:24:22,575] {processor.py:171} INFO - Processing /usr/local/lib/python3.8/dist-packages/airflow/example_dags/example_external_task_marker_dag.py took 0.252 seconds
[2021-12-08 18:25:20,511] {processor.py:163} INFO - Started process (PID=300) to work on /usr/local/lib/python3.8/dist-packages/airflow/example_dags/example_external_task_marker_dag.py
[2021-12-08 18:25:20,525] {processor.py:625} INFO - Processing file /usr/local/lib/python3.8/dist-packages/airflow/example_dags/example_external_task_marker_dag.py for tasks to queue
[2021-12-08 18:25:20,525] {logging_mixin.py:109} INFO - [2021-12-08 18:25:20,525] {dagbag.py:500} INFO - Filling up the DagBag from /usr/local/lib/python3.8/dist-packages/airflow/example_dags/example_external_task_marker_dag.py
[2021-12-08 18:25:20,544] {processor.py:637} INFO - DAG(s) dict_keys(['example_external_task_marker_parent', 'example_external_task_marker_child']) retrieved from /usr/local/lib/python3.8/dist-packages/airflow/example_dags/example_external_task_marker_dag.py
[2021-12-08 18:25:20,547] {logging_mixin.py:109} WARNING - /usr/local/lib/python3.8/dist-packages/airflow/models/serialized_dag.py:120 SAWarning: TypeDecorator UtcDateTime(timezone=True) will not produce a cache key because the ``cache_ok`` flag is not set to True.  Set this flag to True if this type object's state is safe to use in a cache key, or False to disable this warning.
[2021-12-08 18:25:20,557] {logging_mixin.py:109} INFO - [2021-12-08 18:25:20,557] {dag.py:2396} INFO - Sync 2 DAGs
[2021-12-08 18:25:20,565] {logging_mixin.py:109} WARNING - /usr/local/lib/python3.8/dist-packages/airflow/models/dag.py:2433 SAWarning: TypeDecorator UtcDateTime(timezone=True) will not produce a cache key because the ``cache_ok`` flag is not set to True.  Set this flag to True if this type object's state is safe to use in a cache key, or False to disable this warning.
[2021-12-08 18:25:20,570] {logging_mixin.py:109} INFO - [2021-12-08 18:25:20,570] {dag.py:2928} INFO - Setting next_dagrun for example_external_task_marker_child to None
[2021-12-08 18:25:20,570] {logging_mixin.py:109} INFO - [2021-12-08 18:25:20,570] {dag.py:2928} INFO - Setting next_dagrun for example_external_task_marker_parent to None
[2021-12-08 18:25:20,723] {processor.py:171} INFO - Processing /usr/local/lib/python3.8/dist-packages/airflow/example_dags/example_external_task_marker_dag.py took 0.214 seconds
[2021-12-08 18:26:19,114] {processor.py:163} INFO - Started process (PID=343) to work on /usr/local/lib/python3.8/dist-packages/airflow/example_dags/example_external_task_marker_dag.py
[2021-12-08 18:26:19,138] {processor.py:625} INFO - Processing file /usr/local/lib/python3.8/dist-packages/airflow/example_dags/example_external_task_marker_dag.py for tasks to queue
[2021-12-08 18:26:19,138] {logging_mixin.py:109} INFO - [2021-12-08 18:26:19,138] {dagbag.py:500} INFO - Filling up the DagBag from /usr/local/lib/python3.8/dist-packages/airflow/example_dags/example_external_task_marker_dag.py
[2021-12-08 18:26:19,157] {processor.py:637} INFO - DAG(s) dict_keys(['example_external_task_marker_parent', 'example_external_task_marker_child']) retrieved from /usr/local/lib/python3.8/dist-packages/airflow/example_dags/example_external_task_marker_dag.py
[2021-12-08 18:26:19,162] {logging_mixin.py:109} WARNING - /usr/local/lib/python3.8/dist-packages/airflow/models/serialized_dag.py:120 SAWarning: TypeDecorator UtcDateTime(timezone=True) will not produce a cache key because the ``cache_ok`` flag is not set to True.  Set this flag to True if this type object's state is safe to use in a cache key, or False to disable this warning.
[2021-12-08 18:26:19,171] {logging_mixin.py:109} INFO - [2021-12-08 18:26:19,171] {dag.py:2396} INFO - Sync 2 DAGs
[2021-12-08 18:26:19,180] {logging_mixin.py:109} WARNING - /usr/local/lib/python3.8/dist-packages/airflow/models/dag.py:2433 SAWarning: TypeDecorator UtcDateTime(timezone=True) will not produce a cache key because the ``cache_ok`` flag is not set to True.  Set this flag to True if this type object's state is safe to use in a cache key, or False to disable this warning.
[2021-12-08 18:26:19,186] {logging_mixin.py:109} INFO - [2021-12-08 18:26:19,186] {dag.py:2928} INFO - Setting next_dagrun for example_external_task_marker_child to None
[2021-12-08 18:26:19,186] {logging_mixin.py:109} INFO - [2021-12-08 18:26:19,186] {dag.py:2928} INFO - Setting next_dagrun for example_external_task_marker_parent to None
[2021-12-08 18:26:19,347] {processor.py:171} INFO - Processing /usr/local/lib/python3.8/dist-packages/airflow/example_dags/example_external_task_marker_dag.py took 0.238 seconds
[2021-12-08 18:27:15,121] {processor.py:163} INFO - Started process (PID=385) to work on /usr/local/lib/python3.8/dist-packages/airflow/example_dags/example_external_task_marker_dag.py
[2021-12-08 18:27:15,155] {processor.py:625} INFO - Processing file /usr/local/lib/python3.8/dist-packages/airflow/example_dags/example_external_task_marker_dag.py for tasks to queue
[2021-12-08 18:27:15,156] {logging_mixin.py:109} INFO - [2021-12-08 18:27:15,156] {dagbag.py:500} INFO - Filling up the DagBag from /usr/local/lib/python3.8/dist-packages/airflow/example_dags/example_external_task_marker_dag.py
[2021-12-08 18:27:15,187] {processor.py:637} INFO - DAG(s) dict_keys(['example_external_task_marker_parent', 'example_external_task_marker_child']) retrieved from /usr/local/lib/python3.8/dist-packages/airflow/example_dags/example_external_task_marker_dag.py
[2021-12-08 18:27:15,190] {logging_mixin.py:109} WARNING - /usr/local/lib/python3.8/dist-packages/airflow/models/serialized_dag.py:120 SAWarning: TypeDecorator UtcDateTime(timezone=True) will not produce a cache key because the ``cache_ok`` flag is not set to True.  Set this flag to True if this type object's state is safe to use in a cache key, or False to disable this warning.
[2021-12-08 18:27:15,199] {logging_mixin.py:109} INFO - [2021-12-08 18:27:15,199] {dag.py:2396} INFO - Sync 2 DAGs
[2021-12-08 18:27:15,208] {logging_mixin.py:109} WARNING - /usr/local/lib/python3.8/dist-packages/airflow/models/dag.py:2433 SAWarning: TypeDecorator UtcDateTime(timezone=True) will not produce a cache key because the ``cache_ok`` flag is not set to True.  Set this flag to True if this type object's state is safe to use in a cache key, or False to disable this warning.
[2021-12-08 18:27:15,213] {logging_mixin.py:109} INFO - [2021-12-08 18:27:15,213] {dag.py:2928} INFO - Setting next_dagrun for example_external_task_marker_child to None
[2021-12-08 18:27:15,214] {logging_mixin.py:109} INFO - [2021-12-08 18:27:15,214] {dag.py:2928} INFO - Setting next_dagrun for example_external_task_marker_parent to None
[2021-12-08 18:27:15,404] {processor.py:171} INFO - Processing /usr/local/lib/python3.8/dist-packages/airflow/example_dags/example_external_task_marker_dag.py took 0.289 seconds
[2021-12-08 18:28:18,098] {processor.py:163} INFO - Started process (PID=430) to work on /usr/local/lib/python3.8/dist-packages/airflow/example_dags/example_external_task_marker_dag.py
[2021-12-08 18:28:18,108] {processor.py:625} INFO - Processing file /usr/local/lib/python3.8/dist-packages/airflow/example_dags/example_external_task_marker_dag.py for tasks to queue
[2021-12-08 18:28:18,109] {logging_mixin.py:109} INFO - [2021-12-08 18:28:18,109] {dagbag.py:500} INFO - Filling up the DagBag from /usr/local/lib/python3.8/dist-packages/airflow/example_dags/example_external_task_marker_dag.py
[2021-12-08 18:28:18,132] {processor.py:637} INFO - DAG(s) dict_keys(['example_external_task_marker_parent', 'example_external_task_marker_child']) retrieved from /usr/local/lib/python3.8/dist-packages/airflow/example_dags/example_external_task_marker_dag.py
[2021-12-08 18:28:18,136] {logging_mixin.py:109} WARNING - /usr/local/lib/python3.8/dist-packages/airflow/models/serialized_dag.py:120 SAWarning: TypeDecorator UtcDateTime(timezone=True) will not produce a cache key because the ``cache_ok`` flag is not set to True.  Set this flag to True if this type object's state is safe to use in a cache key, or False to disable this warning.
[2021-12-08 18:28:18,145] {logging_mixin.py:109} INFO - [2021-12-08 18:28:18,145] {dag.py:2396} INFO - Sync 2 DAGs
[2021-12-08 18:28:18,153] {logging_mixin.py:109} WARNING - /usr/local/lib/python3.8/dist-packages/airflow/models/dag.py:2433 SAWarning: TypeDecorator UtcDateTime(timezone=True) will not produce a cache key because the ``cache_ok`` flag is not set to True.  Set this flag to True if this type object's state is safe to use in a cache key, or False to disable this warning.
[2021-12-08 18:28:18,159] {logging_mixin.py:109} INFO - [2021-12-08 18:28:18,159] {dag.py:2928} INFO - Setting next_dagrun for example_external_task_marker_child to None
[2021-12-08 18:28:18,159] {logging_mixin.py:109} INFO - [2021-12-08 18:28:18,159] {dag.py:2928} INFO - Setting next_dagrun for example_external_task_marker_parent to None
[2021-12-08 18:28:18,340] {processor.py:171} INFO - Processing /usr/local/lib/python3.8/dist-packages/airflow/example_dags/example_external_task_marker_dag.py took 0.246 seconds
[2021-12-08 18:29:11,926] {processor.py:163} INFO - Started process (PID=470) to work on /usr/local/lib/python3.8/dist-packages/airflow/example_dags/example_external_task_marker_dag.py
[2021-12-08 18:29:11,939] {processor.py:625} INFO - Processing file /usr/local/lib/python3.8/dist-packages/airflow/example_dags/example_external_task_marker_dag.py for tasks to queue
[2021-12-08 18:29:11,940] {logging_mixin.py:109} INFO - [2021-12-08 18:29:11,940] {dagbag.py:500} INFO - Filling up the DagBag from /usr/local/lib/python3.8/dist-packages/airflow/example_dags/example_external_task_marker_dag.py
[2021-12-08 18:29:11,967] {processor.py:637} INFO - DAG(s) dict_keys(['example_external_task_marker_parent', 'example_external_task_marker_child']) retrieved from /usr/local/lib/python3.8/dist-packages/airflow/example_dags/example_external_task_marker_dag.py
[2021-12-08 18:29:11,971] {logging_mixin.py:109} WARNING - /usr/local/lib/python3.8/dist-packages/airflow/models/serialized_dag.py:120 SAWarning: TypeDecorator UtcDateTime(timezone=True) will not produce a cache key because the ``cache_ok`` flag is not set to True.  Set this flag to True if this type object's state is safe to use in a cache key, or False to disable this warning.
[2021-12-08 18:29:11,980] {logging_mixin.py:109} INFO - [2021-12-08 18:29:11,980] {dag.py:2396} INFO - Sync 2 DAGs
[2021-12-08 18:29:11,988] {logging_mixin.py:109} WARNING - /usr/local/lib/python3.8/dist-packages/airflow/models/dag.py:2433 SAWarning: TypeDecorator UtcDateTime(timezone=True) will not produce a cache key because the ``cache_ok`` flag is not set to True.  Set this flag to True if this type object's state is safe to use in a cache key, or False to disable this warning.
[2021-12-08 18:29:11,993] {logging_mixin.py:109} INFO - [2021-12-08 18:29:11,993] {dag.py:2928} INFO - Setting next_dagrun for example_external_task_marker_child to None
[2021-12-08 18:29:11,994] {logging_mixin.py:109} INFO - [2021-12-08 18:29:11,994] {dag.py:2928} INFO - Setting next_dagrun for example_external_task_marker_parent to None
[2021-12-08 18:29:12,130] {processor.py:171} INFO - Processing /usr/local/lib/python3.8/dist-packages/airflow/example_dags/example_external_task_marker_dag.py took 0.212 seconds
[2021-12-08 18:30:11,021] {processor.py:163} INFO - Started process (PID=514) to work on /usr/local/lib/python3.8/dist-packages/airflow/example_dags/example_external_task_marker_dag.py
[2021-12-08 18:30:11,045] {processor.py:625} INFO - Processing file /usr/local/lib/python3.8/dist-packages/airflow/example_dags/example_external_task_marker_dag.py for tasks to queue
[2021-12-08 18:30:11,046] {logging_mixin.py:109} INFO - [2021-12-08 18:30:11,046] {dagbag.py:500} INFO - Filling up the DagBag from /usr/local/lib/python3.8/dist-packages/airflow/example_dags/example_external_task_marker_dag.py
[2021-12-08 18:30:11,066] {processor.py:637} INFO - DAG(s) dict_keys(['example_external_task_marker_parent', 'example_external_task_marker_child']) retrieved from /usr/local/lib/python3.8/dist-packages/airflow/example_dags/example_external_task_marker_dag.py
[2021-12-08 18:30:11,069] {logging_mixin.py:109} WARNING - /usr/local/lib/python3.8/dist-packages/airflow/models/serialized_dag.py:120 SAWarning: TypeDecorator UtcDateTime(timezone=True) will not produce a cache key because the ``cache_ok`` flag is not set to True.  Set this flag to True if this type object's state is safe to use in a cache key, or False to disable this warning.
[2021-12-08 18:30:11,078] {logging_mixin.py:109} INFO - [2021-12-08 18:30:11,078] {dag.py:2396} INFO - Sync 2 DAGs
[2021-12-08 18:30:11,086] {logging_mixin.py:109} WARNING - /usr/local/lib/python3.8/dist-packages/airflow/models/dag.py:2433 SAWarning: TypeDecorator UtcDateTime(timezone=True) will not produce a cache key because the ``cache_ok`` flag is not set to True.  Set this flag to True if this type object's state is safe to use in a cache key, or False to disable this warning.
[2021-12-08 18:30:11,092] {logging_mixin.py:109} INFO - [2021-12-08 18:30:11,092] {dag.py:2928} INFO - Setting next_dagrun for example_external_task_marker_child to None
[2021-12-08 18:30:11,092] {logging_mixin.py:109} INFO - [2021-12-08 18:30:11,092] {dag.py:2928} INFO - Setting next_dagrun for example_external_task_marker_parent to None
[2021-12-08 18:30:11,265] {processor.py:171} INFO - Processing /usr/local/lib/python3.8/dist-packages/airflow/example_dags/example_external_task_marker_dag.py took 0.246 seconds
[2021-12-08 18:31:07,665] {processor.py:163} INFO - Started process (PID=556) to work on /usr/local/lib/python3.8/dist-packages/airflow/example_dags/example_external_task_marker_dag.py
[2021-12-08 18:31:07,669] {processor.py:625} INFO - Processing file /usr/local/lib/python3.8/dist-packages/airflow/example_dags/example_external_task_marker_dag.py for tasks to queue
[2021-12-08 18:31:07,670] {logging_mixin.py:109} INFO - [2021-12-08 18:31:07,670] {dagbag.py:500} INFO - Filling up the DagBag from /usr/local/lib/python3.8/dist-packages/airflow/example_dags/example_external_task_marker_dag.py
[2021-12-08 18:31:07,687] {processor.py:637} INFO - DAG(s) dict_keys(['example_external_task_marker_parent', 'example_external_task_marker_child']) retrieved from /usr/local/lib/python3.8/dist-packages/airflow/example_dags/example_external_task_marker_dag.py
[2021-12-08 18:31:07,692] {logging_mixin.py:109} WARNING - /usr/local/lib/python3.8/dist-packages/airflow/models/serialized_dag.py:120 SAWarning: TypeDecorator UtcDateTime(timezone=True) will not produce a cache key because the ``cache_ok`` flag is not set to True.  Set this flag to True if this type object's state is safe to use in a cache key, or False to disable this warning.
[2021-12-08 18:31:07,704] {logging_mixin.py:109} INFO - [2021-12-08 18:31:07,704] {dag.py:2396} INFO - Sync 2 DAGs
[2021-12-08 18:31:07,720] {logging_mixin.py:109} WARNING - /usr/local/lib/python3.8/dist-packages/airflow/models/dag.py:2433 SAWarning: TypeDecorator UtcDateTime(timezone=True) will not produce a cache key because the ``cache_ok`` flag is not set to True.  Set this flag to True if this type object's state is safe to use in a cache key, or False to disable this warning.
[2021-12-08 18:31:07,728] {logging_mixin.py:109} INFO - [2021-12-08 18:31:07,728] {dag.py:2928} INFO - Setting next_dagrun for example_external_task_marker_child to None
[2021-12-08 18:31:07,729] {logging_mixin.py:109} INFO - [2021-12-08 18:31:07,728] {dag.py:2928} INFO - Setting next_dagrun for example_external_task_marker_parent to None
[2021-12-08 18:31:07,879] {processor.py:171} INFO - Processing /usr/local/lib/python3.8/dist-packages/airflow/example_dags/example_external_task_marker_dag.py took 0.217 seconds
[2021-12-08 18:32:03,379] {processor.py:163} INFO - Started process (PID=597) to work on /usr/local/lib/python3.8/dist-packages/airflow/example_dags/example_external_task_marker_dag.py
[2021-12-08 18:32:03,394] {processor.py:625} INFO - Processing file /usr/local/lib/python3.8/dist-packages/airflow/example_dags/example_external_task_marker_dag.py for tasks to queue
[2021-12-08 18:32:03,395] {logging_mixin.py:109} INFO - [2021-12-08 18:32:03,395] {dagbag.py:500} INFO - Filling up the DagBag from /usr/local/lib/python3.8/dist-packages/airflow/example_dags/example_external_task_marker_dag.py
[2021-12-08 18:32:03,411] {processor.py:637} INFO - DAG(s) dict_keys(['example_external_task_marker_parent', 'example_external_task_marker_child']) retrieved from /usr/local/lib/python3.8/dist-packages/airflow/example_dags/example_external_task_marker_dag.py
[2021-12-08 18:32:03,415] {logging_mixin.py:109} WARNING - /usr/local/lib/python3.8/dist-packages/airflow/models/serialized_dag.py:120 SAWarning: TypeDecorator UtcDateTime(timezone=True) will not produce a cache key because the ``cache_ok`` flag is not set to True.  Set this flag to True if this type object's state is safe to use in a cache key, or False to disable this warning.
[2021-12-08 18:32:03,423] {logging_mixin.py:109} INFO - [2021-12-08 18:32:03,423] {dag.py:2396} INFO - Sync 2 DAGs
[2021-12-08 18:32:03,431] {logging_mixin.py:109} WARNING - /usr/local/lib/python3.8/dist-packages/airflow/models/dag.py:2433 SAWarning: TypeDecorator UtcDateTime(timezone=True) will not produce a cache key because the ``cache_ok`` flag is not set to True.  Set this flag to True if this type object's state is safe to use in a cache key, or False to disable this warning.
[2021-12-08 18:32:03,437] {logging_mixin.py:109} INFO - [2021-12-08 18:32:03,437] {dag.py:2928} INFO - Setting next_dagrun for example_external_task_marker_child to None
[2021-12-08 18:32:03,437] {logging_mixin.py:109} INFO - [2021-12-08 18:32:03,437] {dag.py:2928} INFO - Setting next_dagrun for example_external_task_marker_parent to None
[2021-12-08 18:32:03,601] {processor.py:171} INFO - Processing /usr/local/lib/python3.8/dist-packages/airflow/example_dags/example_external_task_marker_dag.py took 0.224 seconds
[2021-12-08 18:33:01,689] {processor.py:163} INFO - Started process (PID=640) to work on /usr/local/lib/python3.8/dist-packages/airflow/example_dags/example_external_task_marker_dag.py
[2021-12-08 18:33:01,695] {processor.py:625} INFO - Processing file /usr/local/lib/python3.8/dist-packages/airflow/example_dags/example_external_task_marker_dag.py for tasks to queue
[2021-12-08 18:33:01,696] {logging_mixin.py:109} INFO - [2021-12-08 18:33:01,696] {dagbag.py:500} INFO - Filling up the DagBag from /usr/local/lib/python3.8/dist-packages/airflow/example_dags/example_external_task_marker_dag.py
[2021-12-08 18:33:01,712] {processor.py:637} INFO - DAG(s) dict_keys(['example_external_task_marker_parent', 'example_external_task_marker_child']) retrieved from /usr/local/lib/python3.8/dist-packages/airflow/example_dags/example_external_task_marker_dag.py
[2021-12-08 18:33:01,716] {logging_mixin.py:109} WARNING - /usr/local/lib/python3.8/dist-packages/airflow/models/serialized_dag.py:120 SAWarning: TypeDecorator UtcDateTime(timezone=True) will not produce a cache key because the ``cache_ok`` flag is not set to True.  Set this flag to True if this type object's state is safe to use in a cache key, or False to disable this warning.
[2021-12-08 18:33:01,724] {logging_mixin.py:109} INFO - [2021-12-08 18:33:01,724] {dag.py:2396} INFO - Sync 2 DAGs
[2021-12-08 18:33:01,732] {logging_mixin.py:109} WARNING - /usr/local/lib/python3.8/dist-packages/airflow/models/dag.py:2433 SAWarning: TypeDecorator UtcDateTime(timezone=True) will not produce a cache key because the ``cache_ok`` flag is not set to True.  Set this flag to True if this type object's state is safe to use in a cache key, or False to disable this warning.
[2021-12-08 18:33:01,738] {logging_mixin.py:109} INFO - [2021-12-08 18:33:01,738] {dag.py:2928} INFO - Setting next_dagrun for example_external_task_marker_child to None
[2021-12-08 18:33:01,738] {logging_mixin.py:109} INFO - [2021-12-08 18:33:01,738] {dag.py:2928} INFO - Setting next_dagrun for example_external_task_marker_parent to None
[2021-12-08 18:33:01,959] {processor.py:171} INFO - Processing /usr/local/lib/python3.8/dist-packages/airflow/example_dags/example_external_task_marker_dag.py took 0.272 seconds
[2021-12-08 18:33:51,592] {processor.py:163} INFO - Started process (PID=679) to work on /usr/local/lib/python3.8/dist-packages/airflow/example_dags/example_external_task_marker_dag.py
[2021-12-08 18:33:51,608] {processor.py:625} INFO - Processing file /usr/local/lib/python3.8/dist-packages/airflow/example_dags/example_external_task_marker_dag.py for tasks to queue
[2021-12-08 18:33:51,608] {logging_mixin.py:109} INFO - [2021-12-08 18:33:51,608] {dagbag.py:500} INFO - Filling up the DagBag from /usr/local/lib/python3.8/dist-packages/airflow/example_dags/example_external_task_marker_dag.py
[2021-12-08 18:33:51,624] {processor.py:637} INFO - DAG(s) dict_keys(['example_external_task_marker_parent', 'example_external_task_marker_child']) retrieved from /usr/local/lib/python3.8/dist-packages/airflow/example_dags/example_external_task_marker_dag.py
[2021-12-08 18:33:51,627] {logging_mixin.py:109} WARNING - /usr/local/lib/python3.8/dist-packages/airflow/models/serialized_dag.py:120 SAWarning: TypeDecorator UtcDateTime(timezone=True) will not produce a cache key because the ``cache_ok`` flag is not set to True.  Set this flag to True if this type object's state is safe to use in a cache key, or False to disable this warning.
[2021-12-08 18:33:51,636] {logging_mixin.py:109} INFO - [2021-12-08 18:33:51,636] {dag.py:2396} INFO - Sync 2 DAGs
[2021-12-08 18:33:51,644] {logging_mixin.py:109} WARNING - /usr/local/lib/python3.8/dist-packages/airflow/models/dag.py:2433 SAWarning: TypeDecorator UtcDateTime(timezone=True) will not produce a cache key because the ``cache_ok`` flag is not set to True.  Set this flag to True if this type object's state is safe to use in a cache key, or False to disable this warning.
[2021-12-08 18:33:51,649] {logging_mixin.py:109} INFO - [2021-12-08 18:33:51,649] {dag.py:2928} INFO - Setting next_dagrun for example_external_task_marker_child to None
[2021-12-08 18:33:51,650] {logging_mixin.py:109} INFO - [2021-12-08 18:33:51,650] {dag.py:2928} INFO - Setting next_dagrun for example_external_task_marker_parent to None
[2021-12-08 18:33:51,902] {processor.py:171} INFO - Processing /usr/local/lib/python3.8/dist-packages/airflow/example_dags/example_external_task_marker_dag.py took 0.312 seconds
[2021-12-08 18:34:49,490] {processor.py:163} INFO - Started process (PID=721) to work on /usr/local/lib/python3.8/dist-packages/airflow/example_dags/example_external_task_marker_dag.py
[2021-12-08 18:34:49,509] {processor.py:625} INFO - Processing file /usr/local/lib/python3.8/dist-packages/airflow/example_dags/example_external_task_marker_dag.py for tasks to queue
[2021-12-08 18:34:49,510] {logging_mixin.py:109} INFO - [2021-12-08 18:34:49,510] {dagbag.py:500} INFO - Filling up the DagBag from /usr/local/lib/python3.8/dist-packages/airflow/example_dags/example_external_task_marker_dag.py
[2021-12-08 18:34:49,527] {processor.py:637} INFO - DAG(s) dict_keys(['example_external_task_marker_parent', 'example_external_task_marker_child']) retrieved from /usr/local/lib/python3.8/dist-packages/airflow/example_dags/example_external_task_marker_dag.py
[2021-12-08 18:34:49,530] {logging_mixin.py:109} WARNING - /usr/local/lib/python3.8/dist-packages/airflow/models/serialized_dag.py:120 SAWarning: TypeDecorator UtcDateTime(timezone=True) will not produce a cache key because the ``cache_ok`` flag is not set to True.  Set this flag to True if this type object's state is safe to use in a cache key, or False to disable this warning.
[2021-12-08 18:34:49,538] {logging_mixin.py:109} INFO - [2021-12-08 18:34:49,538] {dag.py:2396} INFO - Sync 2 DAGs
[2021-12-08 18:34:49,548] {logging_mixin.py:109} WARNING - /usr/local/lib/python3.8/dist-packages/airflow/models/dag.py:2433 SAWarning: TypeDecorator UtcDateTime(timezone=True) will not produce a cache key because the ``cache_ok`` flag is not set to True.  Set this flag to True if this type object's state is safe to use in a cache key, or False to disable this warning.
[2021-12-08 18:34:49,554] {logging_mixin.py:109} INFO - [2021-12-08 18:34:49,554] {dag.py:2928} INFO - Setting next_dagrun for example_external_task_marker_child to None
[2021-12-08 18:34:49,554] {logging_mixin.py:109} INFO - [2021-12-08 18:34:49,554] {dag.py:2928} INFO - Setting next_dagrun for example_external_task_marker_parent to None
[2021-12-08 18:34:49,719] {processor.py:171} INFO - Processing /usr/local/lib/python3.8/dist-packages/airflow/example_dags/example_external_task_marker_dag.py took 0.232 seconds
