[2021-12-08 18:23:05,978] {processor.py:163} INFO - Started process (PID=202) to work on /usr/local/lib/python3.8/dist-packages/airflow/example_dags/example_python_operator.py
[2021-12-08 18:23:05,978] {processor.py:625} INFO - Processing file /usr/local/lib/python3.8/dist-packages/airflow/example_dags/example_python_operator.py for tasks to queue
[2021-12-08 18:23:05,979] {logging_mixin.py:109} INFO - [2021-12-08 18:23:05,978] {dagbag.py:500} INFO - Filling up the DagBag from /usr/local/lib/python3.8/dist-packages/airflow/example_dags/example_python_operator.py
[2021-12-08 18:23:06,002] {processor.py:637} INFO - DAG(s) dict_keys(['example_python_operator']) retrieved from /usr/local/lib/python3.8/dist-packages/airflow/example_dags/example_python_operator.py
[2021-12-08 18:23:06,008] {logging_mixin.py:109} WARNING - /usr/local/lib/python3.8/dist-packages/airflow/models/serialized_dag.py:120 SAWarning: TypeDecorator UtcDateTime(timezone=True) will not produce a cache key because the ``cache_ok`` flag is not set to True.  Set this flag to True if this type object's state is safe to use in a cache key, or False to disable this warning.
[2021-12-08 18:23:06,015] {logging_mixin.py:109} INFO - [2021-12-08 18:23:06,015] {dag.py:2396} INFO - Sync 1 DAGs
[2021-12-08 18:23:06,027] {logging_mixin.py:109} WARNING - /usr/local/lib/python3.8/dist-packages/airflow/models/dag.py:2433 SAWarning: TypeDecorator UtcDateTime(timezone=True) will not produce a cache key because the ``cache_ok`` flag is not set to True.  Set this flag to True if this type object's state is safe to use in a cache key, or False to disable this warning.
[2021-12-08 18:23:06,034] {logging_mixin.py:109} INFO - [2021-12-08 18:23:06,034] {dag.py:2928} INFO - Setting next_dagrun for example_python_operator to None
[2021-12-08 18:23:06,215] {processor.py:171} INFO - Processing /usr/local/lib/python3.8/dist-packages/airflow/example_dags/example_python_operator.py took 0.239 seconds
[2021-12-08 18:23:55,805] {processor.py:163} INFO - Started process (PID=238) to work on /usr/local/lib/python3.8/dist-packages/airflow/example_dags/example_python_operator.py
[2021-12-08 18:23:55,844] {processor.py:625} INFO - Processing file /usr/local/lib/python3.8/dist-packages/airflow/example_dags/example_python_operator.py for tasks to queue
[2021-12-08 18:23:55,845] {logging_mixin.py:109} INFO - [2021-12-08 18:23:55,845] {dagbag.py:500} INFO - Filling up the DagBag from /usr/local/lib/python3.8/dist-packages/airflow/example_dags/example_python_operator.py
[2021-12-08 18:23:55,873] {processor.py:637} INFO - DAG(s) dict_keys(['example_python_operator']) retrieved from /usr/local/lib/python3.8/dist-packages/airflow/example_dags/example_python_operator.py
[2021-12-08 18:23:55,876] {logging_mixin.py:109} WARNING - /usr/local/lib/python3.8/dist-packages/airflow/models/serialized_dag.py:120 SAWarning: TypeDecorator UtcDateTime(timezone=True) will not produce a cache key because the ``cache_ok`` flag is not set to True.  Set this flag to True if this type object's state is safe to use in a cache key, or False to disable this warning.
[2021-12-08 18:23:55,883] {logging_mixin.py:109} INFO - [2021-12-08 18:23:55,883] {dag.py:2396} INFO - Sync 1 DAGs
[2021-12-08 18:23:55,892] {logging_mixin.py:109} WARNING - /usr/local/lib/python3.8/dist-packages/airflow/models/dag.py:2433 SAWarning: TypeDecorator UtcDateTime(timezone=True) will not produce a cache key because the ``cache_ok`` flag is not set to True.  Set this flag to True if this type object's state is safe to use in a cache key, or False to disable this warning.
[2021-12-08 18:23:55,897] {logging_mixin.py:109} INFO - [2021-12-08 18:23:55,897] {dag.py:2928} INFO - Setting next_dagrun for example_python_operator to None
[2021-12-08 18:23:56,054] {processor.py:171} INFO - Processing /usr/local/lib/python3.8/dist-packages/airflow/example_dags/example_python_operator.py took 0.252 seconds
[2021-12-08 18:24:44,390] {processor.py:163} INFO - Started process (PID=274) to work on /usr/local/lib/python3.8/dist-packages/airflow/example_dags/example_python_operator.py
[2021-12-08 18:24:44,401] {processor.py:625} INFO - Processing file /usr/local/lib/python3.8/dist-packages/airflow/example_dags/example_python_operator.py for tasks to queue
[2021-12-08 18:24:44,402] {logging_mixin.py:109} INFO - [2021-12-08 18:24:44,402] {dagbag.py:500} INFO - Filling up the DagBag from /usr/local/lib/python3.8/dist-packages/airflow/example_dags/example_python_operator.py
[2021-12-08 18:24:44,419] {processor.py:637} INFO - DAG(s) dict_keys(['example_python_operator']) retrieved from /usr/local/lib/python3.8/dist-packages/airflow/example_dags/example_python_operator.py
[2021-12-08 18:24:44,423] {logging_mixin.py:109} WARNING - /usr/local/lib/python3.8/dist-packages/airflow/models/serialized_dag.py:120 SAWarning: TypeDecorator UtcDateTime(timezone=True) will not produce a cache key because the ``cache_ok`` flag is not set to True.  Set this flag to True if this type object's state is safe to use in a cache key, or False to disable this warning.
[2021-12-08 18:24:44,429] {logging_mixin.py:109} INFO - [2021-12-08 18:24:44,429] {dag.py:2396} INFO - Sync 1 DAGs
[2021-12-08 18:24:44,438] {logging_mixin.py:109} WARNING - /usr/local/lib/python3.8/dist-packages/airflow/models/dag.py:2433 SAWarning: TypeDecorator UtcDateTime(timezone=True) will not produce a cache key because the ``cache_ok`` flag is not set to True.  Set this flag to True if this type object's state is safe to use in a cache key, or False to disable this warning.
[2021-12-08 18:24:44,443] {logging_mixin.py:109} INFO - [2021-12-08 18:24:44,443] {dag.py:2928} INFO - Setting next_dagrun for example_python_operator to None
[2021-12-08 18:24:44,588] {processor.py:171} INFO - Processing /usr/local/lib/python3.8/dist-packages/airflow/example_dags/example_python_operator.py took 0.201 seconds
[2021-12-08 18:25:41,275] {processor.py:163} INFO - Started process (PID=316) to work on /usr/local/lib/python3.8/dist-packages/airflow/example_dags/example_python_operator.py
[2021-12-08 18:25:41,276] {processor.py:625} INFO - Processing file /usr/local/lib/python3.8/dist-packages/airflow/example_dags/example_python_operator.py for tasks to queue
[2021-12-08 18:25:41,276] {logging_mixin.py:109} INFO - [2021-12-08 18:25:41,276] {dagbag.py:500} INFO - Filling up the DagBag from /usr/local/lib/python3.8/dist-packages/airflow/example_dags/example_python_operator.py
[2021-12-08 18:25:41,294] {processor.py:637} INFO - DAG(s) dict_keys(['example_python_operator']) retrieved from /usr/local/lib/python3.8/dist-packages/airflow/example_dags/example_python_operator.py
[2021-12-08 18:25:41,297] {logging_mixin.py:109} WARNING - /usr/local/lib/python3.8/dist-packages/airflow/models/serialized_dag.py:120 SAWarning: TypeDecorator UtcDateTime(timezone=True) will not produce a cache key because the ``cache_ok`` flag is not set to True.  Set this flag to True if this type object's state is safe to use in a cache key, or False to disable this warning.
[2021-12-08 18:25:41,304] {logging_mixin.py:109} INFO - [2021-12-08 18:25:41,304] {dag.py:2396} INFO - Sync 1 DAGs
[2021-12-08 18:25:41,312] {logging_mixin.py:109} WARNING - /usr/local/lib/python3.8/dist-packages/airflow/models/dag.py:2433 SAWarning: TypeDecorator UtcDateTime(timezone=True) will not produce a cache key because the ``cache_ok`` flag is not set to True.  Set this flag to True if this type object's state is safe to use in a cache key, or False to disable this warning.
[2021-12-08 18:25:41,318] {logging_mixin.py:109} INFO - [2021-12-08 18:25:41,318] {dag.py:2928} INFO - Setting next_dagrun for example_python_operator to None
[2021-12-08 18:25:41,479] {processor.py:171} INFO - Processing /usr/local/lib/python3.8/dist-packages/airflow/example_dags/example_python_operator.py took 0.207 seconds
[2021-12-08 18:26:38,790] {processor.py:163} INFO - Started process (PID=359) to work on /usr/local/lib/python3.8/dist-packages/airflow/example_dags/example_python_operator.py
[2021-12-08 18:26:38,816] {processor.py:625} INFO - Processing file /usr/local/lib/python3.8/dist-packages/airflow/example_dags/example_python_operator.py for tasks to queue
[2021-12-08 18:26:38,818] {logging_mixin.py:109} INFO - [2021-12-08 18:26:38,817] {dagbag.py:500} INFO - Filling up the DagBag from /usr/local/lib/python3.8/dist-packages/airflow/example_dags/example_python_operator.py
[2021-12-08 18:26:38,842] {processor.py:637} INFO - DAG(s) dict_keys(['example_python_operator']) retrieved from /usr/local/lib/python3.8/dist-packages/airflow/example_dags/example_python_operator.py
[2021-12-08 18:26:38,845] {logging_mixin.py:109} WARNING - /usr/local/lib/python3.8/dist-packages/airflow/models/serialized_dag.py:120 SAWarning: TypeDecorator UtcDateTime(timezone=True) will not produce a cache key because the ``cache_ok`` flag is not set to True.  Set this flag to True if this type object's state is safe to use in a cache key, or False to disable this warning.
[2021-12-08 18:26:38,855] {logging_mixin.py:109} INFO - [2021-12-08 18:26:38,855] {dag.py:2396} INFO - Sync 1 DAGs
[2021-12-08 18:26:38,864] {logging_mixin.py:109} WARNING - /usr/local/lib/python3.8/dist-packages/airflow/models/dag.py:2433 SAWarning: TypeDecorator UtcDateTime(timezone=True) will not produce a cache key because the ``cache_ok`` flag is not set to True.  Set this flag to True if this type object's state is safe to use in a cache key, or False to disable this warning.
[2021-12-08 18:26:38,875] {logging_mixin.py:109} INFO - [2021-12-08 18:26:38,874] {dag.py:2928} INFO - Setting next_dagrun for example_python_operator to None
[2021-12-08 18:26:39,019] {processor.py:171} INFO - Processing /usr/local/lib/python3.8/dist-packages/airflow/example_dags/example_python_operator.py took 0.233 seconds
[2021-12-08 18:27:38,191] {processor.py:163} INFO - Started process (PID=401) to work on /usr/local/lib/python3.8/dist-packages/airflow/example_dags/example_python_operator.py
[2021-12-08 18:27:38,275] {processor.py:625} INFO - Processing file /usr/local/lib/python3.8/dist-packages/airflow/example_dags/example_python_operator.py for tasks to queue
[2021-12-08 18:27:38,277] {logging_mixin.py:109} INFO - [2021-12-08 18:27:38,276] {dagbag.py:500} INFO - Filling up the DagBag from /usr/local/lib/python3.8/dist-packages/airflow/example_dags/example_python_operator.py
[2021-12-08 18:27:38,314] {processor.py:637} INFO - DAG(s) dict_keys(['example_python_operator']) retrieved from /usr/local/lib/python3.8/dist-packages/airflow/example_dags/example_python_operator.py
[2021-12-08 18:27:38,317] {logging_mixin.py:109} WARNING - /usr/local/lib/python3.8/dist-packages/airflow/models/serialized_dag.py:120 SAWarning: TypeDecorator UtcDateTime(timezone=True) will not produce a cache key because the ``cache_ok`` flag is not set to True.  Set this flag to True if this type object's state is safe to use in a cache key, or False to disable this warning.
[2021-12-08 18:27:38,324] {logging_mixin.py:109} INFO - [2021-12-08 18:27:38,324] {dag.py:2396} INFO - Sync 1 DAGs
[2021-12-08 18:27:38,333] {logging_mixin.py:109} WARNING - /usr/local/lib/python3.8/dist-packages/airflow/models/dag.py:2433 SAWarning: TypeDecorator UtcDateTime(timezone=True) will not produce a cache key because the ``cache_ok`` flag is not set to True.  Set this flag to True if this type object's state is safe to use in a cache key, or False to disable this warning.
[2021-12-08 18:27:38,338] {logging_mixin.py:109} INFO - [2021-12-08 18:27:38,338] {dag.py:2928} INFO - Setting next_dagrun for example_python_operator to None
[2021-12-08 18:27:38,600] {processor.py:171} INFO - Processing /usr/local/lib/python3.8/dist-packages/airflow/example_dags/example_python_operator.py took 0.416 seconds
[2021-12-08 18:28:35,984] {processor.py:163} INFO - Started process (PID=444) to work on /usr/local/lib/python3.8/dist-packages/airflow/example_dags/example_python_operator.py
[2021-12-08 18:28:36,020] {processor.py:625} INFO - Processing file /usr/local/lib/python3.8/dist-packages/airflow/example_dags/example_python_operator.py for tasks to queue
[2021-12-08 18:28:36,021] {logging_mixin.py:109} INFO - [2021-12-08 18:28:36,021] {dagbag.py:500} INFO - Filling up the DagBag from /usr/local/lib/python3.8/dist-packages/airflow/example_dags/example_python_operator.py
[2021-12-08 18:28:36,045] {processor.py:637} INFO - DAG(s) dict_keys(['example_python_operator']) retrieved from /usr/local/lib/python3.8/dist-packages/airflow/example_dags/example_python_operator.py
[2021-12-08 18:28:36,049] {logging_mixin.py:109} WARNING - /usr/local/lib/python3.8/dist-packages/airflow/models/serialized_dag.py:120 SAWarning: TypeDecorator UtcDateTime(timezone=True) will not produce a cache key because the ``cache_ok`` flag is not set to True.  Set this flag to True if this type object's state is safe to use in a cache key, or False to disable this warning.
[2021-12-08 18:28:36,055] {logging_mixin.py:109} INFO - [2021-12-08 18:28:36,055] {dag.py:2396} INFO - Sync 1 DAGs
[2021-12-08 18:28:36,063] {logging_mixin.py:109} WARNING - /usr/local/lib/python3.8/dist-packages/airflow/models/dag.py:2433 SAWarning: TypeDecorator UtcDateTime(timezone=True) will not produce a cache key because the ``cache_ok`` flag is not set to True.  Set this flag to True if this type object's state is safe to use in a cache key, or False to disable this warning.
[2021-12-08 18:28:36,069] {logging_mixin.py:109} INFO - [2021-12-08 18:28:36,069] {dag.py:2928} INFO - Setting next_dagrun for example_python_operator to None
[2021-12-08 18:28:36,227] {processor.py:171} INFO - Processing /usr/local/lib/python3.8/dist-packages/airflow/example_dags/example_python_operator.py took 0.245 seconds
[2021-12-08 18:29:32,615] {processor.py:163} INFO - Started process (PID=485) to work on /usr/local/lib/python3.8/dist-packages/airflow/example_dags/example_python_operator.py
[2021-12-08 18:29:32,644] {processor.py:625} INFO - Processing file /usr/local/lib/python3.8/dist-packages/airflow/example_dags/example_python_operator.py for tasks to queue
[2021-12-08 18:29:32,645] {logging_mixin.py:109} INFO - [2021-12-08 18:29:32,645] {dagbag.py:500} INFO - Filling up the DagBag from /usr/local/lib/python3.8/dist-packages/airflow/example_dags/example_python_operator.py
[2021-12-08 18:29:32,662] {processor.py:637} INFO - DAG(s) dict_keys(['example_python_operator']) retrieved from /usr/local/lib/python3.8/dist-packages/airflow/example_dags/example_python_operator.py
[2021-12-08 18:29:32,666] {logging_mixin.py:109} WARNING - /usr/local/lib/python3.8/dist-packages/airflow/models/serialized_dag.py:120 SAWarning: TypeDecorator UtcDateTime(timezone=True) will not produce a cache key because the ``cache_ok`` flag is not set to True.  Set this flag to True if this type object's state is safe to use in a cache key, or False to disable this warning.
[2021-12-08 18:29:32,672] {logging_mixin.py:109} INFO - [2021-12-08 18:29:32,672] {dag.py:2396} INFO - Sync 1 DAGs
[2021-12-08 18:29:32,680] {logging_mixin.py:109} WARNING - /usr/local/lib/python3.8/dist-packages/airflow/models/dag.py:2433 SAWarning: TypeDecorator UtcDateTime(timezone=True) will not produce a cache key because the ``cache_ok`` flag is not set to True.  Set this flag to True if this type object's state is safe to use in a cache key, or False to disable this warning.
[2021-12-08 18:29:32,685] {logging_mixin.py:109} INFO - [2021-12-08 18:29:32,685] {dag.py:2928} INFO - Setting next_dagrun for example_python_operator to None
[2021-12-08 18:29:32,866] {processor.py:171} INFO - Processing /usr/local/lib/python3.8/dist-packages/airflow/example_dags/example_python_operator.py took 0.255 seconds
[2021-12-08 18:30:28,632] {processor.py:163} INFO - Started process (PID=527) to work on /usr/local/lib/python3.8/dist-packages/airflow/example_dags/example_python_operator.py
[2021-12-08 18:30:28,641] {processor.py:625} INFO - Processing file /usr/local/lib/python3.8/dist-packages/airflow/example_dags/example_python_operator.py for tasks to queue
[2021-12-08 18:30:28,641] {logging_mixin.py:109} INFO - [2021-12-08 18:30:28,641] {dagbag.py:500} INFO - Filling up the DagBag from /usr/local/lib/python3.8/dist-packages/airflow/example_dags/example_python_operator.py
[2021-12-08 18:30:28,659] {processor.py:637} INFO - DAG(s) dict_keys(['example_python_operator']) retrieved from /usr/local/lib/python3.8/dist-packages/airflow/example_dags/example_python_operator.py
[2021-12-08 18:30:28,663] {logging_mixin.py:109} WARNING - /usr/local/lib/python3.8/dist-packages/airflow/models/serialized_dag.py:120 SAWarning: TypeDecorator UtcDateTime(timezone=True) will not produce a cache key because the ``cache_ok`` flag is not set to True.  Set this flag to True if this type object's state is safe to use in a cache key, or False to disable this warning.
[2021-12-08 18:30:28,669] {logging_mixin.py:109} INFO - [2021-12-08 18:30:28,669] {dag.py:2396} INFO - Sync 1 DAGs
[2021-12-08 18:30:28,677] {logging_mixin.py:109} WARNING - /usr/local/lib/python3.8/dist-packages/airflow/models/dag.py:2433 SAWarning: TypeDecorator UtcDateTime(timezone=True) will not produce a cache key because the ``cache_ok`` flag is not set to True.  Set this flag to True if this type object's state is safe to use in a cache key, or False to disable this warning.
[2021-12-08 18:30:28,683] {logging_mixin.py:109} INFO - [2021-12-08 18:30:28,683] {dag.py:2928} INFO - Setting next_dagrun for example_python_operator to None
[2021-12-08 18:30:28,868] {processor.py:171} INFO - Processing /usr/local/lib/python3.8/dist-packages/airflow/example_dags/example_python_operator.py took 0.239 seconds
[2021-12-08 18:31:24,319] {processor.py:163} INFO - Started process (PID=569) to work on /usr/local/lib/python3.8/dist-packages/airflow/example_dags/example_python_operator.py
[2021-12-08 18:31:24,336] {processor.py:625} INFO - Processing file /usr/local/lib/python3.8/dist-packages/airflow/example_dags/example_python_operator.py for tasks to queue
[2021-12-08 18:31:24,337] {logging_mixin.py:109} INFO - [2021-12-08 18:31:24,337] {dagbag.py:500} INFO - Filling up the DagBag from /usr/local/lib/python3.8/dist-packages/airflow/example_dags/example_python_operator.py
[2021-12-08 18:31:24,355] {processor.py:637} INFO - DAG(s) dict_keys(['example_python_operator']) retrieved from /usr/local/lib/python3.8/dist-packages/airflow/example_dags/example_python_operator.py
[2021-12-08 18:31:24,358] {logging_mixin.py:109} WARNING - /usr/local/lib/python3.8/dist-packages/airflow/models/serialized_dag.py:120 SAWarning: TypeDecorator UtcDateTime(timezone=True) will not produce a cache key because the ``cache_ok`` flag is not set to True.  Set this flag to True if this type object's state is safe to use in a cache key, or False to disable this warning.
[2021-12-08 18:31:24,364] {logging_mixin.py:109} INFO - [2021-12-08 18:31:24,364] {dag.py:2396} INFO - Sync 1 DAGs
[2021-12-08 18:31:24,372] {logging_mixin.py:109} WARNING - /usr/local/lib/python3.8/dist-packages/airflow/models/dag.py:2433 SAWarning: TypeDecorator UtcDateTime(timezone=True) will not produce a cache key because the ``cache_ok`` flag is not set to True.  Set this flag to True if this type object's state is safe to use in a cache key, or False to disable this warning.
[2021-12-08 18:31:24,378] {logging_mixin.py:109} INFO - [2021-12-08 18:31:24,378] {dag.py:2928} INFO - Setting next_dagrun for example_python_operator to None
[2021-12-08 18:31:24,534] {processor.py:171} INFO - Processing /usr/local/lib/python3.8/dist-packages/airflow/example_dags/example_python_operator.py took 0.218 seconds
[2021-12-08 18:32:21,493] {processor.py:163} INFO - Started process (PID=611) to work on /usr/local/lib/python3.8/dist-packages/airflow/example_dags/example_python_operator.py
[2021-12-08 18:32:21,505] {processor.py:625} INFO - Processing file /usr/local/lib/python3.8/dist-packages/airflow/example_dags/example_python_operator.py for tasks to queue
[2021-12-08 18:32:21,506] {logging_mixin.py:109} INFO - [2021-12-08 18:32:21,505] {dagbag.py:500} INFO - Filling up the DagBag from /usr/local/lib/python3.8/dist-packages/airflow/example_dags/example_python_operator.py
[2021-12-08 18:32:21,523] {processor.py:637} INFO - DAG(s) dict_keys(['example_python_operator']) retrieved from /usr/local/lib/python3.8/dist-packages/airflow/example_dags/example_python_operator.py
[2021-12-08 18:32:21,526] {logging_mixin.py:109} WARNING - /usr/local/lib/python3.8/dist-packages/airflow/models/serialized_dag.py:120 SAWarning: TypeDecorator UtcDateTime(timezone=True) will not produce a cache key because the ``cache_ok`` flag is not set to True.  Set this flag to True if this type object's state is safe to use in a cache key, or False to disable this warning.
[2021-12-08 18:32:21,533] {logging_mixin.py:109} INFO - [2021-12-08 18:32:21,533] {dag.py:2396} INFO - Sync 1 DAGs
[2021-12-08 18:32:21,541] {logging_mixin.py:109} WARNING - /usr/local/lib/python3.8/dist-packages/airflow/models/dag.py:2433 SAWarning: TypeDecorator UtcDateTime(timezone=True) will not produce a cache key because the ``cache_ok`` flag is not set to True.  Set this flag to True if this type object's state is safe to use in a cache key, or False to disable this warning.
[2021-12-08 18:32:21,546] {logging_mixin.py:109} INFO - [2021-12-08 18:32:21,546] {dag.py:2928} INFO - Setting next_dagrun for example_python_operator to None
[2021-12-08 18:32:21,692] {processor.py:171} INFO - Processing /usr/local/lib/python3.8/dist-packages/airflow/example_dags/example_python_operator.py took 0.202 seconds
[2021-12-08 18:33:19,465] {processor.py:163} INFO - Started process (PID=654) to work on /usr/local/lib/python3.8/dist-packages/airflow/example_dags/example_python_operator.py
[2021-12-08 18:33:19,466] {processor.py:625} INFO - Processing file /usr/local/lib/python3.8/dist-packages/airflow/example_dags/example_python_operator.py for tasks to queue
[2021-12-08 18:33:19,467] {logging_mixin.py:109} INFO - [2021-12-08 18:33:19,467] {dagbag.py:500} INFO - Filling up the DagBag from /usr/local/lib/python3.8/dist-packages/airflow/example_dags/example_python_operator.py
[2021-12-08 18:33:19,485] {processor.py:637} INFO - DAG(s) dict_keys(['example_python_operator']) retrieved from /usr/local/lib/python3.8/dist-packages/airflow/example_dags/example_python_operator.py
[2021-12-08 18:33:19,488] {logging_mixin.py:109} WARNING - /usr/local/lib/python3.8/dist-packages/airflow/models/serialized_dag.py:120 SAWarning: TypeDecorator UtcDateTime(timezone=True) will not produce a cache key because the ``cache_ok`` flag is not set to True.  Set this flag to True if this type object's state is safe to use in a cache key, or False to disable this warning.
[2021-12-08 18:33:19,494] {logging_mixin.py:109} INFO - [2021-12-08 18:33:19,494] {dag.py:2396} INFO - Sync 1 DAGs
[2021-12-08 18:33:19,502] {logging_mixin.py:109} WARNING - /usr/local/lib/python3.8/dist-packages/airflow/models/dag.py:2433 SAWarning: TypeDecorator UtcDateTime(timezone=True) will not produce a cache key because the ``cache_ok`` flag is not set to True.  Set this flag to True if this type object's state is safe to use in a cache key, or False to disable this warning.
[2021-12-08 18:33:19,508] {logging_mixin.py:109} INFO - [2021-12-08 18:33:19,508] {dag.py:2928} INFO - Setting next_dagrun for example_python_operator to None
[2021-12-08 18:33:19,659] {processor.py:171} INFO - Processing /usr/local/lib/python3.8/dist-packages/airflow/example_dags/example_python_operator.py took 0.196 seconds
[2021-12-08 18:34:08,731] {processor.py:163} INFO - Started process (PID=692) to work on /usr/local/lib/python3.8/dist-packages/airflow/example_dags/example_python_operator.py
[2021-12-08 18:34:08,752] {processor.py:625} INFO - Processing file /usr/local/lib/python3.8/dist-packages/airflow/example_dags/example_python_operator.py for tasks to queue
[2021-12-08 18:34:08,752] {logging_mixin.py:109} INFO - [2021-12-08 18:34:08,752] {dagbag.py:500} INFO - Filling up the DagBag from /usr/local/lib/python3.8/dist-packages/airflow/example_dags/example_python_operator.py
[2021-12-08 18:34:08,777] {processor.py:637} INFO - DAG(s) dict_keys(['example_python_operator']) retrieved from /usr/local/lib/python3.8/dist-packages/airflow/example_dags/example_python_operator.py
[2021-12-08 18:34:08,781] {logging_mixin.py:109} WARNING - /usr/local/lib/python3.8/dist-packages/airflow/models/serialized_dag.py:120 SAWarning: TypeDecorator UtcDateTime(timezone=True) will not produce a cache key because the ``cache_ok`` flag is not set to True.  Set this flag to True if this type object's state is safe to use in a cache key, or False to disable this warning.
[2021-12-08 18:34:08,787] {logging_mixin.py:109} INFO - [2021-12-08 18:34:08,787] {dag.py:2396} INFO - Sync 1 DAGs
[2021-12-08 18:34:08,795] {logging_mixin.py:109} WARNING - /usr/local/lib/python3.8/dist-packages/airflow/models/dag.py:2433 SAWarning: TypeDecorator UtcDateTime(timezone=True) will not produce a cache key because the ``cache_ok`` flag is not set to True.  Set this flag to True if this type object's state is safe to use in a cache key, or False to disable this warning.
[2021-12-08 18:34:08,801] {logging_mixin.py:109} INFO - [2021-12-08 18:34:08,801] {dag.py:2928} INFO - Setting next_dagrun for example_python_operator to None
[2021-12-08 18:34:09,021] {processor.py:171} INFO - Processing /usr/local/lib/python3.8/dist-packages/airflow/example_dags/example_python_operator.py took 0.297 seconds
[2021-12-08 18:35:07,478] {processor.py:163} INFO - Started process (PID=735) to work on /usr/local/lib/python3.8/dist-packages/airflow/example_dags/example_python_operator.py
[2021-12-08 18:35:07,479] {processor.py:625} INFO - Processing file /usr/local/lib/python3.8/dist-packages/airflow/example_dags/example_python_operator.py for tasks to queue
[2021-12-08 18:35:07,480] {logging_mixin.py:109} INFO - [2021-12-08 18:35:07,480] {dagbag.py:500} INFO - Filling up the DagBag from /usr/local/lib/python3.8/dist-packages/airflow/example_dags/example_python_operator.py
[2021-12-08 18:35:07,504] {processor.py:637} INFO - DAG(s) dict_keys(['example_python_operator']) retrieved from /usr/local/lib/python3.8/dist-packages/airflow/example_dags/example_python_operator.py
[2021-12-08 18:35:07,508] {logging_mixin.py:109} WARNING - /usr/local/lib/python3.8/dist-packages/airflow/models/serialized_dag.py:120 SAWarning: TypeDecorator UtcDateTime(timezone=True) will not produce a cache key because the ``cache_ok`` flag is not set to True.  Set this flag to True if this type object's state is safe to use in a cache key, or False to disable this warning.
[2021-12-08 18:35:07,515] {logging_mixin.py:109} INFO - [2021-12-08 18:35:07,515] {dag.py:2396} INFO - Sync 1 DAGs
[2021-12-08 18:35:07,523] {logging_mixin.py:109} WARNING - /usr/local/lib/python3.8/dist-packages/airflow/models/dag.py:2433 SAWarning: TypeDecorator UtcDateTime(timezone=True) will not produce a cache key because the ``cache_ok`` flag is not set to True.  Set this flag to True if this type object's state is safe to use in a cache key, or False to disable this warning.
[2021-12-08 18:35:07,529] {logging_mixin.py:109} INFO - [2021-12-08 18:35:07,529] {dag.py:2928} INFO - Setting next_dagrun for example_python_operator to None
[2021-12-08 18:35:07,701] {processor.py:171} INFO - Processing /usr/local/lib/python3.8/dist-packages/airflow/example_dags/example_python_operator.py took 0.226 seconds
