[2021-12-08 18:23:21,288] {processor.py:163} INFO - Started process (PID=213) to work on /usr/local/lib/python3.8/dist-packages/airflow/example_dags/example_trigger_target_dag.py
[2021-12-08 18:23:21,289] {processor.py:625} INFO - Processing file /usr/local/lib/python3.8/dist-packages/airflow/example_dags/example_trigger_target_dag.py for tasks to queue
[2021-12-08 18:23:21,289] {logging_mixin.py:109} INFO - [2021-12-08 18:23:21,289] {dagbag.py:500} INFO - Filling up the DagBag from /usr/local/lib/python3.8/dist-packages/airflow/example_dags/example_trigger_target_dag.py
[2021-12-08 18:23:21,307] {processor.py:637} INFO - DAG(s) dict_keys(['example_trigger_target_dag']) retrieved from /usr/local/lib/python3.8/dist-packages/airflow/example_dags/example_trigger_target_dag.py
[2021-12-08 18:23:21,310] {logging_mixin.py:109} WARNING - /usr/local/lib/python3.8/dist-packages/airflow/models/serialized_dag.py:120 SAWarning: TypeDecorator UtcDateTime(timezone=True) will not produce a cache key because the ``cache_ok`` flag is not set to True.  Set this flag to True if this type object's state is safe to use in a cache key, or False to disable this warning.
[2021-12-08 18:23:21,316] {logging_mixin.py:109} INFO - [2021-12-08 18:23:21,316] {dag.py:2396} INFO - Sync 1 DAGs
[2021-12-08 18:23:21,324] {logging_mixin.py:109} WARNING - /usr/local/lib/python3.8/dist-packages/airflow/models/dag.py:2433 SAWarning: TypeDecorator UtcDateTime(timezone=True) will not produce a cache key because the ``cache_ok`` flag is not set to True.  Set this flag to True if this type object's state is safe to use in a cache key, or False to disable this warning.
[2021-12-08 18:23:21,331] {logging_mixin.py:109} INFO - [2021-12-08 18:23:21,331] {dag.py:2928} INFO - Setting next_dagrun for example_trigger_target_dag to None
[2021-12-08 18:23:21,494] {processor.py:171} INFO - Processing /usr/local/lib/python3.8/dist-packages/airflow/example_dags/example_trigger_target_dag.py took 0.208 seconds
[2021-12-08 18:24:19,617] {processor.py:163} INFO - Started process (PID=256) to work on /usr/local/lib/python3.8/dist-packages/airflow/example_dags/example_trigger_target_dag.py
[2021-12-08 18:24:19,649] {processor.py:625} INFO - Processing file /usr/local/lib/python3.8/dist-packages/airflow/example_dags/example_trigger_target_dag.py for tasks to queue
[2021-12-08 18:24:19,650] {logging_mixin.py:109} INFO - [2021-12-08 18:24:19,650] {dagbag.py:500} INFO - Filling up the DagBag from /usr/local/lib/python3.8/dist-packages/airflow/example_dags/example_trigger_target_dag.py
[2021-12-08 18:24:19,673] {processor.py:637} INFO - DAG(s) dict_keys(['example_trigger_target_dag']) retrieved from /usr/local/lib/python3.8/dist-packages/airflow/example_dags/example_trigger_target_dag.py
[2021-12-08 18:24:19,676] {logging_mixin.py:109} WARNING - /usr/local/lib/python3.8/dist-packages/airflow/models/serialized_dag.py:120 SAWarning: TypeDecorator UtcDateTime(timezone=True) will not produce a cache key because the ``cache_ok`` flag is not set to True.  Set this flag to True if this type object's state is safe to use in a cache key, or False to disable this warning.
[2021-12-08 18:24:19,683] {logging_mixin.py:109} INFO - [2021-12-08 18:24:19,683] {dag.py:2396} INFO - Sync 1 DAGs
[2021-12-08 18:24:19,695] {logging_mixin.py:109} WARNING - /usr/local/lib/python3.8/dist-packages/airflow/models/dag.py:2433 SAWarning: TypeDecorator UtcDateTime(timezone=True) will not produce a cache key because the ``cache_ok`` flag is not set to True.  Set this flag to True if this type object's state is safe to use in a cache key, or False to disable this warning.
[2021-12-08 18:24:19,701] {logging_mixin.py:109} INFO - [2021-12-08 18:24:19,700] {dag.py:2928} INFO - Setting next_dagrun for example_trigger_target_dag to None
[2021-12-08 18:24:19,852] {processor.py:171} INFO - Processing /usr/local/lib/python3.8/dist-packages/airflow/example_dags/example_trigger_target_dag.py took 0.238 seconds
[2021-12-08 18:25:17,717] {processor.py:163} INFO - Started process (PID=298) to work on /usr/local/lib/python3.8/dist-packages/airflow/example_dags/example_trigger_target_dag.py
[2021-12-08 18:25:17,736] {processor.py:625} INFO - Processing file /usr/local/lib/python3.8/dist-packages/airflow/example_dags/example_trigger_target_dag.py for tasks to queue
[2021-12-08 18:25:17,736] {logging_mixin.py:109} INFO - [2021-12-08 18:25:17,736] {dagbag.py:500} INFO - Filling up the DagBag from /usr/local/lib/python3.8/dist-packages/airflow/example_dags/example_trigger_target_dag.py
[2021-12-08 18:25:17,757] {processor.py:637} INFO - DAG(s) dict_keys(['example_trigger_target_dag']) retrieved from /usr/local/lib/python3.8/dist-packages/airflow/example_dags/example_trigger_target_dag.py
[2021-12-08 18:25:17,760] {logging_mixin.py:109} WARNING - /usr/local/lib/python3.8/dist-packages/airflow/models/serialized_dag.py:120 SAWarning: TypeDecorator UtcDateTime(timezone=True) will not produce a cache key because the ``cache_ok`` flag is not set to True.  Set this flag to True if this type object's state is safe to use in a cache key, or False to disable this warning.
[2021-12-08 18:25:17,767] {logging_mixin.py:109} INFO - [2021-12-08 18:25:17,767] {dag.py:2396} INFO - Sync 1 DAGs
[2021-12-08 18:25:17,775] {logging_mixin.py:109} WARNING - /usr/local/lib/python3.8/dist-packages/airflow/models/dag.py:2433 SAWarning: TypeDecorator UtcDateTime(timezone=True) will not produce a cache key because the ``cache_ok`` flag is not set to True.  Set this flag to True if this type object's state is safe to use in a cache key, or False to disable this warning.
[2021-12-08 18:25:17,781] {logging_mixin.py:109} INFO - [2021-12-08 18:25:17,781] {dag.py:2928} INFO - Setting next_dagrun for example_trigger_target_dag to None
[2021-12-08 18:25:17,934] {processor.py:171} INFO - Processing /usr/local/lib/python3.8/dist-packages/airflow/example_dags/example_trigger_target_dag.py took 0.219 seconds
[2021-12-08 18:26:16,312] {processor.py:163} INFO - Started process (PID=341) to work on /usr/local/lib/python3.8/dist-packages/airflow/example_dags/example_trigger_target_dag.py
[2021-12-08 18:26:16,408] {processor.py:625} INFO - Processing file /usr/local/lib/python3.8/dist-packages/airflow/example_dags/example_trigger_target_dag.py for tasks to queue
[2021-12-08 18:26:16,410] {logging_mixin.py:109} INFO - [2021-12-08 18:26:16,410] {dagbag.py:500} INFO - Filling up the DagBag from /usr/local/lib/python3.8/dist-packages/airflow/example_dags/example_trigger_target_dag.py
[2021-12-08 18:26:16,457] {processor.py:637} INFO - DAG(s) dict_keys(['example_trigger_target_dag']) retrieved from /usr/local/lib/python3.8/dist-packages/airflow/example_dags/example_trigger_target_dag.py
[2021-12-08 18:26:16,460] {logging_mixin.py:109} WARNING - /usr/local/lib/python3.8/dist-packages/airflow/models/serialized_dag.py:120 SAWarning: TypeDecorator UtcDateTime(timezone=True) will not produce a cache key because the ``cache_ok`` flag is not set to True.  Set this flag to True if this type object's state is safe to use in a cache key, or False to disable this warning.
[2021-12-08 18:26:16,467] {logging_mixin.py:109} INFO - [2021-12-08 18:26:16,467] {dag.py:2396} INFO - Sync 1 DAGs
[2021-12-08 18:26:16,475] {logging_mixin.py:109} WARNING - /usr/local/lib/python3.8/dist-packages/airflow/models/dag.py:2433 SAWarning: TypeDecorator UtcDateTime(timezone=True) will not produce a cache key because the ``cache_ok`` flag is not set to True.  Set this flag to True if this type object's state is safe to use in a cache key, or False to disable this warning.
[2021-12-08 18:26:16,481] {logging_mixin.py:109} INFO - [2021-12-08 18:26:16,481] {dag.py:2928} INFO - Setting next_dagrun for example_trigger_target_dag to None
[2021-12-08 18:26:16,628] {processor.py:171} INFO - Processing /usr/local/lib/python3.8/dist-packages/airflow/example_dags/example_trigger_target_dag.py took 0.323 seconds
[2021-12-08 18:27:12,315] {processor.py:163} INFO - Started process (PID=383) to work on /usr/local/lib/python3.8/dist-packages/airflow/example_dags/example_trigger_target_dag.py
[2021-12-08 18:27:12,320] {processor.py:625} INFO - Processing file /usr/local/lib/python3.8/dist-packages/airflow/example_dags/example_trigger_target_dag.py for tasks to queue
[2021-12-08 18:27:12,321] {logging_mixin.py:109} INFO - [2021-12-08 18:27:12,320] {dagbag.py:500} INFO - Filling up the DagBag from /usr/local/lib/python3.8/dist-packages/airflow/example_dags/example_trigger_target_dag.py
[2021-12-08 18:27:12,345] {processor.py:637} INFO - DAG(s) dict_keys(['example_trigger_target_dag']) retrieved from /usr/local/lib/python3.8/dist-packages/airflow/example_dags/example_trigger_target_dag.py
[2021-12-08 18:27:12,348] {logging_mixin.py:109} WARNING - /usr/local/lib/python3.8/dist-packages/airflow/models/serialized_dag.py:120 SAWarning: TypeDecorator UtcDateTime(timezone=True) will not produce a cache key because the ``cache_ok`` flag is not set to True.  Set this flag to True if this type object's state is safe to use in a cache key, or False to disable this warning.
[2021-12-08 18:27:12,357] {logging_mixin.py:109} INFO - [2021-12-08 18:27:12,357] {dag.py:2396} INFO - Sync 1 DAGs
[2021-12-08 18:27:12,371] {logging_mixin.py:109} WARNING - /usr/local/lib/python3.8/dist-packages/airflow/models/dag.py:2433 SAWarning: TypeDecorator UtcDateTime(timezone=True) will not produce a cache key because the ``cache_ok`` flag is not set to True.  Set this flag to True if this type object's state is safe to use in a cache key, or False to disable this warning.
[2021-12-08 18:27:12,381] {logging_mixin.py:109} INFO - [2021-12-08 18:27:12,381] {dag.py:2928} INFO - Setting next_dagrun for example_trigger_target_dag to None
[2021-12-08 18:27:12,569] {processor.py:171} INFO - Processing /usr/local/lib/python3.8/dist-packages/airflow/example_dags/example_trigger_target_dag.py took 0.257 seconds
[2021-12-08 18:28:15,660] {processor.py:163} INFO - Started process (PID=428) to work on /usr/local/lib/python3.8/dist-packages/airflow/example_dags/example_trigger_target_dag.py
[2021-12-08 18:28:15,697] {processor.py:625} INFO - Processing file /usr/local/lib/python3.8/dist-packages/airflow/example_dags/example_trigger_target_dag.py for tasks to queue
[2021-12-08 18:28:15,698] {logging_mixin.py:109} INFO - [2021-12-08 18:28:15,698] {dagbag.py:500} INFO - Filling up the DagBag from /usr/local/lib/python3.8/dist-packages/airflow/example_dags/example_trigger_target_dag.py
[2021-12-08 18:28:15,721] {processor.py:637} INFO - DAG(s) dict_keys(['example_trigger_target_dag']) retrieved from /usr/local/lib/python3.8/dist-packages/airflow/example_dags/example_trigger_target_dag.py
[2021-12-08 18:28:15,725] {logging_mixin.py:109} WARNING - /usr/local/lib/python3.8/dist-packages/airflow/models/serialized_dag.py:120 SAWarning: TypeDecorator UtcDateTime(timezone=True) will not produce a cache key because the ``cache_ok`` flag is not set to True.  Set this flag to True if this type object's state is safe to use in a cache key, or False to disable this warning.
[2021-12-08 18:28:15,731] {logging_mixin.py:109} INFO - [2021-12-08 18:28:15,731] {dag.py:2396} INFO - Sync 1 DAGs
[2021-12-08 18:28:15,739] {logging_mixin.py:109} WARNING - /usr/local/lib/python3.8/dist-packages/airflow/models/dag.py:2433 SAWarning: TypeDecorator UtcDateTime(timezone=True) will not produce a cache key because the ``cache_ok`` flag is not set to True.  Set this flag to True if this type object's state is safe to use in a cache key, or False to disable this warning.
[2021-12-08 18:28:15,745] {logging_mixin.py:109} INFO - [2021-12-08 18:28:15,744] {dag.py:2928} INFO - Setting next_dagrun for example_trigger_target_dag to None
[2021-12-08 18:28:15,904] {processor.py:171} INFO - Processing /usr/local/lib/python3.8/dist-packages/airflow/example_dags/example_trigger_target_dag.py took 0.246 seconds
[2021-12-08 18:29:09,180] {processor.py:163} INFO - Started process (PID=468) to work on /usr/local/lib/python3.8/dist-packages/airflow/example_dags/example_trigger_target_dag.py
[2021-12-08 18:29:09,181] {processor.py:625} INFO - Processing file /usr/local/lib/python3.8/dist-packages/airflow/example_dags/example_trigger_target_dag.py for tasks to queue
[2021-12-08 18:29:09,182] {logging_mixin.py:109} INFO - [2021-12-08 18:29:09,182] {dagbag.py:500} INFO - Filling up the DagBag from /usr/local/lib/python3.8/dist-packages/airflow/example_dags/example_trigger_target_dag.py
[2021-12-08 18:29:09,198] {processor.py:637} INFO - DAG(s) dict_keys(['example_trigger_target_dag']) retrieved from /usr/local/lib/python3.8/dist-packages/airflow/example_dags/example_trigger_target_dag.py
[2021-12-08 18:29:09,202] {logging_mixin.py:109} WARNING - /usr/local/lib/python3.8/dist-packages/airflow/models/serialized_dag.py:120 SAWarning: TypeDecorator UtcDateTime(timezone=True) will not produce a cache key because the ``cache_ok`` flag is not set to True.  Set this flag to True if this type object's state is safe to use in a cache key, or False to disable this warning.
[2021-12-08 18:29:09,208] {logging_mixin.py:109} INFO - [2021-12-08 18:29:09,208] {dag.py:2396} INFO - Sync 1 DAGs
[2021-12-08 18:29:09,216] {logging_mixin.py:109} WARNING - /usr/local/lib/python3.8/dist-packages/airflow/models/dag.py:2433 SAWarning: TypeDecorator UtcDateTime(timezone=True) will not produce a cache key because the ``cache_ok`` flag is not set to True.  Set this flag to True if this type object's state is safe to use in a cache key, or False to disable this warning.
[2021-12-08 18:29:09,221] {logging_mixin.py:109} INFO - [2021-12-08 18:29:09,221] {dag.py:2928} INFO - Setting next_dagrun for example_trigger_target_dag to None
[2021-12-08 18:29:09,422] {processor.py:171} INFO - Processing /usr/local/lib/python3.8/dist-packages/airflow/example_dags/example_trigger_target_dag.py took 0.244 seconds
[2021-12-08 18:30:08,152] {processor.py:163} INFO - Started process (PID=512) to work on /usr/local/lib/python3.8/dist-packages/airflow/example_dags/example_trigger_target_dag.py
[2021-12-08 18:30:08,190] {processor.py:625} INFO - Processing file /usr/local/lib/python3.8/dist-packages/airflow/example_dags/example_trigger_target_dag.py for tasks to queue
[2021-12-08 18:30:08,190] {logging_mixin.py:109} INFO - [2021-12-08 18:30:08,190] {dagbag.py:500} INFO - Filling up the DagBag from /usr/local/lib/python3.8/dist-packages/airflow/example_dags/example_trigger_target_dag.py
[2021-12-08 18:30:08,208] {processor.py:637} INFO - DAG(s) dict_keys(['example_trigger_target_dag']) retrieved from /usr/local/lib/python3.8/dist-packages/airflow/example_dags/example_trigger_target_dag.py
[2021-12-08 18:30:08,211] {logging_mixin.py:109} WARNING - /usr/local/lib/python3.8/dist-packages/airflow/models/serialized_dag.py:120 SAWarning: TypeDecorator UtcDateTime(timezone=True) will not produce a cache key because the ``cache_ok`` flag is not set to True.  Set this flag to True if this type object's state is safe to use in a cache key, or False to disable this warning.
[2021-12-08 18:30:08,217] {logging_mixin.py:109} INFO - [2021-12-08 18:30:08,217] {dag.py:2396} INFO - Sync 1 DAGs
[2021-12-08 18:30:08,225] {logging_mixin.py:109} WARNING - /usr/local/lib/python3.8/dist-packages/airflow/models/dag.py:2433 SAWarning: TypeDecorator UtcDateTime(timezone=True) will not produce a cache key because the ``cache_ok`` flag is not set to True.  Set this flag to True if this type object's state is safe to use in a cache key, or False to disable this warning.
[2021-12-08 18:30:08,231] {logging_mixin.py:109} INFO - [2021-12-08 18:30:08,231] {dag.py:2928} INFO - Setting next_dagrun for example_trigger_target_dag to None
[2021-12-08 18:30:08,377] {processor.py:171} INFO - Processing /usr/local/lib/python3.8/dist-packages/airflow/example_dags/example_trigger_target_dag.py took 0.228 seconds
[2021-12-08 18:31:04,961] {processor.py:163} INFO - Started process (PID=554) to work on /usr/local/lib/python3.8/dist-packages/airflow/example_dags/example_trigger_target_dag.py
[2021-12-08 18:31:04,962] {processor.py:625} INFO - Processing file /usr/local/lib/python3.8/dist-packages/airflow/example_dags/example_trigger_target_dag.py for tasks to queue
[2021-12-08 18:31:04,962] {logging_mixin.py:109} INFO - [2021-12-08 18:31:04,962] {dagbag.py:500} INFO - Filling up the DagBag from /usr/local/lib/python3.8/dist-packages/airflow/example_dags/example_trigger_target_dag.py
[2021-12-08 18:31:04,980] {processor.py:637} INFO - DAG(s) dict_keys(['example_trigger_target_dag']) retrieved from /usr/local/lib/python3.8/dist-packages/airflow/example_dags/example_trigger_target_dag.py
[2021-12-08 18:31:04,983] {logging_mixin.py:109} WARNING - /usr/local/lib/python3.8/dist-packages/airflow/models/serialized_dag.py:120 SAWarning: TypeDecorator UtcDateTime(timezone=True) will not produce a cache key because the ``cache_ok`` flag is not set to True.  Set this flag to True if this type object's state is safe to use in a cache key, or False to disable this warning.
[2021-12-08 18:31:04,989] {logging_mixin.py:109} INFO - [2021-12-08 18:31:04,989] {dag.py:2396} INFO - Sync 1 DAGs
[2021-12-08 18:31:04,997] {logging_mixin.py:109} WARNING - /usr/local/lib/python3.8/dist-packages/airflow/models/dag.py:2433 SAWarning: TypeDecorator UtcDateTime(timezone=True) will not produce a cache key because the ``cache_ok`` flag is not set to True.  Set this flag to True if this type object's state is safe to use in a cache key, or False to disable this warning.
[2021-12-08 18:31:05,003] {logging_mixin.py:109} INFO - [2021-12-08 18:31:05,003] {dag.py:2928} INFO - Setting next_dagrun for example_trigger_target_dag to None
[2021-12-08 18:31:05,168] {processor.py:171} INFO - Processing /usr/local/lib/python3.8/dist-packages/airflow/example_dags/example_trigger_target_dag.py took 0.210 seconds
[2021-12-08 18:32:00,682] {processor.py:163} INFO - Started process (PID=595) to work on /usr/local/lib/python3.8/dist-packages/airflow/example_dags/example_trigger_target_dag.py
[2021-12-08 18:32:00,686] {processor.py:625} INFO - Processing file /usr/local/lib/python3.8/dist-packages/airflow/example_dags/example_trigger_target_dag.py for tasks to queue
[2021-12-08 18:32:00,687] {logging_mixin.py:109} INFO - [2021-12-08 18:32:00,687] {dagbag.py:500} INFO - Filling up the DagBag from /usr/local/lib/python3.8/dist-packages/airflow/example_dags/example_trigger_target_dag.py
[2021-12-08 18:32:00,704] {processor.py:637} INFO - DAG(s) dict_keys(['example_trigger_target_dag']) retrieved from /usr/local/lib/python3.8/dist-packages/airflow/example_dags/example_trigger_target_dag.py
[2021-12-08 18:32:00,707] {logging_mixin.py:109} WARNING - /usr/local/lib/python3.8/dist-packages/airflow/models/serialized_dag.py:120 SAWarning: TypeDecorator UtcDateTime(timezone=True) will not produce a cache key because the ``cache_ok`` flag is not set to True.  Set this flag to True if this type object's state is safe to use in a cache key, or False to disable this warning.
[2021-12-08 18:32:00,714] {logging_mixin.py:109} INFO - [2021-12-08 18:32:00,713] {dag.py:2396} INFO - Sync 1 DAGs
[2021-12-08 18:32:00,722] {logging_mixin.py:109} WARNING - /usr/local/lib/python3.8/dist-packages/airflow/models/dag.py:2433 SAWarning: TypeDecorator UtcDateTime(timezone=True) will not produce a cache key because the ``cache_ok`` flag is not set to True.  Set this flag to True if this type object's state is safe to use in a cache key, or False to disable this warning.
[2021-12-08 18:32:00,727] {logging_mixin.py:109} INFO - [2021-12-08 18:32:00,727] {dag.py:2928} INFO - Setting next_dagrun for example_trigger_target_dag to None
[2021-12-08 18:32:00,891] {processor.py:171} INFO - Processing /usr/local/lib/python3.8/dist-packages/airflow/example_dags/example_trigger_target_dag.py took 0.212 seconds
[2021-12-08 18:32:59,111] {processor.py:163} INFO - Started process (PID=638) to work on /usr/local/lib/python3.8/dist-packages/airflow/example_dags/example_trigger_target_dag.py
[2021-12-08 18:32:59,129] {processor.py:625} INFO - Processing file /usr/local/lib/python3.8/dist-packages/airflow/example_dags/example_trigger_target_dag.py for tasks to queue
[2021-12-08 18:32:59,129] {logging_mixin.py:109} INFO - [2021-12-08 18:32:59,129] {dagbag.py:500} INFO - Filling up the DagBag from /usr/local/lib/python3.8/dist-packages/airflow/example_dags/example_trigger_target_dag.py
[2021-12-08 18:32:59,147] {processor.py:637} INFO - DAG(s) dict_keys(['example_trigger_target_dag']) retrieved from /usr/local/lib/python3.8/dist-packages/airflow/example_dags/example_trigger_target_dag.py
[2021-12-08 18:32:59,150] {logging_mixin.py:109} WARNING - /usr/local/lib/python3.8/dist-packages/airflow/models/serialized_dag.py:120 SAWarning: TypeDecorator UtcDateTime(timezone=True) will not produce a cache key because the ``cache_ok`` flag is not set to True.  Set this flag to True if this type object's state is safe to use in a cache key, or False to disable this warning.
[2021-12-08 18:32:59,156] {logging_mixin.py:109} INFO - [2021-12-08 18:32:59,156] {dag.py:2396} INFO - Sync 1 DAGs
[2021-12-08 18:32:59,164] {logging_mixin.py:109} WARNING - /usr/local/lib/python3.8/dist-packages/airflow/models/dag.py:2433 SAWarning: TypeDecorator UtcDateTime(timezone=True) will not produce a cache key because the ``cache_ok`` flag is not set to True.  Set this flag to True if this type object's state is safe to use in a cache key, or False to disable this warning.
[2021-12-08 18:32:59,170] {logging_mixin.py:109} INFO - [2021-12-08 18:32:59,170] {dag.py:2928} INFO - Setting next_dagrun for example_trigger_target_dag to None
[2021-12-08 18:32:59,321] {processor.py:171} INFO - Processing /usr/local/lib/python3.8/dist-packages/airflow/example_dags/example_trigger_target_dag.py took 0.212 seconds
[2021-12-08 18:33:49,247] {processor.py:163} INFO - Started process (PID=677) to work on /usr/local/lib/python3.8/dist-packages/airflow/example_dags/example_trigger_target_dag.py
[2021-12-08 18:33:49,263] {processor.py:625} INFO - Processing file /usr/local/lib/python3.8/dist-packages/airflow/example_dags/example_trigger_target_dag.py for tasks to queue
[2021-12-08 18:33:49,264] {logging_mixin.py:109} INFO - [2021-12-08 18:33:49,264] {dagbag.py:500} INFO - Filling up the DagBag from /usr/local/lib/python3.8/dist-packages/airflow/example_dags/example_trigger_target_dag.py
[2021-12-08 18:33:49,287] {processor.py:637} INFO - DAG(s) dict_keys(['example_trigger_target_dag']) retrieved from /usr/local/lib/python3.8/dist-packages/airflow/example_dags/example_trigger_target_dag.py
[2021-12-08 18:33:49,290] {logging_mixin.py:109} WARNING - /usr/local/lib/python3.8/dist-packages/airflow/models/serialized_dag.py:120 SAWarning: TypeDecorator UtcDateTime(timezone=True) will not produce a cache key because the ``cache_ok`` flag is not set to True.  Set this flag to True if this type object's state is safe to use in a cache key, or False to disable this warning.
[2021-12-08 18:33:49,297] {logging_mixin.py:109} INFO - [2021-12-08 18:33:49,297] {dag.py:2396} INFO - Sync 1 DAGs
[2021-12-08 18:33:49,305] {logging_mixin.py:109} WARNING - /usr/local/lib/python3.8/dist-packages/airflow/models/dag.py:2433 SAWarning: TypeDecorator UtcDateTime(timezone=True) will not produce a cache key because the ``cache_ok`` flag is not set to True.  Set this flag to True if this type object's state is safe to use in a cache key, or False to disable this warning.
[2021-12-08 18:33:49,311] {logging_mixin.py:109} INFO - [2021-12-08 18:33:49,310] {dag.py:2928} INFO - Setting next_dagrun for example_trigger_target_dag to None
[2021-12-08 18:33:49,534] {processor.py:171} INFO - Processing /usr/local/lib/python3.8/dist-packages/airflow/example_dags/example_trigger_target_dag.py took 0.295 seconds
[2021-12-08 18:34:46,675] {processor.py:163} INFO - Started process (PID=719) to work on /usr/local/lib/python3.8/dist-packages/airflow/example_dags/example_trigger_target_dag.py
[2021-12-08 18:34:46,676] {processor.py:625} INFO - Processing file /usr/local/lib/python3.8/dist-packages/airflow/example_dags/example_trigger_target_dag.py for tasks to queue
[2021-12-08 18:34:46,676] {logging_mixin.py:109} INFO - [2021-12-08 18:34:46,676] {dagbag.py:500} INFO - Filling up the DagBag from /usr/local/lib/python3.8/dist-packages/airflow/example_dags/example_trigger_target_dag.py
[2021-12-08 18:34:46,693] {processor.py:637} INFO - DAG(s) dict_keys(['example_trigger_target_dag']) retrieved from /usr/local/lib/python3.8/dist-packages/airflow/example_dags/example_trigger_target_dag.py
[2021-12-08 18:34:46,696] {logging_mixin.py:109} WARNING - /usr/local/lib/python3.8/dist-packages/airflow/models/serialized_dag.py:120 SAWarning: TypeDecorator UtcDateTime(timezone=True) will not produce a cache key because the ``cache_ok`` flag is not set to True.  Set this flag to True if this type object's state is safe to use in a cache key, or False to disable this warning.
[2021-12-08 18:34:46,702] {logging_mixin.py:109} INFO - [2021-12-08 18:34:46,702] {dag.py:2396} INFO - Sync 1 DAGs
[2021-12-08 18:34:46,710] {logging_mixin.py:109} WARNING - /usr/local/lib/python3.8/dist-packages/airflow/models/dag.py:2433 SAWarning: TypeDecorator UtcDateTime(timezone=True) will not produce a cache key because the ``cache_ok`` flag is not set to True.  Set this flag to True if this type object's state is safe to use in a cache key, or False to disable this warning.
[2021-12-08 18:34:46,716] {logging_mixin.py:109} INFO - [2021-12-08 18:34:46,716] {dag.py:2928} INFO - Setting next_dagrun for example_trigger_target_dag to None
[2021-12-08 18:34:46,927] {processor.py:171} INFO - Processing /usr/local/lib/python3.8/dist-packages/airflow/example_dags/example_trigger_target_dag.py took 0.255 seconds
