[2021-12-08 18:23:00,271] {processor.py:163} INFO - Started process (PID=198) to work on /usr/local/lib/python3.8/dist-packages/airflow/example_dags/tutorial_taskflow_api_etl.py
[2021-12-08 18:23:00,272] {processor.py:625} INFO - Processing file /usr/local/lib/python3.8/dist-packages/airflow/example_dags/tutorial_taskflow_api_etl.py for tasks to queue
[2021-12-08 18:23:00,273] {logging_mixin.py:109} INFO - [2021-12-08 18:23:00,272] {dagbag.py:500} INFO - Filling up the DagBag from /usr/local/lib/python3.8/dist-packages/airflow/example_dags/tutorial_taskflow_api_etl.py
[2021-12-08 18:23:00,296] {processor.py:637} INFO - DAG(s) dict_keys(['tutorial_taskflow_api_etl']) retrieved from /usr/local/lib/python3.8/dist-packages/airflow/example_dags/tutorial_taskflow_api_etl.py
[2021-12-08 18:23:00,299] {logging_mixin.py:109} WARNING - /usr/local/lib/python3.8/dist-packages/airflow/models/serialized_dag.py:120 SAWarning: TypeDecorator UtcDateTime(timezone=True) will not produce a cache key because the ``cache_ok`` flag is not set to True.  Set this flag to True if this type object's state is safe to use in a cache key, or False to disable this warning.
[2021-12-08 18:23:00,518] {logging_mixin.py:109} INFO - [2021-12-08 18:23:00,517] {dag.py:2396} INFO - Sync 1 DAGs
[2021-12-08 18:23:00,524] {logging_mixin.py:109} WARNING - /usr/local/lib/python3.8/dist-packages/airflow/models/dag.py:2433 SAWarning: TypeDecorator UtcDateTime(timezone=True) will not produce a cache key because the ``cache_ok`` flag is not set to True.  Set this flag to True if this type object's state is safe to use in a cache key, or False to disable this warning.
[2021-12-08 18:23:00,530] {logging_mixin.py:109} INFO - [2021-12-08 18:23:00,530] {dag.py:2928} INFO - Setting next_dagrun for tutorial_taskflow_api_etl to None
[2021-12-08 18:23:00,724] {processor.py:171} INFO - Processing /usr/local/lib/python3.8/dist-packages/airflow/example_dags/tutorial_taskflow_api_etl.py took 0.458 seconds
[2021-12-08 18:23:50,096] {processor.py:163} INFO - Started process (PID=234) to work on /usr/local/lib/python3.8/dist-packages/airflow/example_dags/tutorial_taskflow_api_etl.py
[2021-12-08 18:23:50,118] {processor.py:625} INFO - Processing file /usr/local/lib/python3.8/dist-packages/airflow/example_dags/tutorial_taskflow_api_etl.py for tasks to queue
[2021-12-08 18:23:50,119] {logging_mixin.py:109} INFO - [2021-12-08 18:23:50,119] {dagbag.py:500} INFO - Filling up the DagBag from /usr/local/lib/python3.8/dist-packages/airflow/example_dags/tutorial_taskflow_api_etl.py
[2021-12-08 18:23:50,142] {processor.py:637} INFO - DAG(s) dict_keys(['tutorial_taskflow_api_etl']) retrieved from /usr/local/lib/python3.8/dist-packages/airflow/example_dags/tutorial_taskflow_api_etl.py
[2021-12-08 18:23:50,145] {logging_mixin.py:109} WARNING - /usr/local/lib/python3.8/dist-packages/airflow/models/serialized_dag.py:120 SAWarning: TypeDecorator UtcDateTime(timezone=True) will not produce a cache key because the ``cache_ok`` flag is not set to True.  Set this flag to True if this type object's state is safe to use in a cache key, or False to disable this warning.
[2021-12-08 18:23:50,358] {logging_mixin.py:109} INFO - [2021-12-08 18:23:50,358] {dag.py:2396} INFO - Sync 1 DAGs
[2021-12-08 18:23:50,364] {logging_mixin.py:109} WARNING - /usr/local/lib/python3.8/dist-packages/airflow/models/dag.py:2433 SAWarning: TypeDecorator UtcDateTime(timezone=True) will not produce a cache key because the ``cache_ok`` flag is not set to True.  Set this flag to True if this type object's state is safe to use in a cache key, or False to disable this warning.
[2021-12-08 18:23:50,370] {logging_mixin.py:109} INFO - [2021-12-08 18:23:50,370] {dag.py:2928} INFO - Setting next_dagrun for tutorial_taskflow_api_etl to None
[2021-12-08 18:23:50,531] {processor.py:171} INFO - Processing /usr/local/lib/python3.8/dist-packages/airflow/example_dags/tutorial_taskflow_api_etl.py took 0.438 seconds
[2021-12-08 18:24:38,852] {processor.py:163} INFO - Started process (PID=270) to work on /usr/local/lib/python3.8/dist-packages/airflow/example_dags/tutorial_taskflow_api_etl.py
[2021-12-08 18:24:38,890] {processor.py:625} INFO - Processing file /usr/local/lib/python3.8/dist-packages/airflow/example_dags/tutorial_taskflow_api_etl.py for tasks to queue
[2021-12-08 18:24:38,891] {logging_mixin.py:109} INFO - [2021-12-08 18:24:38,891] {dagbag.py:500} INFO - Filling up the DagBag from /usr/local/lib/python3.8/dist-packages/airflow/example_dags/tutorial_taskflow_api_etl.py
[2021-12-08 18:24:38,916] {processor.py:637} INFO - DAG(s) dict_keys(['tutorial_taskflow_api_etl']) retrieved from /usr/local/lib/python3.8/dist-packages/airflow/example_dags/tutorial_taskflow_api_etl.py
[2021-12-08 18:24:38,919] {logging_mixin.py:109} WARNING - /usr/local/lib/python3.8/dist-packages/airflow/models/serialized_dag.py:120 SAWarning: TypeDecorator UtcDateTime(timezone=True) will not produce a cache key because the ``cache_ok`` flag is not set to True.  Set this flag to True if this type object's state is safe to use in a cache key, or False to disable this warning.
[2021-12-08 18:24:39,132] {logging_mixin.py:109} INFO - [2021-12-08 18:24:39,131] {dag.py:2396} INFO - Sync 1 DAGs
[2021-12-08 18:24:39,138] {logging_mixin.py:109} WARNING - /usr/local/lib/python3.8/dist-packages/airflow/models/dag.py:2433 SAWarning: TypeDecorator UtcDateTime(timezone=True) will not produce a cache key because the ``cache_ok`` flag is not set to True.  Set this flag to True if this type object's state is safe to use in a cache key, or False to disable this warning.
[2021-12-08 18:24:39,144] {logging_mixin.py:109} INFO - [2021-12-08 18:24:39,144] {dag.py:2928} INFO - Setting next_dagrun for tutorial_taskflow_api_etl to None
[2021-12-08 18:24:39,314] {processor.py:171} INFO - Processing /usr/local/lib/python3.8/dist-packages/airflow/example_dags/tutorial_taskflow_api_etl.py took 0.464 seconds
[2021-12-08 18:25:35,556] {processor.py:163} INFO - Started process (PID=312) to work on /usr/local/lib/python3.8/dist-packages/airflow/example_dags/tutorial_taskflow_api_etl.py
[2021-12-08 18:25:35,568] {processor.py:625} INFO - Processing file /usr/local/lib/python3.8/dist-packages/airflow/example_dags/tutorial_taskflow_api_etl.py for tasks to queue
[2021-12-08 18:25:35,569] {logging_mixin.py:109} INFO - [2021-12-08 18:25:35,569] {dagbag.py:500} INFO - Filling up the DagBag from /usr/local/lib/python3.8/dist-packages/airflow/example_dags/tutorial_taskflow_api_etl.py
[2021-12-08 18:25:35,588] {processor.py:637} INFO - DAG(s) dict_keys(['tutorial_taskflow_api_etl']) retrieved from /usr/local/lib/python3.8/dist-packages/airflow/example_dags/tutorial_taskflow_api_etl.py
[2021-12-08 18:25:35,593] {logging_mixin.py:109} WARNING - /usr/local/lib/python3.8/dist-packages/airflow/models/serialized_dag.py:120 SAWarning: TypeDecorator UtcDateTime(timezone=True) will not produce a cache key because the ``cache_ok`` flag is not set to True.  Set this flag to True if this type object's state is safe to use in a cache key, or False to disable this warning.
[2021-12-08 18:25:35,818] {logging_mixin.py:109} INFO - [2021-12-08 18:25:35,818] {dag.py:2396} INFO - Sync 1 DAGs
[2021-12-08 18:25:35,824] {logging_mixin.py:109} WARNING - /usr/local/lib/python3.8/dist-packages/airflow/models/dag.py:2433 SAWarning: TypeDecorator UtcDateTime(timezone=True) will not produce a cache key because the ``cache_ok`` flag is not set to True.  Set this flag to True if this type object's state is safe to use in a cache key, or False to disable this warning.
[2021-12-08 18:25:35,829] {logging_mixin.py:109} INFO - [2021-12-08 18:25:35,829] {dag.py:2928} INFO - Setting next_dagrun for tutorial_taskflow_api_etl to None
[2021-12-08 18:25:36,021] {processor.py:171} INFO - Processing /usr/local/lib/python3.8/dist-packages/airflow/example_dags/tutorial_taskflow_api_etl.py took 0.467 seconds
[2021-12-08 18:26:33,274] {processor.py:163} INFO - Started process (PID=355) to work on /usr/local/lib/python3.8/dist-packages/airflow/example_dags/tutorial_taskflow_api_etl.py
[2021-12-08 18:26:33,275] {processor.py:625} INFO - Processing file /usr/local/lib/python3.8/dist-packages/airflow/example_dags/tutorial_taskflow_api_etl.py for tasks to queue
[2021-12-08 18:26:33,275] {logging_mixin.py:109} INFO - [2021-12-08 18:26:33,275] {dagbag.py:500} INFO - Filling up the DagBag from /usr/local/lib/python3.8/dist-packages/airflow/example_dags/tutorial_taskflow_api_etl.py
[2021-12-08 18:26:33,298] {processor.py:637} INFO - DAG(s) dict_keys(['tutorial_taskflow_api_etl']) retrieved from /usr/local/lib/python3.8/dist-packages/airflow/example_dags/tutorial_taskflow_api_etl.py
[2021-12-08 18:26:33,302] {logging_mixin.py:109} WARNING - /usr/local/lib/python3.8/dist-packages/airflow/models/serialized_dag.py:120 SAWarning: TypeDecorator UtcDateTime(timezone=True) will not produce a cache key because the ``cache_ok`` flag is not set to True.  Set this flag to True if this type object's state is safe to use in a cache key, or False to disable this warning.
[2021-12-08 18:26:33,541] {logging_mixin.py:109} INFO - [2021-12-08 18:26:33,541] {dag.py:2396} INFO - Sync 1 DAGs
[2021-12-08 18:26:33,548] {logging_mixin.py:109} WARNING - /usr/local/lib/python3.8/dist-packages/airflow/models/dag.py:2433 SAWarning: TypeDecorator UtcDateTime(timezone=True) will not produce a cache key because the ``cache_ok`` flag is not set to True.  Set this flag to True if this type object's state is safe to use in a cache key, or False to disable this warning.
[2021-12-08 18:26:33,555] {logging_mixin.py:109} INFO - [2021-12-08 18:26:33,554] {dag.py:2928} INFO - Setting next_dagrun for tutorial_taskflow_api_etl to None
[2021-12-08 18:26:33,777] {processor.py:171} INFO - Processing /usr/local/lib/python3.8/dist-packages/airflow/example_dags/tutorial_taskflow_api_etl.py took 0.506 seconds
[2021-12-08 18:27:32,010] {processor.py:163} INFO - Started process (PID=397) to work on /usr/local/lib/python3.8/dist-packages/airflow/example_dags/tutorial_taskflow_api_etl.py
[2021-12-08 18:27:32,018] {processor.py:625} INFO - Processing file /usr/local/lib/python3.8/dist-packages/airflow/example_dags/tutorial_taskflow_api_etl.py for tasks to queue
[2021-12-08 18:27:32,019] {logging_mixin.py:109} INFO - [2021-12-08 18:27:32,019] {dagbag.py:500} INFO - Filling up the DagBag from /usr/local/lib/python3.8/dist-packages/airflow/example_dags/tutorial_taskflow_api_etl.py
[2021-12-08 18:27:32,044] {processor.py:637} INFO - DAG(s) dict_keys(['tutorial_taskflow_api_etl']) retrieved from /usr/local/lib/python3.8/dist-packages/airflow/example_dags/tutorial_taskflow_api_etl.py
[2021-12-08 18:27:32,048] {logging_mixin.py:109} WARNING - /usr/local/lib/python3.8/dist-packages/airflow/models/serialized_dag.py:120 SAWarning: TypeDecorator UtcDateTime(timezone=True) will not produce a cache key because the ``cache_ok`` flag is not set to True.  Set this flag to True if this type object's state is safe to use in a cache key, or False to disable this warning.
[2021-12-08 18:27:32,264] {logging_mixin.py:109} INFO - [2021-12-08 18:27:32,264] {dag.py:2396} INFO - Sync 1 DAGs
[2021-12-08 18:27:32,270] {logging_mixin.py:109} WARNING - /usr/local/lib/python3.8/dist-packages/airflow/models/dag.py:2433 SAWarning: TypeDecorator UtcDateTime(timezone=True) will not produce a cache key because the ``cache_ok`` flag is not set to True.  Set this flag to True if this type object's state is safe to use in a cache key, or False to disable this warning.
[2021-12-08 18:27:32,276] {logging_mixin.py:109} INFO - [2021-12-08 18:27:32,276] {dag.py:2928} INFO - Setting next_dagrun for tutorial_taskflow_api_etl to None
[2021-12-08 18:27:32,551] {processor.py:171} INFO - Processing /usr/local/lib/python3.8/dist-packages/airflow/example_dags/tutorial_taskflow_api_etl.py took 0.544 seconds
[2021-12-08 18:28:14,100] {processor.py:163} INFO - Started process (PID=427) to work on /usr/local/lib/python3.8/dist-packages/airflow/example_dags/tutorial_taskflow_api_etl.py
[2021-12-08 18:28:14,110] {processor.py:625} INFO - Processing file /usr/local/lib/python3.8/dist-packages/airflow/example_dags/tutorial_taskflow_api_etl.py for tasks to queue
[2021-12-08 18:28:14,110] {logging_mixin.py:109} INFO - [2021-12-08 18:28:14,110] {dagbag.py:500} INFO - Filling up the DagBag from /usr/local/lib/python3.8/dist-packages/airflow/example_dags/tutorial_taskflow_api_etl.py
[2021-12-08 18:28:14,129] {processor.py:637} INFO - DAG(s) dict_keys(['tutorial_taskflow_api_etl']) retrieved from /usr/local/lib/python3.8/dist-packages/airflow/example_dags/tutorial_taskflow_api_etl.py
[2021-12-08 18:28:14,132] {logging_mixin.py:109} WARNING - /usr/local/lib/python3.8/dist-packages/airflow/models/serialized_dag.py:120 SAWarning: TypeDecorator UtcDateTime(timezone=True) will not produce a cache key because the ``cache_ok`` flag is not set to True.  Set this flag to True if this type object's state is safe to use in a cache key, or False to disable this warning.
[2021-12-08 18:28:14,340] {logging_mixin.py:109} INFO - [2021-12-08 18:28:14,340] {dag.py:2396} INFO - Sync 1 DAGs
[2021-12-08 18:28:14,346] {logging_mixin.py:109} WARNING - /usr/local/lib/python3.8/dist-packages/airflow/models/dag.py:2433 SAWarning: TypeDecorator UtcDateTime(timezone=True) will not produce a cache key because the ``cache_ok`` flag is not set to True.  Set this flag to True if this type object's state is safe to use in a cache key, or False to disable this warning.
[2021-12-08 18:28:14,352] {logging_mixin.py:109} INFO - [2021-12-08 18:28:14,352] {dag.py:2928} INFO - Setting next_dagrun for tutorial_taskflow_api_etl to None
[2021-12-08 18:28:14,543] {processor.py:171} INFO - Processing /usr/local/lib/python3.8/dist-packages/airflow/example_dags/tutorial_taskflow_api_etl.py took 0.446 seconds
[2021-12-08 18:29:07,445] {processor.py:163} INFO - Started process (PID=467) to work on /usr/local/lib/python3.8/dist-packages/airflow/example_dags/tutorial_taskflow_api_etl.py
[2021-12-08 18:29:07,465] {processor.py:625} INFO - Processing file /usr/local/lib/python3.8/dist-packages/airflow/example_dags/tutorial_taskflow_api_etl.py for tasks to queue
[2021-12-08 18:29:07,466] {logging_mixin.py:109} INFO - [2021-12-08 18:29:07,466] {dagbag.py:500} INFO - Filling up the DagBag from /usr/local/lib/python3.8/dist-packages/airflow/example_dags/tutorial_taskflow_api_etl.py
[2021-12-08 18:29:07,489] {processor.py:637} INFO - DAG(s) dict_keys(['tutorial_taskflow_api_etl']) retrieved from /usr/local/lib/python3.8/dist-packages/airflow/example_dags/tutorial_taskflow_api_etl.py
[2021-12-08 18:29:07,492] {logging_mixin.py:109} WARNING - /usr/local/lib/python3.8/dist-packages/airflow/models/serialized_dag.py:120 SAWarning: TypeDecorator UtcDateTime(timezone=True) will not produce a cache key because the ``cache_ok`` flag is not set to True.  Set this flag to True if this type object's state is safe to use in a cache key, or False to disable this warning.
[2021-12-08 18:29:07,708] {logging_mixin.py:109} INFO - [2021-12-08 18:29:07,708] {dag.py:2396} INFO - Sync 1 DAGs
[2021-12-08 18:29:07,715] {logging_mixin.py:109} WARNING - /usr/local/lib/python3.8/dist-packages/airflow/models/dag.py:2433 SAWarning: TypeDecorator UtcDateTime(timezone=True) will not produce a cache key because the ``cache_ok`` flag is not set to True.  Set this flag to True if this type object's state is safe to use in a cache key, or False to disable this warning.
[2021-12-08 18:29:07,720] {logging_mixin.py:109} INFO - [2021-12-08 18:29:07,720] {dag.py:2928} INFO - Setting next_dagrun for tutorial_taskflow_api_etl to None
[2021-12-08 18:29:07,881] {processor.py:171} INFO - Processing /usr/local/lib/python3.8/dist-packages/airflow/example_dags/tutorial_taskflow_api_etl.py took 0.438 seconds
[2021-12-08 18:29:47,574] {processor.py:163} INFO - Started process (PID=496) to work on /usr/local/lib/python3.8/dist-packages/airflow/example_dags/tutorial_taskflow_api_etl.py
[2021-12-08 18:29:47,592] {processor.py:625} INFO - Processing file /usr/local/lib/python3.8/dist-packages/airflow/example_dags/tutorial_taskflow_api_etl.py for tasks to queue
[2021-12-08 18:29:47,593] {logging_mixin.py:109} INFO - [2021-12-08 18:29:47,593] {dagbag.py:500} INFO - Filling up the DagBag from /usr/local/lib/python3.8/dist-packages/airflow/example_dags/tutorial_taskflow_api_etl.py
[2021-12-08 18:29:47,615] {processor.py:637} INFO - DAG(s) dict_keys(['tutorial_taskflow_api_etl']) retrieved from /usr/local/lib/python3.8/dist-packages/airflow/example_dags/tutorial_taskflow_api_etl.py
[2021-12-08 18:29:47,618] {logging_mixin.py:109} WARNING - /usr/local/lib/python3.8/dist-packages/airflow/models/serialized_dag.py:120 SAWarning: TypeDecorator UtcDateTime(timezone=True) will not produce a cache key because the ``cache_ok`` flag is not set to True.  Set this flag to True if this type object's state is safe to use in a cache key, or False to disable this warning.
[2021-12-08 18:29:47,837] {logging_mixin.py:109} INFO - [2021-12-08 18:29:47,837] {dag.py:2396} INFO - Sync 1 DAGs
[2021-12-08 18:29:47,844] {logging_mixin.py:109} WARNING - /usr/local/lib/python3.8/dist-packages/airflow/models/dag.py:2433 SAWarning: TypeDecorator UtcDateTime(timezone=True) will not produce a cache key because the ``cache_ok`` flag is not set to True.  Set this flag to True if this type object's state is safe to use in a cache key, or False to disable this warning.
[2021-12-08 18:29:47,849] {logging_mixin.py:109} INFO - [2021-12-08 18:29:47,849] {dag.py:2928} INFO - Setting next_dagrun for tutorial_taskflow_api_etl to None
[2021-12-08 18:29:48,092] {processor.py:171} INFO - Processing /usr/local/lib/python3.8/dist-packages/airflow/example_dags/tutorial_taskflow_api_etl.py took 0.521 seconds
[2021-12-08 18:30:42,648] {processor.py:163} INFO - Started process (PID=537) to work on /usr/local/lib/python3.8/dist-packages/airflow/example_dags/tutorial_taskflow_api_etl.py
[2021-12-08 18:30:42,665] {processor.py:625} INFO - Processing file /usr/local/lib/python3.8/dist-packages/airflow/example_dags/tutorial_taskflow_api_etl.py for tasks to queue
[2021-12-08 18:30:42,666] {logging_mixin.py:109} INFO - [2021-12-08 18:30:42,666] {dagbag.py:500} INFO - Filling up the DagBag from /usr/local/lib/python3.8/dist-packages/airflow/example_dags/tutorial_taskflow_api_etl.py
[2021-12-08 18:30:42,688] {processor.py:637} INFO - DAG(s) dict_keys(['tutorial_taskflow_api_etl']) retrieved from /usr/local/lib/python3.8/dist-packages/airflow/example_dags/tutorial_taskflow_api_etl.py
[2021-12-08 18:30:42,692] {logging_mixin.py:109} WARNING - /usr/local/lib/python3.8/dist-packages/airflow/models/serialized_dag.py:120 SAWarning: TypeDecorator UtcDateTime(timezone=True) will not produce a cache key because the ``cache_ok`` flag is not set to True.  Set this flag to True if this type object's state is safe to use in a cache key, or False to disable this warning.
[2021-12-08 18:30:42,907] {logging_mixin.py:109} INFO - [2021-12-08 18:30:42,906] {dag.py:2396} INFO - Sync 1 DAGs
[2021-12-08 18:30:42,913] {logging_mixin.py:109} WARNING - /usr/local/lib/python3.8/dist-packages/airflow/models/dag.py:2433 SAWarning: TypeDecorator UtcDateTime(timezone=True) will not produce a cache key because the ``cache_ok`` flag is not set to True.  Set this flag to True if this type object's state is safe to use in a cache key, or False to disable this warning.
[2021-12-08 18:30:42,918] {logging_mixin.py:109} INFO - [2021-12-08 18:30:42,918] {dag.py:2928} INFO - Setting next_dagrun for tutorial_taskflow_api_etl to None
[2021-12-08 18:30:43,107] {processor.py:171} INFO - Processing /usr/local/lib/python3.8/dist-packages/airflow/example_dags/tutorial_taskflow_api_etl.py took 0.461 seconds
[2021-12-08 18:31:36,853] {processor.py:163} INFO - Started process (PID=578) to work on /usr/local/lib/python3.8/dist-packages/airflow/example_dags/tutorial_taskflow_api_etl.py
[2021-12-08 18:31:36,868] {processor.py:625} INFO - Processing file /usr/local/lib/python3.8/dist-packages/airflow/example_dags/tutorial_taskflow_api_etl.py for tasks to queue
[2021-12-08 18:31:36,868] {logging_mixin.py:109} INFO - [2021-12-08 18:31:36,868] {dagbag.py:500} INFO - Filling up the DagBag from /usr/local/lib/python3.8/dist-packages/airflow/example_dags/tutorial_taskflow_api_etl.py
[2021-12-08 18:31:36,894] {processor.py:637} INFO - DAG(s) dict_keys(['tutorial_taskflow_api_etl']) retrieved from /usr/local/lib/python3.8/dist-packages/airflow/example_dags/tutorial_taskflow_api_etl.py
[2021-12-08 18:31:36,897] {logging_mixin.py:109} WARNING - /usr/local/lib/python3.8/dist-packages/airflow/models/serialized_dag.py:120 SAWarning: TypeDecorator UtcDateTime(timezone=True) will not produce a cache key because the ``cache_ok`` flag is not set to True.  Set this flag to True if this type object's state is safe to use in a cache key, or False to disable this warning.
[2021-12-08 18:31:37,123] {logging_mixin.py:109} INFO - [2021-12-08 18:31:37,123] {dag.py:2396} INFO - Sync 1 DAGs
[2021-12-08 18:31:37,130] {logging_mixin.py:109} WARNING - /usr/local/lib/python3.8/dist-packages/airflow/models/dag.py:2433 SAWarning: TypeDecorator UtcDateTime(timezone=True) will not produce a cache key because the ``cache_ok`` flag is not set to True.  Set this flag to True if this type object's state is safe to use in a cache key, or False to disable this warning.
[2021-12-08 18:31:37,136] {logging_mixin.py:109} INFO - [2021-12-08 18:31:37,135] {dag.py:2928} INFO - Setting next_dagrun for tutorial_taskflow_api_etl to None
[2021-12-08 18:31:37,305] {processor.py:171} INFO - Processing /usr/local/lib/python3.8/dist-packages/airflow/example_dags/tutorial_taskflow_api_etl.py took 0.457 seconds
[2021-12-08 18:32:15,901] {processor.py:163} INFO - Started process (PID=607) to work on /usr/local/lib/python3.8/dist-packages/airflow/example_dags/tutorial_taskflow_api_etl.py
[2021-12-08 18:32:15,927] {processor.py:625} INFO - Processing file /usr/local/lib/python3.8/dist-packages/airflow/example_dags/tutorial_taskflow_api_etl.py for tasks to queue
[2021-12-08 18:32:15,928] {logging_mixin.py:109} INFO - [2021-12-08 18:32:15,928] {dagbag.py:500} INFO - Filling up the DagBag from /usr/local/lib/python3.8/dist-packages/airflow/example_dags/tutorial_taskflow_api_etl.py
[2021-12-08 18:32:15,948] {processor.py:637} INFO - DAG(s) dict_keys(['tutorial_taskflow_api_etl']) retrieved from /usr/local/lib/python3.8/dist-packages/airflow/example_dags/tutorial_taskflow_api_etl.py
[2021-12-08 18:32:15,951] {logging_mixin.py:109} WARNING - /usr/local/lib/python3.8/dist-packages/airflow/models/serialized_dag.py:120 SAWarning: TypeDecorator UtcDateTime(timezone=True) will not produce a cache key because the ``cache_ok`` flag is not set to True.  Set this flag to True if this type object's state is safe to use in a cache key, or False to disable this warning.
[2021-12-08 18:32:16,162] {logging_mixin.py:109} INFO - [2021-12-08 18:32:16,162] {dag.py:2396} INFO - Sync 1 DAGs
[2021-12-08 18:32:16,168] {logging_mixin.py:109} WARNING - /usr/local/lib/python3.8/dist-packages/airflow/models/dag.py:2433 SAWarning: TypeDecorator UtcDateTime(timezone=True) will not produce a cache key because the ``cache_ok`` flag is not set to True.  Set this flag to True if this type object's state is safe to use in a cache key, or False to disable this warning.
[2021-12-08 18:32:16,173] {logging_mixin.py:109} INFO - [2021-12-08 18:32:16,173] {dag.py:2928} INFO - Setting next_dagrun for tutorial_taskflow_api_etl to None
[2021-12-08 18:32:16,439] {processor.py:171} INFO - Processing /usr/local/lib/python3.8/dist-packages/airflow/example_dags/tutorial_taskflow_api_etl.py took 0.541 seconds
[2021-12-08 18:32:57,538] {processor.py:163} INFO - Started process (PID=637) to work on /usr/local/lib/python3.8/dist-packages/airflow/example_dags/tutorial_taskflow_api_etl.py
[2021-12-08 18:32:57,539] {processor.py:625} INFO - Processing file /usr/local/lib/python3.8/dist-packages/airflow/example_dags/tutorial_taskflow_api_etl.py for tasks to queue
[2021-12-08 18:32:57,540] {logging_mixin.py:109} INFO - [2021-12-08 18:32:57,539] {dagbag.py:500} INFO - Filling up the DagBag from /usr/local/lib/python3.8/dist-packages/airflow/example_dags/tutorial_taskflow_api_etl.py
[2021-12-08 18:32:57,559] {processor.py:637} INFO - DAG(s) dict_keys(['tutorial_taskflow_api_etl']) retrieved from /usr/local/lib/python3.8/dist-packages/airflow/example_dags/tutorial_taskflow_api_etl.py
[2021-12-08 18:32:57,562] {logging_mixin.py:109} WARNING - /usr/local/lib/python3.8/dist-packages/airflow/models/serialized_dag.py:120 SAWarning: TypeDecorator UtcDateTime(timezone=True) will not produce a cache key because the ``cache_ok`` flag is not set to True.  Set this flag to True if this type object's state is safe to use in a cache key, or False to disable this warning.
[2021-12-08 18:32:57,774] {logging_mixin.py:109} INFO - [2021-12-08 18:32:57,774] {dag.py:2396} INFO - Sync 1 DAGs
[2021-12-08 18:32:57,781] {logging_mixin.py:109} WARNING - /usr/local/lib/python3.8/dist-packages/airflow/models/dag.py:2433 SAWarning: TypeDecorator UtcDateTime(timezone=True) will not produce a cache key because the ``cache_ok`` flag is not set to True.  Set this flag to True if this type object's state is safe to use in a cache key, or False to disable this warning.
[2021-12-08 18:32:57,787] {logging_mixin.py:109} INFO - [2021-12-08 18:32:57,787] {dag.py:2928} INFO - Setting next_dagrun for tutorial_taskflow_api_etl to None
[2021-12-08 18:32:57,960] {processor.py:171} INFO - Processing /usr/local/lib/python3.8/dist-packages/airflow/example_dags/tutorial_taskflow_api_etl.py took 0.425 seconds
[2021-12-08 18:33:47,484] {processor.py:163} INFO - Started process (PID=676) to work on /usr/local/lib/python3.8/dist-packages/airflow/example_dags/tutorial_taskflow_api_etl.py
[2021-12-08 18:33:47,497] {processor.py:625} INFO - Processing file /usr/local/lib/python3.8/dist-packages/airflow/example_dags/tutorial_taskflow_api_etl.py for tasks to queue
[2021-12-08 18:33:47,497] {logging_mixin.py:109} INFO - [2021-12-08 18:33:47,497] {dagbag.py:500} INFO - Filling up the DagBag from /usr/local/lib/python3.8/dist-packages/airflow/example_dags/tutorial_taskflow_api_etl.py
[2021-12-08 18:33:47,525] {processor.py:637} INFO - DAG(s) dict_keys(['tutorial_taskflow_api_etl']) retrieved from /usr/local/lib/python3.8/dist-packages/airflow/example_dags/tutorial_taskflow_api_etl.py
[2021-12-08 18:33:47,528] {logging_mixin.py:109} WARNING - /usr/local/lib/python3.8/dist-packages/airflow/models/serialized_dag.py:120 SAWarning: TypeDecorator UtcDateTime(timezone=True) will not produce a cache key because the ``cache_ok`` flag is not set to True.  Set this flag to True if this type object's state is safe to use in a cache key, or False to disable this warning.
[2021-12-08 18:33:47,747] {logging_mixin.py:109} INFO - [2021-12-08 18:33:47,747] {dag.py:2396} INFO - Sync 1 DAGs
[2021-12-08 18:33:47,753] {logging_mixin.py:109} WARNING - /usr/local/lib/python3.8/dist-packages/airflow/models/dag.py:2433 SAWarning: TypeDecorator UtcDateTime(timezone=True) will not produce a cache key because the ``cache_ok`` flag is not set to True.  Set this flag to True if this type object's state is safe to use in a cache key, or False to disable this warning.
[2021-12-08 18:33:47,760] {logging_mixin.py:109} INFO - [2021-12-08 18:33:47,760] {dag.py:2928} INFO - Setting next_dagrun for tutorial_taskflow_api_etl to None
[2021-12-08 18:33:48,101] {processor.py:171} INFO - Processing /usr/local/lib/python3.8/dist-packages/airflow/example_dags/tutorial_taskflow_api_etl.py took 0.621 seconds
[2021-12-08 18:34:44,840] {processor.py:163} INFO - Started process (PID=718) to work on /usr/local/lib/python3.8/dist-packages/airflow/example_dags/tutorial_taskflow_api_etl.py
[2021-12-08 18:34:44,841] {processor.py:625} INFO - Processing file /usr/local/lib/python3.8/dist-packages/airflow/example_dags/tutorial_taskflow_api_etl.py for tasks to queue
[2021-12-08 18:34:44,842] {logging_mixin.py:109} INFO - [2021-12-08 18:34:44,842] {dagbag.py:500} INFO - Filling up the DagBag from /usr/local/lib/python3.8/dist-packages/airflow/example_dags/tutorial_taskflow_api_etl.py
[2021-12-08 18:34:44,872] {processor.py:637} INFO - DAG(s) dict_keys(['tutorial_taskflow_api_etl']) retrieved from /usr/local/lib/python3.8/dist-packages/airflow/example_dags/tutorial_taskflow_api_etl.py
[2021-12-08 18:34:44,877] {logging_mixin.py:109} WARNING - /usr/local/lib/python3.8/dist-packages/airflow/models/serialized_dag.py:120 SAWarning: TypeDecorator UtcDateTime(timezone=True) will not produce a cache key because the ``cache_ok`` flag is not set to True.  Set this flag to True if this type object's state is safe to use in a cache key, or False to disable this warning.
[2021-12-08 18:34:45,134] {logging_mixin.py:109} INFO - [2021-12-08 18:34:45,134] {dag.py:2396} INFO - Sync 1 DAGs
[2021-12-08 18:34:45,142] {logging_mixin.py:109} WARNING - /usr/local/lib/python3.8/dist-packages/airflow/models/dag.py:2433 SAWarning: TypeDecorator UtcDateTime(timezone=True) will not produce a cache key because the ``cache_ok`` flag is not set to True.  Set this flag to True if this type object's state is safe to use in a cache key, or False to disable this warning.
[2021-12-08 18:34:45,147] {logging_mixin.py:109} INFO - [2021-12-08 18:34:45,147] {dag.py:2928} INFO - Setting next_dagrun for tutorial_taskflow_api_etl to None
[2021-12-08 18:34:45,397] {processor.py:171} INFO - Processing /usr/local/lib/python3.8/dist-packages/airflow/example_dags/tutorial_taskflow_api_etl.py took 0.560 seconds
