[2021-12-08 18:22:56,261] {processor.py:163} INFO - Started process (PID=195) to work on /usr/local/lib/python3.8/dist-packages/airflow/example_dags/tutorial_etl_dag.py
[2021-12-08 18:22:56,262] {processor.py:625} INFO - Processing file /usr/local/lib/python3.8/dist-packages/airflow/example_dags/tutorial_etl_dag.py for tasks to queue
[2021-12-08 18:22:56,263] {logging_mixin.py:109} INFO - [2021-12-08 18:22:56,263] {dagbag.py:500} INFO - Filling up the DagBag from /usr/local/lib/python3.8/dist-packages/airflow/example_dags/tutorial_etl_dag.py
[2021-12-08 18:22:56,287] {processor.py:637} INFO - DAG(s) dict_keys(['tutorial_etl_dag']) retrieved from /usr/local/lib/python3.8/dist-packages/airflow/example_dags/tutorial_etl_dag.py
[2021-12-08 18:22:56,290] {logging_mixin.py:109} WARNING - /usr/local/lib/python3.8/dist-packages/airflow/models/serialized_dag.py:120 SAWarning: TypeDecorator UtcDateTime(timezone=True) will not produce a cache key because the ``cache_ok`` flag is not set to True.  Set this flag to True if this type object's state is safe to use in a cache key, or False to disable this warning.
[2021-12-08 18:22:56,296] {logging_mixin.py:109} INFO - [2021-12-08 18:22:56,296] {dag.py:2396} INFO - Sync 1 DAGs
[2021-12-08 18:22:56,304] {logging_mixin.py:109} WARNING - /usr/local/lib/python3.8/dist-packages/airflow/models/dag.py:2433 SAWarning: TypeDecorator UtcDateTime(timezone=True) will not produce a cache key because the ``cache_ok`` flag is not set to True.  Set this flag to True if this type object's state is safe to use in a cache key, or False to disable this warning.
[2021-12-08 18:22:56,311] {logging_mixin.py:109} INFO - [2021-12-08 18:22:56,311] {dag.py:2928} INFO - Setting next_dagrun for tutorial_etl_dag to None
[2021-12-08 18:22:56,485] {processor.py:171} INFO - Processing /usr/local/lib/python3.8/dist-packages/airflow/example_dags/tutorial_etl_dag.py took 0.229 seconds
[2021-12-08 18:23:44,715] {processor.py:163} INFO - Started process (PID=230) to work on /usr/local/lib/python3.8/dist-packages/airflow/example_dags/tutorial_etl_dag.py
[2021-12-08 18:23:44,716] {processor.py:625} INFO - Processing file /usr/local/lib/python3.8/dist-packages/airflow/example_dags/tutorial_etl_dag.py for tasks to queue
[2021-12-08 18:23:44,717] {logging_mixin.py:109} INFO - [2021-12-08 18:23:44,717] {dagbag.py:500} INFO - Filling up the DagBag from /usr/local/lib/python3.8/dist-packages/airflow/example_dags/tutorial_etl_dag.py
[2021-12-08 18:23:44,733] {processor.py:637} INFO - DAG(s) dict_keys(['tutorial_etl_dag']) retrieved from /usr/local/lib/python3.8/dist-packages/airflow/example_dags/tutorial_etl_dag.py
[2021-12-08 18:23:44,737] {logging_mixin.py:109} WARNING - /usr/local/lib/python3.8/dist-packages/airflow/models/serialized_dag.py:120 SAWarning: TypeDecorator UtcDateTime(timezone=True) will not produce a cache key because the ``cache_ok`` flag is not set to True.  Set this flag to True if this type object's state is safe to use in a cache key, or False to disable this warning.
[2021-12-08 18:23:44,743] {logging_mixin.py:109} INFO - [2021-12-08 18:23:44,743] {dag.py:2396} INFO - Sync 1 DAGs
[2021-12-08 18:23:44,752] {logging_mixin.py:109} WARNING - /usr/local/lib/python3.8/dist-packages/airflow/models/dag.py:2433 SAWarning: TypeDecorator UtcDateTime(timezone=True) will not produce a cache key because the ``cache_ok`` flag is not set to True.  Set this flag to True if this type object's state is safe to use in a cache key, or False to disable this warning.
[2021-12-08 18:23:44,757] {logging_mixin.py:109} INFO - [2021-12-08 18:23:44,757] {dag.py:2928} INFO - Setting next_dagrun for tutorial_etl_dag to None
[2021-12-08 18:23:44,896] {processor.py:171} INFO - Processing /usr/local/lib/python3.8/dist-packages/airflow/example_dags/tutorial_etl_dag.py took 0.184 seconds
[2021-12-08 18:24:34,586] {processor.py:163} INFO - Started process (PID=267) to work on /usr/local/lib/python3.8/dist-packages/airflow/example_dags/tutorial_etl_dag.py
[2021-12-08 18:24:34,601] {processor.py:625} INFO - Processing file /usr/local/lib/python3.8/dist-packages/airflow/example_dags/tutorial_etl_dag.py for tasks to queue
[2021-12-08 18:24:34,602] {logging_mixin.py:109} INFO - [2021-12-08 18:24:34,602] {dagbag.py:500} INFO - Filling up the DagBag from /usr/local/lib/python3.8/dist-packages/airflow/example_dags/tutorial_etl_dag.py
[2021-12-08 18:24:34,620] {processor.py:637} INFO - DAG(s) dict_keys(['tutorial_etl_dag']) retrieved from /usr/local/lib/python3.8/dist-packages/airflow/example_dags/tutorial_etl_dag.py
[2021-12-08 18:24:34,623] {logging_mixin.py:109} WARNING - /usr/local/lib/python3.8/dist-packages/airflow/models/serialized_dag.py:120 SAWarning: TypeDecorator UtcDateTime(timezone=True) will not produce a cache key because the ``cache_ok`` flag is not set to True.  Set this flag to True if this type object's state is safe to use in a cache key, or False to disable this warning.
[2021-12-08 18:24:34,629] {logging_mixin.py:109} INFO - [2021-12-08 18:24:34,629] {dag.py:2396} INFO - Sync 1 DAGs
[2021-12-08 18:24:34,638] {logging_mixin.py:109} WARNING - /usr/local/lib/python3.8/dist-packages/airflow/models/dag.py:2433 SAWarning: TypeDecorator UtcDateTime(timezone=True) will not produce a cache key because the ``cache_ok`` flag is not set to True.  Set this flag to True if this type object's state is safe to use in a cache key, or False to disable this warning.
[2021-12-08 18:24:34,643] {logging_mixin.py:109} INFO - [2021-12-08 18:24:34,643] {dag.py:2928} INFO - Setting next_dagrun for tutorial_etl_dag to None
[2021-12-08 18:24:34,807] {processor.py:171} INFO - Processing /usr/local/lib/python3.8/dist-packages/airflow/example_dags/tutorial_etl_dag.py took 0.224 seconds
[2021-12-08 18:25:13,515] {processor.py:163} INFO - Started process (PID=295) to work on /usr/local/lib/python3.8/dist-packages/airflow/example_dags/tutorial_etl_dag.py
[2021-12-08 18:25:13,535] {processor.py:625} INFO - Processing file /usr/local/lib/python3.8/dist-packages/airflow/example_dags/tutorial_etl_dag.py for tasks to queue
[2021-12-08 18:25:13,536] {logging_mixin.py:109} INFO - [2021-12-08 18:25:13,536] {dagbag.py:500} INFO - Filling up the DagBag from /usr/local/lib/python3.8/dist-packages/airflow/example_dags/tutorial_etl_dag.py
[2021-12-08 18:25:13,555] {processor.py:637} INFO - DAG(s) dict_keys(['tutorial_etl_dag']) retrieved from /usr/local/lib/python3.8/dist-packages/airflow/example_dags/tutorial_etl_dag.py
[2021-12-08 18:25:13,558] {logging_mixin.py:109} WARNING - /usr/local/lib/python3.8/dist-packages/airflow/models/serialized_dag.py:120 SAWarning: TypeDecorator UtcDateTime(timezone=True) will not produce a cache key because the ``cache_ok`` flag is not set to True.  Set this flag to True if this type object's state is safe to use in a cache key, or False to disable this warning.
[2021-12-08 18:25:13,566] {logging_mixin.py:109} INFO - [2021-12-08 18:25:13,566] {dag.py:2396} INFO - Sync 1 DAGs
[2021-12-08 18:25:13,576] {logging_mixin.py:109} WARNING - /usr/local/lib/python3.8/dist-packages/airflow/models/dag.py:2433 SAWarning: TypeDecorator UtcDateTime(timezone=True) will not produce a cache key because the ``cache_ok`` flag is not set to True.  Set this flag to True if this type object's state is safe to use in a cache key, or False to disable this warning.
[2021-12-08 18:25:13,581] {logging_mixin.py:109} INFO - [2021-12-08 18:25:13,581] {dag.py:2928} INFO - Setting next_dagrun for tutorial_etl_dag to None
[2021-12-08 18:25:13,725] {processor.py:171} INFO - Processing /usr/local/lib/python3.8/dist-packages/airflow/example_dags/tutorial_etl_dag.py took 0.216 seconds
[2021-12-08 18:25:52,390] {processor.py:163} INFO - Started process (PID=324) to work on /usr/local/lib/python3.8/dist-packages/airflow/example_dags/tutorial_etl_dag.py
[2021-12-08 18:25:52,391] {processor.py:625} INFO - Processing file /usr/local/lib/python3.8/dist-packages/airflow/example_dags/tutorial_etl_dag.py for tasks to queue
[2021-12-08 18:25:52,391] {logging_mixin.py:109} INFO - [2021-12-08 18:25:52,391] {dagbag.py:500} INFO - Filling up the DagBag from /usr/local/lib/python3.8/dist-packages/airflow/example_dags/tutorial_etl_dag.py
[2021-12-08 18:25:52,408] {processor.py:637} INFO - DAG(s) dict_keys(['tutorial_etl_dag']) retrieved from /usr/local/lib/python3.8/dist-packages/airflow/example_dags/tutorial_etl_dag.py
[2021-12-08 18:25:52,411] {logging_mixin.py:109} WARNING - /usr/local/lib/python3.8/dist-packages/airflow/models/serialized_dag.py:120 SAWarning: TypeDecorator UtcDateTime(timezone=True) will not produce a cache key because the ``cache_ok`` flag is not set to True.  Set this flag to True if this type object's state is safe to use in a cache key, or False to disable this warning.
[2021-12-08 18:25:52,418] {logging_mixin.py:109} INFO - [2021-12-08 18:25:52,418] {dag.py:2396} INFO - Sync 1 DAGs
[2021-12-08 18:25:52,426] {logging_mixin.py:109} WARNING - /usr/local/lib/python3.8/dist-packages/airflow/models/dag.py:2433 SAWarning: TypeDecorator UtcDateTime(timezone=True) will not produce a cache key because the ``cache_ok`` flag is not set to True.  Set this flag to True if this type object's state is safe to use in a cache key, or False to disable this warning.
[2021-12-08 18:25:52,432] {logging_mixin.py:109} INFO - [2021-12-08 18:25:52,432] {dag.py:2928} INFO - Setting next_dagrun for tutorial_etl_dag to None
[2021-12-08 18:25:52,589] {processor.py:171} INFO - Processing /usr/local/lib/python3.8/dist-packages/airflow/example_dags/tutorial_etl_dag.py took 0.202 seconds
[2021-12-08 18:26:31,282] {processor.py:163} INFO - Started process (PID=353) to work on /usr/local/lib/python3.8/dist-packages/airflow/example_dags/tutorial_etl_dag.py
[2021-12-08 18:26:31,316] {processor.py:625} INFO - Processing file /usr/local/lib/python3.8/dist-packages/airflow/example_dags/tutorial_etl_dag.py for tasks to queue
[2021-12-08 18:26:31,316] {logging_mixin.py:109} INFO - [2021-12-08 18:26:31,316] {dagbag.py:500} INFO - Filling up the DagBag from /usr/local/lib/python3.8/dist-packages/airflow/example_dags/tutorial_etl_dag.py
[2021-12-08 18:26:31,338] {processor.py:637} INFO - DAG(s) dict_keys(['tutorial_etl_dag']) retrieved from /usr/local/lib/python3.8/dist-packages/airflow/example_dags/tutorial_etl_dag.py
[2021-12-08 18:26:31,342] {logging_mixin.py:109} WARNING - /usr/local/lib/python3.8/dist-packages/airflow/models/serialized_dag.py:120 SAWarning: TypeDecorator UtcDateTime(timezone=True) will not produce a cache key because the ``cache_ok`` flag is not set to True.  Set this flag to True if this type object's state is safe to use in a cache key, or False to disable this warning.
[2021-12-08 18:26:31,349] {logging_mixin.py:109} INFO - [2021-12-08 18:26:31,348] {dag.py:2396} INFO - Sync 1 DAGs
[2021-12-08 18:26:31,360] {logging_mixin.py:109} WARNING - /usr/local/lib/python3.8/dist-packages/airflow/models/dag.py:2433 SAWarning: TypeDecorator UtcDateTime(timezone=True) will not produce a cache key because the ``cache_ok`` flag is not set to True.  Set this flag to True if this type object's state is safe to use in a cache key, or False to disable this warning.
[2021-12-08 18:26:31,366] {logging_mixin.py:109} INFO - [2021-12-08 18:26:31,366] {dag.py:2928} INFO - Setting next_dagrun for tutorial_etl_dag to None
[2021-12-08 18:26:31,514] {processor.py:171} INFO - Processing /usr/local/lib/python3.8/dist-packages/airflow/example_dags/tutorial_etl_dag.py took 0.236 seconds
[2021-12-08 18:27:29,117] {processor.py:163} INFO - Started process (PID=395) to work on /usr/local/lib/python3.8/dist-packages/airflow/example_dags/tutorial_etl_dag.py
[2021-12-08 18:27:29,200] {processor.py:625} INFO - Processing file /usr/local/lib/python3.8/dist-packages/airflow/example_dags/tutorial_etl_dag.py for tasks to queue
[2021-12-08 18:27:29,200] {logging_mixin.py:109} INFO - [2021-12-08 18:27:29,200] {dagbag.py:500} INFO - Filling up the DagBag from /usr/local/lib/python3.8/dist-packages/airflow/example_dags/tutorial_etl_dag.py
[2021-12-08 18:27:29,220] {processor.py:637} INFO - DAG(s) dict_keys(['tutorial_etl_dag']) retrieved from /usr/local/lib/python3.8/dist-packages/airflow/example_dags/tutorial_etl_dag.py
[2021-12-08 18:27:29,224] {logging_mixin.py:109} WARNING - /usr/local/lib/python3.8/dist-packages/airflow/models/serialized_dag.py:120 SAWarning: TypeDecorator UtcDateTime(timezone=True) will not produce a cache key because the ``cache_ok`` flag is not set to True.  Set this flag to True if this type object's state is safe to use in a cache key, or False to disable this warning.
[2021-12-08 18:27:29,231] {logging_mixin.py:109} INFO - [2021-12-08 18:27:29,231] {dag.py:2396} INFO - Sync 1 DAGs
[2021-12-08 18:27:29,241] {logging_mixin.py:109} WARNING - /usr/local/lib/python3.8/dist-packages/airflow/models/dag.py:2433 SAWarning: TypeDecorator UtcDateTime(timezone=True) will not produce a cache key because the ``cache_ok`` flag is not set to True.  Set this flag to True if this type object's state is safe to use in a cache key, or False to disable this warning.
[2021-12-08 18:27:29,248] {logging_mixin.py:109} INFO - [2021-12-08 18:27:29,248] {dag.py:2928} INFO - Setting next_dagrun for tutorial_etl_dag to None
[2021-12-08 18:27:29,495] {processor.py:171} INFO - Processing /usr/local/lib/python3.8/dist-packages/airflow/example_dags/tutorial_etl_dag.py took 0.380 seconds
[2021-12-08 18:28:11,575] {processor.py:163} INFO - Started process (PID=425) to work on /usr/local/lib/python3.8/dist-packages/airflow/example_dags/tutorial_etl_dag.py
[2021-12-08 18:28:11,576] {processor.py:625} INFO - Processing file /usr/local/lib/python3.8/dist-packages/airflow/example_dags/tutorial_etl_dag.py for tasks to queue
[2021-12-08 18:28:11,577] {logging_mixin.py:109} INFO - [2021-12-08 18:28:11,577] {dagbag.py:500} INFO - Filling up the DagBag from /usr/local/lib/python3.8/dist-packages/airflow/example_dags/tutorial_etl_dag.py
[2021-12-08 18:28:11,595] {processor.py:637} INFO - DAG(s) dict_keys(['tutorial_etl_dag']) retrieved from /usr/local/lib/python3.8/dist-packages/airflow/example_dags/tutorial_etl_dag.py
[2021-12-08 18:28:11,598] {logging_mixin.py:109} WARNING - /usr/local/lib/python3.8/dist-packages/airflow/models/serialized_dag.py:120 SAWarning: TypeDecorator UtcDateTime(timezone=True) will not produce a cache key because the ``cache_ok`` flag is not set to True.  Set this flag to True if this type object's state is safe to use in a cache key, or False to disable this warning.
[2021-12-08 18:28:11,604] {logging_mixin.py:109} INFO - [2021-12-08 18:28:11,604] {dag.py:2396} INFO - Sync 1 DAGs
[2021-12-08 18:28:11,612] {logging_mixin.py:109} WARNING - /usr/local/lib/python3.8/dist-packages/airflow/models/dag.py:2433 SAWarning: TypeDecorator UtcDateTime(timezone=True) will not produce a cache key because the ``cache_ok`` flag is not set to True.  Set this flag to True if this type object's state is safe to use in a cache key, or False to disable this warning.
[2021-12-08 18:28:11,618] {logging_mixin.py:109} INFO - [2021-12-08 18:28:11,618] {dag.py:2928} INFO - Setting next_dagrun for tutorial_etl_dag to None
[2021-12-08 18:28:11,781] {processor.py:171} INFO - Processing /usr/local/lib/python3.8/dist-packages/airflow/example_dags/tutorial_etl_dag.py took 0.209 seconds
[2021-12-08 18:29:04,833] {processor.py:163} INFO - Started process (PID=465) to work on /usr/local/lib/python3.8/dist-packages/airflow/example_dags/tutorial_etl_dag.py
[2021-12-08 18:29:04,863] {processor.py:625} INFO - Processing file /usr/local/lib/python3.8/dist-packages/airflow/example_dags/tutorial_etl_dag.py for tasks to queue
[2021-12-08 18:29:04,864] {logging_mixin.py:109} INFO - [2021-12-08 18:29:04,864] {dagbag.py:500} INFO - Filling up the DagBag from /usr/local/lib/python3.8/dist-packages/airflow/example_dags/tutorial_etl_dag.py
[2021-12-08 18:29:04,889] {processor.py:637} INFO - DAG(s) dict_keys(['tutorial_etl_dag']) retrieved from /usr/local/lib/python3.8/dist-packages/airflow/example_dags/tutorial_etl_dag.py
[2021-12-08 18:29:04,893] {logging_mixin.py:109} WARNING - /usr/local/lib/python3.8/dist-packages/airflow/models/serialized_dag.py:120 SAWarning: TypeDecorator UtcDateTime(timezone=True) will not produce a cache key because the ``cache_ok`` flag is not set to True.  Set this flag to True if this type object's state is safe to use in a cache key, or False to disable this warning.
[2021-12-08 18:29:04,900] {logging_mixin.py:109} INFO - [2021-12-08 18:29:04,900] {dag.py:2396} INFO - Sync 1 DAGs
[2021-12-08 18:29:04,908] {logging_mixin.py:109} WARNING - /usr/local/lib/python3.8/dist-packages/airflow/models/dag.py:2433 SAWarning: TypeDecorator UtcDateTime(timezone=True) will not produce a cache key because the ``cache_ok`` flag is not set to True.  Set this flag to True if this type object's state is safe to use in a cache key, or False to disable this warning.
[2021-12-08 18:29:04,913] {logging_mixin.py:109} INFO - [2021-12-08 18:29:04,913] {dag.py:2928} INFO - Setting next_dagrun for tutorial_etl_dag to None
[2021-12-08 18:29:05,084] {processor.py:171} INFO - Processing /usr/local/lib/python3.8/dist-packages/airflow/example_dags/tutorial_etl_dag.py took 0.258 seconds
[2021-12-08 18:29:45,000] {processor.py:163} INFO - Started process (PID=494) to work on /usr/local/lib/python3.8/dist-packages/airflow/example_dags/tutorial_etl_dag.py
[2021-12-08 18:29:45,012] {processor.py:625} INFO - Processing file /usr/local/lib/python3.8/dist-packages/airflow/example_dags/tutorial_etl_dag.py for tasks to queue
[2021-12-08 18:29:45,012] {logging_mixin.py:109} INFO - [2021-12-08 18:29:45,012] {dagbag.py:500} INFO - Filling up the DagBag from /usr/local/lib/python3.8/dist-packages/airflow/example_dags/tutorial_etl_dag.py
[2021-12-08 18:29:45,029] {processor.py:637} INFO - DAG(s) dict_keys(['tutorial_etl_dag']) retrieved from /usr/local/lib/python3.8/dist-packages/airflow/example_dags/tutorial_etl_dag.py
[2021-12-08 18:29:45,032] {logging_mixin.py:109} WARNING - /usr/local/lib/python3.8/dist-packages/airflow/models/serialized_dag.py:120 SAWarning: TypeDecorator UtcDateTime(timezone=True) will not produce a cache key because the ``cache_ok`` flag is not set to True.  Set this flag to True if this type object's state is safe to use in a cache key, or False to disable this warning.
[2021-12-08 18:29:45,039] {logging_mixin.py:109} INFO - [2021-12-08 18:29:45,038] {dag.py:2396} INFO - Sync 1 DAGs
[2021-12-08 18:29:45,047] {logging_mixin.py:109} WARNING - /usr/local/lib/python3.8/dist-packages/airflow/models/dag.py:2433 SAWarning: TypeDecorator UtcDateTime(timezone=True) will not produce a cache key because the ``cache_ok`` flag is not set to True.  Set this flag to True if this type object's state is safe to use in a cache key, or False to disable this warning.
[2021-12-08 18:29:45,053] {logging_mixin.py:109} INFO - [2021-12-08 18:29:45,053] {dag.py:2928} INFO - Setting next_dagrun for tutorial_etl_dag to None
[2021-12-08 18:29:45,203] {processor.py:171} INFO - Processing /usr/local/lib/python3.8/dist-packages/airflow/example_dags/tutorial_etl_dag.py took 0.206 seconds
[2021-12-08 18:30:23,223] {processor.py:163} INFO - Started process (PID=523) to work on /usr/local/lib/python3.8/dist-packages/airflow/example_dags/tutorial_etl_dag.py
[2021-12-08 18:30:23,232] {processor.py:625} INFO - Processing file /usr/local/lib/python3.8/dist-packages/airflow/example_dags/tutorial_etl_dag.py for tasks to queue
[2021-12-08 18:30:23,233] {logging_mixin.py:109} INFO - [2021-12-08 18:30:23,233] {dagbag.py:500} INFO - Filling up the DagBag from /usr/local/lib/python3.8/dist-packages/airflow/example_dags/tutorial_etl_dag.py
[2021-12-08 18:30:23,250] {processor.py:637} INFO - DAG(s) dict_keys(['tutorial_etl_dag']) retrieved from /usr/local/lib/python3.8/dist-packages/airflow/example_dags/tutorial_etl_dag.py
[2021-12-08 18:30:23,253] {logging_mixin.py:109} WARNING - /usr/local/lib/python3.8/dist-packages/airflow/models/serialized_dag.py:120 SAWarning: TypeDecorator UtcDateTime(timezone=True) will not produce a cache key because the ``cache_ok`` flag is not set to True.  Set this flag to True if this type object's state is safe to use in a cache key, or False to disable this warning.
[2021-12-08 18:30:23,259] {logging_mixin.py:109} INFO - [2021-12-08 18:30:23,259] {dag.py:2396} INFO - Sync 1 DAGs
[2021-12-08 18:30:23,268] {logging_mixin.py:109} WARNING - /usr/local/lib/python3.8/dist-packages/airflow/models/dag.py:2433 SAWarning: TypeDecorator UtcDateTime(timezone=True) will not produce a cache key because the ``cache_ok`` flag is not set to True.  Set this flag to True if this type object's state is safe to use in a cache key, or False to disable this warning.
[2021-12-08 18:30:23,273] {logging_mixin.py:109} INFO - [2021-12-08 18:30:23,273] {dag.py:2928} INFO - Setting next_dagrun for tutorial_etl_dag to None
[2021-12-08 18:30:23,430] {processor.py:171} INFO - Processing /usr/local/lib/python3.8/dist-packages/airflow/example_dags/tutorial_etl_dag.py took 0.210 seconds
[2021-12-08 18:31:02,988] {processor.py:163} INFO - Started process (PID=552) to work on /usr/local/lib/python3.8/dist-packages/airflow/example_dags/tutorial_etl_dag.py
[2021-12-08 18:31:03,025] {processor.py:625} INFO - Processing file /usr/local/lib/python3.8/dist-packages/airflow/example_dags/tutorial_etl_dag.py for tasks to queue
[2021-12-08 18:31:03,026] {logging_mixin.py:109} INFO - [2021-12-08 18:31:03,026] {dagbag.py:500} INFO - Filling up the DagBag from /usr/local/lib/python3.8/dist-packages/airflow/example_dags/tutorial_etl_dag.py
[2021-12-08 18:31:03,053] {processor.py:637} INFO - DAG(s) dict_keys(['tutorial_etl_dag']) retrieved from /usr/local/lib/python3.8/dist-packages/airflow/example_dags/tutorial_etl_dag.py
[2021-12-08 18:31:03,057] {logging_mixin.py:109} WARNING - /usr/local/lib/python3.8/dist-packages/airflow/models/serialized_dag.py:120 SAWarning: TypeDecorator UtcDateTime(timezone=True) will not produce a cache key because the ``cache_ok`` flag is not set to True.  Set this flag to True if this type object's state is safe to use in a cache key, or False to disable this warning.
[2021-12-08 18:31:03,064] {logging_mixin.py:109} INFO - [2021-12-08 18:31:03,064] {dag.py:2396} INFO - Sync 1 DAGs
[2021-12-08 18:31:03,072] {logging_mixin.py:109} WARNING - /usr/local/lib/python3.8/dist-packages/airflow/models/dag.py:2433 SAWarning: TypeDecorator UtcDateTime(timezone=True) will not produce a cache key because the ``cache_ok`` flag is not set to True.  Set this flag to True if this type object's state is safe to use in a cache key, or False to disable this warning.
[2021-12-08 18:31:03,078] {logging_mixin.py:109} INFO - [2021-12-08 18:31:03,078] {dag.py:2928} INFO - Setting next_dagrun for tutorial_etl_dag to None
[2021-12-08 18:31:03,230] {processor.py:171} INFO - Processing /usr/local/lib/python3.8/dist-packages/airflow/example_dags/tutorial_etl_dag.py took 0.244 seconds
[2021-12-08 18:31:57,898] {processor.py:163} INFO - Started process (PID=593) to work on /usr/local/lib/python3.8/dist-packages/airflow/example_dags/tutorial_etl_dag.py
[2021-12-08 18:31:57,899] {processor.py:625} INFO - Processing file /usr/local/lib/python3.8/dist-packages/airflow/example_dags/tutorial_etl_dag.py for tasks to queue
[2021-12-08 18:31:57,899] {logging_mixin.py:109} INFO - [2021-12-08 18:31:57,899] {dagbag.py:500} INFO - Filling up the DagBag from /usr/local/lib/python3.8/dist-packages/airflow/example_dags/tutorial_etl_dag.py
[2021-12-08 18:31:57,917] {processor.py:637} INFO - DAG(s) dict_keys(['tutorial_etl_dag']) retrieved from /usr/local/lib/python3.8/dist-packages/airflow/example_dags/tutorial_etl_dag.py
[2021-12-08 18:31:57,920] {logging_mixin.py:109} WARNING - /usr/local/lib/python3.8/dist-packages/airflow/models/serialized_dag.py:120 SAWarning: TypeDecorator UtcDateTime(timezone=True) will not produce a cache key because the ``cache_ok`` flag is not set to True.  Set this flag to True if this type object's state is safe to use in a cache key, or False to disable this warning.
[2021-12-08 18:31:57,926] {logging_mixin.py:109} INFO - [2021-12-08 18:31:57,926] {dag.py:2396} INFO - Sync 1 DAGs
[2021-12-08 18:31:57,934] {logging_mixin.py:109} WARNING - /usr/local/lib/python3.8/dist-packages/airflow/models/dag.py:2433 SAWarning: TypeDecorator UtcDateTime(timezone=True) will not produce a cache key because the ``cache_ok`` flag is not set to True.  Set this flag to True if this type object's state is safe to use in a cache key, or False to disable this warning.
[2021-12-08 18:31:57,940] {logging_mixin.py:109} INFO - [2021-12-08 18:31:57,940] {dag.py:2928} INFO - Setting next_dagrun for tutorial_etl_dag to None
[2021-12-08 18:31:58,090] {processor.py:171} INFO - Processing /usr/local/lib/python3.8/dist-packages/airflow/example_dags/tutorial_etl_dag.py took 0.195 seconds
[2021-12-08 18:32:53,463] {processor.py:163} INFO - Started process (PID=634) to work on /usr/local/lib/python3.8/dist-packages/airflow/example_dags/tutorial_etl_dag.py
[2021-12-08 18:32:53,484] {processor.py:625} INFO - Processing file /usr/local/lib/python3.8/dist-packages/airflow/example_dags/tutorial_etl_dag.py for tasks to queue
[2021-12-08 18:32:53,485] {logging_mixin.py:109} INFO - [2021-12-08 18:32:53,484] {dagbag.py:500} INFO - Filling up the DagBag from /usr/local/lib/python3.8/dist-packages/airflow/example_dags/tutorial_etl_dag.py
[2021-12-08 18:32:53,505] {processor.py:637} INFO - DAG(s) dict_keys(['tutorial_etl_dag']) retrieved from /usr/local/lib/python3.8/dist-packages/airflow/example_dags/tutorial_etl_dag.py
[2021-12-08 18:32:53,508] {logging_mixin.py:109} WARNING - /usr/local/lib/python3.8/dist-packages/airflow/models/serialized_dag.py:120 SAWarning: TypeDecorator UtcDateTime(timezone=True) will not produce a cache key because the ``cache_ok`` flag is not set to True.  Set this flag to True if this type object's state is safe to use in a cache key, or False to disable this warning.
[2021-12-08 18:32:53,514] {logging_mixin.py:109} INFO - [2021-12-08 18:32:53,514] {dag.py:2396} INFO - Sync 1 DAGs
[2021-12-08 18:32:53,522] {logging_mixin.py:109} WARNING - /usr/local/lib/python3.8/dist-packages/airflow/models/dag.py:2433 SAWarning: TypeDecorator UtcDateTime(timezone=True) will not produce a cache key because the ``cache_ok`` flag is not set to True.  Set this flag to True if this type object's state is safe to use in a cache key, or False to disable this warning.
[2021-12-08 18:32:53,528] {logging_mixin.py:109} INFO - [2021-12-08 18:32:53,528] {dag.py:2928} INFO - Setting next_dagrun for tutorial_etl_dag to None
[2021-12-08 18:32:53,676] {processor.py:171} INFO - Processing /usr/local/lib/python3.8/dist-packages/airflow/example_dags/tutorial_etl_dag.py took 0.216 seconds
[2021-12-08 18:33:30,765] {processor.py:163} INFO - Started process (PID=663) to work on /usr/local/lib/python3.8/dist-packages/airflow/example_dags/tutorial_etl_dag.py
[2021-12-08 18:33:30,766] {processor.py:625} INFO - Processing file /usr/local/lib/python3.8/dist-packages/airflow/example_dags/tutorial_etl_dag.py for tasks to queue
[2021-12-08 18:33:30,766] {logging_mixin.py:109} INFO - [2021-12-08 18:33:30,766] {dagbag.py:500} INFO - Filling up the DagBag from /usr/local/lib/python3.8/dist-packages/airflow/example_dags/tutorial_etl_dag.py
[2021-12-08 18:33:30,784] {processor.py:637} INFO - DAG(s) dict_keys(['tutorial_etl_dag']) retrieved from /usr/local/lib/python3.8/dist-packages/airflow/example_dags/tutorial_etl_dag.py
[2021-12-08 18:33:30,787] {logging_mixin.py:109} WARNING - /usr/local/lib/python3.8/dist-packages/airflow/models/serialized_dag.py:120 SAWarning: TypeDecorator UtcDateTime(timezone=True) will not produce a cache key because the ``cache_ok`` flag is not set to True.  Set this flag to True if this type object's state is safe to use in a cache key, or False to disable this warning.
[2021-12-08 18:33:30,793] {logging_mixin.py:109} INFO - [2021-12-08 18:33:30,793] {dag.py:2396} INFO - Sync 1 DAGs
[2021-12-08 18:33:30,801] {logging_mixin.py:109} WARNING - /usr/local/lib/python3.8/dist-packages/airflow/models/dag.py:2433 SAWarning: TypeDecorator UtcDateTime(timezone=True) will not produce a cache key because the ``cache_ok`` flag is not set to True.  Set this flag to True if this type object's state is safe to use in a cache key, or False to disable this warning.
[2021-12-08 18:33:30,807] {logging_mixin.py:109} INFO - [2021-12-08 18:33:30,807] {dag.py:2928} INFO - Setting next_dagrun for tutorial_etl_dag to None
[2021-12-08 18:33:30,941] {processor.py:171} INFO - Processing /usr/local/lib/python3.8/dist-packages/airflow/example_dags/tutorial_etl_dag.py took 0.179 seconds
[2021-12-08 18:34:22,811] {processor.py:163} INFO - Started process (PID=702) to work on /usr/local/lib/python3.8/dist-packages/airflow/example_dags/tutorial_etl_dag.py
[2021-12-08 18:34:22,820] {processor.py:625} INFO - Processing file /usr/local/lib/python3.8/dist-packages/airflow/example_dags/tutorial_etl_dag.py for tasks to queue
[2021-12-08 18:34:22,820] {logging_mixin.py:109} INFO - [2021-12-08 18:34:22,820] {dagbag.py:500} INFO - Filling up the DagBag from /usr/local/lib/python3.8/dist-packages/airflow/example_dags/tutorial_etl_dag.py
[2021-12-08 18:34:22,837] {processor.py:637} INFO - DAG(s) dict_keys(['tutorial_etl_dag']) retrieved from /usr/local/lib/python3.8/dist-packages/airflow/example_dags/tutorial_etl_dag.py
[2021-12-08 18:34:22,840] {logging_mixin.py:109} WARNING - /usr/local/lib/python3.8/dist-packages/airflow/models/serialized_dag.py:120 SAWarning: TypeDecorator UtcDateTime(timezone=True) will not produce a cache key because the ``cache_ok`` flag is not set to True.  Set this flag to True if this type object's state is safe to use in a cache key, or False to disable this warning.
[2021-12-08 18:34:22,846] {logging_mixin.py:109} INFO - [2021-12-08 18:34:22,846] {dag.py:2396} INFO - Sync 1 DAGs
[2021-12-08 18:34:22,854] {logging_mixin.py:109} WARNING - /usr/local/lib/python3.8/dist-packages/airflow/models/dag.py:2433 SAWarning: TypeDecorator UtcDateTime(timezone=True) will not produce a cache key because the ``cache_ok`` flag is not set to True.  Set this flag to True if this type object's state is safe to use in a cache key, or False to disable this warning.
[2021-12-08 18:34:22,860] {logging_mixin.py:109} INFO - [2021-12-08 18:34:22,860] {dag.py:2928} INFO - Setting next_dagrun for tutorial_etl_dag to None
[2021-12-08 18:34:23,008] {processor.py:171} INFO - Processing /usr/local/lib/python3.8/dist-packages/airflow/example_dags/tutorial_etl_dag.py took 0.199 seconds
[2021-12-08 18:35:01,918] {processor.py:163} INFO - Started process (PID=731) to work on /usr/local/lib/python3.8/dist-packages/airflow/example_dags/tutorial_etl_dag.py
[2021-12-08 18:35:01,932] {processor.py:625} INFO - Processing file /usr/local/lib/python3.8/dist-packages/airflow/example_dags/tutorial_etl_dag.py for tasks to queue
[2021-12-08 18:35:01,933] {logging_mixin.py:109} INFO - [2021-12-08 18:35:01,933] {dagbag.py:500} INFO - Filling up the DagBag from /usr/local/lib/python3.8/dist-packages/airflow/example_dags/tutorial_etl_dag.py
[2021-12-08 18:35:01,951] {processor.py:637} INFO - DAG(s) dict_keys(['tutorial_etl_dag']) retrieved from /usr/local/lib/python3.8/dist-packages/airflow/example_dags/tutorial_etl_dag.py
[2021-12-08 18:35:01,954] {logging_mixin.py:109} WARNING - /usr/local/lib/python3.8/dist-packages/airflow/models/serialized_dag.py:120 SAWarning: TypeDecorator UtcDateTime(timezone=True) will not produce a cache key because the ``cache_ok`` flag is not set to True.  Set this flag to True if this type object's state is safe to use in a cache key, or False to disable this warning.
[2021-12-08 18:35:01,960] {logging_mixin.py:109} INFO - [2021-12-08 18:35:01,960] {dag.py:2396} INFO - Sync 1 DAGs
[2021-12-08 18:35:01,969] {logging_mixin.py:109} WARNING - /usr/local/lib/python3.8/dist-packages/airflow/models/dag.py:2433 SAWarning: TypeDecorator UtcDateTime(timezone=True) will not produce a cache key because the ``cache_ok`` flag is not set to True.  Set this flag to True if this type object's state is safe to use in a cache key, or False to disable this warning.
[2021-12-08 18:35:01,974] {logging_mixin.py:109} INFO - [2021-12-08 18:35:01,974] {dag.py:2928} INFO - Setting next_dagrun for tutorial_etl_dag to None
[2021-12-08 18:35:02,134] {processor.py:171} INFO - Processing /usr/local/lib/python3.8/dist-packages/airflow/example_dags/tutorial_etl_dag.py took 0.225 seconds
