[2021-12-08 18:23:01,997] {processor.py:163} INFO - Started process (PID=199) to work on /usr/local/lib/python3.8/dist-packages/airflow/example_dags/tutorial.py
[2021-12-08 18:23:01,997] {processor.py:625} INFO - Processing file /usr/local/lib/python3.8/dist-packages/airflow/example_dags/tutorial.py for tasks to queue
[2021-12-08 18:23:01,998] {logging_mixin.py:109} INFO - [2021-12-08 18:23:01,997] {dagbag.py:500} INFO - Filling up the DagBag from /usr/local/lib/python3.8/dist-packages/airflow/example_dags/tutorial.py
[2021-12-08 18:23:02,015] {processor.py:637} INFO - DAG(s) dict_keys(['tutorial']) retrieved from /usr/local/lib/python3.8/dist-packages/airflow/example_dags/tutorial.py
[2021-12-08 18:23:02,019] {logging_mixin.py:109} WARNING - /usr/local/lib/python3.8/dist-packages/airflow/models/serialized_dag.py:120 SAWarning: TypeDecorator UtcDateTime(timezone=True) will not produce a cache key because the ``cache_ok`` flag is not set to True.  Set this flag to True if this type object's state is safe to use in a cache key, or False to disable this warning.
[2021-12-08 18:23:02,022] {logging_mixin.py:109} INFO - [2021-12-08 18:23:02,021] {dag.py:2396} INFO - Sync 1 DAGs
[2021-12-08 18:23:02,030] {logging_mixin.py:109} WARNING - /usr/local/lib/python3.8/dist-packages/airflow/models/dag.py:2433 SAWarning: TypeDecorator UtcDateTime(timezone=True) will not produce a cache key because the ``cache_ok`` flag is not set to True.  Set this flag to True if this type object's state is safe to use in a cache key, or False to disable this warning.
[2021-12-08 18:23:02,037] {logging_mixin.py:109} INFO - [2021-12-08 18:23:02,037] {dag.py:2928} INFO - Setting next_dagrun for tutorial to 2021-12-07T12:53:02.036943+00:00
[2021-12-08 18:23:02,227] {processor.py:171} INFO - Processing /usr/local/lib/python3.8/dist-packages/airflow/example_dags/tutorial.py took 0.233 seconds
[2021-12-08 18:23:51,804] {processor.py:163} INFO - Started process (PID=235) to work on /usr/local/lib/python3.8/dist-packages/airflow/example_dags/tutorial.py
[2021-12-08 18:23:51,805] {processor.py:625} INFO - Processing file /usr/local/lib/python3.8/dist-packages/airflow/example_dags/tutorial.py for tasks to queue
[2021-12-08 18:23:51,806] {logging_mixin.py:109} INFO - [2021-12-08 18:23:51,806] {dagbag.py:500} INFO - Filling up the DagBag from /usr/local/lib/python3.8/dist-packages/airflow/example_dags/tutorial.py
[2021-12-08 18:23:51,823] {processor.py:637} INFO - DAG(s) dict_keys(['tutorial']) retrieved from /usr/local/lib/python3.8/dist-packages/airflow/example_dags/tutorial.py
[2021-12-08 18:23:51,827] {logging_mixin.py:109} WARNING - /usr/local/lib/python3.8/dist-packages/airflow/models/serialized_dag.py:120 SAWarning: TypeDecorator UtcDateTime(timezone=True) will not produce a cache key because the ``cache_ok`` flag is not set to True.  Set this flag to True if this type object's state is safe to use in a cache key, or False to disable this warning.
[2021-12-08 18:23:52,037] {logging_mixin.py:109} INFO - [2021-12-08 18:23:52,037] {dag.py:2396} INFO - Sync 1 DAGs
[2021-12-08 18:23:52,043] {logging_mixin.py:109} WARNING - /usr/local/lib/python3.8/dist-packages/airflow/models/dag.py:2433 SAWarning: TypeDecorator UtcDateTime(timezone=True) will not produce a cache key because the ``cache_ok`` flag is not set to True.  Set this flag to True if this type object's state is safe to use in a cache key, or False to disable this warning.
[2021-12-08 18:23:52,049] {logging_mixin.py:109} INFO - [2021-12-08 18:23:52,049] {dag.py:2928} INFO - Setting next_dagrun for tutorial to 2021-12-07T12:53:52.049432+00:00
[2021-12-08 18:23:52,241] {processor.py:171} INFO - Processing /usr/local/lib/python3.8/dist-packages/airflow/example_dags/tutorial.py took 0.439 seconds
[2021-12-08 18:24:40,136] {processor.py:163} INFO - Started process (PID=271) to work on /usr/local/lib/python3.8/dist-packages/airflow/example_dags/tutorial.py
[2021-12-08 18:24:40,161] {processor.py:625} INFO - Processing file /usr/local/lib/python3.8/dist-packages/airflow/example_dags/tutorial.py for tasks to queue
[2021-12-08 18:24:40,162] {logging_mixin.py:109} INFO - [2021-12-08 18:24:40,162] {dagbag.py:500} INFO - Filling up the DagBag from /usr/local/lib/python3.8/dist-packages/airflow/example_dags/tutorial.py
[2021-12-08 18:24:40,183] {processor.py:637} INFO - DAG(s) dict_keys(['tutorial']) retrieved from /usr/local/lib/python3.8/dist-packages/airflow/example_dags/tutorial.py
[2021-12-08 18:24:40,187] {logging_mixin.py:109} WARNING - /usr/local/lib/python3.8/dist-packages/airflow/models/serialized_dag.py:120 SAWarning: TypeDecorator UtcDateTime(timezone=True) will not produce a cache key because the ``cache_ok`` flag is not set to True.  Set this flag to True if this type object's state is safe to use in a cache key, or False to disable this warning.
[2021-12-08 18:24:40,192] {logging_mixin.py:109} INFO - [2021-12-08 18:24:40,192] {dag.py:2396} INFO - Sync 1 DAGs
[2021-12-08 18:24:40,201] {logging_mixin.py:109} WARNING - /usr/local/lib/python3.8/dist-packages/airflow/models/dag.py:2433 SAWarning: TypeDecorator UtcDateTime(timezone=True) will not produce a cache key because the ``cache_ok`` flag is not set to True.  Set this flag to True if this type object's state is safe to use in a cache key, or False to disable this warning.
[2021-12-08 18:24:40,207] {logging_mixin.py:109} INFO - [2021-12-08 18:24:40,207] {dag.py:2928} INFO - Setting next_dagrun for tutorial to 2021-12-07T12:54:40.207571+00:00
[2021-12-08 18:24:40,492] {processor.py:171} INFO - Processing /usr/local/lib/python3.8/dist-packages/airflow/example_dags/tutorial.py took 0.359 seconds
[2021-12-08 18:25:37,284] {processor.py:163} INFO - Started process (PID=313) to work on /usr/local/lib/python3.8/dist-packages/airflow/example_dags/tutorial.py
[2021-12-08 18:25:37,285] {processor.py:625} INFO - Processing file /usr/local/lib/python3.8/dist-packages/airflow/example_dags/tutorial.py for tasks to queue
[2021-12-08 18:25:37,285] {logging_mixin.py:109} INFO - [2021-12-08 18:25:37,285] {dagbag.py:500} INFO - Filling up the DagBag from /usr/local/lib/python3.8/dist-packages/airflow/example_dags/tutorial.py
[2021-12-08 18:25:37,302] {processor.py:637} INFO - DAG(s) dict_keys(['tutorial']) retrieved from /usr/local/lib/python3.8/dist-packages/airflow/example_dags/tutorial.py
[2021-12-08 18:25:37,305] {logging_mixin.py:109} WARNING - /usr/local/lib/python3.8/dist-packages/airflow/models/serialized_dag.py:120 SAWarning: TypeDecorator UtcDateTime(timezone=True) will not produce a cache key because the ``cache_ok`` flag is not set to True.  Set this flag to True if this type object's state is safe to use in a cache key, or False to disable this warning.
[2021-12-08 18:25:37,514] {logging_mixin.py:109} INFO - [2021-12-08 18:25:37,514] {dag.py:2396} INFO - Sync 1 DAGs
[2021-12-08 18:25:37,521] {logging_mixin.py:109} WARNING - /usr/local/lib/python3.8/dist-packages/airflow/models/dag.py:2433 SAWarning: TypeDecorator UtcDateTime(timezone=True) will not produce a cache key because the ``cache_ok`` flag is not set to True.  Set this flag to True if this type object's state is safe to use in a cache key, or False to disable this warning.
[2021-12-08 18:25:37,527] {logging_mixin.py:109} INFO - [2021-12-08 18:25:37,527] {dag.py:2928} INFO - Setting next_dagrun for tutorial to 2021-12-07T12:55:37.527054+00:00
[2021-12-08 18:25:37,726] {processor.py:171} INFO - Processing /usr/local/lib/python3.8/dist-packages/airflow/example_dags/tutorial.py took 0.445 seconds
[2021-12-08 18:26:34,937] {processor.py:163} INFO - Started process (PID=356) to work on /usr/local/lib/python3.8/dist-packages/airflow/example_dags/tutorial.py
[2021-12-08 18:26:34,961] {processor.py:625} INFO - Processing file /usr/local/lib/python3.8/dist-packages/airflow/example_dags/tutorial.py for tasks to queue
[2021-12-08 18:26:34,962] {logging_mixin.py:109} INFO - [2021-12-08 18:26:34,961] {dagbag.py:500} INFO - Filling up the DagBag from /usr/local/lib/python3.8/dist-packages/airflow/example_dags/tutorial.py
[2021-12-08 18:26:34,985] {processor.py:637} INFO - DAG(s) dict_keys(['tutorial']) retrieved from /usr/local/lib/python3.8/dist-packages/airflow/example_dags/tutorial.py
[2021-12-08 18:26:34,991] {logging_mixin.py:109} WARNING - /usr/local/lib/python3.8/dist-packages/airflow/models/serialized_dag.py:120 SAWarning: TypeDecorator UtcDateTime(timezone=True) will not produce a cache key because the ``cache_ok`` flag is not set to True.  Set this flag to True if this type object's state is safe to use in a cache key, or False to disable this warning.
[2021-12-08 18:26:34,999] {logging_mixin.py:109} INFO - [2021-12-08 18:26:34,999] {dag.py:2396} INFO - Sync 1 DAGs
[2021-12-08 18:26:35,009] {logging_mixin.py:109} WARNING - /usr/local/lib/python3.8/dist-packages/airflow/models/dag.py:2433 SAWarning: TypeDecorator UtcDateTime(timezone=True) will not produce a cache key because the ``cache_ok`` flag is not set to True.  Set this flag to True if this type object's state is safe to use in a cache key, or False to disable this warning.
[2021-12-08 18:26:35,015] {logging_mixin.py:109} INFO - [2021-12-08 18:26:35,015] {dag.py:2928} INFO - Setting next_dagrun for tutorial to 2021-12-07T12:56:35.015342+00:00
[2021-12-08 18:26:35,183] {processor.py:171} INFO - Processing /usr/local/lib/python3.8/dist-packages/airflow/example_dags/tutorial.py took 0.251 seconds
[2021-12-08 18:27:33,659] {processor.py:163} INFO - Started process (PID=398) to work on /usr/local/lib/python3.8/dist-packages/airflow/example_dags/tutorial.py
[2021-12-08 18:27:33,730] {processor.py:625} INFO - Processing file /usr/local/lib/python3.8/dist-packages/airflow/example_dags/tutorial.py for tasks to queue
[2021-12-08 18:27:33,730] {logging_mixin.py:109} INFO - [2021-12-08 18:27:33,730] {dagbag.py:500} INFO - Filling up the DagBag from /usr/local/lib/python3.8/dist-packages/airflow/example_dags/tutorial.py
[2021-12-08 18:27:33,753] {processor.py:637} INFO - DAG(s) dict_keys(['tutorial']) retrieved from /usr/local/lib/python3.8/dist-packages/airflow/example_dags/tutorial.py
[2021-12-08 18:27:33,757] {logging_mixin.py:109} WARNING - /usr/local/lib/python3.8/dist-packages/airflow/models/serialized_dag.py:120 SAWarning: TypeDecorator UtcDateTime(timezone=True) will not produce a cache key because the ``cache_ok`` flag is not set to True.  Set this flag to True if this type object's state is safe to use in a cache key, or False to disable this warning.
[2021-12-08 18:27:34,047] {logging_mixin.py:109} INFO - [2021-12-08 18:27:34,046] {dag.py:2396} INFO - Sync 1 DAGs
[2021-12-08 18:27:34,055] {logging_mixin.py:109} WARNING - /usr/local/lib/python3.8/dist-packages/airflow/models/dag.py:2433 SAWarning: TypeDecorator UtcDateTime(timezone=True) will not produce a cache key because the ``cache_ok`` flag is not set to True.  Set this flag to True if this type object's state is safe to use in a cache key, or False to disable this warning.
[2021-12-08 18:27:34,062] {logging_mixin.py:109} INFO - [2021-12-08 18:27:34,062] {dag.py:2928} INFO - Setting next_dagrun for tutorial to 2021-12-07T12:57:34.061870+00:00
[2021-12-08 18:27:34,250] {processor.py:171} INFO - Processing /usr/local/lib/python3.8/dist-packages/airflow/example_dags/tutorial.py took 0.593 seconds
[2021-12-08 18:28:32,373] {processor.py:163} INFO - Started process (PID=441) to work on /usr/local/lib/python3.8/dist-packages/airflow/example_dags/tutorial.py
[2021-12-08 18:28:32,390] {processor.py:625} INFO - Processing file /usr/local/lib/python3.8/dist-packages/airflow/example_dags/tutorial.py for tasks to queue
[2021-12-08 18:28:32,391] {logging_mixin.py:109} INFO - [2021-12-08 18:28:32,391] {dagbag.py:500} INFO - Filling up the DagBag from /usr/local/lib/python3.8/dist-packages/airflow/example_dags/tutorial.py
[2021-12-08 18:28:32,410] {processor.py:637} INFO - DAG(s) dict_keys(['tutorial']) retrieved from /usr/local/lib/python3.8/dist-packages/airflow/example_dags/tutorial.py
[2021-12-08 18:28:32,413] {logging_mixin.py:109} WARNING - /usr/local/lib/python3.8/dist-packages/airflow/models/serialized_dag.py:120 SAWarning: TypeDecorator UtcDateTime(timezone=True) will not produce a cache key because the ``cache_ok`` flag is not set to True.  Set this flag to True if this type object's state is safe to use in a cache key, or False to disable this warning.
[2021-12-08 18:28:32,415] {logging_mixin.py:109} INFO - [2021-12-08 18:28:32,415] {dag.py:2396} INFO - Sync 1 DAGs
[2021-12-08 18:28:32,423] {logging_mixin.py:109} WARNING - /usr/local/lib/python3.8/dist-packages/airflow/models/dag.py:2433 SAWarning: TypeDecorator UtcDateTime(timezone=True) will not produce a cache key because the ``cache_ok`` flag is not set to True.  Set this flag to True if this type object's state is safe to use in a cache key, or False to disable this warning.
[2021-12-08 18:28:32,429] {logging_mixin.py:109} INFO - [2021-12-08 18:28:32,429] {dag.py:2928} INFO - Setting next_dagrun for tutorial to 2021-12-07T12:58:32.429639+00:00
[2021-12-08 18:28:32,618] {processor.py:171} INFO - Processing /usr/local/lib/python3.8/dist-packages/airflow/example_dags/tutorial.py took 0.248 seconds
[2021-12-08 18:29:28,220] {processor.py:163} INFO - Started process (PID=482) to work on /usr/local/lib/python3.8/dist-packages/airflow/example_dags/tutorial.py
[2021-12-08 18:29:28,254] {processor.py:625} INFO - Processing file /usr/local/lib/python3.8/dist-packages/airflow/example_dags/tutorial.py for tasks to queue
[2021-12-08 18:29:28,255] {logging_mixin.py:109} INFO - [2021-12-08 18:29:28,255] {dagbag.py:500} INFO - Filling up the DagBag from /usr/local/lib/python3.8/dist-packages/airflow/example_dags/tutorial.py
[2021-12-08 18:29:28,276] {processor.py:637} INFO - DAG(s) dict_keys(['tutorial']) retrieved from /usr/local/lib/python3.8/dist-packages/airflow/example_dags/tutorial.py
[2021-12-08 18:29:28,279] {logging_mixin.py:109} WARNING - /usr/local/lib/python3.8/dist-packages/airflow/models/serialized_dag.py:120 SAWarning: TypeDecorator UtcDateTime(timezone=True) will not produce a cache key because the ``cache_ok`` flag is not set to True.  Set this flag to True if this type object's state is safe to use in a cache key, or False to disable this warning.
[2021-12-08 18:29:28,490] {logging_mixin.py:109} INFO - [2021-12-08 18:29:28,490] {dag.py:2396} INFO - Sync 1 DAGs
[2021-12-08 18:29:28,496] {logging_mixin.py:109} WARNING - /usr/local/lib/python3.8/dist-packages/airflow/models/dag.py:2433 SAWarning: TypeDecorator UtcDateTime(timezone=True) will not produce a cache key because the ``cache_ok`` flag is not set to True.  Set this flag to True if this type object's state is safe to use in a cache key, or False to disable this warning.
[2021-12-08 18:29:28,502] {logging_mixin.py:109} INFO - [2021-12-08 18:29:28,502] {dag.py:2928} INFO - Setting next_dagrun for tutorial to 2021-12-07T12:59:28.502206+00:00
[2021-12-08 18:29:28,699] {processor.py:171} INFO - Processing /usr/local/lib/python3.8/dist-packages/airflow/example_dags/tutorial.py took 0.482 seconds
[2021-12-08 18:30:24,339] {processor.py:163} INFO - Started process (PID=524) to work on /usr/local/lib/python3.8/dist-packages/airflow/example_dags/tutorial.py
[2021-12-08 18:30:24,340] {processor.py:625} INFO - Processing file /usr/local/lib/python3.8/dist-packages/airflow/example_dags/tutorial.py for tasks to queue
[2021-12-08 18:30:24,340] {logging_mixin.py:109} INFO - [2021-12-08 18:30:24,340] {dagbag.py:500} INFO - Filling up the DagBag from /usr/local/lib/python3.8/dist-packages/airflow/example_dags/tutorial.py
[2021-12-08 18:30:24,357] {processor.py:637} INFO - DAG(s) dict_keys(['tutorial']) retrieved from /usr/local/lib/python3.8/dist-packages/airflow/example_dags/tutorial.py
[2021-12-08 18:30:24,360] {logging_mixin.py:109} WARNING - /usr/local/lib/python3.8/dist-packages/airflow/models/serialized_dag.py:120 SAWarning: TypeDecorator UtcDateTime(timezone=True) will not produce a cache key because the ``cache_ok`` flag is not set to True.  Set this flag to True if this type object's state is safe to use in a cache key, or False to disable this warning.
[2021-12-08 18:30:24,362] {logging_mixin.py:109} INFO - [2021-12-08 18:30:24,362] {dag.py:2396} INFO - Sync 1 DAGs
[2021-12-08 18:30:24,370] {logging_mixin.py:109} WARNING - /usr/local/lib/python3.8/dist-packages/airflow/models/dag.py:2433 SAWarning: TypeDecorator UtcDateTime(timezone=True) will not produce a cache key because the ``cache_ok`` flag is not set to True.  Set this flag to True if this type object's state is safe to use in a cache key, or False to disable this warning.
[2021-12-08 18:30:24,376] {logging_mixin.py:109} INFO - [2021-12-08 18:30:24,376] {dag.py:2928} INFO - Setting next_dagrun for tutorial to 2021-12-07T13:00:24.376234+00:00
[2021-12-08 18:30:24,576] {processor.py:171} INFO - Processing /usr/local/lib/python3.8/dist-packages/airflow/example_dags/tutorial.py took 0.239 seconds
[2021-12-08 18:31:19,825] {processor.py:163} INFO - Started process (PID=566) to work on /usr/local/lib/python3.8/dist-packages/airflow/example_dags/tutorial.py
[2021-12-08 18:31:19,826] {processor.py:625} INFO - Processing file /usr/local/lib/python3.8/dist-packages/airflow/example_dags/tutorial.py for tasks to queue
[2021-12-08 18:31:19,826] {logging_mixin.py:109} INFO - [2021-12-08 18:31:19,826] {dagbag.py:500} INFO - Filling up the DagBag from /usr/local/lib/python3.8/dist-packages/airflow/example_dags/tutorial.py
[2021-12-08 18:31:19,844] {processor.py:637} INFO - DAG(s) dict_keys(['tutorial']) retrieved from /usr/local/lib/python3.8/dist-packages/airflow/example_dags/tutorial.py
[2021-12-08 18:31:19,848] {logging_mixin.py:109} WARNING - /usr/local/lib/python3.8/dist-packages/airflow/models/serialized_dag.py:120 SAWarning: TypeDecorator UtcDateTime(timezone=True) will not produce a cache key because the ``cache_ok`` flag is not set to True.  Set this flag to True if this type object's state is safe to use in a cache key, or False to disable this warning.
[2021-12-08 18:31:20,058] {logging_mixin.py:109} INFO - [2021-12-08 18:31:20,057] {dag.py:2396} INFO - Sync 1 DAGs
[2021-12-08 18:31:20,064] {logging_mixin.py:109} WARNING - /usr/local/lib/python3.8/dist-packages/airflow/models/dag.py:2433 SAWarning: TypeDecorator UtcDateTime(timezone=True) will not produce a cache key because the ``cache_ok`` flag is not set to True.  Set this flag to True if this type object's state is safe to use in a cache key, or False to disable this warning.
[2021-12-08 18:31:20,071] {logging_mixin.py:109} INFO - [2021-12-08 18:31:20,071] {dag.py:2928} INFO - Setting next_dagrun for tutorial to 2021-12-07T13:01:20.070822+00:00
[2021-12-08 18:31:20,331] {processor.py:171} INFO - Processing /usr/local/lib/python3.8/dist-packages/airflow/example_dags/tutorial.py took 0.508 seconds
[2021-12-08 18:32:17,709] {processor.py:163} INFO - Started process (PID=608) to work on /usr/local/lib/python3.8/dist-packages/airflow/example_dags/tutorial.py
[2021-12-08 18:32:17,727] {processor.py:625} INFO - Processing file /usr/local/lib/python3.8/dist-packages/airflow/example_dags/tutorial.py for tasks to queue
[2021-12-08 18:32:17,728] {logging_mixin.py:109} INFO - [2021-12-08 18:32:17,728] {dagbag.py:500} INFO - Filling up the DagBag from /usr/local/lib/python3.8/dist-packages/airflow/example_dags/tutorial.py
[2021-12-08 18:32:17,747] {processor.py:637} INFO - DAG(s) dict_keys(['tutorial']) retrieved from /usr/local/lib/python3.8/dist-packages/airflow/example_dags/tutorial.py
[2021-12-08 18:32:17,751] {logging_mixin.py:109} WARNING - /usr/local/lib/python3.8/dist-packages/airflow/models/serialized_dag.py:120 SAWarning: TypeDecorator UtcDateTime(timezone=True) will not produce a cache key because the ``cache_ok`` flag is not set to True.  Set this flag to True if this type object's state is safe to use in a cache key, or False to disable this warning.
[2021-12-08 18:32:17,753] {logging_mixin.py:109} INFO - [2021-12-08 18:32:17,753] {dag.py:2396} INFO - Sync 1 DAGs
[2021-12-08 18:32:17,761] {logging_mixin.py:109} WARNING - /usr/local/lib/python3.8/dist-packages/airflow/models/dag.py:2433 SAWarning: TypeDecorator UtcDateTime(timezone=True) will not produce a cache key because the ``cache_ok`` flag is not set to True.  Set this flag to True if this type object's state is safe to use in a cache key, or False to disable this warning.
[2021-12-08 18:32:17,767] {logging_mixin.py:109} INFO - [2021-12-08 18:32:17,767] {dag.py:2928} INFO - Setting next_dagrun for tutorial to 2021-12-07T13:02:17.767124+00:00
[2021-12-08 18:32:17,925] {processor.py:171} INFO - Processing /usr/local/lib/python3.8/dist-packages/airflow/example_dags/tutorial.py took 0.220 seconds
[2021-12-08 18:33:15,208] {processor.py:163} INFO - Started process (PID=651) to work on /usr/local/lib/python3.8/dist-packages/airflow/example_dags/tutorial.py
[2021-12-08 18:33:15,263] {processor.py:625} INFO - Processing file /usr/local/lib/python3.8/dist-packages/airflow/example_dags/tutorial.py for tasks to queue
[2021-12-08 18:33:15,264] {logging_mixin.py:109} INFO - [2021-12-08 18:33:15,264] {dagbag.py:500} INFO - Filling up the DagBag from /usr/local/lib/python3.8/dist-packages/airflow/example_dags/tutorial.py
[2021-12-08 18:33:15,298] {processor.py:637} INFO - DAG(s) dict_keys(['tutorial']) retrieved from /usr/local/lib/python3.8/dist-packages/airflow/example_dags/tutorial.py
[2021-12-08 18:33:15,301] {logging_mixin.py:109} WARNING - /usr/local/lib/python3.8/dist-packages/airflow/models/serialized_dag.py:120 SAWarning: TypeDecorator UtcDateTime(timezone=True) will not produce a cache key because the ``cache_ok`` flag is not set to True.  Set this flag to True if this type object's state is safe to use in a cache key, or False to disable this warning.
[2021-12-08 18:33:15,513] {logging_mixin.py:109} INFO - [2021-12-08 18:33:15,513] {dag.py:2396} INFO - Sync 1 DAGs
[2021-12-08 18:33:15,520] {logging_mixin.py:109} WARNING - /usr/local/lib/python3.8/dist-packages/airflow/models/dag.py:2433 SAWarning: TypeDecorator UtcDateTime(timezone=True) will not produce a cache key because the ``cache_ok`` flag is not set to True.  Set this flag to True if this type object's state is safe to use in a cache key, or False to disable this warning.
[2021-12-08 18:33:15,526] {logging_mixin.py:109} INFO - [2021-12-08 18:33:15,526] {dag.py:2928} INFO - Setting next_dagrun for tutorial to 2021-12-07T13:03:15.526245+00:00
[2021-12-08 18:33:15,766] {processor.py:171} INFO - Processing /usr/local/lib/python3.8/dist-packages/airflow/example_dags/tutorial.py took 0.561 seconds
[2021-12-08 18:34:05,056] {processor.py:163} INFO - Started process (PID=689) to work on /usr/local/lib/python3.8/dist-packages/airflow/example_dags/tutorial.py
[2021-12-08 18:34:05,073] {processor.py:625} INFO - Processing file /usr/local/lib/python3.8/dist-packages/airflow/example_dags/tutorial.py for tasks to queue
[2021-12-08 18:34:05,074] {logging_mixin.py:109} INFO - [2021-12-08 18:34:05,074] {dagbag.py:500} INFO - Filling up the DagBag from /usr/local/lib/python3.8/dist-packages/airflow/example_dags/tutorial.py
[2021-12-08 18:34:05,092] {processor.py:637} INFO - DAG(s) dict_keys(['tutorial']) retrieved from /usr/local/lib/python3.8/dist-packages/airflow/example_dags/tutorial.py
[2021-12-08 18:34:05,096] {logging_mixin.py:109} WARNING - /usr/local/lib/python3.8/dist-packages/airflow/models/serialized_dag.py:120 SAWarning: TypeDecorator UtcDateTime(timezone=True) will not produce a cache key because the ``cache_ok`` flag is not set to True.  Set this flag to True if this type object's state is safe to use in a cache key, or False to disable this warning.
[2021-12-08 18:34:05,102] {logging_mixin.py:109} INFO - [2021-12-08 18:34:05,102] {dag.py:2396} INFO - Sync 1 DAGs
[2021-12-08 18:34:05,110] {logging_mixin.py:109} WARNING - /usr/local/lib/python3.8/dist-packages/airflow/models/dag.py:2433 SAWarning: TypeDecorator UtcDateTime(timezone=True) will not produce a cache key because the ``cache_ok`` flag is not set to True.  Set this flag to True if this type object's state is safe to use in a cache key, or False to disable this warning.
[2021-12-08 18:34:05,116] {logging_mixin.py:109} INFO - [2021-12-08 18:34:05,116] {dag.py:2928} INFO - Setting next_dagrun for tutorial to 2021-12-07T13:04:05.116207+00:00
[2021-12-08 18:34:05,328] {processor.py:171} INFO - Processing /usr/local/lib/python3.8/dist-packages/airflow/example_dags/tutorial.py took 0.274 seconds
[2021-12-08 18:35:03,480] {processor.py:163} INFO - Started process (PID=732) to work on /usr/local/lib/python3.8/dist-packages/airflow/example_dags/tutorial.py
[2021-12-08 18:35:03,499] {processor.py:625} INFO - Processing file /usr/local/lib/python3.8/dist-packages/airflow/example_dags/tutorial.py for tasks to queue
[2021-12-08 18:35:03,500] {logging_mixin.py:109} INFO - [2021-12-08 18:35:03,500] {dagbag.py:500} INFO - Filling up the DagBag from /usr/local/lib/python3.8/dist-packages/airflow/example_dags/tutorial.py
[2021-12-08 18:35:03,517] {processor.py:637} INFO - DAG(s) dict_keys(['tutorial']) retrieved from /usr/local/lib/python3.8/dist-packages/airflow/example_dags/tutorial.py
[2021-12-08 18:35:03,521] {logging_mixin.py:109} WARNING - /usr/local/lib/python3.8/dist-packages/airflow/models/serialized_dag.py:120 SAWarning: TypeDecorator UtcDateTime(timezone=True) will not produce a cache key because the ``cache_ok`` flag is not set to True.  Set this flag to True if this type object's state is safe to use in a cache key, or False to disable this warning.
[2021-12-08 18:35:03,773] {logging_mixin.py:109} INFO - [2021-12-08 18:35:03,773] {dag.py:2396} INFO - Sync 1 DAGs
[2021-12-08 18:35:03,780] {logging_mixin.py:109} WARNING - /usr/local/lib/python3.8/dist-packages/airflow/models/dag.py:2433 SAWarning: TypeDecorator UtcDateTime(timezone=True) will not produce a cache key because the ``cache_ok`` flag is not set to True.  Set this flag to True if this type object's state is safe to use in a cache key, or False to disable this warning.
[2021-12-08 18:35:03,787] {logging_mixin.py:109} INFO - [2021-12-08 18:35:03,787] {dag.py:2928} INFO - Setting next_dagrun for tutorial to 2021-12-07T13:05:03.787289+00:00
[2021-12-08 18:35:03,990] {processor.py:171} INFO - Processing /usr/local/lib/python3.8/dist-packages/airflow/example_dags/tutorial.py took 0.513 seconds
