[2021-12-06 19:20:31,986] {taskinstance.py:1035} INFO - Dependencies all met for <TaskInstance: tutorial.sleep scheduled__2021-12-05T13:50:04.198113+00:00 [queued]>
[2021-12-06 19:20:31,992] {taskinstance.py:1035} INFO - Dependencies all met for <TaskInstance: tutorial.sleep scheduled__2021-12-05T13:50:04.198113+00:00 [queued]>
[2021-12-06 19:20:31,992] {taskinstance.py:1241} INFO - 
--------------------------------------------------------------------------------
[2021-12-06 19:20:31,993] {taskinstance.py:1242} INFO - Starting attempt 1 of 4
[2021-12-06 19:20:31,993] {taskinstance.py:1243} INFO - 
--------------------------------------------------------------------------------
[2021-12-06 19:20:32,273] {taskinstance.py:1262} INFO - Executing <Task(BashOperator): sleep> on 2021-12-05 13:50:04.198113+00:00
[2021-12-06 19:20:32,277] {standard_task_runner.py:52} INFO - Started process 2240 to run task
[2021-12-06 19:20:32,403] {standard_task_runner.py:76} INFO - Running: ['airflow', 'tasks', 'run', 'tutorial', 'sleep', 'scheduled__2021-12-05T13:50:04.198113+00:00', '--job-id', '4', '--raw', '--subdir', 'DAGS_FOLDER/tutorial.py', '--cfg-path', '/tmp/tmpoeqltnd6', '--error-file', '/tmp/tmp_ec_1z7e']
[2021-12-06 19:20:32,404] {standard_task_runner.py:77} INFO - Job 4: Subtask sleep
[2021-12-06 19:20:33,003] {logging_mixin.py:109} INFO - Running <TaskInstance: tutorial.sleep scheduled__2021-12-05T13:50:04.198113+00:00 [running]> on host DESKTOP-M84DNKN.localdomain
[2021-12-06 19:20:33,871] {logging_mixin.py:109} WARNING - /usr/local/lib/python3.8/dist-packages/airflow/models/xcom.py:323 SAWarning: TypeDecorator UtcDateTime(timezone=True) will not produce a cache key because the ``cache_ok`` flag is not set to True.  Set this flag to True if this type object's state is safe to use in a cache key, or False to disable this warning.
[2021-12-06 19:20:33,881] {logging_mixin.py:109} WARNING - /usr/local/lib/python3.8/dist-packages/airflow/models/renderedtifields.py:126 SAWarning: TypeDecorator UtcDateTime(timezone=True) will not produce a cache key because the ``cache_ok`` flag is not set to True.  Set this flag to True if this type object's state is safe to use in a cache key, or False to disable this warning.
[2021-12-06 19:20:34,361] {logging_mixin.py:109} WARNING - /usr/local/lib/python3.8/dist-packages/airflow/models/renderedtifields.py:162 SAWarning: Coercing Subquery object into a select() for use in IN(); please pass a select() construct explicitly
[2021-12-06 19:20:34,363] {logging_mixin.py:109} WARNING - /usr/local/lib/python3.8/dist-packages/airflow/models/renderedtifields.py:159 SAWarning: TypeDecorator UtcDateTime(timezone=True) will not produce a cache key because the ``cache_ok`` flag is not set to True.  Set this flag to True if this type object's state is safe to use in a cache key, or False to disable this warning.
[2021-12-06 19:20:34,365] {taskinstance.py:1427} INFO - Exporting the following env vars:
AIRFLOW_CTX_DAG_EMAIL=airflow@example.com
AIRFLOW_CTX_DAG_OWNER=airflow
AIRFLOW_CTX_DAG_ID=tutorial
AIRFLOW_CTX_TASK_ID=sleep
AIRFLOW_CTX_EXECUTION_DATE=2021-12-05T13:50:04.198113+00:00
AIRFLOW_CTX_DAG_RUN_ID=scheduled__2021-12-05T13:50:04.198113+00:00
[2021-12-06 19:20:34,366] {subprocess.py:62} INFO - Tmp dir root location: 
 /tmp
[2021-12-06 19:20:34,366] {subprocess.py:74} INFO - Running command: ['bash', '-c', 'sleep 5']
[2021-12-06 19:20:34,390] {subprocess.py:85} INFO - Output:
[2021-12-06 19:20:39,477] {subprocess.py:93} INFO - Command exited with return code 0
[2021-12-06 19:20:39,527] {logging_mixin.py:109} WARNING - /usr/local/lib/python3.8/dist-packages/airflow/models/xcom.py:103 SAWarning: TypeDecorator UtcDateTime(timezone=True) will not produce a cache key because the ``cache_ok`` flag is not set to True.  Set this flag to True if this type object's state is safe to use in a cache key, or False to disable this warning.
[2021-12-06 19:20:39,884] {taskinstance.py:1270} INFO - Marking task as SUCCESS. dag_id=tutorial, task_id=sleep, execution_date=20211205T135004, start_date=20211206T135031, end_date=20211206T135039
[2021-12-06 19:20:40,071] {local_task_job.py:154} INFO - Task exited with return code 0
[2021-12-06 19:20:40,082] {local_task_job.py:264} INFO - 0 downstream tasks scheduled from follow-on schedule check
[2021-12-06 19:20:40,083] {logging_mixin.py:109} WARNING - /usr/local/lib/python3.8/dist-packages/airflow/models/dag.py:1076 SADeprecationWarning: Query.value() is deprecated and will be removed in a future release.  Please use Query.with_entities() in combination with Query.scalar() (deprecated since: 1.4)
[2021-12-06 19:20:40,084] {logging_mixin.py:109} WARNING - /usr/local/lib/python3.8/dist-packages/airflow/models/dag.py:1076 SADeprecationWarning: Query.values() is deprecated and will be removed in a future release.  Please use Query.with_entities() (deprecated since: 1.4)
