[2021-11-29 16:15:32,437] {processor.py:163} INFO - Started process (PID=4986) to work on /usr/local/lib/python3.8/dist-packages/airflow/example_dags/subdags/subdag.py
[2021-11-29 16:15:32,438] {processor.py:625} INFO - Processing file /usr/local/lib/python3.8/dist-packages/airflow/example_dags/subdags/subdag.py for tasks to queue
[2021-11-29 16:15:32,439] {logging_mixin.py:109} INFO - [2021-11-29 16:15:32,439] {dagbag.py:500} INFO - Filling up the DagBag from /usr/local/lib/python3.8/dist-packages/airflow/example_dags/subdags/subdag.py
[2021-11-29 16:15:32,473] {processor.py:639} WARNING - No viable dags retrieved from /usr/local/lib/python3.8/dist-packages/airflow/example_dags/subdags/subdag.py
[2021-11-29 16:15:32,508] {processor.py:171} INFO - Processing /usr/local/lib/python3.8/dist-packages/airflow/example_dags/subdags/subdag.py took 0.084 seconds
[2021-11-29 16:16:38,547] {processor.py:163} INFO - Started process (PID=5165) to work on /usr/local/lib/python3.8/dist-packages/airflow/example_dags/subdags/subdag.py
[2021-11-29 16:16:38,572] {processor.py:625} INFO - Processing file /usr/local/lib/python3.8/dist-packages/airflow/example_dags/subdags/subdag.py for tasks to queue
[2021-11-29 16:16:38,574] {logging_mixin.py:109} INFO - [2021-11-29 16:16:38,574] {dagbag.py:500} INFO - Filling up the DagBag from /usr/local/lib/python3.8/dist-packages/airflow/example_dags/subdags/subdag.py
[2021-11-29 16:16:38,618] {processor.py:639} WARNING - No viable dags retrieved from /usr/local/lib/python3.8/dist-packages/airflow/example_dags/subdags/subdag.py
[2021-11-29 16:16:38,623] {processor.py:171} INFO - Processing /usr/local/lib/python3.8/dist-packages/airflow/example_dags/subdags/subdag.py took 0.091 seconds
[2021-11-29 16:17:34,594] {processor.py:163} INFO - Started process (PID=5347) to work on /usr/local/lib/python3.8/dist-packages/airflow/example_dags/subdags/subdag.py
[2021-11-29 16:17:34,618] {processor.py:625} INFO - Processing file /usr/local/lib/python3.8/dist-packages/airflow/example_dags/subdags/subdag.py for tasks to queue
[2021-11-29 16:17:34,619] {logging_mixin.py:109} INFO - [2021-11-29 16:17:34,619] {dagbag.py:500} INFO - Filling up the DagBag from /usr/local/lib/python3.8/dist-packages/airflow/example_dags/subdags/subdag.py
[2021-11-29 16:17:34,667] {processor.py:639} WARNING - No viable dags retrieved from /usr/local/lib/python3.8/dist-packages/airflow/example_dags/subdags/subdag.py
[2021-11-29 16:17:34,685] {processor.py:171} INFO - Processing /usr/local/lib/python3.8/dist-packages/airflow/example_dags/subdags/subdag.py took 0.099 seconds
[2021-11-29 16:18:32,836] {processor.py:163} INFO - Started process (PID=5516) to work on /usr/local/lib/python3.8/dist-packages/airflow/example_dags/subdags/subdag.py
[2021-11-29 16:18:32,852] {processor.py:625} INFO - Processing file /usr/local/lib/python3.8/dist-packages/airflow/example_dags/subdags/subdag.py for tasks to queue
[2021-11-29 16:18:32,853] {logging_mixin.py:109} INFO - [2021-11-29 16:18:32,853] {dagbag.py:500} INFO - Filling up the DagBag from /usr/local/lib/python3.8/dist-packages/airflow/example_dags/subdags/subdag.py
[2021-11-29 16:18:32,904] {processor.py:639} WARNING - No viable dags retrieved from /usr/local/lib/python3.8/dist-packages/airflow/example_dags/subdags/subdag.py
[2021-11-29 16:18:32,920] {processor.py:171} INFO - Processing /usr/local/lib/python3.8/dist-packages/airflow/example_dags/subdags/subdag.py took 0.090 seconds
[2021-11-29 16:19:28,118] {processor.py:163} INFO - Started process (PID=5682) to work on /usr/local/lib/python3.8/dist-packages/airflow/example_dags/subdags/subdag.py
[2021-11-29 16:19:28,154] {processor.py:625} INFO - Processing file /usr/local/lib/python3.8/dist-packages/airflow/example_dags/subdags/subdag.py for tasks to queue
[2021-11-29 16:19:28,155] {logging_mixin.py:109} INFO - [2021-11-29 16:19:28,155] {dagbag.py:500} INFO - Filling up the DagBag from /usr/local/lib/python3.8/dist-packages/airflow/example_dags/subdags/subdag.py
[2021-11-29 16:19:28,203] {processor.py:639} WARNING - No viable dags retrieved from /usr/local/lib/python3.8/dist-packages/airflow/example_dags/subdags/subdag.py
[2021-11-29 16:19:28,218] {processor.py:171} INFO - Processing /usr/local/lib/python3.8/dist-packages/airflow/example_dags/subdags/subdag.py took 0.116 seconds
[2021-11-29 16:20:22,456] {processor.py:163} INFO - Started process (PID=5852) to work on /usr/local/lib/python3.8/dist-packages/airflow/example_dags/subdags/subdag.py
[2021-11-29 16:20:22,478] {processor.py:625} INFO - Processing file /usr/local/lib/python3.8/dist-packages/airflow/example_dags/subdags/subdag.py for tasks to queue
[2021-11-29 16:20:22,479] {logging_mixin.py:109} INFO - [2021-11-29 16:20:22,479] {dagbag.py:500} INFO - Filling up the DagBag from /usr/local/lib/python3.8/dist-packages/airflow/example_dags/subdags/subdag.py
[2021-11-29 16:20:22,509] {processor.py:639} WARNING - No viable dags retrieved from /usr/local/lib/python3.8/dist-packages/airflow/example_dags/subdags/subdag.py
[2021-11-29 16:20:22,514] {processor.py:171} INFO - Processing /usr/local/lib/python3.8/dist-packages/airflow/example_dags/subdags/subdag.py took 0.073 seconds
[2021-11-29 16:21:16,264] {processor.py:163} INFO - Started process (PID=6025) to work on /usr/local/lib/python3.8/dist-packages/airflow/example_dags/subdags/subdag.py
[2021-11-29 16:21:16,298] {processor.py:625} INFO - Processing file /usr/local/lib/python3.8/dist-packages/airflow/example_dags/subdags/subdag.py for tasks to queue
[2021-11-29 16:21:16,299] {logging_mixin.py:109} INFO - [2021-11-29 16:21:16,299] {dagbag.py:500} INFO - Filling up the DagBag from /usr/local/lib/python3.8/dist-packages/airflow/example_dags/subdags/subdag.py
[2021-11-29 16:21:16,329] {processor.py:639} WARNING - No viable dags retrieved from /usr/local/lib/python3.8/dist-packages/airflow/example_dags/subdags/subdag.py
[2021-11-29 16:21:16,333] {processor.py:171} INFO - Processing /usr/local/lib/python3.8/dist-packages/airflow/example_dags/subdags/subdag.py took 0.073 seconds
[2021-11-29 16:22:14,456] {processor.py:163} INFO - Started process (PID=6203) to work on /usr/local/lib/python3.8/dist-packages/airflow/example_dags/subdags/subdag.py
[2021-11-29 16:22:14,466] {processor.py:625} INFO - Processing file /usr/local/lib/python3.8/dist-packages/airflow/example_dags/subdags/subdag.py for tasks to queue
[2021-11-29 16:22:14,467] {logging_mixin.py:109} INFO - [2021-11-29 16:22:14,467] {dagbag.py:500} INFO - Filling up the DagBag from /usr/local/lib/python3.8/dist-packages/airflow/example_dags/subdags/subdag.py
[2021-11-29 16:22:14,510] {processor.py:639} WARNING - No viable dags retrieved from /usr/local/lib/python3.8/dist-packages/airflow/example_dags/subdags/subdag.py
[2021-11-29 16:22:14,526] {processor.py:171} INFO - Processing /usr/local/lib/python3.8/dist-packages/airflow/example_dags/subdags/subdag.py took 0.085 seconds
[2021-11-29 16:23:10,344] {processor.py:163} INFO - Started process (PID=6379) to work on /usr/local/lib/python3.8/dist-packages/airflow/example_dags/subdags/subdag.py
[2021-11-29 16:23:10,383] {processor.py:625} INFO - Processing file /usr/local/lib/python3.8/dist-packages/airflow/example_dags/subdags/subdag.py for tasks to queue
[2021-11-29 16:23:10,384] {logging_mixin.py:109} INFO - [2021-11-29 16:23:10,384] {dagbag.py:500} INFO - Filling up the DagBag from /usr/local/lib/python3.8/dist-packages/airflow/example_dags/subdags/subdag.py
[2021-11-29 16:23:10,433] {processor.py:639} WARNING - No viable dags retrieved from /usr/local/lib/python3.8/dist-packages/airflow/example_dags/subdags/subdag.py
[2021-11-29 16:23:10,438] {processor.py:171} INFO - Processing /usr/local/lib/python3.8/dist-packages/airflow/example_dags/subdags/subdag.py took 0.097 seconds
[2021-11-29 16:24:05,809] {processor.py:163} INFO - Started process (PID=6549) to work on /usr/local/lib/python3.8/dist-packages/airflow/example_dags/subdags/subdag.py
[2021-11-29 16:24:05,859] {processor.py:625} INFO - Processing file /usr/local/lib/python3.8/dist-packages/airflow/example_dags/subdags/subdag.py for tasks to queue
[2021-11-29 16:24:05,860] {logging_mixin.py:109} INFO - [2021-11-29 16:24:05,859] {dagbag.py:500} INFO - Filling up the DagBag from /usr/local/lib/python3.8/dist-packages/airflow/example_dags/subdags/subdag.py
[2021-11-29 16:24:05,959] {processor.py:639} WARNING - No viable dags retrieved from /usr/local/lib/python3.8/dist-packages/airflow/example_dags/subdags/subdag.py
[2021-11-29 16:24:05,976] {processor.py:171} INFO - Processing /usr/local/lib/python3.8/dist-packages/airflow/example_dags/subdags/subdag.py took 0.200 seconds
[2021-11-29 16:25:07,459] {processor.py:163} INFO - Started process (PID=6711) to work on /usr/local/lib/python3.8/dist-packages/airflow/example_dags/subdags/subdag.py
[2021-11-29 16:25:07,489] {processor.py:625} INFO - Processing file /usr/local/lib/python3.8/dist-packages/airflow/example_dags/subdags/subdag.py for tasks to queue
[2021-11-29 16:25:07,490] {logging_mixin.py:109} INFO - [2021-11-29 16:25:07,490] {dagbag.py:500} INFO - Filling up the DagBag from /usr/local/lib/python3.8/dist-packages/airflow/example_dags/subdags/subdag.py
[2021-11-29 16:25:07,559] {processor.py:639} WARNING - No viable dags retrieved from /usr/local/lib/python3.8/dist-packages/airflow/example_dags/subdags/subdag.py
[2021-11-29 16:25:07,564] {processor.py:171} INFO - Processing /usr/local/lib/python3.8/dist-packages/airflow/example_dags/subdags/subdag.py took 0.109 seconds
[2021-11-29 16:26:02,232] {processor.py:163} INFO - Started process (PID=6886) to work on /usr/local/lib/python3.8/dist-packages/airflow/example_dags/subdags/subdag.py
[2021-11-29 16:26:02,251] {processor.py:625} INFO - Processing file /usr/local/lib/python3.8/dist-packages/airflow/example_dags/subdags/subdag.py for tasks to queue
[2021-11-29 16:26:02,252] {logging_mixin.py:109} INFO - [2021-11-29 16:26:02,252] {dagbag.py:500} INFO - Filling up the DagBag from /usr/local/lib/python3.8/dist-packages/airflow/example_dags/subdags/subdag.py
[2021-11-29 16:26:02,288] {processor.py:639} WARNING - No viable dags retrieved from /usr/local/lib/python3.8/dist-packages/airflow/example_dags/subdags/subdag.py
[2021-11-29 16:26:02,294] {processor.py:171} INFO - Processing /usr/local/lib/python3.8/dist-packages/airflow/example_dags/subdags/subdag.py took 0.109 seconds
[2021-11-29 16:26:56,326] {processor.py:163} INFO - Started process (PID=7049) to work on /usr/local/lib/python3.8/dist-packages/airflow/example_dags/subdags/subdag.py
[2021-11-29 16:26:56,347] {processor.py:625} INFO - Processing file /usr/local/lib/python3.8/dist-packages/airflow/example_dags/subdags/subdag.py for tasks to queue
[2021-11-29 16:26:56,348] {logging_mixin.py:109} INFO - [2021-11-29 16:26:56,348] {dagbag.py:500} INFO - Filling up the DagBag from /usr/local/lib/python3.8/dist-packages/airflow/example_dags/subdags/subdag.py
[2021-11-29 16:26:56,378] {processor.py:639} WARNING - No viable dags retrieved from /usr/local/lib/python3.8/dist-packages/airflow/example_dags/subdags/subdag.py
[2021-11-29 16:26:56,383] {processor.py:171} INFO - Processing /usr/local/lib/python3.8/dist-packages/airflow/example_dags/subdags/subdag.py took 0.073 seconds
[2021-11-29 16:27:50,536] {processor.py:163} INFO - Started process (PID=7208) to work on /usr/local/lib/python3.8/dist-packages/airflow/example_dags/subdags/subdag.py
[2021-11-29 16:27:50,549] {processor.py:625} INFO - Processing file /usr/local/lib/python3.8/dist-packages/airflow/example_dags/subdags/subdag.py for tasks to queue
[2021-11-29 16:27:50,551] {logging_mixin.py:109} INFO - [2021-11-29 16:27:50,550] {dagbag.py:500} INFO - Filling up the DagBag from /usr/local/lib/python3.8/dist-packages/airflow/example_dags/subdags/subdag.py
[2021-11-29 16:27:50,595] {processor.py:639} WARNING - No viable dags retrieved from /usr/local/lib/python3.8/dist-packages/airflow/example_dags/subdags/subdag.py
[2021-11-29 16:27:50,600] {processor.py:171} INFO - Processing /usr/local/lib/python3.8/dist-packages/airflow/example_dags/subdags/subdag.py took 0.079 seconds
[2021-11-29 16:28:49,397] {processor.py:163} INFO - Started process (PID=7368) to work on /usr/local/lib/python3.8/dist-packages/airflow/example_dags/subdags/subdag.py
[2021-11-29 16:28:49,419] {processor.py:625} INFO - Processing file /usr/local/lib/python3.8/dist-packages/airflow/example_dags/subdags/subdag.py for tasks to queue
[2021-11-29 16:28:49,420] {logging_mixin.py:109} INFO - [2021-11-29 16:28:49,420] {dagbag.py:500} INFO - Filling up the DagBag from /usr/local/lib/python3.8/dist-packages/airflow/example_dags/subdags/subdag.py
[2021-11-29 16:28:49,467] {processor.py:639} WARNING - No viable dags retrieved from /usr/local/lib/python3.8/dist-packages/airflow/example_dags/subdags/subdag.py
[2021-11-29 16:28:49,473] {processor.py:171} INFO - Processing /usr/local/lib/python3.8/dist-packages/airflow/example_dags/subdags/subdag.py took 0.091 seconds
[2021-11-29 16:29:47,429] {processor.py:163} INFO - Started process (PID=7534) to work on /usr/local/lib/python3.8/dist-packages/airflow/example_dags/subdags/subdag.py
[2021-11-29 16:29:47,468] {processor.py:625} INFO - Processing file /usr/local/lib/python3.8/dist-packages/airflow/example_dags/subdags/subdag.py for tasks to queue
[2021-11-29 16:29:47,469] {logging_mixin.py:109} INFO - [2021-11-29 16:29:47,469] {dagbag.py:500} INFO - Filling up the DagBag from /usr/local/lib/python3.8/dist-packages/airflow/example_dags/subdags/subdag.py
[2021-11-29 16:29:47,515] {processor.py:639} WARNING - No viable dags retrieved from /usr/local/lib/python3.8/dist-packages/airflow/example_dags/subdags/subdag.py
[2021-11-29 16:29:47,521] {processor.py:171} INFO - Processing /usr/local/lib/python3.8/dist-packages/airflow/example_dags/subdags/subdag.py took 0.096 seconds
[2021-11-29 16:30:43,565] {processor.py:163} INFO - Started process (PID=7698) to work on /usr/local/lib/python3.8/dist-packages/airflow/example_dags/subdags/subdag.py
[2021-11-29 16:30:43,575] {processor.py:625} INFO - Processing file /usr/local/lib/python3.8/dist-packages/airflow/example_dags/subdags/subdag.py for tasks to queue
[2021-11-29 16:30:43,576] {logging_mixin.py:109} INFO - [2021-11-29 16:30:43,576] {dagbag.py:500} INFO - Filling up the DagBag from /usr/local/lib/python3.8/dist-packages/airflow/example_dags/subdags/subdag.py
[2021-11-29 16:30:43,599] {processor.py:639} WARNING - No viable dags retrieved from /usr/local/lib/python3.8/dist-packages/airflow/example_dags/subdags/subdag.py
[2021-11-29 16:30:43,604] {processor.py:171} INFO - Processing /usr/local/lib/python3.8/dist-packages/airflow/example_dags/subdags/subdag.py took 0.054 seconds
[2021-11-29 16:31:38,233] {processor.py:163} INFO - Started process (PID=7855) to work on /usr/local/lib/python3.8/dist-packages/airflow/example_dags/subdags/subdag.py
[2021-11-29 16:31:38,262] {processor.py:625} INFO - Processing file /usr/local/lib/python3.8/dist-packages/airflow/example_dags/subdags/subdag.py for tasks to queue
[2021-11-29 16:31:38,263] {logging_mixin.py:109} INFO - [2021-11-29 16:31:38,263] {dagbag.py:500} INFO - Filling up the DagBag from /usr/local/lib/python3.8/dist-packages/airflow/example_dags/subdags/subdag.py
[2021-11-29 16:31:38,314] {processor.py:639} WARNING - No viable dags retrieved from /usr/local/lib/python3.8/dist-packages/airflow/example_dags/subdags/subdag.py
[2021-11-29 16:31:38,357] {processor.py:171} INFO - Processing /usr/local/lib/python3.8/dist-packages/airflow/example_dags/subdags/subdag.py took 0.129 seconds
[2021-11-29 16:32:34,156] {processor.py:163} INFO - Started process (PID=8022) to work on /usr/local/lib/python3.8/dist-packages/airflow/example_dags/subdags/subdag.py
[2021-11-29 16:32:34,205] {processor.py:625} INFO - Processing file /usr/local/lib/python3.8/dist-packages/airflow/example_dags/subdags/subdag.py for tasks to queue
[2021-11-29 16:32:34,206] {logging_mixin.py:109} INFO - [2021-11-29 16:32:34,206] {dagbag.py:500} INFO - Filling up the DagBag from /usr/local/lib/python3.8/dist-packages/airflow/example_dags/subdags/subdag.py
[2021-11-29 16:32:34,248] {processor.py:639} WARNING - No viable dags retrieved from /usr/local/lib/python3.8/dist-packages/airflow/example_dags/subdags/subdag.py
[2021-11-29 16:32:34,254] {processor.py:171} INFO - Processing /usr/local/lib/python3.8/dist-packages/airflow/example_dags/subdags/subdag.py took 0.114 seconds
[2021-11-29 16:33:29,060] {processor.py:163} INFO - Started process (PID=8187) to work on /usr/local/lib/python3.8/dist-packages/airflow/example_dags/subdags/subdag.py
[2021-11-29 16:33:29,085] {processor.py:625} INFO - Processing file /usr/local/lib/python3.8/dist-packages/airflow/example_dags/subdags/subdag.py for tasks to queue
[2021-11-29 16:33:29,086] {logging_mixin.py:109} INFO - [2021-11-29 16:33:29,086] {dagbag.py:500} INFO - Filling up the DagBag from /usr/local/lib/python3.8/dist-packages/airflow/example_dags/subdags/subdag.py
[2021-11-29 16:33:29,134] {processor.py:639} WARNING - No viable dags retrieved from /usr/local/lib/python3.8/dist-packages/airflow/example_dags/subdags/subdag.py
[2021-11-29 16:33:29,159] {processor.py:171} INFO - Processing /usr/local/lib/python3.8/dist-packages/airflow/example_dags/subdags/subdag.py took 0.115 seconds
[2021-11-29 16:34:23,886] {processor.py:163} INFO - Started process (PID=8349) to work on /usr/local/lib/python3.8/dist-packages/airflow/example_dags/subdags/subdag.py
[2021-11-29 16:34:23,897] {processor.py:625} INFO - Processing file /usr/local/lib/python3.8/dist-packages/airflow/example_dags/subdags/subdag.py for tasks to queue
[2021-11-29 16:34:23,898] {logging_mixin.py:109} INFO - [2021-11-29 16:34:23,898] {dagbag.py:500} INFO - Filling up the DagBag from /usr/local/lib/python3.8/dist-packages/airflow/example_dags/subdags/subdag.py
[2021-11-29 16:34:23,929] {processor.py:639} WARNING - No viable dags retrieved from /usr/local/lib/python3.8/dist-packages/airflow/example_dags/subdags/subdag.py
[2021-11-29 16:34:23,934] {processor.py:171} INFO - Processing /usr/local/lib/python3.8/dist-packages/airflow/example_dags/subdags/subdag.py took 0.063 seconds
[2021-11-29 16:35:20,064] {processor.py:163} INFO - Started process (PID=8515) to work on /usr/local/lib/python3.8/dist-packages/airflow/example_dags/subdags/subdag.py
[2021-11-29 16:35:20,076] {processor.py:625} INFO - Processing file /usr/local/lib/python3.8/dist-packages/airflow/example_dags/subdags/subdag.py for tasks to queue
[2021-11-29 16:35:20,077] {logging_mixin.py:109} INFO - [2021-11-29 16:35:20,077] {dagbag.py:500} INFO - Filling up the DagBag from /usr/local/lib/python3.8/dist-packages/airflow/example_dags/subdags/subdag.py
[2021-11-29 16:35:20,127] {processor.py:639} WARNING - No viable dags retrieved from /usr/local/lib/python3.8/dist-packages/airflow/example_dags/subdags/subdag.py
[2021-11-29 16:35:20,132] {processor.py:171} INFO - Processing /usr/local/lib/python3.8/dist-packages/airflow/example_dags/subdags/subdag.py took 0.073 seconds
[2021-11-29 16:36:17,948] {processor.py:163} INFO - Started process (PID=8677) to work on /usr/local/lib/python3.8/dist-packages/airflow/example_dags/subdags/subdag.py
[2021-11-29 16:36:17,964] {processor.py:625} INFO - Processing file /usr/local/lib/python3.8/dist-packages/airflow/example_dags/subdags/subdag.py for tasks to queue
[2021-11-29 16:36:17,965] {logging_mixin.py:109} INFO - [2021-11-29 16:36:17,965] {dagbag.py:500} INFO - Filling up the DagBag from /usr/local/lib/python3.8/dist-packages/airflow/example_dags/subdags/subdag.py
[2021-11-29 16:36:18,004] {processor.py:639} WARNING - No viable dags retrieved from /usr/local/lib/python3.8/dist-packages/airflow/example_dags/subdags/subdag.py
[2021-11-29 16:36:18,012] {processor.py:171} INFO - Processing /usr/local/lib/python3.8/dist-packages/airflow/example_dags/subdags/subdag.py took 0.078 seconds
[2021-11-29 16:37:12,838] {processor.py:163} INFO - Started process (PID=8830) to work on /usr/local/lib/python3.8/dist-packages/airflow/example_dags/subdags/subdag.py
[2021-11-29 16:37:12,869] {processor.py:625} INFO - Processing file /usr/local/lib/python3.8/dist-packages/airflow/example_dags/subdags/subdag.py for tasks to queue
[2021-11-29 16:37:12,870] {logging_mixin.py:109} INFO - [2021-11-29 16:37:12,870] {dagbag.py:500} INFO - Filling up the DagBag from /usr/local/lib/python3.8/dist-packages/airflow/example_dags/subdags/subdag.py
[2021-11-29 16:37:12,921] {processor.py:639} WARNING - No viable dags retrieved from /usr/local/lib/python3.8/dist-packages/airflow/example_dags/subdags/subdag.py
[2021-11-29 16:37:12,936] {processor.py:171} INFO - Processing /usr/local/lib/python3.8/dist-packages/airflow/example_dags/subdags/subdag.py took 0.123 seconds
[2021-11-29 16:38:09,234] {processor.py:163} INFO - Started process (PID=8997) to work on /usr/local/lib/python3.8/dist-packages/airflow/example_dags/subdags/subdag.py
[2021-11-29 16:38:09,255] {processor.py:625} INFO - Processing file /usr/local/lib/python3.8/dist-packages/airflow/example_dags/subdags/subdag.py for tasks to queue
[2021-11-29 16:38:09,256] {logging_mixin.py:109} INFO - [2021-11-29 16:38:09,256] {dagbag.py:500} INFO - Filling up the DagBag from /usr/local/lib/python3.8/dist-packages/airflow/example_dags/subdags/subdag.py
[2021-11-29 16:38:09,289] {processor.py:639} WARNING - No viable dags retrieved from /usr/local/lib/python3.8/dist-packages/airflow/example_dags/subdags/subdag.py
[2021-11-29 16:38:09,306] {processor.py:171} INFO - Processing /usr/local/lib/python3.8/dist-packages/airflow/example_dags/subdags/subdag.py took 0.076 seconds
[2021-11-29 16:39:04,995] {processor.py:163} INFO - Started process (PID=9164) to work on /usr/local/lib/python3.8/dist-packages/airflow/example_dags/subdags/subdag.py
[2021-11-29 16:39:05,018] {processor.py:625} INFO - Processing file /usr/local/lib/python3.8/dist-packages/airflow/example_dags/subdags/subdag.py for tasks to queue
[2021-11-29 16:39:05,019] {logging_mixin.py:109} INFO - [2021-11-29 16:39:05,019] {dagbag.py:500} INFO - Filling up the DagBag from /usr/local/lib/python3.8/dist-packages/airflow/example_dags/subdags/subdag.py
[2021-11-29 16:39:05,074] {processor.py:639} WARNING - No viable dags retrieved from /usr/local/lib/python3.8/dist-packages/airflow/example_dags/subdags/subdag.py
[2021-11-29 16:39:05,088] {processor.py:171} INFO - Processing /usr/local/lib/python3.8/dist-packages/airflow/example_dags/subdags/subdag.py took 0.098 seconds
[2021-11-29 16:39:58,397] {processor.py:163} INFO - Started process (PID=9326) to work on /usr/local/lib/python3.8/dist-packages/airflow/example_dags/subdags/subdag.py
[2021-11-29 16:39:58,427] {processor.py:625} INFO - Processing file /usr/local/lib/python3.8/dist-packages/airflow/example_dags/subdags/subdag.py for tasks to queue
[2021-11-29 16:39:58,428] {logging_mixin.py:109} INFO - [2021-11-29 16:39:58,428] {dagbag.py:500} INFO - Filling up the DagBag from /usr/local/lib/python3.8/dist-packages/airflow/example_dags/subdags/subdag.py
[2021-11-29 16:39:58,485] {processor.py:639} WARNING - No viable dags retrieved from /usr/local/lib/python3.8/dist-packages/airflow/example_dags/subdags/subdag.py
[2021-11-29 16:39:58,493] {processor.py:171} INFO - Processing /usr/local/lib/python3.8/dist-packages/airflow/example_dags/subdags/subdag.py took 0.113 seconds
[2021-11-29 16:40:54,837] {processor.py:163} INFO - Started process (PID=9490) to work on /usr/local/lib/python3.8/dist-packages/airflow/example_dags/subdags/subdag.py
[2021-11-29 16:40:54,917] {processor.py:625} INFO - Processing file /usr/local/lib/python3.8/dist-packages/airflow/example_dags/subdags/subdag.py for tasks to queue
[2021-11-29 16:40:54,918] {logging_mixin.py:109} INFO - [2021-11-29 16:40:54,918] {dagbag.py:500} INFO - Filling up the DagBag from /usr/local/lib/python3.8/dist-packages/airflow/example_dags/subdags/subdag.py
[2021-11-29 16:40:54,971] {processor.py:639} WARNING - No viable dags retrieved from /usr/local/lib/python3.8/dist-packages/airflow/example_dags/subdags/subdag.py
[2021-11-29 16:40:54,975] {processor.py:171} INFO - Processing /usr/local/lib/python3.8/dist-packages/airflow/example_dags/subdags/subdag.py took 0.153 seconds
[2021-11-29 16:41:57,461] {processor.py:163} INFO - Started process (PID=9667) to work on /usr/local/lib/python3.8/dist-packages/airflow/example_dags/subdags/subdag.py
[2021-11-29 16:41:57,474] {processor.py:625} INFO - Processing file /usr/local/lib/python3.8/dist-packages/airflow/example_dags/subdags/subdag.py for tasks to queue
[2021-11-29 16:41:57,475] {logging_mixin.py:109} INFO - [2021-11-29 16:41:57,475] {dagbag.py:500} INFO - Filling up the DagBag from /usr/local/lib/python3.8/dist-packages/airflow/example_dags/subdags/subdag.py
[2021-11-29 16:41:57,519] {processor.py:639} WARNING - No viable dags retrieved from /usr/local/lib/python3.8/dist-packages/airflow/example_dags/subdags/subdag.py
[2021-11-29 16:41:57,539] {processor.py:171} INFO - Processing /usr/local/lib/python3.8/dist-packages/airflow/example_dags/subdags/subdag.py took 0.084 seconds
[2021-11-29 16:42:51,536] {processor.py:163} INFO - Started process (PID=9836) to work on /usr/local/lib/python3.8/dist-packages/airflow/example_dags/subdags/subdag.py
[2021-11-29 16:42:51,553] {processor.py:625} INFO - Processing file /usr/local/lib/python3.8/dist-packages/airflow/example_dags/subdags/subdag.py for tasks to queue
[2021-11-29 16:42:51,554] {logging_mixin.py:109} INFO - [2021-11-29 16:42:51,554] {dagbag.py:500} INFO - Filling up the DagBag from /usr/local/lib/python3.8/dist-packages/airflow/example_dags/subdags/subdag.py
[2021-11-29 16:42:51,595] {processor.py:639} WARNING - No viable dags retrieved from /usr/local/lib/python3.8/dist-packages/airflow/example_dags/subdags/subdag.py
[2021-11-29 16:42:51,601] {processor.py:171} INFO - Processing /usr/local/lib/python3.8/dist-packages/airflow/example_dags/subdags/subdag.py took 0.090 seconds
[2021-11-29 16:43:46,055] {processor.py:163} INFO - Started process (PID=9999) to work on /usr/local/lib/python3.8/dist-packages/airflow/example_dags/subdags/subdag.py
[2021-11-29 16:43:46,089] {processor.py:625} INFO - Processing file /usr/local/lib/python3.8/dist-packages/airflow/example_dags/subdags/subdag.py for tasks to queue
[2021-11-29 16:43:46,090] {logging_mixin.py:109} INFO - [2021-11-29 16:43:46,089] {dagbag.py:500} INFO - Filling up the DagBag from /usr/local/lib/python3.8/dist-packages/airflow/example_dags/subdags/subdag.py
[2021-11-29 16:43:46,124] {processor.py:639} WARNING - No viable dags retrieved from /usr/local/lib/python3.8/dist-packages/airflow/example_dags/subdags/subdag.py
[2021-11-29 16:43:46,139] {processor.py:171} INFO - Processing /usr/local/lib/python3.8/dist-packages/airflow/example_dags/subdags/subdag.py took 0.099 seconds
[2021-11-29 16:44:42,581] {processor.py:163} INFO - Started process (PID=10165) to work on /usr/local/lib/python3.8/dist-packages/airflow/example_dags/subdags/subdag.py
[2021-11-29 16:44:42,602] {processor.py:625} INFO - Processing file /usr/local/lib/python3.8/dist-packages/airflow/example_dags/subdags/subdag.py for tasks to queue
[2021-11-29 16:44:42,603] {logging_mixin.py:109} INFO - [2021-11-29 16:44:42,603] {dagbag.py:500} INFO - Filling up the DagBag from /usr/local/lib/python3.8/dist-packages/airflow/example_dags/subdags/subdag.py
[2021-11-29 16:44:42,657] {processor.py:639} WARNING - No viable dags retrieved from /usr/local/lib/python3.8/dist-packages/airflow/example_dags/subdags/subdag.py
[2021-11-29 16:44:42,690] {processor.py:171} INFO - Processing /usr/local/lib/python3.8/dist-packages/airflow/example_dags/subdags/subdag.py took 0.137 seconds
[2021-11-29 16:45:38,664] {processor.py:163} INFO - Started process (PID=10334) to work on /usr/local/lib/python3.8/dist-packages/airflow/example_dags/subdags/subdag.py
[2021-11-29 16:45:38,736] {processor.py:625} INFO - Processing file /usr/local/lib/python3.8/dist-packages/airflow/example_dags/subdags/subdag.py for tasks to queue
[2021-11-29 16:45:38,737] {logging_mixin.py:109} INFO - [2021-11-29 16:45:38,737] {dagbag.py:500} INFO - Filling up the DagBag from /usr/local/lib/python3.8/dist-packages/airflow/example_dags/subdags/subdag.py
[2021-11-29 16:45:38,784] {processor.py:639} WARNING - No viable dags retrieved from /usr/local/lib/python3.8/dist-packages/airflow/example_dags/subdags/subdag.py
[2021-11-29 16:45:38,801] {processor.py:171} INFO - Processing /usr/local/lib/python3.8/dist-packages/airflow/example_dags/subdags/subdag.py took 0.141 seconds
[2021-11-29 16:46:33,794] {processor.py:163} INFO - Started process (PID=10512) to work on /usr/local/lib/python3.8/dist-packages/airflow/example_dags/subdags/subdag.py
[2021-11-29 16:46:33,816] {processor.py:625} INFO - Processing file /usr/local/lib/python3.8/dist-packages/airflow/example_dags/subdags/subdag.py for tasks to queue
[2021-11-29 16:46:33,816] {logging_mixin.py:109} INFO - [2021-11-29 16:46:33,816] {dagbag.py:500} INFO - Filling up the DagBag from /usr/local/lib/python3.8/dist-packages/airflow/example_dags/subdags/subdag.py
[2021-11-29 16:46:33,856] {processor.py:639} WARNING - No viable dags retrieved from /usr/local/lib/python3.8/dist-packages/airflow/example_dags/subdags/subdag.py
[2021-11-29 16:46:33,860] {processor.py:171} INFO - Processing /usr/local/lib/python3.8/dist-packages/airflow/example_dags/subdags/subdag.py took 0.070 seconds
