[2021-11-29 16:14:45,929] {processor.py:163} INFO - Started process (PID=4851) to work on /usr/local/lib/python3.8/dist-packages/airflow/example_dags/example_branch_labels.py
[2021-11-29 16:14:45,930] {processor.py:625} INFO - Processing file /usr/local/lib/python3.8/dist-packages/airflow/example_dags/example_branch_labels.py for tasks to queue
[2021-11-29 16:14:45,931] {logging_mixin.py:109} INFO - [2021-11-29 16:14:45,930] {dagbag.py:500} INFO - Filling up the DagBag from /usr/local/lib/python3.8/dist-packages/airflow/example_dags/example_branch_labels.py
[2021-11-29 16:14:45,987] {processor.py:637} INFO - DAG(s) dict_keys(['example_branch_labels']) retrieved from /usr/local/lib/python3.8/dist-packages/airflow/example_dags/example_branch_labels.py
[2021-11-29 16:14:45,992] {logging_mixin.py:109} WARNING - /usr/local/lib/python3.8/dist-packages/airflow/models/serialized_dag.py:120 SAWarning: TypeDecorator UtcDateTime(timezone=True) will not produce a cache key because the ``cache_ok`` flag is not set to True.  Set this flag to True if this type object's state is safe to use in a cache key, or False to disable this warning.
[2021-11-29 16:14:46,004] {logging_mixin.py:109} INFO - [2021-11-29 16:14:46,004] {dag.py:2396} INFO - Sync 1 DAGs
[2021-11-29 16:14:46,027] {logging_mixin.py:109} WARNING - /usr/local/lib/python3.8/dist-packages/airflow/models/dag.py:2433 SAWarning: TypeDecorator UtcDateTime(timezone=True) will not produce a cache key because the ``cache_ok`` flag is not set to True.  Set this flag to True if this type object's state is safe to use in a cache key, or False to disable this warning.
[2021-11-29 16:14:46,040] {logging_mixin.py:109} INFO - [2021-11-29 16:14:46,040] {dag.py:2928} INFO - Setting next_dagrun for example_branch_labels to 2021-11-28 00:00:00+00:00
[2021-11-29 16:14:46,235] {processor.py:171} INFO - Processing /usr/local/lib/python3.8/dist-packages/airflow/example_dags/example_branch_labels.py took 0.326 seconds
[2021-11-29 16:15:42,505] {processor.py:163} INFO - Started process (PID=5016) to work on /usr/local/lib/python3.8/dist-packages/airflow/example_dags/example_branch_labels.py
[2021-11-29 16:15:42,522] {processor.py:625} INFO - Processing file /usr/local/lib/python3.8/dist-packages/airflow/example_dags/example_branch_labels.py for tasks to queue
[2021-11-29 16:15:42,522] {logging_mixin.py:109} INFO - [2021-11-29 16:15:42,522] {dagbag.py:500} INFO - Filling up the DagBag from /usr/local/lib/python3.8/dist-packages/airflow/example_dags/example_branch_labels.py
[2021-11-29 16:15:42,571] {processor.py:637} INFO - DAG(s) dict_keys(['example_branch_labels']) retrieved from /usr/local/lib/python3.8/dist-packages/airflow/example_dags/example_branch_labels.py
[2021-11-29 16:15:42,578] {logging_mixin.py:109} WARNING - /usr/local/lib/python3.8/dist-packages/airflow/models/serialized_dag.py:120 SAWarning: TypeDecorator UtcDateTime(timezone=True) will not produce a cache key because the ``cache_ok`` flag is not set to True.  Set this flag to True if this type object's state is safe to use in a cache key, or False to disable this warning.
[2021-11-29 16:15:42,590] {logging_mixin.py:109} INFO - [2021-11-29 16:15:42,589] {dag.py:2396} INFO - Sync 1 DAGs
[2021-11-29 16:15:42,606] {logging_mixin.py:109} WARNING - /usr/local/lib/python3.8/dist-packages/airflow/models/dag.py:2433 SAWarning: TypeDecorator UtcDateTime(timezone=True) will not produce a cache key because the ``cache_ok`` flag is not set to True.  Set this flag to True if this type object's state is safe to use in a cache key, or False to disable this warning.
[2021-11-29 16:15:42,627] {logging_mixin.py:109} INFO - [2021-11-29 16:15:42,626] {dag.py:2928} INFO - Setting next_dagrun for example_branch_labels to 2021-11-28 00:00:00+00:00
[2021-11-29 16:15:42,811] {processor.py:171} INFO - Processing /usr/local/lib/python3.8/dist-packages/airflow/example_dags/example_branch_labels.py took 0.322 seconds
[2021-11-29 16:16:48,391] {processor.py:163} INFO - Started process (PID=5195) to work on /usr/local/lib/python3.8/dist-packages/airflow/example_dags/example_branch_labels.py
[2021-11-29 16:16:48,401] {processor.py:625} INFO - Processing file /usr/local/lib/python3.8/dist-packages/airflow/example_dags/example_branch_labels.py for tasks to queue
[2021-11-29 16:16:48,403] {logging_mixin.py:109} INFO - [2021-11-29 16:16:48,402] {dagbag.py:500} INFO - Filling up the DagBag from /usr/local/lib/python3.8/dist-packages/airflow/example_dags/example_branch_labels.py
[2021-11-29 16:16:48,494] {processor.py:637} INFO - DAG(s) dict_keys(['example_branch_labels']) retrieved from /usr/local/lib/python3.8/dist-packages/airflow/example_dags/example_branch_labels.py
[2021-11-29 16:16:48,510] {logging_mixin.py:109} WARNING - /usr/local/lib/python3.8/dist-packages/airflow/models/serialized_dag.py:120 SAWarning: TypeDecorator UtcDateTime(timezone=True) will not produce a cache key because the ``cache_ok`` flag is not set to True.  Set this flag to True if this type object's state is safe to use in a cache key, or False to disable this warning.
[2021-11-29 16:16:48,545] {logging_mixin.py:109} INFO - [2021-11-29 16:16:48,545] {dag.py:2396} INFO - Sync 1 DAGs
[2021-11-29 16:16:48,595] {logging_mixin.py:109} WARNING - /usr/local/lib/python3.8/dist-packages/airflow/models/dag.py:2433 SAWarning: TypeDecorator UtcDateTime(timezone=True) will not produce a cache key because the ``cache_ok`` flag is not set to True.  Set this flag to True if this type object's state is safe to use in a cache key, or False to disable this warning.
[2021-11-29 16:16:48,620] {logging_mixin.py:109} INFO - [2021-11-29 16:16:48,620] {dag.py:2928} INFO - Setting next_dagrun for example_branch_labels to 2021-11-28 00:00:00+00:00
[2021-11-29 16:16:48,873] {processor.py:171} INFO - Processing /usr/local/lib/python3.8/dist-packages/airflow/example_dags/example_branch_labels.py took 0.486 seconds
[2021-11-29 16:17:44,294] {processor.py:163} INFO - Started process (PID=5376) to work on /usr/local/lib/python3.8/dist-packages/airflow/example_dags/example_branch_labels.py
[2021-11-29 16:17:44,345] {processor.py:625} INFO - Processing file /usr/local/lib/python3.8/dist-packages/airflow/example_dags/example_branch_labels.py for tasks to queue
[2021-11-29 16:17:44,346] {logging_mixin.py:109} INFO - [2021-11-29 16:17:44,346] {dagbag.py:500} INFO - Filling up the DagBag from /usr/local/lib/python3.8/dist-packages/airflow/example_dags/example_branch_labels.py
[2021-11-29 16:17:44,417] {processor.py:637} INFO - DAG(s) dict_keys(['example_branch_labels']) retrieved from /usr/local/lib/python3.8/dist-packages/airflow/example_dags/example_branch_labels.py
[2021-11-29 16:17:44,436] {logging_mixin.py:109} WARNING - /usr/local/lib/python3.8/dist-packages/airflow/models/serialized_dag.py:120 SAWarning: TypeDecorator UtcDateTime(timezone=True) will not produce a cache key because the ``cache_ok`` flag is not set to True.  Set this flag to True if this type object's state is safe to use in a cache key, or False to disable this warning.
[2021-11-29 16:17:44,459] {logging_mixin.py:109} INFO - [2021-11-29 16:17:44,459] {dag.py:2396} INFO - Sync 1 DAGs
[2021-11-29 16:17:44,487] {logging_mixin.py:109} WARNING - /usr/local/lib/python3.8/dist-packages/airflow/models/dag.py:2433 SAWarning: TypeDecorator UtcDateTime(timezone=True) will not produce a cache key because the ``cache_ok`` flag is not set to True.  Set this flag to True if this type object's state is safe to use in a cache key, or False to disable this warning.
[2021-11-29 16:17:44,511] {logging_mixin.py:109} INFO - [2021-11-29 16:17:44,511] {dag.py:2928} INFO - Setting next_dagrun for example_branch_labels to 2021-11-28 00:00:00+00:00
[2021-11-29 16:17:44,786] {processor.py:171} INFO - Processing /usr/local/lib/python3.8/dist-packages/airflow/example_dags/example_branch_labels.py took 0.496 seconds
[2021-11-29 16:18:42,297] {processor.py:163} INFO - Started process (PID=5545) to work on /usr/local/lib/python3.8/dist-packages/airflow/example_dags/example_branch_labels.py
[2021-11-29 16:18:42,335] {processor.py:625} INFO - Processing file /usr/local/lib/python3.8/dist-packages/airflow/example_dags/example_branch_labels.py for tasks to queue
[2021-11-29 16:18:42,337] {logging_mixin.py:109} INFO - [2021-11-29 16:18:42,336] {dagbag.py:500} INFO - Filling up the DagBag from /usr/local/lib/python3.8/dist-packages/airflow/example_dags/example_branch_labels.py
[2021-11-29 16:18:42,428] {processor.py:637} INFO - DAG(s) dict_keys(['example_branch_labels']) retrieved from /usr/local/lib/python3.8/dist-packages/airflow/example_dags/example_branch_labels.py
[2021-11-29 16:18:42,438] {logging_mixin.py:109} WARNING - /usr/local/lib/python3.8/dist-packages/airflow/models/serialized_dag.py:120 SAWarning: TypeDecorator UtcDateTime(timezone=True) will not produce a cache key because the ``cache_ok`` flag is not set to True.  Set this flag to True if this type object's state is safe to use in a cache key, or False to disable this warning.
[2021-11-29 16:18:42,451] {logging_mixin.py:109} INFO - [2021-11-29 16:18:42,450] {dag.py:2396} INFO - Sync 1 DAGs
[2021-11-29 16:18:42,474] {logging_mixin.py:109} WARNING - /usr/local/lib/python3.8/dist-packages/airflow/models/dag.py:2433 SAWarning: TypeDecorator UtcDateTime(timezone=True) will not produce a cache key because the ``cache_ok`` flag is not set to True.  Set this flag to True if this type object's state is safe to use in a cache key, or False to disable this warning.
[2021-11-29 16:18:42,488] {logging_mixin.py:109} INFO - [2021-11-29 16:18:42,488] {dag.py:2928} INFO - Setting next_dagrun for example_branch_labels to 2021-11-28 00:00:00+00:00
[2021-11-29 16:18:42,650] {processor.py:171} INFO - Processing /usr/local/lib/python3.8/dist-packages/airflow/example_dags/example_branch_labels.py took 0.369 seconds
[2021-11-29 16:19:38,315] {processor.py:163} INFO - Started process (PID=5714) to work on /usr/local/lib/python3.8/dist-packages/airflow/example_dags/example_branch_labels.py
[2021-11-29 16:19:38,318] {processor.py:625} INFO - Processing file /usr/local/lib/python3.8/dist-packages/airflow/example_dags/example_branch_labels.py for tasks to queue
[2021-11-29 16:19:38,319] {logging_mixin.py:109} INFO - [2021-11-29 16:19:38,318] {dagbag.py:500} INFO - Filling up the DagBag from /usr/local/lib/python3.8/dist-packages/airflow/example_dags/example_branch_labels.py
[2021-11-29 16:19:38,382] {processor.py:637} INFO - DAG(s) dict_keys(['example_branch_labels']) retrieved from /usr/local/lib/python3.8/dist-packages/airflow/example_dags/example_branch_labels.py
[2021-11-29 16:19:38,400] {logging_mixin.py:109} WARNING - /usr/local/lib/python3.8/dist-packages/airflow/models/serialized_dag.py:120 SAWarning: TypeDecorator UtcDateTime(timezone=True) will not produce a cache key because the ``cache_ok`` flag is not set to True.  Set this flag to True if this type object's state is safe to use in a cache key, or False to disable this warning.
[2021-11-29 16:19:38,438] {logging_mixin.py:109} INFO - [2021-11-29 16:19:38,438] {dag.py:2396} INFO - Sync 1 DAGs
[2021-11-29 16:19:38,477] {logging_mixin.py:109} WARNING - /usr/local/lib/python3.8/dist-packages/airflow/models/dag.py:2433 SAWarning: TypeDecorator UtcDateTime(timezone=True) will not produce a cache key because the ``cache_ok`` flag is not set to True.  Set this flag to True if this type object's state is safe to use in a cache key, or False to disable this warning.
[2021-11-29 16:19:38,503] {logging_mixin.py:109} INFO - [2021-11-29 16:19:38,503] {dag.py:2928} INFO - Setting next_dagrun for example_branch_labels to 2021-11-28 00:00:00+00:00
[2021-11-29 16:19:38,776] {processor.py:171} INFO - Processing /usr/local/lib/python3.8/dist-packages/airflow/example_dags/example_branch_labels.py took 0.472 seconds
[2021-11-29 16:20:31,555] {processor.py:163} INFO - Started process (PID=5882) to work on /usr/local/lib/python3.8/dist-packages/airflow/example_dags/example_branch_labels.py
[2021-11-29 16:20:31,564] {processor.py:625} INFO - Processing file /usr/local/lib/python3.8/dist-packages/airflow/example_dags/example_branch_labels.py for tasks to queue
[2021-11-29 16:20:31,565] {logging_mixin.py:109} INFO - [2021-11-29 16:20:31,564] {dagbag.py:500} INFO - Filling up the DagBag from /usr/local/lib/python3.8/dist-packages/airflow/example_dags/example_branch_labels.py
[2021-11-29 16:20:31,604] {processor.py:637} INFO - DAG(s) dict_keys(['example_branch_labels']) retrieved from /usr/local/lib/python3.8/dist-packages/airflow/example_dags/example_branch_labels.py
[2021-11-29 16:20:31,610] {logging_mixin.py:109} WARNING - /usr/local/lib/python3.8/dist-packages/airflow/models/serialized_dag.py:120 SAWarning: TypeDecorator UtcDateTime(timezone=True) will not produce a cache key because the ``cache_ok`` flag is not set to True.  Set this flag to True if this type object's state is safe to use in a cache key, or False to disable this warning.
[2021-11-29 16:20:31,623] {logging_mixin.py:109} INFO - [2021-11-29 16:20:31,623] {dag.py:2396} INFO - Sync 1 DAGs
[2021-11-29 16:20:31,645] {logging_mixin.py:109} WARNING - /usr/local/lib/python3.8/dist-packages/airflow/models/dag.py:2433 SAWarning: TypeDecorator UtcDateTime(timezone=True) will not produce a cache key because the ``cache_ok`` flag is not set to True.  Set this flag to True if this type object's state is safe to use in a cache key, or False to disable this warning.
[2021-11-29 16:20:31,659] {logging_mixin.py:109} INFO - [2021-11-29 16:20:31,659] {dag.py:2928} INFO - Setting next_dagrun for example_branch_labels to 2021-11-28 00:00:00+00:00
[2021-11-29 16:20:31,846] {processor.py:171} INFO - Processing /usr/local/lib/python3.8/dist-packages/airflow/example_dags/example_branch_labels.py took 0.306 seconds
[2021-11-29 16:21:25,745] {processor.py:163} INFO - Started process (PID=6055) to work on /usr/local/lib/python3.8/dist-packages/airflow/example_dags/example_branch_labels.py
[2021-11-29 16:21:25,777] {processor.py:625} INFO - Processing file /usr/local/lib/python3.8/dist-packages/airflow/example_dags/example_branch_labels.py for tasks to queue
[2021-11-29 16:21:25,779] {logging_mixin.py:109} INFO - [2021-11-29 16:21:25,778] {dagbag.py:500} INFO - Filling up the DagBag from /usr/local/lib/python3.8/dist-packages/airflow/example_dags/example_branch_labels.py
[2021-11-29 16:21:25,843] {processor.py:637} INFO - DAG(s) dict_keys(['example_branch_labels']) retrieved from /usr/local/lib/python3.8/dist-packages/airflow/example_dags/example_branch_labels.py
[2021-11-29 16:21:25,876] {logging_mixin.py:109} WARNING - /usr/local/lib/python3.8/dist-packages/airflow/models/serialized_dag.py:120 SAWarning: TypeDecorator UtcDateTime(timezone=True) will not produce a cache key because the ``cache_ok`` flag is not set to True.  Set this flag to True if this type object's state is safe to use in a cache key, or False to disable this warning.
[2021-11-29 16:21:25,898] {logging_mixin.py:109} INFO - [2021-11-29 16:21:25,898] {dag.py:2396} INFO - Sync 1 DAGs
[2021-11-29 16:21:25,955] {logging_mixin.py:109} WARNING - /usr/local/lib/python3.8/dist-packages/airflow/models/dag.py:2433 SAWarning: TypeDecorator UtcDateTime(timezone=True) will not produce a cache key because the ``cache_ok`` flag is not set to True.  Set this flag to True if this type object's state is safe to use in a cache key, or False to disable this warning.
[2021-11-29 16:21:25,981] {logging_mixin.py:109} INFO - [2021-11-29 16:21:25,981] {dag.py:2928} INFO - Setting next_dagrun for example_branch_labels to 2021-11-28 00:00:00+00:00
[2021-11-29 16:21:26,187] {processor.py:171} INFO - Processing /usr/local/lib/python3.8/dist-packages/airflow/example_dags/example_branch_labels.py took 0.457 seconds
[2021-11-29 16:22:24,254] {processor.py:163} INFO - Started process (PID=6236) to work on /usr/local/lib/python3.8/dist-packages/airflow/example_dags/example_branch_labels.py
[2021-11-29 16:22:24,268] {processor.py:625} INFO - Processing file /usr/local/lib/python3.8/dist-packages/airflow/example_dags/example_branch_labels.py for tasks to queue
[2021-11-29 16:22:24,270] {logging_mixin.py:109} INFO - [2021-11-29 16:22:24,270] {dagbag.py:500} INFO - Filling up the DagBag from /usr/local/lib/python3.8/dist-packages/airflow/example_dags/example_branch_labels.py
[2021-11-29 16:22:24,321] {processor.py:637} INFO - DAG(s) dict_keys(['example_branch_labels']) retrieved from /usr/local/lib/python3.8/dist-packages/airflow/example_dags/example_branch_labels.py
[2021-11-29 16:22:24,338] {logging_mixin.py:109} WARNING - /usr/local/lib/python3.8/dist-packages/airflow/models/serialized_dag.py:120 SAWarning: TypeDecorator UtcDateTime(timezone=True) will not produce a cache key because the ``cache_ok`` flag is not set to True.  Set this flag to True if this type object's state is safe to use in a cache key, or False to disable this warning.
[2021-11-29 16:22:24,354] {logging_mixin.py:109} INFO - [2021-11-29 16:22:24,354] {dag.py:2396} INFO - Sync 1 DAGs
[2021-11-29 16:22:24,374] {logging_mixin.py:109} WARNING - /usr/local/lib/python3.8/dist-packages/airflow/models/dag.py:2433 SAWarning: TypeDecorator UtcDateTime(timezone=True) will not produce a cache key because the ``cache_ok`` flag is not set to True.  Set this flag to True if this type object's state is safe to use in a cache key, or False to disable this warning.
[2021-11-29 16:22:24,392] {logging_mixin.py:109} INFO - [2021-11-29 16:22:24,392] {dag.py:2928} INFO - Setting next_dagrun for example_branch_labels to 2021-11-28 00:00:00+00:00
[2021-11-29 16:22:24,570] {processor.py:171} INFO - Processing /usr/local/lib/python3.8/dist-packages/airflow/example_dags/example_branch_labels.py took 0.320 seconds
[2021-11-29 16:23:19,431] {processor.py:163} INFO - Started process (PID=6410) to work on /usr/local/lib/python3.8/dist-packages/airflow/example_dags/example_branch_labels.py
[2021-11-29 16:23:19,446] {processor.py:625} INFO - Processing file /usr/local/lib/python3.8/dist-packages/airflow/example_dags/example_branch_labels.py for tasks to queue
[2021-11-29 16:23:19,447] {logging_mixin.py:109} INFO - [2021-11-29 16:23:19,447] {dagbag.py:500} INFO - Filling up the DagBag from /usr/local/lib/python3.8/dist-packages/airflow/example_dags/example_branch_labels.py
[2021-11-29 16:23:19,508] {processor.py:637} INFO - DAG(s) dict_keys(['example_branch_labels']) retrieved from /usr/local/lib/python3.8/dist-packages/airflow/example_dags/example_branch_labels.py
[2021-11-29 16:23:19,515] {logging_mixin.py:109} WARNING - /usr/local/lib/python3.8/dist-packages/airflow/models/serialized_dag.py:120 SAWarning: TypeDecorator UtcDateTime(timezone=True) will not produce a cache key because the ``cache_ok`` flag is not set to True.  Set this flag to True if this type object's state is safe to use in a cache key, or False to disable this warning.
[2021-11-29 16:23:19,541] {logging_mixin.py:109} INFO - [2021-11-29 16:23:19,540] {dag.py:2396} INFO - Sync 1 DAGs
[2021-11-29 16:23:19,579] {logging_mixin.py:109} WARNING - /usr/local/lib/python3.8/dist-packages/airflow/models/dag.py:2433 SAWarning: TypeDecorator UtcDateTime(timezone=True) will not produce a cache key because the ``cache_ok`` flag is not set to True.  Set this flag to True if this type object's state is safe to use in a cache key, or False to disable this warning.
[2021-11-29 16:23:19,595] {logging_mixin.py:109} INFO - [2021-11-29 16:23:19,595] {dag.py:2928} INFO - Setting next_dagrun for example_branch_labels to 2021-11-28 00:00:00+00:00
[2021-11-29 16:23:19,791] {processor.py:171} INFO - Processing /usr/local/lib/python3.8/dist-packages/airflow/example_dags/example_branch_labels.py took 0.364 seconds
[2021-11-29 16:24:17,037] {processor.py:163} INFO - Started process (PID=6575) to work on /usr/local/lib/python3.8/dist-packages/airflow/example_dags/example_branch_labels.py
[2021-11-29 16:24:17,055] {processor.py:625} INFO - Processing file /usr/local/lib/python3.8/dist-packages/airflow/example_dags/example_branch_labels.py for tasks to queue
[2021-11-29 16:24:17,057] {logging_mixin.py:109} INFO - [2021-11-29 16:24:17,056] {dagbag.py:500} INFO - Filling up the DagBag from /usr/local/lib/python3.8/dist-packages/airflow/example_dags/example_branch_labels.py
[2021-11-29 16:24:17,139] {processor.py:637} INFO - DAG(s) dict_keys(['example_branch_labels']) retrieved from /usr/local/lib/python3.8/dist-packages/airflow/example_dags/example_branch_labels.py
[2021-11-29 16:24:17,151] {logging_mixin.py:109} WARNING - /usr/local/lib/python3.8/dist-packages/airflow/models/serialized_dag.py:120 SAWarning: TypeDecorator UtcDateTime(timezone=True) will not produce a cache key because the ``cache_ok`` flag is not set to True.  Set this flag to True if this type object's state is safe to use in a cache key, or False to disable this warning.
[2021-11-29 16:24:17,168] {logging_mixin.py:109} INFO - [2021-11-29 16:24:17,168] {dag.py:2396} INFO - Sync 1 DAGs
[2021-11-29 16:24:17,200] {logging_mixin.py:109} WARNING - /usr/local/lib/python3.8/dist-packages/airflow/models/dag.py:2433 SAWarning: TypeDecorator UtcDateTime(timezone=True) will not produce a cache key because the ``cache_ok`` flag is not set to True.  Set this flag to True if this type object's state is safe to use in a cache key, or False to disable this warning.
[2021-11-29 16:24:17,233] {logging_mixin.py:109} INFO - [2021-11-29 16:24:17,233] {dag.py:2928} INFO - Setting next_dagrun for example_branch_labels to 2021-11-28 00:00:00+00:00
[2021-11-29 16:24:17,533] {processor.py:171} INFO - Processing /usr/local/lib/python3.8/dist-packages/airflow/example_dags/example_branch_labels.py took 0.512 seconds
[2021-11-29 16:25:17,300] {processor.py:163} INFO - Started process (PID=6740) to work on /usr/local/lib/python3.8/dist-packages/airflow/example_dags/example_branch_labels.py
[2021-11-29 16:25:17,309] {processor.py:625} INFO - Processing file /usr/local/lib/python3.8/dist-packages/airflow/example_dags/example_branch_labels.py for tasks to queue
[2021-11-29 16:25:17,310] {logging_mixin.py:109} INFO - [2021-11-29 16:25:17,310] {dagbag.py:500} INFO - Filling up the DagBag from /usr/local/lib/python3.8/dist-packages/airflow/example_dags/example_branch_labels.py
[2021-11-29 16:25:17,380] {processor.py:637} INFO - DAG(s) dict_keys(['example_branch_labels']) retrieved from /usr/local/lib/python3.8/dist-packages/airflow/example_dags/example_branch_labels.py
[2021-11-29 16:25:17,387] {logging_mixin.py:109} WARNING - /usr/local/lib/python3.8/dist-packages/airflow/models/serialized_dag.py:120 SAWarning: TypeDecorator UtcDateTime(timezone=True) will not produce a cache key because the ``cache_ok`` flag is not set to True.  Set this flag to True if this type object's state is safe to use in a cache key, or False to disable this warning.
[2021-11-29 16:25:17,398] {logging_mixin.py:109} INFO - [2021-11-29 16:25:17,398] {dag.py:2396} INFO - Sync 1 DAGs
[2021-11-29 16:25:17,419] {logging_mixin.py:109} WARNING - /usr/local/lib/python3.8/dist-packages/airflow/models/dag.py:2433 SAWarning: TypeDecorator UtcDateTime(timezone=True) will not produce a cache key because the ``cache_ok`` flag is not set to True.  Set this flag to True if this type object's state is safe to use in a cache key, or False to disable this warning.
[2021-11-29 16:25:17,438] {logging_mixin.py:109} INFO - [2021-11-29 16:25:17,438] {dag.py:2928} INFO - Setting next_dagrun for example_branch_labels to 2021-11-28 00:00:00+00:00
[2021-11-29 16:25:17,630] {processor.py:171} INFO - Processing /usr/local/lib/python3.8/dist-packages/airflow/example_dags/example_branch_labels.py took 0.347 seconds
[2021-11-29 16:26:11,522] {processor.py:163} INFO - Started process (PID=6914) to work on /usr/local/lib/python3.8/dist-packages/airflow/example_dags/example_branch_labels.py
[2021-11-29 16:26:11,542] {processor.py:625} INFO - Processing file /usr/local/lib/python3.8/dist-packages/airflow/example_dags/example_branch_labels.py for tasks to queue
[2021-11-29 16:26:11,543] {logging_mixin.py:109} INFO - [2021-11-29 16:26:11,543] {dagbag.py:500} INFO - Filling up the DagBag from /usr/local/lib/python3.8/dist-packages/airflow/example_dags/example_branch_labels.py
[2021-11-29 16:26:11,596] {processor.py:637} INFO - DAG(s) dict_keys(['example_branch_labels']) retrieved from /usr/local/lib/python3.8/dist-packages/airflow/example_dags/example_branch_labels.py
[2021-11-29 16:26:11,605] {logging_mixin.py:109} WARNING - /usr/local/lib/python3.8/dist-packages/airflow/models/serialized_dag.py:120 SAWarning: TypeDecorator UtcDateTime(timezone=True) will not produce a cache key because the ``cache_ok`` flag is not set to True.  Set this flag to True if this type object's state is safe to use in a cache key, or False to disable this warning.
[2021-11-29 16:26:11,625] {logging_mixin.py:109} INFO - [2021-11-29 16:26:11,625] {dag.py:2396} INFO - Sync 1 DAGs
[2021-11-29 16:26:11,648] {logging_mixin.py:109} WARNING - /usr/local/lib/python3.8/dist-packages/airflow/models/dag.py:2433 SAWarning: TypeDecorator UtcDateTime(timezone=True) will not produce a cache key because the ``cache_ok`` flag is not set to True.  Set this flag to True if this type object's state is safe to use in a cache key, or False to disable this warning.
[2021-11-29 16:26:11,665] {logging_mixin.py:109} INFO - [2021-11-29 16:26:11,665] {dag.py:2928} INFO - Setting next_dagrun for example_branch_labels to 2021-11-28 00:00:00+00:00
[2021-11-29 16:26:12,076] {processor.py:171} INFO - Processing /usr/local/lib/python3.8/dist-packages/airflow/example_dags/example_branch_labels.py took 0.559 seconds
[2021-11-29 16:27:05,394] {processor.py:163} INFO - Started process (PID=7078) to work on /usr/local/lib/python3.8/dist-packages/airflow/example_dags/example_branch_labels.py
[2021-11-29 16:27:05,424] {processor.py:625} INFO - Processing file /usr/local/lib/python3.8/dist-packages/airflow/example_dags/example_branch_labels.py for tasks to queue
[2021-11-29 16:27:05,425] {logging_mixin.py:109} INFO - [2021-11-29 16:27:05,425] {dagbag.py:500} INFO - Filling up the DagBag from /usr/local/lib/python3.8/dist-packages/airflow/example_dags/example_branch_labels.py
[2021-11-29 16:27:05,487] {processor.py:637} INFO - DAG(s) dict_keys(['example_branch_labels']) retrieved from /usr/local/lib/python3.8/dist-packages/airflow/example_dags/example_branch_labels.py
[2021-11-29 16:27:05,494] {logging_mixin.py:109} WARNING - /usr/local/lib/python3.8/dist-packages/airflow/models/serialized_dag.py:120 SAWarning: TypeDecorator UtcDateTime(timezone=True) will not produce a cache key because the ``cache_ok`` flag is not set to True.  Set this flag to True if this type object's state is safe to use in a cache key, or False to disable this warning.
[2021-11-29 16:27:05,509] {logging_mixin.py:109} INFO - [2021-11-29 16:27:05,509] {dag.py:2396} INFO - Sync 1 DAGs
[2021-11-29 16:27:05,530] {logging_mixin.py:109} WARNING - /usr/local/lib/python3.8/dist-packages/airflow/models/dag.py:2433 SAWarning: TypeDecorator UtcDateTime(timezone=True) will not produce a cache key because the ``cache_ok`` flag is not set to True.  Set this flag to True if this type object's state is safe to use in a cache key, or False to disable this warning.
[2021-11-29 16:27:05,547] {logging_mixin.py:109} INFO - [2021-11-29 16:27:05,547] {dag.py:2928} INFO - Setting next_dagrun for example_branch_labels to 2021-11-28 00:00:00+00:00
[2021-11-29 16:27:05,710] {processor.py:171} INFO - Processing /usr/local/lib/python3.8/dist-packages/airflow/example_dags/example_branch_labels.py took 0.335 seconds
[2021-11-29 16:28:00,354] {processor.py:163} INFO - Started process (PID=7235) to work on /usr/local/lib/python3.8/dist-packages/airflow/example_dags/example_branch_labels.py
[2021-11-29 16:28:00,365] {processor.py:625} INFO - Processing file /usr/local/lib/python3.8/dist-packages/airflow/example_dags/example_branch_labels.py for tasks to queue
[2021-11-29 16:28:00,366] {logging_mixin.py:109} INFO - [2021-11-29 16:28:00,366] {dagbag.py:500} INFO - Filling up the DagBag from /usr/local/lib/python3.8/dist-packages/airflow/example_dags/example_branch_labels.py
[2021-11-29 16:28:00,517] {processor.py:637} INFO - DAG(s) dict_keys(['example_branch_labels']) retrieved from /usr/local/lib/python3.8/dist-packages/airflow/example_dags/example_branch_labels.py
[2021-11-29 16:28:00,535] {logging_mixin.py:109} WARNING - /usr/local/lib/python3.8/dist-packages/airflow/models/serialized_dag.py:120 SAWarning: TypeDecorator UtcDateTime(timezone=True) will not produce a cache key because the ``cache_ok`` flag is not set to True.  Set this flag to True if this type object's state is safe to use in a cache key, or False to disable this warning.
[2021-11-29 16:28:00,569] {logging_mixin.py:109} INFO - [2021-11-29 16:28:00,569] {dag.py:2396} INFO - Sync 1 DAGs
[2021-11-29 16:28:00,614] {logging_mixin.py:109} WARNING - /usr/local/lib/python3.8/dist-packages/airflow/models/dag.py:2433 SAWarning: TypeDecorator UtcDateTime(timezone=True) will not produce a cache key because the ``cache_ok`` flag is not set to True.  Set this flag to True if this type object's state is safe to use in a cache key, or False to disable this warning.
[2021-11-29 16:28:00,649] {logging_mixin.py:109} INFO - [2021-11-29 16:28:00,649] {dag.py:2928} INFO - Setting next_dagrun for example_branch_labels to 2021-11-28 00:00:00+00:00
[2021-11-29 16:28:00,912] {processor.py:171} INFO - Processing /usr/local/lib/python3.8/dist-packages/airflow/example_dags/example_branch_labels.py took 0.563 seconds
[2021-11-29 16:28:59,335] {processor.py:163} INFO - Started process (PID=7397) to work on /usr/local/lib/python3.8/dist-packages/airflow/example_dags/example_branch_labels.py
[2021-11-29 16:28:59,423] {processor.py:625} INFO - Processing file /usr/local/lib/python3.8/dist-packages/airflow/example_dags/example_branch_labels.py for tasks to queue
[2021-11-29 16:28:59,424] {logging_mixin.py:109} INFO - [2021-11-29 16:28:59,424] {dagbag.py:500} INFO - Filling up the DagBag from /usr/local/lib/python3.8/dist-packages/airflow/example_dags/example_branch_labels.py
[2021-11-29 16:28:59,488] {processor.py:637} INFO - DAG(s) dict_keys(['example_branch_labels']) retrieved from /usr/local/lib/python3.8/dist-packages/airflow/example_dags/example_branch_labels.py
[2021-11-29 16:28:59,505] {logging_mixin.py:109} WARNING - /usr/local/lib/python3.8/dist-packages/airflow/models/serialized_dag.py:120 SAWarning: TypeDecorator UtcDateTime(timezone=True) will not produce a cache key because the ``cache_ok`` flag is not set to True.  Set this flag to True if this type object's state is safe to use in a cache key, or False to disable this warning.
[2021-11-29 16:28:59,528] {logging_mixin.py:109} INFO - [2021-11-29 16:28:59,528] {dag.py:2396} INFO - Sync 1 DAGs
[2021-11-29 16:28:59,576] {logging_mixin.py:109} WARNING - /usr/local/lib/python3.8/dist-packages/airflow/models/dag.py:2433 SAWarning: TypeDecorator UtcDateTime(timezone=True) will not produce a cache key because the ``cache_ok`` flag is not set to True.  Set this flag to True if this type object's state is safe to use in a cache key, or False to disable this warning.
[2021-11-29 16:28:59,591] {logging_mixin.py:109} INFO - [2021-11-29 16:28:59,590] {dag.py:2928} INFO - Setting next_dagrun for example_branch_labels to 2021-11-28 00:00:00+00:00
[2021-11-29 16:28:59,978] {processor.py:171} INFO - Processing /usr/local/lib/python3.8/dist-packages/airflow/example_dags/example_branch_labels.py took 0.657 seconds
[2021-11-29 16:29:56,477] {processor.py:163} INFO - Started process (PID=7562) to work on /usr/local/lib/python3.8/dist-packages/airflow/example_dags/example_branch_labels.py
[2021-11-29 16:29:56,512] {processor.py:625} INFO - Processing file /usr/local/lib/python3.8/dist-packages/airflow/example_dags/example_branch_labels.py for tasks to queue
[2021-11-29 16:29:56,513] {logging_mixin.py:109} INFO - [2021-11-29 16:29:56,513] {dagbag.py:500} INFO - Filling up the DagBag from /usr/local/lib/python3.8/dist-packages/airflow/example_dags/example_branch_labels.py
[2021-11-29 16:29:56,596] {processor.py:637} INFO - DAG(s) dict_keys(['example_branch_labels']) retrieved from /usr/local/lib/python3.8/dist-packages/airflow/example_dags/example_branch_labels.py
[2021-11-29 16:29:56,603] {logging_mixin.py:109} WARNING - /usr/local/lib/python3.8/dist-packages/airflow/models/serialized_dag.py:120 SAWarning: TypeDecorator UtcDateTime(timezone=True) will not produce a cache key because the ``cache_ok`` flag is not set to True.  Set this flag to True if this type object's state is safe to use in a cache key, or False to disable this warning.
[2021-11-29 16:29:56,644] {logging_mixin.py:109} INFO - [2021-11-29 16:29:56,644] {dag.py:2396} INFO - Sync 1 DAGs
[2021-11-29 16:29:56,679] {logging_mixin.py:109} WARNING - /usr/local/lib/python3.8/dist-packages/airflow/models/dag.py:2433 SAWarning: TypeDecorator UtcDateTime(timezone=True) will not produce a cache key because the ``cache_ok`` flag is not set to True.  Set this flag to True if this type object's state is safe to use in a cache key, or False to disable this warning.
[2021-11-29 16:29:56,697] {logging_mixin.py:109} INFO - [2021-11-29 16:29:56,697] {dag.py:2928} INFO - Setting next_dagrun for example_branch_labels to 2021-11-28 00:00:00+00:00
[2021-11-29 16:29:56,869] {processor.py:171} INFO - Processing /usr/local/lib/python3.8/dist-packages/airflow/example_dags/example_branch_labels.py took 0.407 seconds
[2021-11-29 16:30:53,356] {processor.py:163} INFO - Started process (PID=7726) to work on /usr/local/lib/python3.8/dist-packages/airflow/example_dags/example_branch_labels.py
[2021-11-29 16:30:53,368] {processor.py:625} INFO - Processing file /usr/local/lib/python3.8/dist-packages/airflow/example_dags/example_branch_labels.py for tasks to queue
[2021-11-29 16:30:53,369] {logging_mixin.py:109} INFO - [2021-11-29 16:30:53,368] {dagbag.py:500} INFO - Filling up the DagBag from /usr/local/lib/python3.8/dist-packages/airflow/example_dags/example_branch_labels.py
[2021-11-29 16:30:53,453] {processor.py:637} INFO - DAG(s) dict_keys(['example_branch_labels']) retrieved from /usr/local/lib/python3.8/dist-packages/airflow/example_dags/example_branch_labels.py
[2021-11-29 16:30:53,475] {logging_mixin.py:109} WARNING - /usr/local/lib/python3.8/dist-packages/airflow/models/serialized_dag.py:120 SAWarning: TypeDecorator UtcDateTime(timezone=True) will not produce a cache key because the ``cache_ok`` flag is not set to True.  Set this flag to True if this type object's state is safe to use in a cache key, or False to disable this warning.
[2021-11-29 16:30:53,545] {logging_mixin.py:109} INFO - [2021-11-29 16:30:53,535] {dag.py:2396} INFO - Sync 1 DAGs
[2021-11-29 16:30:53,585] {logging_mixin.py:109} WARNING - /usr/local/lib/python3.8/dist-packages/airflow/models/dag.py:2433 SAWarning: TypeDecorator UtcDateTime(timezone=True) will not produce a cache key because the ``cache_ok`` flag is not set to True.  Set this flag to True if this type object's state is safe to use in a cache key, or False to disable this warning.
[2021-11-29 16:30:53,632] {logging_mixin.py:109} INFO - [2021-11-29 16:30:53,632] {dag.py:2928} INFO - Setting next_dagrun for example_branch_labels to 2021-11-28 00:00:00+00:00
[2021-11-29 16:30:53,939] {processor.py:171} INFO - Processing /usr/local/lib/python3.8/dist-packages/airflow/example_dags/example_branch_labels.py took 0.586 seconds
[2021-11-29 16:31:47,427] {processor.py:163} INFO - Started process (PID=7884) to work on /usr/local/lib/python3.8/dist-packages/airflow/example_dags/example_branch_labels.py
[2021-11-29 16:31:47,459] {processor.py:625} INFO - Processing file /usr/local/lib/python3.8/dist-packages/airflow/example_dags/example_branch_labels.py for tasks to queue
[2021-11-29 16:31:47,462] {logging_mixin.py:109} INFO - [2021-11-29 16:31:47,462] {dagbag.py:500} INFO - Filling up the DagBag from /usr/local/lib/python3.8/dist-packages/airflow/example_dags/example_branch_labels.py
[2021-11-29 16:31:47,514] {processor.py:637} INFO - DAG(s) dict_keys(['example_branch_labels']) retrieved from /usr/local/lib/python3.8/dist-packages/airflow/example_dags/example_branch_labels.py
[2021-11-29 16:31:47,521] {logging_mixin.py:109} WARNING - /usr/local/lib/python3.8/dist-packages/airflow/models/serialized_dag.py:120 SAWarning: TypeDecorator UtcDateTime(timezone=True) will not produce a cache key because the ``cache_ok`` flag is not set to True.  Set this flag to True if this type object's state is safe to use in a cache key, or False to disable this warning.
[2021-11-29 16:31:47,535] {logging_mixin.py:109} INFO - [2021-11-29 16:31:47,535] {dag.py:2396} INFO - Sync 1 DAGs
[2021-11-29 16:31:47,552] {logging_mixin.py:109} WARNING - /usr/local/lib/python3.8/dist-packages/airflow/models/dag.py:2433 SAWarning: TypeDecorator UtcDateTime(timezone=True) will not produce a cache key because the ``cache_ok`` flag is not set to True.  Set this flag to True if this type object's state is safe to use in a cache key, or False to disable this warning.
[2021-11-29 16:31:47,568] {logging_mixin.py:109} INFO - [2021-11-29 16:31:47,568] {dag.py:2928} INFO - Setting next_dagrun for example_branch_labels to 2021-11-28 00:00:00+00:00
[2021-11-29 16:31:47,805] {processor.py:171} INFO - Processing /usr/local/lib/python3.8/dist-packages/airflow/example_dags/example_branch_labels.py took 0.392 seconds
[2021-11-29 16:32:43,674] {processor.py:163} INFO - Started process (PID=8052) to work on /usr/local/lib/python3.8/dist-packages/airflow/example_dags/example_branch_labels.py
[2021-11-29 16:32:43,703] {processor.py:625} INFO - Processing file /usr/local/lib/python3.8/dist-packages/airflow/example_dags/example_branch_labels.py for tasks to queue
[2021-11-29 16:32:43,704] {logging_mixin.py:109} INFO - [2021-11-29 16:32:43,703] {dagbag.py:500} INFO - Filling up the DagBag from /usr/local/lib/python3.8/dist-packages/airflow/example_dags/example_branch_labels.py
[2021-11-29 16:32:43,762] {processor.py:637} INFO - DAG(s) dict_keys(['example_branch_labels']) retrieved from /usr/local/lib/python3.8/dist-packages/airflow/example_dags/example_branch_labels.py
[2021-11-29 16:32:43,800] {logging_mixin.py:109} WARNING - /usr/local/lib/python3.8/dist-packages/airflow/models/serialized_dag.py:120 SAWarning: TypeDecorator UtcDateTime(timezone=True) will not produce a cache key because the ``cache_ok`` flag is not set to True.  Set this flag to True if this type object's state is safe to use in a cache key, or False to disable this warning.
[2021-11-29 16:32:43,826] {logging_mixin.py:109} INFO - [2021-11-29 16:32:43,826] {dag.py:2396} INFO - Sync 1 DAGs
[2021-11-29 16:32:43,878] {logging_mixin.py:109} WARNING - /usr/local/lib/python3.8/dist-packages/airflow/models/dag.py:2433 SAWarning: TypeDecorator UtcDateTime(timezone=True) will not produce a cache key because the ``cache_ok`` flag is not set to True.  Set this flag to True if this type object's state is safe to use in a cache key, or False to disable this warning.
[2021-11-29 16:32:43,903] {logging_mixin.py:109} INFO - [2021-11-29 16:32:43,902] {dag.py:2928} INFO - Setting next_dagrun for example_branch_labels to 2021-11-28 00:00:00+00:00
[2021-11-29 16:32:44,099] {processor.py:171} INFO - Processing /usr/local/lib/python3.8/dist-packages/airflow/example_dags/example_branch_labels.py took 0.430 seconds
[2021-11-29 16:33:38,636] {processor.py:163} INFO - Started process (PID=8214) to work on /usr/local/lib/python3.8/dist-packages/airflow/example_dags/example_branch_labels.py
[2021-11-29 16:33:38,641] {processor.py:625} INFO - Processing file /usr/local/lib/python3.8/dist-packages/airflow/example_dags/example_branch_labels.py for tasks to queue
[2021-11-29 16:33:38,642] {logging_mixin.py:109} INFO - [2021-11-29 16:33:38,642] {dagbag.py:500} INFO - Filling up the DagBag from /usr/local/lib/python3.8/dist-packages/airflow/example_dags/example_branch_labels.py
[2021-11-29 16:33:38,703] {processor.py:637} INFO - DAG(s) dict_keys(['example_branch_labels']) retrieved from /usr/local/lib/python3.8/dist-packages/airflow/example_dags/example_branch_labels.py
[2021-11-29 16:33:38,729] {logging_mixin.py:109} WARNING - /usr/local/lib/python3.8/dist-packages/airflow/models/serialized_dag.py:120 SAWarning: TypeDecorator UtcDateTime(timezone=True) will not produce a cache key because the ``cache_ok`` flag is not set to True.  Set this flag to True if this type object's state is safe to use in a cache key, or False to disable this warning.
[2021-11-29 16:33:38,745] {logging_mixin.py:109} INFO - [2021-11-29 16:33:38,745] {dag.py:2396} INFO - Sync 1 DAGs
[2021-11-29 16:33:38,761] {logging_mixin.py:109} WARNING - /usr/local/lib/python3.8/dist-packages/airflow/models/dag.py:2433 SAWarning: TypeDecorator UtcDateTime(timezone=True) will not produce a cache key because the ``cache_ok`` flag is not set to True.  Set this flag to True if this type object's state is safe to use in a cache key, or False to disable this warning.
[2021-11-29 16:33:38,775] {logging_mixin.py:109} INFO - [2021-11-29 16:33:38,775] {dag.py:2928} INFO - Setting next_dagrun for example_branch_labels to 2021-11-28 00:00:00+00:00
[2021-11-29 16:33:38,952] {processor.py:171} INFO - Processing /usr/local/lib/python3.8/dist-packages/airflow/example_dags/example_branch_labels.py took 0.330 seconds
[2021-11-29 16:34:33,648] {processor.py:163} INFO - Started process (PID=8377) to work on /usr/local/lib/python3.8/dist-packages/airflow/example_dags/example_branch_labels.py
[2021-11-29 16:34:33,687] {processor.py:625} INFO - Processing file /usr/local/lib/python3.8/dist-packages/airflow/example_dags/example_branch_labels.py for tasks to queue
[2021-11-29 16:34:33,688] {logging_mixin.py:109} INFO - [2021-11-29 16:34:33,687] {dagbag.py:500} INFO - Filling up the DagBag from /usr/local/lib/python3.8/dist-packages/airflow/example_dags/example_branch_labels.py
[2021-11-29 16:34:33,785] {processor.py:637} INFO - DAG(s) dict_keys(['example_branch_labels']) retrieved from /usr/local/lib/python3.8/dist-packages/airflow/example_dags/example_branch_labels.py
[2021-11-29 16:34:33,792] {logging_mixin.py:109} WARNING - /usr/local/lib/python3.8/dist-packages/airflow/models/serialized_dag.py:120 SAWarning: TypeDecorator UtcDateTime(timezone=True) will not produce a cache key because the ``cache_ok`` flag is not set to True.  Set this flag to True if this type object's state is safe to use in a cache key, or False to disable this warning.
[2021-11-29 16:34:33,811] {logging_mixin.py:109} INFO - [2021-11-29 16:34:33,809] {dag.py:2396} INFO - Sync 1 DAGs
[2021-11-29 16:34:33,833] {logging_mixin.py:109} WARNING - /usr/local/lib/python3.8/dist-packages/airflow/models/dag.py:2433 SAWarning: TypeDecorator UtcDateTime(timezone=True) will not produce a cache key because the ``cache_ok`` flag is not set to True.  Set this flag to True if this type object's state is safe to use in a cache key, or False to disable this warning.
[2021-11-29 16:34:33,854] {logging_mixin.py:109} INFO - [2021-11-29 16:34:33,853] {dag.py:2928} INFO - Setting next_dagrun for example_branch_labels to 2021-11-28 00:00:00+00:00
[2021-11-29 16:34:34,079] {processor.py:171} INFO - Processing /usr/local/lib/python3.8/dist-packages/airflow/example_dags/example_branch_labels.py took 0.446 seconds
[2021-11-29 16:35:29,647] {processor.py:163} INFO - Started process (PID=8545) to work on /usr/local/lib/python3.8/dist-packages/airflow/example_dags/example_branch_labels.py
[2021-11-29 16:35:29,655] {processor.py:625} INFO - Processing file /usr/local/lib/python3.8/dist-packages/airflow/example_dags/example_branch_labels.py for tasks to queue
[2021-11-29 16:35:29,656] {logging_mixin.py:109} INFO - [2021-11-29 16:35:29,656] {dagbag.py:500} INFO - Filling up the DagBag from /usr/local/lib/python3.8/dist-packages/airflow/example_dags/example_branch_labels.py
[2021-11-29 16:35:29,741] {processor.py:637} INFO - DAG(s) dict_keys(['example_branch_labels']) retrieved from /usr/local/lib/python3.8/dist-packages/airflow/example_dags/example_branch_labels.py
[2021-11-29 16:35:29,757] {logging_mixin.py:109} WARNING - /usr/local/lib/python3.8/dist-packages/airflow/models/serialized_dag.py:120 SAWarning: TypeDecorator UtcDateTime(timezone=True) will not produce a cache key because the ``cache_ok`` flag is not set to True.  Set this flag to True if this type object's state is safe to use in a cache key, or False to disable this warning.
[2021-11-29 16:35:29,797] {logging_mixin.py:109} INFO - [2021-11-29 16:35:29,797] {dag.py:2396} INFO - Sync 1 DAGs
[2021-11-29 16:35:29,855] {logging_mixin.py:109} WARNING - /usr/local/lib/python3.8/dist-packages/airflow/models/dag.py:2433 SAWarning: TypeDecorator UtcDateTime(timezone=True) will not produce a cache key because the ``cache_ok`` flag is not set to True.  Set this flag to True if this type object's state is safe to use in a cache key, or False to disable this warning.
[2021-11-29 16:35:29,874] {logging_mixin.py:109} INFO - [2021-11-29 16:35:29,874] {dag.py:2928} INFO - Setting next_dagrun for example_branch_labels to 2021-11-28 00:00:00+00:00
[2021-11-29 16:35:30,072] {processor.py:171} INFO - Processing /usr/local/lib/python3.8/dist-packages/airflow/example_dags/example_branch_labels.py took 0.442 seconds
[2021-11-29 16:36:27,646] {processor.py:163} INFO - Started process (PID=8703) to work on /usr/local/lib/python3.8/dist-packages/airflow/example_dags/example_branch_labels.py
[2021-11-29 16:36:27,667] {processor.py:625} INFO - Processing file /usr/local/lib/python3.8/dist-packages/airflow/example_dags/example_branch_labels.py for tasks to queue
[2021-11-29 16:36:27,668] {logging_mixin.py:109} INFO - [2021-11-29 16:36:27,668] {dagbag.py:500} INFO - Filling up the DagBag from /usr/local/lib/python3.8/dist-packages/airflow/example_dags/example_branch_labels.py
[2021-11-29 16:36:27,736] {processor.py:637} INFO - DAG(s) dict_keys(['example_branch_labels']) retrieved from /usr/local/lib/python3.8/dist-packages/airflow/example_dags/example_branch_labels.py
[2021-11-29 16:36:27,745] {logging_mixin.py:109} WARNING - /usr/local/lib/python3.8/dist-packages/airflow/models/serialized_dag.py:120 SAWarning: TypeDecorator UtcDateTime(timezone=True) will not produce a cache key because the ``cache_ok`` flag is not set to True.  Set this flag to True if this type object's state is safe to use in a cache key, or False to disable this warning.
[2021-11-29 16:36:27,762] {logging_mixin.py:109} INFO - [2021-11-29 16:36:27,762] {dag.py:2396} INFO - Sync 1 DAGs
[2021-11-29 16:36:27,784] {logging_mixin.py:109} WARNING - /usr/local/lib/python3.8/dist-packages/airflow/models/dag.py:2433 SAWarning: TypeDecorator UtcDateTime(timezone=True) will not produce a cache key because the ``cache_ok`` flag is not set to True.  Set this flag to True if this type object's state is safe to use in a cache key, or False to disable this warning.
[2021-11-29 16:36:27,805] {logging_mixin.py:109} INFO - [2021-11-29 16:36:27,805] {dag.py:2928} INFO - Setting next_dagrun for example_branch_labels to 2021-11-28 00:00:00+00:00
[2021-11-29 16:36:27,987] {processor.py:171} INFO - Processing /usr/local/lib/python3.8/dist-packages/airflow/example_dags/example_branch_labels.py took 0.355 seconds
[2021-11-29 16:37:22,344] {processor.py:163} INFO - Started process (PID=8860) to work on /usr/local/lib/python3.8/dist-packages/airflow/example_dags/example_branch_labels.py
[2021-11-29 16:37:22,368] {processor.py:625} INFO - Processing file /usr/local/lib/python3.8/dist-packages/airflow/example_dags/example_branch_labels.py for tasks to queue
[2021-11-29 16:37:22,369] {logging_mixin.py:109} INFO - [2021-11-29 16:37:22,369] {dagbag.py:500} INFO - Filling up the DagBag from /usr/local/lib/python3.8/dist-packages/airflow/example_dags/example_branch_labels.py
[2021-11-29 16:37:22,457] {processor.py:637} INFO - DAG(s) dict_keys(['example_branch_labels']) retrieved from /usr/local/lib/python3.8/dist-packages/airflow/example_dags/example_branch_labels.py
[2021-11-29 16:37:22,478] {logging_mixin.py:109} WARNING - /usr/local/lib/python3.8/dist-packages/airflow/models/serialized_dag.py:120 SAWarning: TypeDecorator UtcDateTime(timezone=True) will not produce a cache key because the ``cache_ok`` flag is not set to True.  Set this flag to True if this type object's state is safe to use in a cache key, or False to disable this warning.
[2021-11-29 16:37:22,525] {logging_mixin.py:109} INFO - [2021-11-29 16:37:22,525] {dag.py:2396} INFO - Sync 1 DAGs
[2021-11-29 16:37:22,587] {logging_mixin.py:109} WARNING - /usr/local/lib/python3.8/dist-packages/airflow/models/dag.py:2433 SAWarning: TypeDecorator UtcDateTime(timezone=True) will not produce a cache key because the ``cache_ok`` flag is not set to True.  Set this flag to True if this type object's state is safe to use in a cache key, or False to disable this warning.
[2021-11-29 16:37:22,612] {logging_mixin.py:109} INFO - [2021-11-29 16:37:22,612] {dag.py:2928} INFO - Setting next_dagrun for example_branch_labels to 2021-11-28 00:00:00+00:00
[2021-11-29 16:37:22,874] {processor.py:171} INFO - Processing /usr/local/lib/python3.8/dist-packages/airflow/example_dags/example_branch_labels.py took 0.534 seconds
[2021-11-29 16:38:18,985] {processor.py:163} INFO - Started process (PID=9028) to work on /usr/local/lib/python3.8/dist-packages/airflow/example_dags/example_branch_labels.py
[2021-11-29 16:38:19,003] {processor.py:625} INFO - Processing file /usr/local/lib/python3.8/dist-packages/airflow/example_dags/example_branch_labels.py for tasks to queue
[2021-11-29 16:38:19,006] {logging_mixin.py:109} INFO - [2021-11-29 16:38:19,006] {dagbag.py:500} INFO - Filling up the DagBag from /usr/local/lib/python3.8/dist-packages/airflow/example_dags/example_branch_labels.py
[2021-11-29 16:38:19,071] {processor.py:637} INFO - DAG(s) dict_keys(['example_branch_labels']) retrieved from /usr/local/lib/python3.8/dist-packages/airflow/example_dags/example_branch_labels.py
[2021-11-29 16:38:19,088] {logging_mixin.py:109} WARNING - /usr/local/lib/python3.8/dist-packages/airflow/models/serialized_dag.py:120 SAWarning: TypeDecorator UtcDateTime(timezone=True) will not produce a cache key because the ``cache_ok`` flag is not set to True.  Set this flag to True if this type object's state is safe to use in a cache key, or False to disable this warning.
[2021-11-29 16:38:19,111] {logging_mixin.py:109} INFO - [2021-11-29 16:38:19,111] {dag.py:2396} INFO - Sync 1 DAGs
[2021-11-29 16:38:19,151] {logging_mixin.py:109} WARNING - /usr/local/lib/python3.8/dist-packages/airflow/models/dag.py:2433 SAWarning: TypeDecorator UtcDateTime(timezone=True) will not produce a cache key because the ``cache_ok`` flag is not set to True.  Set this flag to True if this type object's state is safe to use in a cache key, or False to disable this warning.
[2021-11-29 16:38:19,193] {logging_mixin.py:109} INFO - [2021-11-29 16:38:19,193] {dag.py:2928} INFO - Setting next_dagrun for example_branch_labels to 2021-11-28 00:00:00+00:00
[2021-11-29 16:38:19,374] {processor.py:171} INFO - Processing /usr/local/lib/python3.8/dist-packages/airflow/example_dags/example_branch_labels.py took 0.393 seconds
[2021-11-29 16:39:13,466] {processor.py:163} INFO - Started process (PID=9191) to work on /usr/local/lib/python3.8/dist-packages/airflow/example_dags/example_branch_labels.py
[2021-11-29 16:39:13,475] {processor.py:625} INFO - Processing file /usr/local/lib/python3.8/dist-packages/airflow/example_dags/example_branch_labels.py for tasks to queue
[2021-11-29 16:39:13,476] {logging_mixin.py:109} INFO - [2021-11-29 16:39:13,476] {dagbag.py:500} INFO - Filling up the DagBag from /usr/local/lib/python3.8/dist-packages/airflow/example_dags/example_branch_labels.py
[2021-11-29 16:39:13,542] {processor.py:637} INFO - DAG(s) dict_keys(['example_branch_labels']) retrieved from /usr/local/lib/python3.8/dist-packages/airflow/example_dags/example_branch_labels.py
[2021-11-29 16:39:13,551] {logging_mixin.py:109} WARNING - /usr/local/lib/python3.8/dist-packages/airflow/models/serialized_dag.py:120 SAWarning: TypeDecorator UtcDateTime(timezone=True) will not produce a cache key because the ``cache_ok`` flag is not set to True.  Set this flag to True if this type object's state is safe to use in a cache key, or False to disable this warning.
[2021-11-29 16:39:13,564] {logging_mixin.py:109} INFO - [2021-11-29 16:39:13,564] {dag.py:2396} INFO - Sync 1 DAGs
[2021-11-29 16:39:13,585] {logging_mixin.py:109} WARNING - /usr/local/lib/python3.8/dist-packages/airflow/models/dag.py:2433 SAWarning: TypeDecorator UtcDateTime(timezone=True) will not produce a cache key because the ``cache_ok`` flag is not set to True.  Set this flag to True if this type object's state is safe to use in a cache key, or False to disable this warning.
[2021-11-29 16:39:13,602] {logging_mixin.py:109} INFO - [2021-11-29 16:39:13,601] {dag.py:2928} INFO - Setting next_dagrun for example_branch_labels to 2021-11-28 00:00:00+00:00
[2021-11-29 16:39:13,771] {processor.py:171} INFO - Processing /usr/local/lib/python3.8/dist-packages/airflow/example_dags/example_branch_labels.py took 0.321 seconds
[2021-11-29 16:40:08,465] {processor.py:163} INFO - Started process (PID=9355) to work on /usr/local/lib/python3.8/dist-packages/airflow/example_dags/example_branch_labels.py
[2021-11-29 16:40:08,473] {processor.py:625} INFO - Processing file /usr/local/lib/python3.8/dist-packages/airflow/example_dags/example_branch_labels.py for tasks to queue
[2021-11-29 16:40:08,474] {logging_mixin.py:109} INFO - [2021-11-29 16:40:08,474] {dagbag.py:500} INFO - Filling up the DagBag from /usr/local/lib/python3.8/dist-packages/airflow/example_dags/example_branch_labels.py
[2021-11-29 16:40:08,538] {processor.py:637} INFO - DAG(s) dict_keys(['example_branch_labels']) retrieved from /usr/local/lib/python3.8/dist-packages/airflow/example_dags/example_branch_labels.py
[2021-11-29 16:40:08,556] {logging_mixin.py:109} WARNING - /usr/local/lib/python3.8/dist-packages/airflow/models/serialized_dag.py:120 SAWarning: TypeDecorator UtcDateTime(timezone=True) will not produce a cache key because the ``cache_ok`` flag is not set to True.  Set this flag to True if this type object's state is safe to use in a cache key, or False to disable this warning.
[2021-11-29 16:40:08,579] {logging_mixin.py:109} INFO - [2021-11-29 16:40:08,578] {dag.py:2396} INFO - Sync 1 DAGs
[2021-11-29 16:40:08,622] {logging_mixin.py:109} WARNING - /usr/local/lib/python3.8/dist-packages/airflow/models/dag.py:2433 SAWarning: TypeDecorator UtcDateTime(timezone=True) will not produce a cache key because the ``cache_ok`` flag is not set to True.  Set this flag to True if this type object's state is safe to use in a cache key, or False to disable this warning.
[2021-11-29 16:40:08,657] {logging_mixin.py:109} INFO - [2021-11-29 16:40:08,657] {dag.py:2928} INFO - Setting next_dagrun for example_branch_labels to 2021-11-28 00:00:00+00:00
[2021-11-29 16:40:08,902] {processor.py:171} INFO - Processing /usr/local/lib/python3.8/dist-packages/airflow/example_dags/example_branch_labels.py took 0.452 seconds
[2021-11-29 16:41:04,595] {processor.py:163} INFO - Started process (PID=9521) to work on /usr/local/lib/python3.8/dist-packages/airflow/example_dags/example_branch_labels.py
[2021-11-29 16:41:04,631] {processor.py:625} INFO - Processing file /usr/local/lib/python3.8/dist-packages/airflow/example_dags/example_branch_labels.py for tasks to queue
[2021-11-29 16:41:04,632] {logging_mixin.py:109} INFO - [2021-11-29 16:41:04,632] {dagbag.py:500} INFO - Filling up the DagBag from /usr/local/lib/python3.8/dist-packages/airflow/example_dags/example_branch_labels.py
[2021-11-29 16:41:04,683] {processor.py:637} INFO - DAG(s) dict_keys(['example_branch_labels']) retrieved from /usr/local/lib/python3.8/dist-packages/airflow/example_dags/example_branch_labels.py
[2021-11-29 16:41:04,700] {logging_mixin.py:109} WARNING - /usr/local/lib/python3.8/dist-packages/airflow/models/serialized_dag.py:120 SAWarning: TypeDecorator UtcDateTime(timezone=True) will not produce a cache key because the ``cache_ok`` flag is not set to True.  Set this flag to True if this type object's state is safe to use in a cache key, or False to disable this warning.
[2021-11-29 16:41:04,753] {logging_mixin.py:109} INFO - [2021-11-29 16:41:04,753] {dag.py:2396} INFO - Sync 1 DAGs
[2021-11-29 16:41:04,798] {logging_mixin.py:109} WARNING - /usr/local/lib/python3.8/dist-packages/airflow/models/dag.py:2433 SAWarning: TypeDecorator UtcDateTime(timezone=True) will not produce a cache key because the ``cache_ok`` flag is not set to True.  Set this flag to True if this type object's state is safe to use in a cache key, or False to disable this warning.
[2021-11-29 16:41:04,834] {logging_mixin.py:109} INFO - [2021-11-29 16:41:04,834] {dag.py:2928} INFO - Setting next_dagrun for example_branch_labels to 2021-11-28 00:00:00+00:00
[2021-11-29 16:41:05,049] {processor.py:171} INFO - Processing /usr/local/lib/python3.8/dist-packages/airflow/example_dags/example_branch_labels.py took 0.458 seconds
[2021-11-29 16:42:06,989] {processor.py:163} INFO - Started process (PID=9692) to work on /usr/local/lib/python3.8/dist-packages/airflow/example_dags/example_branch_labels.py
[2021-11-29 16:42:07,032] {processor.py:625} INFO - Processing file /usr/local/lib/python3.8/dist-packages/airflow/example_dags/example_branch_labels.py for tasks to queue
[2021-11-29 16:42:07,034] {logging_mixin.py:109} INFO - [2021-11-29 16:42:07,033] {dagbag.py:500} INFO - Filling up the DagBag from /usr/local/lib/python3.8/dist-packages/airflow/example_dags/example_branch_labels.py
[2021-11-29 16:42:07,124] {processor.py:637} INFO - DAG(s) dict_keys(['example_branch_labels']) retrieved from /usr/local/lib/python3.8/dist-packages/airflow/example_dags/example_branch_labels.py
[2021-11-29 16:42:07,145] {logging_mixin.py:109} WARNING - /usr/local/lib/python3.8/dist-packages/airflow/models/serialized_dag.py:120 SAWarning: TypeDecorator UtcDateTime(timezone=True) will not produce a cache key because the ``cache_ok`` flag is not set to True.  Set this flag to True if this type object's state is safe to use in a cache key, or False to disable this warning.
[2021-11-29 16:42:07,195] {logging_mixin.py:109} INFO - [2021-11-29 16:42:07,185] {dag.py:2396} INFO - Sync 1 DAGs
[2021-11-29 16:42:07,223] {logging_mixin.py:109} WARNING - /usr/local/lib/python3.8/dist-packages/airflow/models/dag.py:2433 SAWarning: TypeDecorator UtcDateTime(timezone=True) will not produce a cache key because the ``cache_ok`` flag is not set to True.  Set this flag to True if this type object's state is safe to use in a cache key, or False to disable this warning.
[2021-11-29 16:42:07,294] {logging_mixin.py:109} INFO - [2021-11-29 16:42:07,294] {dag.py:2928} INFO - Setting next_dagrun for example_branch_labels to 2021-11-28 00:00:00+00:00
[2021-11-29 16:42:07,474] {processor.py:171} INFO - Processing /usr/local/lib/python3.8/dist-packages/airflow/example_dags/example_branch_labels.py took 0.502 seconds
[2021-11-29 16:43:00,956] {processor.py:163} INFO - Started process (PID=9867) to work on /usr/local/lib/python3.8/dist-packages/airflow/example_dags/example_branch_labels.py
[2021-11-29 16:43:00,961] {processor.py:625} INFO - Processing file /usr/local/lib/python3.8/dist-packages/airflow/example_dags/example_branch_labels.py for tasks to queue
[2021-11-29 16:43:00,962] {logging_mixin.py:109} INFO - [2021-11-29 16:43:00,962] {dagbag.py:500} INFO - Filling up the DagBag from /usr/local/lib/python3.8/dist-packages/airflow/example_dags/example_branch_labels.py
[2021-11-29 16:43:01,023] {processor.py:637} INFO - DAG(s) dict_keys(['example_branch_labels']) retrieved from /usr/local/lib/python3.8/dist-packages/airflow/example_dags/example_branch_labels.py
[2021-11-29 16:43:01,040] {logging_mixin.py:109} WARNING - /usr/local/lib/python3.8/dist-packages/airflow/models/serialized_dag.py:120 SAWarning: TypeDecorator UtcDateTime(timezone=True) will not produce a cache key because the ``cache_ok`` flag is not set to True.  Set this flag to True if this type object's state is safe to use in a cache key, or False to disable this warning.
[2021-11-29 16:43:01,098] {logging_mixin.py:109} INFO - [2021-11-29 16:43:01,098] {dag.py:2396} INFO - Sync 1 DAGs
[2021-11-29 16:43:01,126] {logging_mixin.py:109} WARNING - /usr/local/lib/python3.8/dist-packages/airflow/models/dag.py:2433 SAWarning: TypeDecorator UtcDateTime(timezone=True) will not produce a cache key because the ``cache_ok`` flag is not set to True.  Set this flag to True if this type object's state is safe to use in a cache key, or False to disable this warning.
[2021-11-29 16:43:01,153] {logging_mixin.py:109} INFO - [2021-11-29 16:43:01,153] {dag.py:2928} INFO - Setting next_dagrun for example_branch_labels to 2021-11-28 00:00:00+00:00
[2021-11-29 16:43:01,379] {processor.py:171} INFO - Processing /usr/local/lib/python3.8/dist-packages/airflow/example_dags/example_branch_labels.py took 0.427 seconds
[2021-11-29 16:43:55,076] {processor.py:163} INFO - Started process (PID=10027) to work on /usr/local/lib/python3.8/dist-packages/airflow/example_dags/example_branch_labels.py
[2021-11-29 16:43:55,091] {processor.py:625} INFO - Processing file /usr/local/lib/python3.8/dist-packages/airflow/example_dags/example_branch_labels.py for tasks to queue
[2021-11-29 16:43:55,093] {logging_mixin.py:109} INFO - [2021-11-29 16:43:55,093] {dagbag.py:500} INFO - Filling up the DagBag from /usr/local/lib/python3.8/dist-packages/airflow/example_dags/example_branch_labels.py
[2021-11-29 16:43:55,177] {processor.py:637} INFO - DAG(s) dict_keys(['example_branch_labels']) retrieved from /usr/local/lib/python3.8/dist-packages/airflow/example_dags/example_branch_labels.py
[2021-11-29 16:43:55,199] {logging_mixin.py:109} WARNING - /usr/local/lib/python3.8/dist-packages/airflow/models/serialized_dag.py:120 SAWarning: TypeDecorator UtcDateTime(timezone=True) will not produce a cache key because the ``cache_ok`` flag is not set to True.  Set this flag to True if this type object's state is safe to use in a cache key, or False to disable this warning.
[2021-11-29 16:43:55,245] {logging_mixin.py:109} INFO - [2021-11-29 16:43:55,244] {dag.py:2396} INFO - Sync 1 DAGs
[2021-11-29 16:43:55,276] {logging_mixin.py:109} WARNING - /usr/local/lib/python3.8/dist-packages/airflow/models/dag.py:2433 SAWarning: TypeDecorator UtcDateTime(timezone=True) will not produce a cache key because the ``cache_ok`` flag is not set to True.  Set this flag to True if this type object's state is safe to use in a cache key, or False to disable this warning.
[2021-11-29 16:43:55,294] {logging_mixin.py:109} INFO - [2021-11-29 16:43:55,294] {dag.py:2928} INFO - Setting next_dagrun for example_branch_labels to 2021-11-28 00:00:00+00:00
[2021-11-29 16:43:55,542] {processor.py:171} INFO - Processing /usr/local/lib/python3.8/dist-packages/airflow/example_dags/example_branch_labels.py took 0.481 seconds
[2021-11-29 16:44:52,608] {processor.py:163} INFO - Started process (PID=10195) to work on /usr/local/lib/python3.8/dist-packages/airflow/example_dags/example_branch_labels.py
[2021-11-29 16:44:52,624] {processor.py:625} INFO - Processing file /usr/local/lib/python3.8/dist-packages/airflow/example_dags/example_branch_labels.py for tasks to queue
[2021-11-29 16:44:52,626] {logging_mixin.py:109} INFO - [2021-11-29 16:44:52,626] {dagbag.py:500} INFO - Filling up the DagBag from /usr/local/lib/python3.8/dist-packages/airflow/example_dags/example_branch_labels.py
[2021-11-29 16:44:52,687] {processor.py:637} INFO - DAG(s) dict_keys(['example_branch_labels']) retrieved from /usr/local/lib/python3.8/dist-packages/airflow/example_dags/example_branch_labels.py
[2021-11-29 16:44:52,706] {logging_mixin.py:109} WARNING - /usr/local/lib/python3.8/dist-packages/airflow/models/serialized_dag.py:120 SAWarning: TypeDecorator UtcDateTime(timezone=True) will not produce a cache key because the ``cache_ok`` flag is not set to True.  Set this flag to True if this type object's state is safe to use in a cache key, or False to disable this warning.
[2021-11-29 16:44:52,728] {logging_mixin.py:109} INFO - [2021-11-29 16:44:52,728] {dag.py:2396} INFO - Sync 1 DAGs
[2021-11-29 16:44:52,776] {logging_mixin.py:109} WARNING - /usr/local/lib/python3.8/dist-packages/airflow/models/dag.py:2433 SAWarning: TypeDecorator UtcDateTime(timezone=True) will not produce a cache key because the ``cache_ok`` flag is not set to True.  Set this flag to True if this type object's state is safe to use in a cache key, or False to disable this warning.
[2021-11-29 16:44:52,791] {logging_mixin.py:109} INFO - [2021-11-29 16:44:52,791] {dag.py:2928} INFO - Setting next_dagrun for example_branch_labels to 2021-11-28 00:00:00+00:00
[2021-11-29 16:44:52,950] {processor.py:171} INFO - Processing /usr/local/lib/python3.8/dist-packages/airflow/example_dags/example_branch_labels.py took 0.357 seconds
[2021-11-29 16:45:48,338] {processor.py:163} INFO - Started process (PID=10365) to work on /usr/local/lib/python3.8/dist-packages/airflow/example_dags/example_branch_labels.py
[2021-11-29 16:45:48,382] {processor.py:625} INFO - Processing file /usr/local/lib/python3.8/dist-packages/airflow/example_dags/example_branch_labels.py for tasks to queue
[2021-11-29 16:45:48,409] {logging_mixin.py:109} INFO - [2021-11-29 16:45:48,409] {dagbag.py:500} INFO - Filling up the DagBag from /usr/local/lib/python3.8/dist-packages/airflow/example_dags/example_branch_labels.py
[2021-11-29 16:45:48,487] {processor.py:637} INFO - DAG(s) dict_keys(['example_branch_labels']) retrieved from /usr/local/lib/python3.8/dist-packages/airflow/example_dags/example_branch_labels.py
[2021-11-29 16:45:48,497] {logging_mixin.py:109} WARNING - /usr/local/lib/python3.8/dist-packages/airflow/models/serialized_dag.py:120 SAWarning: TypeDecorator UtcDateTime(timezone=True) will not produce a cache key because the ``cache_ok`` flag is not set to True.  Set this flag to True if this type object's state is safe to use in a cache key, or False to disable this warning.
[2021-11-29 16:45:48,519] {logging_mixin.py:109} INFO - [2021-11-29 16:45:48,518] {dag.py:2396} INFO - Sync 1 DAGs
[2021-11-29 16:45:48,542] {logging_mixin.py:109} WARNING - /usr/local/lib/python3.8/dist-packages/airflow/models/dag.py:2433 SAWarning: TypeDecorator UtcDateTime(timezone=True) will not produce a cache key because the ``cache_ok`` flag is not set to True.  Set this flag to True if this type object's state is safe to use in a cache key, or False to disable this warning.
[2021-11-29 16:45:48,563] {logging_mixin.py:109} INFO - [2021-11-29 16:45:48,562] {dag.py:2928} INFO - Setting next_dagrun for example_branch_labels to 2021-11-28 00:00:00+00:00
[2021-11-29 16:45:48,861] {processor.py:171} INFO - Processing /usr/local/lib/python3.8/dist-packages/airflow/example_dags/example_branch_labels.py took 0.540 seconds
[2021-11-29 16:46:43,214] {processor.py:163} INFO - Started process (PID=10546) to work on /usr/local/lib/python3.8/dist-packages/airflow/example_dags/example_branch_labels.py
[2021-11-29 16:46:43,235] {processor.py:625} INFO - Processing file /usr/local/lib/python3.8/dist-packages/airflow/example_dags/example_branch_labels.py for tasks to queue
[2021-11-29 16:46:43,236] {logging_mixin.py:109} INFO - [2021-11-29 16:46:43,236] {dagbag.py:500} INFO - Filling up the DagBag from /usr/local/lib/python3.8/dist-packages/airflow/example_dags/example_branch_labels.py
[2021-11-29 16:46:43,316] {processor.py:637} INFO - DAG(s) dict_keys(['example_branch_labels']) retrieved from /usr/local/lib/python3.8/dist-packages/airflow/example_dags/example_branch_labels.py
[2021-11-29 16:46:43,323] {logging_mixin.py:109} WARNING - /usr/local/lib/python3.8/dist-packages/airflow/models/serialized_dag.py:120 SAWarning: TypeDecorator UtcDateTime(timezone=True) will not produce a cache key because the ``cache_ok`` flag is not set to True.  Set this flag to True if this type object's state is safe to use in a cache key, or False to disable this warning.
[2021-11-29 16:46:43,344] {logging_mixin.py:109} INFO - [2021-11-29 16:46:43,344] {dag.py:2396} INFO - Sync 1 DAGs
[2021-11-29 16:46:43,382] {logging_mixin.py:109} WARNING - /usr/local/lib/python3.8/dist-packages/airflow/models/dag.py:2433 SAWarning: TypeDecorator UtcDateTime(timezone=True) will not produce a cache key because the ``cache_ok`` flag is not set to True.  Set this flag to True if this type object's state is safe to use in a cache key, or False to disable this warning.
[2021-11-29 16:46:43,417] {logging_mixin.py:109} INFO - [2021-11-29 16:46:43,405] {dag.py:2928} INFO - Setting next_dagrun for example_branch_labels to 2021-11-28 00:00:00+00:00
[2021-11-29 16:46:43,806] {processor.py:171} INFO - Processing /usr/local/lib/python3.8/dist-packages/airflow/example_dags/example_branch_labels.py took 0.596 seconds
