[2021-11-29 16:15:11,385] {processor.py:163} INFO - Started process (PID=4925) to work on /usr/local/lib/python3.8/dist-packages/airflow/example_dags/example_nested_branch_dag.py
[2021-11-29 16:15:11,386] {processor.py:625} INFO - Processing file /usr/local/lib/python3.8/dist-packages/airflow/example_dags/example_nested_branch_dag.py for tasks to queue
[2021-11-29 16:15:11,393] {logging_mixin.py:109} INFO - [2021-11-29 16:15:11,392] {dagbag.py:500} INFO - Filling up the DagBag from /usr/local/lib/python3.8/dist-packages/airflow/example_dags/example_nested_branch_dag.py
[2021-11-29 16:15:11,452] {processor.py:637} INFO - DAG(s) dict_keys(['example_nested_branch_dag']) retrieved from /usr/local/lib/python3.8/dist-packages/airflow/example_dags/example_nested_branch_dag.py
[2021-11-29 16:15:11,465] {logging_mixin.py:109} WARNING - /usr/local/lib/python3.8/dist-packages/airflow/models/serialized_dag.py:120 SAWarning: TypeDecorator UtcDateTime(timezone=True) will not produce a cache key because the ``cache_ok`` flag is not set to True.  Set this flag to True if this type object's state is safe to use in a cache key, or False to disable this warning.
[2021-11-29 16:15:11,479] {logging_mixin.py:109} INFO - [2021-11-29 16:15:11,479] {dag.py:2396} INFO - Sync 1 DAGs
[2021-11-29 16:15:11,496] {logging_mixin.py:109} WARNING - /usr/local/lib/python3.8/dist-packages/airflow/models/dag.py:2433 SAWarning: TypeDecorator UtcDateTime(timezone=True) will not produce a cache key because the ``cache_ok`` flag is not set to True.  Set this flag to True if this type object's state is safe to use in a cache key, or False to disable this warning.
[2021-11-29 16:15:11,511] {logging_mixin.py:109} INFO - [2021-11-29 16:15:11,511] {dag.py:2928} INFO - Setting next_dagrun for example_nested_branch_dag to 2021-11-28 00:00:00+00:00
[2021-11-29 16:15:12,050] {processor.py:171} INFO - Processing /usr/local/lib/python3.8/dist-packages/airflow/example_dags/example_nested_branch_dag.py took 0.681 seconds
[2021-11-29 16:16:18,596] {processor.py:163} INFO - Started process (PID=5103) to work on /usr/local/lib/python3.8/dist-packages/airflow/example_dags/example_nested_branch_dag.py
[2021-11-29 16:16:18,623] {processor.py:625} INFO - Processing file /usr/local/lib/python3.8/dist-packages/airflow/example_dags/example_nested_branch_dag.py for tasks to queue
[2021-11-29 16:16:18,625] {logging_mixin.py:109} INFO - [2021-11-29 16:16:18,625] {dagbag.py:500} INFO - Filling up the DagBag from /usr/local/lib/python3.8/dist-packages/airflow/example_dags/example_nested_branch_dag.py
[2021-11-29 16:16:18,691] {processor.py:637} INFO - DAG(s) dict_keys(['example_nested_branch_dag']) retrieved from /usr/local/lib/python3.8/dist-packages/airflow/example_dags/example_nested_branch_dag.py
[2021-11-29 16:16:18,708] {logging_mixin.py:109} WARNING - /usr/local/lib/python3.8/dist-packages/airflow/models/serialized_dag.py:120 SAWarning: TypeDecorator UtcDateTime(timezone=True) will not produce a cache key because the ``cache_ok`` flag is not set to True.  Set this flag to True if this type object's state is safe to use in a cache key, or False to disable this warning.
[2021-11-29 16:16:18,732] {logging_mixin.py:109} INFO - [2021-11-29 16:16:18,732] {dag.py:2396} INFO - Sync 1 DAGs
[2021-11-29 16:16:18,770] {logging_mixin.py:109} WARNING - /usr/local/lib/python3.8/dist-packages/airflow/models/dag.py:2433 SAWarning: TypeDecorator UtcDateTime(timezone=True) will not produce a cache key because the ``cache_ok`` flag is not set to True.  Set this flag to True if this type object's state is safe to use in a cache key, or False to disable this warning.
[2021-11-29 16:16:18,796] {logging_mixin.py:109} INFO - [2021-11-29 16:16:18,795] {dag.py:2928} INFO - Setting next_dagrun for example_nested_branch_dag to 2021-11-28 00:00:00+00:00
[2021-11-29 16:16:19,050] {processor.py:171} INFO - Processing /usr/local/lib/python3.8/dist-packages/airflow/example_dags/example_nested_branch_dag.py took 0.470 seconds
[2021-11-29 16:17:14,246] {processor.py:163} INFO - Started process (PID=5282) to work on /usr/local/lib/python3.8/dist-packages/airflow/example_dags/example_nested_branch_dag.py
[2021-11-29 16:17:14,270] {processor.py:625} INFO - Processing file /usr/local/lib/python3.8/dist-packages/airflow/example_dags/example_nested_branch_dag.py for tasks to queue
[2021-11-29 16:17:14,271] {logging_mixin.py:109} INFO - [2021-11-29 16:17:14,271] {dagbag.py:500} INFO - Filling up the DagBag from /usr/local/lib/python3.8/dist-packages/airflow/example_dags/example_nested_branch_dag.py
[2021-11-29 16:17:14,346] {processor.py:637} INFO - DAG(s) dict_keys(['example_nested_branch_dag']) retrieved from /usr/local/lib/python3.8/dist-packages/airflow/example_dags/example_nested_branch_dag.py
[2021-11-29 16:17:14,353] {logging_mixin.py:109} WARNING - /usr/local/lib/python3.8/dist-packages/airflow/models/serialized_dag.py:120 SAWarning: TypeDecorator UtcDateTime(timezone=True) will not produce a cache key because the ``cache_ok`` flag is not set to True.  Set this flag to True if this type object's state is safe to use in a cache key, or False to disable this warning.
[2021-11-29 16:17:14,379] {logging_mixin.py:109} INFO - [2021-11-29 16:17:14,379] {dag.py:2396} INFO - Sync 1 DAGs
[2021-11-29 16:17:14,398] {logging_mixin.py:109} WARNING - /usr/local/lib/python3.8/dist-packages/airflow/models/dag.py:2433 SAWarning: TypeDecorator UtcDateTime(timezone=True) will not produce a cache key because the ``cache_ok`` flag is not set to True.  Set this flag to True if this type object's state is safe to use in a cache key, or False to disable this warning.
[2021-11-29 16:17:14,421] {logging_mixin.py:109} INFO - [2021-11-29 16:17:14,421] {dag.py:2928} INFO - Setting next_dagrun for example_nested_branch_dag to 2021-11-28 00:00:00+00:00
[2021-11-29 16:17:14,718] {processor.py:171} INFO - Processing /usr/local/lib/python3.8/dist-packages/airflow/example_dags/example_nested_branch_dag.py took 0.478 seconds
[2021-11-29 16:18:09,338] {processor.py:163} INFO - Started process (PID=5454) to work on /usr/local/lib/python3.8/dist-packages/airflow/example_dags/example_nested_branch_dag.py
[2021-11-29 16:18:09,350] {processor.py:625} INFO - Processing file /usr/local/lib/python3.8/dist-packages/airflow/example_dags/example_nested_branch_dag.py for tasks to queue
[2021-11-29 16:18:09,350] {logging_mixin.py:109} INFO - [2021-11-29 16:18:09,350] {dagbag.py:500} INFO - Filling up the DagBag from /usr/local/lib/python3.8/dist-packages/airflow/example_dags/example_nested_branch_dag.py
[2021-11-29 16:18:09,416] {processor.py:637} INFO - DAG(s) dict_keys(['example_nested_branch_dag']) retrieved from /usr/local/lib/python3.8/dist-packages/airflow/example_dags/example_nested_branch_dag.py
[2021-11-29 16:18:09,423] {logging_mixin.py:109} WARNING - /usr/local/lib/python3.8/dist-packages/airflow/models/serialized_dag.py:120 SAWarning: TypeDecorator UtcDateTime(timezone=True) will not produce a cache key because the ``cache_ok`` flag is not set to True.  Set this flag to True if this type object's state is safe to use in a cache key, or False to disable this warning.
[2021-11-29 16:18:09,456] {logging_mixin.py:109} INFO - [2021-11-29 16:18:09,456] {dag.py:2396} INFO - Sync 1 DAGs
[2021-11-29 16:18:09,475] {logging_mixin.py:109} WARNING - /usr/local/lib/python3.8/dist-packages/airflow/models/dag.py:2433 SAWarning: TypeDecorator UtcDateTime(timezone=True) will not produce a cache key because the ``cache_ok`` flag is not set to True.  Set this flag to True if this type object's state is safe to use in a cache key, or False to disable this warning.
[2021-11-29 16:18:09,493] {logging_mixin.py:109} INFO - [2021-11-29 16:18:09,493] {dag.py:2928} INFO - Setting next_dagrun for example_nested_branch_dag to 2021-11-28 00:00:00+00:00
[2021-11-29 16:18:09,731] {processor.py:171} INFO - Processing /usr/local/lib/python3.8/dist-packages/airflow/example_dags/example_nested_branch_dag.py took 0.407 seconds
[2021-11-29 16:19:06,882] {processor.py:163} INFO - Started process (PID=5619) to work on /usr/local/lib/python3.8/dist-packages/airflow/example_dags/example_nested_branch_dag.py
[2021-11-29 16:19:06,890] {processor.py:625} INFO - Processing file /usr/local/lib/python3.8/dist-packages/airflow/example_dags/example_nested_branch_dag.py for tasks to queue
[2021-11-29 16:19:06,892] {logging_mixin.py:109} INFO - [2021-11-29 16:19:06,891] {dagbag.py:500} INFO - Filling up the DagBag from /usr/local/lib/python3.8/dist-packages/airflow/example_dags/example_nested_branch_dag.py
[2021-11-29 16:19:06,970] {processor.py:637} INFO - DAG(s) dict_keys(['example_nested_branch_dag']) retrieved from /usr/local/lib/python3.8/dist-packages/airflow/example_dags/example_nested_branch_dag.py
[2021-11-29 16:19:06,987] {logging_mixin.py:109} WARNING - /usr/local/lib/python3.8/dist-packages/airflow/models/serialized_dag.py:120 SAWarning: TypeDecorator UtcDateTime(timezone=True) will not produce a cache key because the ``cache_ok`` flag is not set to True.  Set this flag to True if this type object's state is safe to use in a cache key, or False to disable this warning.
[2021-11-29 16:19:07,010] {logging_mixin.py:109} INFO - [2021-11-29 16:19:07,010] {dag.py:2396} INFO - Sync 1 DAGs
[2021-11-29 16:19:07,028] {logging_mixin.py:109} WARNING - /usr/local/lib/python3.8/dist-packages/airflow/models/dag.py:2433 SAWarning: TypeDecorator UtcDateTime(timezone=True) will not produce a cache key because the ``cache_ok`` flag is not set to True.  Set this flag to True if this type object's state is safe to use in a cache key, or False to disable this warning.
[2021-11-29 16:19:07,047] {logging_mixin.py:109} INFO - [2021-11-29 16:19:07,046] {dag.py:2928} INFO - Setting next_dagrun for example_nested_branch_dag to 2021-11-28 00:00:00+00:00
[2021-11-29 16:19:07,333] {processor.py:171} INFO - Processing /usr/local/lib/python3.8/dist-packages/airflow/example_dags/example_nested_branch_dag.py took 0.456 seconds
[2021-11-29 16:20:04,528] {processor.py:163} INFO - Started process (PID=5795) to work on /usr/local/lib/python3.8/dist-packages/airflow/example_dags/example_nested_branch_dag.py
[2021-11-29 16:20:04,531] {processor.py:625} INFO - Processing file /usr/local/lib/python3.8/dist-packages/airflow/example_dags/example_nested_branch_dag.py for tasks to queue
[2021-11-29 16:20:04,532] {logging_mixin.py:109} INFO - [2021-11-29 16:20:04,532] {dagbag.py:500} INFO - Filling up the DagBag from /usr/local/lib/python3.8/dist-packages/airflow/example_dags/example_nested_branch_dag.py
[2021-11-29 16:20:04,604] {processor.py:637} INFO - DAG(s) dict_keys(['example_nested_branch_dag']) retrieved from /usr/local/lib/python3.8/dist-packages/airflow/example_dags/example_nested_branch_dag.py
[2021-11-29 16:20:04,622] {logging_mixin.py:109} WARNING - /usr/local/lib/python3.8/dist-packages/airflow/models/serialized_dag.py:120 SAWarning: TypeDecorator UtcDateTime(timezone=True) will not produce a cache key because the ``cache_ok`` flag is not set to True.  Set this flag to True if this type object's state is safe to use in a cache key, or False to disable this warning.
[2021-11-29 16:20:04,636] {logging_mixin.py:109} INFO - [2021-11-29 16:20:04,636] {dag.py:2396} INFO - Sync 1 DAGs
[2021-11-29 16:20:04,655] {logging_mixin.py:109} WARNING - /usr/local/lib/python3.8/dist-packages/airflow/models/dag.py:2433 SAWarning: TypeDecorator UtcDateTime(timezone=True) will not produce a cache key because the ``cache_ok`` flag is not set to True.  Set this flag to True if this type object's state is safe to use in a cache key, or False to disable this warning.
[2021-11-29 16:20:04,674] {logging_mixin.py:109} INFO - [2021-11-29 16:20:04,674] {dag.py:2928} INFO - Setting next_dagrun for example_nested_branch_dag to 2021-11-28 00:00:00+00:00
[2021-11-29 16:20:04,888] {processor.py:171} INFO - Processing /usr/local/lib/python3.8/dist-packages/airflow/example_dags/example_nested_branch_dag.py took 0.378 seconds
[2021-11-29 16:20:56,409] {processor.py:163} INFO - Started process (PID=5962) to work on /usr/local/lib/python3.8/dist-packages/airflow/example_dags/example_nested_branch_dag.py
[2021-11-29 16:20:56,442] {processor.py:625} INFO - Processing file /usr/local/lib/python3.8/dist-packages/airflow/example_dags/example_nested_branch_dag.py for tasks to queue
[2021-11-29 16:20:56,443] {logging_mixin.py:109} INFO - [2021-11-29 16:20:56,443] {dagbag.py:500} INFO - Filling up the DagBag from /usr/local/lib/python3.8/dist-packages/airflow/example_dags/example_nested_branch_dag.py
[2021-11-29 16:20:56,513] {processor.py:637} INFO - DAG(s) dict_keys(['example_nested_branch_dag']) retrieved from /usr/local/lib/python3.8/dist-packages/airflow/example_dags/example_nested_branch_dag.py
[2021-11-29 16:20:56,534] {logging_mixin.py:109} WARNING - /usr/local/lib/python3.8/dist-packages/airflow/models/serialized_dag.py:120 SAWarning: TypeDecorator UtcDateTime(timezone=True) will not produce a cache key because the ``cache_ok`` flag is not set to True.  Set this flag to True if this type object's state is safe to use in a cache key, or False to disable this warning.
[2021-11-29 16:20:56,577] {logging_mixin.py:109} INFO - [2021-11-29 16:20:56,577] {dag.py:2396} INFO - Sync 1 DAGs
[2021-11-29 16:20:56,597] {logging_mixin.py:109} WARNING - /usr/local/lib/python3.8/dist-packages/airflow/models/dag.py:2433 SAWarning: TypeDecorator UtcDateTime(timezone=True) will not produce a cache key because the ``cache_ok`` flag is not set to True.  Set this flag to True if this type object's state is safe to use in a cache key, or False to disable this warning.
[2021-11-29 16:20:56,634] {logging_mixin.py:109} INFO - [2021-11-29 16:20:56,634] {dag.py:2928} INFO - Setting next_dagrun for example_nested_branch_dag to 2021-11-28 00:00:00+00:00
[2021-11-29 16:20:56,934] {processor.py:171} INFO - Processing /usr/local/lib/python3.8/dist-packages/airflow/example_dags/example_nested_branch_dag.py took 0.540 seconds
[2021-11-29 16:21:50,307] {processor.py:163} INFO - Started process (PID=6130) to work on /usr/local/lib/python3.8/dist-packages/airflow/example_dags/example_nested_branch_dag.py
[2021-11-29 16:21:50,320] {processor.py:625} INFO - Processing file /usr/local/lib/python3.8/dist-packages/airflow/example_dags/example_nested_branch_dag.py for tasks to queue
[2021-11-29 16:21:50,321] {logging_mixin.py:109} INFO - [2021-11-29 16:21:50,321] {dagbag.py:500} INFO - Filling up the DagBag from /usr/local/lib/python3.8/dist-packages/airflow/example_dags/example_nested_branch_dag.py
[2021-11-29 16:21:50,392] {processor.py:637} INFO - DAG(s) dict_keys(['example_nested_branch_dag']) retrieved from /usr/local/lib/python3.8/dist-packages/airflow/example_dags/example_nested_branch_dag.py
[2021-11-29 16:21:50,399] {logging_mixin.py:109} WARNING - /usr/local/lib/python3.8/dist-packages/airflow/models/serialized_dag.py:120 SAWarning: TypeDecorator UtcDateTime(timezone=True) will not produce a cache key because the ``cache_ok`` flag is not set to True.  Set this flag to True if this type object's state is safe to use in a cache key, or False to disable this warning.
[2021-11-29 16:21:50,411] {logging_mixin.py:109} INFO - [2021-11-29 16:21:50,411] {dag.py:2396} INFO - Sync 1 DAGs
[2021-11-29 16:21:50,432] {logging_mixin.py:109} WARNING - /usr/local/lib/python3.8/dist-packages/airflow/models/dag.py:2433 SAWarning: TypeDecorator UtcDateTime(timezone=True) will not produce a cache key because the ``cache_ok`` flag is not set to True.  Set this flag to True if this type object's state is safe to use in a cache key, or False to disable this warning.
[2021-11-29 16:21:50,446] {logging_mixin.py:109} INFO - [2021-11-29 16:21:50,446] {dag.py:2928} INFO - Setting next_dagrun for example_nested_branch_dag to 2021-11-28 00:00:00+00:00
[2021-11-29 16:21:50,628] {processor.py:171} INFO - Processing /usr/local/lib/python3.8/dist-packages/airflow/example_dags/example_nested_branch_dag.py took 0.338 seconds
[2021-11-29 16:22:50,034] {processor.py:163} INFO - Started process (PID=6317) to work on /usr/local/lib/python3.8/dist-packages/airflow/example_dags/example_nested_branch_dag.py
[2021-11-29 16:22:50,079] {processor.py:625} INFO - Processing file /usr/local/lib/python3.8/dist-packages/airflow/example_dags/example_nested_branch_dag.py for tasks to queue
[2021-11-29 16:22:50,079] {logging_mixin.py:109} INFO - [2021-11-29 16:22:50,079] {dagbag.py:500} INFO - Filling up the DagBag from /usr/local/lib/python3.8/dist-packages/airflow/example_dags/example_nested_branch_dag.py
[2021-11-29 16:22:50,163] {processor.py:637} INFO - DAG(s) dict_keys(['example_nested_branch_dag']) retrieved from /usr/local/lib/python3.8/dist-packages/airflow/example_dags/example_nested_branch_dag.py
[2021-11-29 16:22:50,169] {logging_mixin.py:109} WARNING - /usr/local/lib/python3.8/dist-packages/airflow/models/serialized_dag.py:120 SAWarning: TypeDecorator UtcDateTime(timezone=True) will not produce a cache key because the ``cache_ok`` flag is not set to True.  Set this flag to True if this type object's state is safe to use in a cache key, or False to disable this warning.
[2021-11-29 16:22:50,227] {logging_mixin.py:109} INFO - [2021-11-29 16:22:50,227] {dag.py:2396} INFO - Sync 1 DAGs
[2021-11-29 16:22:50,245] {logging_mixin.py:109} WARNING - /usr/local/lib/python3.8/dist-packages/airflow/models/dag.py:2433 SAWarning: TypeDecorator UtcDateTime(timezone=True) will not produce a cache key because the ``cache_ok`` flag is not set to True.  Set this flag to True if this type object's state is safe to use in a cache key, or False to disable this warning.
[2021-11-29 16:22:50,299] {logging_mixin.py:109} INFO - [2021-11-29 16:22:50,299] {dag.py:2928} INFO - Setting next_dagrun for example_nested_branch_dag to 2021-11-28 00:00:00+00:00
[2021-11-29 16:22:50,501] {processor.py:171} INFO - Processing /usr/local/lib/python3.8/dist-packages/airflow/example_dags/example_nested_branch_dag.py took 0.471 seconds
[2021-11-29 16:23:44,055] {processor.py:163} INFO - Started process (PID=6488) to work on /usr/local/lib/python3.8/dist-packages/airflow/example_dags/example_nested_branch_dag.py
[2021-11-29 16:23:44,059] {processor.py:625} INFO - Processing file /usr/local/lib/python3.8/dist-packages/airflow/example_dags/example_nested_branch_dag.py for tasks to queue
[2021-11-29 16:23:44,060] {logging_mixin.py:109} INFO - [2021-11-29 16:23:44,060] {dagbag.py:500} INFO - Filling up the DagBag from /usr/local/lib/python3.8/dist-packages/airflow/example_dags/example_nested_branch_dag.py
[2021-11-29 16:23:44,131] {processor.py:637} INFO - DAG(s) dict_keys(['example_nested_branch_dag']) retrieved from /usr/local/lib/python3.8/dist-packages/airflow/example_dags/example_nested_branch_dag.py
[2021-11-29 16:23:44,155] {logging_mixin.py:109} WARNING - /usr/local/lib/python3.8/dist-packages/airflow/models/serialized_dag.py:120 SAWarning: TypeDecorator UtcDateTime(timezone=True) will not produce a cache key because the ``cache_ok`` flag is not set to True.  Set this flag to True if this type object's state is safe to use in a cache key, or False to disable this warning.
[2021-11-29 16:23:44,178] {logging_mixin.py:109} INFO - [2021-11-29 16:23:44,178] {dag.py:2396} INFO - Sync 1 DAGs
[2021-11-29 16:23:44,219] {logging_mixin.py:109} WARNING - /usr/local/lib/python3.8/dist-packages/airflow/models/dag.py:2433 SAWarning: TypeDecorator UtcDateTime(timezone=True) will not produce a cache key because the ``cache_ok`` flag is not set to True.  Set this flag to True if this type object's state is safe to use in a cache key, or False to disable this warning.
[2021-11-29 16:23:44,235] {logging_mixin.py:109} INFO - [2021-11-29 16:23:44,235] {dag.py:2928} INFO - Setting next_dagrun for example_nested_branch_dag to 2021-11-28 00:00:00+00:00
[2021-11-29 16:23:44,547] {processor.py:171} INFO - Processing /usr/local/lib/python3.8/dist-packages/airflow/example_dags/example_nested_branch_dag.py took 0.500 seconds
[2021-11-29 16:24:44,066] {processor.py:163} INFO - Started process (PID=6647) to work on /usr/local/lib/python3.8/dist-packages/airflow/example_dags/example_nested_branch_dag.py
[2021-11-29 16:24:44,098] {processor.py:625} INFO - Processing file /usr/local/lib/python3.8/dist-packages/airflow/example_dags/example_nested_branch_dag.py for tasks to queue
[2021-11-29 16:24:44,099] {logging_mixin.py:109} INFO - [2021-11-29 16:24:44,099] {dagbag.py:500} INFO - Filling up the DagBag from /usr/local/lib/python3.8/dist-packages/airflow/example_dags/example_nested_branch_dag.py
[2021-11-29 16:24:44,236] {processor.py:637} INFO - DAG(s) dict_keys(['example_nested_branch_dag']) retrieved from /usr/local/lib/python3.8/dist-packages/airflow/example_dags/example_nested_branch_dag.py
[2021-11-29 16:24:44,264] {logging_mixin.py:109} WARNING - /usr/local/lib/python3.8/dist-packages/airflow/models/serialized_dag.py:120 SAWarning: TypeDecorator UtcDateTime(timezone=True) will not produce a cache key because the ``cache_ok`` flag is not set to True.  Set this flag to True if this type object's state is safe to use in a cache key, or False to disable this warning.
[2021-11-29 16:24:44,286] {logging_mixin.py:109} INFO - [2021-11-29 16:24:44,286] {dag.py:2396} INFO - Sync 1 DAGs
[2021-11-29 16:24:44,318] {logging_mixin.py:109} WARNING - /usr/local/lib/python3.8/dist-packages/airflow/models/dag.py:2433 SAWarning: TypeDecorator UtcDateTime(timezone=True) will not produce a cache key because the ``cache_ok`` flag is not set to True.  Set this flag to True if this type object's state is safe to use in a cache key, or False to disable this warning.
[2021-11-29 16:24:44,338] {logging_mixin.py:109} INFO - [2021-11-29 16:24:44,338] {dag.py:2928} INFO - Setting next_dagrun for example_nested_branch_dag to 2021-11-28 00:00:00+00:00
[2021-11-29 16:24:44,667] {processor.py:171} INFO - Processing /usr/local/lib/python3.8/dist-packages/airflow/example_dags/example_nested_branch_dag.py took 0.616 seconds
[2021-11-29 16:25:42,595] {processor.py:163} INFO - Started process (PID=6821) to work on /usr/local/lib/python3.8/dist-packages/airflow/example_dags/example_nested_branch_dag.py
[2021-11-29 16:25:42,635] {processor.py:625} INFO - Processing file /usr/local/lib/python3.8/dist-packages/airflow/example_dags/example_nested_branch_dag.py for tasks to queue
[2021-11-29 16:25:42,636] {logging_mixin.py:109} INFO - [2021-11-29 16:25:42,636] {dagbag.py:500} INFO - Filling up the DagBag from /usr/local/lib/python3.8/dist-packages/airflow/example_dags/example_nested_branch_dag.py
[2021-11-29 16:25:42,717] {processor.py:637} INFO - DAG(s) dict_keys(['example_nested_branch_dag']) retrieved from /usr/local/lib/python3.8/dist-packages/airflow/example_dags/example_nested_branch_dag.py
[2021-11-29 16:25:42,724] {logging_mixin.py:109} WARNING - /usr/local/lib/python3.8/dist-packages/airflow/models/serialized_dag.py:120 SAWarning: TypeDecorator UtcDateTime(timezone=True) will not produce a cache key because the ``cache_ok`` flag is not set to True.  Set this flag to True if this type object's state is safe to use in a cache key, or False to disable this warning.
[2021-11-29 16:25:42,750] {logging_mixin.py:109} INFO - [2021-11-29 16:25:42,750] {dag.py:2396} INFO - Sync 1 DAGs
[2021-11-29 16:25:42,768] {logging_mixin.py:109} WARNING - /usr/local/lib/python3.8/dist-packages/airflow/models/dag.py:2433 SAWarning: TypeDecorator UtcDateTime(timezone=True) will not produce a cache key because the ``cache_ok`` flag is not set to True.  Set this flag to True if this type object's state is safe to use in a cache key, or False to disable this warning.
[2021-11-29 16:25:42,784] {logging_mixin.py:109} INFO - [2021-11-29 16:25:42,784] {dag.py:2928} INFO - Setting next_dagrun for example_nested_branch_dag to 2021-11-28 00:00:00+00:00
[2021-11-29 16:25:42,951] {processor.py:171} INFO - Processing /usr/local/lib/python3.8/dist-packages/airflow/example_dags/example_nested_branch_dag.py took 0.361 seconds
[2021-11-29 16:26:36,766] {processor.py:163} INFO - Started process (PID=6989) to work on /usr/local/lib/python3.8/dist-packages/airflow/example_dags/example_nested_branch_dag.py
[2021-11-29 16:26:36,793] {processor.py:625} INFO - Processing file /usr/local/lib/python3.8/dist-packages/airflow/example_dags/example_nested_branch_dag.py for tasks to queue
[2021-11-29 16:26:36,794] {logging_mixin.py:109} INFO - [2021-11-29 16:26:36,793] {dagbag.py:500} INFO - Filling up the DagBag from /usr/local/lib/python3.8/dist-packages/airflow/example_dags/example_nested_branch_dag.py
[2021-11-29 16:26:36,860] {processor.py:637} INFO - DAG(s) dict_keys(['example_nested_branch_dag']) retrieved from /usr/local/lib/python3.8/dist-packages/airflow/example_dags/example_nested_branch_dag.py
[2021-11-29 16:26:36,879] {logging_mixin.py:109} WARNING - /usr/local/lib/python3.8/dist-packages/airflow/models/serialized_dag.py:120 SAWarning: TypeDecorator UtcDateTime(timezone=True) will not produce a cache key because the ``cache_ok`` flag is not set to True.  Set this flag to True if this type object's state is safe to use in a cache key, or False to disable this warning.
[2021-11-29 16:26:36,926] {logging_mixin.py:109} INFO - [2021-11-29 16:26:36,926] {dag.py:2396} INFO - Sync 1 DAGs
[2021-11-29 16:26:36,954] {logging_mixin.py:109} WARNING - /usr/local/lib/python3.8/dist-packages/airflow/models/dag.py:2433 SAWarning: TypeDecorator UtcDateTime(timezone=True) will not produce a cache key because the ``cache_ok`` flag is not set to True.  Set this flag to True if this type object's state is safe to use in a cache key, or False to disable this warning.
[2021-11-29 16:26:36,979] {logging_mixin.py:109} INFO - [2021-11-29 16:26:36,978] {dag.py:2928} INFO - Setting next_dagrun for example_nested_branch_dag to 2021-11-28 00:00:00+00:00
[2021-11-29 16:26:37,218] {processor.py:171} INFO - Processing /usr/local/lib/python3.8/dist-packages/airflow/example_dags/example_nested_branch_dag.py took 0.468 seconds
[2021-11-29 16:27:30,287] {processor.py:163} INFO - Started process (PID=7150) to work on /usr/local/lib/python3.8/dist-packages/airflow/example_dags/example_nested_branch_dag.py
[2021-11-29 16:27:30,298] {processor.py:625} INFO - Processing file /usr/local/lib/python3.8/dist-packages/airflow/example_dags/example_nested_branch_dag.py for tasks to queue
[2021-11-29 16:27:30,298] {logging_mixin.py:109} INFO - [2021-11-29 16:27:30,298] {dagbag.py:500} INFO - Filling up the DagBag from /usr/local/lib/python3.8/dist-packages/airflow/example_dags/example_nested_branch_dag.py
[2021-11-29 16:27:30,376] {processor.py:637} INFO - DAG(s) dict_keys(['example_nested_branch_dag']) retrieved from /usr/local/lib/python3.8/dist-packages/airflow/example_dags/example_nested_branch_dag.py
[2021-11-29 16:27:30,382] {logging_mixin.py:109} WARNING - /usr/local/lib/python3.8/dist-packages/airflow/models/serialized_dag.py:120 SAWarning: TypeDecorator UtcDateTime(timezone=True) will not produce a cache key because the ``cache_ok`` flag is not set to True.  Set this flag to True if this type object's state is safe to use in a cache key, or False to disable this warning.
[2021-11-29 16:27:30,396] {logging_mixin.py:109} INFO - [2021-11-29 16:27:30,396] {dag.py:2396} INFO - Sync 1 DAGs
[2021-11-29 16:27:30,411] {logging_mixin.py:109} WARNING - /usr/local/lib/python3.8/dist-packages/airflow/models/dag.py:2433 SAWarning: TypeDecorator UtcDateTime(timezone=True) will not produce a cache key because the ``cache_ok`` flag is not set to True.  Set this flag to True if this type object's state is safe to use in a cache key, or False to disable this warning.
[2021-11-29 16:27:30,434] {logging_mixin.py:109} INFO - [2021-11-29 16:27:30,433] {dag.py:2928} INFO - Setting next_dagrun for example_nested_branch_dag to 2021-11-28 00:00:00+00:00
[2021-11-29 16:27:30,589] {processor.py:171} INFO - Processing /usr/local/lib/python3.8/dist-packages/airflow/example_dags/example_nested_branch_dag.py took 0.316 seconds
[2021-11-29 16:28:27,496] {processor.py:163} INFO - Started process (PID=7309) to work on /usr/local/lib/python3.8/dist-packages/airflow/example_dags/example_nested_branch_dag.py
[2021-11-29 16:28:27,510] {processor.py:625} INFO - Processing file /usr/local/lib/python3.8/dist-packages/airflow/example_dags/example_nested_branch_dag.py for tasks to queue
[2021-11-29 16:28:27,511] {logging_mixin.py:109} INFO - [2021-11-29 16:28:27,510] {dagbag.py:500} INFO - Filling up the DagBag from /usr/local/lib/python3.8/dist-packages/airflow/example_dags/example_nested_branch_dag.py
[2021-11-29 16:28:27,620] {processor.py:637} INFO - DAG(s) dict_keys(['example_nested_branch_dag']) retrieved from /usr/local/lib/python3.8/dist-packages/airflow/example_dags/example_nested_branch_dag.py
[2021-11-29 16:28:27,641] {logging_mixin.py:109} WARNING - /usr/local/lib/python3.8/dist-packages/airflow/models/serialized_dag.py:120 SAWarning: TypeDecorator UtcDateTime(timezone=True) will not produce a cache key because the ``cache_ok`` flag is not set to True.  Set this flag to True if this type object's state is safe to use in a cache key, or False to disable this warning.
[2021-11-29 16:28:27,668] {logging_mixin.py:109} INFO - [2021-11-29 16:28:27,668] {dag.py:2396} INFO - Sync 1 DAGs
[2021-11-29 16:28:27,725] {logging_mixin.py:109} WARNING - /usr/local/lib/python3.8/dist-packages/airflow/models/dag.py:2433 SAWarning: TypeDecorator UtcDateTime(timezone=True) will not produce a cache key because the ``cache_ok`` flag is not set to True.  Set this flag to True if this type object's state is safe to use in a cache key, or False to disable this warning.
[2021-11-29 16:28:27,759] {logging_mixin.py:109} INFO - [2021-11-29 16:28:27,759] {dag.py:2928} INFO - Setting next_dagrun for example_nested_branch_dag to 2021-11-28 00:00:00+00:00
[2021-11-29 16:28:27,933] {processor.py:171} INFO - Processing /usr/local/lib/python3.8/dist-packages/airflow/example_dags/example_nested_branch_dag.py took 0.453 seconds
[2021-11-29 16:29:25,632] {processor.py:163} INFO - Started process (PID=7474) to work on /usr/local/lib/python3.8/dist-packages/airflow/example_dags/example_nested_branch_dag.py
[2021-11-29 16:29:25,645] {processor.py:625} INFO - Processing file /usr/local/lib/python3.8/dist-packages/airflow/example_dags/example_nested_branch_dag.py for tasks to queue
[2021-11-29 16:29:25,646] {logging_mixin.py:109} INFO - [2021-11-29 16:29:25,646] {dagbag.py:500} INFO - Filling up the DagBag from /usr/local/lib/python3.8/dist-packages/airflow/example_dags/example_nested_branch_dag.py
[2021-11-29 16:29:25,737] {processor.py:637} INFO - DAG(s) dict_keys(['example_nested_branch_dag']) retrieved from /usr/local/lib/python3.8/dist-packages/airflow/example_dags/example_nested_branch_dag.py
[2021-11-29 16:29:25,756] {logging_mixin.py:109} WARNING - /usr/local/lib/python3.8/dist-packages/airflow/models/serialized_dag.py:120 SAWarning: TypeDecorator UtcDateTime(timezone=True) will not produce a cache key because the ``cache_ok`` flag is not set to True.  Set this flag to True if this type object's state is safe to use in a cache key, or False to disable this warning.
[2021-11-29 16:29:25,785] {logging_mixin.py:109} INFO - [2021-11-29 16:29:25,785] {dag.py:2396} INFO - Sync 1 DAGs
[2021-11-29 16:29:25,830] {logging_mixin.py:109} WARNING - /usr/local/lib/python3.8/dist-packages/airflow/models/dag.py:2433 SAWarning: TypeDecorator UtcDateTime(timezone=True) will not produce a cache key because the ``cache_ok`` flag is not set to True.  Set this flag to True if this type object's state is safe to use in a cache key, or False to disable this warning.
[2021-11-29 16:29:25,850] {logging_mixin.py:109} INFO - [2021-11-29 16:29:25,850] {dag.py:2928} INFO - Setting next_dagrun for example_nested_branch_dag to 2021-11-28 00:00:00+00:00
[2021-11-29 16:29:26,057] {processor.py:171} INFO - Processing /usr/local/lib/python3.8/dist-packages/airflow/example_dags/example_nested_branch_dag.py took 0.429 seconds
[2021-11-29 16:30:22,326] {processor.py:163} INFO - Started process (PID=7636) to work on /usr/local/lib/python3.8/dist-packages/airflow/example_dags/example_nested_branch_dag.py
[2021-11-29 16:30:22,332] {processor.py:625} INFO - Processing file /usr/local/lib/python3.8/dist-packages/airflow/example_dags/example_nested_branch_dag.py for tasks to queue
[2021-11-29 16:30:22,333] {logging_mixin.py:109} INFO - [2021-11-29 16:30:22,333] {dagbag.py:500} INFO - Filling up the DagBag from /usr/local/lib/python3.8/dist-packages/airflow/example_dags/example_nested_branch_dag.py
[2021-11-29 16:30:22,410] {processor.py:637} INFO - DAG(s) dict_keys(['example_nested_branch_dag']) retrieved from /usr/local/lib/python3.8/dist-packages/airflow/example_dags/example_nested_branch_dag.py
[2021-11-29 16:30:22,429] {logging_mixin.py:109} WARNING - /usr/local/lib/python3.8/dist-packages/airflow/models/serialized_dag.py:120 SAWarning: TypeDecorator UtcDateTime(timezone=True) will not produce a cache key because the ``cache_ok`` flag is not set to True.  Set this flag to True if this type object's state is safe to use in a cache key, or False to disable this warning.
[2021-11-29 16:30:22,452] {logging_mixin.py:109} INFO - [2021-11-29 16:30:22,452] {dag.py:2396} INFO - Sync 1 DAGs
[2021-11-29 16:30:22,488] {logging_mixin.py:109} WARNING - /usr/local/lib/python3.8/dist-packages/airflow/models/dag.py:2433 SAWarning: TypeDecorator UtcDateTime(timezone=True) will not produce a cache key because the ``cache_ok`` flag is not set to True.  Set this flag to True if this type object's state is safe to use in a cache key, or False to disable this warning.
[2021-11-29 16:30:22,514] {logging_mixin.py:109} INFO - [2021-11-29 16:30:22,514] {dag.py:2928} INFO - Setting next_dagrun for example_nested_branch_dag to 2021-11-28 00:00:00+00:00
[2021-11-29 16:30:22,748] {processor.py:171} INFO - Processing /usr/local/lib/python3.8/dist-packages/airflow/example_dags/example_nested_branch_dag.py took 0.438 seconds
[2021-11-29 16:31:18,464] {processor.py:163} INFO - Started process (PID=7801) to work on /usr/local/lib/python3.8/dist-packages/airflow/example_dags/example_nested_branch_dag.py
[2021-11-29 16:31:18,475] {processor.py:625} INFO - Processing file /usr/local/lib/python3.8/dist-packages/airflow/example_dags/example_nested_branch_dag.py for tasks to queue
[2021-11-29 16:31:18,476] {logging_mixin.py:109} INFO - [2021-11-29 16:31:18,476] {dagbag.py:500} INFO - Filling up the DagBag from /usr/local/lib/python3.8/dist-packages/airflow/example_dags/example_nested_branch_dag.py
[2021-11-29 16:31:18,545] {processor.py:637} INFO - DAG(s) dict_keys(['example_nested_branch_dag']) retrieved from /usr/local/lib/python3.8/dist-packages/airflow/example_dags/example_nested_branch_dag.py
[2021-11-29 16:31:18,550] {logging_mixin.py:109} WARNING - /usr/local/lib/python3.8/dist-packages/airflow/models/serialized_dag.py:120 SAWarning: TypeDecorator UtcDateTime(timezone=True) will not produce a cache key because the ``cache_ok`` flag is not set to True.  Set this flag to True if this type object's state is safe to use in a cache key, or False to disable this warning.
[2021-11-29 16:31:18,567] {logging_mixin.py:109} INFO - [2021-11-29 16:31:18,566] {dag.py:2396} INFO - Sync 1 DAGs
[2021-11-29 16:31:18,582] {logging_mixin.py:109} WARNING - /usr/local/lib/python3.8/dist-packages/airflow/models/dag.py:2433 SAWarning: TypeDecorator UtcDateTime(timezone=True) will not produce a cache key because the ``cache_ok`` flag is not set to True.  Set this flag to True if this type object's state is safe to use in a cache key, or False to disable this warning.
[2021-11-29 16:31:18,597] {logging_mixin.py:109} INFO - [2021-11-29 16:31:18,597] {dag.py:2928} INFO - Setting next_dagrun for example_nested_branch_dag to 2021-11-28 00:00:00+00:00
[2021-11-29 16:31:18,751] {processor.py:171} INFO - Processing /usr/local/lib/python3.8/dist-packages/airflow/example_dags/example_nested_branch_dag.py took 0.291 seconds
[2021-11-29 16:32:12,845] {processor.py:163} INFO - Started process (PID=7962) to work on /usr/local/lib/python3.8/dist-packages/airflow/example_dags/example_nested_branch_dag.py
[2021-11-29 16:32:12,872] {processor.py:625} INFO - Processing file /usr/local/lib/python3.8/dist-packages/airflow/example_dags/example_nested_branch_dag.py for tasks to queue
[2021-11-29 16:32:12,873] {logging_mixin.py:109} INFO - [2021-11-29 16:32:12,873] {dagbag.py:500} INFO - Filling up the DagBag from /usr/local/lib/python3.8/dist-packages/airflow/example_dags/example_nested_branch_dag.py
[2021-11-29 16:32:12,926] {processor.py:637} INFO - DAG(s) dict_keys(['example_nested_branch_dag']) retrieved from /usr/local/lib/python3.8/dist-packages/airflow/example_dags/example_nested_branch_dag.py
[2021-11-29 16:32:12,936] {logging_mixin.py:109} WARNING - /usr/local/lib/python3.8/dist-packages/airflow/models/serialized_dag.py:120 SAWarning: TypeDecorator UtcDateTime(timezone=True) will not produce a cache key because the ``cache_ok`` flag is not set to True.  Set this flag to True if this type object's state is safe to use in a cache key, or False to disable this warning.
[2021-11-29 16:32:12,953] {logging_mixin.py:109} INFO - [2021-11-29 16:32:12,953] {dag.py:2396} INFO - Sync 1 DAGs
[2021-11-29 16:32:12,980] {logging_mixin.py:109} WARNING - /usr/local/lib/python3.8/dist-packages/airflow/models/dag.py:2433 SAWarning: TypeDecorator UtcDateTime(timezone=True) will not produce a cache key because the ``cache_ok`` flag is not set to True.  Set this flag to True if this type object's state is safe to use in a cache key, or False to disable this warning.
[2021-11-29 16:32:13,006] {logging_mixin.py:109} INFO - [2021-11-29 16:32:13,006] {dag.py:2928} INFO - Setting next_dagrun for example_nested_branch_dag to 2021-11-28 00:00:00+00:00
[2021-11-29 16:32:13,195] {processor.py:171} INFO - Processing /usr/local/lib/python3.8/dist-packages/airflow/example_dags/example_nested_branch_dag.py took 0.355 seconds
[2021-11-29 16:33:10,017] {processor.py:163} INFO - Started process (PID=8127) to work on /usr/local/lib/python3.8/dist-packages/airflow/example_dags/example_nested_branch_dag.py
[2021-11-29 16:33:10,024] {processor.py:625} INFO - Processing file /usr/local/lib/python3.8/dist-packages/airflow/example_dags/example_nested_branch_dag.py for tasks to queue
[2021-11-29 16:33:10,026] {logging_mixin.py:109} INFO - [2021-11-29 16:33:10,026] {dagbag.py:500} INFO - Filling up the DagBag from /usr/local/lib/python3.8/dist-packages/airflow/example_dags/example_nested_branch_dag.py
[2021-11-29 16:33:10,116] {processor.py:637} INFO - DAG(s) dict_keys(['example_nested_branch_dag']) retrieved from /usr/local/lib/python3.8/dist-packages/airflow/example_dags/example_nested_branch_dag.py
[2021-11-29 16:33:10,129] {logging_mixin.py:109} WARNING - /usr/local/lib/python3.8/dist-packages/airflow/models/serialized_dag.py:120 SAWarning: TypeDecorator UtcDateTime(timezone=True) will not produce a cache key because the ``cache_ok`` flag is not set to True.  Set this flag to True if this type object's state is safe to use in a cache key, or False to disable this warning.
[2021-11-29 16:33:10,148] {logging_mixin.py:109} INFO - [2021-11-29 16:33:10,148] {dag.py:2396} INFO - Sync 1 DAGs
[2021-11-29 16:33:10,177] {logging_mixin.py:109} WARNING - /usr/local/lib/python3.8/dist-packages/airflow/models/dag.py:2433 SAWarning: TypeDecorator UtcDateTime(timezone=True) will not produce a cache key because the ``cache_ok`` flag is not set to True.  Set this flag to True if this type object's state is safe to use in a cache key, or False to disable this warning.
[2021-11-29 16:33:10,207] {logging_mixin.py:109} INFO - [2021-11-29 16:33:10,206] {dag.py:2928} INFO - Setting next_dagrun for example_nested_branch_dag to 2021-11-28 00:00:00+00:00
[2021-11-29 16:33:10,557] {processor.py:171} INFO - Processing /usr/local/lib/python3.8/dist-packages/airflow/example_dags/example_nested_branch_dag.py took 0.554 seconds
[2021-11-29 16:34:03,238] {processor.py:163} INFO - Started process (PID=8286) to work on /usr/local/lib/python3.8/dist-packages/airflow/example_dags/example_nested_branch_dag.py
[2021-11-29 16:34:03,274] {processor.py:625} INFO - Processing file /usr/local/lib/python3.8/dist-packages/airflow/example_dags/example_nested_branch_dag.py for tasks to queue
[2021-11-29 16:34:03,275] {logging_mixin.py:109} INFO - [2021-11-29 16:34:03,275] {dagbag.py:500} INFO - Filling up the DagBag from /usr/local/lib/python3.8/dist-packages/airflow/example_dags/example_nested_branch_dag.py
[2021-11-29 16:34:03,358] {processor.py:637} INFO - DAG(s) dict_keys(['example_nested_branch_dag']) retrieved from /usr/local/lib/python3.8/dist-packages/airflow/example_dags/example_nested_branch_dag.py
[2021-11-29 16:34:03,365] {logging_mixin.py:109} WARNING - /usr/local/lib/python3.8/dist-packages/airflow/models/serialized_dag.py:120 SAWarning: TypeDecorator UtcDateTime(timezone=True) will not produce a cache key because the ``cache_ok`` flag is not set to True.  Set this flag to True if this type object's state is safe to use in a cache key, or False to disable this warning.
[2021-11-29 16:34:03,419] {logging_mixin.py:109} INFO - [2021-11-29 16:34:03,404] {dag.py:2396} INFO - Sync 1 DAGs
[2021-11-29 16:34:03,446] {logging_mixin.py:109} WARNING - /usr/local/lib/python3.8/dist-packages/airflow/models/dag.py:2433 SAWarning: TypeDecorator UtcDateTime(timezone=True) will not produce a cache key because the ``cache_ok`` flag is not set to True.  Set this flag to True if this type object's state is safe to use in a cache key, or False to disable this warning.
[2021-11-29 16:34:03,480] {logging_mixin.py:109} INFO - [2021-11-29 16:34:03,480] {dag.py:2928} INFO - Setting next_dagrun for example_nested_branch_dag to 2021-11-28 00:00:00+00:00
[2021-11-29 16:34:03,699] {processor.py:171} INFO - Processing /usr/local/lib/python3.8/dist-packages/airflow/example_dags/example_nested_branch_dag.py took 0.466 seconds
[2021-11-29 16:35:00,297] {processor.py:163} INFO - Started process (PID=8458) to work on /usr/local/lib/python3.8/dist-packages/airflow/example_dags/example_nested_branch_dag.py
[2021-11-29 16:35:00,317] {processor.py:625} INFO - Processing file /usr/local/lib/python3.8/dist-packages/airflow/example_dags/example_nested_branch_dag.py for tasks to queue
[2021-11-29 16:35:00,318] {logging_mixin.py:109} INFO - [2021-11-29 16:35:00,318] {dagbag.py:500} INFO - Filling up the DagBag from /usr/local/lib/python3.8/dist-packages/airflow/example_dags/example_nested_branch_dag.py
[2021-11-29 16:35:00,420] {processor.py:637} INFO - DAG(s) dict_keys(['example_nested_branch_dag']) retrieved from /usr/local/lib/python3.8/dist-packages/airflow/example_dags/example_nested_branch_dag.py
[2021-11-29 16:35:00,440] {logging_mixin.py:109} WARNING - /usr/local/lib/python3.8/dist-packages/airflow/models/serialized_dag.py:120 SAWarning: TypeDecorator UtcDateTime(timezone=True) will not produce a cache key because the ``cache_ok`` flag is not set to True.  Set this flag to True if this type object's state is safe to use in a cache key, or False to disable this warning.
[2021-11-29 16:35:00,458] {logging_mixin.py:109} INFO - [2021-11-29 16:35:00,458] {dag.py:2396} INFO - Sync 1 DAGs
[2021-11-29 16:35:00,494] {logging_mixin.py:109} WARNING - /usr/local/lib/python3.8/dist-packages/airflow/models/dag.py:2433 SAWarning: TypeDecorator UtcDateTime(timezone=True) will not produce a cache key because the ``cache_ok`` flag is not set to True.  Set this flag to True if this type object's state is safe to use in a cache key, or False to disable this warning.
[2021-11-29 16:35:00,536] {logging_mixin.py:109} INFO - [2021-11-29 16:35:00,536] {dag.py:2928} INFO - Setting next_dagrun for example_nested_branch_dag to 2021-11-28 00:00:00+00:00
[2021-11-29 16:35:00,817] {processor.py:171} INFO - Processing /usr/local/lib/python3.8/dist-packages/airflow/example_dags/example_nested_branch_dag.py took 0.537 seconds
[2021-11-29 16:35:56,584] {processor.py:163} INFO - Started process (PID=8617) to work on /usr/local/lib/python3.8/dist-packages/airflow/example_dags/example_nested_branch_dag.py
[2021-11-29 16:35:56,619] {processor.py:625} INFO - Processing file /usr/local/lib/python3.8/dist-packages/airflow/example_dags/example_nested_branch_dag.py for tasks to queue
[2021-11-29 16:35:56,620] {logging_mixin.py:109} INFO - [2021-11-29 16:35:56,620] {dagbag.py:500} INFO - Filling up the DagBag from /usr/local/lib/python3.8/dist-packages/airflow/example_dags/example_nested_branch_dag.py
[2021-11-29 16:35:56,715] {processor.py:637} INFO - DAG(s) dict_keys(['example_nested_branch_dag']) retrieved from /usr/local/lib/python3.8/dist-packages/airflow/example_dags/example_nested_branch_dag.py
[2021-11-29 16:35:56,738] {logging_mixin.py:109} WARNING - /usr/local/lib/python3.8/dist-packages/airflow/models/serialized_dag.py:120 SAWarning: TypeDecorator UtcDateTime(timezone=True) will not produce a cache key because the ``cache_ok`` flag is not set to True.  Set this flag to True if this type object's state is safe to use in a cache key, or False to disable this warning.
[2021-11-29 16:35:56,787] {logging_mixin.py:109} INFO - [2021-11-29 16:35:56,786] {dag.py:2396} INFO - Sync 1 DAGs
[2021-11-29 16:35:56,814] {logging_mixin.py:109} WARNING - /usr/local/lib/python3.8/dist-packages/airflow/models/dag.py:2433 SAWarning: TypeDecorator UtcDateTime(timezone=True) will not produce a cache key because the ``cache_ok`` flag is not set to True.  Set this flag to True if this type object's state is safe to use in a cache key, or False to disable this warning.
[2021-11-29 16:35:56,854] {logging_mixin.py:109} INFO - [2021-11-29 16:35:56,854] {dag.py:2928} INFO - Setting next_dagrun for example_nested_branch_dag to 2021-11-28 00:00:00+00:00
[2021-11-29 16:35:57,036] {processor.py:171} INFO - Processing /usr/local/lib/python3.8/dist-packages/airflow/example_dags/example_nested_branch_dag.py took 0.460 seconds
[2021-11-29 16:36:52,429] {processor.py:163} INFO - Started process (PID=8770) to work on /usr/local/lib/python3.8/dist-packages/airflow/example_dags/example_nested_branch_dag.py
[2021-11-29 16:36:52,439] {processor.py:625} INFO - Processing file /usr/local/lib/python3.8/dist-packages/airflow/example_dags/example_nested_branch_dag.py for tasks to queue
[2021-11-29 16:36:52,440] {logging_mixin.py:109} INFO - [2021-11-29 16:36:52,440] {dagbag.py:500} INFO - Filling up the DagBag from /usr/local/lib/python3.8/dist-packages/airflow/example_dags/example_nested_branch_dag.py
[2021-11-29 16:36:52,538] {processor.py:637} INFO - DAG(s) dict_keys(['example_nested_branch_dag']) retrieved from /usr/local/lib/python3.8/dist-packages/airflow/example_dags/example_nested_branch_dag.py
[2021-11-29 16:36:52,560] {logging_mixin.py:109} WARNING - /usr/local/lib/python3.8/dist-packages/airflow/models/serialized_dag.py:120 SAWarning: TypeDecorator UtcDateTime(timezone=True) will not produce a cache key because the ``cache_ok`` flag is not set to True.  Set this flag to True if this type object's state is safe to use in a cache key, or False to disable this warning.
[2021-11-29 16:36:52,591] {logging_mixin.py:109} INFO - [2021-11-29 16:36:52,591] {dag.py:2396} INFO - Sync 1 DAGs
[2021-11-29 16:36:52,612] {logging_mixin.py:109} WARNING - /usr/local/lib/python3.8/dist-packages/airflow/models/dag.py:2433 SAWarning: TypeDecorator UtcDateTime(timezone=True) will not produce a cache key because the ``cache_ok`` flag is not set to True.  Set this flag to True if this type object's state is safe to use in a cache key, or False to disable this warning.
[2021-11-29 16:36:52,638] {logging_mixin.py:109} INFO - [2021-11-29 16:36:52,638] {dag.py:2928} INFO - Setting next_dagrun for example_nested_branch_dag to 2021-11-28 00:00:00+00:00
[2021-11-29 16:36:52,913] {processor.py:171} INFO - Processing /usr/local/lib/python3.8/dist-packages/airflow/example_dags/example_nested_branch_dag.py took 0.499 seconds
[2021-11-29 16:37:48,127] {processor.py:163} INFO - Started process (PID=8935) to work on /usr/local/lib/python3.8/dist-packages/airflow/example_dags/example_nested_branch_dag.py
[2021-11-29 16:37:48,160] {processor.py:625} INFO - Processing file /usr/local/lib/python3.8/dist-packages/airflow/example_dags/example_nested_branch_dag.py for tasks to queue
[2021-11-29 16:37:48,161] {logging_mixin.py:109} INFO - [2021-11-29 16:37:48,161] {dagbag.py:500} INFO - Filling up the DagBag from /usr/local/lib/python3.8/dist-packages/airflow/example_dags/example_nested_branch_dag.py
[2021-11-29 16:37:48,219] {processor.py:637} INFO - DAG(s) dict_keys(['example_nested_branch_dag']) retrieved from /usr/local/lib/python3.8/dist-packages/airflow/example_dags/example_nested_branch_dag.py
[2021-11-29 16:37:48,227] {logging_mixin.py:109} WARNING - /usr/local/lib/python3.8/dist-packages/airflow/models/serialized_dag.py:120 SAWarning: TypeDecorator UtcDateTime(timezone=True) will not produce a cache key because the ``cache_ok`` flag is not set to True.  Set this flag to True if this type object's state is safe to use in a cache key, or False to disable this warning.
[2021-11-29 16:37:48,241] {logging_mixin.py:109} INFO - [2021-11-29 16:37:48,241] {dag.py:2396} INFO - Sync 1 DAGs
[2021-11-29 16:37:48,260] {logging_mixin.py:109} WARNING - /usr/local/lib/python3.8/dist-packages/airflow/models/dag.py:2433 SAWarning: TypeDecorator UtcDateTime(timezone=True) will not produce a cache key because the ``cache_ok`` flag is not set to True.  Set this flag to True if this type object's state is safe to use in a cache key, or False to disable this warning.
[2021-11-29 16:37:48,275] {logging_mixin.py:109} INFO - [2021-11-29 16:37:48,275] {dag.py:2928} INFO - Setting next_dagrun for example_nested_branch_dag to 2021-11-28 00:00:00+00:00
[2021-11-29 16:37:48,493] {processor.py:171} INFO - Processing /usr/local/lib/python3.8/dist-packages/airflow/example_dags/example_nested_branch_dag.py took 0.381 seconds
[2021-11-29 16:38:44,277] {processor.py:163} INFO - Started process (PID=9102) to work on /usr/local/lib/python3.8/dist-packages/airflow/example_dags/example_nested_branch_dag.py
[2021-11-29 16:38:44,306] {processor.py:625} INFO - Processing file /usr/local/lib/python3.8/dist-packages/airflow/example_dags/example_nested_branch_dag.py for tasks to queue
[2021-11-29 16:38:44,307] {logging_mixin.py:109} INFO - [2021-11-29 16:38:44,307] {dagbag.py:500} INFO - Filling up the DagBag from /usr/local/lib/python3.8/dist-packages/airflow/example_dags/example_nested_branch_dag.py
[2021-11-29 16:38:44,407] {processor.py:637} INFO - DAG(s) dict_keys(['example_nested_branch_dag']) retrieved from /usr/local/lib/python3.8/dist-packages/airflow/example_dags/example_nested_branch_dag.py
[2021-11-29 16:38:44,414] {logging_mixin.py:109} WARNING - /usr/local/lib/python3.8/dist-packages/airflow/models/serialized_dag.py:120 SAWarning: TypeDecorator UtcDateTime(timezone=True) will not produce a cache key because the ``cache_ok`` flag is not set to True.  Set this flag to True if this type object's state is safe to use in a cache key, or False to disable this warning.
[2021-11-29 16:38:44,440] {logging_mixin.py:109} INFO - [2021-11-29 16:38:44,440] {dag.py:2396} INFO - Sync 1 DAGs
[2021-11-29 16:38:44,478] {logging_mixin.py:109} WARNING - /usr/local/lib/python3.8/dist-packages/airflow/models/dag.py:2433 SAWarning: TypeDecorator UtcDateTime(timezone=True) will not produce a cache key because the ``cache_ok`` flag is not set to True.  Set this flag to True if this type object's state is safe to use in a cache key, or False to disable this warning.
[2021-11-29 16:38:44,531] {logging_mixin.py:109} INFO - [2021-11-29 16:38:44,530] {dag.py:2928} INFO - Setting next_dagrun for example_nested_branch_dag to 2021-11-28 00:00:00+00:00
[2021-11-29 16:38:44,708] {processor.py:171} INFO - Processing /usr/local/lib/python3.8/dist-packages/airflow/example_dags/example_nested_branch_dag.py took 0.446 seconds
[2021-11-29 16:39:38,556] {processor.py:163} INFO - Started process (PID=9267) to work on /usr/local/lib/python3.8/dist-packages/airflow/example_dags/example_nested_branch_dag.py
[2021-11-29 16:39:38,599] {processor.py:625} INFO - Processing file /usr/local/lib/python3.8/dist-packages/airflow/example_dags/example_nested_branch_dag.py for tasks to queue
[2021-11-29 16:39:38,601] {logging_mixin.py:109} INFO - [2021-11-29 16:39:38,600] {dagbag.py:500} INFO - Filling up the DagBag from /usr/local/lib/python3.8/dist-packages/airflow/example_dags/example_nested_branch_dag.py
[2021-11-29 16:39:38,682] {processor.py:637} INFO - DAG(s) dict_keys(['example_nested_branch_dag']) retrieved from /usr/local/lib/python3.8/dist-packages/airflow/example_dags/example_nested_branch_dag.py
[2021-11-29 16:39:38,699] {logging_mixin.py:109} WARNING - /usr/local/lib/python3.8/dist-packages/airflow/models/serialized_dag.py:120 SAWarning: TypeDecorator UtcDateTime(timezone=True) will not produce a cache key because the ``cache_ok`` flag is not set to True.  Set this flag to True if this type object's state is safe to use in a cache key, or False to disable this warning.
[2021-11-29 16:39:38,723] {logging_mixin.py:109} INFO - [2021-11-29 16:39:38,723] {dag.py:2396} INFO - Sync 1 DAGs
[2021-11-29 16:39:38,740] {logging_mixin.py:109} WARNING - /usr/local/lib/python3.8/dist-packages/airflow/models/dag.py:2433 SAWarning: TypeDecorator UtcDateTime(timezone=True) will not produce a cache key because the ``cache_ok`` flag is not set to True.  Set this flag to True if this type object's state is safe to use in a cache key, or False to disable this warning.
[2021-11-29 16:39:38,756] {logging_mixin.py:109} INFO - [2021-11-29 16:39:38,755] {dag.py:2928} INFO - Setting next_dagrun for example_nested_branch_dag to 2021-11-28 00:00:00+00:00
[2021-11-29 16:39:38,929] {processor.py:171} INFO - Processing /usr/local/lib/python3.8/dist-packages/airflow/example_dags/example_nested_branch_dag.py took 0.387 seconds
[2021-11-29 16:40:33,385] {processor.py:163} INFO - Started process (PID=9431) to work on /usr/local/lib/python3.8/dist-packages/airflow/example_dags/example_nested_branch_dag.py
[2021-11-29 16:40:33,399] {processor.py:625} INFO - Processing file /usr/local/lib/python3.8/dist-packages/airflow/example_dags/example_nested_branch_dag.py for tasks to queue
[2021-11-29 16:40:33,400] {logging_mixin.py:109} INFO - [2021-11-29 16:40:33,400] {dagbag.py:500} INFO - Filling up the DagBag from /usr/local/lib/python3.8/dist-packages/airflow/example_dags/example_nested_branch_dag.py
[2021-11-29 16:40:33,497] {processor.py:637} INFO - DAG(s) dict_keys(['example_nested_branch_dag']) retrieved from /usr/local/lib/python3.8/dist-packages/airflow/example_dags/example_nested_branch_dag.py
[2021-11-29 16:40:33,505] {logging_mixin.py:109} WARNING - /usr/local/lib/python3.8/dist-packages/airflow/models/serialized_dag.py:120 SAWarning: TypeDecorator UtcDateTime(timezone=True) will not produce a cache key because the ``cache_ok`` flag is not set to True.  Set this flag to True if this type object's state is safe to use in a cache key, or False to disable this warning.
[2021-11-29 16:40:33,517] {logging_mixin.py:109} INFO - [2021-11-29 16:40:33,517] {dag.py:2396} INFO - Sync 1 DAGs
[2021-11-29 16:40:33,536] {logging_mixin.py:109} WARNING - /usr/local/lib/python3.8/dist-packages/airflow/models/dag.py:2433 SAWarning: TypeDecorator UtcDateTime(timezone=True) will not produce a cache key because the ``cache_ok`` flag is not set to True.  Set this flag to True if this type object's state is safe to use in a cache key, or False to disable this warning.
[2021-11-29 16:40:33,549] {logging_mixin.py:109} INFO - [2021-11-29 16:40:33,549] {dag.py:2928} INFO - Setting next_dagrun for example_nested_branch_dag to 2021-11-28 00:00:00+00:00
[2021-11-29 16:40:33,877] {processor.py:171} INFO - Processing /usr/local/lib/python3.8/dist-packages/airflow/example_dags/example_nested_branch_dag.py took 0.508 seconds
[2021-11-29 16:41:31,448] {processor.py:163} INFO - Started process (PID=9594) to work on /usr/local/lib/python3.8/dist-packages/airflow/example_dags/example_nested_branch_dag.py
[2021-11-29 16:41:31,465] {processor.py:625} INFO - Processing file /usr/local/lib/python3.8/dist-packages/airflow/example_dags/example_nested_branch_dag.py for tasks to queue
[2021-11-29 16:41:31,466] {logging_mixin.py:109} INFO - [2021-11-29 16:41:31,466] {dagbag.py:500} INFO - Filling up the DagBag from /usr/local/lib/python3.8/dist-packages/airflow/example_dags/example_nested_branch_dag.py
[2021-11-29 16:41:31,528] {processor.py:637} INFO - DAG(s) dict_keys(['example_nested_branch_dag']) retrieved from /usr/local/lib/python3.8/dist-packages/airflow/example_dags/example_nested_branch_dag.py
[2021-11-29 16:41:31,535] {logging_mixin.py:109} WARNING - /usr/local/lib/python3.8/dist-packages/airflow/models/serialized_dag.py:120 SAWarning: TypeDecorator UtcDateTime(timezone=True) will not produce a cache key because the ``cache_ok`` flag is not set to True.  Set this flag to True if this type object's state is safe to use in a cache key, or False to disable this warning.
[2021-11-29 16:41:31,552] {logging_mixin.py:109} INFO - [2021-11-29 16:41:31,552] {dag.py:2396} INFO - Sync 1 DAGs
[2021-11-29 16:41:31,579] {logging_mixin.py:109} WARNING - /usr/local/lib/python3.8/dist-packages/airflow/models/dag.py:2433 SAWarning: TypeDecorator UtcDateTime(timezone=True) will not produce a cache key because the ``cache_ok`` flag is not set to True.  Set this flag to True if this type object's state is safe to use in a cache key, or False to disable this warning.
[2021-11-29 16:41:31,598] {logging_mixin.py:109} INFO - [2021-11-29 16:41:31,597] {dag.py:2928} INFO - Setting next_dagrun for example_nested_branch_dag to 2021-11-28 00:00:00+00:00
[2021-11-29 16:41:31,835] {processor.py:171} INFO - Processing /usr/local/lib/python3.8/dist-packages/airflow/example_dags/example_nested_branch_dag.py took 0.396 seconds
[2021-11-29 16:42:31,907] {processor.py:163} INFO - Started process (PID=9772) to work on /usr/local/lib/python3.8/dist-packages/airflow/example_dags/example_nested_branch_dag.py
[2021-11-29 16:42:31,919] {processor.py:625} INFO - Processing file /usr/local/lib/python3.8/dist-packages/airflow/example_dags/example_nested_branch_dag.py for tasks to queue
[2021-11-29 16:42:31,920] {logging_mixin.py:109} INFO - [2021-11-29 16:42:31,919] {dagbag.py:500} INFO - Filling up the DagBag from /usr/local/lib/python3.8/dist-packages/airflow/example_dags/example_nested_branch_dag.py
[2021-11-29 16:42:31,996] {processor.py:637} INFO - DAG(s) dict_keys(['example_nested_branch_dag']) retrieved from /usr/local/lib/python3.8/dist-packages/airflow/example_dags/example_nested_branch_dag.py
[2021-11-29 16:42:32,005] {logging_mixin.py:109} WARNING - /usr/local/lib/python3.8/dist-packages/airflow/models/serialized_dag.py:120 SAWarning: TypeDecorator UtcDateTime(timezone=True) will not produce a cache key because the ``cache_ok`` flag is not set to True.  Set this flag to True if this type object's state is safe to use in a cache key, or False to disable this warning.
[2021-11-29 16:42:32,053] {logging_mixin.py:109} INFO - [2021-11-29 16:42:32,053] {dag.py:2396} INFO - Sync 1 DAGs
[2021-11-29 16:42:32,089] {logging_mixin.py:109} WARNING - /usr/local/lib/python3.8/dist-packages/airflow/models/dag.py:2433 SAWarning: TypeDecorator UtcDateTime(timezone=True) will not produce a cache key because the ``cache_ok`` flag is not set to True.  Set this flag to True if this type object's state is safe to use in a cache key, or False to disable this warning.
[2021-11-29 16:42:32,114] {logging_mixin.py:109} INFO - [2021-11-29 16:42:32,114] {dag.py:2928} INFO - Setting next_dagrun for example_nested_branch_dag to 2021-11-28 00:00:00+00:00
[2021-11-29 16:42:32,336] {processor.py:171} INFO - Processing /usr/local/lib/python3.8/dist-packages/airflow/example_dags/example_nested_branch_dag.py took 0.446 seconds
[2021-11-29 16:43:25,884] {processor.py:163} INFO - Started process (PID=9941) to work on /usr/local/lib/python3.8/dist-packages/airflow/example_dags/example_nested_branch_dag.py
[2021-11-29 16:43:25,912] {processor.py:625} INFO - Processing file /usr/local/lib/python3.8/dist-packages/airflow/example_dags/example_nested_branch_dag.py for tasks to queue
[2021-11-29 16:43:25,913] {logging_mixin.py:109} INFO - [2021-11-29 16:43:25,912] {dagbag.py:500} INFO - Filling up the DagBag from /usr/local/lib/python3.8/dist-packages/airflow/example_dags/example_nested_branch_dag.py
[2021-11-29 16:43:25,978] {processor.py:637} INFO - DAG(s) dict_keys(['example_nested_branch_dag']) retrieved from /usr/local/lib/python3.8/dist-packages/airflow/example_dags/example_nested_branch_dag.py
[2021-11-29 16:43:25,984] {logging_mixin.py:109} WARNING - /usr/local/lib/python3.8/dist-packages/airflow/models/serialized_dag.py:120 SAWarning: TypeDecorator UtcDateTime(timezone=True) will not produce a cache key because the ``cache_ok`` flag is not set to True.  Set this flag to True if this type object's state is safe to use in a cache key, or False to disable this warning.
[2021-11-29 16:43:26,018] {logging_mixin.py:109} INFO - [2021-11-29 16:43:26,017] {dag.py:2396} INFO - Sync 1 DAGs
[2021-11-29 16:43:26,044] {logging_mixin.py:109} WARNING - /usr/local/lib/python3.8/dist-packages/airflow/models/dag.py:2433 SAWarning: TypeDecorator UtcDateTime(timezone=True) will not produce a cache key because the ``cache_ok`` flag is not set to True.  Set this flag to True if this type object's state is safe to use in a cache key, or False to disable this warning.
[2021-11-29 16:43:26,079] {logging_mixin.py:109} INFO - [2021-11-29 16:43:26,079] {dag.py:2928} INFO - Setting next_dagrun for example_nested_branch_dag to 2021-11-28 00:00:00+00:00
[2021-11-29 16:43:26,333] {processor.py:171} INFO - Processing /usr/local/lib/python3.8/dist-packages/airflow/example_dags/example_nested_branch_dag.py took 0.454 seconds
[2021-11-29 16:44:19,551] {processor.py:163} INFO - Started process (PID=10099) to work on /usr/local/lib/python3.8/dist-packages/airflow/example_dags/example_nested_branch_dag.py
[2021-11-29 16:44:19,569] {processor.py:625} INFO - Processing file /usr/local/lib/python3.8/dist-packages/airflow/example_dags/example_nested_branch_dag.py for tasks to queue
[2021-11-29 16:44:19,570] {logging_mixin.py:109} INFO - [2021-11-29 16:44:19,570] {dagbag.py:500} INFO - Filling up the DagBag from /usr/local/lib/python3.8/dist-packages/airflow/example_dags/example_nested_branch_dag.py
[2021-11-29 16:44:19,662] {processor.py:637} INFO - DAG(s) dict_keys(['example_nested_branch_dag']) retrieved from /usr/local/lib/python3.8/dist-packages/airflow/example_dags/example_nested_branch_dag.py
[2021-11-29 16:44:19,673] {logging_mixin.py:109} WARNING - /usr/local/lib/python3.8/dist-packages/airflow/models/serialized_dag.py:120 SAWarning: TypeDecorator UtcDateTime(timezone=True) will not produce a cache key because the ``cache_ok`` flag is not set to True.  Set this flag to True if this type object's state is safe to use in a cache key, or False to disable this warning.
[2021-11-29 16:44:19,690] {logging_mixin.py:109} INFO - [2021-11-29 16:44:19,690] {dag.py:2396} INFO - Sync 1 DAGs
[2021-11-29 16:44:19,718] {logging_mixin.py:109} WARNING - /usr/local/lib/python3.8/dist-packages/airflow/models/dag.py:2433 SAWarning: TypeDecorator UtcDateTime(timezone=True) will not produce a cache key because the ``cache_ok`` flag is not set to True.  Set this flag to True if this type object's state is safe to use in a cache key, or False to disable this warning.
[2021-11-29 16:44:19,736] {logging_mixin.py:109} INFO - [2021-11-29 16:44:19,736] {dag.py:2928} INFO - Setting next_dagrun for example_nested_branch_dag to 2021-11-28 00:00:00+00:00
[2021-11-29 16:44:19,985] {processor.py:171} INFO - Processing /usr/local/lib/python3.8/dist-packages/airflow/example_dags/example_nested_branch_dag.py took 0.439 seconds
[2021-11-29 16:45:16,925] {processor.py:163} INFO - Started process (PID=10271) to work on /usr/local/lib/python3.8/dist-packages/airflow/example_dags/example_nested_branch_dag.py
[2021-11-29 16:45:16,960] {processor.py:625} INFO - Processing file /usr/local/lib/python3.8/dist-packages/airflow/example_dags/example_nested_branch_dag.py for tasks to queue
[2021-11-29 16:45:16,961] {logging_mixin.py:109} INFO - [2021-11-29 16:45:16,960] {dagbag.py:500} INFO - Filling up the DagBag from /usr/local/lib/python3.8/dist-packages/airflow/example_dags/example_nested_branch_dag.py
[2021-11-29 16:45:17,052] {processor.py:637} INFO - DAG(s) dict_keys(['example_nested_branch_dag']) retrieved from /usr/local/lib/python3.8/dist-packages/airflow/example_dags/example_nested_branch_dag.py
[2021-11-29 16:45:17,086] {logging_mixin.py:109} WARNING - /usr/local/lib/python3.8/dist-packages/airflow/models/serialized_dag.py:120 SAWarning: TypeDecorator UtcDateTime(timezone=True) will not produce a cache key because the ``cache_ok`` flag is not set to True.  Set this flag to True if this type object's state is safe to use in a cache key, or False to disable this warning.
[2021-11-29 16:45:17,131] {logging_mixin.py:109} INFO - [2021-11-29 16:45:17,131] {dag.py:2396} INFO - Sync 1 DAGs
[2021-11-29 16:45:17,175] {logging_mixin.py:109} WARNING - /usr/local/lib/python3.8/dist-packages/airflow/models/dag.py:2433 SAWarning: TypeDecorator UtcDateTime(timezone=True) will not produce a cache key because the ``cache_ok`` flag is not set to True.  Set this flag to True if this type object's state is safe to use in a cache key, or False to disable this warning.
[2021-11-29 16:45:17,216] {logging_mixin.py:109} INFO - [2021-11-29 16:45:17,215] {dag.py:2928} INFO - Setting next_dagrun for example_nested_branch_dag to 2021-11-28 00:00:00+00:00
[2021-11-29 16:45:17,409] {processor.py:171} INFO - Processing /usr/local/lib/python3.8/dist-packages/airflow/example_dags/example_nested_branch_dag.py took 0.511 seconds
[2021-11-29 16:46:12,584] {processor.py:163} INFO - Started process (PID=10440) to work on /usr/local/lib/python3.8/dist-packages/airflow/example_dags/example_nested_branch_dag.py
[2021-11-29 16:46:12,595] {processor.py:625} INFO - Processing file /usr/local/lib/python3.8/dist-packages/airflow/example_dags/example_nested_branch_dag.py for tasks to queue
[2021-11-29 16:46:12,596] {logging_mixin.py:109} INFO - [2021-11-29 16:46:12,596] {dagbag.py:500} INFO - Filling up the DagBag from /usr/local/lib/python3.8/dist-packages/airflow/example_dags/example_nested_branch_dag.py
[2021-11-29 16:46:12,643] {processor.py:637} INFO - DAG(s) dict_keys(['example_nested_branch_dag']) retrieved from /usr/local/lib/python3.8/dist-packages/airflow/example_dags/example_nested_branch_dag.py
[2021-11-29 16:46:12,650] {logging_mixin.py:109} WARNING - /usr/local/lib/python3.8/dist-packages/airflow/models/serialized_dag.py:120 SAWarning: TypeDecorator UtcDateTime(timezone=True) will not produce a cache key because the ``cache_ok`` flag is not set to True.  Set this flag to True if this type object's state is safe to use in a cache key, or False to disable this warning.
[2021-11-29 16:46:12,663] {logging_mixin.py:109} INFO - [2021-11-29 16:46:12,663] {dag.py:2396} INFO - Sync 1 DAGs
[2021-11-29 16:46:12,678] {logging_mixin.py:109} WARNING - /usr/local/lib/python3.8/dist-packages/airflow/models/dag.py:2433 SAWarning: TypeDecorator UtcDateTime(timezone=True) will not produce a cache key because the ``cache_ok`` flag is not set to True.  Set this flag to True if this type object's state is safe to use in a cache key, or False to disable this warning.
[2021-11-29 16:46:12,691] {logging_mixin.py:109} INFO - [2021-11-29 16:46:12,691] {dag.py:2928} INFO - Setting next_dagrun for example_nested_branch_dag to 2021-11-28 00:00:00+00:00
[2021-11-29 16:46:12,874] {processor.py:171} INFO - Processing /usr/local/lib/python3.8/dist-packages/airflow/example_dags/example_nested_branch_dag.py took 0.295 seconds
