[2021-11-29 16:15:23,998] {processor.py:163} INFO - Started process (PID=4961) to work on /usr/local/lib/python3.8/dist-packages/airflow/example_dags/example_latest_only_with_trigger.py
[2021-11-29 16:15:23,999] {processor.py:625} INFO - Processing file /usr/local/lib/python3.8/dist-packages/airflow/example_dags/example_latest_only_with_trigger.py for tasks to queue
[2021-11-29 16:15:24,000] {logging_mixin.py:109} INFO - [2021-11-29 16:15:24,000] {dagbag.py:500} INFO - Filling up the DagBag from /usr/local/lib/python3.8/dist-packages/airflow/example_dags/example_latest_only_with_trigger.py
[2021-11-29 16:15:24,078] {processor.py:637} INFO - DAG(s) dict_keys(['latest_only_with_trigger']) retrieved from /usr/local/lib/python3.8/dist-packages/airflow/example_dags/example_latest_only_with_trigger.py
[2021-11-29 16:15:24,101] {logging_mixin.py:109} WARNING - /usr/local/lib/python3.8/dist-packages/airflow/models/serialized_dag.py:120 SAWarning: TypeDecorator UtcDateTime(timezone=True) will not produce a cache key because the ``cache_ok`` flag is not set to True.  Set this flag to True if this type object's state is safe to use in a cache key, or False to disable this warning.
[2021-11-29 16:15:24,126] {logging_mixin.py:109} INFO - [2021-11-29 16:15:24,125] {dag.py:2396} INFO - Sync 1 DAGs
[2021-11-29 16:15:24,152] {logging_mixin.py:109} WARNING - /usr/local/lib/python3.8/dist-packages/airflow/models/dag.py:2433 SAWarning: TypeDecorator UtcDateTime(timezone=True) will not produce a cache key because the ``cache_ok`` flag is not set to True.  Set this flag to True if this type object's state is safe to use in a cache key, or False to disable this warning.
[2021-11-29 16:15:24,187] {logging_mixin.py:109} INFO - [2021-11-29 16:15:24,187] {dag.py:2928} INFO - Setting next_dagrun for latest_only_with_trigger to 2021-11-29T06:45:24.186612+00:00
[2021-11-29 16:15:24,405] {processor.py:171} INFO - Processing /usr/local/lib/python3.8/dist-packages/airflow/example_dags/example_latest_only_with_trigger.py took 0.421 seconds
[2021-11-29 16:16:30,217] {processor.py:163} INFO - Started process (PID=5139) to work on /usr/local/lib/python3.8/dist-packages/airflow/example_dags/example_latest_only_with_trigger.py
[2021-11-29 16:16:30,235] {processor.py:625} INFO - Processing file /usr/local/lib/python3.8/dist-packages/airflow/example_dags/example_latest_only_with_trigger.py for tasks to queue
[2021-11-29 16:16:30,236] {logging_mixin.py:109} INFO - [2021-11-29 16:16:30,235] {dagbag.py:500} INFO - Filling up the DagBag from /usr/local/lib/python3.8/dist-packages/airflow/example_dags/example_latest_only_with_trigger.py
[2021-11-29 16:16:30,298] {processor.py:637} INFO - DAG(s) dict_keys(['latest_only_with_trigger']) retrieved from /usr/local/lib/python3.8/dist-packages/airflow/example_dags/example_latest_only_with_trigger.py
[2021-11-29 16:16:30,304] {logging_mixin.py:109} WARNING - /usr/local/lib/python3.8/dist-packages/airflow/models/serialized_dag.py:120 SAWarning: TypeDecorator UtcDateTime(timezone=True) will not produce a cache key because the ``cache_ok`` flag is not set to True.  Set this flag to True if this type object's state is safe to use in a cache key, or False to disable this warning.
[2021-11-29 16:16:30,338] {logging_mixin.py:109} INFO - [2021-11-29 16:16:30,337] {dag.py:2396} INFO - Sync 1 DAGs
[2021-11-29 16:16:30,358] {logging_mixin.py:109} WARNING - /usr/local/lib/python3.8/dist-packages/airflow/models/dag.py:2433 SAWarning: TypeDecorator UtcDateTime(timezone=True) will not produce a cache key because the ``cache_ok`` flag is not set to True.  Set this flag to True if this type object's state is safe to use in a cache key, or False to disable this warning.
[2021-11-29 16:16:30,373] {logging_mixin.py:109} INFO - [2021-11-29 16:16:30,373] {dag.py:2928} INFO - Setting next_dagrun for latest_only_with_trigger to 2021-11-29T06:46:30.372588+00:00
[2021-11-29 16:16:30,548] {processor.py:171} INFO - Processing /usr/local/lib/python3.8/dist-packages/airflow/example_dags/example_latest_only_with_trigger.py took 0.348 seconds
[2021-11-29 16:17:26,193] {processor.py:163} INFO - Started process (PID=5318) to work on /usr/local/lib/python3.8/dist-packages/airflow/example_dags/example_latest_only_with_trigger.py
[2021-11-29 16:17:26,196] {processor.py:625} INFO - Processing file /usr/local/lib/python3.8/dist-packages/airflow/example_dags/example_latest_only_with_trigger.py for tasks to queue
[2021-11-29 16:17:26,197] {logging_mixin.py:109} INFO - [2021-11-29 16:17:26,197] {dagbag.py:500} INFO - Filling up the DagBag from /usr/local/lib/python3.8/dist-packages/airflow/example_dags/example_latest_only_with_trigger.py
[2021-11-29 16:17:26,288] {processor.py:637} INFO - DAG(s) dict_keys(['latest_only_with_trigger']) retrieved from /usr/local/lib/python3.8/dist-packages/airflow/example_dags/example_latest_only_with_trigger.py
[2021-11-29 16:17:26,295] {logging_mixin.py:109} WARNING - /usr/local/lib/python3.8/dist-packages/airflow/models/serialized_dag.py:120 SAWarning: TypeDecorator UtcDateTime(timezone=True) will not produce a cache key because the ``cache_ok`` flag is not set to True.  Set this flag to True if this type object's state is safe to use in a cache key, or False to disable this warning.
[2021-11-29 16:17:26,331] {logging_mixin.py:109} INFO - [2021-11-29 16:17:26,330] {dag.py:2396} INFO - Sync 1 DAGs
[2021-11-29 16:17:26,377] {logging_mixin.py:109} WARNING - /usr/local/lib/python3.8/dist-packages/airflow/models/dag.py:2433 SAWarning: TypeDecorator UtcDateTime(timezone=True) will not produce a cache key because the ``cache_ok`` flag is not set to True.  Set this flag to True if this type object's state is safe to use in a cache key, or False to disable this warning.
[2021-11-29 16:17:26,402] {logging_mixin.py:109} INFO - [2021-11-29 16:17:26,402] {dag.py:2928} INFO - Setting next_dagrun for latest_only_with_trigger to 2021-11-29T06:47:26.401990+00:00
[2021-11-29 16:17:26,726] {processor.py:171} INFO - Processing /usr/local/lib/python3.8/dist-packages/airflow/example_dags/example_latest_only_with_trigger.py took 0.538 seconds
[2021-11-29 16:18:21,659] {processor.py:163} INFO - Started process (PID=5489) to work on /usr/local/lib/python3.8/dist-packages/airflow/example_dags/example_latest_only_with_trigger.py
[2021-11-29 16:18:21,672] {processor.py:625} INFO - Processing file /usr/local/lib/python3.8/dist-packages/airflow/example_dags/example_latest_only_with_trigger.py for tasks to queue
[2021-11-29 16:18:21,673] {logging_mixin.py:109} INFO - [2021-11-29 16:18:21,673] {dagbag.py:500} INFO - Filling up the DagBag from /usr/local/lib/python3.8/dist-packages/airflow/example_dags/example_latest_only_with_trigger.py
[2021-11-29 16:18:21,746] {processor.py:637} INFO - DAG(s) dict_keys(['latest_only_with_trigger']) retrieved from /usr/local/lib/python3.8/dist-packages/airflow/example_dags/example_latest_only_with_trigger.py
[2021-11-29 16:18:21,760] {logging_mixin.py:109} WARNING - /usr/local/lib/python3.8/dist-packages/airflow/models/serialized_dag.py:120 SAWarning: TypeDecorator UtcDateTime(timezone=True) will not produce a cache key because the ``cache_ok`` flag is not set to True.  Set this flag to True if this type object's state is safe to use in a cache key, or False to disable this warning.
[2021-11-29 16:18:21,779] {logging_mixin.py:109} INFO - [2021-11-29 16:18:21,779] {dag.py:2396} INFO - Sync 1 DAGs
[2021-11-29 16:18:21,809] {logging_mixin.py:109} WARNING - /usr/local/lib/python3.8/dist-packages/airflow/models/dag.py:2433 SAWarning: TypeDecorator UtcDateTime(timezone=True) will not produce a cache key because the ``cache_ok`` flag is not set to True.  Set this flag to True if this type object's state is safe to use in a cache key, or False to disable this warning.
[2021-11-29 16:18:21,822] {logging_mixin.py:109} INFO - [2021-11-29 16:18:21,822] {dag.py:2928} INFO - Setting next_dagrun for latest_only_with_trigger to 2021-11-29T06:48:21.820930+00:00
[2021-11-29 16:18:22,064] {processor.py:171} INFO - Processing /usr/local/lib/python3.8/dist-packages/airflow/example_dags/example_latest_only_with_trigger.py took 0.422 seconds
[2021-11-29 16:19:19,735] {processor.py:163} INFO - Started process (PID=5660) to work on /usr/local/lib/python3.8/dist-packages/airflow/example_dags/example_latest_only_with_trigger.py
[2021-11-29 16:19:19,765] {processor.py:625} INFO - Processing file /usr/local/lib/python3.8/dist-packages/airflow/example_dags/example_latest_only_with_trigger.py for tasks to queue
[2021-11-29 16:19:19,766] {logging_mixin.py:109} INFO - [2021-11-29 16:19:19,765] {dagbag.py:500} INFO - Filling up the DagBag from /usr/local/lib/python3.8/dist-packages/airflow/example_dags/example_latest_only_with_trigger.py
[2021-11-29 16:19:19,828] {processor.py:637} INFO - DAG(s) dict_keys(['latest_only_with_trigger']) retrieved from /usr/local/lib/python3.8/dist-packages/airflow/example_dags/example_latest_only_with_trigger.py
[2021-11-29 16:19:19,846] {logging_mixin.py:109} WARNING - /usr/local/lib/python3.8/dist-packages/airflow/models/serialized_dag.py:120 SAWarning: TypeDecorator UtcDateTime(timezone=True) will not produce a cache key because the ``cache_ok`` flag is not set to True.  Set this flag to True if this type object's state is safe to use in a cache key, or False to disable this warning.
[2021-11-29 16:19:19,871] {logging_mixin.py:109} INFO - [2021-11-29 16:19:19,870] {dag.py:2396} INFO - Sync 1 DAGs
[2021-11-29 16:19:19,909] {logging_mixin.py:109} WARNING - /usr/local/lib/python3.8/dist-packages/airflow/models/dag.py:2433 SAWarning: TypeDecorator UtcDateTime(timezone=True) will not produce a cache key because the ``cache_ok`` flag is not set to True.  Set this flag to True if this type object's state is safe to use in a cache key, or False to disable this warning.
[2021-11-29 16:19:19,938] {logging_mixin.py:109} INFO - [2021-11-29 16:19:19,938] {dag.py:2928} INFO - Setting next_dagrun for latest_only_with_trigger to 2021-11-29T06:49:19.938400+00:00
[2021-11-29 16:19:20,227] {processor.py:171} INFO - Processing /usr/local/lib/python3.8/dist-packages/airflow/example_dags/example_latest_only_with_trigger.py took 0.497 seconds
[2021-11-29 16:20:14,225] {processor.py:163} INFO - Started process (PID=5826) to work on /usr/local/lib/python3.8/dist-packages/airflow/example_dags/example_latest_only_with_trigger.py
[2021-11-29 16:20:14,252] {processor.py:625} INFO - Processing file /usr/local/lib/python3.8/dist-packages/airflow/example_dags/example_latest_only_with_trigger.py for tasks to queue
[2021-11-29 16:20:14,253] {logging_mixin.py:109} INFO - [2021-11-29 16:20:14,253] {dagbag.py:500} INFO - Filling up the DagBag from /usr/local/lib/python3.8/dist-packages/airflow/example_dags/example_latest_only_with_trigger.py
[2021-11-29 16:20:14,317] {processor.py:637} INFO - DAG(s) dict_keys(['latest_only_with_trigger']) retrieved from /usr/local/lib/python3.8/dist-packages/airflow/example_dags/example_latest_only_with_trigger.py
[2021-11-29 16:20:14,350] {logging_mixin.py:109} WARNING - /usr/local/lib/python3.8/dist-packages/airflow/models/serialized_dag.py:120 SAWarning: TypeDecorator UtcDateTime(timezone=True) will not produce a cache key because the ``cache_ok`` flag is not set to True.  Set this flag to True if this type object's state is safe to use in a cache key, or False to disable this warning.
[2021-11-29 16:20:14,376] {logging_mixin.py:109} INFO - [2021-11-29 16:20:14,376] {dag.py:2396} INFO - Sync 1 DAGs
[2021-11-29 16:20:14,437] {logging_mixin.py:109} WARNING - /usr/local/lib/python3.8/dist-packages/airflow/models/dag.py:2433 SAWarning: TypeDecorator UtcDateTime(timezone=True) will not produce a cache key because the ``cache_ok`` flag is not set to True.  Set this flag to True if this type object's state is safe to use in a cache key, or False to disable this warning.
[2021-11-29 16:20:14,460] {logging_mixin.py:109} INFO - [2021-11-29 16:20:14,460] {dag.py:2928} INFO - Setting next_dagrun for latest_only_with_trigger to 2021-11-29T06:50:14.459764+00:00
[2021-11-29 16:20:14,764] {processor.py:171} INFO - Processing /usr/local/lib/python3.8/dist-packages/airflow/example_dags/example_latest_only_with_trigger.py took 0.553 seconds
[2021-11-29 16:21:08,107] {processor.py:163} INFO - Started process (PID=5998) to work on /usr/local/lib/python3.8/dist-packages/airflow/example_dags/example_latest_only_with_trigger.py
[2021-11-29 16:21:08,112] {processor.py:625} INFO - Processing file /usr/local/lib/python3.8/dist-packages/airflow/example_dags/example_latest_only_with_trigger.py for tasks to queue
[2021-11-29 16:21:08,113] {logging_mixin.py:109} INFO - [2021-11-29 16:21:08,112] {dagbag.py:500} INFO - Filling up the DagBag from /usr/local/lib/python3.8/dist-packages/airflow/example_dags/example_latest_only_with_trigger.py
[2021-11-29 16:21:08,160] {processor.py:637} INFO - DAG(s) dict_keys(['latest_only_with_trigger']) retrieved from /usr/local/lib/python3.8/dist-packages/airflow/example_dags/example_latest_only_with_trigger.py
[2021-11-29 16:21:08,168] {logging_mixin.py:109} WARNING - /usr/local/lib/python3.8/dist-packages/airflow/models/serialized_dag.py:120 SAWarning: TypeDecorator UtcDateTime(timezone=True) will not produce a cache key because the ``cache_ok`` flag is not set to True.  Set this flag to True if this type object's state is safe to use in a cache key, or False to disable this warning.
[2021-11-29 16:21:08,188] {logging_mixin.py:109} INFO - [2021-11-29 16:21:08,188] {dag.py:2396} INFO - Sync 1 DAGs
[2021-11-29 16:21:08,206] {logging_mixin.py:109} WARNING - /usr/local/lib/python3.8/dist-packages/airflow/models/dag.py:2433 SAWarning: TypeDecorator UtcDateTime(timezone=True) will not produce a cache key because the ``cache_ok`` flag is not set to True.  Set this flag to True if this type object's state is safe to use in a cache key, or False to disable this warning.
[2021-11-29 16:21:08,219] {logging_mixin.py:109} INFO - [2021-11-29 16:21:08,219] {dag.py:2928} INFO - Setting next_dagrun for latest_only_with_trigger to 2021-11-29T06:51:08.219099+00:00
[2021-11-29 16:21:08,415] {processor.py:171} INFO - Processing /usr/local/lib/python3.8/dist-packages/airflow/example_dags/example_latest_only_with_trigger.py took 0.322 seconds
[2021-11-29 16:22:06,065] {processor.py:163} INFO - Started process (PID=6177) to work on /usr/local/lib/python3.8/dist-packages/airflow/example_dags/example_latest_only_with_trigger.py
[2021-11-29 16:22:06,150] {processor.py:625} INFO - Processing file /usr/local/lib/python3.8/dist-packages/airflow/example_dags/example_latest_only_with_trigger.py for tasks to queue
[2021-11-29 16:22:06,151] {logging_mixin.py:109} INFO - [2021-11-29 16:22:06,150] {dagbag.py:500} INFO - Filling up the DagBag from /usr/local/lib/python3.8/dist-packages/airflow/example_dags/example_latest_only_with_trigger.py
[2021-11-29 16:22:06,220] {processor.py:637} INFO - DAG(s) dict_keys(['latest_only_with_trigger']) retrieved from /usr/local/lib/python3.8/dist-packages/airflow/example_dags/example_latest_only_with_trigger.py
[2021-11-29 16:22:06,237] {logging_mixin.py:109} WARNING - /usr/local/lib/python3.8/dist-packages/airflow/models/serialized_dag.py:120 SAWarning: TypeDecorator UtcDateTime(timezone=True) will not produce a cache key because the ``cache_ok`` flag is not set to True.  Set this flag to True if this type object's state is safe to use in a cache key, or False to disable this warning.
[2021-11-29 16:22:06,250] {logging_mixin.py:109} INFO - [2021-11-29 16:22:06,250] {dag.py:2396} INFO - Sync 1 DAGs
[2021-11-29 16:22:06,267] {logging_mixin.py:109} WARNING - /usr/local/lib/python3.8/dist-packages/airflow/models/dag.py:2433 SAWarning: TypeDecorator UtcDateTime(timezone=True) will not produce a cache key because the ``cache_ok`` flag is not set to True.  Set this flag to True if this type object's state is safe to use in a cache key, or False to disable this warning.
[2021-11-29 16:22:06,286] {logging_mixin.py:109} INFO - [2021-11-29 16:22:06,286] {dag.py:2928} INFO - Setting next_dagrun for latest_only_with_trigger to 2021-11-29T06:52:06.286177+00:00
[2021-11-29 16:22:06,467] {processor.py:171} INFO - Processing /usr/local/lib/python3.8/dist-packages/airflow/example_dags/example_latest_only_with_trigger.py took 0.418 seconds
[2021-11-29 16:23:02,363] {processor.py:163} INFO - Started process (PID=6354) to work on /usr/local/lib/python3.8/dist-packages/airflow/example_dags/example_latest_only_with_trigger.py
[2021-11-29 16:23:02,374] {processor.py:625} INFO - Processing file /usr/local/lib/python3.8/dist-packages/airflow/example_dags/example_latest_only_with_trigger.py for tasks to queue
[2021-11-29 16:23:02,374] {logging_mixin.py:109} INFO - [2021-11-29 16:23:02,374] {dagbag.py:500} INFO - Filling up the DagBag from /usr/local/lib/python3.8/dist-packages/airflow/example_dags/example_latest_only_with_trigger.py
[2021-11-29 16:23:02,434] {processor.py:637} INFO - DAG(s) dict_keys(['latest_only_with_trigger']) retrieved from /usr/local/lib/python3.8/dist-packages/airflow/example_dags/example_latest_only_with_trigger.py
[2021-11-29 16:23:02,442] {logging_mixin.py:109} WARNING - /usr/local/lib/python3.8/dist-packages/airflow/models/serialized_dag.py:120 SAWarning: TypeDecorator UtcDateTime(timezone=True) will not produce a cache key because the ``cache_ok`` flag is not set to True.  Set this flag to True if this type object's state is safe to use in a cache key, or False to disable this warning.
[2021-11-29 16:23:02,458] {logging_mixin.py:109} INFO - [2021-11-29 16:23:02,458] {dag.py:2396} INFO - Sync 1 DAGs
[2021-11-29 16:23:02,481] {logging_mixin.py:109} WARNING - /usr/local/lib/python3.8/dist-packages/airflow/models/dag.py:2433 SAWarning: TypeDecorator UtcDateTime(timezone=True) will not produce a cache key because the ``cache_ok`` flag is not set to True.  Set this flag to True if this type object's state is safe to use in a cache key, or False to disable this warning.
[2021-11-29 16:23:02,498] {logging_mixin.py:109} INFO - [2021-11-29 16:23:02,498] {dag.py:2928} INFO - Setting next_dagrun for latest_only_with_trigger to 2021-11-29T06:53:02.496194+00:00
[2021-11-29 16:23:02,658] {processor.py:171} INFO - Processing /usr/local/lib/python3.8/dist-packages/airflow/example_dags/example_latest_only_with_trigger.py took 0.315 seconds
[2021-11-29 16:23:55,769] {processor.py:163} INFO - Started process (PID=6524) to work on /usr/local/lib/python3.8/dist-packages/airflow/example_dags/example_latest_only_with_trigger.py
[2021-11-29 16:23:55,797] {processor.py:625} INFO - Processing file /usr/local/lib/python3.8/dist-packages/airflow/example_dags/example_latest_only_with_trigger.py for tasks to queue
[2021-11-29 16:23:55,797] {logging_mixin.py:109} INFO - [2021-11-29 16:23:55,797] {dagbag.py:500} INFO - Filling up the DagBag from /usr/local/lib/python3.8/dist-packages/airflow/example_dags/example_latest_only_with_trigger.py
[2021-11-29 16:23:55,865] {processor.py:637} INFO - DAG(s) dict_keys(['latest_only_with_trigger']) retrieved from /usr/local/lib/python3.8/dist-packages/airflow/example_dags/example_latest_only_with_trigger.py
[2021-11-29 16:23:55,874] {logging_mixin.py:109} WARNING - /usr/local/lib/python3.8/dist-packages/airflow/models/serialized_dag.py:120 SAWarning: TypeDecorator UtcDateTime(timezone=True) will not produce a cache key because the ``cache_ok`` flag is not set to True.  Set this flag to True if this type object's state is safe to use in a cache key, or False to disable this warning.
[2021-11-29 16:23:55,909] {logging_mixin.py:109} INFO - [2021-11-29 16:23:55,909] {dag.py:2396} INFO - Sync 1 DAGs
[2021-11-29 16:23:55,946] {logging_mixin.py:109} WARNING - /usr/local/lib/python3.8/dist-packages/airflow/models/dag.py:2433 SAWarning: TypeDecorator UtcDateTime(timezone=True) will not produce a cache key because the ``cache_ok`` flag is not set to True.  Set this flag to True if this type object's state is safe to use in a cache key, or False to disable this warning.
[2021-11-29 16:23:55,970] {logging_mixin.py:109} INFO - [2021-11-29 16:23:55,970] {dag.py:2928} INFO - Setting next_dagrun for latest_only_with_trigger to 2021-11-29T06:53:55.969627+00:00
[2021-11-29 16:23:56,160] {processor.py:171} INFO - Processing /usr/local/lib/python3.8/dist-packages/airflow/example_dags/example_latest_only_with_trigger.py took 0.407 seconds
[2021-11-29 16:24:57,775] {processor.py:163} INFO - Started process (PID=6685) to work on /usr/local/lib/python3.8/dist-packages/airflow/example_dags/example_latest_only_with_trigger.py
[2021-11-29 16:24:57,798] {processor.py:625} INFO - Processing file /usr/local/lib/python3.8/dist-packages/airflow/example_dags/example_latest_only_with_trigger.py for tasks to queue
[2021-11-29 16:24:57,799] {logging_mixin.py:109} INFO - [2021-11-29 16:24:57,799] {dagbag.py:500} INFO - Filling up the DagBag from /usr/local/lib/python3.8/dist-packages/airflow/example_dags/example_latest_only_with_trigger.py
[2021-11-29 16:24:57,853] {processor.py:637} INFO - DAG(s) dict_keys(['latest_only_with_trigger']) retrieved from /usr/local/lib/python3.8/dist-packages/airflow/example_dags/example_latest_only_with_trigger.py
[2021-11-29 16:24:57,870] {logging_mixin.py:109} WARNING - /usr/local/lib/python3.8/dist-packages/airflow/models/serialized_dag.py:120 SAWarning: TypeDecorator UtcDateTime(timezone=True) will not produce a cache key because the ``cache_ok`` flag is not set to True.  Set this flag to True if this type object's state is safe to use in a cache key, or False to disable this warning.
[2021-11-29 16:24:57,894] {logging_mixin.py:109} INFO - [2021-11-29 16:24:57,894] {dag.py:2396} INFO - Sync 1 DAGs
[2021-11-29 16:24:57,945] {logging_mixin.py:109} WARNING - /usr/local/lib/python3.8/dist-packages/airflow/models/dag.py:2433 SAWarning: TypeDecorator UtcDateTime(timezone=True) will not produce a cache key because the ``cache_ok`` flag is not set to True.  Set this flag to True if this type object's state is safe to use in a cache key, or False to disable this warning.
[2021-11-29 16:24:57,957] {logging_mixin.py:109} INFO - [2021-11-29 16:24:57,957] {dag.py:2928} INFO - Setting next_dagrun for latest_only_with_trigger to 2021-11-29T06:54:57.956913+00:00
[2021-11-29 16:24:58,216] {processor.py:171} INFO - Processing /usr/local/lib/python3.8/dist-packages/airflow/example_dags/example_latest_only_with_trigger.py took 0.456 seconds
[2021-11-29 16:25:53,894] {processor.py:163} INFO - Started process (PID=6859) to work on /usr/local/lib/python3.8/dist-packages/airflow/example_dags/example_latest_only_with_trigger.py
[2021-11-29 16:25:53,905] {processor.py:625} INFO - Processing file /usr/local/lib/python3.8/dist-packages/airflow/example_dags/example_latest_only_with_trigger.py for tasks to queue
[2021-11-29 16:25:53,906] {logging_mixin.py:109} INFO - [2021-11-29 16:25:53,906] {dagbag.py:500} INFO - Filling up the DagBag from /usr/local/lib/python3.8/dist-packages/airflow/example_dags/example_latest_only_with_trigger.py
[2021-11-29 16:25:53,967] {processor.py:637} INFO - DAG(s) dict_keys(['latest_only_with_trigger']) retrieved from /usr/local/lib/python3.8/dist-packages/airflow/example_dags/example_latest_only_with_trigger.py
[2021-11-29 16:25:53,995] {logging_mixin.py:109} WARNING - /usr/local/lib/python3.8/dist-packages/airflow/models/serialized_dag.py:120 SAWarning: TypeDecorator UtcDateTime(timezone=True) will not produce a cache key because the ``cache_ok`` flag is not set to True.  Set this flag to True if this type object's state is safe to use in a cache key, or False to disable this warning.
[2021-11-29 16:25:54,018] {logging_mixin.py:109} INFO - [2021-11-29 16:25:54,018] {dag.py:2396} INFO - Sync 1 DAGs
[2021-11-29 16:25:54,045] {logging_mixin.py:109} WARNING - /usr/local/lib/python3.8/dist-packages/airflow/models/dag.py:2433 SAWarning: TypeDecorator UtcDateTime(timezone=True) will not produce a cache key because the ``cache_ok`` flag is not set to True.  Set this flag to True if this type object's state is safe to use in a cache key, or False to disable this warning.
[2021-11-29 16:25:54,074] {logging_mixin.py:109} INFO - [2021-11-29 16:25:54,074] {dag.py:2928} INFO - Setting next_dagrun for latest_only_with_trigger to 2021-11-29T06:55:54.073781+00:00
[2021-11-29 16:25:54,350] {processor.py:171} INFO - Processing /usr/local/lib/python3.8/dist-packages/airflow/example_dags/example_latest_only_with_trigger.py took 0.460 seconds
[2021-11-29 16:26:48,523] {processor.py:163} INFO - Started process (PID=7024) to work on /usr/local/lib/python3.8/dist-packages/airflow/example_dags/example_latest_only_with_trigger.py
[2021-11-29 16:26:48,549] {processor.py:625} INFO - Processing file /usr/local/lib/python3.8/dist-packages/airflow/example_dags/example_latest_only_with_trigger.py for tasks to queue
[2021-11-29 16:26:48,555] {logging_mixin.py:109} INFO - [2021-11-29 16:26:48,555] {dagbag.py:500} INFO - Filling up the DagBag from /usr/local/lib/python3.8/dist-packages/airflow/example_dags/example_latest_only_with_trigger.py
[2021-11-29 16:26:48,648] {processor.py:637} INFO - DAG(s) dict_keys(['latest_only_with_trigger']) retrieved from /usr/local/lib/python3.8/dist-packages/airflow/example_dags/example_latest_only_with_trigger.py
[2021-11-29 16:26:48,656] {logging_mixin.py:109} WARNING - /usr/local/lib/python3.8/dist-packages/airflow/models/serialized_dag.py:120 SAWarning: TypeDecorator UtcDateTime(timezone=True) will not produce a cache key because the ``cache_ok`` flag is not set to True.  Set this flag to True if this type object's state is safe to use in a cache key, or False to disable this warning.
[2021-11-29 16:26:48,674] {logging_mixin.py:109} INFO - [2021-11-29 16:26:48,674] {dag.py:2396} INFO - Sync 1 DAGs
[2021-11-29 16:26:48,696] {logging_mixin.py:109} WARNING - /usr/local/lib/python3.8/dist-packages/airflow/models/dag.py:2433 SAWarning: TypeDecorator UtcDateTime(timezone=True) will not produce a cache key because the ``cache_ok`` flag is not set to True.  Set this flag to True if this type object's state is safe to use in a cache key, or False to disable this warning.
[2021-11-29 16:26:48,713] {logging_mixin.py:109} INFO - [2021-11-29 16:26:48,713] {dag.py:2928} INFO - Setting next_dagrun for latest_only_with_trigger to 2021-11-29T06:56:48.713187+00:00
[2021-11-29 16:26:48,965] {processor.py:171} INFO - Processing /usr/local/lib/python3.8/dist-packages/airflow/example_dags/example_latest_only_with_trigger.py took 0.461 seconds
[2021-11-29 16:27:41,702] {processor.py:163} INFO - Started process (PID=7183) to work on /usr/local/lib/python3.8/dist-packages/airflow/example_dags/example_latest_only_with_trigger.py
[2021-11-29 16:27:41,731] {processor.py:625} INFO - Processing file /usr/local/lib/python3.8/dist-packages/airflow/example_dags/example_latest_only_with_trigger.py for tasks to queue
[2021-11-29 16:27:41,732] {logging_mixin.py:109} INFO - [2021-11-29 16:27:41,731] {dagbag.py:500} INFO - Filling up the DagBag from /usr/local/lib/python3.8/dist-packages/airflow/example_dags/example_latest_only_with_trigger.py
[2021-11-29 16:27:41,822] {processor.py:637} INFO - DAG(s) dict_keys(['latest_only_with_trigger']) retrieved from /usr/local/lib/python3.8/dist-packages/airflow/example_dags/example_latest_only_with_trigger.py
[2021-11-29 16:27:41,839] {logging_mixin.py:109} WARNING - /usr/local/lib/python3.8/dist-packages/airflow/models/serialized_dag.py:120 SAWarning: TypeDecorator UtcDateTime(timezone=True) will not produce a cache key because the ``cache_ok`` flag is not set to True.  Set this flag to True if this type object's state is safe to use in a cache key, or False to disable this warning.
[2021-11-29 16:27:41,880] {logging_mixin.py:109} INFO - [2021-11-29 16:27:41,879] {dag.py:2396} INFO - Sync 1 DAGs
[2021-11-29 16:27:41,918] {logging_mixin.py:109} WARNING - /usr/local/lib/python3.8/dist-packages/airflow/models/dag.py:2433 SAWarning: TypeDecorator UtcDateTime(timezone=True) will not produce a cache key because the ``cache_ok`` flag is not set to True.  Set this flag to True if this type object's state is safe to use in a cache key, or False to disable this warning.
[2021-11-29 16:27:41,941] {logging_mixin.py:109} INFO - [2021-11-29 16:27:41,941] {dag.py:2928} INFO - Setting next_dagrun for latest_only_with_trigger to 2021-11-29T06:57:41.940553+00:00
[2021-11-29 16:27:42,206] {processor.py:171} INFO - Processing /usr/local/lib/python3.8/dist-packages/airflow/example_dags/example_latest_only_with_trigger.py took 0.508 seconds
[2021-11-29 16:28:40,160] {processor.py:163} INFO - Started process (PID=7346) to work on /usr/local/lib/python3.8/dist-packages/airflow/example_dags/example_latest_only_with_trigger.py
[2021-11-29 16:28:40,184] {processor.py:625} INFO - Processing file /usr/local/lib/python3.8/dist-packages/airflow/example_dags/example_latest_only_with_trigger.py for tasks to queue
[2021-11-29 16:28:40,185] {logging_mixin.py:109} INFO - [2021-11-29 16:28:40,185] {dagbag.py:500} INFO - Filling up the DagBag from /usr/local/lib/python3.8/dist-packages/airflow/example_dags/example_latest_only_with_trigger.py
[2021-11-29 16:28:40,266] {processor.py:637} INFO - DAG(s) dict_keys(['latest_only_with_trigger']) retrieved from /usr/local/lib/python3.8/dist-packages/airflow/example_dags/example_latest_only_with_trigger.py
[2021-11-29 16:28:40,274] {logging_mixin.py:109} WARNING - /usr/local/lib/python3.8/dist-packages/airflow/models/serialized_dag.py:120 SAWarning: TypeDecorator UtcDateTime(timezone=True) will not produce a cache key because the ``cache_ok`` flag is not set to True.  Set this flag to True if this type object's state is safe to use in a cache key, or False to disable this warning.
[2021-11-29 16:28:40,287] {logging_mixin.py:109} INFO - [2021-11-29 16:28:40,287] {dag.py:2396} INFO - Sync 1 DAGs
[2021-11-29 16:28:40,305] {logging_mixin.py:109} WARNING - /usr/local/lib/python3.8/dist-packages/airflow/models/dag.py:2433 SAWarning: TypeDecorator UtcDateTime(timezone=True) will not produce a cache key because the ``cache_ok`` flag is not set to True.  Set this flag to True if this type object's state is safe to use in a cache key, or False to disable this warning.
[2021-11-29 16:28:40,317] {logging_mixin.py:109} INFO - [2021-11-29 16:28:40,317] {dag.py:2928} INFO - Setting next_dagrun for latest_only_with_trigger to 2021-11-29T06:58:40.316915+00:00
[2021-11-29 16:28:40,502] {processor.py:171} INFO - Processing /usr/local/lib/python3.8/dist-packages/airflow/example_dags/example_latest_only_with_trigger.py took 0.348 seconds
[2021-11-29 16:29:38,518] {processor.py:163} INFO - Started process (PID=7509) to work on /usr/local/lib/python3.8/dist-packages/airflow/example_dags/example_latest_only_with_trigger.py
[2021-11-29 16:29:38,528] {processor.py:625} INFO - Processing file /usr/local/lib/python3.8/dist-packages/airflow/example_dags/example_latest_only_with_trigger.py for tasks to queue
[2021-11-29 16:29:38,529] {logging_mixin.py:109} INFO - [2021-11-29 16:29:38,529] {dagbag.py:500} INFO - Filling up the DagBag from /usr/local/lib/python3.8/dist-packages/airflow/example_dags/example_latest_only_with_trigger.py
[2021-11-29 16:29:38,598] {processor.py:637} INFO - DAG(s) dict_keys(['latest_only_with_trigger']) retrieved from /usr/local/lib/python3.8/dist-packages/airflow/example_dags/example_latest_only_with_trigger.py
[2021-11-29 16:29:38,614] {logging_mixin.py:109} WARNING - /usr/local/lib/python3.8/dist-packages/airflow/models/serialized_dag.py:120 SAWarning: TypeDecorator UtcDateTime(timezone=True) will not produce a cache key because the ``cache_ok`` flag is not set to True.  Set this flag to True if this type object's state is safe to use in a cache key, or False to disable this warning.
[2021-11-29 16:29:38,633] {logging_mixin.py:109} INFO - [2021-11-29 16:29:38,633] {dag.py:2396} INFO - Sync 1 DAGs
[2021-11-29 16:29:38,666] {logging_mixin.py:109} WARNING - /usr/local/lib/python3.8/dist-packages/airflow/models/dag.py:2433 SAWarning: TypeDecorator UtcDateTime(timezone=True) will not produce a cache key because the ``cache_ok`` flag is not set to True.  Set this flag to True if this type object's state is safe to use in a cache key, or False to disable this warning.
[2021-11-29 16:29:38,688] {logging_mixin.py:109} INFO - [2021-11-29 16:29:38,688] {dag.py:2928} INFO - Setting next_dagrun for latest_only_with_trigger to 2021-11-29T06:59:38.688268+00:00
[2021-11-29 16:29:38,897] {processor.py:171} INFO - Processing /usr/local/lib/python3.8/dist-packages/airflow/example_dags/example_latest_only_with_trigger.py took 0.395 seconds
[2021-11-29 16:30:34,328] {processor.py:163} INFO - Started process (PID=7671) to work on /usr/local/lib/python3.8/dist-packages/airflow/example_dags/example_latest_only_with_trigger.py
[2021-11-29 16:30:34,345] {processor.py:625} INFO - Processing file /usr/local/lib/python3.8/dist-packages/airflow/example_dags/example_latest_only_with_trigger.py for tasks to queue
[2021-11-29 16:30:34,346] {logging_mixin.py:109} INFO - [2021-11-29 16:30:34,346] {dagbag.py:500} INFO - Filling up the DagBag from /usr/local/lib/python3.8/dist-packages/airflow/example_dags/example_latest_only_with_trigger.py
[2021-11-29 16:30:34,457] {processor.py:637} INFO - DAG(s) dict_keys(['latest_only_with_trigger']) retrieved from /usr/local/lib/python3.8/dist-packages/airflow/example_dags/example_latest_only_with_trigger.py
[2021-11-29 16:30:34,476] {logging_mixin.py:109} WARNING - /usr/local/lib/python3.8/dist-packages/airflow/models/serialized_dag.py:120 SAWarning: TypeDecorator UtcDateTime(timezone=True) will not produce a cache key because the ``cache_ok`` flag is not set to True.  Set this flag to True if this type object's state is safe to use in a cache key, or False to disable this warning.
[2021-11-29 16:30:34,504] {logging_mixin.py:109} INFO - [2021-11-29 16:30:34,504] {dag.py:2396} INFO - Sync 1 DAGs
[2021-11-29 16:30:34,542] {logging_mixin.py:109} WARNING - /usr/local/lib/python3.8/dist-packages/airflow/models/dag.py:2433 SAWarning: TypeDecorator UtcDateTime(timezone=True) will not produce a cache key because the ``cache_ok`` flag is not set to True.  Set this flag to True if this type object's state is safe to use in a cache key, or False to disable this warning.
[2021-11-29 16:30:34,561] {logging_mixin.py:109} INFO - [2021-11-29 16:30:34,560] {dag.py:2928} INFO - Setting next_dagrun for latest_only_with_trigger to 2021-11-29T07:00:34.560433+00:00
[2021-11-29 16:30:34,775] {processor.py:171} INFO - Processing /usr/local/lib/python3.8/dist-packages/airflow/example_dags/example_latest_only_with_trigger.py took 0.451 seconds
[2021-11-29 16:31:30,104] {processor.py:163} INFO - Started process (PID=7832) to work on /usr/local/lib/python3.8/dist-packages/airflow/example_dags/example_latest_only_with_trigger.py
[2021-11-29 16:31:30,143] {processor.py:625} INFO - Processing file /usr/local/lib/python3.8/dist-packages/airflow/example_dags/example_latest_only_with_trigger.py for tasks to queue
[2021-11-29 16:31:30,144] {logging_mixin.py:109} INFO - [2021-11-29 16:31:30,144] {dagbag.py:500} INFO - Filling up the DagBag from /usr/local/lib/python3.8/dist-packages/airflow/example_dags/example_latest_only_with_trigger.py
[2021-11-29 16:31:30,221] {processor.py:637} INFO - DAG(s) dict_keys(['latest_only_with_trigger']) retrieved from /usr/local/lib/python3.8/dist-packages/airflow/example_dags/example_latest_only_with_trigger.py
[2021-11-29 16:31:30,251] {logging_mixin.py:109} WARNING - /usr/local/lib/python3.8/dist-packages/airflow/models/serialized_dag.py:120 SAWarning: TypeDecorator UtcDateTime(timezone=True) will not produce a cache key because the ``cache_ok`` flag is not set to True.  Set this flag to True if this type object's state is safe to use in a cache key, or False to disable this warning.
[2021-11-29 16:31:30,297] {logging_mixin.py:109} INFO - [2021-11-29 16:31:30,297] {dag.py:2396} INFO - Sync 1 DAGs
[2021-11-29 16:31:30,332] {logging_mixin.py:109} WARNING - /usr/local/lib/python3.8/dist-packages/airflow/models/dag.py:2433 SAWarning: TypeDecorator UtcDateTime(timezone=True) will not produce a cache key because the ``cache_ok`` flag is not set to True.  Set this flag to True if this type object's state is safe to use in a cache key, or False to disable this warning.
[2021-11-29 16:31:30,368] {logging_mixin.py:109} INFO - [2021-11-29 16:31:30,368] {dag.py:2928} INFO - Setting next_dagrun for latest_only_with_trigger to 2021-11-29T07:01:30.367938+00:00
[2021-11-29 16:31:30,631] {processor.py:171} INFO - Processing /usr/local/lib/python3.8/dist-packages/airflow/example_dags/example_latest_only_with_trigger.py took 0.531 seconds
[2021-11-29 16:32:24,336] {processor.py:163} INFO - Started process (PID=7993) to work on /usr/local/lib/python3.8/dist-packages/airflow/example_dags/example_latest_only_with_trigger.py
[2021-11-29 16:32:24,417] {processor.py:625} INFO - Processing file /usr/local/lib/python3.8/dist-packages/airflow/example_dags/example_latest_only_with_trigger.py for tasks to queue
[2021-11-29 16:32:24,417] {logging_mixin.py:109} INFO - [2021-11-29 16:32:24,417] {dagbag.py:500} INFO - Filling up the DagBag from /usr/local/lib/python3.8/dist-packages/airflow/example_dags/example_latest_only_with_trigger.py
[2021-11-29 16:32:24,494] {processor.py:637} INFO - DAG(s) dict_keys(['latest_only_with_trigger']) retrieved from /usr/local/lib/python3.8/dist-packages/airflow/example_dags/example_latest_only_with_trigger.py
[2021-11-29 16:32:24,510] {logging_mixin.py:109} WARNING - /usr/local/lib/python3.8/dist-packages/airflow/models/serialized_dag.py:120 SAWarning: TypeDecorator UtcDateTime(timezone=True) will not produce a cache key because the ``cache_ok`` flag is not set to True.  Set this flag to True if this type object's state is safe to use in a cache key, or False to disable this warning.
[2021-11-29 16:32:24,569] {logging_mixin.py:109} INFO - [2021-11-29 16:32:24,568] {dag.py:2396} INFO - Sync 1 DAGs
[2021-11-29 16:32:24,612] {logging_mixin.py:109} WARNING - /usr/local/lib/python3.8/dist-packages/airflow/models/dag.py:2433 SAWarning: TypeDecorator UtcDateTime(timezone=True) will not produce a cache key because the ``cache_ok`` flag is not set to True.  Set this flag to True if this type object's state is safe to use in a cache key, or False to disable this warning.
[2021-11-29 16:32:24,662] {logging_mixin.py:109} INFO - [2021-11-29 16:32:24,662] {dag.py:2928} INFO - Setting next_dagrun for latest_only_with_trigger to 2021-11-29T07:02:24.661705+00:00
[2021-11-29 16:32:24,854] {processor.py:171} INFO - Processing /usr/local/lib/python3.8/dist-packages/airflow/example_dags/example_latest_only_with_trigger.py took 0.532 seconds
[2021-11-29 16:33:21,484] {processor.py:163} INFO - Started process (PID=8162) to work on /usr/local/lib/python3.8/dist-packages/airflow/example_dags/example_latest_only_with_trigger.py
[2021-11-29 16:33:21,495] {processor.py:625} INFO - Processing file /usr/local/lib/python3.8/dist-packages/airflow/example_dags/example_latest_only_with_trigger.py for tasks to queue
[2021-11-29 16:33:21,496] {logging_mixin.py:109} INFO - [2021-11-29 16:33:21,496] {dagbag.py:500} INFO - Filling up the DagBag from /usr/local/lib/python3.8/dist-packages/airflow/example_dags/example_latest_only_with_trigger.py
[2021-11-29 16:33:21,575] {processor.py:637} INFO - DAG(s) dict_keys(['latest_only_with_trigger']) retrieved from /usr/local/lib/python3.8/dist-packages/airflow/example_dags/example_latest_only_with_trigger.py
[2021-11-29 16:33:21,582] {logging_mixin.py:109} WARNING - /usr/local/lib/python3.8/dist-packages/airflow/models/serialized_dag.py:120 SAWarning: TypeDecorator UtcDateTime(timezone=True) will not produce a cache key because the ``cache_ok`` flag is not set to True.  Set this flag to True if this type object's state is safe to use in a cache key, or False to disable this warning.
[2021-11-29 16:33:21,599] {logging_mixin.py:109} INFO - [2021-11-29 16:33:21,599] {dag.py:2396} INFO - Sync 1 DAGs
[2021-11-29 16:33:21,619] {logging_mixin.py:109} WARNING - /usr/local/lib/python3.8/dist-packages/airflow/models/dag.py:2433 SAWarning: TypeDecorator UtcDateTime(timezone=True) will not produce a cache key because the ``cache_ok`` flag is not set to True.  Set this flag to True if this type object's state is safe to use in a cache key, or False to disable this warning.
[2021-11-29 16:33:21,641] {logging_mixin.py:109} INFO - [2021-11-29 16:33:21,637] {dag.py:2928} INFO - Setting next_dagrun for latest_only_with_trigger to 2021-11-29T07:03:21.637448+00:00
[2021-11-29 16:33:21,833] {processor.py:171} INFO - Processing /usr/local/lib/python3.8/dist-packages/airflow/example_dags/example_latest_only_with_trigger.py took 0.352 seconds
[2021-11-29 16:34:15,656] {processor.py:163} INFO - Started process (PID=8321) to work on /usr/local/lib/python3.8/dist-packages/airflow/example_dags/example_latest_only_with_trigger.py
[2021-11-29 16:34:15,686] {processor.py:625} INFO - Processing file /usr/local/lib/python3.8/dist-packages/airflow/example_dags/example_latest_only_with_trigger.py for tasks to queue
[2021-11-29 16:34:15,687] {logging_mixin.py:109} INFO - [2021-11-29 16:34:15,687] {dagbag.py:500} INFO - Filling up the DagBag from /usr/local/lib/python3.8/dist-packages/airflow/example_dags/example_latest_only_with_trigger.py
[2021-11-29 16:34:15,719] {processor.py:637} INFO - DAG(s) dict_keys(['latest_only_with_trigger']) retrieved from /usr/local/lib/python3.8/dist-packages/airflow/example_dags/example_latest_only_with_trigger.py
[2021-11-29 16:34:15,725] {logging_mixin.py:109} WARNING - /usr/local/lib/python3.8/dist-packages/airflow/models/serialized_dag.py:120 SAWarning: TypeDecorator UtcDateTime(timezone=True) will not produce a cache key because the ``cache_ok`` flag is not set to True.  Set this flag to True if this type object's state is safe to use in a cache key, or False to disable this warning.
[2021-11-29 16:34:15,737] {logging_mixin.py:109} INFO - [2021-11-29 16:34:15,737] {dag.py:2396} INFO - Sync 1 DAGs
[2021-11-29 16:34:15,756] {logging_mixin.py:109} WARNING - /usr/local/lib/python3.8/dist-packages/airflow/models/dag.py:2433 SAWarning: TypeDecorator UtcDateTime(timezone=True) will not produce a cache key because the ``cache_ok`` flag is not set to True.  Set this flag to True if this type object's state is safe to use in a cache key, or False to disable this warning.
[2021-11-29 16:34:15,774] {logging_mixin.py:109} INFO - [2021-11-29 16:34:15,774] {dag.py:2928} INFO - Setting next_dagrun for latest_only_with_trigger to 2021-11-29T07:04:15.774085+00:00
[2021-11-29 16:34:15,953] {processor.py:171} INFO - Processing /usr/local/lib/python3.8/dist-packages/airflow/example_dags/example_latest_only_with_trigger.py took 0.313 seconds
[2021-11-29 16:35:12,323] {processor.py:163} INFO - Started process (PID=8492) to work on /usr/local/lib/python3.8/dist-packages/airflow/example_dags/example_latest_only_with_trigger.py
[2021-11-29 16:35:12,340] {processor.py:625} INFO - Processing file /usr/local/lib/python3.8/dist-packages/airflow/example_dags/example_latest_only_with_trigger.py for tasks to queue
[2021-11-29 16:35:12,341] {logging_mixin.py:109} INFO - [2021-11-29 16:35:12,341] {dagbag.py:500} INFO - Filling up the DagBag from /usr/local/lib/python3.8/dist-packages/airflow/example_dags/example_latest_only_with_trigger.py
[2021-11-29 16:35:12,427] {processor.py:637} INFO - DAG(s) dict_keys(['latest_only_with_trigger']) retrieved from /usr/local/lib/python3.8/dist-packages/airflow/example_dags/example_latest_only_with_trigger.py
[2021-11-29 16:35:12,434] {logging_mixin.py:109} WARNING - /usr/local/lib/python3.8/dist-packages/airflow/models/serialized_dag.py:120 SAWarning: TypeDecorator UtcDateTime(timezone=True) will not produce a cache key because the ``cache_ok`` flag is not set to True.  Set this flag to True if this type object's state is safe to use in a cache key, or False to disable this warning.
[2021-11-29 16:35:12,485] {logging_mixin.py:109} INFO - [2021-11-29 16:35:12,485] {dag.py:2396} INFO - Sync 1 DAGs
[2021-11-29 16:35:12,525] {logging_mixin.py:109} WARNING - /usr/local/lib/python3.8/dist-packages/airflow/models/dag.py:2433 SAWarning: TypeDecorator UtcDateTime(timezone=True) will not produce a cache key because the ``cache_ok`` flag is not set to True.  Set this flag to True if this type object's state is safe to use in a cache key, or False to disable this warning.
[2021-11-29 16:35:12,549] {logging_mixin.py:109} INFO - [2021-11-29 16:35:12,549] {dag.py:2928} INFO - Setting next_dagrun for latest_only_with_trigger to 2021-11-29T07:05:12.548955+00:00
[2021-11-29 16:35:12,811] {processor.py:171} INFO - Processing /usr/local/lib/python3.8/dist-packages/airflow/example_dags/example_latest_only_with_trigger.py took 0.495 seconds
[2021-11-29 16:36:08,547] {processor.py:163} INFO - Started process (PID=8652) to work on /usr/local/lib/python3.8/dist-packages/airflow/example_dags/example_latest_only_with_trigger.py
[2021-11-29 16:36:08,568] {processor.py:625} INFO - Processing file /usr/local/lib/python3.8/dist-packages/airflow/example_dags/example_latest_only_with_trigger.py for tasks to queue
[2021-11-29 16:36:08,568] {logging_mixin.py:109} INFO - [2021-11-29 16:36:08,568] {dagbag.py:500} INFO - Filling up the DagBag from /usr/local/lib/python3.8/dist-packages/airflow/example_dags/example_latest_only_with_trigger.py
[2021-11-29 16:36:08,637] {processor.py:637} INFO - DAG(s) dict_keys(['latest_only_with_trigger']) retrieved from /usr/local/lib/python3.8/dist-packages/airflow/example_dags/example_latest_only_with_trigger.py
[2021-11-29 16:36:08,666] {logging_mixin.py:109} WARNING - /usr/local/lib/python3.8/dist-packages/airflow/models/serialized_dag.py:120 SAWarning: TypeDecorator UtcDateTime(timezone=True) will not produce a cache key because the ``cache_ok`` flag is not set to True.  Set this flag to True if this type object's state is safe to use in a cache key, or False to disable this warning.
[2021-11-29 16:36:08,690] {logging_mixin.py:109} INFO - [2021-11-29 16:36:08,690] {dag.py:2396} INFO - Sync 1 DAGs
[2021-11-29 16:36:08,734] {logging_mixin.py:109} WARNING - /usr/local/lib/python3.8/dist-packages/airflow/models/dag.py:2433 SAWarning: TypeDecorator UtcDateTime(timezone=True) will not produce a cache key because the ``cache_ok`` flag is not set to True.  Set this flag to True if this type object's state is safe to use in a cache key, or False to disable this warning.
[2021-11-29 16:36:08,752] {logging_mixin.py:109} INFO - [2021-11-29 16:36:08,752] {dag.py:2928} INFO - Setting next_dagrun for latest_only_with_trigger to 2021-11-29T07:06:08.751762+00:00
[2021-11-29 16:36:09,022] {processor.py:171} INFO - Processing /usr/local/lib/python3.8/dist-packages/airflow/example_dags/example_latest_only_with_trigger.py took 0.490 seconds
[2021-11-29 16:37:03,975] {processor.py:163} INFO - Started process (PID=8808) to work on /usr/local/lib/python3.8/dist-packages/airflow/example_dags/example_latest_only_with_trigger.py
[2021-11-29 16:37:03,996] {processor.py:625} INFO - Processing file /usr/local/lib/python3.8/dist-packages/airflow/example_dags/example_latest_only_with_trigger.py for tasks to queue
[2021-11-29 16:37:03,997] {logging_mixin.py:109} INFO - [2021-11-29 16:37:03,997] {dagbag.py:500} INFO - Filling up the DagBag from /usr/local/lib/python3.8/dist-packages/airflow/example_dags/example_latest_only_with_trigger.py
[2021-11-29 16:37:04,075] {processor.py:637} INFO - DAG(s) dict_keys(['latest_only_with_trigger']) retrieved from /usr/local/lib/python3.8/dist-packages/airflow/example_dags/example_latest_only_with_trigger.py
[2021-11-29 16:37:04,084] {logging_mixin.py:109} WARNING - /usr/local/lib/python3.8/dist-packages/airflow/models/serialized_dag.py:120 SAWarning: TypeDecorator UtcDateTime(timezone=True) will not produce a cache key because the ``cache_ok`` flag is not set to True.  Set this flag to True if this type object's state is safe to use in a cache key, or False to disable this warning.
[2021-11-29 16:37:04,121] {logging_mixin.py:109} INFO - [2021-11-29 16:37:04,121] {dag.py:2396} INFO - Sync 1 DAGs
[2021-11-29 16:37:04,157] {logging_mixin.py:109} WARNING - /usr/local/lib/python3.8/dist-packages/airflow/models/dag.py:2433 SAWarning: TypeDecorator UtcDateTime(timezone=True) will not produce a cache key because the ``cache_ok`` flag is not set to True.  Set this flag to True if this type object's state is safe to use in a cache key, or False to disable this warning.
[2021-11-29 16:37:04,171] {logging_mixin.py:109} INFO - [2021-11-29 16:37:04,170] {dag.py:2928} INFO - Setting next_dagrun for latest_only_with_trigger to 2021-11-29T07:07:04.170173+00:00
[2021-11-29 16:37:04,426] {processor.py:171} INFO - Processing /usr/local/lib/python3.8/dist-packages/airflow/example_dags/example_latest_only_with_trigger.py took 0.455 seconds
[2021-11-29 16:37:59,993] {processor.py:163} INFO - Started process (PID=8972) to work on /usr/local/lib/python3.8/dist-packages/airflow/example_dags/example_latest_only_with_trigger.py
[2021-11-29 16:38:00,088] {processor.py:625} INFO - Processing file /usr/local/lib/python3.8/dist-packages/airflow/example_dags/example_latest_only_with_trigger.py for tasks to queue
[2021-11-29 16:38:00,089] {logging_mixin.py:109} INFO - [2021-11-29 16:38:00,088] {dagbag.py:500} INFO - Filling up the DagBag from /usr/local/lib/python3.8/dist-packages/airflow/example_dags/example_latest_only_with_trigger.py
[2021-11-29 16:38:00,181] {processor.py:637} INFO - DAG(s) dict_keys(['latest_only_with_trigger']) retrieved from /usr/local/lib/python3.8/dist-packages/airflow/example_dags/example_latest_only_with_trigger.py
[2021-11-29 16:38:00,189] {logging_mixin.py:109} WARNING - /usr/local/lib/python3.8/dist-packages/airflow/models/serialized_dag.py:120 SAWarning: TypeDecorator UtcDateTime(timezone=True) will not produce a cache key because the ``cache_ok`` flag is not set to True.  Set this flag to True if this type object's state is safe to use in a cache key, or False to disable this warning.
[2021-11-29 16:38:00,203] {logging_mixin.py:109} INFO - [2021-11-29 16:38:00,203] {dag.py:2396} INFO - Sync 1 DAGs
[2021-11-29 16:38:00,222] {logging_mixin.py:109} WARNING - /usr/local/lib/python3.8/dist-packages/airflow/models/dag.py:2433 SAWarning: TypeDecorator UtcDateTime(timezone=True) will not produce a cache key because the ``cache_ok`` flag is not set to True.  Set this flag to True if this type object's state is safe to use in a cache key, or False to disable this warning.
[2021-11-29 16:38:00,237] {logging_mixin.py:109} INFO - [2021-11-29 16:38:00,237] {dag.py:2928} INFO - Setting next_dagrun for latest_only_with_trigger to 2021-11-29T07:08:00.237389+00:00
[2021-11-29 16:38:00,421] {processor.py:171} INFO - Processing /usr/local/lib/python3.8/dist-packages/airflow/example_dags/example_latest_only_with_trigger.py took 0.433 seconds
[2021-11-29 16:38:55,785] {processor.py:163} INFO - Started process (PID=9139) to work on /usr/local/lib/python3.8/dist-packages/airflow/example_dags/example_latest_only_with_trigger.py
[2021-11-29 16:38:55,861] {processor.py:625} INFO - Processing file /usr/local/lib/python3.8/dist-packages/airflow/example_dags/example_latest_only_with_trigger.py for tasks to queue
[2021-11-29 16:38:55,862] {logging_mixin.py:109} INFO - [2021-11-29 16:38:55,862] {dagbag.py:500} INFO - Filling up the DagBag from /usr/local/lib/python3.8/dist-packages/airflow/example_dags/example_latest_only_with_trigger.py
[2021-11-29 16:38:55,926] {processor.py:637} INFO - DAG(s) dict_keys(['latest_only_with_trigger']) retrieved from /usr/local/lib/python3.8/dist-packages/airflow/example_dags/example_latest_only_with_trigger.py
[2021-11-29 16:38:55,945] {logging_mixin.py:109} WARNING - /usr/local/lib/python3.8/dist-packages/airflow/models/serialized_dag.py:120 SAWarning: TypeDecorator UtcDateTime(timezone=True) will not produce a cache key because the ``cache_ok`` flag is not set to True.  Set this flag to True if this type object's state is safe to use in a cache key, or False to disable this warning.
[2021-11-29 16:38:55,968] {logging_mixin.py:109} INFO - [2021-11-29 16:38:55,968] {dag.py:2396} INFO - Sync 1 DAGs
[2021-11-29 16:38:56,008] {logging_mixin.py:109} WARNING - /usr/local/lib/python3.8/dist-packages/airflow/models/dag.py:2433 SAWarning: TypeDecorator UtcDateTime(timezone=True) will not produce a cache key because the ``cache_ok`` flag is not set to True.  Set this flag to True if this type object's state is safe to use in a cache key, or False to disable this warning.
[2021-11-29 16:38:56,052] {logging_mixin.py:109} INFO - [2021-11-29 16:38:56,051] {dag.py:2928} INFO - Setting next_dagrun for latest_only_with_trigger to 2021-11-29T07:08:56.051305+00:00
[2021-11-29 16:38:56,384] {processor.py:171} INFO - Processing /usr/local/lib/python3.8/dist-packages/airflow/example_dags/example_latest_only_with_trigger.py took 0.625 seconds
[2021-11-29 16:39:50,136] {processor.py:163} INFO - Started process (PID=9304) to work on /usr/local/lib/python3.8/dist-packages/airflow/example_dags/example_latest_only_with_trigger.py
[2021-11-29 16:39:50,161] {processor.py:625} INFO - Processing file /usr/local/lib/python3.8/dist-packages/airflow/example_dags/example_latest_only_with_trigger.py for tasks to queue
[2021-11-29 16:39:50,162] {logging_mixin.py:109} INFO - [2021-11-29 16:39:50,162] {dagbag.py:500} INFO - Filling up the DagBag from /usr/local/lib/python3.8/dist-packages/airflow/example_dags/example_latest_only_with_trigger.py
[2021-11-29 16:39:50,250] {processor.py:637} INFO - DAG(s) dict_keys(['latest_only_with_trigger']) retrieved from /usr/local/lib/python3.8/dist-packages/airflow/example_dags/example_latest_only_with_trigger.py
[2021-11-29 16:39:50,259] {logging_mixin.py:109} WARNING - /usr/local/lib/python3.8/dist-packages/airflow/models/serialized_dag.py:120 SAWarning: TypeDecorator UtcDateTime(timezone=True) will not produce a cache key because the ``cache_ok`` flag is not set to True.  Set this flag to True if this type object's state is safe to use in a cache key, or False to disable this warning.
[2021-11-29 16:39:50,297] {logging_mixin.py:109} INFO - [2021-11-29 16:39:50,297] {dag.py:2396} INFO - Sync 1 DAGs
[2021-11-29 16:39:50,347] {logging_mixin.py:109} WARNING - /usr/local/lib/python3.8/dist-packages/airflow/models/dag.py:2433 SAWarning: TypeDecorator UtcDateTime(timezone=True) will not produce a cache key because the ``cache_ok`` flag is not set to True.  Set this flag to True if this type object's state is safe to use in a cache key, or False to disable this warning.
[2021-11-29 16:39:50,364] {logging_mixin.py:109} INFO - [2021-11-29 16:39:50,364] {dag.py:2928} INFO - Setting next_dagrun for latest_only_with_trigger to 2021-11-29T07:09:50.364272+00:00
[2021-11-29 16:39:50,588] {processor.py:171} INFO - Processing /usr/local/lib/python3.8/dist-packages/airflow/example_dags/example_latest_only_with_trigger.py took 0.456 seconds
[2021-11-29 16:40:45,591] {processor.py:163} INFO - Started process (PID=9465) to work on /usr/local/lib/python3.8/dist-packages/airflow/example_dags/example_latest_only_with_trigger.py
[2021-11-29 16:40:45,618] {processor.py:625} INFO - Processing file /usr/local/lib/python3.8/dist-packages/airflow/example_dags/example_latest_only_with_trigger.py for tasks to queue
[2021-11-29 16:40:45,619] {logging_mixin.py:109} INFO - [2021-11-29 16:40:45,619] {dagbag.py:500} INFO - Filling up the DagBag from /usr/local/lib/python3.8/dist-packages/airflow/example_dags/example_latest_only_with_trigger.py
[2021-11-29 16:40:45,717] {processor.py:637} INFO - DAG(s) dict_keys(['latest_only_with_trigger']) retrieved from /usr/local/lib/python3.8/dist-packages/airflow/example_dags/example_latest_only_with_trigger.py
[2021-11-29 16:40:45,724] {logging_mixin.py:109} WARNING - /usr/local/lib/python3.8/dist-packages/airflow/models/serialized_dag.py:120 SAWarning: TypeDecorator UtcDateTime(timezone=True) will not produce a cache key because the ``cache_ok`` flag is not set to True.  Set this flag to True if this type object's state is safe to use in a cache key, or False to disable this warning.
[2021-11-29 16:40:45,773] {logging_mixin.py:109} INFO - [2021-11-29 16:40:45,772] {dag.py:2396} INFO - Sync 1 DAGs
[2021-11-29 16:40:45,805] {logging_mixin.py:109} WARNING - /usr/local/lib/python3.8/dist-packages/airflow/models/dag.py:2433 SAWarning: TypeDecorator UtcDateTime(timezone=True) will not produce a cache key because the ``cache_ok`` flag is not set to True.  Set this flag to True if this type object's state is safe to use in a cache key, or False to disable this warning.
[2021-11-29 16:40:45,821] {logging_mixin.py:109} INFO - [2021-11-29 16:40:45,821] {dag.py:2928} INFO - Setting next_dagrun for latest_only_with_trigger to 2021-11-29T07:10:45.821066+00:00
[2021-11-29 16:40:46,012] {processor.py:171} INFO - Processing /usr/local/lib/python3.8/dist-packages/airflow/example_dags/example_latest_only_with_trigger.py took 0.425 seconds
[2021-11-29 16:41:46,546] {processor.py:163} INFO - Started process (PID=9635) to work on /usr/local/lib/python3.8/dist-packages/airflow/example_dags/example_latest_only_with_trigger.py
[2021-11-29 16:41:46,575] {processor.py:625} INFO - Processing file /usr/local/lib/python3.8/dist-packages/airflow/example_dags/example_latest_only_with_trigger.py for tasks to queue
[2021-11-29 16:41:46,576] {logging_mixin.py:109} INFO - [2021-11-29 16:41:46,576] {dagbag.py:500} INFO - Filling up the DagBag from /usr/local/lib/python3.8/dist-packages/airflow/example_dags/example_latest_only_with_trigger.py
[2021-11-29 16:41:46,678] {processor.py:637} INFO - DAG(s) dict_keys(['latest_only_with_trigger']) retrieved from /usr/local/lib/python3.8/dist-packages/airflow/example_dags/example_latest_only_with_trigger.py
[2021-11-29 16:41:46,707] {logging_mixin.py:109} WARNING - /usr/local/lib/python3.8/dist-packages/airflow/models/serialized_dag.py:120 SAWarning: TypeDecorator UtcDateTime(timezone=True) will not produce a cache key because the ``cache_ok`` flag is not set to True.  Set this flag to True if this type object's state is safe to use in a cache key, or False to disable this warning.
[2021-11-29 16:41:46,746] {logging_mixin.py:109} INFO - [2021-11-29 16:41:46,745] {dag.py:2396} INFO - Sync 1 DAGs
[2021-11-29 16:41:46,787] {logging_mixin.py:109} WARNING - /usr/local/lib/python3.8/dist-packages/airflow/models/dag.py:2433 SAWarning: TypeDecorator UtcDateTime(timezone=True) will not produce a cache key because the ``cache_ok`` flag is not set to True.  Set this flag to True if this type object's state is safe to use in a cache key, or False to disable this warning.
[2021-11-29 16:41:46,810] {logging_mixin.py:109} INFO - [2021-11-29 16:41:46,809] {dag.py:2928} INFO - Setting next_dagrun for latest_only_with_trigger to 2021-11-29T07:11:46.805043+00:00
[2021-11-29 16:41:47,001] {processor.py:171} INFO - Processing /usr/local/lib/python3.8/dist-packages/airflow/example_dags/example_latest_only_with_trigger.py took 0.471 seconds
[2021-11-29 16:42:43,385] {processor.py:163} INFO - Started process (PID=9809) to work on /usr/local/lib/python3.8/dist-packages/airflow/example_dags/example_latest_only_with_trigger.py
[2021-11-29 16:42:43,391] {processor.py:625} INFO - Processing file /usr/local/lib/python3.8/dist-packages/airflow/example_dags/example_latest_only_with_trigger.py for tasks to queue
[2021-11-29 16:42:43,391] {logging_mixin.py:109} INFO - [2021-11-29 16:42:43,391] {dagbag.py:500} INFO - Filling up the DagBag from /usr/local/lib/python3.8/dist-packages/airflow/example_dags/example_latest_only_with_trigger.py
[2021-11-29 16:42:43,473] {processor.py:637} INFO - DAG(s) dict_keys(['latest_only_with_trigger']) retrieved from /usr/local/lib/python3.8/dist-packages/airflow/example_dags/example_latest_only_with_trigger.py
[2021-11-29 16:42:43,490] {logging_mixin.py:109} WARNING - /usr/local/lib/python3.8/dist-packages/airflow/models/serialized_dag.py:120 SAWarning: TypeDecorator UtcDateTime(timezone=True) will not produce a cache key because the ``cache_ok`` flag is not set to True.  Set this flag to True if this type object's state is safe to use in a cache key, or False to disable this warning.
[2021-11-29 16:42:43,504] {logging_mixin.py:109} INFO - [2021-11-29 16:42:43,504] {dag.py:2396} INFO - Sync 1 DAGs
[2021-11-29 16:42:43,524] {logging_mixin.py:109} WARNING - /usr/local/lib/python3.8/dist-packages/airflow/models/dag.py:2433 SAWarning: TypeDecorator UtcDateTime(timezone=True) will not produce a cache key because the ``cache_ok`` flag is not set to True.  Set this flag to True if this type object's state is safe to use in a cache key, or False to disable this warning.
[2021-11-29 16:42:43,538] {logging_mixin.py:109} INFO - [2021-11-29 16:42:43,538] {dag.py:2928} INFO - Setting next_dagrun for latest_only_with_trigger to 2021-11-29T07:12:43.537729+00:00
[2021-11-29 16:42:43,737] {processor.py:171} INFO - Processing /usr/local/lib/python3.8/dist-packages/airflow/example_dags/example_latest_only_with_trigger.py took 0.367 seconds
[2021-11-29 16:43:37,827] {processor.py:163} INFO - Started process (PID=9974) to work on /usr/local/lib/python3.8/dist-packages/airflow/example_dags/example_latest_only_with_trigger.py
[2021-11-29 16:43:37,878] {processor.py:625} INFO - Processing file /usr/local/lib/python3.8/dist-packages/airflow/example_dags/example_latest_only_with_trigger.py for tasks to queue
[2021-11-29 16:43:37,879] {logging_mixin.py:109} INFO - [2021-11-29 16:43:37,879] {dagbag.py:500} INFO - Filling up the DagBag from /usr/local/lib/python3.8/dist-packages/airflow/example_dags/example_latest_only_with_trigger.py
[2021-11-29 16:43:37,975] {processor.py:637} INFO - DAG(s) dict_keys(['latest_only_with_trigger']) retrieved from /usr/local/lib/python3.8/dist-packages/airflow/example_dags/example_latest_only_with_trigger.py
[2021-11-29 16:43:37,984] {logging_mixin.py:109} WARNING - /usr/local/lib/python3.8/dist-packages/airflow/models/serialized_dag.py:120 SAWarning: TypeDecorator UtcDateTime(timezone=True) will not produce a cache key because the ``cache_ok`` flag is not set to True.  Set this flag to True if this type object's state is safe to use in a cache key, or False to disable this warning.
[2021-11-29 16:43:38,014] {logging_mixin.py:109} INFO - [2021-11-29 16:43:38,014] {dag.py:2396} INFO - Sync 1 DAGs
[2021-11-29 16:43:38,033] {logging_mixin.py:109} WARNING - /usr/local/lib/python3.8/dist-packages/airflow/models/dag.py:2433 SAWarning: TypeDecorator UtcDateTime(timezone=True) will not produce a cache key because the ``cache_ok`` flag is not set to True.  Set this flag to True if this type object's state is safe to use in a cache key, or False to disable this warning.
[2021-11-29 16:43:38,051] {logging_mixin.py:109} INFO - [2021-11-29 16:43:38,050] {dag.py:2928} INFO - Setting next_dagrun for latest_only_with_trigger to 2021-11-29T07:13:38.050394+00:00
[2021-11-29 16:43:38,329] {processor.py:171} INFO - Processing /usr/local/lib/python3.8/dist-packages/airflow/example_dags/example_latest_only_with_trigger.py took 0.518 seconds
[2021-11-29 16:44:34,135] {processor.py:163} INFO - Started process (PID=10139) to work on /usr/local/lib/python3.8/dist-packages/airflow/example_dags/example_latest_only_with_trigger.py
[2021-11-29 16:44:34,158] {processor.py:625} INFO - Processing file /usr/local/lib/python3.8/dist-packages/airflow/example_dags/example_latest_only_with_trigger.py for tasks to queue
[2021-11-29 16:44:34,159] {logging_mixin.py:109} INFO - [2021-11-29 16:44:34,159] {dagbag.py:500} INFO - Filling up the DagBag from /usr/local/lib/python3.8/dist-packages/airflow/example_dags/example_latest_only_with_trigger.py
[2021-11-29 16:44:34,229] {processor.py:637} INFO - DAG(s) dict_keys(['latest_only_with_trigger']) retrieved from /usr/local/lib/python3.8/dist-packages/airflow/example_dags/example_latest_only_with_trigger.py
[2021-11-29 16:44:34,247] {logging_mixin.py:109} WARNING - /usr/local/lib/python3.8/dist-packages/airflow/models/serialized_dag.py:120 SAWarning: TypeDecorator UtcDateTime(timezone=True) will not produce a cache key because the ``cache_ok`` flag is not set to True.  Set this flag to True if this type object's state is safe to use in a cache key, or False to disable this warning.
[2021-11-29 16:44:34,277] {logging_mixin.py:109} INFO - [2021-11-29 16:44:34,276] {dag.py:2396} INFO - Sync 1 DAGs
[2021-11-29 16:44:34,294] {logging_mixin.py:109} WARNING - /usr/local/lib/python3.8/dist-packages/airflow/models/dag.py:2433 SAWarning: TypeDecorator UtcDateTime(timezone=True) will not produce a cache key because the ``cache_ok`` flag is not set to True.  Set this flag to True if this type object's state is safe to use in a cache key, or False to disable this warning.
[2021-11-29 16:44:34,305] {logging_mixin.py:109} INFO - [2021-11-29 16:44:34,305] {dag.py:2928} INFO - Setting next_dagrun for latest_only_with_trigger to 2021-11-29T07:14:34.305152+00:00
[2021-11-29 16:44:34,485] {processor.py:171} INFO - Processing /usr/local/lib/python3.8/dist-packages/airflow/example_dags/example_latest_only_with_trigger.py took 0.364 seconds
[2021-11-29 16:45:30,624] {processor.py:163} INFO - Started process (PID=10306) to work on /usr/local/lib/python3.8/dist-packages/airflow/example_dags/example_latest_only_with_trigger.py
[2021-11-29 16:45:30,660] {processor.py:625} INFO - Processing file /usr/local/lib/python3.8/dist-packages/airflow/example_dags/example_latest_only_with_trigger.py for tasks to queue
[2021-11-29 16:45:30,661] {logging_mixin.py:109} INFO - [2021-11-29 16:45:30,660] {dagbag.py:500} INFO - Filling up the DagBag from /usr/local/lib/python3.8/dist-packages/airflow/example_dags/example_latest_only_with_trigger.py
[2021-11-29 16:45:30,725] {processor.py:637} INFO - DAG(s) dict_keys(['latest_only_with_trigger']) retrieved from /usr/local/lib/python3.8/dist-packages/airflow/example_dags/example_latest_only_with_trigger.py
[2021-11-29 16:45:30,731] {logging_mixin.py:109} WARNING - /usr/local/lib/python3.8/dist-packages/airflow/models/serialized_dag.py:120 SAWarning: TypeDecorator UtcDateTime(timezone=True) will not produce a cache key because the ``cache_ok`` flag is not set to True.  Set this flag to True if this type object's state is safe to use in a cache key, or False to disable this warning.
[2021-11-29 16:45:30,755] {logging_mixin.py:109} INFO - [2021-11-29 16:45:30,754] {dag.py:2396} INFO - Sync 1 DAGs
[2021-11-29 16:45:30,771] {logging_mixin.py:109} WARNING - /usr/local/lib/python3.8/dist-packages/airflow/models/dag.py:2433 SAWarning: TypeDecorator UtcDateTime(timezone=True) will not produce a cache key because the ``cache_ok`` flag is not set to True.  Set this flag to True if this type object's state is safe to use in a cache key, or False to disable this warning.
[2021-11-29 16:45:30,782] {logging_mixin.py:109} INFO - [2021-11-29 16:45:30,782] {dag.py:2928} INFO - Setting next_dagrun for latest_only_with_trigger to 2021-11-29T07:15:30.782261+00:00
[2021-11-29 16:45:30,962] {processor.py:171} INFO - Processing /usr/local/lib/python3.8/dist-packages/airflow/example_dags/example_latest_only_with_trigger.py took 0.342 seconds
[2021-11-29 16:46:24,544] {processor.py:163} INFO - Started process (PID=10479) to work on /usr/local/lib/python3.8/dist-packages/airflow/example_dags/example_latest_only_with_trigger.py
[2021-11-29 16:46:24,555] {processor.py:625} INFO - Processing file /usr/local/lib/python3.8/dist-packages/airflow/example_dags/example_latest_only_with_trigger.py for tasks to queue
[2021-11-29 16:46:24,556] {logging_mixin.py:109} INFO - [2021-11-29 16:46:24,556] {dagbag.py:500} INFO - Filling up the DagBag from /usr/local/lib/python3.8/dist-packages/airflow/example_dags/example_latest_only_with_trigger.py
[2021-11-29 16:46:24,616] {processor.py:637} INFO - DAG(s) dict_keys(['latest_only_with_trigger']) retrieved from /usr/local/lib/python3.8/dist-packages/airflow/example_dags/example_latest_only_with_trigger.py
[2021-11-29 16:46:24,623] {logging_mixin.py:109} WARNING - /usr/local/lib/python3.8/dist-packages/airflow/models/serialized_dag.py:120 SAWarning: TypeDecorator UtcDateTime(timezone=True) will not produce a cache key because the ``cache_ok`` flag is not set to True.  Set this flag to True if this type object's state is safe to use in a cache key, or False to disable this warning.
[2021-11-29 16:46:24,654] {logging_mixin.py:109} INFO - [2021-11-29 16:46:24,654] {dag.py:2396} INFO - Sync 1 DAGs
[2021-11-29 16:46:24,670] {logging_mixin.py:109} WARNING - /usr/local/lib/python3.8/dist-packages/airflow/models/dag.py:2433 SAWarning: TypeDecorator UtcDateTime(timezone=True) will not produce a cache key because the ``cache_ok`` flag is not set to True.  Set this flag to True if this type object's state is safe to use in a cache key, or False to disable this warning.
[2021-11-29 16:46:24,681] {logging_mixin.py:109} INFO - [2021-11-29 16:46:24,681] {dag.py:2928} INFO - Setting next_dagrun for latest_only_with_trigger to 2021-11-29T07:16:24.681361+00:00
[2021-11-29 16:46:24,916] {processor.py:171} INFO - Processing /usr/local/lib/python3.8/dist-packages/airflow/example_dags/example_latest_only_with_trigger.py took 0.377 seconds
