[2021-11-29 16:15:15,097] {processor.py:163} INFO - Started process (PID=4932) to work on /usr/local/lib/python3.8/dist-packages/airflow/example_dags/example_bash_operator.py
[2021-11-29 16:15:15,099] {processor.py:625} INFO - Processing file /usr/local/lib/python3.8/dist-packages/airflow/example_dags/example_bash_operator.py for tasks to queue
[2021-11-29 16:15:15,100] {logging_mixin.py:109} INFO - [2021-11-29 16:15:15,100] {dagbag.py:500} INFO - Filling up the DagBag from /usr/local/lib/python3.8/dist-packages/airflow/example_dags/example_bash_operator.py
[2021-11-29 16:15:15,200] {processor.py:637} INFO - DAG(s) dict_keys(['example_bash_operator']) retrieved from /usr/local/lib/python3.8/dist-packages/airflow/example_dags/example_bash_operator.py
[2021-11-29 16:15:15,207] {logging_mixin.py:109} WARNING - /usr/local/lib/python3.8/dist-packages/airflow/models/serialized_dag.py:120 SAWarning: TypeDecorator UtcDateTime(timezone=True) will not produce a cache key because the ``cache_ok`` flag is not set to True.  Set this flag to True if this type object's state is safe to use in a cache key, or False to disable this warning.
[2021-11-29 16:15:15,224] {logging_mixin.py:109} INFO - [2021-11-29 16:15:15,223] {dag.py:2396} INFO - Sync 1 DAGs
[2021-11-29 16:15:15,266] {logging_mixin.py:109} WARNING - /usr/local/lib/python3.8/dist-packages/airflow/models/dag.py:2433 SAWarning: TypeDecorator UtcDateTime(timezone=True) will not produce a cache key because the ``cache_ok`` flag is not set to True.  Set this flag to True if this type object's state is safe to use in a cache key, or False to disable this warning.
[2021-11-29 16:15:15,309] {logging_mixin.py:109} INFO - [2021-11-29 16:15:15,309] {dag.py:2928} INFO - Setting next_dagrun for example_bash_operator to 2021-11-28 00:00:00+00:00
[2021-11-29 16:15:15,769] {processor.py:171} INFO - Processing /usr/local/lib/python3.8/dist-packages/airflow/example_dags/example_bash_operator.py took 0.689 seconds
[2021-11-29 16:16:21,726] {processor.py:163} INFO - Started process (PID=5112) to work on /usr/local/lib/python3.8/dist-packages/airflow/example_dags/example_bash_operator.py
[2021-11-29 16:16:21,757] {processor.py:625} INFO - Processing file /usr/local/lib/python3.8/dist-packages/airflow/example_dags/example_bash_operator.py for tasks to queue
[2021-11-29 16:16:21,758] {logging_mixin.py:109} INFO - [2021-11-29 16:16:21,757] {dagbag.py:500} INFO - Filling up the DagBag from /usr/local/lib/python3.8/dist-packages/airflow/example_dags/example_bash_operator.py
[2021-11-29 16:16:21,838] {processor.py:637} INFO - DAG(s) dict_keys(['example_bash_operator']) retrieved from /usr/local/lib/python3.8/dist-packages/airflow/example_dags/example_bash_operator.py
[2021-11-29 16:16:21,857] {logging_mixin.py:109} WARNING - /usr/local/lib/python3.8/dist-packages/airflow/models/serialized_dag.py:120 SAWarning: TypeDecorator UtcDateTime(timezone=True) will not produce a cache key because the ``cache_ok`` flag is not set to True.  Set this flag to True if this type object's state is safe to use in a cache key, or False to disable this warning.
[2021-11-29 16:16:21,872] {logging_mixin.py:109} INFO - [2021-11-29 16:16:21,872] {dag.py:2396} INFO - Sync 1 DAGs
[2021-11-29 16:16:21,890] {logging_mixin.py:109} WARNING - /usr/local/lib/python3.8/dist-packages/airflow/models/dag.py:2433 SAWarning: TypeDecorator UtcDateTime(timezone=True) will not produce a cache key because the ``cache_ok`` flag is not set to True.  Set this flag to True if this type object's state is safe to use in a cache key, or False to disable this warning.
[2021-11-29 16:16:21,909] {logging_mixin.py:109} INFO - [2021-11-29 16:16:21,909] {dag.py:2928} INFO - Setting next_dagrun for example_bash_operator to 2021-11-28 00:00:00+00:00
[2021-11-29 16:16:22,373] {processor.py:171} INFO - Processing /usr/local/lib/python3.8/dist-packages/airflow/example_dags/example_bash_operator.py took 0.661 seconds
[2021-11-29 16:17:17,115] {processor.py:163} INFO - Started process (PID=5291) to work on /usr/local/lib/python3.8/dist-packages/airflow/example_dags/example_bash_operator.py
[2021-11-29 16:17:17,131] {processor.py:625} INFO - Processing file /usr/local/lib/python3.8/dist-packages/airflow/example_dags/example_bash_operator.py for tasks to queue
[2021-11-29 16:17:17,132] {logging_mixin.py:109} INFO - [2021-11-29 16:17:17,132] {dagbag.py:500} INFO - Filling up the DagBag from /usr/local/lib/python3.8/dist-packages/airflow/example_dags/example_bash_operator.py
[2021-11-29 16:17:17,210] {processor.py:637} INFO - DAG(s) dict_keys(['example_bash_operator']) retrieved from /usr/local/lib/python3.8/dist-packages/airflow/example_dags/example_bash_operator.py
[2021-11-29 16:17:17,217] {logging_mixin.py:109} WARNING - /usr/local/lib/python3.8/dist-packages/airflow/models/serialized_dag.py:120 SAWarning: TypeDecorator UtcDateTime(timezone=True) will not produce a cache key because the ``cache_ok`` flag is not set to True.  Set this flag to True if this type object's state is safe to use in a cache key, or False to disable this warning.
[2021-11-29 16:17:17,233] {logging_mixin.py:109} INFO - [2021-11-29 16:17:17,233] {dag.py:2396} INFO - Sync 1 DAGs
[2021-11-29 16:17:17,255] {logging_mixin.py:109} WARNING - /usr/local/lib/python3.8/dist-packages/airflow/models/dag.py:2433 SAWarning: TypeDecorator UtcDateTime(timezone=True) will not produce a cache key because the ``cache_ok`` flag is not set to True.  Set this flag to True if this type object's state is safe to use in a cache key, or False to disable this warning.
[2021-11-29 16:17:17,271] {logging_mixin.py:109} INFO - [2021-11-29 16:17:17,271] {dag.py:2928} INFO - Setting next_dagrun for example_bash_operator to 2021-11-28 00:00:00+00:00
[2021-11-29 16:17:17,421] {processor.py:171} INFO - Processing /usr/local/lib/python3.8/dist-packages/airflow/example_dags/example_bash_operator.py took 0.311 seconds
[2021-11-29 16:18:12,676] {processor.py:163} INFO - Started process (PID=5466) to work on /usr/local/lib/python3.8/dist-packages/airflow/example_dags/example_bash_operator.py
[2021-11-29 16:18:12,715] {processor.py:625} INFO - Processing file /usr/local/lib/python3.8/dist-packages/airflow/example_dags/example_bash_operator.py for tasks to queue
[2021-11-29 16:18:12,716] {logging_mixin.py:109} INFO - [2021-11-29 16:18:12,716] {dagbag.py:500} INFO - Filling up the DagBag from /usr/local/lib/python3.8/dist-packages/airflow/example_dags/example_bash_operator.py
[2021-11-29 16:18:12,800] {processor.py:637} INFO - DAG(s) dict_keys(['example_bash_operator']) retrieved from /usr/local/lib/python3.8/dist-packages/airflow/example_dags/example_bash_operator.py
[2021-11-29 16:18:12,818] {logging_mixin.py:109} WARNING - /usr/local/lib/python3.8/dist-packages/airflow/models/serialized_dag.py:120 SAWarning: TypeDecorator UtcDateTime(timezone=True) will not produce a cache key because the ``cache_ok`` flag is not set to True.  Set this flag to True if this type object's state is safe to use in a cache key, or False to disable this warning.
[2021-11-29 16:18:12,843] {logging_mixin.py:109} INFO - [2021-11-29 16:18:12,843] {dag.py:2396} INFO - Sync 1 DAGs
[2021-11-29 16:18:12,860] {logging_mixin.py:109} WARNING - /usr/local/lib/python3.8/dist-packages/airflow/models/dag.py:2433 SAWarning: TypeDecorator UtcDateTime(timezone=True) will not produce a cache key because the ``cache_ok`` flag is not set to True.  Set this flag to True if this type object's state is safe to use in a cache key, or False to disable this warning.
[2021-11-29 16:18:12,879] {logging_mixin.py:109} INFO - [2021-11-29 16:18:12,878] {dag.py:2928} INFO - Setting next_dagrun for example_bash_operator to 2021-11-28 00:00:00+00:00
[2021-11-29 16:18:13,138] {processor.py:171} INFO - Processing /usr/local/lib/python3.8/dist-packages/airflow/example_dags/example_bash_operator.py took 0.478 seconds
[2021-11-29 16:19:10,234] {processor.py:163} INFO - Started process (PID=5629) to work on /usr/local/lib/python3.8/dist-packages/airflow/example_dags/example_bash_operator.py
[2021-11-29 16:19:10,252] {processor.py:625} INFO - Processing file /usr/local/lib/python3.8/dist-packages/airflow/example_dags/example_bash_operator.py for tasks to queue
[2021-11-29 16:19:10,254] {logging_mixin.py:109} INFO - [2021-11-29 16:19:10,253] {dagbag.py:500} INFO - Filling up the DagBag from /usr/local/lib/python3.8/dist-packages/airflow/example_dags/example_bash_operator.py
[2021-11-29 16:19:10,309] {processor.py:637} INFO - DAG(s) dict_keys(['example_bash_operator']) retrieved from /usr/local/lib/python3.8/dist-packages/airflow/example_dags/example_bash_operator.py
[2021-11-29 16:19:10,322] {logging_mixin.py:109} WARNING - /usr/local/lib/python3.8/dist-packages/airflow/models/serialized_dag.py:120 SAWarning: TypeDecorator UtcDateTime(timezone=True) will not produce a cache key because the ``cache_ok`` flag is not set to True.  Set this flag to True if this type object's state is safe to use in a cache key, or False to disable this warning.
[2021-11-29 16:19:10,337] {logging_mixin.py:109} INFO - [2021-11-29 16:19:10,336] {dag.py:2396} INFO - Sync 1 DAGs
[2021-11-29 16:19:10,358] {logging_mixin.py:109} WARNING - /usr/local/lib/python3.8/dist-packages/airflow/models/dag.py:2433 SAWarning: TypeDecorator UtcDateTime(timezone=True) will not produce a cache key because the ``cache_ok`` flag is not set to True.  Set this flag to True if this type object's state is safe to use in a cache key, or False to disable this warning.
[2021-11-29 16:19:10,372] {logging_mixin.py:109} INFO - [2021-11-29 16:19:10,372] {dag.py:2928} INFO - Setting next_dagrun for example_bash_operator to 2021-11-28 00:00:00+00:00
[2021-11-29 16:19:10,643] {processor.py:171} INFO - Processing /usr/local/lib/python3.8/dist-packages/airflow/example_dags/example_bash_operator.py took 0.413 seconds
[2021-11-29 16:20:07,678] {processor.py:163} INFO - Started process (PID=5805) to work on /usr/local/lib/python3.8/dist-packages/airflow/example_dags/example_bash_operator.py
[2021-11-29 16:20:07,690] {processor.py:625} INFO - Processing file /usr/local/lib/python3.8/dist-packages/airflow/example_dags/example_bash_operator.py for tasks to queue
[2021-11-29 16:20:07,692] {logging_mixin.py:109} INFO - [2021-11-29 16:20:07,691] {dagbag.py:500} INFO - Filling up the DagBag from /usr/local/lib/python3.8/dist-packages/airflow/example_dags/example_bash_operator.py
[2021-11-29 16:20:07,762] {processor.py:637} INFO - DAG(s) dict_keys(['example_bash_operator']) retrieved from /usr/local/lib/python3.8/dist-packages/airflow/example_dags/example_bash_operator.py
[2021-11-29 16:20:07,778] {logging_mixin.py:109} WARNING - /usr/local/lib/python3.8/dist-packages/airflow/models/serialized_dag.py:120 SAWarning: TypeDecorator UtcDateTime(timezone=True) will not produce a cache key because the ``cache_ok`` flag is not set to True.  Set this flag to True if this type object's state is safe to use in a cache key, or False to disable this warning.
[2021-11-29 16:20:07,801] {logging_mixin.py:109} INFO - [2021-11-29 16:20:07,801] {dag.py:2396} INFO - Sync 1 DAGs
[2021-11-29 16:20:07,829] {logging_mixin.py:109} WARNING - /usr/local/lib/python3.8/dist-packages/airflow/models/dag.py:2433 SAWarning: TypeDecorator UtcDateTime(timezone=True) will not produce a cache key because the ``cache_ok`` flag is not set to True.  Set this flag to True if this type object's state is safe to use in a cache key, or False to disable this warning.
[2021-11-29 16:20:07,844] {logging_mixin.py:109} INFO - [2021-11-29 16:20:07,843] {dag.py:2928} INFO - Setting next_dagrun for example_bash_operator to 2021-11-28 00:00:00+00:00
[2021-11-29 16:20:08,020] {processor.py:171} INFO - Processing /usr/local/lib/python3.8/dist-packages/airflow/example_dags/example_bash_operator.py took 0.356 seconds
[2021-11-29 16:20:59,014] {processor.py:163} INFO - Started process (PID=5971) to work on /usr/local/lib/python3.8/dist-packages/airflow/example_dags/example_bash_operator.py
[2021-11-29 16:20:59,053] {processor.py:625} INFO - Processing file /usr/local/lib/python3.8/dist-packages/airflow/example_dags/example_bash_operator.py for tasks to queue
[2021-11-29 16:20:59,054] {logging_mixin.py:109} INFO - [2021-11-29 16:20:59,054] {dagbag.py:500} INFO - Filling up the DagBag from /usr/local/lib/python3.8/dist-packages/airflow/example_dags/example_bash_operator.py
[2021-11-29 16:20:59,138] {processor.py:637} INFO - DAG(s) dict_keys(['example_bash_operator']) retrieved from /usr/local/lib/python3.8/dist-packages/airflow/example_dags/example_bash_operator.py
[2021-11-29 16:20:59,156] {logging_mixin.py:109} WARNING - /usr/local/lib/python3.8/dist-packages/airflow/models/serialized_dag.py:120 SAWarning: TypeDecorator UtcDateTime(timezone=True) will not produce a cache key because the ``cache_ok`` flag is not set to True.  Set this flag to True if this type object's state is safe to use in a cache key, or False to disable this warning.
[2021-11-29 16:20:59,197] {logging_mixin.py:109} INFO - [2021-11-29 16:20:59,196] {dag.py:2396} INFO - Sync 1 DAGs
[2021-11-29 16:20:59,236] {logging_mixin.py:109} WARNING - /usr/local/lib/python3.8/dist-packages/airflow/models/dag.py:2433 SAWarning: TypeDecorator UtcDateTime(timezone=True) will not produce a cache key because the ``cache_ok`` flag is not set to True.  Set this flag to True if this type object's state is safe to use in a cache key, or False to disable this warning.
[2021-11-29 16:20:59,286] {logging_mixin.py:109} INFO - [2021-11-29 16:20:59,286] {dag.py:2928} INFO - Setting next_dagrun for example_bash_operator to 2021-11-28 00:00:00+00:00
[2021-11-29 16:20:59,470] {processor.py:171} INFO - Processing /usr/local/lib/python3.8/dist-packages/airflow/example_dags/example_bash_operator.py took 0.459 seconds
[2021-11-29 16:21:52,808] {processor.py:163} INFO - Started process (PID=6140) to work on /usr/local/lib/python3.8/dist-packages/airflow/example_dags/example_bash_operator.py
[2021-11-29 16:21:52,845] {processor.py:625} INFO - Processing file /usr/local/lib/python3.8/dist-packages/airflow/example_dags/example_bash_operator.py for tasks to queue
[2021-11-29 16:21:52,845] {logging_mixin.py:109} INFO - [2021-11-29 16:21:52,845] {dagbag.py:500} INFO - Filling up the DagBag from /usr/local/lib/python3.8/dist-packages/airflow/example_dags/example_bash_operator.py
[2021-11-29 16:21:52,926] {processor.py:637} INFO - DAG(s) dict_keys(['example_bash_operator']) retrieved from /usr/local/lib/python3.8/dist-packages/airflow/example_dags/example_bash_operator.py
[2021-11-29 16:21:52,932] {logging_mixin.py:109} WARNING - /usr/local/lib/python3.8/dist-packages/airflow/models/serialized_dag.py:120 SAWarning: TypeDecorator UtcDateTime(timezone=True) will not produce a cache key because the ``cache_ok`` flag is not set to True.  Set this flag to True if this type object's state is safe to use in a cache key, or False to disable this warning.
[2021-11-29 16:21:52,975] {logging_mixin.py:109} INFO - [2021-11-29 16:21:52,974] {dag.py:2396} INFO - Sync 1 DAGs
[2021-11-29 16:21:53,011] {logging_mixin.py:109} WARNING - /usr/local/lib/python3.8/dist-packages/airflow/models/dag.py:2433 SAWarning: TypeDecorator UtcDateTime(timezone=True) will not produce a cache key because the ``cache_ok`` flag is not set to True.  Set this flag to True if this type object's state is safe to use in a cache key, or False to disable this warning.
[2021-11-29 16:21:53,047] {logging_mixin.py:109} INFO - [2021-11-29 16:21:53,047] {dag.py:2928} INFO - Setting next_dagrun for example_bash_operator to 2021-11-28 00:00:00+00:00
[2021-11-29 16:21:53,258] {processor.py:171} INFO - Processing /usr/local/lib/python3.8/dist-packages/airflow/example_dags/example_bash_operator.py took 0.467 seconds
[2021-11-29 16:22:53,137] {processor.py:163} INFO - Started process (PID=6326) to work on /usr/local/lib/python3.8/dist-packages/airflow/example_dags/example_bash_operator.py
[2021-11-29 16:22:53,185] {processor.py:625} INFO - Processing file /usr/local/lib/python3.8/dist-packages/airflow/example_dags/example_bash_operator.py for tasks to queue
[2021-11-29 16:22:53,186] {logging_mixin.py:109} INFO - [2021-11-29 16:22:53,186] {dagbag.py:500} INFO - Filling up the DagBag from /usr/local/lib/python3.8/dist-packages/airflow/example_dags/example_bash_operator.py
[2021-11-29 16:22:53,239] {processor.py:637} INFO - DAG(s) dict_keys(['example_bash_operator']) retrieved from /usr/local/lib/python3.8/dist-packages/airflow/example_dags/example_bash_operator.py
[2021-11-29 16:22:53,257] {logging_mixin.py:109} WARNING - /usr/local/lib/python3.8/dist-packages/airflow/models/serialized_dag.py:120 SAWarning: TypeDecorator UtcDateTime(timezone=True) will not produce a cache key because the ``cache_ok`` flag is not set to True.  Set this flag to True if this type object's state is safe to use in a cache key, or False to disable this warning.
[2021-11-29 16:22:53,283] {logging_mixin.py:109} INFO - [2021-11-29 16:22:53,282] {dag.py:2396} INFO - Sync 1 DAGs
[2021-11-29 16:22:53,320] {logging_mixin.py:109} WARNING - /usr/local/lib/python3.8/dist-packages/airflow/models/dag.py:2433 SAWarning: TypeDecorator UtcDateTime(timezone=True) will not produce a cache key because the ``cache_ok`` flag is not set to True.  Set this flag to True if this type object's state is safe to use in a cache key, or False to disable this warning.
[2021-11-29 16:22:53,364] {logging_mixin.py:109} INFO - [2021-11-29 16:22:53,364] {dag.py:2928} INFO - Setting next_dagrun for example_bash_operator to 2021-11-28 00:00:00+00:00
[2021-11-29 16:22:53,628] {processor.py:171} INFO - Processing /usr/local/lib/python3.8/dist-packages/airflow/example_dags/example_bash_operator.py took 0.508 seconds
[2021-11-29 16:23:46,756] {processor.py:163} INFO - Started process (PID=6496) to work on /usr/local/lib/python3.8/dist-packages/airflow/example_dags/example_bash_operator.py
[2021-11-29 16:23:46,797] {processor.py:625} INFO - Processing file /usr/local/lib/python3.8/dist-packages/airflow/example_dags/example_bash_operator.py for tasks to queue
[2021-11-29 16:23:46,799] {logging_mixin.py:109} INFO - [2021-11-29 16:23:46,798] {dagbag.py:500} INFO - Filling up the DagBag from /usr/local/lib/python3.8/dist-packages/airflow/example_dags/example_bash_operator.py
[2021-11-29 16:23:46,866] {processor.py:637} INFO - DAG(s) dict_keys(['example_bash_operator']) retrieved from /usr/local/lib/python3.8/dist-packages/airflow/example_dags/example_bash_operator.py
[2021-11-29 16:23:46,876] {logging_mixin.py:109} WARNING - /usr/local/lib/python3.8/dist-packages/airflow/models/serialized_dag.py:120 SAWarning: TypeDecorator UtcDateTime(timezone=True) will not produce a cache key because the ``cache_ok`` flag is not set to True.  Set this flag to True if this type object's state is safe to use in a cache key, or False to disable this warning.
[2021-11-29 16:23:46,890] {logging_mixin.py:109} INFO - [2021-11-29 16:23:46,890] {dag.py:2396} INFO - Sync 1 DAGs
[2021-11-29 16:23:46,909] {logging_mixin.py:109} WARNING - /usr/local/lib/python3.8/dist-packages/airflow/models/dag.py:2433 SAWarning: TypeDecorator UtcDateTime(timezone=True) will not produce a cache key because the ``cache_ok`` flag is not set to True.  Set this flag to True if this type object's state is safe to use in a cache key, or False to disable this warning.
[2021-11-29 16:23:46,924] {logging_mixin.py:109} INFO - [2021-11-29 16:23:46,924] {dag.py:2928} INFO - Setting next_dagrun for example_bash_operator to 2021-11-28 00:00:00+00:00
[2021-11-29 16:23:47,093] {processor.py:171} INFO - Processing /usr/local/lib/python3.8/dist-packages/airflow/example_dags/example_bash_operator.py took 0.351 seconds
[2021-11-29 16:24:48,056] {processor.py:163} INFO - Started process (PID=6657) to work on /usr/local/lib/python3.8/dist-packages/airflow/example_dags/example_bash_operator.py
[2021-11-29 16:24:48,065] {processor.py:625} INFO - Processing file /usr/local/lib/python3.8/dist-packages/airflow/example_dags/example_bash_operator.py for tasks to queue
[2021-11-29 16:24:48,066] {logging_mixin.py:109} INFO - [2021-11-29 16:24:48,066] {dagbag.py:500} INFO - Filling up the DagBag from /usr/local/lib/python3.8/dist-packages/airflow/example_dags/example_bash_operator.py
[2021-11-29 16:24:48,141] {processor.py:637} INFO - DAG(s) dict_keys(['example_bash_operator']) retrieved from /usr/local/lib/python3.8/dist-packages/airflow/example_dags/example_bash_operator.py
[2021-11-29 16:24:48,169] {logging_mixin.py:109} WARNING - /usr/local/lib/python3.8/dist-packages/airflow/models/serialized_dag.py:120 SAWarning: TypeDecorator UtcDateTime(timezone=True) will not produce a cache key because the ``cache_ok`` flag is not set to True.  Set this flag to True if this type object's state is safe to use in a cache key, or False to disable this warning.
[2021-11-29 16:24:48,200] {logging_mixin.py:109} INFO - [2021-11-29 16:24:48,200] {dag.py:2396} INFO - Sync 1 DAGs
[2021-11-29 16:24:48,265] {logging_mixin.py:109} WARNING - /usr/local/lib/python3.8/dist-packages/airflow/models/dag.py:2433 SAWarning: TypeDecorator UtcDateTime(timezone=True) will not produce a cache key because the ``cache_ok`` flag is not set to True.  Set this flag to True if this type object's state is safe to use in a cache key, or False to disable this warning.
[2021-11-29 16:24:48,291] {logging_mixin.py:109} INFO - [2021-11-29 16:24:48,290] {dag.py:2928} INFO - Setting next_dagrun for example_bash_operator to 2021-11-28 00:00:00+00:00
[2021-11-29 16:24:48,596] {processor.py:171} INFO - Processing /usr/local/lib/python3.8/dist-packages/airflow/example_dags/example_bash_operator.py took 0.556 seconds
[2021-11-29 16:25:45,595] {processor.py:163} INFO - Started process (PID=6832) to work on /usr/local/lib/python3.8/dist-packages/airflow/example_dags/example_bash_operator.py
[2021-11-29 16:25:45,614] {processor.py:625} INFO - Processing file /usr/local/lib/python3.8/dist-packages/airflow/example_dags/example_bash_operator.py for tasks to queue
[2021-11-29 16:25:45,615] {logging_mixin.py:109} INFO - [2021-11-29 16:25:45,614] {dagbag.py:500} INFO - Filling up the DagBag from /usr/local/lib/python3.8/dist-packages/airflow/example_dags/example_bash_operator.py
[2021-11-29 16:25:45,705] {processor.py:637} INFO - DAG(s) dict_keys(['example_bash_operator']) retrieved from /usr/local/lib/python3.8/dist-packages/airflow/example_dags/example_bash_operator.py
[2021-11-29 16:25:45,712] {logging_mixin.py:109} WARNING - /usr/local/lib/python3.8/dist-packages/airflow/models/serialized_dag.py:120 SAWarning: TypeDecorator UtcDateTime(timezone=True) will not produce a cache key because the ``cache_ok`` flag is not set to True.  Set this flag to True if this type object's state is safe to use in a cache key, or False to disable this warning.
[2021-11-29 16:25:45,737] {logging_mixin.py:109} INFO - [2021-11-29 16:25:45,736] {dag.py:2396} INFO - Sync 1 DAGs
[2021-11-29 16:25:45,768] {logging_mixin.py:109} WARNING - /usr/local/lib/python3.8/dist-packages/airflow/models/dag.py:2433 SAWarning: TypeDecorator UtcDateTime(timezone=True) will not produce a cache key because the ``cache_ok`` flag is not set to True.  Set this flag to True if this type object's state is safe to use in a cache key, or False to disable this warning.
[2021-11-29 16:25:45,784] {logging_mixin.py:109} INFO - [2021-11-29 16:25:45,784] {dag.py:2928} INFO - Setting next_dagrun for example_bash_operator to 2021-11-28 00:00:00+00:00
[2021-11-29 16:25:45,950] {processor.py:171} INFO - Processing /usr/local/lib/python3.8/dist-packages/airflow/example_dags/example_bash_operator.py took 0.369 seconds
[2021-11-29 16:26:39,255] {processor.py:163} INFO - Started process (PID=6997) to work on /usr/local/lib/python3.8/dist-packages/airflow/example_dags/example_bash_operator.py
[2021-11-29 16:26:39,274] {processor.py:625} INFO - Processing file /usr/local/lib/python3.8/dist-packages/airflow/example_dags/example_bash_operator.py for tasks to queue
[2021-11-29 16:26:39,275] {logging_mixin.py:109} INFO - [2021-11-29 16:26:39,275] {dagbag.py:500} INFO - Filling up the DagBag from /usr/local/lib/python3.8/dist-packages/airflow/example_dags/example_bash_operator.py
[2021-11-29 16:26:39,396] {processor.py:637} INFO - DAG(s) dict_keys(['example_bash_operator']) retrieved from /usr/local/lib/python3.8/dist-packages/airflow/example_dags/example_bash_operator.py
[2021-11-29 16:26:39,406] {logging_mixin.py:109} WARNING - /usr/local/lib/python3.8/dist-packages/airflow/models/serialized_dag.py:120 SAWarning: TypeDecorator UtcDateTime(timezone=True) will not produce a cache key because the ``cache_ok`` flag is not set to True.  Set this flag to True if this type object's state is safe to use in a cache key, or False to disable this warning.
[2021-11-29 16:26:39,428] {logging_mixin.py:109} INFO - [2021-11-29 16:26:39,428] {dag.py:2396} INFO - Sync 1 DAGs
[2021-11-29 16:26:39,476] {logging_mixin.py:109} WARNING - /usr/local/lib/python3.8/dist-packages/airflow/models/dag.py:2433 SAWarning: TypeDecorator UtcDateTime(timezone=True) will not produce a cache key because the ``cache_ok`` flag is not set to True.  Set this flag to True if this type object's state is safe to use in a cache key, or False to disable this warning.
[2021-11-29 16:26:39,501] {logging_mixin.py:109} INFO - [2021-11-29 16:26:39,500] {dag.py:2928} INFO - Setting next_dagrun for example_bash_operator to 2021-11-28 00:00:00+00:00
[2021-11-29 16:26:39,743] {processor.py:171} INFO - Processing /usr/local/lib/python3.8/dist-packages/airflow/example_dags/example_bash_operator.py took 0.504 seconds
[2021-11-29 16:27:32,720] {processor.py:163} INFO - Started process (PID=7157) to work on /usr/local/lib/python3.8/dist-packages/airflow/example_dags/example_bash_operator.py
[2021-11-29 16:27:32,766] {processor.py:625} INFO - Processing file /usr/local/lib/python3.8/dist-packages/airflow/example_dags/example_bash_operator.py for tasks to queue
[2021-11-29 16:27:32,767] {logging_mixin.py:109} INFO - [2021-11-29 16:27:32,767] {dagbag.py:500} INFO - Filling up the DagBag from /usr/local/lib/python3.8/dist-packages/airflow/example_dags/example_bash_operator.py
[2021-11-29 16:27:32,867] {processor.py:637} INFO - DAG(s) dict_keys(['example_bash_operator']) retrieved from /usr/local/lib/python3.8/dist-packages/airflow/example_dags/example_bash_operator.py
[2021-11-29 16:27:32,876] {logging_mixin.py:109} WARNING - /usr/local/lib/python3.8/dist-packages/airflow/models/serialized_dag.py:120 SAWarning: TypeDecorator UtcDateTime(timezone=True) will not produce a cache key because the ``cache_ok`` flag is not set to True.  Set this flag to True if this type object's state is safe to use in a cache key, or False to disable this warning.
[2021-11-29 16:27:32,900] {logging_mixin.py:109} INFO - [2021-11-29 16:27:32,900] {dag.py:2396} INFO - Sync 1 DAGs
[2021-11-29 16:27:32,925] {logging_mixin.py:109} WARNING - /usr/local/lib/python3.8/dist-packages/airflow/models/dag.py:2433 SAWarning: TypeDecorator UtcDateTime(timezone=True) will not produce a cache key because the ``cache_ok`` flag is not set to True.  Set this flag to True if this type object's state is safe to use in a cache key, or False to disable this warning.
[2021-11-29 16:27:32,952] {logging_mixin.py:109} INFO - [2021-11-29 16:27:32,952] {dag.py:2928} INFO - Setting next_dagrun for example_bash_operator to 2021-11-28 00:00:00+00:00
[2021-11-29 16:27:33,185] {processor.py:171} INFO - Processing /usr/local/lib/python3.8/dist-packages/airflow/example_dags/example_bash_operator.py took 0.469 seconds
[2021-11-29 16:28:30,669] {processor.py:163} INFO - Started process (PID=7318) to work on /usr/local/lib/python3.8/dist-packages/airflow/example_dags/example_bash_operator.py
[2021-11-29 16:28:30,726] {processor.py:625} INFO - Processing file /usr/local/lib/python3.8/dist-packages/airflow/example_dags/example_bash_operator.py for tasks to queue
[2021-11-29 16:28:30,727] {logging_mixin.py:109} INFO - [2021-11-29 16:28:30,727] {dagbag.py:500} INFO - Filling up the DagBag from /usr/local/lib/python3.8/dist-packages/airflow/example_dags/example_bash_operator.py
[2021-11-29 16:28:30,835] {processor.py:637} INFO - DAG(s) dict_keys(['example_bash_operator']) retrieved from /usr/local/lib/python3.8/dist-packages/airflow/example_dags/example_bash_operator.py
[2021-11-29 16:28:30,868] {logging_mixin.py:109} WARNING - /usr/local/lib/python3.8/dist-packages/airflow/models/serialized_dag.py:120 SAWarning: TypeDecorator UtcDateTime(timezone=True) will not produce a cache key because the ``cache_ok`` flag is not set to True.  Set this flag to True if this type object's state is safe to use in a cache key, or False to disable this warning.
[2021-11-29 16:28:30,916] {logging_mixin.py:109} INFO - [2021-11-29 16:28:30,915] {dag.py:2396} INFO - Sync 1 DAGs
[2021-11-29 16:28:30,937] {logging_mixin.py:109} WARNING - /usr/local/lib/python3.8/dist-packages/airflow/models/dag.py:2433 SAWarning: TypeDecorator UtcDateTime(timezone=True) will not produce a cache key because the ``cache_ok`` flag is not set to True.  Set this flag to True if this type object's state is safe to use in a cache key, or False to disable this warning.
[2021-11-29 16:28:30,957] {logging_mixin.py:109} INFO - [2021-11-29 16:28:30,957] {dag.py:2928} INFO - Setting next_dagrun for example_bash_operator to 2021-11-28 00:00:00+00:00
[2021-11-29 16:28:31,157] {processor.py:171} INFO - Processing /usr/local/lib/python3.8/dist-packages/airflow/example_dags/example_bash_operator.py took 0.503 seconds
[2021-11-29 16:29:29,174] {processor.py:163} INFO - Started process (PID=7483) to work on /usr/local/lib/python3.8/dist-packages/airflow/example_dags/example_bash_operator.py
[2021-11-29 16:29:29,234] {processor.py:625} INFO - Processing file /usr/local/lib/python3.8/dist-packages/airflow/example_dags/example_bash_operator.py for tasks to queue
[2021-11-29 16:29:29,235] {logging_mixin.py:109} INFO - [2021-11-29 16:29:29,235] {dagbag.py:500} INFO - Filling up the DagBag from /usr/local/lib/python3.8/dist-packages/airflow/example_dags/example_bash_operator.py
[2021-11-29 16:29:29,349] {processor.py:637} INFO - DAG(s) dict_keys(['example_bash_operator']) retrieved from /usr/local/lib/python3.8/dist-packages/airflow/example_dags/example_bash_operator.py
[2021-11-29 16:29:29,355] {logging_mixin.py:109} WARNING - /usr/local/lib/python3.8/dist-packages/airflow/models/serialized_dag.py:120 SAWarning: TypeDecorator UtcDateTime(timezone=True) will not produce a cache key because the ``cache_ok`` flag is not set to True.  Set this flag to True if this type object's state is safe to use in a cache key, or False to disable this warning.
[2021-11-29 16:29:29,395] {logging_mixin.py:109} INFO - [2021-11-29 16:29:29,385] {dag.py:2396} INFO - Sync 1 DAGs
[2021-11-29 16:29:29,422] {logging_mixin.py:109} WARNING - /usr/local/lib/python3.8/dist-packages/airflow/models/dag.py:2433 SAWarning: TypeDecorator UtcDateTime(timezone=True) will not produce a cache key because the ``cache_ok`` flag is not set to True.  Set this flag to True if this type object's state is safe to use in a cache key, or False to disable this warning.
[2021-11-29 16:29:29,453] {logging_mixin.py:109} INFO - [2021-11-29 16:29:29,453] {dag.py:2928} INFO - Setting next_dagrun for example_bash_operator to 2021-11-28 00:00:00+00:00
[2021-11-29 16:29:29,649] {processor.py:171} INFO - Processing /usr/local/lib/python3.8/dist-packages/airflow/example_dags/example_bash_operator.py took 0.479 seconds
[2021-11-29 16:30:24,997] {processor.py:163} INFO - Started process (PID=7645) to work on /usr/local/lib/python3.8/dist-packages/airflow/example_dags/example_bash_operator.py
[2021-11-29 16:30:25,003] {processor.py:625} INFO - Processing file /usr/local/lib/python3.8/dist-packages/airflow/example_dags/example_bash_operator.py for tasks to queue
[2021-11-29 16:30:25,004] {logging_mixin.py:109} INFO - [2021-11-29 16:30:25,004] {dagbag.py:500} INFO - Filling up the DagBag from /usr/local/lib/python3.8/dist-packages/airflow/example_dags/example_bash_operator.py
[2021-11-29 16:30:25,093] {processor.py:637} INFO - DAG(s) dict_keys(['example_bash_operator']) retrieved from /usr/local/lib/python3.8/dist-packages/airflow/example_dags/example_bash_operator.py
[2021-11-29 16:30:25,103] {logging_mixin.py:109} WARNING - /usr/local/lib/python3.8/dist-packages/airflow/models/serialized_dag.py:120 SAWarning: TypeDecorator UtcDateTime(timezone=True) will not produce a cache key because the ``cache_ok`` flag is not set to True.  Set this flag to True if this type object's state is safe to use in a cache key, or False to disable this warning.
[2021-11-29 16:30:25,121] {logging_mixin.py:109} INFO - [2021-11-29 16:30:25,121] {dag.py:2396} INFO - Sync 1 DAGs
[2021-11-29 16:30:25,140] {logging_mixin.py:109} WARNING - /usr/local/lib/python3.8/dist-packages/airflow/models/dag.py:2433 SAWarning: TypeDecorator UtcDateTime(timezone=True) will not produce a cache key because the ``cache_ok`` flag is not set to True.  Set this flag to True if this type object's state is safe to use in a cache key, or False to disable this warning.
[2021-11-29 16:30:25,158] {logging_mixin.py:109} INFO - [2021-11-29 16:30:25,158] {dag.py:2928} INFO - Setting next_dagrun for example_bash_operator to 2021-11-28 00:00:00+00:00
[2021-11-29 16:30:25,394] {processor.py:171} INFO - Processing /usr/local/lib/python3.8/dist-packages/airflow/example_dags/example_bash_operator.py took 0.414 seconds
[2021-11-29 16:31:21,579] {processor.py:163} INFO - Started process (PID=7809) to work on /usr/local/lib/python3.8/dist-packages/airflow/example_dags/example_bash_operator.py
[2021-11-29 16:31:21,659] {processor.py:625} INFO - Processing file /usr/local/lib/python3.8/dist-packages/airflow/example_dags/example_bash_operator.py for tasks to queue
[2021-11-29 16:31:21,661] {logging_mixin.py:109} INFO - [2021-11-29 16:31:21,661] {dagbag.py:500} INFO - Filling up the DagBag from /usr/local/lib/python3.8/dist-packages/airflow/example_dags/example_bash_operator.py
[2021-11-29 16:31:21,776] {processor.py:637} INFO - DAG(s) dict_keys(['example_bash_operator']) retrieved from /usr/local/lib/python3.8/dist-packages/airflow/example_dags/example_bash_operator.py
[2021-11-29 16:31:21,782] {logging_mixin.py:109} WARNING - /usr/local/lib/python3.8/dist-packages/airflow/models/serialized_dag.py:120 SAWarning: TypeDecorator UtcDateTime(timezone=True) will not produce a cache key because the ``cache_ok`` flag is not set to True.  Set this flag to True if this type object's state is safe to use in a cache key, or False to disable this warning.
[2021-11-29 16:31:21,811] {logging_mixin.py:109} INFO - [2021-11-29 16:31:21,811] {dag.py:2396} INFO - Sync 1 DAGs
[2021-11-29 16:31:21,866] {logging_mixin.py:109} WARNING - /usr/local/lib/python3.8/dist-packages/airflow/models/dag.py:2433 SAWarning: TypeDecorator UtcDateTime(timezone=True) will not produce a cache key because the ``cache_ok`` flag is not set to True.  Set this flag to True if this type object's state is safe to use in a cache key, or False to disable this warning.
[2021-11-29 16:31:21,915] {logging_mixin.py:109} INFO - [2021-11-29 16:31:21,915] {dag.py:2928} INFO - Setting next_dagrun for example_bash_operator to 2021-11-28 00:00:00+00:00
[2021-11-29 16:31:22,131] {processor.py:171} INFO - Processing /usr/local/lib/python3.8/dist-packages/airflow/example_dags/example_bash_operator.py took 0.568 seconds
[2021-11-29 16:32:15,190] {processor.py:163} INFO - Started process (PID=7968) to work on /usr/local/lib/python3.8/dist-packages/airflow/example_dags/example_bash_operator.py
[2021-11-29 16:32:15,227] {processor.py:625} INFO - Processing file /usr/local/lib/python3.8/dist-packages/airflow/example_dags/example_bash_operator.py for tasks to queue
[2021-11-29 16:32:15,228] {logging_mixin.py:109} INFO - [2021-11-29 16:32:15,228] {dagbag.py:500} INFO - Filling up the DagBag from /usr/local/lib/python3.8/dist-packages/airflow/example_dags/example_bash_operator.py
[2021-11-29 16:32:15,328] {processor.py:637} INFO - DAG(s) dict_keys(['example_bash_operator']) retrieved from /usr/local/lib/python3.8/dist-packages/airflow/example_dags/example_bash_operator.py
[2021-11-29 16:32:15,359] {logging_mixin.py:109} WARNING - /usr/local/lib/python3.8/dist-packages/airflow/models/serialized_dag.py:120 SAWarning: TypeDecorator UtcDateTime(timezone=True) will not produce a cache key because the ``cache_ok`` flag is not set to True.  Set this flag to True if this type object's state is safe to use in a cache key, or False to disable this warning.
[2021-11-29 16:32:15,405] {logging_mixin.py:109} INFO - [2021-11-29 16:32:15,405] {dag.py:2396} INFO - Sync 1 DAGs
[2021-11-29 16:32:15,445] {logging_mixin.py:109} WARNING - /usr/local/lib/python3.8/dist-packages/airflow/models/dag.py:2433 SAWarning: TypeDecorator UtcDateTime(timezone=True) will not produce a cache key because the ``cache_ok`` flag is not set to True.  Set this flag to True if this type object's state is safe to use in a cache key, or False to disable this warning.
[2021-11-29 16:32:15,460] {logging_mixin.py:109} INFO - [2021-11-29 16:32:15,460] {dag.py:2928} INFO - Setting next_dagrun for example_bash_operator to 2021-11-28 00:00:00+00:00
[2021-11-29 16:32:15,629] {processor.py:171} INFO - Processing /usr/local/lib/python3.8/dist-packages/airflow/example_dags/example_bash_operator.py took 0.443 seconds
[2021-11-29 16:33:12,278] {processor.py:163} INFO - Started process (PID=8135) to work on /usr/local/lib/python3.8/dist-packages/airflow/example_dags/example_bash_operator.py
[2021-11-29 16:33:12,285] {processor.py:625} INFO - Processing file /usr/local/lib/python3.8/dist-packages/airflow/example_dags/example_bash_operator.py for tasks to queue
[2021-11-29 16:33:12,286] {logging_mixin.py:109} INFO - [2021-11-29 16:33:12,285] {dagbag.py:500} INFO - Filling up the DagBag from /usr/local/lib/python3.8/dist-packages/airflow/example_dags/example_bash_operator.py
[2021-11-29 16:33:12,394] {processor.py:637} INFO - DAG(s) dict_keys(['example_bash_operator']) retrieved from /usr/local/lib/python3.8/dist-packages/airflow/example_dags/example_bash_operator.py
[2021-11-29 16:33:12,433] {logging_mixin.py:109} WARNING - /usr/local/lib/python3.8/dist-packages/airflow/models/serialized_dag.py:120 SAWarning: TypeDecorator UtcDateTime(timezone=True) will not produce a cache key because the ``cache_ok`` flag is not set to True.  Set this flag to True if this type object's state is safe to use in a cache key, or False to disable this warning.
[2021-11-29 16:33:12,463] {logging_mixin.py:109} INFO - [2021-11-29 16:33:12,463] {dag.py:2396} INFO - Sync 1 DAGs
[2021-11-29 16:33:12,497] {logging_mixin.py:109} WARNING - /usr/local/lib/python3.8/dist-packages/airflow/models/dag.py:2433 SAWarning: TypeDecorator UtcDateTime(timezone=True) will not produce a cache key because the ``cache_ok`` flag is not set to True.  Set this flag to True if this type object's state is safe to use in a cache key, or False to disable this warning.
[2021-11-29 16:33:12,519] {logging_mixin.py:109} INFO - [2021-11-29 16:33:12,518] {dag.py:2928} INFO - Setting next_dagrun for example_bash_operator to 2021-11-28 00:00:00+00:00
[2021-11-29 16:33:12,702] {processor.py:171} INFO - Processing /usr/local/lib/python3.8/dist-packages/airflow/example_dags/example_bash_operator.py took 0.440 seconds
[2021-11-29 16:34:06,078] {processor.py:163} INFO - Started process (PID=8295) to work on /usr/local/lib/python3.8/dist-packages/airflow/example_dags/example_bash_operator.py
[2021-11-29 16:34:06,117] {processor.py:625} INFO - Processing file /usr/local/lib/python3.8/dist-packages/airflow/example_dags/example_bash_operator.py for tasks to queue
[2021-11-29 16:34:06,118] {logging_mixin.py:109} INFO - [2021-11-29 16:34:06,118] {dagbag.py:500} INFO - Filling up the DagBag from /usr/local/lib/python3.8/dist-packages/airflow/example_dags/example_bash_operator.py
[2021-11-29 16:34:06,236] {processor.py:637} INFO - DAG(s) dict_keys(['example_bash_operator']) retrieved from /usr/local/lib/python3.8/dist-packages/airflow/example_dags/example_bash_operator.py
[2021-11-29 16:34:06,242] {logging_mixin.py:109} WARNING - /usr/local/lib/python3.8/dist-packages/airflow/models/serialized_dag.py:120 SAWarning: TypeDecorator UtcDateTime(timezone=True) will not produce a cache key because the ``cache_ok`` flag is not set to True.  Set this flag to True if this type object's state is safe to use in a cache key, or False to disable this warning.
[2021-11-29 16:34:06,284] {logging_mixin.py:109} INFO - [2021-11-29 16:34:06,283] {dag.py:2396} INFO - Sync 1 DAGs
[2021-11-29 16:34:06,337] {logging_mixin.py:109} WARNING - /usr/local/lib/python3.8/dist-packages/airflow/models/dag.py:2433 SAWarning: TypeDecorator UtcDateTime(timezone=True) will not produce a cache key because the ``cache_ok`` flag is not set to True.  Set this flag to True if this type object's state is safe to use in a cache key, or False to disable this warning.
[2021-11-29 16:34:06,363] {logging_mixin.py:109} INFO - [2021-11-29 16:34:06,363] {dag.py:2928} INFO - Setting next_dagrun for example_bash_operator to 2021-11-28 00:00:00+00:00
[2021-11-29 16:34:06,579] {processor.py:171} INFO - Processing /usr/local/lib/python3.8/dist-packages/airflow/example_dags/example_bash_operator.py took 0.506 seconds
[2021-11-29 16:35:02,585] {processor.py:163} INFO - Started process (PID=8465) to work on /usr/local/lib/python3.8/dist-packages/airflow/example_dags/example_bash_operator.py
[2021-11-29 16:35:02,610] {processor.py:625} INFO - Processing file /usr/local/lib/python3.8/dist-packages/airflow/example_dags/example_bash_operator.py for tasks to queue
[2021-11-29 16:35:02,614] {logging_mixin.py:109} INFO - [2021-11-29 16:35:02,614] {dagbag.py:500} INFO - Filling up the DagBag from /usr/local/lib/python3.8/dist-packages/airflow/example_dags/example_bash_operator.py
[2021-11-29 16:35:02,664] {processor.py:637} INFO - DAG(s) dict_keys(['example_bash_operator']) retrieved from /usr/local/lib/python3.8/dist-packages/airflow/example_dags/example_bash_operator.py
[2021-11-29 16:35:02,671] {logging_mixin.py:109} WARNING - /usr/local/lib/python3.8/dist-packages/airflow/models/serialized_dag.py:120 SAWarning: TypeDecorator UtcDateTime(timezone=True) will not produce a cache key because the ``cache_ok`` flag is not set to True.  Set this flag to True if this type object's state is safe to use in a cache key, or False to disable this warning.
[2021-11-29 16:35:02,683] {logging_mixin.py:109} INFO - [2021-11-29 16:35:02,683] {dag.py:2396} INFO - Sync 1 DAGs
[2021-11-29 16:35:02,702] {logging_mixin.py:109} WARNING - /usr/local/lib/python3.8/dist-packages/airflow/models/dag.py:2433 SAWarning: TypeDecorator UtcDateTime(timezone=True) will not produce a cache key because the ``cache_ok`` flag is not set to True.  Set this flag to True if this type object's state is safe to use in a cache key, or False to disable this warning.
[2021-11-29 16:35:02,718] {logging_mixin.py:109} INFO - [2021-11-29 16:35:02,717] {dag.py:2928} INFO - Setting next_dagrun for example_bash_operator to 2021-11-28 00:00:00+00:00
[2021-11-29 16:35:02,945] {processor.py:171} INFO - Processing /usr/local/lib/python3.8/dist-packages/airflow/example_dags/example_bash_operator.py took 0.365 seconds
[2021-11-29 16:35:59,866] {processor.py:163} INFO - Started process (PID=8626) to work on /usr/local/lib/python3.8/dist-packages/airflow/example_dags/example_bash_operator.py
[2021-11-29 16:35:59,889] {processor.py:625} INFO - Processing file /usr/local/lib/python3.8/dist-packages/airflow/example_dags/example_bash_operator.py for tasks to queue
[2021-11-29 16:35:59,890] {logging_mixin.py:109} INFO - [2021-11-29 16:35:59,890] {dagbag.py:500} INFO - Filling up the DagBag from /usr/local/lib/python3.8/dist-packages/airflow/example_dags/example_bash_operator.py
[2021-11-29 16:35:59,987] {processor.py:637} INFO - DAG(s) dict_keys(['example_bash_operator']) retrieved from /usr/local/lib/python3.8/dist-packages/airflow/example_dags/example_bash_operator.py
[2021-11-29 16:35:59,993] {logging_mixin.py:109} WARNING - /usr/local/lib/python3.8/dist-packages/airflow/models/serialized_dag.py:120 SAWarning: TypeDecorator UtcDateTime(timezone=True) will not produce a cache key because the ``cache_ok`` flag is not set to True.  Set this flag to True if this type object's state is safe to use in a cache key, or False to disable this warning.
[2021-11-29 16:36:00,012] {logging_mixin.py:109} INFO - [2021-11-29 16:36:00,012] {dag.py:2396} INFO - Sync 1 DAGs
[2021-11-29 16:36:00,049] {logging_mixin.py:109} WARNING - /usr/local/lib/python3.8/dist-packages/airflow/models/dag.py:2433 SAWarning: TypeDecorator UtcDateTime(timezone=True) will not produce a cache key because the ``cache_ok`` flag is not set to True.  Set this flag to True if this type object's state is safe to use in a cache key, or False to disable this warning.
[2021-11-29 16:36:00,068] {logging_mixin.py:109} INFO - [2021-11-29 16:36:00,068] {dag.py:2928} INFO - Setting next_dagrun for example_bash_operator to 2021-11-28 00:00:00+00:00
[2021-11-29 16:36:00,290] {processor.py:171} INFO - Processing /usr/local/lib/python3.8/dist-packages/airflow/example_dags/example_bash_operator.py took 0.438 seconds
[2021-11-29 16:36:55,728] {processor.py:163} INFO - Started process (PID=8783) to work on /usr/local/lib/python3.8/dist-packages/airflow/example_dags/example_bash_operator.py
[2021-11-29 16:36:55,763] {processor.py:625} INFO - Processing file /usr/local/lib/python3.8/dist-packages/airflow/example_dags/example_bash_operator.py for tasks to queue
[2021-11-29 16:36:55,764] {logging_mixin.py:109} INFO - [2021-11-29 16:36:55,764] {dagbag.py:500} INFO - Filling up the DagBag from /usr/local/lib/python3.8/dist-packages/airflow/example_dags/example_bash_operator.py
[2021-11-29 16:36:55,813] {processor.py:637} INFO - DAG(s) dict_keys(['example_bash_operator']) retrieved from /usr/local/lib/python3.8/dist-packages/airflow/example_dags/example_bash_operator.py
[2021-11-29 16:36:55,820] {logging_mixin.py:109} WARNING - /usr/local/lib/python3.8/dist-packages/airflow/models/serialized_dag.py:120 SAWarning: TypeDecorator UtcDateTime(timezone=True) will not produce a cache key because the ``cache_ok`` flag is not set to True.  Set this flag to True if this type object's state is safe to use in a cache key, or False to disable this warning.
[2021-11-29 16:36:55,833] {logging_mixin.py:109} INFO - [2021-11-29 16:36:55,833] {dag.py:2396} INFO - Sync 1 DAGs
[2021-11-29 16:36:55,855] {logging_mixin.py:109} WARNING - /usr/local/lib/python3.8/dist-packages/airflow/models/dag.py:2433 SAWarning: TypeDecorator UtcDateTime(timezone=True) will not produce a cache key because the ``cache_ok`` flag is not set to True.  Set this flag to True if this type object's state is safe to use in a cache key, or False to disable this warning.
[2021-11-29 16:36:55,875] {logging_mixin.py:109} INFO - [2021-11-29 16:36:55,875] {dag.py:2928} INFO - Setting next_dagrun for example_bash_operator to 2021-11-28 00:00:00+00:00
[2021-11-29 16:36:56,050] {processor.py:171} INFO - Processing /usr/local/lib/python3.8/dist-packages/airflow/example_dags/example_bash_operator.py took 0.326 seconds
[2021-11-29 16:37:51,167] {processor.py:163} INFO - Started process (PID=8947) to work on /usr/local/lib/python3.8/dist-packages/airflow/example_dags/example_bash_operator.py
[2021-11-29 16:37:51,209] {processor.py:625} INFO - Processing file /usr/local/lib/python3.8/dist-packages/airflow/example_dags/example_bash_operator.py for tasks to queue
[2021-11-29 16:37:51,210] {logging_mixin.py:109} INFO - [2021-11-29 16:37:51,210] {dagbag.py:500} INFO - Filling up the DagBag from /usr/local/lib/python3.8/dist-packages/airflow/example_dags/example_bash_operator.py
[2021-11-29 16:37:51,296] {processor.py:637} INFO - DAG(s) dict_keys(['example_bash_operator']) retrieved from /usr/local/lib/python3.8/dist-packages/airflow/example_dags/example_bash_operator.py
[2021-11-29 16:37:51,304] {logging_mixin.py:109} WARNING - /usr/local/lib/python3.8/dist-packages/airflow/models/serialized_dag.py:120 SAWarning: TypeDecorator UtcDateTime(timezone=True) will not produce a cache key because the ``cache_ok`` flag is not set to True.  Set this flag to True if this type object's state is safe to use in a cache key, or False to disable this warning.
[2021-11-29 16:37:51,321] {logging_mixin.py:109} INFO - [2021-11-29 16:37:51,321] {dag.py:2396} INFO - Sync 1 DAGs
[2021-11-29 16:37:51,344] {logging_mixin.py:109} WARNING - /usr/local/lib/python3.8/dist-packages/airflow/models/dag.py:2433 SAWarning: TypeDecorator UtcDateTime(timezone=True) will not produce a cache key because the ``cache_ok`` flag is not set to True.  Set this flag to True if this type object's state is safe to use in a cache key, or False to disable this warning.
[2021-11-29 16:37:51,367] {logging_mixin.py:109} INFO - [2021-11-29 16:37:51,367] {dag.py:2928} INFO - Setting next_dagrun for example_bash_operator to 2021-11-28 00:00:00+00:00
[2021-11-29 16:37:51,538] {processor.py:171} INFO - Processing /usr/local/lib/python3.8/dist-packages/airflow/example_dags/example_bash_operator.py took 0.377 seconds
[2021-11-29 16:38:47,017] {processor.py:163} INFO - Started process (PID=9111) to work on /usr/local/lib/python3.8/dist-packages/airflow/example_dags/example_bash_operator.py
[2021-11-29 16:38:47,027] {processor.py:625} INFO - Processing file /usr/local/lib/python3.8/dist-packages/airflow/example_dags/example_bash_operator.py for tasks to queue
[2021-11-29 16:38:47,028] {logging_mixin.py:109} INFO - [2021-11-29 16:38:47,028] {dagbag.py:500} INFO - Filling up the DagBag from /usr/local/lib/python3.8/dist-packages/airflow/example_dags/example_bash_operator.py
[2021-11-29 16:38:47,088] {processor.py:637} INFO - DAG(s) dict_keys(['example_bash_operator']) retrieved from /usr/local/lib/python3.8/dist-packages/airflow/example_dags/example_bash_operator.py
[2021-11-29 16:38:47,095] {logging_mixin.py:109} WARNING - /usr/local/lib/python3.8/dist-packages/airflow/models/serialized_dag.py:120 SAWarning: TypeDecorator UtcDateTime(timezone=True) will not produce a cache key because the ``cache_ok`` flag is not set to True.  Set this flag to True if this type object's state is safe to use in a cache key, or False to disable this warning.
[2021-11-29 16:38:47,110] {logging_mixin.py:109} INFO - [2021-11-29 16:38:47,110] {dag.py:2396} INFO - Sync 1 DAGs
[2021-11-29 16:38:47,129] {logging_mixin.py:109} WARNING - /usr/local/lib/python3.8/dist-packages/airflow/models/dag.py:2433 SAWarning: TypeDecorator UtcDateTime(timezone=True) will not produce a cache key because the ``cache_ok`` flag is not set to True.  Set this flag to True if this type object's state is safe to use in a cache key, or False to disable this warning.
[2021-11-29 16:38:47,145] {logging_mixin.py:109} INFO - [2021-11-29 16:38:47,145] {dag.py:2928} INFO - Setting next_dagrun for example_bash_operator to 2021-11-28 00:00:00+00:00
[2021-11-29 16:38:47,397] {processor.py:171} INFO - Processing /usr/local/lib/python3.8/dist-packages/airflow/example_dags/example_bash_operator.py took 0.384 seconds
[2021-11-29 16:39:41,259] {processor.py:163} INFO - Started process (PID=9276) to work on /usr/local/lib/python3.8/dist-packages/airflow/example_dags/example_bash_operator.py
[2021-11-29 16:39:41,269] {processor.py:625} INFO - Processing file /usr/local/lib/python3.8/dist-packages/airflow/example_dags/example_bash_operator.py for tasks to queue
[2021-11-29 16:39:41,271] {logging_mixin.py:109} INFO - [2021-11-29 16:39:41,271] {dagbag.py:500} INFO - Filling up the DagBag from /usr/local/lib/python3.8/dist-packages/airflow/example_dags/example_bash_operator.py
[2021-11-29 16:39:41,376] {processor.py:637} INFO - DAG(s) dict_keys(['example_bash_operator']) retrieved from /usr/local/lib/python3.8/dist-packages/airflow/example_dags/example_bash_operator.py
[2021-11-29 16:39:41,383] {logging_mixin.py:109} WARNING - /usr/local/lib/python3.8/dist-packages/airflow/models/serialized_dag.py:120 SAWarning: TypeDecorator UtcDateTime(timezone=True) will not produce a cache key because the ``cache_ok`` flag is not set to True.  Set this flag to True if this type object's state is safe to use in a cache key, or False to disable this warning.
[2021-11-29 16:39:41,423] {logging_mixin.py:109} INFO - [2021-11-29 16:39:41,423] {dag.py:2396} INFO - Sync 1 DAGs
[2021-11-29 16:39:41,467] {logging_mixin.py:109} WARNING - /usr/local/lib/python3.8/dist-packages/airflow/models/dag.py:2433 SAWarning: TypeDecorator UtcDateTime(timezone=True) will not produce a cache key because the ``cache_ok`` flag is not set to True.  Set this flag to True if this type object's state is safe to use in a cache key, or False to disable this warning.
[2021-11-29 16:39:41,497] {logging_mixin.py:109} INFO - [2021-11-29 16:39:41,496] {dag.py:2928} INFO - Setting next_dagrun for example_bash_operator to 2021-11-28 00:00:00+00:00
[2021-11-29 16:39:41,684] {processor.py:171} INFO - Processing /usr/local/lib/python3.8/dist-packages/airflow/example_dags/example_bash_operator.py took 0.441 seconds
[2021-11-29 16:40:36,809] {processor.py:163} INFO - Started process (PID=9441) to work on /usr/local/lib/python3.8/dist-packages/airflow/example_dags/example_bash_operator.py
[2021-11-29 16:40:36,819] {processor.py:625} INFO - Processing file /usr/local/lib/python3.8/dist-packages/airflow/example_dags/example_bash_operator.py for tasks to queue
[2021-11-29 16:40:36,821] {logging_mixin.py:109} INFO - [2021-11-29 16:40:36,821] {dagbag.py:500} INFO - Filling up the DagBag from /usr/local/lib/python3.8/dist-packages/airflow/example_dags/example_bash_operator.py
[2021-11-29 16:40:36,928] {processor.py:637} INFO - DAG(s) dict_keys(['example_bash_operator']) retrieved from /usr/local/lib/python3.8/dist-packages/airflow/example_dags/example_bash_operator.py
[2021-11-29 16:40:36,959] {logging_mixin.py:109} WARNING - /usr/local/lib/python3.8/dist-packages/airflow/models/serialized_dag.py:120 SAWarning: TypeDecorator UtcDateTime(timezone=True) will not produce a cache key because the ``cache_ok`` flag is not set to True.  Set this flag to True if this type object's state is safe to use in a cache key, or False to disable this warning.
[2021-11-29 16:40:36,996] {logging_mixin.py:109} INFO - [2021-11-29 16:40:36,996] {dag.py:2396} INFO - Sync 1 DAGs
[2021-11-29 16:40:37,045] {logging_mixin.py:109} WARNING - /usr/local/lib/python3.8/dist-packages/airflow/models/dag.py:2433 SAWarning: TypeDecorator UtcDateTime(timezone=True) will not produce a cache key because the ``cache_ok`` flag is not set to True.  Set this flag to True if this type object's state is safe to use in a cache key, or False to disable this warning.
[2021-11-29 16:40:37,091] {logging_mixin.py:109} INFO - [2021-11-29 16:40:37,091] {dag.py:2928} INFO - Setting next_dagrun for example_bash_operator to 2021-11-28 00:00:00+00:00
[2021-11-29 16:40:37,294] {processor.py:171} INFO - Processing /usr/local/lib/python3.8/dist-packages/airflow/example_dags/example_bash_operator.py took 0.490 seconds
[2021-11-29 16:41:34,202] {processor.py:163} INFO - Started process (PID=9602) to work on /usr/local/lib/python3.8/dist-packages/airflow/example_dags/example_bash_operator.py
[2021-11-29 16:41:34,220] {processor.py:625} INFO - Processing file /usr/local/lib/python3.8/dist-packages/airflow/example_dags/example_bash_operator.py for tasks to queue
[2021-11-29 16:41:34,221] {logging_mixin.py:109} INFO - [2021-11-29 16:41:34,221] {dagbag.py:500} INFO - Filling up the DagBag from /usr/local/lib/python3.8/dist-packages/airflow/example_dags/example_bash_operator.py
[2021-11-29 16:41:34,317] {processor.py:637} INFO - DAG(s) dict_keys(['example_bash_operator']) retrieved from /usr/local/lib/python3.8/dist-packages/airflow/example_dags/example_bash_operator.py
[2021-11-29 16:41:34,337] {logging_mixin.py:109} WARNING - /usr/local/lib/python3.8/dist-packages/airflow/models/serialized_dag.py:120 SAWarning: TypeDecorator UtcDateTime(timezone=True) will not produce a cache key because the ``cache_ok`` flag is not set to True.  Set this flag to True if this type object's state is safe to use in a cache key, or False to disable this warning.
[2021-11-29 16:41:34,374] {logging_mixin.py:109} INFO - [2021-11-29 16:41:34,374] {dag.py:2396} INFO - Sync 1 DAGs
[2021-11-29 16:41:34,427] {logging_mixin.py:109} WARNING - /usr/local/lib/python3.8/dist-packages/airflow/models/dag.py:2433 SAWarning: TypeDecorator UtcDateTime(timezone=True) will not produce a cache key because the ``cache_ok`` flag is not set to True.  Set this flag to True if this type object's state is safe to use in a cache key, or False to disable this warning.
[2021-11-29 16:41:34,450] {logging_mixin.py:109} INFO - [2021-11-29 16:41:34,450] {dag.py:2928} INFO - Setting next_dagrun for example_bash_operator to 2021-11-28 00:00:00+00:00
[2021-11-29 16:41:35,151] {processor.py:171} INFO - Processing /usr/local/lib/python3.8/dist-packages/airflow/example_dags/example_bash_operator.py took 0.966 seconds
[2021-11-29 16:42:35,244] {processor.py:163} INFO - Started process (PID=9783) to work on /usr/local/lib/python3.8/dist-packages/airflow/example_dags/example_bash_operator.py
[2021-11-29 16:42:35,295] {processor.py:625} INFO - Processing file /usr/local/lib/python3.8/dist-packages/airflow/example_dags/example_bash_operator.py for tasks to queue
[2021-11-29 16:42:35,296] {logging_mixin.py:109} INFO - [2021-11-29 16:42:35,296] {dagbag.py:500} INFO - Filling up the DagBag from /usr/local/lib/python3.8/dist-packages/airflow/example_dags/example_bash_operator.py
[2021-11-29 16:42:35,386] {processor.py:637} INFO - DAG(s) dict_keys(['example_bash_operator']) retrieved from /usr/local/lib/python3.8/dist-packages/airflow/example_dags/example_bash_operator.py
[2021-11-29 16:42:35,392] {logging_mixin.py:109} WARNING - /usr/local/lib/python3.8/dist-packages/airflow/models/serialized_dag.py:120 SAWarning: TypeDecorator UtcDateTime(timezone=True) will not produce a cache key because the ``cache_ok`` flag is not set to True.  Set this flag to True if this type object's state is safe to use in a cache key, or False to disable this warning.
[2021-11-29 16:42:35,424] {logging_mixin.py:109} INFO - [2021-11-29 16:42:35,423] {dag.py:2396} INFO - Sync 1 DAGs
[2021-11-29 16:42:35,449] {logging_mixin.py:109} WARNING - /usr/local/lib/python3.8/dist-packages/airflow/models/dag.py:2433 SAWarning: TypeDecorator UtcDateTime(timezone=True) will not produce a cache key because the ``cache_ok`` flag is not set to True.  Set this flag to True if this type object's state is safe to use in a cache key, or False to disable this warning.
[2021-11-29 16:42:35,474] {logging_mixin.py:109} INFO - [2021-11-29 16:42:35,474] {dag.py:2928} INFO - Setting next_dagrun for example_bash_operator to 2021-11-28 00:00:00+00:00
[2021-11-29 16:42:35,637] {processor.py:171} INFO - Processing /usr/local/lib/python3.8/dist-packages/airflow/example_dags/example_bash_operator.py took 0.397 seconds
[2021-11-29 16:43:28,248] {processor.py:163} INFO - Started process (PID=9949) to work on /usr/local/lib/python3.8/dist-packages/airflow/example_dags/example_bash_operator.py
[2021-11-29 16:43:28,278] {processor.py:625} INFO - Processing file /usr/local/lib/python3.8/dist-packages/airflow/example_dags/example_bash_operator.py for tasks to queue
[2021-11-29 16:43:28,279] {logging_mixin.py:109} INFO - [2021-11-29 16:43:28,279] {dagbag.py:500} INFO - Filling up the DagBag from /usr/local/lib/python3.8/dist-packages/airflow/example_dags/example_bash_operator.py
[2021-11-29 16:43:28,386] {processor.py:637} INFO - DAG(s) dict_keys(['example_bash_operator']) retrieved from /usr/local/lib/python3.8/dist-packages/airflow/example_dags/example_bash_operator.py
[2021-11-29 16:43:28,405] {logging_mixin.py:109} WARNING - /usr/local/lib/python3.8/dist-packages/airflow/models/serialized_dag.py:120 SAWarning: TypeDecorator UtcDateTime(timezone=True) will not produce a cache key because the ``cache_ok`` flag is not set to True.  Set this flag to True if this type object's state is safe to use in a cache key, or False to disable this warning.
[2021-11-29 16:43:28,460] {logging_mixin.py:109} INFO - [2021-11-29 16:43:28,460] {dag.py:2396} INFO - Sync 1 DAGs
[2021-11-29 16:43:28,509] {logging_mixin.py:109} WARNING - /usr/local/lib/python3.8/dist-packages/airflow/models/dag.py:2433 SAWarning: TypeDecorator UtcDateTime(timezone=True) will not produce a cache key because the ``cache_ok`` flag is not set to True.  Set this flag to True if this type object's state is safe to use in a cache key, or False to disable this warning.
[2021-11-29 16:43:28,552] {logging_mixin.py:109} INFO - [2021-11-29 16:43:28,552] {dag.py:2928} INFO - Setting next_dagrun for example_bash_operator to 2021-11-28 00:00:00+00:00
[2021-11-29 16:43:28,829] {processor.py:171} INFO - Processing /usr/local/lib/python3.8/dist-packages/airflow/example_dags/example_bash_operator.py took 0.598 seconds
[2021-11-29 16:44:24,624] {processor.py:163} INFO - Started process (PID=10111) to work on /usr/local/lib/python3.8/dist-packages/airflow/example_dags/example_bash_operator.py
[2021-11-29 16:44:24,715] {processor.py:625} INFO - Processing file /usr/local/lib/python3.8/dist-packages/airflow/example_dags/example_bash_operator.py for tasks to queue
[2021-11-29 16:44:24,716] {logging_mixin.py:109} INFO - [2021-11-29 16:44:24,716] {dagbag.py:500} INFO - Filling up the DagBag from /usr/local/lib/python3.8/dist-packages/airflow/example_dags/example_bash_operator.py
[2021-11-29 16:44:24,811] {processor.py:637} INFO - DAG(s) dict_keys(['example_bash_operator']) retrieved from /usr/local/lib/python3.8/dist-packages/airflow/example_dags/example_bash_operator.py
[2021-11-29 16:44:24,853] {logging_mixin.py:109} WARNING - /usr/local/lib/python3.8/dist-packages/airflow/models/serialized_dag.py:120 SAWarning: TypeDecorator UtcDateTime(timezone=True) will not produce a cache key because the ``cache_ok`` flag is not set to True.  Set this flag to True if this type object's state is safe to use in a cache key, or False to disable this warning.
[2021-11-29 16:44:24,898] {logging_mixin.py:109} INFO - [2021-11-29 16:44:24,897] {dag.py:2396} INFO - Sync 1 DAGs
[2021-11-29 16:44:24,937] {logging_mixin.py:109} WARNING - /usr/local/lib/python3.8/dist-packages/airflow/models/dag.py:2433 SAWarning: TypeDecorator UtcDateTime(timezone=True) will not produce a cache key because the ``cache_ok`` flag is not set to True.  Set this flag to True if this type object's state is safe to use in a cache key, or False to disable this warning.
[2021-11-29 16:44:24,972] {logging_mixin.py:109} INFO - [2021-11-29 16:44:24,972] {dag.py:2928} INFO - Setting next_dagrun for example_bash_operator to 2021-11-28 00:00:00+00:00
[2021-11-29 16:44:25,208] {processor.py:171} INFO - Processing /usr/local/lib/python3.8/dist-packages/airflow/example_dags/example_bash_operator.py took 0.591 seconds
[2021-11-29 16:45:20,316] {processor.py:163} INFO - Started process (PID=10280) to work on /usr/local/lib/python3.8/dist-packages/airflow/example_dags/example_bash_operator.py
[2021-11-29 16:45:20,339] {processor.py:625} INFO - Processing file /usr/local/lib/python3.8/dist-packages/airflow/example_dags/example_bash_operator.py for tasks to queue
[2021-11-29 16:45:20,341] {logging_mixin.py:109} INFO - [2021-11-29 16:45:20,340] {dagbag.py:500} INFO - Filling up the DagBag from /usr/local/lib/python3.8/dist-packages/airflow/example_dags/example_bash_operator.py
[2021-11-29 16:45:20,463] {processor.py:637} INFO - DAG(s) dict_keys(['example_bash_operator']) retrieved from /usr/local/lib/python3.8/dist-packages/airflow/example_dags/example_bash_operator.py
[2021-11-29 16:45:20,470] {logging_mixin.py:109} WARNING - /usr/local/lib/python3.8/dist-packages/airflow/models/serialized_dag.py:120 SAWarning: TypeDecorator UtcDateTime(timezone=True) will not produce a cache key because the ``cache_ok`` flag is not set to True.  Set this flag to True if this type object's state is safe to use in a cache key, or False to disable this warning.
[2021-11-29 16:45:20,487] {logging_mixin.py:109} INFO - [2021-11-29 16:45:20,487] {dag.py:2396} INFO - Sync 1 DAGs
[2021-11-29 16:45:20,511] {logging_mixin.py:109} WARNING - /usr/local/lib/python3.8/dist-packages/airflow/models/dag.py:2433 SAWarning: TypeDecorator UtcDateTime(timezone=True) will not produce a cache key because the ``cache_ok`` flag is not set to True.  Set this flag to True if this type object's state is safe to use in a cache key, or False to disable this warning.
[2021-11-29 16:45:20,532] {logging_mixin.py:109} INFO - [2021-11-29 16:45:20,532] {dag.py:2928} INFO - Setting next_dagrun for example_bash_operator to 2021-11-28 00:00:00+00:00
[2021-11-29 16:45:20,831] {processor.py:171} INFO - Processing /usr/local/lib/python3.8/dist-packages/airflow/example_dags/example_bash_operator.py took 0.530 seconds
[2021-11-29 16:46:14,974] {processor.py:163} INFO - Started process (PID=10448) to work on /usr/local/lib/python3.8/dist-packages/airflow/example_dags/example_bash_operator.py
[2021-11-29 16:46:14,996] {processor.py:625} INFO - Processing file /usr/local/lib/python3.8/dist-packages/airflow/example_dags/example_bash_operator.py for tasks to queue
[2021-11-29 16:46:14,997] {logging_mixin.py:109} INFO - [2021-11-29 16:46:14,997] {dagbag.py:500} INFO - Filling up the DagBag from /usr/local/lib/python3.8/dist-packages/airflow/example_dags/example_bash_operator.py
[2021-11-29 16:46:15,079] {processor.py:637} INFO - DAG(s) dict_keys(['example_bash_operator']) retrieved from /usr/local/lib/python3.8/dist-packages/airflow/example_dags/example_bash_operator.py
[2021-11-29 16:46:15,095] {logging_mixin.py:109} WARNING - /usr/local/lib/python3.8/dist-packages/airflow/models/serialized_dag.py:120 SAWarning: TypeDecorator UtcDateTime(timezone=True) will not produce a cache key because the ``cache_ok`` flag is not set to True.  Set this flag to True if this type object's state is safe to use in a cache key, or False to disable this warning.
[2021-11-29 16:46:15,127] {logging_mixin.py:109} INFO - [2021-11-29 16:46:15,127] {dag.py:2396} INFO - Sync 1 DAGs
[2021-11-29 16:46:15,142] {logging_mixin.py:109} WARNING - /usr/local/lib/python3.8/dist-packages/airflow/models/dag.py:2433 SAWarning: TypeDecorator UtcDateTime(timezone=True) will not produce a cache key because the ``cache_ok`` flag is not set to True.  Set this flag to True if this type object's state is safe to use in a cache key, or False to disable this warning.
[2021-11-29 16:46:15,155] {logging_mixin.py:109} INFO - [2021-11-29 16:46:15,155] {dag.py:2928} INFO - Setting next_dagrun for example_bash_operator to 2021-11-28 00:00:00+00:00
[2021-11-29 16:46:15,405] {processor.py:171} INFO - Processing /usr/local/lib/python3.8/dist-packages/airflow/example_dags/example_bash_operator.py took 0.435 seconds
