[2021-11-29 16:15:09,794] {processor.py:163} INFO - Started process (PID=4920) to work on /usr/local/lib/python3.8/dist-packages/airflow/example_dags/example_branch_operator.py
[2021-11-29 16:15:09,795] {processor.py:625} INFO - Processing file /usr/local/lib/python3.8/dist-packages/airflow/example_dags/example_branch_operator.py for tasks to queue
[2021-11-29 16:15:09,795] {logging_mixin.py:109} INFO - [2021-11-29 16:15:09,795] {dagbag.py:500} INFO - Filling up the DagBag from /usr/local/lib/python3.8/dist-packages/airflow/example_dags/example_branch_operator.py
[2021-11-29 16:15:09,847] {processor.py:637} INFO - DAG(s) dict_keys(['example_branch_operator']) retrieved from /usr/local/lib/python3.8/dist-packages/airflow/example_dags/example_branch_operator.py
[2021-11-29 16:15:09,853] {logging_mixin.py:109} WARNING - /usr/local/lib/python3.8/dist-packages/airflow/models/serialized_dag.py:120 SAWarning: TypeDecorator UtcDateTime(timezone=True) will not produce a cache key because the ``cache_ok`` flag is not set to True.  Set this flag to True if this type object's state is safe to use in a cache key, or False to disable this warning.
[2021-11-29 16:15:09,869] {logging_mixin.py:109} INFO - [2021-11-29 16:15:09,869] {dag.py:2396} INFO - Sync 1 DAGs
[2021-11-29 16:15:09,904] {logging_mixin.py:109} WARNING - /usr/local/lib/python3.8/dist-packages/airflow/models/dag.py:2433 SAWarning: TypeDecorator UtcDateTime(timezone=True) will not produce a cache key because the ``cache_ok`` flag is not set to True.  Set this flag to True if this type object's state is safe to use in a cache key, or False to disable this warning.
[2021-11-29 16:15:09,921] {logging_mixin.py:109} INFO - [2021-11-29 16:15:09,921] {dag.py:2928} INFO - Setting next_dagrun for example_branch_operator to 2021-11-28 00:00:00+00:00
[2021-11-29 16:15:10,120] {processor.py:171} INFO - Processing /usr/local/lib/python3.8/dist-packages/airflow/example_dags/example_branch_operator.py took 0.336 seconds
[2021-11-29 16:16:16,248] {processor.py:163} INFO - Started process (PID=5097) to work on /usr/local/lib/python3.8/dist-packages/airflow/example_dags/example_branch_operator.py
[2021-11-29 16:16:16,259] {processor.py:625} INFO - Processing file /usr/local/lib/python3.8/dist-packages/airflow/example_dags/example_branch_operator.py for tasks to queue
[2021-11-29 16:16:16,263] {logging_mixin.py:109} INFO - [2021-11-29 16:16:16,262] {dagbag.py:500} INFO - Filling up the DagBag from /usr/local/lib/python3.8/dist-packages/airflow/example_dags/example_branch_operator.py
[2021-11-29 16:16:16,346] {processor.py:637} INFO - DAG(s) dict_keys(['example_branch_operator']) retrieved from /usr/local/lib/python3.8/dist-packages/airflow/example_dags/example_branch_operator.py
[2021-11-29 16:16:16,369] {logging_mixin.py:109} WARNING - /usr/local/lib/python3.8/dist-packages/airflow/models/serialized_dag.py:120 SAWarning: TypeDecorator UtcDateTime(timezone=True) will not produce a cache key because the ``cache_ok`` flag is not set to True.  Set this flag to True if this type object's state is safe to use in a cache key, or False to disable this warning.
[2021-11-29 16:16:16,388] {logging_mixin.py:109} INFO - [2021-11-29 16:16:16,387] {dag.py:2396} INFO - Sync 1 DAGs
[2021-11-29 16:16:16,404] {logging_mixin.py:109} WARNING - /usr/local/lib/python3.8/dist-packages/airflow/models/dag.py:2433 SAWarning: TypeDecorator UtcDateTime(timezone=True) will not produce a cache key because the ``cache_ok`` flag is not set to True.  Set this flag to True if this type object's state is safe to use in a cache key, or False to disable this warning.
[2021-11-29 16:16:16,425] {logging_mixin.py:109} INFO - [2021-11-29 16:16:16,425] {dag.py:2928} INFO - Setting next_dagrun for example_branch_operator to 2021-11-28 00:00:00+00:00
[2021-11-29 16:16:16,902] {processor.py:171} INFO - Processing /usr/local/lib/python3.8/dist-packages/airflow/example_dags/example_branch_operator.py took 0.671 seconds
[2021-11-29 16:17:13,608] {processor.py:163} INFO - Started process (PID=5280) to work on /usr/local/lib/python3.8/dist-packages/airflow/example_dags/example_branch_operator.py
[2021-11-29 16:17:13,625] {processor.py:625} INFO - Processing file /usr/local/lib/python3.8/dist-packages/airflow/example_dags/example_branch_operator.py for tasks to queue
[2021-11-29 16:17:13,626] {logging_mixin.py:109} INFO - [2021-11-29 16:17:13,625] {dagbag.py:500} INFO - Filling up the DagBag from /usr/local/lib/python3.8/dist-packages/airflow/example_dags/example_branch_operator.py
[2021-11-29 16:17:13,708] {processor.py:637} INFO - DAG(s) dict_keys(['example_branch_operator']) retrieved from /usr/local/lib/python3.8/dist-packages/airflow/example_dags/example_branch_operator.py
[2021-11-29 16:17:13,725] {logging_mixin.py:109} WARNING - /usr/local/lib/python3.8/dist-packages/airflow/models/serialized_dag.py:120 SAWarning: TypeDecorator UtcDateTime(timezone=True) will not produce a cache key because the ``cache_ok`` flag is not set to True.  Set this flag to True if this type object's state is safe to use in a cache key, or False to disable this warning.
[2021-11-29 16:17:13,752] {logging_mixin.py:109} INFO - [2021-11-29 16:17:13,752] {dag.py:2396} INFO - Sync 1 DAGs
[2021-11-29 16:17:13,780] {logging_mixin.py:109} WARNING - /usr/local/lib/python3.8/dist-packages/airflow/models/dag.py:2433 SAWarning: TypeDecorator UtcDateTime(timezone=True) will not produce a cache key because the ``cache_ok`` flag is not set to True.  Set this flag to True if this type object's state is safe to use in a cache key, or False to disable this warning.
[2021-11-29 16:17:13,831] {logging_mixin.py:109} INFO - [2021-11-29 16:17:13,830] {dag.py:2928} INFO - Setting next_dagrun for example_branch_operator to 2021-11-28 00:00:00+00:00
[2021-11-29 16:17:13,996] {processor.py:171} INFO - Processing /usr/local/lib/python3.8/dist-packages/airflow/example_dags/example_branch_operator.py took 0.415 seconds
[2021-11-29 16:18:07,375] {processor.py:163} INFO - Started process (PID=5449) to work on /usr/local/lib/python3.8/dist-packages/airflow/example_dags/example_branch_operator.py
[2021-11-29 16:18:07,423] {processor.py:625} INFO - Processing file /usr/local/lib/python3.8/dist-packages/airflow/example_dags/example_branch_operator.py for tasks to queue
[2021-11-29 16:18:07,424] {logging_mixin.py:109} INFO - [2021-11-29 16:18:07,424] {dagbag.py:500} INFO - Filling up the DagBag from /usr/local/lib/python3.8/dist-packages/airflow/example_dags/example_branch_operator.py
[2021-11-29 16:18:07,494] {processor.py:637} INFO - DAG(s) dict_keys(['example_branch_operator']) retrieved from /usr/local/lib/python3.8/dist-packages/airflow/example_dags/example_branch_operator.py
[2021-11-29 16:18:07,512] {logging_mixin.py:109} WARNING - /usr/local/lib/python3.8/dist-packages/airflow/models/serialized_dag.py:120 SAWarning: TypeDecorator UtcDateTime(timezone=True) will not produce a cache key because the ``cache_ok`` flag is not set to True.  Set this flag to True if this type object's state is safe to use in a cache key, or False to disable this warning.
[2021-11-29 16:18:07,549] {logging_mixin.py:109} INFO - [2021-11-29 16:18:07,548] {dag.py:2396} INFO - Sync 1 DAGs
[2021-11-29 16:18:07,587] {logging_mixin.py:109} WARNING - /usr/local/lib/python3.8/dist-packages/airflow/models/dag.py:2433 SAWarning: TypeDecorator UtcDateTime(timezone=True) will not produce a cache key because the ``cache_ok`` flag is not set to True.  Set this flag to True if this type object's state is safe to use in a cache key, or False to disable this warning.
[2021-11-29 16:18:07,604] {logging_mixin.py:109} INFO - [2021-11-29 16:18:07,603] {dag.py:2928} INFO - Setting next_dagrun for example_branch_operator to 2021-11-28 00:00:00+00:00
[2021-11-29 16:18:07,908] {processor.py:171} INFO - Processing /usr/local/lib/python3.8/dist-packages/airflow/example_dags/example_branch_operator.py took 0.537 seconds
[2021-11-29 16:19:06,006] {processor.py:163} INFO - Started process (PID=5616) to work on /usr/local/lib/python3.8/dist-packages/airflow/example_dags/example_branch_operator.py
[2021-11-29 16:19:06,102] {processor.py:625} INFO - Processing file /usr/local/lib/python3.8/dist-packages/airflow/example_dags/example_branch_operator.py for tasks to queue
[2021-11-29 16:19:06,102] {logging_mixin.py:109} INFO - [2021-11-29 16:19:06,102] {dagbag.py:500} INFO - Filling up the DagBag from /usr/local/lib/python3.8/dist-packages/airflow/example_dags/example_branch_operator.py
[2021-11-29 16:19:06,170] {processor.py:637} INFO - DAG(s) dict_keys(['example_branch_operator']) retrieved from /usr/local/lib/python3.8/dist-packages/airflow/example_dags/example_branch_operator.py
[2021-11-29 16:19:06,179] {logging_mixin.py:109} WARNING - /usr/local/lib/python3.8/dist-packages/airflow/models/serialized_dag.py:120 SAWarning: TypeDecorator UtcDateTime(timezone=True) will not produce a cache key because the ``cache_ok`` flag is not set to True.  Set this flag to True if this type object's state is safe to use in a cache key, or False to disable this warning.
[2021-11-29 16:19:06,196] {logging_mixin.py:109} INFO - [2021-11-29 16:19:06,196] {dag.py:2396} INFO - Sync 1 DAGs
[2021-11-29 16:19:06,214] {logging_mixin.py:109} WARNING - /usr/local/lib/python3.8/dist-packages/airflow/models/dag.py:2433 SAWarning: TypeDecorator UtcDateTime(timezone=True) will not produce a cache key because the ``cache_ok`` flag is not set to True.  Set this flag to True if this type object's state is safe to use in a cache key, or False to disable this warning.
[2021-11-29 16:19:06,229] {logging_mixin.py:109} INFO - [2021-11-29 16:19:06,228] {dag.py:2928} INFO - Setting next_dagrun for example_branch_operator to 2021-11-28 00:00:00+00:00
[2021-11-29 16:19:06,411] {processor.py:171} INFO - Processing /usr/local/lib/python3.8/dist-packages/airflow/example_dags/example_branch_operator.py took 0.421 seconds
[2021-11-29 16:20:02,595] {processor.py:163} INFO - Started process (PID=5787) to work on /usr/local/lib/python3.8/dist-packages/airflow/example_dags/example_branch_operator.py
[2021-11-29 16:20:02,612] {processor.py:625} INFO - Processing file /usr/local/lib/python3.8/dist-packages/airflow/example_dags/example_branch_operator.py for tasks to queue
[2021-11-29 16:20:02,613] {logging_mixin.py:109} INFO - [2021-11-29 16:20:02,613] {dagbag.py:500} INFO - Filling up the DagBag from /usr/local/lib/python3.8/dist-packages/airflow/example_dags/example_branch_operator.py
[2021-11-29 16:20:02,705] {processor.py:637} INFO - DAG(s) dict_keys(['example_branch_operator']) retrieved from /usr/local/lib/python3.8/dist-packages/airflow/example_dags/example_branch_operator.py
[2021-11-29 16:20:02,738] {logging_mixin.py:109} WARNING - /usr/local/lib/python3.8/dist-packages/airflow/models/serialized_dag.py:120 SAWarning: TypeDecorator UtcDateTime(timezone=True) will not produce a cache key because the ``cache_ok`` flag is not set to True.  Set this flag to True if this type object's state is safe to use in a cache key, or False to disable this warning.
[2021-11-29 16:20:02,762] {logging_mixin.py:109} INFO - [2021-11-29 16:20:02,762] {dag.py:2396} INFO - Sync 1 DAGs
[2021-11-29 16:20:02,804] {logging_mixin.py:109} WARNING - /usr/local/lib/python3.8/dist-packages/airflow/models/dag.py:2433 SAWarning: TypeDecorator UtcDateTime(timezone=True) will not produce a cache key because the ``cache_ok`` flag is not set to True.  Set this flag to True if this type object's state is safe to use in a cache key, or False to disable this warning.
[2021-11-29 16:20:02,818] {logging_mixin.py:109} INFO - [2021-11-29 16:20:02,818] {dag.py:2928} INFO - Setting next_dagrun for example_branch_operator to 2021-11-28 00:00:00+00:00
[2021-11-29 16:20:03,087] {processor.py:171} INFO - Processing /usr/local/lib/python3.8/dist-packages/airflow/example_dags/example_branch_operator.py took 0.497 seconds
[2021-11-29 16:20:54,367] {processor.py:163} INFO - Started process (PID=5956) to work on /usr/local/lib/python3.8/dist-packages/airflow/example_dags/example_branch_operator.py
[2021-11-29 16:20:54,382] {processor.py:625} INFO - Processing file /usr/local/lib/python3.8/dist-packages/airflow/example_dags/example_branch_operator.py for tasks to queue
[2021-11-29 16:20:54,383] {logging_mixin.py:109} INFO - [2021-11-29 16:20:54,383] {dagbag.py:500} INFO - Filling up the DagBag from /usr/local/lib/python3.8/dist-packages/airflow/example_dags/example_branch_operator.py
[2021-11-29 16:20:54,479] {processor.py:637} INFO - DAG(s) dict_keys(['example_branch_operator']) retrieved from /usr/local/lib/python3.8/dist-packages/airflow/example_dags/example_branch_operator.py
[2021-11-29 16:20:54,489] {logging_mixin.py:109} WARNING - /usr/local/lib/python3.8/dist-packages/airflow/models/serialized_dag.py:120 SAWarning: TypeDecorator UtcDateTime(timezone=True) will not produce a cache key because the ``cache_ok`` flag is not set to True.  Set this flag to True if this type object's state is safe to use in a cache key, or False to disable this warning.
[2021-11-29 16:20:54,509] {logging_mixin.py:109} INFO - [2021-11-29 16:20:54,508] {dag.py:2396} INFO - Sync 1 DAGs
[2021-11-29 16:20:54,524] {logging_mixin.py:109} WARNING - /usr/local/lib/python3.8/dist-packages/airflow/models/dag.py:2433 SAWarning: TypeDecorator UtcDateTime(timezone=True) will not produce a cache key because the ``cache_ok`` flag is not set to True.  Set this flag to True if this type object's state is safe to use in a cache key, or False to disable this warning.
[2021-11-29 16:20:54,538] {logging_mixin.py:109} INFO - [2021-11-29 16:20:54,538] {dag.py:2928} INFO - Setting next_dagrun for example_branch_operator to 2021-11-28 00:00:00+00:00
[2021-11-29 16:20:54,834] {processor.py:171} INFO - Processing /usr/local/lib/python3.8/dist-packages/airflow/example_dags/example_branch_operator.py took 0.482 seconds
[2021-11-29 16:21:48,794] {processor.py:163} INFO - Started process (PID=6125) to work on /usr/local/lib/python3.8/dist-packages/airflow/example_dags/example_branch_operator.py
[2021-11-29 16:21:48,812] {processor.py:625} INFO - Processing file /usr/local/lib/python3.8/dist-packages/airflow/example_dags/example_branch_operator.py for tasks to queue
[2021-11-29 16:21:48,814] {logging_mixin.py:109} INFO - [2021-11-29 16:21:48,813] {dagbag.py:500} INFO - Filling up the DagBag from /usr/local/lib/python3.8/dist-packages/airflow/example_dags/example_branch_operator.py
[2021-11-29 16:21:48,869] {processor.py:637} INFO - DAG(s) dict_keys(['example_branch_operator']) retrieved from /usr/local/lib/python3.8/dist-packages/airflow/example_dags/example_branch_operator.py
[2021-11-29 16:21:48,876] {logging_mixin.py:109} WARNING - /usr/local/lib/python3.8/dist-packages/airflow/models/serialized_dag.py:120 SAWarning: TypeDecorator UtcDateTime(timezone=True) will not produce a cache key because the ``cache_ok`` flag is not set to True.  Set this flag to True if this type object's state is safe to use in a cache key, or False to disable this warning.
[2021-11-29 16:21:48,895] {logging_mixin.py:109} INFO - [2021-11-29 16:21:48,895] {dag.py:2396} INFO - Sync 1 DAGs
[2021-11-29 16:21:48,913] {logging_mixin.py:109} WARNING - /usr/local/lib/python3.8/dist-packages/airflow/models/dag.py:2433 SAWarning: TypeDecorator UtcDateTime(timezone=True) will not produce a cache key because the ``cache_ok`` flag is not set to True.  Set this flag to True if this type object's state is safe to use in a cache key, or False to disable this warning.
[2021-11-29 16:21:48,928] {logging_mixin.py:109} INFO - [2021-11-29 16:21:48,928] {dag.py:2928} INFO - Setting next_dagrun for example_branch_operator to 2021-11-28 00:00:00+00:00
[2021-11-29 16:21:49,103] {processor.py:171} INFO - Processing /usr/local/lib/python3.8/dist-packages/airflow/example_dags/example_branch_operator.py took 0.313 seconds
[2021-11-29 16:22:48,395] {processor.py:163} INFO - Started process (PID=6312) to work on /usr/local/lib/python3.8/dist-packages/airflow/example_dags/example_branch_operator.py
[2021-11-29 16:22:48,454] {processor.py:625} INFO - Processing file /usr/local/lib/python3.8/dist-packages/airflow/example_dags/example_branch_operator.py for tasks to queue
[2021-11-29 16:22:48,454] {logging_mixin.py:109} INFO - [2021-11-29 16:22:48,454] {dagbag.py:500} INFO - Filling up the DagBag from /usr/local/lib/python3.8/dist-packages/airflow/example_dags/example_branch_operator.py
[2021-11-29 16:22:48,537] {processor.py:637} INFO - DAG(s) dict_keys(['example_branch_operator']) retrieved from /usr/local/lib/python3.8/dist-packages/airflow/example_dags/example_branch_operator.py
[2021-11-29 16:22:48,545] {logging_mixin.py:109} WARNING - /usr/local/lib/python3.8/dist-packages/airflow/models/serialized_dag.py:120 SAWarning: TypeDecorator UtcDateTime(timezone=True) will not produce a cache key because the ``cache_ok`` flag is not set to True.  Set this flag to True if this type object's state is safe to use in a cache key, or False to disable this warning.
[2021-11-29 16:22:48,561] {logging_mixin.py:109} INFO - [2021-11-29 16:22:48,561] {dag.py:2396} INFO - Sync 1 DAGs
[2021-11-29 16:22:48,579] {logging_mixin.py:109} WARNING - /usr/local/lib/python3.8/dist-packages/airflow/models/dag.py:2433 SAWarning: TypeDecorator UtcDateTime(timezone=True) will not produce a cache key because the ``cache_ok`` flag is not set to True.  Set this flag to True if this type object's state is safe to use in a cache key, or False to disable this warning.
[2021-11-29 16:22:48,598] {logging_mixin.py:109} INFO - [2021-11-29 16:22:48,598] {dag.py:2928} INFO - Setting next_dagrun for example_branch_operator to 2021-11-28 00:00:00+00:00
[2021-11-29 16:22:48,817] {processor.py:171} INFO - Processing /usr/local/lib/python3.8/dist-packages/airflow/example_dags/example_branch_operator.py took 0.436 seconds
[2021-11-29 16:23:42,336] {processor.py:163} INFO - Started process (PID=6482) to work on /usr/local/lib/python3.8/dist-packages/airflow/example_dags/example_branch_operator.py
[2021-11-29 16:23:42,348] {processor.py:625} INFO - Processing file /usr/local/lib/python3.8/dist-packages/airflow/example_dags/example_branch_operator.py for tasks to queue
[2021-11-29 16:23:42,349] {logging_mixin.py:109} INFO - [2021-11-29 16:23:42,348] {dagbag.py:500} INFO - Filling up the DagBag from /usr/local/lib/python3.8/dist-packages/airflow/example_dags/example_branch_operator.py
[2021-11-29 16:23:42,455] {processor.py:637} INFO - DAG(s) dict_keys(['example_branch_operator']) retrieved from /usr/local/lib/python3.8/dist-packages/airflow/example_dags/example_branch_operator.py
[2021-11-29 16:23:42,462] {logging_mixin.py:109} WARNING - /usr/local/lib/python3.8/dist-packages/airflow/models/serialized_dag.py:120 SAWarning: TypeDecorator UtcDateTime(timezone=True) will not produce a cache key because the ``cache_ok`` flag is not set to True.  Set this flag to True if this type object's state is safe to use in a cache key, or False to disable this warning.
[2021-11-29 16:23:42,499] {logging_mixin.py:109} INFO - [2021-11-29 16:23:42,498] {dag.py:2396} INFO - Sync 1 DAGs
[2021-11-29 16:23:42,537] {logging_mixin.py:109} WARNING - /usr/local/lib/python3.8/dist-packages/airflow/models/dag.py:2433 SAWarning: TypeDecorator UtcDateTime(timezone=True) will not produce a cache key because the ``cache_ok`` flag is not set to True.  Set this flag to True if this type object's state is safe to use in a cache key, or False to disable this warning.
[2021-11-29 16:23:42,595] {logging_mixin.py:109} INFO - [2021-11-29 16:23:42,595] {dag.py:2928} INFO - Setting next_dagrun for example_branch_operator to 2021-11-28 00:00:00+00:00
[2021-11-29 16:23:42,850] {processor.py:171} INFO - Processing /usr/local/lib/python3.8/dist-packages/airflow/example_dags/example_branch_operator.py took 0.518 seconds
[2021-11-29 16:24:42,086] {processor.py:163} INFO - Started process (PID=6642) to work on /usr/local/lib/python3.8/dist-packages/airflow/example_dags/example_branch_operator.py
[2021-11-29 16:24:42,109] {processor.py:625} INFO - Processing file /usr/local/lib/python3.8/dist-packages/airflow/example_dags/example_branch_operator.py for tasks to queue
[2021-11-29 16:24:42,110] {logging_mixin.py:109} INFO - [2021-11-29 16:24:42,110] {dagbag.py:500} INFO - Filling up the DagBag from /usr/local/lib/python3.8/dist-packages/airflow/example_dags/example_branch_operator.py
[2021-11-29 16:24:42,181] {processor.py:637} INFO - DAG(s) dict_keys(['example_branch_operator']) retrieved from /usr/local/lib/python3.8/dist-packages/airflow/example_dags/example_branch_operator.py
[2021-11-29 16:24:42,191] {logging_mixin.py:109} WARNING - /usr/local/lib/python3.8/dist-packages/airflow/models/serialized_dag.py:120 SAWarning: TypeDecorator UtcDateTime(timezone=True) will not produce a cache key because the ``cache_ok`` flag is not set to True.  Set this flag to True if this type object's state is safe to use in a cache key, or False to disable this warning.
[2021-11-29 16:24:42,254] {logging_mixin.py:109} INFO - [2021-11-29 16:24:42,254] {dag.py:2396} INFO - Sync 1 DAGs
[2021-11-29 16:24:42,327] {logging_mixin.py:109} WARNING - /usr/local/lib/python3.8/dist-packages/airflow/models/dag.py:2433 SAWarning: TypeDecorator UtcDateTime(timezone=True) will not produce a cache key because the ``cache_ok`` flag is not set to True.  Set this flag to True if this type object's state is safe to use in a cache key, or False to disable this warning.
[2021-11-29 16:24:42,347] {logging_mixin.py:109} INFO - [2021-11-29 16:24:42,347] {dag.py:2928} INFO - Setting next_dagrun for example_branch_operator to 2021-11-28 00:00:00+00:00
[2021-11-29 16:24:42,507] {processor.py:171} INFO - Processing /usr/local/lib/python3.8/dist-packages/airflow/example_dags/example_branch_operator.py took 0.436 seconds
[2021-11-29 16:25:40,766] {processor.py:163} INFO - Started process (PID=6815) to work on /usr/local/lib/python3.8/dist-packages/airflow/example_dags/example_branch_operator.py
[2021-11-29 16:25:40,839] {processor.py:625} INFO - Processing file /usr/local/lib/python3.8/dist-packages/airflow/example_dags/example_branch_operator.py for tasks to queue
[2021-11-29 16:25:40,840] {logging_mixin.py:109} INFO - [2021-11-29 16:25:40,840] {dagbag.py:500} INFO - Filling up the DagBag from /usr/local/lib/python3.8/dist-packages/airflow/example_dags/example_branch_operator.py
[2021-11-29 16:25:40,918] {processor.py:637} INFO - DAG(s) dict_keys(['example_branch_operator']) retrieved from /usr/local/lib/python3.8/dist-packages/airflow/example_dags/example_branch_operator.py
[2021-11-29 16:25:40,924] {logging_mixin.py:109} WARNING - /usr/local/lib/python3.8/dist-packages/airflow/models/serialized_dag.py:120 SAWarning: TypeDecorator UtcDateTime(timezone=True) will not produce a cache key because the ``cache_ok`` flag is not set to True.  Set this flag to True if this type object's state is safe to use in a cache key, or False to disable this warning.
[2021-11-29 16:25:40,959] {logging_mixin.py:109} INFO - [2021-11-29 16:25:40,959] {dag.py:2396} INFO - Sync 1 DAGs
[2021-11-29 16:25:40,999] {logging_mixin.py:109} WARNING - /usr/local/lib/python3.8/dist-packages/airflow/models/dag.py:2433 SAWarning: TypeDecorator UtcDateTime(timezone=True) will not produce a cache key because the ``cache_ok`` flag is not set to True.  Set this flag to True if this type object's state is safe to use in a cache key, or False to disable this warning.
[2021-11-29 16:25:41,014] {logging_mixin.py:109} INFO - [2021-11-29 16:25:41,014] {dag.py:2928} INFO - Setting next_dagrun for example_branch_operator to 2021-11-28 00:00:00+00:00
[2021-11-29 16:25:41,218] {processor.py:171} INFO - Processing /usr/local/lib/python3.8/dist-packages/airflow/example_dags/example_branch_operator.py took 0.468 seconds
[2021-11-29 16:26:35,256] {processor.py:163} INFO - Started process (PID=6984) to work on /usr/local/lib/python3.8/dist-packages/airflow/example_dags/example_branch_operator.py
[2021-11-29 16:26:35,284] {processor.py:625} INFO - Processing file /usr/local/lib/python3.8/dist-packages/airflow/example_dags/example_branch_operator.py for tasks to queue
[2021-11-29 16:26:35,285] {logging_mixin.py:109} INFO - [2021-11-29 16:26:35,285] {dagbag.py:500} INFO - Filling up the DagBag from /usr/local/lib/python3.8/dist-packages/airflow/example_dags/example_branch_operator.py
[2021-11-29 16:26:35,356] {processor.py:637} INFO - DAG(s) dict_keys(['example_branch_operator']) retrieved from /usr/local/lib/python3.8/dist-packages/airflow/example_dags/example_branch_operator.py
[2021-11-29 16:26:35,363] {logging_mixin.py:109} WARNING - /usr/local/lib/python3.8/dist-packages/airflow/models/serialized_dag.py:120 SAWarning: TypeDecorator UtcDateTime(timezone=True) will not produce a cache key because the ``cache_ok`` flag is not set to True.  Set this flag to True if this type object's state is safe to use in a cache key, or False to disable this warning.
[2021-11-29 16:26:35,377] {logging_mixin.py:109} INFO - [2021-11-29 16:26:35,377] {dag.py:2396} INFO - Sync 1 DAGs
[2021-11-29 16:26:35,395] {logging_mixin.py:109} WARNING - /usr/local/lib/python3.8/dist-packages/airflow/models/dag.py:2433 SAWarning: TypeDecorator UtcDateTime(timezone=True) will not produce a cache key because the ``cache_ok`` flag is not set to True.  Set this flag to True if this type object's state is safe to use in a cache key, or False to disable this warning.
[2021-11-29 16:26:35,414] {logging_mixin.py:109} INFO - [2021-11-29 16:26:35,414] {dag.py:2928} INFO - Setting next_dagrun for example_branch_operator to 2021-11-28 00:00:00+00:00
[2021-11-29 16:26:35,608] {processor.py:171} INFO - Processing /usr/local/lib/python3.8/dist-packages/airflow/example_dags/example_branch_operator.py took 0.366 seconds
[2021-11-29 16:27:28,607] {processor.py:163} INFO - Started process (PID=7145) to work on /usr/local/lib/python3.8/dist-packages/airflow/example_dags/example_branch_operator.py
[2021-11-29 16:27:28,627] {processor.py:625} INFO - Processing file /usr/local/lib/python3.8/dist-packages/airflow/example_dags/example_branch_operator.py for tasks to queue
[2021-11-29 16:27:28,628] {logging_mixin.py:109} INFO - [2021-11-29 16:27:28,628] {dagbag.py:500} INFO - Filling up the DagBag from /usr/local/lib/python3.8/dist-packages/airflow/example_dags/example_branch_operator.py
[2021-11-29 16:27:28,748] {processor.py:637} INFO - DAG(s) dict_keys(['example_branch_operator']) retrieved from /usr/local/lib/python3.8/dist-packages/airflow/example_dags/example_branch_operator.py
[2021-11-29 16:27:28,776] {logging_mixin.py:109} WARNING - /usr/local/lib/python3.8/dist-packages/airflow/models/serialized_dag.py:120 SAWarning: TypeDecorator UtcDateTime(timezone=True) will not produce a cache key because the ``cache_ok`` flag is not set to True.  Set this flag to True if this type object's state is safe to use in a cache key, or False to disable this warning.
[2021-11-29 16:27:28,816] {logging_mixin.py:109} INFO - [2021-11-29 16:27:28,816] {dag.py:2396} INFO - Sync 1 DAGs
[2021-11-29 16:27:28,847] {logging_mixin.py:109} WARNING - /usr/local/lib/python3.8/dist-packages/airflow/models/dag.py:2433 SAWarning: TypeDecorator UtcDateTime(timezone=True) will not produce a cache key because the ``cache_ok`` flag is not set to True.  Set this flag to True if this type object's state is safe to use in a cache key, or False to disable this warning.
[2021-11-29 16:27:28,868] {logging_mixin.py:109} INFO - [2021-11-29 16:27:28,868] {dag.py:2928} INFO - Setting next_dagrun for example_branch_operator to 2021-11-28 00:00:00+00:00
[2021-11-29 16:27:29,055] {processor.py:171} INFO - Processing /usr/local/lib/python3.8/dist-packages/airflow/example_dags/example_branch_operator.py took 0.461 seconds
[2021-11-29 16:28:25,618] {processor.py:163} INFO - Started process (PID=7304) to work on /usr/local/lib/python3.8/dist-packages/airflow/example_dags/example_branch_operator.py
[2021-11-29 16:28:25,674] {processor.py:625} INFO - Processing file /usr/local/lib/python3.8/dist-packages/airflow/example_dags/example_branch_operator.py for tasks to queue
[2021-11-29 16:28:25,675] {logging_mixin.py:109} INFO - [2021-11-29 16:28:25,675] {dagbag.py:500} INFO - Filling up the DagBag from /usr/local/lib/python3.8/dist-packages/airflow/example_dags/example_branch_operator.py
[2021-11-29 16:28:25,778] {processor.py:637} INFO - DAG(s) dict_keys(['example_branch_operator']) retrieved from /usr/local/lib/python3.8/dist-packages/airflow/example_dags/example_branch_operator.py
[2021-11-29 16:28:25,796] {logging_mixin.py:109} WARNING - /usr/local/lib/python3.8/dist-packages/airflow/models/serialized_dag.py:120 SAWarning: TypeDecorator UtcDateTime(timezone=True) will not produce a cache key because the ``cache_ok`` flag is not set to True.  Set this flag to True if this type object's state is safe to use in a cache key, or False to disable this warning.
[2021-11-29 16:28:25,842] {logging_mixin.py:109} INFO - [2021-11-29 16:28:25,841] {dag.py:2396} INFO - Sync 1 DAGs
[2021-11-29 16:28:25,882] {logging_mixin.py:109} WARNING - /usr/local/lib/python3.8/dist-packages/airflow/models/dag.py:2433 SAWarning: TypeDecorator UtcDateTime(timezone=True) will not produce a cache key because the ``cache_ok`` flag is not set to True.  Set this flag to True if this type object's state is safe to use in a cache key, or False to disable this warning.
[2021-11-29 16:28:25,929] {logging_mixin.py:109} INFO - [2021-11-29 16:28:25,928] {dag.py:2928} INFO - Setting next_dagrun for example_branch_operator to 2021-11-28 00:00:00+00:00
[2021-11-29 16:28:26,212] {processor.py:171} INFO - Processing /usr/local/lib/python3.8/dist-packages/airflow/example_dags/example_branch_operator.py took 0.599 seconds
[2021-11-29 16:29:23,935] {processor.py:163} INFO - Started process (PID=7469) to work on /usr/local/lib/python3.8/dist-packages/airflow/example_dags/example_branch_operator.py
[2021-11-29 16:29:23,978] {processor.py:625} INFO - Processing file /usr/local/lib/python3.8/dist-packages/airflow/example_dags/example_branch_operator.py for tasks to queue
[2021-11-29 16:29:23,979] {logging_mixin.py:109} INFO - [2021-11-29 16:29:23,979] {dagbag.py:500} INFO - Filling up the DagBag from /usr/local/lib/python3.8/dist-packages/airflow/example_dags/example_branch_operator.py
[2021-11-29 16:29:24,045] {processor.py:637} INFO - DAG(s) dict_keys(['example_branch_operator']) retrieved from /usr/local/lib/python3.8/dist-packages/airflow/example_dags/example_branch_operator.py
[2021-11-29 16:29:24,051] {logging_mixin.py:109} WARNING - /usr/local/lib/python3.8/dist-packages/airflow/models/serialized_dag.py:120 SAWarning: TypeDecorator UtcDateTime(timezone=True) will not produce a cache key because the ``cache_ok`` flag is not set to True.  Set this flag to True if this type object's state is safe to use in a cache key, or False to disable this warning.
[2021-11-29 16:29:24,086] {logging_mixin.py:109} INFO - [2021-11-29 16:29:24,085] {dag.py:2396} INFO - Sync 1 DAGs
[2021-11-29 16:29:24,112] {logging_mixin.py:109} WARNING - /usr/local/lib/python3.8/dist-packages/airflow/models/dag.py:2433 SAWarning: TypeDecorator UtcDateTime(timezone=True) will not produce a cache key because the ``cache_ok`` flag is not set to True.  Set this flag to True if this type object's state is safe to use in a cache key, or False to disable this warning.
[2021-11-29 16:29:24,146] {logging_mixin.py:109} INFO - [2021-11-29 16:29:24,146] {dag.py:2928} INFO - Setting next_dagrun for example_branch_operator to 2021-11-28 00:00:00+00:00
[2021-11-29 16:29:24,346] {processor.py:171} INFO - Processing /usr/local/lib/python3.8/dist-packages/airflow/example_dags/example_branch_operator.py took 0.416 seconds
[2021-11-29 16:30:20,641] {processor.py:163} INFO - Started process (PID=7631) to work on /usr/local/lib/python3.8/dist-packages/airflow/example_dags/example_branch_operator.py
[2021-11-29 16:30:20,681] {processor.py:625} INFO - Processing file /usr/local/lib/python3.8/dist-packages/airflow/example_dags/example_branch_operator.py for tasks to queue
[2021-11-29 16:30:20,686] {logging_mixin.py:109} INFO - [2021-11-29 16:30:20,686] {dagbag.py:500} INFO - Filling up the DagBag from /usr/local/lib/python3.8/dist-packages/airflow/example_dags/example_branch_operator.py
[2021-11-29 16:30:20,778] {processor.py:637} INFO - DAG(s) dict_keys(['example_branch_operator']) retrieved from /usr/local/lib/python3.8/dist-packages/airflow/example_dags/example_branch_operator.py
[2021-11-29 16:30:20,797] {logging_mixin.py:109} WARNING - /usr/local/lib/python3.8/dist-packages/airflow/models/serialized_dag.py:120 SAWarning: TypeDecorator UtcDateTime(timezone=True) will not produce a cache key because the ``cache_ok`` flag is not set to True.  Set this flag to True if this type object's state is safe to use in a cache key, or False to disable this warning.
[2021-11-29 16:30:20,841] {logging_mixin.py:109} INFO - [2021-11-29 16:30:20,840] {dag.py:2396} INFO - Sync 1 DAGs
[2021-11-29 16:30:20,860] {logging_mixin.py:109} WARNING - /usr/local/lib/python3.8/dist-packages/airflow/models/dag.py:2433 SAWarning: TypeDecorator UtcDateTime(timezone=True) will not produce a cache key because the ``cache_ok`` flag is not set to True.  Set this flag to True if this type object's state is safe to use in a cache key, or False to disable this warning.
[2021-11-29 16:30:20,878] {logging_mixin.py:109} INFO - [2021-11-29 16:30:20,878] {dag.py:2928} INFO - Setting next_dagrun for example_branch_operator to 2021-11-28 00:00:00+00:00
[2021-11-29 16:30:21,114] {processor.py:171} INFO - Processing /usr/local/lib/python3.8/dist-packages/airflow/example_dags/example_branch_operator.py took 0.477 seconds
[2021-11-29 16:31:16,654] {processor.py:163} INFO - Started process (PID=7794) to work on /usr/local/lib/python3.8/dist-packages/airflow/example_dags/example_branch_operator.py
[2021-11-29 16:31:16,670] {processor.py:625} INFO - Processing file /usr/local/lib/python3.8/dist-packages/airflow/example_dags/example_branch_operator.py for tasks to queue
[2021-11-29 16:31:16,671] {logging_mixin.py:109} INFO - [2021-11-29 16:31:16,670] {dagbag.py:500} INFO - Filling up the DagBag from /usr/local/lib/python3.8/dist-packages/airflow/example_dags/example_branch_operator.py
[2021-11-29 16:31:16,739] {processor.py:637} INFO - DAG(s) dict_keys(['example_branch_operator']) retrieved from /usr/local/lib/python3.8/dist-packages/airflow/example_dags/example_branch_operator.py
[2021-11-29 16:31:16,755] {logging_mixin.py:109} WARNING - /usr/local/lib/python3.8/dist-packages/airflow/models/serialized_dag.py:120 SAWarning: TypeDecorator UtcDateTime(timezone=True) will not produce a cache key because the ``cache_ok`` flag is not set to True.  Set this flag to True if this type object's state is safe to use in a cache key, or False to disable this warning.
[2021-11-29 16:31:16,779] {logging_mixin.py:109} INFO - [2021-11-29 16:31:16,779] {dag.py:2396} INFO - Sync 1 DAGs
[2021-11-29 16:31:16,805] {logging_mixin.py:109} WARNING - /usr/local/lib/python3.8/dist-packages/airflow/models/dag.py:2433 SAWarning: TypeDecorator UtcDateTime(timezone=True) will not produce a cache key because the ``cache_ok`` flag is not set to True.  Set this flag to True if this type object's state is safe to use in a cache key, or False to disable this warning.
[2021-11-29 16:31:16,852] {logging_mixin.py:109} INFO - [2021-11-29 16:31:16,852] {dag.py:2928} INFO - Setting next_dagrun for example_branch_operator to 2021-11-28 00:00:00+00:00
[2021-11-29 16:31:17,069] {processor.py:171} INFO - Processing /usr/local/lib/python3.8/dist-packages/airflow/example_dags/example_branch_operator.py took 0.420 seconds
[2021-11-29 16:32:11,196] {processor.py:163} INFO - Started process (PID=7957) to work on /usr/local/lib/python3.8/dist-packages/airflow/example_dags/example_branch_operator.py
[2021-11-29 16:32:11,240] {processor.py:625} INFO - Processing file /usr/local/lib/python3.8/dist-packages/airflow/example_dags/example_branch_operator.py for tasks to queue
[2021-11-29 16:32:11,241] {logging_mixin.py:109} INFO - [2021-11-29 16:32:11,241] {dagbag.py:500} INFO - Filling up the DagBag from /usr/local/lib/python3.8/dist-packages/airflow/example_dags/example_branch_operator.py
[2021-11-29 16:32:11,328] {processor.py:637} INFO - DAG(s) dict_keys(['example_branch_operator']) retrieved from /usr/local/lib/python3.8/dist-packages/airflow/example_dags/example_branch_operator.py
[2021-11-29 16:32:11,358] {logging_mixin.py:109} WARNING - /usr/local/lib/python3.8/dist-packages/airflow/models/serialized_dag.py:120 SAWarning: TypeDecorator UtcDateTime(timezone=True) will not produce a cache key because the ``cache_ok`` flag is not set to True.  Set this flag to True if this type object's state is safe to use in a cache key, or False to disable this warning.
[2021-11-29 16:32:11,383] {logging_mixin.py:109} INFO - [2021-11-29 16:32:11,382] {dag.py:2396} INFO - Sync 1 DAGs
[2021-11-29 16:32:11,446] {logging_mixin.py:109} WARNING - /usr/local/lib/python3.8/dist-packages/airflow/models/dag.py:2433 SAWarning: TypeDecorator UtcDateTime(timezone=True) will not produce a cache key because the ``cache_ok`` flag is not set to True.  Set this flag to True if this type object's state is safe to use in a cache key, or False to disable this warning.
[2021-11-29 16:32:11,469] {logging_mixin.py:109} INFO - [2021-11-29 16:32:11,468] {dag.py:2928} INFO - Setting next_dagrun for example_branch_operator to 2021-11-28 00:00:00+00:00
[2021-11-29 16:32:11,663] {processor.py:171} INFO - Processing /usr/local/lib/python3.8/dist-packages/airflow/example_dags/example_branch_operator.py took 0.472 seconds
[2021-11-29 16:33:08,269] {processor.py:163} INFO - Started process (PID=8122) to work on /usr/local/lib/python3.8/dist-packages/airflow/example_dags/example_branch_operator.py
[2021-11-29 16:33:08,295] {processor.py:625} INFO - Processing file /usr/local/lib/python3.8/dist-packages/airflow/example_dags/example_branch_operator.py for tasks to queue
[2021-11-29 16:33:08,296] {logging_mixin.py:109} INFO - [2021-11-29 16:33:08,296] {dagbag.py:500} INFO - Filling up the DagBag from /usr/local/lib/python3.8/dist-packages/airflow/example_dags/example_branch_operator.py
[2021-11-29 16:33:08,443] {processor.py:637} INFO - DAG(s) dict_keys(['example_branch_operator']) retrieved from /usr/local/lib/python3.8/dist-packages/airflow/example_dags/example_branch_operator.py
[2021-11-29 16:33:08,459] {logging_mixin.py:109} WARNING - /usr/local/lib/python3.8/dist-packages/airflow/models/serialized_dag.py:120 SAWarning: TypeDecorator UtcDateTime(timezone=True) will not produce a cache key because the ``cache_ok`` flag is not set to True.  Set this flag to True if this type object's state is safe to use in a cache key, or False to disable this warning.
[2021-11-29 16:33:08,496] {logging_mixin.py:109} INFO - [2021-11-29 16:33:08,496] {dag.py:2396} INFO - Sync 1 DAGs
[2021-11-29 16:33:08,546] {logging_mixin.py:109} WARNING - /usr/local/lib/python3.8/dist-packages/airflow/models/dag.py:2433 SAWarning: TypeDecorator UtcDateTime(timezone=True) will not produce a cache key because the ``cache_ok`` flag is not set to True.  Set this flag to True if this type object's state is safe to use in a cache key, or False to disable this warning.
[2021-11-29 16:33:08,582] {logging_mixin.py:109} INFO - [2021-11-29 16:33:08,582] {dag.py:2928} INFO - Setting next_dagrun for example_branch_operator to 2021-11-28 00:00:00+00:00
[2021-11-29 16:33:08,832] {processor.py:171} INFO - Processing /usr/local/lib/python3.8/dist-packages/airflow/example_dags/example_branch_operator.py took 0.568 seconds
[2021-11-29 16:34:01,720] {processor.py:163} INFO - Started process (PID=8283) to work on /usr/local/lib/python3.8/dist-packages/airflow/example_dags/example_branch_operator.py
[2021-11-29 16:34:01,752] {processor.py:625} INFO - Processing file /usr/local/lib/python3.8/dist-packages/airflow/example_dags/example_branch_operator.py for tasks to queue
[2021-11-29 16:34:01,753] {logging_mixin.py:109} INFO - [2021-11-29 16:34:01,753] {dagbag.py:500} INFO - Filling up the DagBag from /usr/local/lib/python3.8/dist-packages/airflow/example_dags/example_branch_operator.py
[2021-11-29 16:34:01,819] {processor.py:637} INFO - DAG(s) dict_keys(['example_branch_operator']) retrieved from /usr/local/lib/python3.8/dist-packages/airflow/example_dags/example_branch_operator.py
[2021-11-29 16:34:01,825] {logging_mixin.py:109} WARNING - /usr/local/lib/python3.8/dist-packages/airflow/models/serialized_dag.py:120 SAWarning: TypeDecorator UtcDateTime(timezone=True) will not produce a cache key because the ``cache_ok`` flag is not set to True.  Set this flag to True if this type object's state is safe to use in a cache key, or False to disable this warning.
[2021-11-29 16:34:01,842] {logging_mixin.py:109} INFO - [2021-11-29 16:34:01,842] {dag.py:2396} INFO - Sync 1 DAGs
[2021-11-29 16:34:01,862] {logging_mixin.py:109} WARNING - /usr/local/lib/python3.8/dist-packages/airflow/models/dag.py:2433 SAWarning: TypeDecorator UtcDateTime(timezone=True) will not produce a cache key because the ``cache_ok`` flag is not set to True.  Set this flag to True if this type object's state is safe to use in a cache key, or False to disable this warning.
[2021-11-29 16:34:01,878] {logging_mixin.py:109} INFO - [2021-11-29 16:34:01,878] {dag.py:2928} INFO - Setting next_dagrun for example_branch_operator to 2021-11-28 00:00:00+00:00
[2021-11-29 16:34:02,057] {processor.py:171} INFO - Processing /usr/local/lib/python3.8/dist-packages/airflow/example_dags/example_branch_operator.py took 0.365 seconds
[2021-11-29 16:34:58,629] {processor.py:163} INFO - Started process (PID=8454) to work on /usr/local/lib/python3.8/dist-packages/airflow/example_dags/example_branch_operator.py
[2021-11-29 16:34:58,653] {processor.py:625} INFO - Processing file /usr/local/lib/python3.8/dist-packages/airflow/example_dags/example_branch_operator.py for tasks to queue
[2021-11-29 16:34:58,654] {logging_mixin.py:109} INFO - [2021-11-29 16:34:58,653] {dagbag.py:500} INFO - Filling up the DagBag from /usr/local/lib/python3.8/dist-packages/airflow/example_dags/example_branch_operator.py
[2021-11-29 16:34:58,722] {processor.py:637} INFO - DAG(s) dict_keys(['example_branch_operator']) retrieved from /usr/local/lib/python3.8/dist-packages/airflow/example_dags/example_branch_operator.py
[2021-11-29 16:34:58,738] {logging_mixin.py:109} WARNING - /usr/local/lib/python3.8/dist-packages/airflow/models/serialized_dag.py:120 SAWarning: TypeDecorator UtcDateTime(timezone=True) will not produce a cache key because the ``cache_ok`` flag is not set to True.  Set this flag to True if this type object's state is safe to use in a cache key, or False to disable this warning.
[2021-11-29 16:34:58,775] {logging_mixin.py:109} INFO - [2021-11-29 16:34:58,775] {dag.py:2396} INFO - Sync 1 DAGs
[2021-11-29 16:34:58,822] {logging_mixin.py:109} WARNING - /usr/local/lib/python3.8/dist-packages/airflow/models/dag.py:2433 SAWarning: TypeDecorator UtcDateTime(timezone=True) will not produce a cache key because the ``cache_ok`` flag is not set to True.  Set this flag to True if this type object's state is safe to use in a cache key, or False to disable this warning.
[2021-11-29 16:34:58,846] {logging_mixin.py:109} INFO - [2021-11-29 16:34:58,846] {dag.py:2928} INFO - Setting next_dagrun for example_branch_operator to 2021-11-28 00:00:00+00:00
[2021-11-29 16:34:59,057] {processor.py:171} INFO - Processing /usr/local/lib/python3.8/dist-packages/airflow/example_dags/example_branch_operator.py took 0.444 seconds
[2021-11-29 16:35:54,686] {processor.py:163} INFO - Started process (PID=8612) to work on /usr/local/lib/python3.8/dist-packages/airflow/example_dags/example_branch_operator.py
[2021-11-29 16:35:54,698] {processor.py:625} INFO - Processing file /usr/local/lib/python3.8/dist-packages/airflow/example_dags/example_branch_operator.py for tasks to queue
[2021-11-29 16:35:54,699] {logging_mixin.py:109} INFO - [2021-11-29 16:35:54,699] {dagbag.py:500} INFO - Filling up the DagBag from /usr/local/lib/python3.8/dist-packages/airflow/example_dags/example_branch_operator.py
[2021-11-29 16:35:54,787] {processor.py:637} INFO - DAG(s) dict_keys(['example_branch_operator']) retrieved from /usr/local/lib/python3.8/dist-packages/airflow/example_dags/example_branch_operator.py
[2021-11-29 16:35:54,817] {logging_mixin.py:109} WARNING - /usr/local/lib/python3.8/dist-packages/airflow/models/serialized_dag.py:120 SAWarning: TypeDecorator UtcDateTime(timezone=True) will not produce a cache key because the ``cache_ok`` flag is not set to True.  Set this flag to True if this type object's state is safe to use in a cache key, or False to disable this warning.
[2021-11-29 16:35:54,844] {logging_mixin.py:109} INFO - [2021-11-29 16:35:54,843] {dag.py:2396} INFO - Sync 1 DAGs
[2021-11-29 16:35:54,920] {logging_mixin.py:109} WARNING - /usr/local/lib/python3.8/dist-packages/airflow/models/dag.py:2433 SAWarning: TypeDecorator UtcDateTime(timezone=True) will not produce a cache key because the ``cache_ok`` flag is not set to True.  Set this flag to True if this type object's state is safe to use in a cache key, or False to disable this warning.
[2021-11-29 16:35:54,968] {logging_mixin.py:109} INFO - [2021-11-29 16:35:54,968] {dag.py:2928} INFO - Setting next_dagrun for example_branch_operator to 2021-11-28 00:00:00+00:00
[2021-11-29 16:35:55,158] {processor.py:171} INFO - Processing /usr/local/lib/python3.8/dist-packages/airflow/example_dags/example_branch_operator.py took 0.487 seconds
[2021-11-29 16:36:51,118] {processor.py:163} INFO - Started process (PID=8769) to work on /usr/local/lib/python3.8/dist-packages/airflow/example_dags/example_branch_operator.py
[2021-11-29 16:36:51,160] {processor.py:625} INFO - Processing file /usr/local/lib/python3.8/dist-packages/airflow/example_dags/example_branch_operator.py for tasks to queue
[2021-11-29 16:36:51,161] {logging_mixin.py:109} INFO - [2021-11-29 16:36:51,161] {dagbag.py:500} INFO - Filling up the DagBag from /usr/local/lib/python3.8/dist-packages/airflow/example_dags/example_branch_operator.py
[2021-11-29 16:36:51,299] {processor.py:637} INFO - DAG(s) dict_keys(['example_branch_operator']) retrieved from /usr/local/lib/python3.8/dist-packages/airflow/example_dags/example_branch_operator.py
[2021-11-29 16:36:51,327] {logging_mixin.py:109} WARNING - /usr/local/lib/python3.8/dist-packages/airflow/models/serialized_dag.py:120 SAWarning: TypeDecorator UtcDateTime(timezone=True) will not produce a cache key because the ``cache_ok`` flag is not set to True.  Set this flag to True if this type object's state is safe to use in a cache key, or False to disable this warning.
[2021-11-29 16:36:51,358] {logging_mixin.py:109} INFO - [2021-11-29 16:36:51,358] {dag.py:2396} INFO - Sync 1 DAGs
[2021-11-29 16:36:51,378] {logging_mixin.py:109} WARNING - /usr/local/lib/python3.8/dist-packages/airflow/models/dag.py:2433 SAWarning: TypeDecorator UtcDateTime(timezone=True) will not produce a cache key because the ``cache_ok`` flag is not set to True.  Set this flag to True if this type object's state is safe to use in a cache key, or False to disable this warning.
[2021-11-29 16:36:51,399] {logging_mixin.py:109} INFO - [2021-11-29 16:36:51,399] {dag.py:2928} INFO - Setting next_dagrun for example_branch_operator to 2021-11-28 00:00:00+00:00
[2021-11-29 16:36:51,581] {processor.py:171} INFO - Processing /usr/local/lib/python3.8/dist-packages/airflow/example_dags/example_branch_operator.py took 0.467 seconds
[2021-11-29 16:37:45,987] {processor.py:163} INFO - Started process (PID=8930) to work on /usr/local/lib/python3.8/dist-packages/airflow/example_dags/example_branch_operator.py
[2021-11-29 16:37:46,015] {processor.py:625} INFO - Processing file /usr/local/lib/python3.8/dist-packages/airflow/example_dags/example_branch_operator.py for tasks to queue
[2021-11-29 16:37:46,016] {logging_mixin.py:109} INFO - [2021-11-29 16:37:46,015] {dagbag.py:500} INFO - Filling up the DagBag from /usr/local/lib/python3.8/dist-packages/airflow/example_dags/example_branch_operator.py
[2021-11-29 16:37:46,095] {processor.py:637} INFO - DAG(s) dict_keys(['example_branch_operator']) retrieved from /usr/local/lib/python3.8/dist-packages/airflow/example_dags/example_branch_operator.py
[2021-11-29 16:37:46,116] {logging_mixin.py:109} WARNING - /usr/local/lib/python3.8/dist-packages/airflow/models/serialized_dag.py:120 SAWarning: TypeDecorator UtcDateTime(timezone=True) will not produce a cache key because the ``cache_ok`` flag is not set to True.  Set this flag to True if this type object's state is safe to use in a cache key, or False to disable this warning.
[2021-11-29 16:37:46,134] {logging_mixin.py:109} INFO - [2021-11-29 16:37:46,133] {dag.py:2396} INFO - Sync 1 DAGs
[2021-11-29 16:37:46,154] {logging_mixin.py:109} WARNING - /usr/local/lib/python3.8/dist-packages/airflow/models/dag.py:2433 SAWarning: TypeDecorator UtcDateTime(timezone=True) will not produce a cache key because the ``cache_ok`` flag is not set to True.  Set this flag to True if this type object's state is safe to use in a cache key, or False to disable this warning.
[2021-11-29 16:37:46,168] {logging_mixin.py:109} INFO - [2021-11-29 16:37:46,168] {dag.py:2928} INFO - Setting next_dagrun for example_branch_operator to 2021-11-28 00:00:00+00:00
[2021-11-29 16:37:46,470] {processor.py:171} INFO - Processing /usr/local/lib/python3.8/dist-packages/airflow/example_dags/example_branch_operator.py took 0.490 seconds
[2021-11-29 16:38:42,765] {processor.py:163} INFO - Started process (PID=9098) to work on /usr/local/lib/python3.8/dist-packages/airflow/example_dags/example_branch_operator.py
[2021-11-29 16:38:42,804] {processor.py:625} INFO - Processing file /usr/local/lib/python3.8/dist-packages/airflow/example_dags/example_branch_operator.py for tasks to queue
[2021-11-29 16:38:42,805] {logging_mixin.py:109} INFO - [2021-11-29 16:38:42,805] {dagbag.py:500} INFO - Filling up the DagBag from /usr/local/lib/python3.8/dist-packages/airflow/example_dags/example_branch_operator.py
[2021-11-29 16:38:42,871] {processor.py:637} INFO - DAG(s) dict_keys(['example_branch_operator']) retrieved from /usr/local/lib/python3.8/dist-packages/airflow/example_dags/example_branch_operator.py
[2021-11-29 16:38:42,887] {logging_mixin.py:109} WARNING - /usr/local/lib/python3.8/dist-packages/airflow/models/serialized_dag.py:120 SAWarning: TypeDecorator UtcDateTime(timezone=True) will not produce a cache key because the ``cache_ok`` flag is not set to True.  Set this flag to True if this type object's state is safe to use in a cache key, or False to disable this warning.
[2021-11-29 16:38:42,900] {logging_mixin.py:109} INFO - [2021-11-29 16:38:42,899] {dag.py:2396} INFO - Sync 1 DAGs
[2021-11-29 16:38:42,918] {logging_mixin.py:109} WARNING - /usr/local/lib/python3.8/dist-packages/airflow/models/dag.py:2433 SAWarning: TypeDecorator UtcDateTime(timezone=True) will not produce a cache key because the ``cache_ok`` flag is not set to True.  Set this flag to True if this type object's state is safe to use in a cache key, or False to disable this warning.
[2021-11-29 16:38:42,933] {logging_mixin.py:109} INFO - [2021-11-29 16:38:42,933] {dag.py:2928} INFO - Setting next_dagrun for example_branch_operator to 2021-11-28 00:00:00+00:00
[2021-11-29 16:38:43,106] {processor.py:171} INFO - Processing /usr/local/lib/python3.8/dist-packages/airflow/example_dags/example_branch_operator.py took 0.346 seconds
[2021-11-29 16:39:37,004] {processor.py:163} INFO - Started process (PID=9262) to work on /usr/local/lib/python3.8/dist-packages/airflow/example_dags/example_branch_operator.py
[2021-11-29 16:39:37,037] {processor.py:625} INFO - Processing file /usr/local/lib/python3.8/dist-packages/airflow/example_dags/example_branch_operator.py for tasks to queue
[2021-11-29 16:39:37,038] {logging_mixin.py:109} INFO - [2021-11-29 16:39:37,038] {dagbag.py:500} INFO - Filling up the DagBag from /usr/local/lib/python3.8/dist-packages/airflow/example_dags/example_branch_operator.py
[2021-11-29 16:39:37,082] {processor.py:637} INFO - DAG(s) dict_keys(['example_branch_operator']) retrieved from /usr/local/lib/python3.8/dist-packages/airflow/example_dags/example_branch_operator.py
[2021-11-29 16:39:37,089] {logging_mixin.py:109} WARNING - /usr/local/lib/python3.8/dist-packages/airflow/models/serialized_dag.py:120 SAWarning: TypeDecorator UtcDateTime(timezone=True) will not produce a cache key because the ``cache_ok`` flag is not set to True.  Set this flag to True if this type object's state is safe to use in a cache key, or False to disable this warning.
[2021-11-29 16:39:37,108] {logging_mixin.py:109} INFO - [2021-11-29 16:39:37,107] {dag.py:2396} INFO - Sync 1 DAGs
[2021-11-29 16:39:37,127] {logging_mixin.py:109} WARNING - /usr/local/lib/python3.8/dist-packages/airflow/models/dag.py:2433 SAWarning: TypeDecorator UtcDateTime(timezone=True) will not produce a cache key because the ``cache_ok`` flag is not set to True.  Set this flag to True if this type object's state is safe to use in a cache key, or False to disable this warning.
[2021-11-29 16:39:37,141] {logging_mixin.py:109} INFO - [2021-11-29 16:39:37,141] {dag.py:2928} INFO - Setting next_dagrun for example_branch_operator to 2021-11-28 00:00:00+00:00
[2021-11-29 16:39:37,299] {processor.py:171} INFO - Processing /usr/local/lib/python3.8/dist-packages/airflow/example_dags/example_branch_operator.py took 0.299 seconds
[2021-11-29 16:40:31,478] {processor.py:163} INFO - Started process (PID=9425) to work on /usr/local/lib/python3.8/dist-packages/airflow/example_dags/example_branch_operator.py
[2021-11-29 16:40:31,496] {processor.py:625} INFO - Processing file /usr/local/lib/python3.8/dist-packages/airflow/example_dags/example_branch_operator.py for tasks to queue
[2021-11-29 16:40:31,497] {logging_mixin.py:109} INFO - [2021-11-29 16:40:31,497] {dagbag.py:500} INFO - Filling up the DagBag from /usr/local/lib/python3.8/dist-packages/airflow/example_dags/example_branch_operator.py
[2021-11-29 16:40:31,597] {processor.py:637} INFO - DAG(s) dict_keys(['example_branch_operator']) retrieved from /usr/local/lib/python3.8/dist-packages/airflow/example_dags/example_branch_operator.py
[2021-11-29 16:40:31,629] {logging_mixin.py:109} WARNING - /usr/local/lib/python3.8/dist-packages/airflow/models/serialized_dag.py:120 SAWarning: TypeDecorator UtcDateTime(timezone=True) will not produce a cache key because the ``cache_ok`` flag is not set to True.  Set this flag to True if this type object's state is safe to use in a cache key, or False to disable this warning.
[2021-11-29 16:40:31,671] {logging_mixin.py:109} INFO - [2021-11-29 16:40:31,671] {dag.py:2396} INFO - Sync 1 DAGs
[2021-11-29 16:40:31,707] {logging_mixin.py:109} WARNING - /usr/local/lib/python3.8/dist-packages/airflow/models/dag.py:2433 SAWarning: TypeDecorator UtcDateTime(timezone=True) will not produce a cache key because the ``cache_ok`` flag is not set to True.  Set this flag to True if this type object's state is safe to use in a cache key, or False to disable this warning.
[2021-11-29 16:40:31,728] {logging_mixin.py:109} INFO - [2021-11-29 16:40:31,728] {dag.py:2928} INFO - Setting next_dagrun for example_branch_operator to 2021-11-28 00:00:00+00:00
[2021-11-29 16:40:31,991] {processor.py:171} INFO - Processing /usr/local/lib/python3.8/dist-packages/airflow/example_dags/example_branch_operator.py took 0.517 seconds
[2021-11-29 16:41:29,497] {processor.py:163} INFO - Started process (PID=9587) to work on /usr/local/lib/python3.8/dist-packages/airflow/example_dags/example_branch_operator.py
[2021-11-29 16:41:29,521] {processor.py:625} INFO - Processing file /usr/local/lib/python3.8/dist-packages/airflow/example_dags/example_branch_operator.py for tasks to queue
[2021-11-29 16:41:29,522] {logging_mixin.py:109} INFO - [2021-11-29 16:41:29,522] {dagbag.py:500} INFO - Filling up the DagBag from /usr/local/lib/python3.8/dist-packages/airflow/example_dags/example_branch_operator.py
[2021-11-29 16:41:29,604] {processor.py:637} INFO - DAG(s) dict_keys(['example_branch_operator']) retrieved from /usr/local/lib/python3.8/dist-packages/airflow/example_dags/example_branch_operator.py
[2021-11-29 16:41:29,625] {logging_mixin.py:109} WARNING - /usr/local/lib/python3.8/dist-packages/airflow/models/serialized_dag.py:120 SAWarning: TypeDecorator UtcDateTime(timezone=True) will not produce a cache key because the ``cache_ok`` flag is not set to True.  Set this flag to True if this type object's state is safe to use in a cache key, or False to disable this warning.
[2021-11-29 16:41:29,672] {logging_mixin.py:109} INFO - [2021-11-29 16:41:29,672] {dag.py:2396} INFO - Sync 1 DAGs
[2021-11-29 16:41:29,699] {logging_mixin.py:109} WARNING - /usr/local/lib/python3.8/dist-packages/airflow/models/dag.py:2433 SAWarning: TypeDecorator UtcDateTime(timezone=True) will not produce a cache key because the ``cache_ok`` flag is not set to True.  Set this flag to True if this type object's state is safe to use in a cache key, or False to disable this warning.
[2021-11-29 16:41:29,736] {logging_mixin.py:109} INFO - [2021-11-29 16:41:29,735] {dag.py:2928} INFO - Setting next_dagrun for example_branch_operator to 2021-11-28 00:00:00+00:00
[2021-11-29 16:41:30,042] {processor.py:171} INFO - Processing /usr/local/lib/python3.8/dist-packages/airflow/example_dags/example_branch_operator.py took 0.561 seconds
[2021-11-29 16:42:29,986] {processor.py:163} INFO - Started process (PID=9765) to work on /usr/local/lib/python3.8/dist-packages/airflow/example_dags/example_branch_operator.py
[2021-11-29 16:42:29,998] {processor.py:625} INFO - Processing file /usr/local/lib/python3.8/dist-packages/airflow/example_dags/example_branch_operator.py for tasks to queue
[2021-11-29 16:42:29,999] {logging_mixin.py:109} INFO - [2021-11-29 16:42:29,999] {dagbag.py:500} INFO - Filling up the DagBag from /usr/local/lib/python3.8/dist-packages/airflow/example_dags/example_branch_operator.py
[2021-11-29 16:42:30,091] {processor.py:637} INFO - DAG(s) dict_keys(['example_branch_operator']) retrieved from /usr/local/lib/python3.8/dist-packages/airflow/example_dags/example_branch_operator.py
[2021-11-29 16:42:30,102] {logging_mixin.py:109} WARNING - /usr/local/lib/python3.8/dist-packages/airflow/models/serialized_dag.py:120 SAWarning: TypeDecorator UtcDateTime(timezone=True) will not produce a cache key because the ``cache_ok`` flag is not set to True.  Set this flag to True if this type object's state is safe to use in a cache key, or False to disable this warning.
[2021-11-29 16:42:30,122] {logging_mixin.py:109} INFO - [2021-11-29 16:42:30,121] {dag.py:2396} INFO - Sync 1 DAGs
[2021-11-29 16:42:30,145] {logging_mixin.py:109} WARNING - /usr/local/lib/python3.8/dist-packages/airflow/models/dag.py:2433 SAWarning: TypeDecorator UtcDateTime(timezone=True) will not produce a cache key because the ``cache_ok`` flag is not set to True.  Set this flag to True if this type object's state is safe to use in a cache key, or False to disable this warning.
[2021-11-29 16:42:30,162] {logging_mixin.py:109} INFO - [2021-11-29 16:42:30,161] {dag.py:2928} INFO - Setting next_dagrun for example_branch_operator to 2021-11-28 00:00:00+00:00
[2021-11-29 16:42:30,369] {processor.py:171} INFO - Processing /usr/local/lib/python3.8/dist-packages/airflow/example_dags/example_branch_operator.py took 0.398 seconds
[2021-11-29 16:43:24,271] {processor.py:163} INFO - Started process (PID=9935) to work on /usr/local/lib/python3.8/dist-packages/airflow/example_dags/example_branch_operator.py
[2021-11-29 16:43:24,311] {processor.py:625} INFO - Processing file /usr/local/lib/python3.8/dist-packages/airflow/example_dags/example_branch_operator.py for tasks to queue
[2021-11-29 16:43:24,312] {logging_mixin.py:109} INFO - [2021-11-29 16:43:24,312] {dagbag.py:500} INFO - Filling up the DagBag from /usr/local/lib/python3.8/dist-packages/airflow/example_dags/example_branch_operator.py
[2021-11-29 16:43:24,372] {processor.py:637} INFO - DAG(s) dict_keys(['example_branch_operator']) retrieved from /usr/local/lib/python3.8/dist-packages/airflow/example_dags/example_branch_operator.py
[2021-11-29 16:43:24,388] {logging_mixin.py:109} WARNING - /usr/local/lib/python3.8/dist-packages/airflow/models/serialized_dag.py:120 SAWarning: TypeDecorator UtcDateTime(timezone=True) will not produce a cache key because the ``cache_ok`` flag is not set to True.  Set this flag to True if this type object's state is safe to use in a cache key, or False to disable this warning.
[2021-11-29 16:43:24,439] {logging_mixin.py:109} INFO - [2021-11-29 16:43:24,439] {dag.py:2396} INFO - Sync 1 DAGs
[2021-11-29 16:43:24,489] {logging_mixin.py:109} WARNING - /usr/local/lib/python3.8/dist-packages/airflow/models/dag.py:2433 SAWarning: TypeDecorator UtcDateTime(timezone=True) will not produce a cache key because the ``cache_ok`` flag is not set to True.  Set this flag to True if this type object's state is safe to use in a cache key, or False to disable this warning.
[2021-11-29 16:43:24,514] {logging_mixin.py:109} INFO - [2021-11-29 16:43:24,513] {dag.py:2928} INFO - Setting next_dagrun for example_branch_operator to 2021-11-28 00:00:00+00:00
[2021-11-29 16:43:24,694] {processor.py:171} INFO - Processing /usr/local/lib/python3.8/dist-packages/airflow/example_dags/example_branch_operator.py took 0.428 seconds
[2021-11-29 16:44:17,849] {processor.py:163} INFO - Started process (PID=10094) to work on /usr/local/lib/python3.8/dist-packages/airflow/example_dags/example_branch_operator.py
[2021-11-29 16:44:17,858] {processor.py:625} INFO - Processing file /usr/local/lib/python3.8/dist-packages/airflow/example_dags/example_branch_operator.py for tasks to queue
[2021-11-29 16:44:17,859] {logging_mixin.py:109} INFO - [2021-11-29 16:44:17,858] {dagbag.py:500} INFO - Filling up the DagBag from /usr/local/lib/python3.8/dist-packages/airflow/example_dags/example_branch_operator.py
[2021-11-29 16:44:17,931] {processor.py:637} INFO - DAG(s) dict_keys(['example_branch_operator']) retrieved from /usr/local/lib/python3.8/dist-packages/airflow/example_dags/example_branch_operator.py
[2021-11-29 16:44:17,948] {logging_mixin.py:109} WARNING - /usr/local/lib/python3.8/dist-packages/airflow/models/serialized_dag.py:120 SAWarning: TypeDecorator UtcDateTime(timezone=True) will not produce a cache key because the ``cache_ok`` flag is not set to True.  Set this flag to True if this type object's state is safe to use in a cache key, or False to disable this warning.
[2021-11-29 16:44:17,974] {logging_mixin.py:109} INFO - [2021-11-29 16:44:17,974] {dag.py:2396} INFO - Sync 1 DAGs
[2021-11-29 16:44:18,047] {logging_mixin.py:109} WARNING - /usr/local/lib/python3.8/dist-packages/airflow/models/dag.py:2433 SAWarning: TypeDecorator UtcDateTime(timezone=True) will not produce a cache key because the ``cache_ok`` flag is not set to True.  Set this flag to True if this type object's state is safe to use in a cache key, or False to disable this warning.
[2021-11-29 16:44:18,070] {logging_mixin.py:109} INFO - [2021-11-29 16:44:18,070] {dag.py:2928} INFO - Setting next_dagrun for example_branch_operator to 2021-11-28 00:00:00+00:00
[2021-11-29 16:44:18,276] {processor.py:171} INFO - Processing /usr/local/lib/python3.8/dist-packages/airflow/example_dags/example_branch_operator.py took 0.443 seconds
[2021-11-29 16:45:15,089] {processor.py:163} INFO - Started process (PID=10267) to work on /usr/local/lib/python3.8/dist-packages/airflow/example_dags/example_branch_operator.py
[2021-11-29 16:45:15,104] {processor.py:625} INFO - Processing file /usr/local/lib/python3.8/dist-packages/airflow/example_dags/example_branch_operator.py for tasks to queue
[2021-11-29 16:45:15,106] {logging_mixin.py:109} INFO - [2021-11-29 16:45:15,106] {dagbag.py:500} INFO - Filling up the DagBag from /usr/local/lib/python3.8/dist-packages/airflow/example_dags/example_branch_operator.py
[2021-11-29 16:45:15,158] {processor.py:637} INFO - DAG(s) dict_keys(['example_branch_operator']) retrieved from /usr/local/lib/python3.8/dist-packages/airflow/example_dags/example_branch_operator.py
[2021-11-29 16:45:15,165] {logging_mixin.py:109} WARNING - /usr/local/lib/python3.8/dist-packages/airflow/models/serialized_dag.py:120 SAWarning: TypeDecorator UtcDateTime(timezone=True) will not produce a cache key because the ``cache_ok`` flag is not set to True.  Set this flag to True if this type object's state is safe to use in a cache key, or False to disable this warning.
[2021-11-29 16:45:15,183] {logging_mixin.py:109} INFO - [2021-11-29 16:45:15,183] {dag.py:2396} INFO - Sync 1 DAGs
[2021-11-29 16:45:15,218] {logging_mixin.py:109} WARNING - /usr/local/lib/python3.8/dist-packages/airflow/models/dag.py:2433 SAWarning: TypeDecorator UtcDateTime(timezone=True) will not produce a cache key because the ``cache_ok`` flag is not set to True.  Set this flag to True if this type object's state is safe to use in a cache key, or False to disable this warning.
[2021-11-29 16:45:15,249] {logging_mixin.py:109} INFO - [2021-11-29 16:45:15,249] {dag.py:2928} INFO - Setting next_dagrun for example_branch_operator to 2021-11-28 00:00:00+00:00
[2021-11-29 16:45:15,446] {processor.py:171} INFO - Processing /usr/local/lib/python3.8/dist-packages/airflow/example_dags/example_branch_operator.py took 0.372 seconds
[2021-11-29 16:46:10,974] {processor.py:163} INFO - Started process (PID=10434) to work on /usr/local/lib/python3.8/dist-packages/airflow/example_dags/example_branch_operator.py
[2021-11-29 16:46:11,016] {processor.py:625} INFO - Processing file /usr/local/lib/python3.8/dist-packages/airflow/example_dags/example_branch_operator.py for tasks to queue
[2021-11-29 16:46:11,017] {logging_mixin.py:109} INFO - [2021-11-29 16:46:11,017] {dagbag.py:500} INFO - Filling up the DagBag from /usr/local/lib/python3.8/dist-packages/airflow/example_dags/example_branch_operator.py
[2021-11-29 16:46:11,059] {processor.py:637} INFO - DAG(s) dict_keys(['example_branch_operator']) retrieved from /usr/local/lib/python3.8/dist-packages/airflow/example_dags/example_branch_operator.py
[2021-11-29 16:46:11,065] {logging_mixin.py:109} WARNING - /usr/local/lib/python3.8/dist-packages/airflow/models/serialized_dag.py:120 SAWarning: TypeDecorator UtcDateTime(timezone=True) will not produce a cache key because the ``cache_ok`` flag is not set to True.  Set this flag to True if this type object's state is safe to use in a cache key, or False to disable this warning.
[2021-11-29 16:46:11,092] {logging_mixin.py:109} INFO - [2021-11-29 16:46:11,092] {dag.py:2396} INFO - Sync 1 DAGs
[2021-11-29 16:46:11,127] {logging_mixin.py:109} WARNING - /usr/local/lib/python3.8/dist-packages/airflow/models/dag.py:2433 SAWarning: TypeDecorator UtcDateTime(timezone=True) will not produce a cache key because the ``cache_ok`` flag is not set to True.  Set this flag to True if this type object's state is safe to use in a cache key, or False to disable this warning.
[2021-11-29 16:46:11,153] {logging_mixin.py:109} INFO - [2021-11-29 16:46:11,153] {dag.py:2928} INFO - Setting next_dagrun for example_branch_operator to 2021-11-28 00:00:00+00:00
[2021-11-29 16:46:11,386] {processor.py:171} INFO - Processing /usr/local/lib/python3.8/dist-packages/airflow/example_dags/example_branch_operator.py took 0.416 seconds
