[2021-11-29 16:15:02,791] {processor.py:163} INFO - Started process (PID=4902) to work on /usr/local/lib/python3.8/dist-packages/airflow/example_dags/example_branch_day_of_week_operator.py
[2021-11-29 16:15:02,792] {processor.py:625} INFO - Processing file /usr/local/lib/python3.8/dist-packages/airflow/example_dags/example_branch_day_of_week_operator.py for tasks to queue
[2021-11-29 16:15:02,793] {logging_mixin.py:109} INFO - [2021-11-29 16:15:02,793] {dagbag.py:500} INFO - Filling up the DagBag from /usr/local/lib/python3.8/dist-packages/airflow/example_dags/example_branch_day_of_week_operator.py
[2021-11-29 16:15:02,881] {processor.py:637} INFO - DAG(s) dict_keys(['example_weekday_branch_operator']) retrieved from /usr/local/lib/python3.8/dist-packages/airflow/example_dags/example_branch_day_of_week_operator.py
[2021-11-29 16:15:02,897] {logging_mixin.py:109} WARNING - /usr/local/lib/python3.8/dist-packages/airflow/models/serialized_dag.py:120 SAWarning: TypeDecorator UtcDateTime(timezone=True) will not produce a cache key because the ``cache_ok`` flag is not set to True.  Set this flag to True if this type object's state is safe to use in a cache key, or False to disable this warning.
[2021-11-29 16:15:02,932] {logging_mixin.py:109} INFO - [2021-11-29 16:15:02,932] {dag.py:2396} INFO - Sync 1 DAGs
[2021-11-29 16:15:02,991] {logging_mixin.py:109} WARNING - /usr/local/lib/python3.8/dist-packages/airflow/models/dag.py:2433 SAWarning: TypeDecorator UtcDateTime(timezone=True) will not produce a cache key because the ``cache_ok`` flag is not set to True.  Set this flag to True if this type object's state is safe to use in a cache key, or False to disable this warning.
[2021-11-29 16:15:03,076] {logging_mixin.py:109} INFO - [2021-11-29 16:15:03,076] {dag.py:2928} INFO - Setting next_dagrun for example_weekday_branch_operator to 2021-11-28 00:00:00+00:00
[2021-11-29 16:15:03,699] {processor.py:171} INFO - Processing /usr/local/lib/python3.8/dist-packages/airflow/example_dags/example_branch_day_of_week_operator.py took 0.938 seconds
[2021-11-29 16:16:04,302] {processor.py:163} INFO - Started process (PID=5072) to work on /usr/local/lib/python3.8/dist-packages/airflow/example_dags/example_branch_day_of_week_operator.py
[2021-11-29 16:16:04,312] {processor.py:625} INFO - Processing file /usr/local/lib/python3.8/dist-packages/airflow/example_dags/example_branch_day_of_week_operator.py for tasks to queue
[2021-11-29 16:16:04,313] {logging_mixin.py:109} INFO - [2021-11-29 16:16:04,312] {dagbag.py:500} INFO - Filling up the DagBag from /usr/local/lib/python3.8/dist-packages/airflow/example_dags/example_branch_day_of_week_operator.py
[2021-11-29 16:16:04,436] {processor.py:637} INFO - DAG(s) dict_keys(['example_weekday_branch_operator']) retrieved from /usr/local/lib/python3.8/dist-packages/airflow/example_dags/example_branch_day_of_week_operator.py
[2021-11-29 16:16:04,444] {logging_mixin.py:109} WARNING - /usr/local/lib/python3.8/dist-packages/airflow/models/serialized_dag.py:120 SAWarning: TypeDecorator UtcDateTime(timezone=True) will not produce a cache key because the ``cache_ok`` flag is not set to True.  Set this flag to True if this type object's state is safe to use in a cache key, or False to disable this warning.
[2021-11-29 16:16:04,478] {logging_mixin.py:109} INFO - [2021-11-29 16:16:04,478] {dag.py:2396} INFO - Sync 1 DAGs
[2021-11-29 16:16:04,531] {logging_mixin.py:109} WARNING - /usr/local/lib/python3.8/dist-packages/airflow/models/dag.py:2433 SAWarning: TypeDecorator UtcDateTime(timezone=True) will not produce a cache key because the ``cache_ok`` flag is not set to True.  Set this flag to True if this type object's state is safe to use in a cache key, or False to disable this warning.
[2021-11-29 16:16:04,583] {logging_mixin.py:109} INFO - [2021-11-29 16:16:04,583] {dag.py:2928} INFO - Setting next_dagrun for example_weekday_branch_operator to 2021-11-28 00:00:00+00:00
[2021-11-29 16:16:05,056] {processor.py:171} INFO - Processing /usr/local/lib/python3.8/dist-packages/airflow/example_dags/example_branch_day_of_week_operator.py took 0.782 seconds
[2021-11-29 16:17:05,059] {processor.py:163} INFO - Started process (PID=5242) to work on /usr/local/lib/python3.8/dist-packages/airflow/example_dags/example_branch_day_of_week_operator.py
[2021-11-29 16:17:05,091] {processor.py:625} INFO - Processing file /usr/local/lib/python3.8/dist-packages/airflow/example_dags/example_branch_day_of_week_operator.py for tasks to queue
[2021-11-29 16:17:05,092] {logging_mixin.py:109} INFO - [2021-11-29 16:17:05,091] {dagbag.py:500} INFO - Filling up the DagBag from /usr/local/lib/python3.8/dist-packages/airflow/example_dags/example_branch_day_of_week_operator.py
[2021-11-29 16:17:05,207] {processor.py:637} INFO - DAG(s) dict_keys(['example_weekday_branch_operator']) retrieved from /usr/local/lib/python3.8/dist-packages/airflow/example_dags/example_branch_day_of_week_operator.py
[2021-11-29 16:17:05,226] {logging_mixin.py:109} WARNING - /usr/local/lib/python3.8/dist-packages/airflow/models/serialized_dag.py:120 SAWarning: TypeDecorator UtcDateTime(timezone=True) will not produce a cache key because the ``cache_ok`` flag is not set to True.  Set this flag to True if this type object's state is safe to use in a cache key, or False to disable this warning.
[2021-11-29 16:17:05,240] {logging_mixin.py:109} INFO - [2021-11-29 16:17:05,240] {dag.py:2396} INFO - Sync 1 DAGs
[2021-11-29 16:17:05,271] {logging_mixin.py:109} WARNING - /usr/local/lib/python3.8/dist-packages/airflow/models/dag.py:2433 SAWarning: TypeDecorator UtcDateTime(timezone=True) will not produce a cache key because the ``cache_ok`` flag is not set to True.  Set this flag to True if this type object's state is safe to use in a cache key, or False to disable this warning.
[2021-11-29 16:17:05,305] {logging_mixin.py:109} INFO - [2021-11-29 16:17:05,305] {dag.py:2928} INFO - Setting next_dagrun for example_weekday_branch_operator to 2021-11-28 00:00:00+00:00
[2021-11-29 16:17:05,806] {processor.py:171} INFO - Processing /usr/local/lib/python3.8/dist-packages/airflow/example_dags/example_branch_day_of_week_operator.py took 0.779 seconds
[2021-11-29 16:18:01,865] {processor.py:163} INFO - Started process (PID=5429) to work on /usr/local/lib/python3.8/dist-packages/airflow/example_dags/example_branch_day_of_week_operator.py
[2021-11-29 16:18:01,926] {processor.py:625} INFO - Processing file /usr/local/lib/python3.8/dist-packages/airflow/example_dags/example_branch_day_of_week_operator.py for tasks to queue
[2021-11-29 16:18:01,927] {logging_mixin.py:109} INFO - [2021-11-29 16:18:01,926] {dagbag.py:500} INFO - Filling up the DagBag from /usr/local/lib/python3.8/dist-packages/airflow/example_dags/example_branch_day_of_week_operator.py
[2021-11-29 16:18:01,985] {processor.py:637} INFO - DAG(s) dict_keys(['example_weekday_branch_operator']) retrieved from /usr/local/lib/python3.8/dist-packages/airflow/example_dags/example_branch_day_of_week_operator.py
[2021-11-29 16:18:01,992] {logging_mixin.py:109} WARNING - /usr/local/lib/python3.8/dist-packages/airflow/models/serialized_dag.py:120 SAWarning: TypeDecorator UtcDateTime(timezone=True) will not produce a cache key because the ``cache_ok`` flag is not set to True.  Set this flag to True if this type object's state is safe to use in a cache key, or False to disable this warning.
[2021-11-29 16:18:02,005] {logging_mixin.py:109} INFO - [2021-11-29 16:18:02,005] {dag.py:2396} INFO - Sync 1 DAGs
[2021-11-29 16:18:02,023] {logging_mixin.py:109} WARNING - /usr/local/lib/python3.8/dist-packages/airflow/models/dag.py:2433 SAWarning: TypeDecorator UtcDateTime(timezone=True) will not produce a cache key because the ``cache_ok`` flag is not set to True.  Set this flag to True if this type object's state is safe to use in a cache key, or False to disable this warning.
[2021-11-29 16:18:02,037] {logging_mixin.py:109} INFO - [2021-11-29 16:18:02,037] {dag.py:2928} INFO - Setting next_dagrun for example_weekday_branch_operator to 2021-11-28 00:00:00+00:00
[2021-11-29 16:18:02,206] {processor.py:171} INFO - Processing /usr/local/lib/python3.8/dist-packages/airflow/example_dags/example_branch_day_of_week_operator.py took 0.346 seconds
[2021-11-29 16:19:00,065] {processor.py:163} INFO - Started process (PID=5598) to work on /usr/local/lib/python3.8/dist-packages/airflow/example_dags/example_branch_day_of_week_operator.py
[2021-11-29 16:19:00,105] {processor.py:625} INFO - Processing file /usr/local/lib/python3.8/dist-packages/airflow/example_dags/example_branch_day_of_week_operator.py for tasks to queue
[2021-11-29 16:19:00,106] {logging_mixin.py:109} INFO - [2021-11-29 16:19:00,106] {dagbag.py:500} INFO - Filling up the DagBag from /usr/local/lib/python3.8/dist-packages/airflow/example_dags/example_branch_day_of_week_operator.py
[2021-11-29 16:19:00,151] {processor.py:637} INFO - DAG(s) dict_keys(['example_weekday_branch_operator']) retrieved from /usr/local/lib/python3.8/dist-packages/airflow/example_dags/example_branch_day_of_week_operator.py
[2021-11-29 16:19:00,158] {logging_mixin.py:109} WARNING - /usr/local/lib/python3.8/dist-packages/airflow/models/serialized_dag.py:120 SAWarning: TypeDecorator UtcDateTime(timezone=True) will not produce a cache key because the ``cache_ok`` flag is not set to True.  Set this flag to True if this type object's state is safe to use in a cache key, or False to disable this warning.
[2021-11-29 16:19:00,175] {logging_mixin.py:109} INFO - [2021-11-29 16:19:00,175] {dag.py:2396} INFO - Sync 1 DAGs
[2021-11-29 16:19:00,194] {logging_mixin.py:109} WARNING - /usr/local/lib/python3.8/dist-packages/airflow/models/dag.py:2433 SAWarning: TypeDecorator UtcDateTime(timezone=True) will not produce a cache key because the ``cache_ok`` flag is not set to True.  Set this flag to True if this type object's state is safe to use in a cache key, or False to disable this warning.
[2021-11-29 16:19:00,208] {logging_mixin.py:109} INFO - [2021-11-29 16:19:00,208] {dag.py:2928} INFO - Setting next_dagrun for example_weekday_branch_operator to 2021-11-28 00:00:00+00:00
[2021-11-29 16:19:00,519] {processor.py:171} INFO - Processing /usr/local/lib/python3.8/dist-packages/airflow/example_dags/example_branch_day_of_week_operator.py took 0.460 seconds
[2021-11-29 16:19:55,555] {processor.py:163} INFO - Started process (PID=5766) to work on /usr/local/lib/python3.8/dist-packages/airflow/example_dags/example_branch_day_of_week_operator.py
[2021-11-29 16:19:55,595] {processor.py:625} INFO - Processing file /usr/local/lib/python3.8/dist-packages/airflow/example_dags/example_branch_day_of_week_operator.py for tasks to queue
[2021-11-29 16:19:55,595] {logging_mixin.py:109} INFO - [2021-11-29 16:19:55,595] {dagbag.py:500} INFO - Filling up the DagBag from /usr/local/lib/python3.8/dist-packages/airflow/example_dags/example_branch_day_of_week_operator.py
[2021-11-29 16:19:55,661] {processor.py:637} INFO - DAG(s) dict_keys(['example_weekday_branch_operator']) retrieved from /usr/local/lib/python3.8/dist-packages/airflow/example_dags/example_branch_day_of_week_operator.py
[2021-11-29 16:19:55,687] {logging_mixin.py:109} WARNING - /usr/local/lib/python3.8/dist-packages/airflow/models/serialized_dag.py:120 SAWarning: TypeDecorator UtcDateTime(timezone=True) will not produce a cache key because the ``cache_ok`` flag is not set to True.  Set this flag to True if this type object's state is safe to use in a cache key, or False to disable this warning.
[2021-11-29 16:19:55,712] {logging_mixin.py:109} INFO - [2021-11-29 16:19:55,712] {dag.py:2396} INFO - Sync 1 DAGs
[2021-11-29 16:19:55,753] {logging_mixin.py:109} WARNING - /usr/local/lib/python3.8/dist-packages/airflow/models/dag.py:2433 SAWarning: TypeDecorator UtcDateTime(timezone=True) will not produce a cache key because the ``cache_ok`` flag is not set to True.  Set this flag to True if this type object's state is safe to use in a cache key, or False to disable this warning.
[2021-11-29 16:19:55,796] {logging_mixin.py:109} INFO - [2021-11-29 16:19:55,795] {dag.py:2928} INFO - Setting next_dagrun for example_weekday_branch_operator to 2021-11-28 00:00:00+00:00
[2021-11-29 16:19:55,977] {processor.py:171} INFO - Processing /usr/local/lib/python3.8/dist-packages/airflow/example_dags/example_branch_day_of_week_operator.py took 0.437 seconds
[2021-11-29 16:20:48,475] {processor.py:163} INFO - Started process (PID=5936) to work on /usr/local/lib/python3.8/dist-packages/airflow/example_dags/example_branch_day_of_week_operator.py
[2021-11-29 16:20:48,537] {processor.py:625} INFO - Processing file /usr/local/lib/python3.8/dist-packages/airflow/example_dags/example_branch_day_of_week_operator.py for tasks to queue
[2021-11-29 16:20:48,538] {logging_mixin.py:109} INFO - [2021-11-29 16:20:48,538] {dagbag.py:500} INFO - Filling up the DagBag from /usr/local/lib/python3.8/dist-packages/airflow/example_dags/example_branch_day_of_week_operator.py
[2021-11-29 16:20:48,620] {processor.py:637} INFO - DAG(s) dict_keys(['example_weekday_branch_operator']) retrieved from /usr/local/lib/python3.8/dist-packages/airflow/example_dags/example_branch_day_of_week_operator.py
[2021-11-29 16:20:48,631] {logging_mixin.py:109} WARNING - /usr/local/lib/python3.8/dist-packages/airflow/models/serialized_dag.py:120 SAWarning: TypeDecorator UtcDateTime(timezone=True) will not produce a cache key because the ``cache_ok`` flag is not set to True.  Set this flag to True if this type object's state is safe to use in a cache key, or False to disable this warning.
[2021-11-29 16:20:48,668] {logging_mixin.py:109} INFO - [2021-11-29 16:20:48,667] {dag.py:2396} INFO - Sync 1 DAGs
[2021-11-29 16:20:48,726] {logging_mixin.py:109} WARNING - /usr/local/lib/python3.8/dist-packages/airflow/models/dag.py:2433 SAWarning: TypeDecorator UtcDateTime(timezone=True) will not produce a cache key because the ``cache_ok`` flag is not set to True.  Set this flag to True if this type object's state is safe to use in a cache key, or False to disable this warning.
[2021-11-29 16:20:48,755] {logging_mixin.py:109} INFO - [2021-11-29 16:20:48,754] {dag.py:2928} INFO - Setting next_dagrun for example_weekday_branch_operator to 2021-11-28 00:00:00+00:00
[2021-11-29 16:20:48,951] {processor.py:171} INFO - Processing /usr/local/lib/python3.8/dist-packages/airflow/example_dags/example_branch_day_of_week_operator.py took 0.482 seconds
[2021-11-29 16:21:43,068] {processor.py:163} INFO - Started process (PID=6107) to work on /usr/local/lib/python3.8/dist-packages/airflow/example_dags/example_branch_day_of_week_operator.py
[2021-11-29 16:21:43,116] {processor.py:625} INFO - Processing file /usr/local/lib/python3.8/dist-packages/airflow/example_dags/example_branch_day_of_week_operator.py for tasks to queue
[2021-11-29 16:21:43,117] {logging_mixin.py:109} INFO - [2021-11-29 16:21:43,117] {dagbag.py:500} INFO - Filling up the DagBag from /usr/local/lib/python3.8/dist-packages/airflow/example_dags/example_branch_day_of_week_operator.py
[2021-11-29 16:21:43,196] {processor.py:637} INFO - DAG(s) dict_keys(['example_weekday_branch_operator']) retrieved from /usr/local/lib/python3.8/dist-packages/airflow/example_dags/example_branch_day_of_week_operator.py
[2021-11-29 16:21:43,202] {logging_mixin.py:109} WARNING - /usr/local/lib/python3.8/dist-packages/airflow/models/serialized_dag.py:120 SAWarning: TypeDecorator UtcDateTime(timezone=True) will not produce a cache key because the ``cache_ok`` flag is not set to True.  Set this flag to True if this type object's state is safe to use in a cache key, or False to disable this warning.
[2021-11-29 16:21:43,235] {logging_mixin.py:109} INFO - [2021-11-29 16:21:43,215] {dag.py:2396} INFO - Sync 1 DAGs
[2021-11-29 16:21:43,264] {logging_mixin.py:109} WARNING - /usr/local/lib/python3.8/dist-packages/airflow/models/dag.py:2433 SAWarning: TypeDecorator UtcDateTime(timezone=True) will not produce a cache key because the ``cache_ok`` flag is not set to True.  Set this flag to True if this type object's state is safe to use in a cache key, or False to disable this warning.
[2021-11-29 16:21:43,288] {logging_mixin.py:109} INFO - [2021-11-29 16:21:43,288] {dag.py:2928} INFO - Setting next_dagrun for example_weekday_branch_operator to 2021-11-28 00:00:00+00:00
[2021-11-29 16:21:43,559] {processor.py:171} INFO - Processing /usr/local/lib/python3.8/dist-packages/airflow/example_dags/example_branch_day_of_week_operator.py took 0.506 seconds
[2021-11-29 16:22:41,686] {processor.py:163} INFO - Started process (PID=6291) to work on /usr/local/lib/python3.8/dist-packages/airflow/example_dags/example_branch_day_of_week_operator.py
[2021-11-29 16:22:41,725] {processor.py:625} INFO - Processing file /usr/local/lib/python3.8/dist-packages/airflow/example_dags/example_branch_day_of_week_operator.py for tasks to queue
[2021-11-29 16:22:41,726] {logging_mixin.py:109} INFO - [2021-11-29 16:22:41,726] {dagbag.py:500} INFO - Filling up the DagBag from /usr/local/lib/python3.8/dist-packages/airflow/example_dags/example_branch_day_of_week_operator.py
[2021-11-29 16:22:41,805] {processor.py:637} INFO - DAG(s) dict_keys(['example_weekday_branch_operator']) retrieved from /usr/local/lib/python3.8/dist-packages/airflow/example_dags/example_branch_day_of_week_operator.py
[2021-11-29 16:22:41,814] {logging_mixin.py:109} WARNING - /usr/local/lib/python3.8/dist-packages/airflow/models/serialized_dag.py:120 SAWarning: TypeDecorator UtcDateTime(timezone=True) will not produce a cache key because the ``cache_ok`` flag is not set to True.  Set this flag to True if this type object's state is safe to use in a cache key, or False to disable this warning.
[2021-11-29 16:22:41,847] {logging_mixin.py:109} INFO - [2021-11-29 16:22:41,847] {dag.py:2396} INFO - Sync 1 DAGs
[2021-11-29 16:22:41,875] {logging_mixin.py:109} WARNING - /usr/local/lib/python3.8/dist-packages/airflow/models/dag.py:2433 SAWarning: TypeDecorator UtcDateTime(timezone=True) will not produce a cache key because the ``cache_ok`` flag is not set to True.  Set this flag to True if this type object's state is safe to use in a cache key, or False to disable this warning.
[2021-11-29 16:22:41,908] {logging_mixin.py:109} INFO - [2021-11-29 16:22:41,908] {dag.py:2928} INFO - Setting next_dagrun for example_weekday_branch_operator to 2021-11-28 00:00:00+00:00
[2021-11-29 16:22:42,194] {processor.py:171} INFO - Processing /usr/local/lib/python3.8/dist-packages/airflow/example_dags/example_branch_day_of_week_operator.py took 0.524 seconds
[2021-11-29 16:23:36,635] {processor.py:163} INFO - Started process (PID=6464) to work on /usr/local/lib/python3.8/dist-packages/airflow/example_dags/example_branch_day_of_week_operator.py
[2021-11-29 16:23:36,682] {processor.py:625} INFO - Processing file /usr/local/lib/python3.8/dist-packages/airflow/example_dags/example_branch_day_of_week_operator.py for tasks to queue
[2021-11-29 16:23:36,683] {logging_mixin.py:109} INFO - [2021-11-29 16:23:36,683] {dagbag.py:500} INFO - Filling up the DagBag from /usr/local/lib/python3.8/dist-packages/airflow/example_dags/example_branch_day_of_week_operator.py
[2021-11-29 16:23:36,783] {processor.py:637} INFO - DAG(s) dict_keys(['example_weekday_branch_operator']) retrieved from /usr/local/lib/python3.8/dist-packages/airflow/example_dags/example_branch_day_of_week_operator.py
[2021-11-29 16:23:36,800] {logging_mixin.py:109} WARNING - /usr/local/lib/python3.8/dist-packages/airflow/models/serialized_dag.py:120 SAWarning: TypeDecorator UtcDateTime(timezone=True) will not produce a cache key because the ``cache_ok`` flag is not set to True.  Set this flag to True if this type object's state is safe to use in a cache key, or False to disable this warning.
[2021-11-29 16:23:36,823] {logging_mixin.py:109} INFO - [2021-11-29 16:23:36,823] {dag.py:2396} INFO - Sync 1 DAGs
[2021-11-29 16:23:36,880] {logging_mixin.py:109} WARNING - /usr/local/lib/python3.8/dist-packages/airflow/models/dag.py:2433 SAWarning: TypeDecorator UtcDateTime(timezone=True) will not produce a cache key because the ``cache_ok`` flag is not set to True.  Set this flag to True if this type object's state is safe to use in a cache key, or False to disable this warning.
[2021-11-29 16:23:36,916] {logging_mixin.py:109} INFO - [2021-11-29 16:23:36,916] {dag.py:2928} INFO - Setting next_dagrun for example_weekday_branch_operator to 2021-11-28 00:00:00+00:00
[2021-11-29 16:23:37,149] {processor.py:171} INFO - Processing /usr/local/lib/python3.8/dist-packages/airflow/example_dags/example_branch_day_of_week_operator.py took 0.519 seconds
[2021-11-29 16:24:35,950] {processor.py:163} INFO - Started process (PID=6622) to work on /usr/local/lib/python3.8/dist-packages/airflow/example_dags/example_branch_day_of_week_operator.py
[2021-11-29 16:24:35,977] {processor.py:625} INFO - Processing file /usr/local/lib/python3.8/dist-packages/airflow/example_dags/example_branch_day_of_week_operator.py for tasks to queue
[2021-11-29 16:24:35,977] {logging_mixin.py:109} INFO - [2021-11-29 16:24:35,977] {dagbag.py:500} INFO - Filling up the DagBag from /usr/local/lib/python3.8/dist-packages/airflow/example_dags/example_branch_day_of_week_operator.py
[2021-11-29 16:24:36,065] {processor.py:637} INFO - DAG(s) dict_keys(['example_weekday_branch_operator']) retrieved from /usr/local/lib/python3.8/dist-packages/airflow/example_dags/example_branch_day_of_week_operator.py
[2021-11-29 16:24:36,074] {logging_mixin.py:109} WARNING - /usr/local/lib/python3.8/dist-packages/airflow/models/serialized_dag.py:120 SAWarning: TypeDecorator UtcDateTime(timezone=True) will not produce a cache key because the ``cache_ok`` flag is not set to True.  Set this flag to True if this type object's state is safe to use in a cache key, or False to disable this warning.
[2021-11-29 16:24:36,105] {logging_mixin.py:109} INFO - [2021-11-29 16:24:36,105] {dag.py:2396} INFO - Sync 1 DAGs
[2021-11-29 16:24:36,138] {logging_mixin.py:109} WARNING - /usr/local/lib/python3.8/dist-packages/airflow/models/dag.py:2433 SAWarning: TypeDecorator UtcDateTime(timezone=True) will not produce a cache key because the ``cache_ok`` flag is not set to True.  Set this flag to True if this type object's state is safe to use in a cache key, or False to disable this warning.
[2021-11-29 16:24:36,156] {logging_mixin.py:109} INFO - [2021-11-29 16:24:36,155] {dag.py:2928} INFO - Setting next_dagrun for example_weekday_branch_operator to 2021-11-28 00:00:00+00:00
[2021-11-29 16:24:36,596] {processor.py:171} INFO - Processing /usr/local/lib/python3.8/dist-packages/airflow/example_dags/example_branch_day_of_week_operator.py took 0.672 seconds
[2021-11-29 16:25:34,858] {processor.py:163} INFO - Started process (PID=6795) to work on /usr/local/lib/python3.8/dist-packages/airflow/example_dags/example_branch_day_of_week_operator.py
[2021-11-29 16:25:34,905] {processor.py:625} INFO - Processing file /usr/local/lib/python3.8/dist-packages/airflow/example_dags/example_branch_day_of_week_operator.py for tasks to queue
[2021-11-29 16:25:34,905] {logging_mixin.py:109} INFO - [2021-11-29 16:25:34,905] {dagbag.py:500} INFO - Filling up the DagBag from /usr/local/lib/python3.8/dist-packages/airflow/example_dags/example_branch_day_of_week_operator.py
[2021-11-29 16:25:34,962] {processor.py:637} INFO - DAG(s) dict_keys(['example_weekday_branch_operator']) retrieved from /usr/local/lib/python3.8/dist-packages/airflow/example_dags/example_branch_day_of_week_operator.py
[2021-11-29 16:25:35,025] {logging_mixin.py:109} WARNING - /usr/local/lib/python3.8/dist-packages/airflow/models/serialized_dag.py:120 SAWarning: TypeDecorator UtcDateTime(timezone=True) will not produce a cache key because the ``cache_ok`` flag is not set to True.  Set this flag to True if this type object's state is safe to use in a cache key, or False to disable this warning.
[2021-11-29 16:25:35,061] {logging_mixin.py:109} INFO - [2021-11-29 16:25:35,061] {dag.py:2396} INFO - Sync 1 DAGs
[2021-11-29 16:25:35,099] {logging_mixin.py:109} WARNING - /usr/local/lib/python3.8/dist-packages/airflow/models/dag.py:2433 SAWarning: TypeDecorator UtcDateTime(timezone=True) will not produce a cache key because the ``cache_ok`` flag is not set to True.  Set this flag to True if this type object's state is safe to use in a cache key, or False to disable this warning.
[2021-11-29 16:25:35,136] {logging_mixin.py:109} INFO - [2021-11-29 16:25:35,136] {dag.py:2928} INFO - Setting next_dagrun for example_weekday_branch_operator to 2021-11-28 00:00:00+00:00
[2021-11-29 16:25:35,398] {processor.py:171} INFO - Processing /usr/local/lib/python3.8/dist-packages/airflow/example_dags/example_branch_day_of_week_operator.py took 0.571 seconds
[2021-11-29 16:26:29,496] {processor.py:163} INFO - Started process (PID=6966) to work on /usr/local/lib/python3.8/dist-packages/airflow/example_dags/example_branch_day_of_week_operator.py
[2021-11-29 16:26:29,530] {processor.py:625} INFO - Processing file /usr/local/lib/python3.8/dist-packages/airflow/example_dags/example_branch_day_of_week_operator.py for tasks to queue
[2021-11-29 16:26:29,531] {logging_mixin.py:109} INFO - [2021-11-29 16:26:29,531] {dagbag.py:500} INFO - Filling up the DagBag from /usr/local/lib/python3.8/dist-packages/airflow/example_dags/example_branch_day_of_week_operator.py
[2021-11-29 16:26:29,590] {processor.py:637} INFO - DAG(s) dict_keys(['example_weekday_branch_operator']) retrieved from /usr/local/lib/python3.8/dist-packages/airflow/example_dags/example_branch_day_of_week_operator.py
[2021-11-29 16:26:29,597] {logging_mixin.py:109} WARNING - /usr/local/lib/python3.8/dist-packages/airflow/models/serialized_dag.py:120 SAWarning: TypeDecorator UtcDateTime(timezone=True) will not produce a cache key because the ``cache_ok`` flag is not set to True.  Set this flag to True if this type object's state is safe to use in a cache key, or False to disable this warning.
[2021-11-29 16:26:29,629] {logging_mixin.py:109} INFO - [2021-11-29 16:26:29,629] {dag.py:2396} INFO - Sync 1 DAGs
[2021-11-29 16:26:29,652] {logging_mixin.py:109} WARNING - /usr/local/lib/python3.8/dist-packages/airflow/models/dag.py:2433 SAWarning: TypeDecorator UtcDateTime(timezone=True) will not produce a cache key because the ``cache_ok`` flag is not set to True.  Set this flag to True if this type object's state is safe to use in a cache key, or False to disable this warning.
[2021-11-29 16:26:29,683] {logging_mixin.py:109} INFO - [2021-11-29 16:26:29,683] {dag.py:2928} INFO - Setting next_dagrun for example_weekday_branch_operator to 2021-11-28 00:00:00+00:00
[2021-11-29 16:26:29,867] {processor.py:171} INFO - Processing /usr/local/lib/python3.8/dist-packages/airflow/example_dags/example_branch_day_of_week_operator.py took 0.388 seconds
[2021-11-29 16:27:22,630] {processor.py:163} INFO - Started process (PID=7129) to work on /usr/local/lib/python3.8/dist-packages/airflow/example_dags/example_branch_day_of_week_operator.py
[2021-11-29 16:27:22,652] {processor.py:625} INFO - Processing file /usr/local/lib/python3.8/dist-packages/airflow/example_dags/example_branch_day_of_week_operator.py for tasks to queue
[2021-11-29 16:27:22,653] {logging_mixin.py:109} INFO - [2021-11-29 16:27:22,652] {dagbag.py:500} INFO - Filling up the DagBag from /usr/local/lib/python3.8/dist-packages/airflow/example_dags/example_branch_day_of_week_operator.py
[2021-11-29 16:27:22,764] {processor.py:637} INFO - DAG(s) dict_keys(['example_weekday_branch_operator']) retrieved from /usr/local/lib/python3.8/dist-packages/airflow/example_dags/example_branch_day_of_week_operator.py
[2021-11-29 16:27:22,771] {logging_mixin.py:109} WARNING - /usr/local/lib/python3.8/dist-packages/airflow/models/serialized_dag.py:120 SAWarning: TypeDecorator UtcDateTime(timezone=True) will not produce a cache key because the ``cache_ok`` flag is not set to True.  Set this flag to True if this type object's state is safe to use in a cache key, or False to disable this warning.
[2021-11-29 16:27:22,786] {logging_mixin.py:109} INFO - [2021-11-29 16:27:22,786] {dag.py:2396} INFO - Sync 1 DAGs
[2021-11-29 16:27:22,804] {logging_mixin.py:109} WARNING - /usr/local/lib/python3.8/dist-packages/airflow/models/dag.py:2433 SAWarning: TypeDecorator UtcDateTime(timezone=True) will not produce a cache key because the ``cache_ok`` flag is not set to True.  Set this flag to True if this type object's state is safe to use in a cache key, or False to disable this warning.
[2021-11-29 16:27:22,818] {logging_mixin.py:109} INFO - [2021-11-29 16:27:22,818] {dag.py:2928} INFO - Setting next_dagrun for example_weekday_branch_operator to 2021-11-28 00:00:00+00:00
[2021-11-29 16:27:22,998] {processor.py:171} INFO - Processing /usr/local/lib/python3.8/dist-packages/airflow/example_dags/example_branch_day_of_week_operator.py took 0.384 seconds
[2021-11-29 16:28:18,154] {processor.py:163} INFO - Started process (PID=7286) to work on /usr/local/lib/python3.8/dist-packages/airflow/example_dags/example_branch_day_of_week_operator.py
[2021-11-29 16:28:18,180] {processor.py:625} INFO - Processing file /usr/local/lib/python3.8/dist-packages/airflow/example_dags/example_branch_day_of_week_operator.py for tasks to queue
[2021-11-29 16:28:18,182] {logging_mixin.py:109} INFO - [2021-11-29 16:28:18,181] {dagbag.py:500} INFO - Filling up the DagBag from /usr/local/lib/python3.8/dist-packages/airflow/example_dags/example_branch_day_of_week_operator.py
[2021-11-29 16:28:18,267] {processor.py:637} INFO - DAG(s) dict_keys(['example_weekday_branch_operator']) retrieved from /usr/local/lib/python3.8/dist-packages/airflow/example_dags/example_branch_day_of_week_operator.py
[2021-11-29 16:28:18,282] {logging_mixin.py:109} WARNING - /usr/local/lib/python3.8/dist-packages/airflow/models/serialized_dag.py:120 SAWarning: TypeDecorator UtcDateTime(timezone=True) will not produce a cache key because the ``cache_ok`` flag is not set to True.  Set this flag to True if this type object's state is safe to use in a cache key, or False to disable this warning.
[2021-11-29 16:28:18,300] {logging_mixin.py:109} INFO - [2021-11-29 16:28:18,300] {dag.py:2396} INFO - Sync 1 DAGs
[2021-11-29 16:28:18,324] {logging_mixin.py:109} WARNING - /usr/local/lib/python3.8/dist-packages/airflow/models/dag.py:2433 SAWarning: TypeDecorator UtcDateTime(timezone=True) will not produce a cache key because the ``cache_ok`` flag is not set to True.  Set this flag to True if this type object's state is safe to use in a cache key, or False to disable this warning.
[2021-11-29 16:28:18,346] {logging_mixin.py:109} INFO - [2021-11-29 16:28:18,346] {dag.py:2928} INFO - Setting next_dagrun for example_weekday_branch_operator to 2021-11-28 00:00:00+00:00
[2021-11-29 16:28:18,592] {processor.py:171} INFO - Processing /usr/local/lib/python3.8/dist-packages/airflow/example_dags/example_branch_day_of_week_operator.py took 0.442 seconds
[2021-11-29 16:29:16,606] {processor.py:163} INFO - Started process (PID=7448) to work on /usr/local/lib/python3.8/dist-packages/airflow/example_dags/example_branch_day_of_week_operator.py
[2021-11-29 16:29:16,665] {processor.py:625} INFO - Processing file /usr/local/lib/python3.8/dist-packages/airflow/example_dags/example_branch_day_of_week_operator.py for tasks to queue
[2021-11-29 16:29:16,666] {logging_mixin.py:109} INFO - [2021-11-29 16:29:16,666] {dagbag.py:500} INFO - Filling up the DagBag from /usr/local/lib/python3.8/dist-packages/airflow/example_dags/example_branch_day_of_week_operator.py
[2021-11-29 16:29:16,770] {processor.py:637} INFO - DAG(s) dict_keys(['example_weekday_branch_operator']) retrieved from /usr/local/lib/python3.8/dist-packages/airflow/example_dags/example_branch_day_of_week_operator.py
[2021-11-29 16:29:16,778] {logging_mixin.py:109} WARNING - /usr/local/lib/python3.8/dist-packages/airflow/models/serialized_dag.py:120 SAWarning: TypeDecorator UtcDateTime(timezone=True) will not produce a cache key because the ``cache_ok`` flag is not set to True.  Set this flag to True if this type object's state is safe to use in a cache key, or False to disable this warning.
[2021-11-29 16:29:16,802] {logging_mixin.py:109} INFO - [2021-11-29 16:29:16,802] {dag.py:2396} INFO - Sync 1 DAGs
[2021-11-29 16:29:16,822] {logging_mixin.py:109} WARNING - /usr/local/lib/python3.8/dist-packages/airflow/models/dag.py:2433 SAWarning: TypeDecorator UtcDateTime(timezone=True) will not produce a cache key because the ``cache_ok`` flag is not set to True.  Set this flag to True if this type object's state is safe to use in a cache key, or False to disable this warning.
[2021-11-29 16:29:16,839] {logging_mixin.py:109} INFO - [2021-11-29 16:29:16,838] {dag.py:2928} INFO - Setting next_dagrun for example_weekday_branch_operator to 2021-11-28 00:00:00+00:00
[2021-11-29 16:29:17,023] {processor.py:171} INFO - Processing /usr/local/lib/python3.8/dist-packages/airflow/example_dags/example_branch_day_of_week_operator.py took 0.432 seconds
[2021-11-29 16:30:13,775] {processor.py:163} INFO - Started process (PID=7612) to work on /usr/local/lib/python3.8/dist-packages/airflow/example_dags/example_branch_day_of_week_operator.py
[2021-11-29 16:30:13,802] {processor.py:625} INFO - Processing file /usr/local/lib/python3.8/dist-packages/airflow/example_dags/example_branch_day_of_week_operator.py for tasks to queue
[2021-11-29 16:30:13,802] {logging_mixin.py:109} INFO - [2021-11-29 16:30:13,802] {dagbag.py:500} INFO - Filling up the DagBag from /usr/local/lib/python3.8/dist-packages/airflow/example_dags/example_branch_day_of_week_operator.py
[2021-11-29 16:30:13,869] {processor.py:637} INFO - DAG(s) dict_keys(['example_weekday_branch_operator']) retrieved from /usr/local/lib/python3.8/dist-packages/airflow/example_dags/example_branch_day_of_week_operator.py
[2021-11-29 16:30:13,887] {logging_mixin.py:109} WARNING - /usr/local/lib/python3.8/dist-packages/airflow/models/serialized_dag.py:120 SAWarning: TypeDecorator UtcDateTime(timezone=True) will not produce a cache key because the ``cache_ok`` flag is not set to True.  Set this flag to True if this type object's state is safe to use in a cache key, or False to disable this warning.
[2021-11-29 16:30:13,910] {logging_mixin.py:109} INFO - [2021-11-29 16:30:13,909] {dag.py:2396} INFO - Sync 1 DAGs
[2021-11-29 16:30:13,947] {logging_mixin.py:109} WARNING - /usr/local/lib/python3.8/dist-packages/airflow/models/dag.py:2433 SAWarning: TypeDecorator UtcDateTime(timezone=True) will not produce a cache key because the ``cache_ok`` flag is not set to True.  Set this flag to True if this type object's state is safe to use in a cache key, or False to disable this warning.
[2021-11-29 16:30:13,973] {logging_mixin.py:109} INFO - [2021-11-29 16:30:13,972] {dag.py:2928} INFO - Setting next_dagrun for example_weekday_branch_operator to 2021-11-28 00:00:00+00:00
[2021-11-29 16:30:14,344] {processor.py:171} INFO - Processing /usr/local/lib/python3.8/dist-packages/airflow/example_dags/example_branch_day_of_week_operator.py took 0.583 seconds
[2021-11-29 16:31:10,897] {processor.py:163} INFO - Started process (PID=7776) to work on /usr/local/lib/python3.8/dist-packages/airflow/example_dags/example_branch_day_of_week_operator.py
[2021-11-29 16:31:10,914] {processor.py:625} INFO - Processing file /usr/local/lib/python3.8/dist-packages/airflow/example_dags/example_branch_day_of_week_operator.py for tasks to queue
[2021-11-29 16:31:10,915] {logging_mixin.py:109} INFO - [2021-11-29 16:31:10,915] {dagbag.py:500} INFO - Filling up the DagBag from /usr/local/lib/python3.8/dist-packages/airflow/example_dags/example_branch_day_of_week_operator.py
[2021-11-29 16:31:10,987] {processor.py:637} INFO - DAG(s) dict_keys(['example_weekday_branch_operator']) retrieved from /usr/local/lib/python3.8/dist-packages/airflow/example_dags/example_branch_day_of_week_operator.py
[2021-11-29 16:31:10,997] {logging_mixin.py:109} WARNING - /usr/local/lib/python3.8/dist-packages/airflow/models/serialized_dag.py:120 SAWarning: TypeDecorator UtcDateTime(timezone=True) will not produce a cache key because the ``cache_ok`` flag is not set to True.  Set this flag to True if this type object's state is safe to use in a cache key, or False to disable this warning.
[2021-11-29 16:31:11,013] {logging_mixin.py:109} INFO - [2021-11-29 16:31:11,010] {dag.py:2396} INFO - Sync 1 DAGs
[2021-11-29 16:31:11,034] {logging_mixin.py:109} WARNING - /usr/local/lib/python3.8/dist-packages/airflow/models/dag.py:2433 SAWarning: TypeDecorator UtcDateTime(timezone=True) will not produce a cache key because the ``cache_ok`` flag is not set to True.  Set this flag to True if this type object's state is safe to use in a cache key, or False to disable this warning.
[2021-11-29 16:31:11,053] {logging_mixin.py:109} INFO - [2021-11-29 16:31:11,053] {dag.py:2928} INFO - Setting next_dagrun for example_weekday_branch_operator to 2021-11-28 00:00:00+00:00
[2021-11-29 16:31:11,233] {processor.py:171} INFO - Processing /usr/local/lib/python3.8/dist-packages/airflow/example_dags/example_branch_day_of_week_operator.py took 0.339 seconds
[2021-11-29 16:32:05,514] {processor.py:163} INFO - Started process (PID=7937) to work on /usr/local/lib/python3.8/dist-packages/airflow/example_dags/example_branch_day_of_week_operator.py
[2021-11-29 16:32:05,538] {processor.py:625} INFO - Processing file /usr/local/lib/python3.8/dist-packages/airflow/example_dags/example_branch_day_of_week_operator.py for tasks to queue
[2021-11-29 16:32:05,539] {logging_mixin.py:109} INFO - [2021-11-29 16:32:05,539] {dagbag.py:500} INFO - Filling up the DagBag from /usr/local/lib/python3.8/dist-packages/airflow/example_dags/example_branch_day_of_week_operator.py
[2021-11-29 16:32:05,604] {processor.py:637} INFO - DAG(s) dict_keys(['example_weekday_branch_operator']) retrieved from /usr/local/lib/python3.8/dist-packages/airflow/example_dags/example_branch_day_of_week_operator.py
[2021-11-29 16:32:05,621] {logging_mixin.py:109} WARNING - /usr/local/lib/python3.8/dist-packages/airflow/models/serialized_dag.py:120 SAWarning: TypeDecorator UtcDateTime(timezone=True) will not produce a cache key because the ``cache_ok`` flag is not set to True.  Set this flag to True if this type object's state is safe to use in a cache key, or False to disable this warning.
[2021-11-29 16:32:05,642] {logging_mixin.py:109} INFO - [2021-11-29 16:32:05,642] {dag.py:2396} INFO - Sync 1 DAGs
[2021-11-29 16:32:05,688] {logging_mixin.py:109} WARNING - /usr/local/lib/python3.8/dist-packages/airflow/models/dag.py:2433 SAWarning: TypeDecorator UtcDateTime(timezone=True) will not produce a cache key because the ``cache_ok`` flag is not set to True.  Set this flag to True if this type object's state is safe to use in a cache key, or False to disable this warning.
[2021-11-29 16:32:05,721] {logging_mixin.py:109} INFO - [2021-11-29 16:32:05,721] {dag.py:2928} INFO - Setting next_dagrun for example_weekday_branch_operator to 2021-11-28 00:00:00+00:00
[2021-11-29 16:32:05,952] {processor.py:171} INFO - Processing /usr/local/lib/python3.8/dist-packages/airflow/example_dags/example_branch_day_of_week_operator.py took 0.442 seconds
[2021-11-29 16:33:01,205] {processor.py:163} INFO - Started process (PID=8102) to work on /usr/local/lib/python3.8/dist-packages/airflow/example_dags/example_branch_day_of_week_operator.py
[2021-11-29 16:33:01,228] {processor.py:625} INFO - Processing file /usr/local/lib/python3.8/dist-packages/airflow/example_dags/example_branch_day_of_week_operator.py for tasks to queue
[2021-11-29 16:33:01,229] {logging_mixin.py:109} INFO - [2021-11-29 16:33:01,229] {dagbag.py:500} INFO - Filling up the DagBag from /usr/local/lib/python3.8/dist-packages/airflow/example_dags/example_branch_day_of_week_operator.py
[2021-11-29 16:33:01,320] {processor.py:637} INFO - DAG(s) dict_keys(['example_weekday_branch_operator']) retrieved from /usr/local/lib/python3.8/dist-packages/airflow/example_dags/example_branch_day_of_week_operator.py
[2021-11-29 16:33:01,341] {logging_mixin.py:109} WARNING - /usr/local/lib/python3.8/dist-packages/airflow/models/serialized_dag.py:120 SAWarning: TypeDecorator UtcDateTime(timezone=True) will not produce a cache key because the ``cache_ok`` flag is not set to True.  Set this flag to True if this type object's state is safe to use in a cache key, or False to disable this warning.
[2021-11-29 16:33:01,380] {logging_mixin.py:109} INFO - [2021-11-29 16:33:01,379] {dag.py:2396} INFO - Sync 1 DAGs
[2021-11-29 16:33:01,424] {logging_mixin.py:109} WARNING - /usr/local/lib/python3.8/dist-packages/airflow/models/dag.py:2433 SAWarning: TypeDecorator UtcDateTime(timezone=True) will not produce a cache key because the ``cache_ok`` flag is not set to True.  Set this flag to True if this type object's state is safe to use in a cache key, or False to disable this warning.
[2021-11-29 16:33:01,454] {logging_mixin.py:109} INFO - [2021-11-29 16:33:01,454] {dag.py:2928} INFO - Setting next_dagrun for example_weekday_branch_operator to 2021-11-28 00:00:00+00:00
[2021-11-29 16:33:01,666] {processor.py:171} INFO - Processing /usr/local/lib/python3.8/dist-packages/airflow/example_dags/example_branch_day_of_week_operator.py took 0.467 seconds
[2021-11-29 16:33:55,747] {processor.py:163} INFO - Started process (PID=8267) to work on /usr/local/lib/python3.8/dist-packages/airflow/example_dags/example_branch_day_of_week_operator.py
[2021-11-29 16:33:55,786] {processor.py:625} INFO - Processing file /usr/local/lib/python3.8/dist-packages/airflow/example_dags/example_branch_day_of_week_operator.py for tasks to queue
[2021-11-29 16:33:55,787] {logging_mixin.py:109} INFO - [2021-11-29 16:33:55,786] {dagbag.py:500} INFO - Filling up the DagBag from /usr/local/lib/python3.8/dist-packages/airflow/example_dags/example_branch_day_of_week_operator.py
[2021-11-29 16:33:55,871] {processor.py:637} INFO - DAG(s) dict_keys(['example_weekday_branch_operator']) retrieved from /usr/local/lib/python3.8/dist-packages/airflow/example_dags/example_branch_day_of_week_operator.py
[2021-11-29 16:33:55,888] {logging_mixin.py:109} WARNING - /usr/local/lib/python3.8/dist-packages/airflow/models/serialized_dag.py:120 SAWarning: TypeDecorator UtcDateTime(timezone=True) will not produce a cache key because the ``cache_ok`` flag is not set to True.  Set this flag to True if this type object's state is safe to use in a cache key, or False to disable this warning.
[2021-11-29 16:33:55,903] {logging_mixin.py:109} INFO - [2021-11-29 16:33:55,903] {dag.py:2396} INFO - Sync 1 DAGs
[2021-11-29 16:33:55,927] {logging_mixin.py:109} WARNING - /usr/local/lib/python3.8/dist-packages/airflow/models/dag.py:2433 SAWarning: TypeDecorator UtcDateTime(timezone=True) will not produce a cache key because the ``cache_ok`` flag is not set to True.  Set this flag to True if this type object's state is safe to use in a cache key, or False to disable this warning.
[2021-11-29 16:33:55,945] {logging_mixin.py:109} INFO - [2021-11-29 16:33:55,945] {dag.py:2928} INFO - Setting next_dagrun for example_weekday_branch_operator to 2021-11-28 00:00:00+00:00
[2021-11-29 16:33:56,202] {processor.py:171} INFO - Processing /usr/local/lib/python3.8/dist-packages/airflow/example_dags/example_branch_day_of_week_operator.py took 0.460 seconds
[2021-11-29 16:34:51,146] {processor.py:163} INFO - Started process (PID=8429) to work on /usr/local/lib/python3.8/dist-packages/airflow/example_dags/example_branch_day_of_week_operator.py
[2021-11-29 16:34:51,162] {processor.py:625} INFO - Processing file /usr/local/lib/python3.8/dist-packages/airflow/example_dags/example_branch_day_of_week_operator.py for tasks to queue
[2021-11-29 16:34:51,164] {logging_mixin.py:109} INFO - [2021-11-29 16:34:51,163] {dagbag.py:500} INFO - Filling up the DagBag from /usr/local/lib/python3.8/dist-packages/airflow/example_dags/example_branch_day_of_week_operator.py
[2021-11-29 16:34:51,258] {processor.py:637} INFO - DAG(s) dict_keys(['example_weekday_branch_operator']) retrieved from /usr/local/lib/python3.8/dist-packages/airflow/example_dags/example_branch_day_of_week_operator.py
[2021-11-29 16:34:51,264] {logging_mixin.py:109} WARNING - /usr/local/lib/python3.8/dist-packages/airflow/models/serialized_dag.py:120 SAWarning: TypeDecorator UtcDateTime(timezone=True) will not produce a cache key because the ``cache_ok`` flag is not set to True.  Set this flag to True if this type object's state is safe to use in a cache key, or False to disable this warning.
[2021-11-29 16:34:51,287] {logging_mixin.py:109} INFO - [2021-11-29 16:34:51,286] {dag.py:2396} INFO - Sync 1 DAGs
[2021-11-29 16:34:51,314] {logging_mixin.py:109} WARNING - /usr/local/lib/python3.8/dist-packages/airflow/models/dag.py:2433 SAWarning: TypeDecorator UtcDateTime(timezone=True) will not produce a cache key because the ``cache_ok`` flag is not set to True.  Set this flag to True if this type object's state is safe to use in a cache key, or False to disable this warning.
[2021-11-29 16:34:51,347] {logging_mixin.py:109} INFO - [2021-11-29 16:34:51,347] {dag.py:2928} INFO - Setting next_dagrun for example_weekday_branch_operator to 2021-11-28 00:00:00+00:00
[2021-11-29 16:34:51,644] {processor.py:171} INFO - Processing /usr/local/lib/python3.8/dist-packages/airflow/example_dags/example_branch_day_of_week_operator.py took 0.513 seconds
[2021-11-29 16:35:47,678] {processor.py:163} INFO - Started process (PID=8593) to work on /usr/local/lib/python3.8/dist-packages/airflow/example_dags/example_branch_day_of_week_operator.py
[2021-11-29 16:35:47,683] {processor.py:625} INFO - Processing file /usr/local/lib/python3.8/dist-packages/airflow/example_dags/example_branch_day_of_week_operator.py for tasks to queue
[2021-11-29 16:35:47,684] {logging_mixin.py:109} INFO - [2021-11-29 16:35:47,684] {dagbag.py:500} INFO - Filling up the DagBag from /usr/local/lib/python3.8/dist-packages/airflow/example_dags/example_branch_day_of_week_operator.py
[2021-11-29 16:35:47,825] {processor.py:637} INFO - DAG(s) dict_keys(['example_weekday_branch_operator']) retrieved from /usr/local/lib/python3.8/dist-packages/airflow/example_dags/example_branch_day_of_week_operator.py
[2021-11-29 16:35:47,841] {logging_mixin.py:109} WARNING - /usr/local/lib/python3.8/dist-packages/airflow/models/serialized_dag.py:120 SAWarning: TypeDecorator UtcDateTime(timezone=True) will not produce a cache key because the ``cache_ok`` flag is not set to True.  Set this flag to True if this type object's state is safe to use in a cache key, or False to disable this warning.
[2021-11-29 16:35:47,856] {logging_mixin.py:109} INFO - [2021-11-29 16:35:47,856] {dag.py:2396} INFO - Sync 1 DAGs
[2021-11-29 16:35:47,877] {logging_mixin.py:109} WARNING - /usr/local/lib/python3.8/dist-packages/airflow/models/dag.py:2433 SAWarning: TypeDecorator UtcDateTime(timezone=True) will not produce a cache key because the ``cache_ok`` flag is not set to True.  Set this flag to True if this type object's state is safe to use in a cache key, or False to disable this warning.
[2021-11-29 16:35:47,897] {logging_mixin.py:109} INFO - [2021-11-29 16:35:47,897] {dag.py:2928} INFO - Setting next_dagrun for example_weekday_branch_operator to 2021-11-28 00:00:00+00:00
[2021-11-29 16:35:48,171] {processor.py:171} INFO - Processing /usr/local/lib/python3.8/dist-packages/airflow/example_dags/example_branch_day_of_week_operator.py took 0.511 seconds
[2021-11-29 16:36:44,734] {processor.py:163} INFO - Started process (PID=8749) to work on /usr/local/lib/python3.8/dist-packages/airflow/example_dags/example_branch_day_of_week_operator.py
[2021-11-29 16:36:44,746] {processor.py:625} INFO - Processing file /usr/local/lib/python3.8/dist-packages/airflow/example_dags/example_branch_day_of_week_operator.py for tasks to queue
[2021-11-29 16:36:44,747] {logging_mixin.py:109} INFO - [2021-11-29 16:36:44,746] {dagbag.py:500} INFO - Filling up the DagBag from /usr/local/lib/python3.8/dist-packages/airflow/example_dags/example_branch_day_of_week_operator.py
[2021-11-29 16:36:44,829] {processor.py:637} INFO - DAG(s) dict_keys(['example_weekday_branch_operator']) retrieved from /usr/local/lib/python3.8/dist-packages/airflow/example_dags/example_branch_day_of_week_operator.py
[2021-11-29 16:36:44,850] {logging_mixin.py:109} WARNING - /usr/local/lib/python3.8/dist-packages/airflow/models/serialized_dag.py:120 SAWarning: TypeDecorator UtcDateTime(timezone=True) will not produce a cache key because the ``cache_ok`` flag is not set to True.  Set this flag to True if this type object's state is safe to use in a cache key, or False to disable this warning.
[2021-11-29 16:36:44,893] {logging_mixin.py:109} INFO - [2021-11-29 16:36:44,893] {dag.py:2396} INFO - Sync 1 DAGs
[2021-11-29 16:36:44,944] {logging_mixin.py:109} WARNING - /usr/local/lib/python3.8/dist-packages/airflow/models/dag.py:2433 SAWarning: TypeDecorator UtcDateTime(timezone=True) will not produce a cache key because the ``cache_ok`` flag is not set to True.  Set this flag to True if this type object's state is safe to use in a cache key, or False to disable this warning.
[2021-11-29 16:36:44,984] {logging_mixin.py:109} INFO - [2021-11-29 16:36:44,984] {dag.py:2928} INFO - Setting next_dagrun for example_weekday_branch_operator to 2021-11-28 00:00:00+00:00
[2021-11-29 16:36:45,208] {processor.py:171} INFO - Processing /usr/local/lib/python3.8/dist-packages/airflow/example_dags/example_branch_day_of_week_operator.py took 0.478 seconds
[2021-11-29 16:37:40,168] {processor.py:163} INFO - Started process (PID=8910) to work on /usr/local/lib/python3.8/dist-packages/airflow/example_dags/example_branch_day_of_week_operator.py
[2021-11-29 16:37:40,215] {processor.py:625} INFO - Processing file /usr/local/lib/python3.8/dist-packages/airflow/example_dags/example_branch_day_of_week_operator.py for tasks to queue
[2021-11-29 16:37:40,216] {logging_mixin.py:109} INFO - [2021-11-29 16:37:40,216] {dagbag.py:500} INFO - Filling up the DagBag from /usr/local/lib/python3.8/dist-packages/airflow/example_dags/example_branch_day_of_week_operator.py
[2021-11-29 16:37:40,301] {processor.py:637} INFO - DAG(s) dict_keys(['example_weekday_branch_operator']) retrieved from /usr/local/lib/python3.8/dist-packages/airflow/example_dags/example_branch_day_of_week_operator.py
[2021-11-29 16:37:40,308] {logging_mixin.py:109} WARNING - /usr/local/lib/python3.8/dist-packages/airflow/models/serialized_dag.py:120 SAWarning: TypeDecorator UtcDateTime(timezone=True) will not produce a cache key because the ``cache_ok`` flag is not set to True.  Set this flag to True if this type object's state is safe to use in a cache key, or False to disable this warning.
[2021-11-29 16:37:40,340] {logging_mixin.py:109} INFO - [2021-11-29 16:37:40,339] {dag.py:2396} INFO - Sync 1 DAGs
[2021-11-29 16:37:40,365] {logging_mixin.py:109} WARNING - /usr/local/lib/python3.8/dist-packages/airflow/models/dag.py:2433 SAWarning: TypeDecorator UtcDateTime(timezone=True) will not produce a cache key because the ``cache_ok`` flag is not set to True.  Set this flag to True if this type object's state is safe to use in a cache key, or False to disable this warning.
[2021-11-29 16:37:40,383] {logging_mixin.py:109} INFO - [2021-11-29 16:37:40,383] {dag.py:2928} INFO - Setting next_dagrun for example_weekday_branch_operator to 2021-11-28 00:00:00+00:00
[2021-11-29 16:37:40,540] {processor.py:171} INFO - Processing /usr/local/lib/python3.8/dist-packages/airflow/example_dags/example_branch_day_of_week_operator.py took 0.388 seconds
[2021-11-29 16:38:36,945] {processor.py:163} INFO - Started process (PID=9079) to work on /usr/local/lib/python3.8/dist-packages/airflow/example_dags/example_branch_day_of_week_operator.py
[2021-11-29 16:38:36,958] {processor.py:625} INFO - Processing file /usr/local/lib/python3.8/dist-packages/airflow/example_dags/example_branch_day_of_week_operator.py for tasks to queue
[2021-11-29 16:38:36,959] {logging_mixin.py:109} INFO - [2021-11-29 16:38:36,959] {dagbag.py:500} INFO - Filling up the DagBag from /usr/local/lib/python3.8/dist-packages/airflow/example_dags/example_branch_day_of_week_operator.py
[2021-11-29 16:38:37,005] {processor.py:637} INFO - DAG(s) dict_keys(['example_weekday_branch_operator']) retrieved from /usr/local/lib/python3.8/dist-packages/airflow/example_dags/example_branch_day_of_week_operator.py
[2021-11-29 16:38:37,012] {logging_mixin.py:109} WARNING - /usr/local/lib/python3.8/dist-packages/airflow/models/serialized_dag.py:120 SAWarning: TypeDecorator UtcDateTime(timezone=True) will not produce a cache key because the ``cache_ok`` flag is not set to True.  Set this flag to True if this type object's state is safe to use in a cache key, or False to disable this warning.
[2021-11-29 16:38:37,024] {logging_mixin.py:109} INFO - [2021-11-29 16:38:37,024] {dag.py:2396} INFO - Sync 1 DAGs
[2021-11-29 16:38:37,041] {logging_mixin.py:109} WARNING - /usr/local/lib/python3.8/dist-packages/airflow/models/dag.py:2433 SAWarning: TypeDecorator UtcDateTime(timezone=True) will not produce a cache key because the ``cache_ok`` flag is not set to True.  Set this flag to True if this type object's state is safe to use in a cache key, or False to disable this warning.
[2021-11-29 16:38:37,056] {logging_mixin.py:109} INFO - [2021-11-29 16:38:37,056] {dag.py:2928} INFO - Setting next_dagrun for example_weekday_branch_operator to 2021-11-28 00:00:00+00:00
[2021-11-29 16:38:37,285] {processor.py:171} INFO - Processing /usr/local/lib/python3.8/dist-packages/airflow/example_dags/example_branch_day_of_week_operator.py took 0.344 seconds
[2021-11-29 16:39:30,366] {processor.py:163} INFO - Started process (PID=9244) to work on /usr/local/lib/python3.8/dist-packages/airflow/example_dags/example_branch_day_of_week_operator.py
[2021-11-29 16:39:30,405] {processor.py:625} INFO - Processing file /usr/local/lib/python3.8/dist-packages/airflow/example_dags/example_branch_day_of_week_operator.py for tasks to queue
[2021-11-29 16:39:30,406] {logging_mixin.py:109} INFO - [2021-11-29 16:39:30,406] {dagbag.py:500} INFO - Filling up the DagBag from /usr/local/lib/python3.8/dist-packages/airflow/example_dags/example_branch_day_of_week_operator.py
[2021-11-29 16:39:30,485] {processor.py:637} INFO - DAG(s) dict_keys(['example_weekday_branch_operator']) retrieved from /usr/local/lib/python3.8/dist-packages/airflow/example_dags/example_branch_day_of_week_operator.py
[2021-11-29 16:39:30,492] {logging_mixin.py:109} WARNING - /usr/local/lib/python3.8/dist-packages/airflow/models/serialized_dag.py:120 SAWarning: TypeDecorator UtcDateTime(timezone=True) will not produce a cache key because the ``cache_ok`` flag is not set to True.  Set this flag to True if this type object's state is safe to use in a cache key, or False to disable this warning.
[2021-11-29 16:39:30,503] {logging_mixin.py:109} INFO - [2021-11-29 16:39:30,503] {dag.py:2396} INFO - Sync 1 DAGs
[2021-11-29 16:39:30,521] {logging_mixin.py:109} WARNING - /usr/local/lib/python3.8/dist-packages/airflow/models/dag.py:2433 SAWarning: TypeDecorator UtcDateTime(timezone=True) will not produce a cache key because the ``cache_ok`` flag is not set to True.  Set this flag to True if this type object's state is safe to use in a cache key, or False to disable this warning.
[2021-11-29 16:39:30,536] {logging_mixin.py:109} INFO - [2021-11-29 16:39:30,536] {dag.py:2928} INFO - Setting next_dagrun for example_weekday_branch_operator to 2021-11-28 00:00:00+00:00
[2021-11-29 16:39:30,708] {processor.py:171} INFO - Processing /usr/local/lib/python3.8/dist-packages/airflow/example_dags/example_branch_day_of_week_operator.py took 0.356 seconds
[2021-11-29 16:40:25,706] {processor.py:163} INFO - Started process (PID=9407) to work on /usr/local/lib/python3.8/dist-packages/airflow/example_dags/example_branch_day_of_week_operator.py
[2021-11-29 16:40:25,730] {processor.py:625} INFO - Processing file /usr/local/lib/python3.8/dist-packages/airflow/example_dags/example_branch_day_of_week_operator.py for tasks to queue
[2021-11-29 16:40:25,732] {logging_mixin.py:109} INFO - [2021-11-29 16:40:25,732] {dagbag.py:500} INFO - Filling up the DagBag from /usr/local/lib/python3.8/dist-packages/airflow/example_dags/example_branch_day_of_week_operator.py
[2021-11-29 16:40:25,802] {processor.py:637} INFO - DAG(s) dict_keys(['example_weekday_branch_operator']) retrieved from /usr/local/lib/python3.8/dist-packages/airflow/example_dags/example_branch_day_of_week_operator.py
[2021-11-29 16:40:25,810] {logging_mixin.py:109} WARNING - /usr/local/lib/python3.8/dist-packages/airflow/models/serialized_dag.py:120 SAWarning: TypeDecorator UtcDateTime(timezone=True) will not produce a cache key because the ``cache_ok`` flag is not set to True.  Set this flag to True if this type object's state is safe to use in a cache key, or False to disable this warning.
[2021-11-29 16:40:25,825] {logging_mixin.py:109} INFO - [2021-11-29 16:40:25,824] {dag.py:2396} INFO - Sync 1 DAGs
[2021-11-29 16:40:25,841] {logging_mixin.py:109} WARNING - /usr/local/lib/python3.8/dist-packages/airflow/models/dag.py:2433 SAWarning: TypeDecorator UtcDateTime(timezone=True) will not produce a cache key because the ``cache_ok`` flag is not set to True.  Set this flag to True if this type object's state is safe to use in a cache key, or False to disable this warning.
[2021-11-29 16:40:25,857] {logging_mixin.py:109} INFO - [2021-11-29 16:40:25,857] {dag.py:2928} INFO - Setting next_dagrun for example_weekday_branch_operator to 2021-11-28 00:00:00+00:00
[2021-11-29 16:40:26,010] {processor.py:171} INFO - Processing /usr/local/lib/python3.8/dist-packages/airflow/example_dags/example_branch_day_of_week_operator.py took 0.319 seconds
[2021-11-29 16:41:22,599] {processor.py:163} INFO - Started process (PID=9567) to work on /usr/local/lib/python3.8/dist-packages/airflow/example_dags/example_branch_day_of_week_operator.py
[2021-11-29 16:41:22,650] {processor.py:625} INFO - Processing file /usr/local/lib/python3.8/dist-packages/airflow/example_dags/example_branch_day_of_week_operator.py for tasks to queue
[2021-11-29 16:41:22,651] {logging_mixin.py:109} INFO - [2021-11-29 16:41:22,650] {dagbag.py:500} INFO - Filling up the DagBag from /usr/local/lib/python3.8/dist-packages/airflow/example_dags/example_branch_day_of_week_operator.py
[2021-11-29 16:41:22,753] {processor.py:637} INFO - DAG(s) dict_keys(['example_weekday_branch_operator']) retrieved from /usr/local/lib/python3.8/dist-packages/airflow/example_dags/example_branch_day_of_week_operator.py
[2021-11-29 16:41:22,772] {logging_mixin.py:109} WARNING - /usr/local/lib/python3.8/dist-packages/airflow/models/serialized_dag.py:120 SAWarning: TypeDecorator UtcDateTime(timezone=True) will not produce a cache key because the ``cache_ok`` flag is not set to True.  Set this flag to True if this type object's state is safe to use in a cache key, or False to disable this warning.
[2021-11-29 16:41:22,807] {logging_mixin.py:109} INFO - [2021-11-29 16:41:22,806] {dag.py:2396} INFO - Sync 1 DAGs
[2021-11-29 16:41:22,846] {logging_mixin.py:109} WARNING - /usr/local/lib/python3.8/dist-packages/airflow/models/dag.py:2433 SAWarning: TypeDecorator UtcDateTime(timezone=True) will not produce a cache key because the ``cache_ok`` flag is not set to True.  Set this flag to True if this type object's state is safe to use in a cache key, or False to disable this warning.
[2021-11-29 16:41:22,865] {logging_mixin.py:109} INFO - [2021-11-29 16:41:22,865] {dag.py:2928} INFO - Setting next_dagrun for example_weekday_branch_operator to 2021-11-28 00:00:00+00:00
[2021-11-29 16:41:23,085] {processor.py:171} INFO - Processing /usr/local/lib/python3.8/dist-packages/airflow/example_dags/example_branch_day_of_week_operator.py took 0.501 seconds
[2021-11-29 16:42:24,105] {processor.py:163} INFO - Started process (PID=9745) to work on /usr/local/lib/python3.8/dist-packages/airflow/example_dags/example_branch_day_of_week_operator.py
[2021-11-29 16:42:24,139] {processor.py:625} INFO - Processing file /usr/local/lib/python3.8/dist-packages/airflow/example_dags/example_branch_day_of_week_operator.py for tasks to queue
[2021-11-29 16:42:24,140] {logging_mixin.py:109} INFO - [2021-11-29 16:42:24,140] {dagbag.py:500} INFO - Filling up the DagBag from /usr/local/lib/python3.8/dist-packages/airflow/example_dags/example_branch_day_of_week_operator.py
[2021-11-29 16:42:24,225] {processor.py:637} INFO - DAG(s) dict_keys(['example_weekday_branch_operator']) retrieved from /usr/local/lib/python3.8/dist-packages/airflow/example_dags/example_branch_day_of_week_operator.py
[2021-11-29 16:42:24,232] {logging_mixin.py:109} WARNING - /usr/local/lib/python3.8/dist-packages/airflow/models/serialized_dag.py:120 SAWarning: TypeDecorator UtcDateTime(timezone=True) will not produce a cache key because the ``cache_ok`` flag is not set to True.  Set this flag to True if this type object's state is safe to use in a cache key, or False to disable this warning.
[2021-11-29 16:42:24,268] {logging_mixin.py:109} INFO - [2021-11-29 16:42:24,267] {dag.py:2396} INFO - Sync 1 DAGs
[2021-11-29 16:42:24,309] {logging_mixin.py:109} WARNING - /usr/local/lib/python3.8/dist-packages/airflow/models/dag.py:2433 SAWarning: TypeDecorator UtcDateTime(timezone=True) will not produce a cache key because the ``cache_ok`` flag is not set to True.  Set this flag to True if this type object's state is safe to use in a cache key, or False to disable this warning.
[2021-11-29 16:42:24,334] {logging_mixin.py:109} INFO - [2021-11-29 16:42:24,334] {dag.py:2928} INFO - Setting next_dagrun for example_weekday_branch_operator to 2021-11-28 00:00:00+00:00
[2021-11-29 16:42:24,647] {processor.py:171} INFO - Processing /usr/local/lib/python3.8/dist-packages/airflow/example_dags/example_branch_day_of_week_operator.py took 0.556 seconds
[2021-11-29 16:43:18,684] {processor.py:163} INFO - Started process (PID=9917) to work on /usr/local/lib/python3.8/dist-packages/airflow/example_dags/example_branch_day_of_week_operator.py
[2021-11-29 16:43:18,721] {processor.py:625} INFO - Processing file /usr/local/lib/python3.8/dist-packages/airflow/example_dags/example_branch_day_of_week_operator.py for tasks to queue
[2021-11-29 16:43:18,722] {logging_mixin.py:109} INFO - [2021-11-29 16:43:18,722] {dagbag.py:500} INFO - Filling up the DagBag from /usr/local/lib/python3.8/dist-packages/airflow/example_dags/example_branch_day_of_week_operator.py
[2021-11-29 16:43:18,795] {processor.py:637} INFO - DAG(s) dict_keys(['example_weekday_branch_operator']) retrieved from /usr/local/lib/python3.8/dist-packages/airflow/example_dags/example_branch_day_of_week_operator.py
[2021-11-29 16:43:18,814] {logging_mixin.py:109} WARNING - /usr/local/lib/python3.8/dist-packages/airflow/models/serialized_dag.py:120 SAWarning: TypeDecorator UtcDateTime(timezone=True) will not produce a cache key because the ``cache_ok`` flag is not set to True.  Set this flag to True if this type object's state is safe to use in a cache key, or False to disable this warning.
[2021-11-29 16:43:18,826] {logging_mixin.py:109} INFO - [2021-11-29 16:43:18,826] {dag.py:2396} INFO - Sync 1 DAGs
[2021-11-29 16:43:18,843] {logging_mixin.py:109} WARNING - /usr/local/lib/python3.8/dist-packages/airflow/models/dag.py:2433 SAWarning: TypeDecorator UtcDateTime(timezone=True) will not produce a cache key because the ``cache_ok`` flag is not set to True.  Set this flag to True if this type object's state is safe to use in a cache key, or False to disable this warning.
[2021-11-29 16:43:18,860] {logging_mixin.py:109} INFO - [2021-11-29 16:43:18,860] {dag.py:2928} INFO - Setting next_dagrun for example_weekday_branch_operator to 2021-11-28 00:00:00+00:00
[2021-11-29 16:43:19,027] {processor.py:171} INFO - Processing /usr/local/lib/python3.8/dist-packages/airflow/example_dags/example_branch_day_of_week_operator.py took 0.346 seconds
[2021-11-29 16:44:10,007] {processor.py:163} INFO - Started process (PID=10071) to work on /usr/local/lib/python3.8/dist-packages/airflow/example_dags/example_branch_day_of_week_operator.py
[2021-11-29 16:44:10,035] {processor.py:625} INFO - Processing file /usr/local/lib/python3.8/dist-packages/airflow/example_dags/example_branch_day_of_week_operator.py for tasks to queue
[2021-11-29 16:44:10,038] {logging_mixin.py:109} INFO - [2021-11-29 16:44:10,038] {dagbag.py:500} INFO - Filling up the DagBag from /usr/local/lib/python3.8/dist-packages/airflow/example_dags/example_branch_day_of_week_operator.py
[2021-11-29 16:44:10,144] {processor.py:637} INFO - DAG(s) dict_keys(['example_weekday_branch_operator']) retrieved from /usr/local/lib/python3.8/dist-packages/airflow/example_dags/example_branch_day_of_week_operator.py
[2021-11-29 16:44:10,162] {logging_mixin.py:109} WARNING - /usr/local/lib/python3.8/dist-packages/airflow/models/serialized_dag.py:120 SAWarning: TypeDecorator UtcDateTime(timezone=True) will not produce a cache key because the ``cache_ok`` flag is not set to True.  Set this flag to True if this type object's state is safe to use in a cache key, or False to disable this warning.
[2021-11-29 16:44:10,203] {logging_mixin.py:109} INFO - [2021-11-29 16:44:10,203] {dag.py:2396} INFO - Sync 1 DAGs
[2021-11-29 16:44:10,239] {logging_mixin.py:109} WARNING - /usr/local/lib/python3.8/dist-packages/airflow/models/dag.py:2433 SAWarning: TypeDecorator UtcDateTime(timezone=True) will not produce a cache key because the ``cache_ok`` flag is not set to True.  Set this flag to True if this type object's state is safe to use in a cache key, or False to disable this warning.
[2021-11-29 16:44:10,261] {logging_mixin.py:109} INFO - [2021-11-29 16:44:10,261] {dag.py:2928} INFO - Setting next_dagrun for example_weekday_branch_operator to 2021-11-28 00:00:00+00:00
[2021-11-29 16:44:10,621] {processor.py:171} INFO - Processing /usr/local/lib/python3.8/dist-packages/airflow/example_dags/example_branch_day_of_week_operator.py took 0.631 seconds
[2021-11-29 16:45:09,288] {processor.py:163} INFO - Started process (PID=10248) to work on /usr/local/lib/python3.8/dist-packages/airflow/example_dags/example_branch_day_of_week_operator.py
[2021-11-29 16:45:09,361] {processor.py:625} INFO - Processing file /usr/local/lib/python3.8/dist-packages/airflow/example_dags/example_branch_day_of_week_operator.py for tasks to queue
[2021-11-29 16:45:09,362] {logging_mixin.py:109} INFO - [2021-11-29 16:45:09,362] {dagbag.py:500} INFO - Filling up the DagBag from /usr/local/lib/python3.8/dist-packages/airflow/example_dags/example_branch_day_of_week_operator.py
[2021-11-29 16:45:09,456] {processor.py:637} INFO - DAG(s) dict_keys(['example_weekday_branch_operator']) retrieved from /usr/local/lib/python3.8/dist-packages/airflow/example_dags/example_branch_day_of_week_operator.py
[2021-11-29 16:45:09,464] {logging_mixin.py:109} WARNING - /usr/local/lib/python3.8/dist-packages/airflow/models/serialized_dag.py:120 SAWarning: TypeDecorator UtcDateTime(timezone=True) will not produce a cache key because the ``cache_ok`` flag is not set to True.  Set this flag to True if this type object's state is safe to use in a cache key, or False to disable this warning.
[2021-11-29 16:45:09,498] {logging_mixin.py:109} INFO - [2021-11-29 16:45:09,498] {dag.py:2396} INFO - Sync 1 DAGs
[2021-11-29 16:45:09,536] {logging_mixin.py:109} WARNING - /usr/local/lib/python3.8/dist-packages/airflow/models/dag.py:2433 SAWarning: TypeDecorator UtcDateTime(timezone=True) will not produce a cache key because the ``cache_ok`` flag is not set to True.  Set this flag to True if this type object's state is safe to use in a cache key, or False to disable this warning.
[2021-11-29 16:45:09,563] {logging_mixin.py:109} INFO - [2021-11-29 16:45:09,562] {dag.py:2928} INFO - Setting next_dagrun for example_weekday_branch_operator to 2021-11-28 00:00:00+00:00
[2021-11-29 16:45:09,728] {processor.py:171} INFO - Processing /usr/local/lib/python3.8/dist-packages/airflow/example_dags/example_branch_day_of_week_operator.py took 0.458 seconds
[2021-11-29 16:46:05,141] {processor.py:163} INFO - Started process (PID=10415) to work on /usr/local/lib/python3.8/dist-packages/airflow/example_dags/example_branch_day_of_week_operator.py
[2021-11-29 16:46:05,150] {processor.py:625} INFO - Processing file /usr/local/lib/python3.8/dist-packages/airflow/example_dags/example_branch_day_of_week_operator.py for tasks to queue
[2021-11-29 16:46:05,151] {logging_mixin.py:109} INFO - [2021-11-29 16:46:05,151] {dagbag.py:500} INFO - Filling up the DagBag from /usr/local/lib/python3.8/dist-packages/airflow/example_dags/example_branch_day_of_week_operator.py
[2021-11-29 16:46:05,242] {processor.py:637} INFO - DAG(s) dict_keys(['example_weekday_branch_operator']) retrieved from /usr/local/lib/python3.8/dist-packages/airflow/example_dags/example_branch_day_of_week_operator.py
[2021-11-29 16:46:05,258] {logging_mixin.py:109} WARNING - /usr/local/lib/python3.8/dist-packages/airflow/models/serialized_dag.py:120 SAWarning: TypeDecorator UtcDateTime(timezone=True) will not produce a cache key because the ``cache_ok`` flag is not set to True.  Set this flag to True if this type object's state is safe to use in a cache key, or False to disable this warning.
[2021-11-29 16:46:05,268] {logging_mixin.py:109} INFO - [2021-11-29 16:46:05,268] {dag.py:2396} INFO - Sync 1 DAGs
[2021-11-29 16:46:05,283] {logging_mixin.py:109} WARNING - /usr/local/lib/python3.8/dist-packages/airflow/models/dag.py:2433 SAWarning: TypeDecorator UtcDateTime(timezone=True) will not produce a cache key because the ``cache_ok`` flag is not set to True.  Set this flag to True if this type object's state is safe to use in a cache key, or False to disable this warning.
[2021-11-29 16:46:05,295] {logging_mixin.py:109} INFO - [2021-11-29 16:46:05,295] {dag.py:2928} INFO - Setting next_dagrun for example_weekday_branch_operator to 2021-11-28 00:00:00+00:00
[2021-11-29 16:46:05,520] {processor.py:171} INFO - Processing /usr/local/lib/python3.8/dist-packages/airflow/example_dags/example_branch_day_of_week_operator.py took 0.383 seconds
