[2021-11-29 16:15:22,477] {processor.py:163} INFO - Started process (PID=4956) to work on /usr/local/lib/python3.8/dist-packages/airflow/example_dags/example_trigger_controller_dag.py
[2021-11-29 16:15:22,478] {processor.py:625} INFO - Processing file /usr/local/lib/python3.8/dist-packages/airflow/example_dags/example_trigger_controller_dag.py for tasks to queue
[2021-11-29 16:15:22,479] {logging_mixin.py:109} INFO - [2021-11-29 16:15:22,478] {dagbag.py:500} INFO - Filling up the DagBag from /usr/local/lib/python3.8/dist-packages/airflow/example_dags/example_trigger_controller_dag.py
[2021-11-29 16:15:22,538] {processor.py:637} INFO - DAG(s) dict_keys(['example_trigger_controller_dag']) retrieved from /usr/local/lib/python3.8/dist-packages/airflow/example_dags/example_trigger_controller_dag.py
[2021-11-29 16:15:22,543] {logging_mixin.py:109} WARNING - /usr/local/lib/python3.8/dist-packages/airflow/models/serialized_dag.py:120 SAWarning: TypeDecorator UtcDateTime(timezone=True) will not produce a cache key because the ``cache_ok`` flag is not set to True.  Set this flag to True if this type object's state is safe to use in a cache key, or False to disable this warning.
[2021-11-29 16:15:22,556] {logging_mixin.py:109} INFO - [2021-11-29 16:15:22,556] {dag.py:2396} INFO - Sync 1 DAGs
[2021-11-29 16:15:22,571] {logging_mixin.py:109} WARNING - /usr/local/lib/python3.8/dist-packages/airflow/models/dag.py:2433 SAWarning: TypeDecorator UtcDateTime(timezone=True) will not produce a cache key because the ``cache_ok`` flag is not set to True.  Set this flag to True if this type object's state is safe to use in a cache key, or False to disable this warning.
[2021-11-29 16:15:22,583] {logging_mixin.py:109} INFO - [2021-11-29 16:15:22,582] {dag.py:2928} INFO - Setting next_dagrun for example_trigger_controller_dag to 2021-01-01T00:00:00+00:00
[2021-11-29 16:15:22,769] {processor.py:171} INFO - Processing /usr/local/lib/python3.8/dist-packages/airflow/example_dags/example_trigger_controller_dag.py took 0.306 seconds
[2021-11-29 16:16:28,374] {processor.py:163} INFO - Started process (PID=5134) to work on /usr/local/lib/python3.8/dist-packages/airflow/example_dags/example_trigger_controller_dag.py
[2021-11-29 16:16:28,385] {processor.py:625} INFO - Processing file /usr/local/lib/python3.8/dist-packages/airflow/example_dags/example_trigger_controller_dag.py for tasks to queue
[2021-11-29 16:16:28,386] {logging_mixin.py:109} INFO - [2021-11-29 16:16:28,386] {dagbag.py:500} INFO - Filling up the DagBag from /usr/local/lib/python3.8/dist-packages/airflow/example_dags/example_trigger_controller_dag.py
[2021-11-29 16:16:28,457] {processor.py:637} INFO - DAG(s) dict_keys(['example_trigger_controller_dag']) retrieved from /usr/local/lib/python3.8/dist-packages/airflow/example_dags/example_trigger_controller_dag.py
[2021-11-29 16:16:28,463] {logging_mixin.py:109} WARNING - /usr/local/lib/python3.8/dist-packages/airflow/models/serialized_dag.py:120 SAWarning: TypeDecorator UtcDateTime(timezone=True) will not produce a cache key because the ``cache_ok`` flag is not set to True.  Set this flag to True if this type object's state is safe to use in a cache key, or False to disable this warning.
[2021-11-29 16:16:28,495] {logging_mixin.py:109} INFO - [2021-11-29 16:16:28,495] {dag.py:2396} INFO - Sync 1 DAGs
[2021-11-29 16:16:28,512] {logging_mixin.py:109} WARNING - /usr/local/lib/python3.8/dist-packages/airflow/models/dag.py:2433 SAWarning: TypeDecorator UtcDateTime(timezone=True) will not produce a cache key because the ``cache_ok`` flag is not set to True.  Set this flag to True if this type object's state is safe to use in a cache key, or False to disable this warning.
[2021-11-29 16:16:28,555] {logging_mixin.py:109} INFO - [2021-11-29 16:16:28,535] {dag.py:2928} INFO - Setting next_dagrun for example_trigger_controller_dag to 2021-01-01T00:00:00+00:00
[2021-11-29 16:16:28,791] {processor.py:171} INFO - Processing /usr/local/lib/python3.8/dist-packages/airflow/example_dags/example_trigger_controller_dag.py took 0.421 seconds
[2021-11-29 16:17:24,455] {processor.py:163} INFO - Started process (PID=5312) to work on /usr/local/lib/python3.8/dist-packages/airflow/example_dags/example_trigger_controller_dag.py
[2021-11-29 16:17:24,492] {processor.py:625} INFO - Processing file /usr/local/lib/python3.8/dist-packages/airflow/example_dags/example_trigger_controller_dag.py for tasks to queue
[2021-11-29 16:17:24,493] {logging_mixin.py:109} INFO - [2021-11-29 16:17:24,493] {dagbag.py:500} INFO - Filling up the DagBag from /usr/local/lib/python3.8/dist-packages/airflow/example_dags/example_trigger_controller_dag.py
[2021-11-29 16:17:24,579] {processor.py:637} INFO - DAG(s) dict_keys(['example_trigger_controller_dag']) retrieved from /usr/local/lib/python3.8/dist-packages/airflow/example_dags/example_trigger_controller_dag.py
[2021-11-29 16:17:24,598] {logging_mixin.py:109} WARNING - /usr/local/lib/python3.8/dist-packages/airflow/models/serialized_dag.py:120 SAWarning: TypeDecorator UtcDateTime(timezone=True) will not produce a cache key because the ``cache_ok`` flag is not set to True.  Set this flag to True if this type object's state is safe to use in a cache key, or False to disable this warning.
[2021-11-29 16:17:24,623] {logging_mixin.py:109} INFO - [2021-11-29 16:17:24,623] {dag.py:2396} INFO - Sync 1 DAGs
[2021-11-29 16:17:24,644] {logging_mixin.py:109} WARNING - /usr/local/lib/python3.8/dist-packages/airflow/models/dag.py:2433 SAWarning: TypeDecorator UtcDateTime(timezone=True) will not produce a cache key because the ``cache_ok`` flag is not set to True.  Set this flag to True if this type object's state is safe to use in a cache key, or False to disable this warning.
[2021-11-29 16:17:24,690] {logging_mixin.py:109} INFO - [2021-11-29 16:17:24,689] {dag.py:2928} INFO - Setting next_dagrun for example_trigger_controller_dag to 2021-01-01T00:00:00+00:00
[2021-11-29 16:17:24,994] {processor.py:171} INFO - Processing /usr/local/lib/python3.8/dist-packages/airflow/example_dags/example_trigger_controller_dag.py took 0.544 seconds
[2021-11-29 16:18:19,867] {processor.py:163} INFO - Started process (PID=5486) to work on /usr/local/lib/python3.8/dist-packages/airflow/example_dags/example_trigger_controller_dag.py
[2021-11-29 16:18:19,903] {processor.py:625} INFO - Processing file /usr/local/lib/python3.8/dist-packages/airflow/example_dags/example_trigger_controller_dag.py for tasks to queue
[2021-11-29 16:18:19,904] {logging_mixin.py:109} INFO - [2021-11-29 16:18:19,904] {dagbag.py:500} INFO - Filling up the DagBag from /usr/local/lib/python3.8/dist-packages/airflow/example_dags/example_trigger_controller_dag.py
[2021-11-29 16:18:20,009] {processor.py:637} INFO - DAG(s) dict_keys(['example_trigger_controller_dag']) retrieved from /usr/local/lib/python3.8/dist-packages/airflow/example_dags/example_trigger_controller_dag.py
[2021-11-29 16:18:20,019] {logging_mixin.py:109} WARNING - /usr/local/lib/python3.8/dist-packages/airflow/models/serialized_dag.py:120 SAWarning: TypeDecorator UtcDateTime(timezone=True) will not produce a cache key because the ``cache_ok`` flag is not set to True.  Set this flag to True if this type object's state is safe to use in a cache key, or False to disable this warning.
[2021-11-29 16:18:20,055] {logging_mixin.py:109} INFO - [2021-11-29 16:18:20,055] {dag.py:2396} INFO - Sync 1 DAGs
[2021-11-29 16:18:20,094] {logging_mixin.py:109} WARNING - /usr/local/lib/python3.8/dist-packages/airflow/models/dag.py:2433 SAWarning: TypeDecorator UtcDateTime(timezone=True) will not produce a cache key because the ``cache_ok`` flag is not set to True.  Set this flag to True if this type object's state is safe to use in a cache key, or False to disable this warning.
[2021-11-29 16:18:20,110] {logging_mixin.py:109} INFO - [2021-11-29 16:18:20,109] {dag.py:2928} INFO - Setting next_dagrun for example_trigger_controller_dag to 2021-01-01T00:00:00+00:00
[2021-11-29 16:18:20,366] {processor.py:171} INFO - Processing /usr/local/lib/python3.8/dist-packages/airflow/example_dags/example_trigger_controller_dag.py took 0.503 seconds
[2021-11-29 16:19:17,784] {processor.py:163} INFO - Started process (PID=5655) to work on /usr/local/lib/python3.8/dist-packages/airflow/example_dags/example_trigger_controller_dag.py
[2021-11-29 16:19:17,836] {processor.py:625} INFO - Processing file /usr/local/lib/python3.8/dist-packages/airflow/example_dags/example_trigger_controller_dag.py for tasks to queue
[2021-11-29 16:19:17,837] {logging_mixin.py:109} INFO - [2021-11-29 16:19:17,837] {dagbag.py:500} INFO - Filling up the DagBag from /usr/local/lib/python3.8/dist-packages/airflow/example_dags/example_trigger_controller_dag.py
[2021-11-29 16:19:17,916] {processor.py:637} INFO - DAG(s) dict_keys(['example_trigger_controller_dag']) retrieved from /usr/local/lib/python3.8/dist-packages/airflow/example_dags/example_trigger_controller_dag.py
[2021-11-29 16:19:17,922] {logging_mixin.py:109} WARNING - /usr/local/lib/python3.8/dist-packages/airflow/models/serialized_dag.py:120 SAWarning: TypeDecorator UtcDateTime(timezone=True) will not produce a cache key because the ``cache_ok`` flag is not set to True.  Set this flag to True if this type object's state is safe to use in a cache key, or False to disable this warning.
[2021-11-29 16:19:17,957] {logging_mixin.py:109} INFO - [2021-11-29 16:19:17,956] {dag.py:2396} INFO - Sync 1 DAGs
[2021-11-29 16:19:17,999] {logging_mixin.py:109} WARNING - /usr/local/lib/python3.8/dist-packages/airflow/models/dag.py:2433 SAWarning: TypeDecorator UtcDateTime(timezone=True) will not produce a cache key because the ``cache_ok`` flag is not set to True.  Set this flag to True if this type object's state is safe to use in a cache key, or False to disable this warning.
[2021-11-29 16:19:18,023] {logging_mixin.py:109} INFO - [2021-11-29 16:19:18,023] {dag.py:2928} INFO - Setting next_dagrun for example_trigger_controller_dag to 2021-01-01T00:00:00+00:00
[2021-11-29 16:19:18,289] {processor.py:171} INFO - Processing /usr/local/lib/python3.8/dist-packages/airflow/example_dags/example_trigger_controller_dag.py took 0.510 seconds
[2021-11-29 16:20:13,548] {processor.py:163} INFO - Started process (PID=5822) to work on /usr/local/lib/python3.8/dist-packages/airflow/example_dags/example_trigger_controller_dag.py
[2021-11-29 16:20:13,575] {processor.py:625} INFO - Processing file /usr/local/lib/python3.8/dist-packages/airflow/example_dags/example_trigger_controller_dag.py for tasks to queue
[2021-11-29 16:20:13,576] {logging_mixin.py:109} INFO - [2021-11-29 16:20:13,576] {dagbag.py:500} INFO - Filling up the DagBag from /usr/local/lib/python3.8/dist-packages/airflow/example_dags/example_trigger_controller_dag.py
[2021-11-29 16:20:13,658] {processor.py:637} INFO - DAG(s) dict_keys(['example_trigger_controller_dag']) retrieved from /usr/local/lib/python3.8/dist-packages/airflow/example_dags/example_trigger_controller_dag.py
[2021-11-29 16:20:13,677] {logging_mixin.py:109} WARNING - /usr/local/lib/python3.8/dist-packages/airflow/models/serialized_dag.py:120 SAWarning: TypeDecorator UtcDateTime(timezone=True) will not produce a cache key because the ``cache_ok`` flag is not set to True.  Set this flag to True if this type object's state is safe to use in a cache key, or False to disable this warning.
[2021-11-29 16:20:13,704] {logging_mixin.py:109} INFO - [2021-11-29 16:20:13,704] {dag.py:2396} INFO - Sync 1 DAGs
[2021-11-29 16:20:13,741] {logging_mixin.py:109} WARNING - /usr/local/lib/python3.8/dist-packages/airflow/models/dag.py:2433 SAWarning: TypeDecorator UtcDateTime(timezone=True) will not produce a cache key because the ``cache_ok`` flag is not set to True.  Set this flag to True if this type object's state is safe to use in a cache key, or False to disable this warning.
[2021-11-29 16:20:13,785] {logging_mixin.py:109} INFO - [2021-11-29 16:20:13,785] {dag.py:2928} INFO - Setting next_dagrun for example_trigger_controller_dag to 2021-01-01T00:00:00+00:00
[2021-11-29 16:20:13,997] {processor.py:171} INFO - Processing /usr/local/lib/python3.8/dist-packages/airflow/example_dags/example_trigger_controller_dag.py took 0.464 seconds
[2021-11-29 16:21:06,051] {processor.py:163} INFO - Started process (PID=5992) to work on /usr/local/lib/python3.8/dist-packages/airflow/example_dags/example_trigger_controller_dag.py
[2021-11-29 16:21:06,121] {processor.py:625} INFO - Processing file /usr/local/lib/python3.8/dist-packages/airflow/example_dags/example_trigger_controller_dag.py for tasks to queue
[2021-11-29 16:21:06,122] {logging_mixin.py:109} INFO - [2021-11-29 16:21:06,122] {dagbag.py:500} INFO - Filling up the DagBag from /usr/local/lib/python3.8/dist-packages/airflow/example_dags/example_trigger_controller_dag.py
[2021-11-29 16:21:06,236] {processor.py:637} INFO - DAG(s) dict_keys(['example_trigger_controller_dag']) retrieved from /usr/local/lib/python3.8/dist-packages/airflow/example_dags/example_trigger_controller_dag.py
[2021-11-29 16:21:06,257] {logging_mixin.py:109} WARNING - /usr/local/lib/python3.8/dist-packages/airflow/models/serialized_dag.py:120 SAWarning: TypeDecorator UtcDateTime(timezone=True) will not produce a cache key because the ``cache_ok`` flag is not set to True.  Set this flag to True if this type object's state is safe to use in a cache key, or False to disable this warning.
[2021-11-29 16:21:06,306] {logging_mixin.py:109} INFO - [2021-11-29 16:21:06,306] {dag.py:2396} INFO - Sync 1 DAGs
[2021-11-29 16:21:06,329] {logging_mixin.py:109} WARNING - /usr/local/lib/python3.8/dist-packages/airflow/models/dag.py:2433 SAWarning: TypeDecorator UtcDateTime(timezone=True) will not produce a cache key because the ``cache_ok`` flag is not set to True.  Set this flag to True if this type object's state is safe to use in a cache key, or False to disable this warning.
[2021-11-29 16:21:06,344] {logging_mixin.py:109} INFO - [2021-11-29 16:21:06,344] {dag.py:2928} INFO - Setting next_dagrun for example_trigger_controller_dag to 2021-01-01T00:00:00+00:00
[2021-11-29 16:21:06,524] {processor.py:171} INFO - Processing /usr/local/lib/python3.8/dist-packages/airflow/example_dags/example_trigger_controller_dag.py took 0.492 seconds
[2021-11-29 16:22:02,864] {processor.py:163} INFO - Started process (PID=6168) to work on /usr/local/lib/python3.8/dist-packages/airflow/example_dags/example_trigger_controller_dag.py
[2021-11-29 16:22:03,105] {processor.py:625} INFO - Processing file /usr/local/lib/python3.8/dist-packages/airflow/example_dags/example_trigger_controller_dag.py for tasks to queue
[2021-11-29 16:22:03,107] {logging_mixin.py:109} INFO - [2021-11-29 16:22:03,107] {dagbag.py:500} INFO - Filling up the DagBag from /usr/local/lib/python3.8/dist-packages/airflow/example_dags/example_trigger_controller_dag.py
[2021-11-29 16:22:03,167] {processor.py:637} INFO - DAG(s) dict_keys(['example_trigger_controller_dag']) retrieved from /usr/local/lib/python3.8/dist-packages/airflow/example_dags/example_trigger_controller_dag.py
[2021-11-29 16:22:03,185] {logging_mixin.py:109} WARNING - /usr/local/lib/python3.8/dist-packages/airflow/models/serialized_dag.py:120 SAWarning: TypeDecorator UtcDateTime(timezone=True) will not produce a cache key because the ``cache_ok`` flag is not set to True.  Set this flag to True if this type object's state is safe to use in a cache key, or False to disable this warning.
[2021-11-29 16:22:03,209] {logging_mixin.py:109} INFO - [2021-11-29 16:22:03,209] {dag.py:2396} INFO - Sync 1 DAGs
[2021-11-29 16:22:03,280] {logging_mixin.py:109} WARNING - /usr/local/lib/python3.8/dist-packages/airflow/models/dag.py:2433 SAWarning: TypeDecorator UtcDateTime(timezone=True) will not produce a cache key because the ``cache_ok`` flag is not set to True.  Set this flag to True if this type object's state is safe to use in a cache key, or False to disable this warning.
[2021-11-29 16:22:03,307] {logging_mixin.py:109} INFO - [2021-11-29 16:22:03,307] {dag.py:2928} INFO - Setting next_dagrun for example_trigger_controller_dag to 2021-01-01T00:00:00+00:00
[2021-11-29 16:22:04,764] {processor.py:171} INFO - Processing /usr/local/lib/python3.8/dist-packages/airflow/example_dags/example_trigger_controller_dag.py took 1.905 seconds
[2021-11-29 16:23:00,654] {processor.py:163} INFO - Started process (PID=6350) to work on /usr/local/lib/python3.8/dist-packages/airflow/example_dags/example_trigger_controller_dag.py
[2021-11-29 16:23:00,732] {processor.py:625} INFO - Processing file /usr/local/lib/python3.8/dist-packages/airflow/example_dags/example_trigger_controller_dag.py for tasks to queue
[2021-11-29 16:23:00,733] {logging_mixin.py:109} INFO - [2021-11-29 16:23:00,732] {dagbag.py:500} INFO - Filling up the DagBag from /usr/local/lib/python3.8/dist-packages/airflow/example_dags/example_trigger_controller_dag.py
[2021-11-29 16:23:00,830] {processor.py:637} INFO - DAG(s) dict_keys(['example_trigger_controller_dag']) retrieved from /usr/local/lib/python3.8/dist-packages/airflow/example_dags/example_trigger_controller_dag.py
[2021-11-29 16:23:00,848] {logging_mixin.py:109} WARNING - /usr/local/lib/python3.8/dist-packages/airflow/models/serialized_dag.py:120 SAWarning: TypeDecorator UtcDateTime(timezone=True) will not produce a cache key because the ``cache_ok`` flag is not set to True.  Set this flag to True if this type object's state is safe to use in a cache key, or False to disable this warning.
[2021-11-29 16:23:00,872] {logging_mixin.py:109} INFO - [2021-11-29 16:23:00,872] {dag.py:2396} INFO - Sync 1 DAGs
[2021-11-29 16:23:00,910] {logging_mixin.py:109} WARNING - /usr/local/lib/python3.8/dist-packages/airflow/models/dag.py:2433 SAWarning: TypeDecorator UtcDateTime(timezone=True) will not produce a cache key because the ``cache_ok`` flag is not set to True.  Set this flag to True if this type object's state is safe to use in a cache key, or False to disable this warning.
[2021-11-29 16:23:00,921] {logging_mixin.py:109} INFO - [2021-11-29 16:23:00,921] {dag.py:2928} INFO - Setting next_dagrun for example_trigger_controller_dag to 2021-01-01T00:00:00+00:00
[2021-11-29 16:23:01,116] {processor.py:171} INFO - Processing /usr/local/lib/python3.8/dist-packages/airflow/example_dags/example_trigger_controller_dag.py took 0.494 seconds
[2021-11-29 16:23:54,030] {processor.py:163} INFO - Started process (PID=6519) to work on /usr/local/lib/python3.8/dist-packages/airflow/example_dags/example_trigger_controller_dag.py
[2021-11-29 16:23:54,036] {processor.py:625} INFO - Processing file /usr/local/lib/python3.8/dist-packages/airflow/example_dags/example_trigger_controller_dag.py for tasks to queue
[2021-11-29 16:23:54,037] {logging_mixin.py:109} INFO - [2021-11-29 16:23:54,037] {dagbag.py:500} INFO - Filling up the DagBag from /usr/local/lib/python3.8/dist-packages/airflow/example_dags/example_trigger_controller_dag.py
[2021-11-29 16:23:54,108] {processor.py:637} INFO - DAG(s) dict_keys(['example_trigger_controller_dag']) retrieved from /usr/local/lib/python3.8/dist-packages/airflow/example_dags/example_trigger_controller_dag.py
[2021-11-29 16:23:54,115] {logging_mixin.py:109} WARNING - /usr/local/lib/python3.8/dist-packages/airflow/models/serialized_dag.py:120 SAWarning: TypeDecorator UtcDateTime(timezone=True) will not produce a cache key because the ``cache_ok`` flag is not set to True.  Set this flag to True if this type object's state is safe to use in a cache key, or False to disable this warning.
[2021-11-29 16:23:54,148] {logging_mixin.py:109} INFO - [2021-11-29 16:23:54,148] {dag.py:2396} INFO - Sync 1 DAGs
[2021-11-29 16:23:54,187] {logging_mixin.py:109} WARNING - /usr/local/lib/python3.8/dist-packages/airflow/models/dag.py:2433 SAWarning: TypeDecorator UtcDateTime(timezone=True) will not produce a cache key because the ``cache_ok`` flag is not set to True.  Set this flag to True if this type object's state is safe to use in a cache key, or False to disable this warning.
[2021-11-29 16:23:54,209] {logging_mixin.py:109} INFO - [2021-11-29 16:23:54,209] {dag.py:2928} INFO - Setting next_dagrun for example_trigger_controller_dag to 2021-01-01T00:00:00+00:00
[2021-11-29 16:23:54,550] {processor.py:171} INFO - Processing /usr/local/lib/python3.8/dist-packages/airflow/example_dags/example_trigger_controller_dag.py took 0.539 seconds
[2021-11-29 16:24:56,145] {processor.py:163} INFO - Started process (PID=6679) to work on /usr/local/lib/python3.8/dist-packages/airflow/example_dags/example_trigger_controller_dag.py
[2021-11-29 16:24:56,165] {processor.py:625} INFO - Processing file /usr/local/lib/python3.8/dist-packages/airflow/example_dags/example_trigger_controller_dag.py for tasks to queue
[2021-11-29 16:24:56,166] {logging_mixin.py:109} INFO - [2021-11-29 16:24:56,166] {dagbag.py:500} INFO - Filling up the DagBag from /usr/local/lib/python3.8/dist-packages/airflow/example_dags/example_trigger_controller_dag.py
[2021-11-29 16:24:56,232] {processor.py:637} INFO - DAG(s) dict_keys(['example_trigger_controller_dag']) retrieved from /usr/local/lib/python3.8/dist-packages/airflow/example_dags/example_trigger_controller_dag.py
[2021-11-29 16:24:56,249] {logging_mixin.py:109} WARNING - /usr/local/lib/python3.8/dist-packages/airflow/models/serialized_dag.py:120 SAWarning: TypeDecorator UtcDateTime(timezone=True) will not produce a cache key because the ``cache_ok`` flag is not set to True.  Set this flag to True if this type object's state is safe to use in a cache key, or False to disable this warning.
[2021-11-29 16:24:56,273] {logging_mixin.py:109} INFO - [2021-11-29 16:24:56,273] {dag.py:2396} INFO - Sync 1 DAGs
[2021-11-29 16:24:56,311] {logging_mixin.py:109} WARNING - /usr/local/lib/python3.8/dist-packages/airflow/models/dag.py:2433 SAWarning: TypeDecorator UtcDateTime(timezone=True) will not produce a cache key because the ``cache_ok`` flag is not set to True.  Set this flag to True if this type object's state is safe to use in a cache key, or False to disable this warning.
[2021-11-29 16:24:56,326] {logging_mixin.py:109} INFO - [2021-11-29 16:24:56,326] {dag.py:2928} INFO - Setting next_dagrun for example_trigger_controller_dag to 2021-01-01T00:00:00+00:00
[2021-11-29 16:24:56,582] {processor.py:171} INFO - Processing /usr/local/lib/python3.8/dist-packages/airflow/example_dags/example_trigger_controller_dag.py took 0.451 seconds
[2021-11-29 16:25:52,244] {processor.py:163} INFO - Started process (PID=6854) to work on /usr/local/lib/python3.8/dist-packages/airflow/example_dags/example_trigger_controller_dag.py
[2021-11-29 16:25:52,269] {processor.py:625} INFO - Processing file /usr/local/lib/python3.8/dist-packages/airflow/example_dags/example_trigger_controller_dag.py for tasks to queue
[2021-11-29 16:25:52,270] {logging_mixin.py:109} INFO - [2021-11-29 16:25:52,270] {dagbag.py:500} INFO - Filling up the DagBag from /usr/local/lib/python3.8/dist-packages/airflow/example_dags/example_trigger_controller_dag.py
[2021-11-29 16:25:52,314] {processor.py:637} INFO - DAG(s) dict_keys(['example_trigger_controller_dag']) retrieved from /usr/local/lib/python3.8/dist-packages/airflow/example_dags/example_trigger_controller_dag.py
[2021-11-29 16:25:52,342] {logging_mixin.py:109} WARNING - /usr/local/lib/python3.8/dist-packages/airflow/models/serialized_dag.py:120 SAWarning: TypeDecorator UtcDateTime(timezone=True) will not produce a cache key because the ``cache_ok`` flag is not set to True.  Set this flag to True if this type object's state is safe to use in a cache key, or False to disable this warning.
[2021-11-29 16:25:52,386] {logging_mixin.py:109} INFO - [2021-11-29 16:25:52,386] {dag.py:2396} INFO - Sync 1 DAGs
[2021-11-29 16:25:52,438] {logging_mixin.py:109} WARNING - /usr/local/lib/python3.8/dist-packages/airflow/models/dag.py:2433 SAWarning: TypeDecorator UtcDateTime(timezone=True) will not produce a cache key because the ``cache_ok`` flag is not set to True.  Set this flag to True if this type object's state is safe to use in a cache key, or False to disable this warning.
[2021-11-29 16:25:52,450] {logging_mixin.py:109} INFO - [2021-11-29 16:25:52,449] {dag.py:2928} INFO - Setting next_dagrun for example_trigger_controller_dag to 2021-01-01T00:00:00+00:00
[2021-11-29 16:25:52,619] {processor.py:171} INFO - Processing /usr/local/lib/python3.8/dist-packages/airflow/example_dags/example_trigger_controller_dag.py took 0.379 seconds
[2021-11-29 16:26:46,947] {processor.py:163} INFO - Started process (PID=7021) to work on /usr/local/lib/python3.8/dist-packages/airflow/example_dags/example_trigger_controller_dag.py
[2021-11-29 16:26:46,962] {processor.py:625} INFO - Processing file /usr/local/lib/python3.8/dist-packages/airflow/example_dags/example_trigger_controller_dag.py for tasks to queue
[2021-11-29 16:26:46,963] {logging_mixin.py:109} INFO - [2021-11-29 16:26:46,963] {dagbag.py:500} INFO - Filling up the DagBag from /usr/local/lib/python3.8/dist-packages/airflow/example_dags/example_trigger_controller_dag.py
[2021-11-29 16:26:47,006] {processor.py:637} INFO - DAG(s) dict_keys(['example_trigger_controller_dag']) retrieved from /usr/local/lib/python3.8/dist-packages/airflow/example_dags/example_trigger_controller_dag.py
[2021-11-29 16:26:47,012] {logging_mixin.py:109} WARNING - /usr/local/lib/python3.8/dist-packages/airflow/models/serialized_dag.py:120 SAWarning: TypeDecorator UtcDateTime(timezone=True) will not produce a cache key because the ``cache_ok`` flag is not set to True.  Set this flag to True if this type object's state is safe to use in a cache key, or False to disable this warning.
[2021-11-29 16:26:47,028] {logging_mixin.py:109} INFO - [2021-11-29 16:26:47,028] {dag.py:2396} INFO - Sync 1 DAGs
[2021-11-29 16:26:47,047] {logging_mixin.py:109} WARNING - /usr/local/lib/python3.8/dist-packages/airflow/models/dag.py:2433 SAWarning: TypeDecorator UtcDateTime(timezone=True) will not produce a cache key because the ``cache_ok`` flag is not set to True.  Set this flag to True if this type object's state is safe to use in a cache key, or False to disable this warning.
[2021-11-29 16:26:47,062] {logging_mixin.py:109} INFO - [2021-11-29 16:26:47,062] {dag.py:2928} INFO - Setting next_dagrun for example_trigger_controller_dag to 2021-01-01T00:00:00+00:00
[2021-11-29 16:26:47,222] {processor.py:171} INFO - Processing /usr/local/lib/python3.8/dist-packages/airflow/example_dags/example_trigger_controller_dag.py took 0.290 seconds
[2021-11-29 16:27:40,117] {processor.py:163} INFO - Started process (PID=7180) to work on /usr/local/lib/python3.8/dist-packages/airflow/example_dags/example_trigger_controller_dag.py
[2021-11-29 16:27:40,147] {processor.py:625} INFO - Processing file /usr/local/lib/python3.8/dist-packages/airflow/example_dags/example_trigger_controller_dag.py for tasks to queue
[2021-11-29 16:27:40,148] {logging_mixin.py:109} INFO - [2021-11-29 16:27:40,148] {dagbag.py:500} INFO - Filling up the DagBag from /usr/local/lib/python3.8/dist-packages/airflow/example_dags/example_trigger_controller_dag.py
[2021-11-29 16:27:40,191] {processor.py:637} INFO - DAG(s) dict_keys(['example_trigger_controller_dag']) retrieved from /usr/local/lib/python3.8/dist-packages/airflow/example_dags/example_trigger_controller_dag.py
[2021-11-29 16:27:40,205] {logging_mixin.py:109} WARNING - /usr/local/lib/python3.8/dist-packages/airflow/models/serialized_dag.py:120 SAWarning: TypeDecorator UtcDateTime(timezone=True) will not produce a cache key because the ``cache_ok`` flag is not set to True.  Set this flag to True if this type object's state is safe to use in a cache key, or False to disable this warning.
[2021-11-29 16:27:40,224] {logging_mixin.py:109} INFO - [2021-11-29 16:27:40,224] {dag.py:2396} INFO - Sync 1 DAGs
[2021-11-29 16:27:40,249] {logging_mixin.py:109} WARNING - /usr/local/lib/python3.8/dist-packages/airflow/models/dag.py:2433 SAWarning: TypeDecorator UtcDateTime(timezone=True) will not produce a cache key because the ``cache_ok`` flag is not set to True.  Set this flag to True if this type object's state is safe to use in a cache key, or False to disable this warning.
[2021-11-29 16:27:40,266] {logging_mixin.py:109} INFO - [2021-11-29 16:27:40,266] {dag.py:2928} INFO - Setting next_dagrun for example_trigger_controller_dag to 2021-01-01T00:00:00+00:00
[2021-11-29 16:27:40,455] {processor.py:171} INFO - Processing /usr/local/lib/python3.8/dist-packages/airflow/example_dags/example_trigger_controller_dag.py took 0.354 seconds
[2021-11-29 16:28:38,644] {processor.py:163} INFO - Started process (PID=7341) to work on /usr/local/lib/python3.8/dist-packages/airflow/example_dags/example_trigger_controller_dag.py
[2021-11-29 16:28:38,693] {processor.py:625} INFO - Processing file /usr/local/lib/python3.8/dist-packages/airflow/example_dags/example_trigger_controller_dag.py for tasks to queue
[2021-11-29 16:28:38,694] {logging_mixin.py:109} INFO - [2021-11-29 16:28:38,694] {dagbag.py:500} INFO - Filling up the DagBag from /usr/local/lib/python3.8/dist-packages/airflow/example_dags/example_trigger_controller_dag.py
[2021-11-29 16:28:38,750] {processor.py:637} INFO - DAG(s) dict_keys(['example_trigger_controller_dag']) retrieved from /usr/local/lib/python3.8/dist-packages/airflow/example_dags/example_trigger_controller_dag.py
[2021-11-29 16:28:38,770] {logging_mixin.py:109} WARNING - /usr/local/lib/python3.8/dist-packages/airflow/models/serialized_dag.py:120 SAWarning: TypeDecorator UtcDateTime(timezone=True) will not produce a cache key because the ``cache_ok`` flag is not set to True.  Set this flag to True if this type object's state is safe to use in a cache key, or False to disable this warning.
[2021-11-29 16:28:38,784] {logging_mixin.py:109} INFO - [2021-11-29 16:28:38,784] {dag.py:2396} INFO - Sync 1 DAGs
[2021-11-29 16:28:38,822] {logging_mixin.py:109} WARNING - /usr/local/lib/python3.8/dist-packages/airflow/models/dag.py:2433 SAWarning: TypeDecorator UtcDateTime(timezone=True) will not produce a cache key because the ``cache_ok`` flag is not set to True.  Set this flag to True if this type object's state is safe to use in a cache key, or False to disable this warning.
[2021-11-29 16:28:38,837] {logging_mixin.py:109} INFO - [2021-11-29 16:28:38,837] {dag.py:2928} INFO - Setting next_dagrun for example_trigger_controller_dag to 2021-01-01T00:00:00+00:00
[2021-11-29 16:28:38,999] {processor.py:171} INFO - Processing /usr/local/lib/python3.8/dist-packages/airflow/example_dags/example_trigger_controller_dag.py took 0.360 seconds
[2021-11-29 16:29:36,990] {processor.py:163} INFO - Started process (PID=7505) to work on /usr/local/lib/python3.8/dist-packages/airflow/example_dags/example_trigger_controller_dag.py
[2021-11-29 16:29:37,011] {processor.py:625} INFO - Processing file /usr/local/lib/python3.8/dist-packages/airflow/example_dags/example_trigger_controller_dag.py for tasks to queue
[2021-11-29 16:29:37,012] {logging_mixin.py:109} INFO - [2021-11-29 16:29:37,012] {dagbag.py:500} INFO - Filling up the DagBag from /usr/local/lib/python3.8/dist-packages/airflow/example_dags/example_trigger_controller_dag.py
[2021-11-29 16:29:37,076] {processor.py:637} INFO - DAG(s) dict_keys(['example_trigger_controller_dag']) retrieved from /usr/local/lib/python3.8/dist-packages/airflow/example_dags/example_trigger_controller_dag.py
[2021-11-29 16:29:37,083] {logging_mixin.py:109} WARNING - /usr/local/lib/python3.8/dist-packages/airflow/models/serialized_dag.py:120 SAWarning: TypeDecorator UtcDateTime(timezone=True) will not produce a cache key because the ``cache_ok`` flag is not set to True.  Set this flag to True if this type object's state is safe to use in a cache key, or False to disable this warning.
[2021-11-29 16:29:37,107] {logging_mixin.py:109} INFO - [2021-11-29 16:29:37,106] {dag.py:2396} INFO - Sync 1 DAGs
[2021-11-29 16:29:37,123] {logging_mixin.py:109} WARNING - /usr/local/lib/python3.8/dist-packages/airflow/models/dag.py:2433 SAWarning: TypeDecorator UtcDateTime(timezone=True) will not produce a cache key because the ``cache_ok`` flag is not set to True.  Set this flag to True if this type object's state is safe to use in a cache key, or False to disable this warning.
[2021-11-29 16:29:37,135] {logging_mixin.py:109} INFO - [2021-11-29 16:29:37,135] {dag.py:2928} INFO - Setting next_dagrun for example_trigger_controller_dag to 2021-01-01T00:00:00+00:00
[2021-11-29 16:29:37,302] {processor.py:171} INFO - Processing /usr/local/lib/python3.8/dist-packages/airflow/example_dags/example_trigger_controller_dag.py took 0.317 seconds
[2021-11-29 16:30:32,637] {processor.py:163} INFO - Started process (PID=7666) to work on /usr/local/lib/python3.8/dist-packages/airflow/example_dags/example_trigger_controller_dag.py
[2021-11-29 16:30:32,669] {processor.py:625} INFO - Processing file /usr/local/lib/python3.8/dist-packages/airflow/example_dags/example_trigger_controller_dag.py for tasks to queue
[2021-11-29 16:30:32,670] {logging_mixin.py:109} INFO - [2021-11-29 16:30:32,670] {dagbag.py:500} INFO - Filling up the DagBag from /usr/local/lib/python3.8/dist-packages/airflow/example_dags/example_trigger_controller_dag.py
[2021-11-29 16:30:32,748] {processor.py:637} INFO - DAG(s) dict_keys(['example_trigger_controller_dag']) retrieved from /usr/local/lib/python3.8/dist-packages/airflow/example_dags/example_trigger_controller_dag.py
[2021-11-29 16:30:32,755] {logging_mixin.py:109} WARNING - /usr/local/lib/python3.8/dist-packages/airflow/models/serialized_dag.py:120 SAWarning: TypeDecorator UtcDateTime(timezone=True) will not produce a cache key because the ``cache_ok`` flag is not set to True.  Set this flag to True if this type object's state is safe to use in a cache key, or False to disable this warning.
[2021-11-29 16:30:32,787] {logging_mixin.py:109} INFO - [2021-11-29 16:30:32,787] {dag.py:2396} INFO - Sync 1 DAGs
[2021-11-29 16:30:32,813] {logging_mixin.py:109} WARNING - /usr/local/lib/python3.8/dist-packages/airflow/models/dag.py:2433 SAWarning: TypeDecorator UtcDateTime(timezone=True) will not produce a cache key because the ``cache_ok`` flag is not set to True.  Set this flag to True if this type object's state is safe to use in a cache key, or False to disable this warning.
[2021-11-29 16:30:32,847] {logging_mixin.py:109} INFO - [2021-11-29 16:30:32,847] {dag.py:2928} INFO - Setting next_dagrun for example_trigger_controller_dag to 2021-01-01T00:00:00+00:00
[2021-11-29 16:30:33,159] {processor.py:171} INFO - Processing /usr/local/lib/python3.8/dist-packages/airflow/example_dags/example_trigger_controller_dag.py took 0.537 seconds
[2021-11-29 16:31:28,266] {processor.py:163} INFO - Started process (PID=7827) to work on /usr/local/lib/python3.8/dist-packages/airflow/example_dags/example_trigger_controller_dag.py
[2021-11-29 16:31:28,292] {processor.py:625} INFO - Processing file /usr/local/lib/python3.8/dist-packages/airflow/example_dags/example_trigger_controller_dag.py for tasks to queue
[2021-11-29 16:31:28,294] {logging_mixin.py:109} INFO - [2021-11-29 16:31:28,293] {dagbag.py:500} INFO - Filling up the DagBag from /usr/local/lib/python3.8/dist-packages/airflow/example_dags/example_trigger_controller_dag.py
[2021-11-29 16:31:28,378] {processor.py:637} INFO - DAG(s) dict_keys(['example_trigger_controller_dag']) retrieved from /usr/local/lib/python3.8/dist-packages/airflow/example_dags/example_trigger_controller_dag.py
[2021-11-29 16:31:28,395] {logging_mixin.py:109} WARNING - /usr/local/lib/python3.8/dist-packages/airflow/models/serialized_dag.py:120 SAWarning: TypeDecorator UtcDateTime(timezone=True) will not produce a cache key because the ``cache_ok`` flag is not set to True.  Set this flag to True if this type object's state is safe to use in a cache key, or False to disable this warning.
[2021-11-29 16:31:28,433] {logging_mixin.py:109} INFO - [2021-11-29 16:31:28,433] {dag.py:2396} INFO - Sync 1 DAGs
[2021-11-29 16:31:28,463] {logging_mixin.py:109} WARNING - /usr/local/lib/python3.8/dist-packages/airflow/models/dag.py:2433 SAWarning: TypeDecorator UtcDateTime(timezone=True) will not produce a cache key because the ``cache_ok`` flag is not set to True.  Set this flag to True if this type object's state is safe to use in a cache key, or False to disable this warning.
[2021-11-29 16:31:28,480] {logging_mixin.py:109} INFO - [2021-11-29 16:31:28,479] {dag.py:2928} INFO - Setting next_dagrun for example_trigger_controller_dag to 2021-01-01T00:00:00+00:00
[2021-11-29 16:31:28,685] {processor.py:171} INFO - Processing /usr/local/lib/python3.8/dist-packages/airflow/example_dags/example_trigger_controller_dag.py took 0.440 seconds
[2021-11-29 16:32:22,677] {processor.py:163} INFO - Started process (PID=7988) to work on /usr/local/lib/python3.8/dist-packages/airflow/example_dags/example_trigger_controller_dag.py
[2021-11-29 16:32:22,689] {processor.py:625} INFO - Processing file /usr/local/lib/python3.8/dist-packages/airflow/example_dags/example_trigger_controller_dag.py for tasks to queue
[2021-11-29 16:32:22,690] {logging_mixin.py:109} INFO - [2021-11-29 16:32:22,690] {dagbag.py:500} INFO - Filling up the DagBag from /usr/local/lib/python3.8/dist-packages/airflow/example_dags/example_trigger_controller_dag.py
[2021-11-29 16:32:22,764] {processor.py:637} INFO - DAG(s) dict_keys(['example_trigger_controller_dag']) retrieved from /usr/local/lib/python3.8/dist-packages/airflow/example_dags/example_trigger_controller_dag.py
[2021-11-29 16:32:22,773] {logging_mixin.py:109} WARNING - /usr/local/lib/python3.8/dist-packages/airflow/models/serialized_dag.py:120 SAWarning: TypeDecorator UtcDateTime(timezone=True) will not produce a cache key because the ``cache_ok`` flag is not set to True.  Set this flag to True if this type object's state is safe to use in a cache key, or False to disable this warning.
[2021-11-29 16:32:22,789] {logging_mixin.py:109} INFO - [2021-11-29 16:32:22,789] {dag.py:2396} INFO - Sync 1 DAGs
[2021-11-29 16:32:22,824] {logging_mixin.py:109} WARNING - /usr/local/lib/python3.8/dist-packages/airflow/models/dag.py:2433 SAWarning: TypeDecorator UtcDateTime(timezone=True) will not produce a cache key because the ``cache_ok`` flag is not set to True.  Set this flag to True if this type object's state is safe to use in a cache key, or False to disable this warning.
[2021-11-29 16:32:22,852] {logging_mixin.py:109} INFO - [2021-11-29 16:32:22,852] {dag.py:2928} INFO - Setting next_dagrun for example_trigger_controller_dag to 2021-01-01T00:00:00+00:00
[2021-11-29 16:32:23,103] {processor.py:171} INFO - Processing /usr/local/lib/python3.8/dist-packages/airflow/example_dags/example_trigger_controller_dag.py took 0.430 seconds
[2021-11-29 16:33:19,834] {processor.py:163} INFO - Started process (PID=8157) to work on /usr/local/lib/python3.8/dist-packages/airflow/example_dags/example_trigger_controller_dag.py
[2021-11-29 16:33:19,851] {processor.py:625} INFO - Processing file /usr/local/lib/python3.8/dist-packages/airflow/example_dags/example_trigger_controller_dag.py for tasks to queue
[2021-11-29 16:33:19,852] {logging_mixin.py:109} INFO - [2021-11-29 16:33:19,852] {dagbag.py:500} INFO - Filling up the DagBag from /usr/local/lib/python3.8/dist-packages/airflow/example_dags/example_trigger_controller_dag.py
[2021-11-29 16:33:19,918] {processor.py:637} INFO - DAG(s) dict_keys(['example_trigger_controller_dag']) retrieved from /usr/local/lib/python3.8/dist-packages/airflow/example_dags/example_trigger_controller_dag.py
[2021-11-29 16:33:19,935] {logging_mixin.py:109} WARNING - /usr/local/lib/python3.8/dist-packages/airflow/models/serialized_dag.py:120 SAWarning: TypeDecorator UtcDateTime(timezone=True) will not produce a cache key because the ``cache_ok`` flag is not set to True.  Set this flag to True if this type object's state is safe to use in a cache key, or False to disable this warning.
[2021-11-29 16:33:19,961] {logging_mixin.py:109} INFO - [2021-11-29 16:33:19,961] {dag.py:2396} INFO - Sync 1 DAGs
[2021-11-29 16:33:19,999] {logging_mixin.py:109} WARNING - /usr/local/lib/python3.8/dist-packages/airflow/models/dag.py:2433 SAWarning: TypeDecorator UtcDateTime(timezone=True) will not produce a cache key because the ``cache_ok`` flag is not set to True.  Set this flag to True if this type object's state is safe to use in a cache key, or False to disable this warning.
[2021-11-29 16:33:20,028] {logging_mixin.py:109} INFO - [2021-11-29 16:33:20,028] {dag.py:2928} INFO - Setting next_dagrun for example_trigger_controller_dag to 2021-01-01T00:00:00+00:00
[2021-11-29 16:33:20,262] {processor.py:171} INFO - Processing /usr/local/lib/python3.8/dist-packages/airflow/example_dags/example_trigger_controller_dag.py took 0.433 seconds
[2021-11-29 16:34:13,935] {processor.py:163} INFO - Started process (PID=8316) to work on /usr/local/lib/python3.8/dist-packages/airflow/example_dags/example_trigger_controller_dag.py
[2021-11-29 16:34:13,953] {processor.py:625} INFO - Processing file /usr/local/lib/python3.8/dist-packages/airflow/example_dags/example_trigger_controller_dag.py for tasks to queue
[2021-11-29 16:34:13,954] {logging_mixin.py:109} INFO - [2021-11-29 16:34:13,954] {dagbag.py:500} INFO - Filling up the DagBag from /usr/local/lib/python3.8/dist-packages/airflow/example_dags/example_trigger_controller_dag.py
[2021-11-29 16:34:14,032] {processor.py:637} INFO - DAG(s) dict_keys(['example_trigger_controller_dag']) retrieved from /usr/local/lib/python3.8/dist-packages/airflow/example_dags/example_trigger_controller_dag.py
[2021-11-29 16:34:14,059] {logging_mixin.py:109} WARNING - /usr/local/lib/python3.8/dist-packages/airflow/models/serialized_dag.py:120 SAWarning: TypeDecorator UtcDateTime(timezone=True) will not produce a cache key because the ``cache_ok`` flag is not set to True.  Set this flag to True if this type object's state is safe to use in a cache key, or False to disable this warning.
[2021-11-29 16:34:14,077] {logging_mixin.py:109} INFO - [2021-11-29 16:34:14,077] {dag.py:2396} INFO - Sync 1 DAGs
[2021-11-29 16:34:14,104] {logging_mixin.py:109} WARNING - /usr/local/lib/python3.8/dist-packages/airflow/models/dag.py:2433 SAWarning: TypeDecorator UtcDateTime(timezone=True) will not produce a cache key because the ``cache_ok`` flag is not set to True.  Set this flag to True if this type object's state is safe to use in a cache key, or False to disable this warning.
[2021-11-29 16:34:14,119] {logging_mixin.py:109} INFO - [2021-11-29 16:34:14,119] {dag.py:2928} INFO - Setting next_dagrun for example_trigger_controller_dag to 2021-01-01T00:00:00+00:00
[2021-11-29 16:34:14,428] {processor.py:171} INFO - Processing /usr/local/lib/python3.8/dist-packages/airflow/example_dags/example_trigger_controller_dag.py took 0.508 seconds
[2021-11-29 16:35:10,556] {processor.py:163} INFO - Started process (PID=8487) to work on /usr/local/lib/python3.8/dist-packages/airflow/example_dags/example_trigger_controller_dag.py
[2021-11-29 16:35:10,590] {processor.py:625} INFO - Processing file /usr/local/lib/python3.8/dist-packages/airflow/example_dags/example_trigger_controller_dag.py for tasks to queue
[2021-11-29 16:35:10,591] {logging_mixin.py:109} INFO - [2021-11-29 16:35:10,590] {dagbag.py:500} INFO - Filling up the DagBag from /usr/local/lib/python3.8/dist-packages/airflow/example_dags/example_trigger_controller_dag.py
[2021-11-29 16:35:10,696] {processor.py:637} INFO - DAG(s) dict_keys(['example_trigger_controller_dag']) retrieved from /usr/local/lib/python3.8/dist-packages/airflow/example_dags/example_trigger_controller_dag.py
[2021-11-29 16:35:10,716] {logging_mixin.py:109} WARNING - /usr/local/lib/python3.8/dist-packages/airflow/models/serialized_dag.py:120 SAWarning: TypeDecorator UtcDateTime(timezone=True) will not produce a cache key because the ``cache_ok`` flag is not set to True.  Set this flag to True if this type object's state is safe to use in a cache key, or False to disable this warning.
[2021-11-29 16:35:10,734] {logging_mixin.py:109} INFO - [2021-11-29 16:35:10,734] {dag.py:2396} INFO - Sync 1 DAGs
[2021-11-29 16:35:10,782] {logging_mixin.py:109} WARNING - /usr/local/lib/python3.8/dist-packages/airflow/models/dag.py:2433 SAWarning: TypeDecorator UtcDateTime(timezone=True) will not produce a cache key because the ``cache_ok`` flag is not set to True.  Set this flag to True if this type object's state is safe to use in a cache key, or False to disable this warning.
[2021-11-29 16:35:10,795] {logging_mixin.py:109} INFO - [2021-11-29 16:35:10,795] {dag.py:2928} INFO - Setting next_dagrun for example_trigger_controller_dag to 2021-01-01T00:00:00+00:00
[2021-11-29 16:35:11,124] {processor.py:171} INFO - Processing /usr/local/lib/python3.8/dist-packages/airflow/example_dags/example_trigger_controller_dag.py took 0.574 seconds
[2021-11-29 16:36:06,605] {processor.py:163} INFO - Started process (PID=8646) to work on /usr/local/lib/python3.8/dist-packages/airflow/example_dags/example_trigger_controller_dag.py
[2021-11-29 16:36:06,633] {processor.py:625} INFO - Processing file /usr/local/lib/python3.8/dist-packages/airflow/example_dags/example_trigger_controller_dag.py for tasks to queue
[2021-11-29 16:36:06,634] {logging_mixin.py:109} INFO - [2021-11-29 16:36:06,634] {dagbag.py:500} INFO - Filling up the DagBag from /usr/local/lib/python3.8/dist-packages/airflow/example_dags/example_trigger_controller_dag.py
[2021-11-29 16:36:06,717] {processor.py:637} INFO - DAG(s) dict_keys(['example_trigger_controller_dag']) retrieved from /usr/local/lib/python3.8/dist-packages/airflow/example_dags/example_trigger_controller_dag.py
[2021-11-29 16:36:06,723] {logging_mixin.py:109} WARNING - /usr/local/lib/python3.8/dist-packages/airflow/models/serialized_dag.py:120 SAWarning: TypeDecorator UtcDateTime(timezone=True) will not produce a cache key because the ``cache_ok`` flag is not set to True.  Set this flag to True if this type object's state is safe to use in a cache key, or False to disable this warning.
[2021-11-29 16:36:06,758] {logging_mixin.py:109} INFO - [2021-11-29 16:36:06,757] {dag.py:2396} INFO - Sync 1 DAGs
[2021-11-29 16:36:06,791] {logging_mixin.py:109} WARNING - /usr/local/lib/python3.8/dist-packages/airflow/models/dag.py:2433 SAWarning: TypeDecorator UtcDateTime(timezone=True) will not produce a cache key because the ``cache_ok`` flag is not set to True.  Set this flag to True if this type object's state is safe to use in a cache key, or False to disable this warning.
[2021-11-29 16:36:06,807] {logging_mixin.py:109} INFO - [2021-11-29 16:36:06,807] {dag.py:2928} INFO - Setting next_dagrun for example_trigger_controller_dag to 2021-01-01T00:00:00+00:00
[2021-11-29 16:36:07,048] {processor.py:171} INFO - Processing /usr/local/lib/python3.8/dist-packages/airflow/example_dags/example_trigger_controller_dag.py took 0.460 seconds
[2021-11-29 16:37:02,362] {processor.py:163} INFO - Started process (PID=8803) to work on /usr/local/lib/python3.8/dist-packages/airflow/example_dags/example_trigger_controller_dag.py
[2021-11-29 16:37:02,421] {processor.py:625} INFO - Processing file /usr/local/lib/python3.8/dist-packages/airflow/example_dags/example_trigger_controller_dag.py for tasks to queue
[2021-11-29 16:37:02,422] {logging_mixin.py:109} INFO - [2021-11-29 16:37:02,421] {dagbag.py:500} INFO - Filling up the DagBag from /usr/local/lib/python3.8/dist-packages/airflow/example_dags/example_trigger_controller_dag.py
[2021-11-29 16:37:02,497] {processor.py:637} INFO - DAG(s) dict_keys(['example_trigger_controller_dag']) retrieved from /usr/local/lib/python3.8/dist-packages/airflow/example_dags/example_trigger_controller_dag.py
[2021-11-29 16:37:02,521] {logging_mixin.py:109} WARNING - /usr/local/lib/python3.8/dist-packages/airflow/models/serialized_dag.py:120 SAWarning: TypeDecorator UtcDateTime(timezone=True) will not produce a cache key because the ``cache_ok`` flag is not set to True.  Set this flag to True if this type object's state is safe to use in a cache key, or False to disable this warning.
[2021-11-29 16:37:02,555] {logging_mixin.py:109} INFO - [2021-11-29 16:37:02,555] {dag.py:2396} INFO - Sync 1 DAGs
[2021-11-29 16:37:02,596] {logging_mixin.py:109} WARNING - /usr/local/lib/python3.8/dist-packages/airflow/models/dag.py:2433 SAWarning: TypeDecorator UtcDateTime(timezone=True) will not produce a cache key because the ``cache_ok`` flag is not set to True.  Set this flag to True if this type object's state is safe to use in a cache key, or False to disable this warning.
[2021-11-29 16:37:02,616] {logging_mixin.py:109} INFO - [2021-11-29 16:37:02,616] {dag.py:2928} INFO - Setting next_dagrun for example_trigger_controller_dag to 2021-01-01T00:00:00+00:00
[2021-11-29 16:37:02,780] {processor.py:171} INFO - Processing /usr/local/lib/python3.8/dist-packages/airflow/example_dags/example_trigger_controller_dag.py took 0.423 seconds
[2021-11-29 16:37:58,115] {processor.py:163} INFO - Started process (PID=8965) to work on /usr/local/lib/python3.8/dist-packages/airflow/example_dags/example_trigger_controller_dag.py
[2021-11-29 16:37:58,143] {processor.py:625} INFO - Processing file /usr/local/lib/python3.8/dist-packages/airflow/example_dags/example_trigger_controller_dag.py for tasks to queue
[2021-11-29 16:37:58,143] {logging_mixin.py:109} INFO - [2021-11-29 16:37:58,143] {dagbag.py:500} INFO - Filling up the DagBag from /usr/local/lib/python3.8/dist-packages/airflow/example_dags/example_trigger_controller_dag.py
[2021-11-29 16:37:58,212] {processor.py:637} INFO - DAG(s) dict_keys(['example_trigger_controller_dag']) retrieved from /usr/local/lib/python3.8/dist-packages/airflow/example_dags/example_trigger_controller_dag.py
[2021-11-29 16:37:58,229] {logging_mixin.py:109} WARNING - /usr/local/lib/python3.8/dist-packages/airflow/models/serialized_dag.py:120 SAWarning: TypeDecorator UtcDateTime(timezone=True) will not produce a cache key because the ``cache_ok`` flag is not set to True.  Set this flag to True if this type object's state is safe to use in a cache key, or False to disable this warning.
[2021-11-29 16:37:58,250] {logging_mixin.py:109} INFO - [2021-11-29 16:37:58,250] {dag.py:2396} INFO - Sync 1 DAGs
[2021-11-29 16:37:58,286] {logging_mixin.py:109} WARNING - /usr/local/lib/python3.8/dist-packages/airflow/models/dag.py:2433 SAWarning: TypeDecorator UtcDateTime(timezone=True) will not produce a cache key because the ``cache_ok`` flag is not set to True.  Set this flag to True if this type object's state is safe to use in a cache key, or False to disable this warning.
[2021-11-29 16:37:58,311] {logging_mixin.py:109} INFO - [2021-11-29 16:37:58,311] {dag.py:2928} INFO - Setting next_dagrun for example_trigger_controller_dag to 2021-01-01T00:00:00+00:00
[2021-11-29 16:37:58,583] {processor.py:171} INFO - Processing /usr/local/lib/python3.8/dist-packages/airflow/example_dags/example_trigger_controller_dag.py took 0.483 seconds
[2021-11-29 16:38:54,244] {processor.py:163} INFO - Started process (PID=9134) to work on /usr/local/lib/python3.8/dist-packages/airflow/example_dags/example_trigger_controller_dag.py
[2021-11-29 16:38:54,255] {processor.py:625} INFO - Processing file /usr/local/lib/python3.8/dist-packages/airflow/example_dags/example_trigger_controller_dag.py for tasks to queue
[2021-11-29 16:38:54,256] {logging_mixin.py:109} INFO - [2021-11-29 16:38:54,256] {dagbag.py:500} INFO - Filling up the DagBag from /usr/local/lib/python3.8/dist-packages/airflow/example_dags/example_trigger_controller_dag.py
[2021-11-29 16:38:54,315] {processor.py:637} INFO - DAG(s) dict_keys(['example_trigger_controller_dag']) retrieved from /usr/local/lib/python3.8/dist-packages/airflow/example_dags/example_trigger_controller_dag.py
[2021-11-29 16:38:54,333] {logging_mixin.py:109} WARNING - /usr/local/lib/python3.8/dist-packages/airflow/models/serialized_dag.py:120 SAWarning: TypeDecorator UtcDateTime(timezone=True) will not produce a cache key because the ``cache_ok`` flag is not set to True.  Set this flag to True if this type object's state is safe to use in a cache key, or False to disable this warning.
[2021-11-29 16:38:54,369] {logging_mixin.py:109} INFO - [2021-11-29 16:38:54,369] {dag.py:2396} INFO - Sync 1 DAGs
[2021-11-29 16:38:54,411] {logging_mixin.py:109} WARNING - /usr/local/lib/python3.8/dist-packages/airflow/models/dag.py:2433 SAWarning: TypeDecorator UtcDateTime(timezone=True) will not produce a cache key because the ``cache_ok`` flag is not set to True.  Set this flag to True if this type object's state is safe to use in a cache key, or False to disable this warning.
[2021-11-29 16:38:54,446] {logging_mixin.py:109} INFO - [2021-11-29 16:38:54,445] {dag.py:2928} INFO - Setting next_dagrun for example_trigger_controller_dag to 2021-01-01T00:00:00+00:00
[2021-11-29 16:38:54,607] {processor.py:171} INFO - Processing /usr/local/lib/python3.8/dist-packages/airflow/example_dags/example_trigger_controller_dag.py took 0.368 seconds
[2021-11-29 16:39:48,480] {processor.py:163} INFO - Started process (PID=9299) to work on /usr/local/lib/python3.8/dist-packages/airflow/example_dags/example_trigger_controller_dag.py
[2021-11-29 16:39:48,495] {processor.py:625} INFO - Processing file /usr/local/lib/python3.8/dist-packages/airflow/example_dags/example_trigger_controller_dag.py for tasks to queue
[2021-11-29 16:39:48,496] {logging_mixin.py:109} INFO - [2021-11-29 16:39:48,496] {dagbag.py:500} INFO - Filling up the DagBag from /usr/local/lib/python3.8/dist-packages/airflow/example_dags/example_trigger_controller_dag.py
[2021-11-29 16:39:48,579] {processor.py:637} INFO - DAG(s) dict_keys(['example_trigger_controller_dag']) retrieved from /usr/local/lib/python3.8/dist-packages/airflow/example_dags/example_trigger_controller_dag.py
[2021-11-29 16:39:48,597] {logging_mixin.py:109} WARNING - /usr/local/lib/python3.8/dist-packages/airflow/models/serialized_dag.py:120 SAWarning: TypeDecorator UtcDateTime(timezone=True) will not produce a cache key because the ``cache_ok`` flag is not set to True.  Set this flag to True if this type object's state is safe to use in a cache key, or False to disable this warning.
[2021-11-29 16:39:48,619] {logging_mixin.py:109} INFO - [2021-11-29 16:39:48,619] {dag.py:2396} INFO - Sync 1 DAGs
[2021-11-29 16:39:48,682] {logging_mixin.py:109} WARNING - /usr/local/lib/python3.8/dist-packages/airflow/models/dag.py:2433 SAWarning: TypeDecorator UtcDateTime(timezone=True) will not produce a cache key because the ``cache_ok`` flag is not set to True.  Set this flag to True if this type object's state is safe to use in a cache key, or False to disable this warning.
[2021-11-29 16:39:48,718] {logging_mixin.py:109} INFO - [2021-11-29 16:39:48,718] {dag.py:2928} INFO - Setting next_dagrun for example_trigger_controller_dag to 2021-01-01T00:00:00+00:00
[2021-11-29 16:39:48,889] {processor.py:171} INFO - Processing /usr/local/lib/python3.8/dist-packages/airflow/example_dags/example_trigger_controller_dag.py took 0.425 seconds
[2021-11-29 16:40:44,798] {processor.py:163} INFO - Started process (PID=9461) to work on /usr/local/lib/python3.8/dist-packages/airflow/example_dags/example_trigger_controller_dag.py
[2021-11-29 16:40:44,815] {processor.py:625} INFO - Processing file /usr/local/lib/python3.8/dist-packages/airflow/example_dags/example_trigger_controller_dag.py for tasks to queue
[2021-11-29 16:40:44,817] {logging_mixin.py:109} INFO - [2021-11-29 16:40:44,816] {dagbag.py:500} INFO - Filling up the DagBag from /usr/local/lib/python3.8/dist-packages/airflow/example_dags/example_trigger_controller_dag.py
[2021-11-29 16:40:44,892] {processor.py:637} INFO - DAG(s) dict_keys(['example_trigger_controller_dag']) retrieved from /usr/local/lib/python3.8/dist-packages/airflow/example_dags/example_trigger_controller_dag.py
[2021-11-29 16:40:44,900] {logging_mixin.py:109} WARNING - /usr/local/lib/python3.8/dist-packages/airflow/models/serialized_dag.py:120 SAWarning: TypeDecorator UtcDateTime(timezone=True) will not produce a cache key because the ``cache_ok`` flag is not set to True.  Set this flag to True if this type object's state is safe to use in a cache key, or False to disable this warning.
[2021-11-29 16:40:44,921] {logging_mixin.py:109} INFO - [2021-11-29 16:40:44,921] {dag.py:2396} INFO - Sync 1 DAGs
[2021-11-29 16:40:44,950] {logging_mixin.py:109} WARNING - /usr/local/lib/python3.8/dist-packages/airflow/models/dag.py:2433 SAWarning: TypeDecorator UtcDateTime(timezone=True) will not produce a cache key because the ``cache_ok`` flag is not set to True.  Set this flag to True if this type object's state is safe to use in a cache key, or False to disable this warning.
[2021-11-29 16:40:44,965] {logging_mixin.py:109} INFO - [2021-11-29 16:40:44,962] {dag.py:2928} INFO - Setting next_dagrun for example_trigger_controller_dag to 2021-01-01T00:00:00+00:00
[2021-11-29 16:40:45,132] {processor.py:171} INFO - Processing /usr/local/lib/python3.8/dist-packages/airflow/example_dags/example_trigger_controller_dag.py took 0.339 seconds
[2021-11-29 16:41:44,911] {processor.py:163} INFO - Started process (PID=9630) to work on /usr/local/lib/python3.8/dist-packages/airflow/example_dags/example_trigger_controller_dag.py
[2021-11-29 16:41:44,939] {processor.py:625} INFO - Processing file /usr/local/lib/python3.8/dist-packages/airflow/example_dags/example_trigger_controller_dag.py for tasks to queue
[2021-11-29 16:41:44,942] {logging_mixin.py:109} INFO - [2021-11-29 16:41:44,942] {dagbag.py:500} INFO - Filling up the DagBag from /usr/local/lib/python3.8/dist-packages/airflow/example_dags/example_trigger_controller_dag.py
[2021-11-29 16:41:45,018] {processor.py:637} INFO - DAG(s) dict_keys(['example_trigger_controller_dag']) retrieved from /usr/local/lib/python3.8/dist-packages/airflow/example_dags/example_trigger_controller_dag.py
[2021-11-29 16:41:45,031] {logging_mixin.py:109} WARNING - /usr/local/lib/python3.8/dist-packages/airflow/models/serialized_dag.py:120 SAWarning: TypeDecorator UtcDateTime(timezone=True) will not produce a cache key because the ``cache_ok`` flag is not set to True.  Set this flag to True if this type object's state is safe to use in a cache key, or False to disable this warning.
[2021-11-29 16:41:45,050] {logging_mixin.py:109} INFO - [2021-11-29 16:41:45,049] {dag.py:2396} INFO - Sync 1 DAGs
[2021-11-29 16:41:45,074] {logging_mixin.py:109} WARNING - /usr/local/lib/python3.8/dist-packages/airflow/models/dag.py:2433 SAWarning: TypeDecorator UtcDateTime(timezone=True) will not produce a cache key because the ``cache_ok`` flag is not set to True.  Set this flag to True if this type object's state is safe to use in a cache key, or False to disable this warning.
[2021-11-29 16:41:45,092] {logging_mixin.py:109} INFO - [2021-11-29 16:41:45,092] {dag.py:2928} INFO - Setting next_dagrun for example_trigger_controller_dag to 2021-01-01T00:00:00+00:00
[2021-11-29 16:41:45,297] {processor.py:171} INFO - Processing /usr/local/lib/python3.8/dist-packages/airflow/example_dags/example_trigger_controller_dag.py took 0.403 seconds
[2021-11-29 16:42:41,600] {processor.py:163} INFO - Started process (PID=9803) to work on /usr/local/lib/python3.8/dist-packages/airflow/example_dags/example_trigger_controller_dag.py
[2021-11-29 16:42:41,623] {processor.py:625} INFO - Processing file /usr/local/lib/python3.8/dist-packages/airflow/example_dags/example_trigger_controller_dag.py for tasks to queue
[2021-11-29 16:42:41,624] {logging_mixin.py:109} INFO - [2021-11-29 16:42:41,624] {dagbag.py:500} INFO - Filling up the DagBag from /usr/local/lib/python3.8/dist-packages/airflow/example_dags/example_trigger_controller_dag.py
[2021-11-29 16:42:41,674] {processor.py:637} INFO - DAG(s) dict_keys(['example_trigger_controller_dag']) retrieved from /usr/local/lib/python3.8/dist-packages/airflow/example_dags/example_trigger_controller_dag.py
[2021-11-29 16:42:41,691] {logging_mixin.py:109} WARNING - /usr/local/lib/python3.8/dist-packages/airflow/models/serialized_dag.py:120 SAWarning: TypeDecorator UtcDateTime(timezone=True) will not produce a cache key because the ``cache_ok`` flag is not set to True.  Set this flag to True if this type object's state is safe to use in a cache key, or False to disable this warning.
[2021-11-29 16:42:41,714] {logging_mixin.py:109} INFO - [2021-11-29 16:42:41,714] {dag.py:2396} INFO - Sync 1 DAGs
[2021-11-29 16:42:41,764] {logging_mixin.py:109} WARNING - /usr/local/lib/python3.8/dist-packages/airflow/models/dag.py:2433 SAWarning: TypeDecorator UtcDateTime(timezone=True) will not produce a cache key because the ``cache_ok`` flag is not set to True.  Set this flag to True if this type object's state is safe to use in a cache key, or False to disable this warning.
[2021-11-29 16:42:41,798] {logging_mixin.py:109} INFO - [2021-11-29 16:42:41,798] {dag.py:2928} INFO - Setting next_dagrun for example_trigger_controller_dag to 2021-01-01T00:00:00+00:00
[2021-11-29 16:42:42,014] {processor.py:171} INFO - Processing /usr/local/lib/python3.8/dist-packages/airflow/example_dags/example_trigger_controller_dag.py took 0.434 seconds
[2021-11-29 16:43:36,166] {processor.py:163} INFO - Started process (PID=9969) to work on /usr/local/lib/python3.8/dist-packages/airflow/example_dags/example_trigger_controller_dag.py
[2021-11-29 16:43:36,201] {processor.py:625} INFO - Processing file /usr/local/lib/python3.8/dist-packages/airflow/example_dags/example_trigger_controller_dag.py for tasks to queue
[2021-11-29 16:43:36,207] {logging_mixin.py:109} INFO - [2021-11-29 16:43:36,202] {dagbag.py:500} INFO - Filling up the DagBag from /usr/local/lib/python3.8/dist-packages/airflow/example_dags/example_trigger_controller_dag.py
[2021-11-29 16:43:36,271] {processor.py:637} INFO - DAG(s) dict_keys(['example_trigger_controller_dag']) retrieved from /usr/local/lib/python3.8/dist-packages/airflow/example_dags/example_trigger_controller_dag.py
[2021-11-29 16:43:36,307] {logging_mixin.py:109} WARNING - /usr/local/lib/python3.8/dist-packages/airflow/models/serialized_dag.py:120 SAWarning: TypeDecorator UtcDateTime(timezone=True) will not produce a cache key because the ``cache_ok`` flag is not set to True.  Set this flag to True if this type object's state is safe to use in a cache key, or False to disable this warning.
[2021-11-29 16:43:36,333] {logging_mixin.py:109} INFO - [2021-11-29 16:43:36,333] {dag.py:2396} INFO - Sync 1 DAGs
[2021-11-29 16:43:36,364] {logging_mixin.py:109} WARNING - /usr/local/lib/python3.8/dist-packages/airflow/models/dag.py:2433 SAWarning: TypeDecorator UtcDateTime(timezone=True) will not produce a cache key because the ``cache_ok`` flag is not set to True.  Set this flag to True if this type object's state is safe to use in a cache key, or False to disable this warning.
[2021-11-29 16:43:36,382] {logging_mixin.py:109} INFO - [2021-11-29 16:43:36,382] {dag.py:2928} INFO - Setting next_dagrun for example_trigger_controller_dag to 2021-01-01T00:00:00+00:00
[2021-11-29 16:43:36,613] {processor.py:171} INFO - Processing /usr/local/lib/python3.8/dist-packages/airflow/example_dags/example_trigger_controller_dag.py took 0.462 seconds
[2021-11-29 16:44:32,550] {processor.py:163} INFO - Started process (PID=10134) to work on /usr/local/lib/python3.8/dist-packages/airflow/example_dags/example_trigger_controller_dag.py
[2021-11-29 16:44:32,569] {processor.py:625} INFO - Processing file /usr/local/lib/python3.8/dist-packages/airflow/example_dags/example_trigger_controller_dag.py for tasks to queue
[2021-11-29 16:44:32,570] {logging_mixin.py:109} INFO - [2021-11-29 16:44:32,570] {dagbag.py:500} INFO - Filling up the DagBag from /usr/local/lib/python3.8/dist-packages/airflow/example_dags/example_trigger_controller_dag.py
[2021-11-29 16:44:32,659] {processor.py:637} INFO - DAG(s) dict_keys(['example_trigger_controller_dag']) retrieved from /usr/local/lib/python3.8/dist-packages/airflow/example_dags/example_trigger_controller_dag.py
[2021-11-29 16:44:32,699] {logging_mixin.py:109} WARNING - /usr/local/lib/python3.8/dist-packages/airflow/models/serialized_dag.py:120 SAWarning: TypeDecorator UtcDateTime(timezone=True) will not produce a cache key because the ``cache_ok`` flag is not set to True.  Set this flag to True if this type object's state is safe to use in a cache key, or False to disable this warning.
[2021-11-29 16:44:32,714] {logging_mixin.py:109} INFO - [2021-11-29 16:44:32,710] {dag.py:2396} INFO - Sync 1 DAGs
[2021-11-29 16:44:32,736] {logging_mixin.py:109} WARNING - /usr/local/lib/python3.8/dist-packages/airflow/models/dag.py:2433 SAWarning: TypeDecorator UtcDateTime(timezone=True) will not produce a cache key because the ``cache_ok`` flag is not set to True.  Set this flag to True if this type object's state is safe to use in a cache key, or False to disable this warning.
[2021-11-29 16:44:32,749] {logging_mixin.py:109} INFO - [2021-11-29 16:44:32,749] {dag.py:2928} INFO - Setting next_dagrun for example_trigger_controller_dag to 2021-01-01T00:00:00+00:00
[2021-11-29 16:44:32,961] {processor.py:171} INFO - Processing /usr/local/lib/python3.8/dist-packages/airflow/example_dags/example_trigger_controller_dag.py took 0.437 seconds
[2021-11-29 16:45:28,908] {processor.py:163} INFO - Started process (PID=10300) to work on /usr/local/lib/python3.8/dist-packages/airflow/example_dags/example_trigger_controller_dag.py
[2021-11-29 16:45:28,959] {processor.py:625} INFO - Processing file /usr/local/lib/python3.8/dist-packages/airflow/example_dags/example_trigger_controller_dag.py for tasks to queue
[2021-11-29 16:45:28,961] {logging_mixin.py:109} INFO - [2021-11-29 16:45:28,960] {dagbag.py:500} INFO - Filling up the DagBag from /usr/local/lib/python3.8/dist-packages/airflow/example_dags/example_trigger_controller_dag.py
[2021-11-29 16:45:29,044] {processor.py:637} INFO - DAG(s) dict_keys(['example_trigger_controller_dag']) retrieved from /usr/local/lib/python3.8/dist-packages/airflow/example_dags/example_trigger_controller_dag.py
[2021-11-29 16:45:29,051] {logging_mixin.py:109} WARNING - /usr/local/lib/python3.8/dist-packages/airflow/models/serialized_dag.py:120 SAWarning: TypeDecorator UtcDateTime(timezone=True) will not produce a cache key because the ``cache_ok`` flag is not set to True.  Set this flag to True if this type object's state is safe to use in a cache key, or False to disable this warning.
[2021-11-29 16:45:29,074] {logging_mixin.py:109} INFO - [2021-11-29 16:45:29,074] {dag.py:2396} INFO - Sync 1 DAGs
[2021-11-29 16:45:29,110] {logging_mixin.py:109} WARNING - /usr/local/lib/python3.8/dist-packages/airflow/models/dag.py:2433 SAWarning: TypeDecorator UtcDateTime(timezone=True) will not produce a cache key because the ``cache_ok`` flag is not set to True.  Set this flag to True if this type object's state is safe to use in a cache key, or False to disable this warning.
[2021-11-29 16:45:29,156] {logging_mixin.py:109} INFO - [2021-11-29 16:45:29,132] {dag.py:2928} INFO - Setting next_dagrun for example_trigger_controller_dag to 2021-01-01T00:00:00+00:00
[2021-11-29 16:45:29,473] {processor.py:171} INFO - Processing /usr/local/lib/python3.8/dist-packages/airflow/example_dags/example_trigger_controller_dag.py took 0.591 seconds
[2021-11-29 16:46:22,404] {processor.py:163} INFO - Started process (PID=10473) to work on /usr/local/lib/python3.8/dist-packages/airflow/example_dags/example_trigger_controller_dag.py
[2021-11-29 16:46:22,415] {processor.py:625} INFO - Processing file /usr/local/lib/python3.8/dist-packages/airflow/example_dags/example_trigger_controller_dag.py for tasks to queue
[2021-11-29 16:46:22,416] {logging_mixin.py:109} INFO - [2021-11-29 16:46:22,416] {dagbag.py:500} INFO - Filling up the DagBag from /usr/local/lib/python3.8/dist-packages/airflow/example_dags/example_trigger_controller_dag.py
[2021-11-29 16:46:22,494] {processor.py:637} INFO - DAG(s) dict_keys(['example_trigger_controller_dag']) retrieved from /usr/local/lib/python3.8/dist-packages/airflow/example_dags/example_trigger_controller_dag.py
[2021-11-29 16:46:22,501] {logging_mixin.py:109} WARNING - /usr/local/lib/python3.8/dist-packages/airflow/models/serialized_dag.py:120 SAWarning: TypeDecorator UtcDateTime(timezone=True) will not produce a cache key because the ``cache_ok`` flag is not set to True.  Set this flag to True if this type object's state is safe to use in a cache key, or False to disable this warning.
[2021-11-29 16:46:22,514] {logging_mixin.py:109} INFO - [2021-11-29 16:46:22,514] {dag.py:2396} INFO - Sync 1 DAGs
[2021-11-29 16:46:22,529] {logging_mixin.py:109} WARNING - /usr/local/lib/python3.8/dist-packages/airflow/models/dag.py:2433 SAWarning: TypeDecorator UtcDateTime(timezone=True) will not produce a cache key because the ``cache_ok`` flag is not set to True.  Set this flag to True if this type object's state is safe to use in a cache key, or False to disable this warning.
[2021-11-29 16:46:22,540] {logging_mixin.py:109} INFO - [2021-11-29 16:46:22,540] {dag.py:2928} INFO - Setting next_dagrun for example_trigger_controller_dag to 2021-01-01T00:00:00+00:00
[2021-11-29 16:46:23,354] {processor.py:171} INFO - Processing /usr/local/lib/python3.8/dist-packages/airflow/example_dags/example_trigger_controller_dag.py took 0.954 seconds
