[2021-11-29 16:14:41,175] {processor.py:163} INFO - Started process (PID=4836) to work on /usr/local/lib/python3.8/dist-packages/airflow/example_dags/example_short_circuit_operator.py
[2021-11-29 16:14:41,176] {processor.py:625} INFO - Processing file /usr/local/lib/python3.8/dist-packages/airflow/example_dags/example_short_circuit_operator.py for tasks to queue
[2021-11-29 16:14:41,177] {logging_mixin.py:109} INFO - [2021-11-29 16:14:41,176] {dagbag.py:500} INFO - Filling up the DagBag from /usr/local/lib/python3.8/dist-packages/airflow/example_dags/example_short_circuit_operator.py
[2021-11-29 16:14:41,226] {processor.py:637} INFO - DAG(s) dict_keys(['example_short_circuit_operator']) retrieved from /usr/local/lib/python3.8/dist-packages/airflow/example_dags/example_short_circuit_operator.py
[2021-11-29 16:14:41,232] {logging_mixin.py:109} WARNING - /usr/local/lib/python3.8/dist-packages/airflow/models/serialized_dag.py:120 SAWarning: TypeDecorator UtcDateTime(timezone=True) will not produce a cache key because the ``cache_ok`` flag is not set to True.  Set this flag to True if this type object's state is safe to use in a cache key, or False to disable this warning.
[2021-11-29 16:14:41,246] {logging_mixin.py:109} INFO - [2021-11-29 16:14:41,246] {dag.py:2396} INFO - Sync 1 DAGs
[2021-11-29 16:14:41,265] {logging_mixin.py:109} WARNING - /usr/local/lib/python3.8/dist-packages/airflow/models/dag.py:2433 SAWarning: TypeDecorator UtcDateTime(timezone=True) will not produce a cache key because the ``cache_ok`` flag is not set to True.  Set this flag to True if this type object's state is safe to use in a cache key, or False to disable this warning.
[2021-11-29 16:14:41,276] {logging_mixin.py:109} INFO - [2021-11-29 16:14:41,276] {dag.py:2928} INFO - Setting next_dagrun for example_short_circuit_operator to 2021-11-28T10:44:41.276090+00:00
[2021-11-29 16:14:41,433] {processor.py:171} INFO - Processing /usr/local/lib/python3.8/dist-packages/airflow/example_dags/example_short_circuit_operator.py took 0.273 seconds
[2021-11-29 16:15:36,440] {processor.py:163} INFO - Started process (PID=4997) to work on /usr/local/lib/python3.8/dist-packages/airflow/example_dags/example_short_circuit_operator.py
[2021-11-29 16:15:36,477] {processor.py:625} INFO - Processing file /usr/local/lib/python3.8/dist-packages/airflow/example_dags/example_short_circuit_operator.py for tasks to queue
[2021-11-29 16:15:36,478] {logging_mixin.py:109} INFO - [2021-11-29 16:15:36,478] {dagbag.py:500} INFO - Filling up the DagBag from /usr/local/lib/python3.8/dist-packages/airflow/example_dags/example_short_circuit_operator.py
[2021-11-29 16:15:36,576] {processor.py:637} INFO - DAG(s) dict_keys(['example_short_circuit_operator']) retrieved from /usr/local/lib/python3.8/dist-packages/airflow/example_dags/example_short_circuit_operator.py
[2021-11-29 16:15:36,584] {logging_mixin.py:109} WARNING - /usr/local/lib/python3.8/dist-packages/airflow/models/serialized_dag.py:120 SAWarning: TypeDecorator UtcDateTime(timezone=True) will not produce a cache key because the ``cache_ok`` flag is not set to True.  Set this flag to True if this type object's state is safe to use in a cache key, or False to disable this warning.
[2021-11-29 16:15:36,611] {logging_mixin.py:109} INFO - [2021-11-29 16:15:36,611] {dag.py:2396} INFO - Sync 1 DAGs
[2021-11-29 16:15:36,654] {logging_mixin.py:109} WARNING - /usr/local/lib/python3.8/dist-packages/airflow/models/dag.py:2433 SAWarning: TypeDecorator UtcDateTime(timezone=True) will not produce a cache key because the ``cache_ok`` flag is not set to True.  Set this flag to True if this type object's state is safe to use in a cache key, or False to disable this warning.
[2021-11-29 16:15:36,705] {logging_mixin.py:109} INFO - [2021-11-29 16:15:36,695] {dag.py:2928} INFO - Setting next_dagrun for example_short_circuit_operator to 2021-11-28T10:45:36.694655+00:00
[2021-11-29 16:15:36,938] {processor.py:171} INFO - Processing /usr/local/lib/python3.8/dist-packages/airflow/example_dags/example_short_circuit_operator.py took 0.503 seconds
[2021-11-29 16:16:43,138] {processor.py:163} INFO - Started process (PID=5180) to work on /usr/local/lib/python3.8/dist-packages/airflow/example_dags/example_short_circuit_operator.py
[2021-11-29 16:16:43,169] {processor.py:625} INFO - Processing file /usr/local/lib/python3.8/dist-packages/airflow/example_dags/example_short_circuit_operator.py for tasks to queue
[2021-11-29 16:16:43,170] {logging_mixin.py:109} INFO - [2021-11-29 16:16:43,170] {dagbag.py:500} INFO - Filling up the DagBag from /usr/local/lib/python3.8/dist-packages/airflow/example_dags/example_short_circuit_operator.py
[2021-11-29 16:16:43,237] {processor.py:637} INFO - DAG(s) dict_keys(['example_short_circuit_operator']) retrieved from /usr/local/lib/python3.8/dist-packages/airflow/example_dags/example_short_circuit_operator.py
[2021-11-29 16:16:43,243] {logging_mixin.py:109} WARNING - /usr/local/lib/python3.8/dist-packages/airflow/models/serialized_dag.py:120 SAWarning: TypeDecorator UtcDateTime(timezone=True) will not produce a cache key because the ``cache_ok`` flag is not set to True.  Set this flag to True if this type object's state is safe to use in a cache key, or False to disable this warning.
[2021-11-29 16:16:43,262] {logging_mixin.py:109} INFO - [2021-11-29 16:16:43,262] {dag.py:2396} INFO - Sync 1 DAGs
[2021-11-29 16:16:43,290] {logging_mixin.py:109} WARNING - /usr/local/lib/python3.8/dist-packages/airflow/models/dag.py:2433 SAWarning: TypeDecorator UtcDateTime(timezone=True) will not produce a cache key because the ``cache_ok`` flag is not set to True.  Set this flag to True if this type object's state is safe to use in a cache key, or False to disable this warning.
[2021-11-29 16:16:43,302] {logging_mixin.py:109} INFO - [2021-11-29 16:16:43,302] {dag.py:2928} INFO - Setting next_dagrun for example_short_circuit_operator to 2021-11-28T10:46:43.302233+00:00
[2021-11-29 16:16:43,462] {processor.py:171} INFO - Processing /usr/local/lib/python3.8/dist-packages/airflow/example_dags/example_short_circuit_operator.py took 0.338 seconds
[2021-11-29 16:17:38,536] {processor.py:163} INFO - Started process (PID=5361) to work on /usr/local/lib/python3.8/dist-packages/airflow/example_dags/example_short_circuit_operator.py
[2021-11-29 16:17:38,585] {processor.py:625} INFO - Processing file /usr/local/lib/python3.8/dist-packages/airflow/example_dags/example_short_circuit_operator.py for tasks to queue
[2021-11-29 16:17:38,586] {logging_mixin.py:109} INFO - [2021-11-29 16:17:38,585] {dagbag.py:500} INFO - Filling up the DagBag from /usr/local/lib/python3.8/dist-packages/airflow/example_dags/example_short_circuit_operator.py
[2021-11-29 16:17:38,647] {processor.py:637} INFO - DAG(s) dict_keys(['example_short_circuit_operator']) retrieved from /usr/local/lib/python3.8/dist-packages/airflow/example_dags/example_short_circuit_operator.py
[2021-11-29 16:17:38,653] {logging_mixin.py:109} WARNING - /usr/local/lib/python3.8/dist-packages/airflow/models/serialized_dag.py:120 SAWarning: TypeDecorator UtcDateTime(timezone=True) will not produce a cache key because the ``cache_ok`` flag is not set to True.  Set this flag to True if this type object's state is safe to use in a cache key, or False to disable this warning.
[2021-11-29 16:17:38,677] {logging_mixin.py:109} INFO - [2021-11-29 16:17:38,676] {dag.py:2396} INFO - Sync 1 DAGs
[2021-11-29 16:17:38,702] {logging_mixin.py:109} WARNING - /usr/local/lib/python3.8/dist-packages/airflow/models/dag.py:2433 SAWarning: TypeDecorator UtcDateTime(timezone=True) will not produce a cache key because the ``cache_ok`` flag is not set to True.  Set this flag to True if this type object's state is safe to use in a cache key, or False to disable this warning.
[2021-11-29 16:17:38,715] {logging_mixin.py:109} INFO - [2021-11-29 16:17:38,715] {dag.py:2928} INFO - Setting next_dagrun for example_short_circuit_operator to 2021-11-28T10:47:38.714795+00:00
[2021-11-29 16:17:38,952] {processor.py:171} INFO - Processing /usr/local/lib/python3.8/dist-packages/airflow/example_dags/example_short_circuit_operator.py took 0.431 seconds
[2021-11-29 16:18:36,794] {processor.py:163} INFO - Started process (PID=5529) to work on /usr/local/lib/python3.8/dist-packages/airflow/example_dags/example_short_circuit_operator.py
[2021-11-29 16:18:36,809] {processor.py:625} INFO - Processing file /usr/local/lib/python3.8/dist-packages/airflow/example_dags/example_short_circuit_operator.py for tasks to queue
[2021-11-29 16:18:36,810] {logging_mixin.py:109} INFO - [2021-11-29 16:18:36,810] {dagbag.py:500} INFO - Filling up the DagBag from /usr/local/lib/python3.8/dist-packages/airflow/example_dags/example_short_circuit_operator.py
[2021-11-29 16:18:36,868] {processor.py:637} INFO - DAG(s) dict_keys(['example_short_circuit_operator']) retrieved from /usr/local/lib/python3.8/dist-packages/airflow/example_dags/example_short_circuit_operator.py
[2021-11-29 16:18:36,875] {logging_mixin.py:109} WARNING - /usr/local/lib/python3.8/dist-packages/airflow/models/serialized_dag.py:120 SAWarning: TypeDecorator UtcDateTime(timezone=True) will not produce a cache key because the ``cache_ok`` flag is not set to True.  Set this flag to True if this type object's state is safe to use in a cache key, or False to disable this warning.
[2021-11-29 16:18:36,887] {logging_mixin.py:109} INFO - [2021-11-29 16:18:36,887] {dag.py:2396} INFO - Sync 1 DAGs
[2021-11-29 16:18:36,903] {logging_mixin.py:109} WARNING - /usr/local/lib/python3.8/dist-packages/airflow/models/dag.py:2433 SAWarning: TypeDecorator UtcDateTime(timezone=True) will not produce a cache key because the ``cache_ok`` flag is not set to True.  Set this flag to True if this type object's state is safe to use in a cache key, or False to disable this warning.
[2021-11-29 16:18:36,915] {logging_mixin.py:109} INFO - [2021-11-29 16:18:36,915] {dag.py:2928} INFO - Setting next_dagrun for example_short_circuit_operator to 2021-11-28T10:48:36.914808+00:00
[2021-11-29 16:18:37,117] {processor.py:171} INFO - Processing /usr/local/lib/python3.8/dist-packages/airflow/example_dags/example_short_circuit_operator.py took 0.328 seconds
[2021-11-29 16:19:32,474] {processor.py:163} INFO - Started process (PID=5697) to work on /usr/local/lib/python3.8/dist-packages/airflow/example_dags/example_short_circuit_operator.py
[2021-11-29 16:19:32,496] {processor.py:625} INFO - Processing file /usr/local/lib/python3.8/dist-packages/airflow/example_dags/example_short_circuit_operator.py for tasks to queue
[2021-11-29 16:19:32,496] {logging_mixin.py:109} INFO - [2021-11-29 16:19:32,496] {dagbag.py:500} INFO - Filling up the DagBag from /usr/local/lib/python3.8/dist-packages/airflow/example_dags/example_short_circuit_operator.py
[2021-11-29 16:19:32,559] {processor.py:637} INFO - DAG(s) dict_keys(['example_short_circuit_operator']) retrieved from /usr/local/lib/python3.8/dist-packages/airflow/example_dags/example_short_circuit_operator.py
[2021-11-29 16:19:32,576] {logging_mixin.py:109} WARNING - /usr/local/lib/python3.8/dist-packages/airflow/models/serialized_dag.py:120 SAWarning: TypeDecorator UtcDateTime(timezone=True) will not produce a cache key because the ``cache_ok`` flag is not set to True.  Set this flag to True if this type object's state is safe to use in a cache key, or False to disable this warning.
[2021-11-29 16:19:32,600] {logging_mixin.py:109} INFO - [2021-11-29 16:19:32,600] {dag.py:2396} INFO - Sync 1 DAGs
[2021-11-29 16:19:32,628] {logging_mixin.py:109} WARNING - /usr/local/lib/python3.8/dist-packages/airflow/models/dag.py:2433 SAWarning: TypeDecorator UtcDateTime(timezone=True) will not produce a cache key because the ``cache_ok`` flag is not set to True.  Set this flag to True if this type object's state is safe to use in a cache key, or False to disable this warning.
[2021-11-29 16:19:32,640] {logging_mixin.py:109} INFO - [2021-11-29 16:19:32,640] {dag.py:2928} INFO - Setting next_dagrun for example_short_circuit_operator to 2021-11-28T10:49:32.639799+00:00
[2021-11-29 16:19:32,910] {processor.py:171} INFO - Processing /usr/local/lib/python3.8/dist-packages/airflow/example_dags/example_short_circuit_operator.py took 0.440 seconds
[2021-11-29 16:20:25,788] {processor.py:163} INFO - Started process (PID=5863) to work on /usr/local/lib/python3.8/dist-packages/airflow/example_dags/example_short_circuit_operator.py
[2021-11-29 16:20:25,821] {processor.py:625} INFO - Processing file /usr/local/lib/python3.8/dist-packages/airflow/example_dags/example_short_circuit_operator.py for tasks to queue
[2021-11-29 16:20:25,822] {logging_mixin.py:109} INFO - [2021-11-29 16:20:25,821] {dagbag.py:500} INFO - Filling up the DagBag from /usr/local/lib/python3.8/dist-packages/airflow/example_dags/example_short_circuit_operator.py
[2021-11-29 16:20:25,887] {processor.py:637} INFO - DAG(s) dict_keys(['example_short_circuit_operator']) retrieved from /usr/local/lib/python3.8/dist-packages/airflow/example_dags/example_short_circuit_operator.py
[2021-11-29 16:20:25,895] {logging_mixin.py:109} WARNING - /usr/local/lib/python3.8/dist-packages/airflow/models/serialized_dag.py:120 SAWarning: TypeDecorator UtcDateTime(timezone=True) will not produce a cache key because the ``cache_ok`` flag is not set to True.  Set this flag to True if this type object's state is safe to use in a cache key, or False to disable this warning.
[2021-11-29 16:20:25,945] {logging_mixin.py:109} INFO - [2021-11-29 16:20:25,945] {dag.py:2396} INFO - Sync 1 DAGs
[2021-11-29 16:20:25,982] {logging_mixin.py:109} WARNING - /usr/local/lib/python3.8/dist-packages/airflow/models/dag.py:2433 SAWarning: TypeDecorator UtcDateTime(timezone=True) will not produce a cache key because the ``cache_ok`` flag is not set to True.  Set this flag to True if this type object's state is safe to use in a cache key, or False to disable this warning.
[2021-11-29 16:20:26,007] {logging_mixin.py:109} INFO - [2021-11-29 16:20:26,006] {dag.py:2928} INFO - Setting next_dagrun for example_short_circuit_operator to 2021-11-28T10:50:26.006441+00:00
[2021-11-29 16:20:26,200] {processor.py:171} INFO - Processing /usr/local/lib/python3.8/dist-packages/airflow/example_dags/example_short_circuit_operator.py took 0.426 seconds
[2021-11-29 16:21:19,910] {processor.py:163} INFO - Started process (PID=6036) to work on /usr/local/lib/python3.8/dist-packages/airflow/example_dags/example_short_circuit_operator.py
[2021-11-29 16:21:19,926] {processor.py:625} INFO - Processing file /usr/local/lib/python3.8/dist-packages/airflow/example_dags/example_short_circuit_operator.py for tasks to queue
[2021-11-29 16:21:19,926] {logging_mixin.py:109} INFO - [2021-11-29 16:21:19,926] {dagbag.py:500} INFO - Filling up the DagBag from /usr/local/lib/python3.8/dist-packages/airflow/example_dags/example_short_circuit_operator.py
[2021-11-29 16:21:19,988] {processor.py:637} INFO - DAG(s) dict_keys(['example_short_circuit_operator']) retrieved from /usr/local/lib/python3.8/dist-packages/airflow/example_dags/example_short_circuit_operator.py
[2021-11-29 16:21:19,995] {logging_mixin.py:109} WARNING - /usr/local/lib/python3.8/dist-packages/airflow/models/serialized_dag.py:120 SAWarning: TypeDecorator UtcDateTime(timezone=True) will not produce a cache key because the ``cache_ok`` flag is not set to True.  Set this flag to True if this type object's state is safe to use in a cache key, or False to disable this warning.
[2021-11-29 16:21:20,010] {logging_mixin.py:109} INFO - [2021-11-29 16:21:20,009] {dag.py:2396} INFO - Sync 1 DAGs
[2021-11-29 16:21:20,035] {logging_mixin.py:109} WARNING - /usr/local/lib/python3.8/dist-packages/airflow/models/dag.py:2433 SAWarning: TypeDecorator UtcDateTime(timezone=True) will not produce a cache key because the ``cache_ok`` flag is not set to True.  Set this flag to True if this type object's state is safe to use in a cache key, or False to disable this warning.
[2021-11-29 16:21:20,069] {logging_mixin.py:109} INFO - [2021-11-29 16:21:20,069] {dag.py:2928} INFO - Setting next_dagrun for example_short_circuit_operator to 2021-11-28T10:51:20.068943+00:00
[2021-11-29 16:21:20,297] {processor.py:171} INFO - Processing /usr/local/lib/python3.8/dist-packages/airflow/example_dags/example_short_circuit_operator.py took 0.390 seconds
[2021-11-29 16:22:18,465] {processor.py:163} INFO - Started process (PID=6217) to work on /usr/local/lib/python3.8/dist-packages/airflow/example_dags/example_short_circuit_operator.py
[2021-11-29 16:22:18,490] {processor.py:625} INFO - Processing file /usr/local/lib/python3.8/dist-packages/airflow/example_dags/example_short_circuit_operator.py for tasks to queue
[2021-11-29 16:22:18,491] {logging_mixin.py:109} INFO - [2021-11-29 16:22:18,491] {dagbag.py:500} INFO - Filling up the DagBag from /usr/local/lib/python3.8/dist-packages/airflow/example_dags/example_short_circuit_operator.py
[2021-11-29 16:22:18,559] {processor.py:637} INFO - DAG(s) dict_keys(['example_short_circuit_operator']) retrieved from /usr/local/lib/python3.8/dist-packages/airflow/example_dags/example_short_circuit_operator.py
[2021-11-29 16:22:18,576] {logging_mixin.py:109} WARNING - /usr/local/lib/python3.8/dist-packages/airflow/models/serialized_dag.py:120 SAWarning: TypeDecorator UtcDateTime(timezone=True) will not produce a cache key because the ``cache_ok`` flag is not set to True.  Set this flag to True if this type object's state is safe to use in a cache key, or False to disable this warning.
[2021-11-29 16:22:18,601] {logging_mixin.py:109} INFO - [2021-11-29 16:22:18,600] {dag.py:2396} INFO - Sync 1 DAGs
[2021-11-29 16:22:18,658] {logging_mixin.py:109} WARNING - /usr/local/lib/python3.8/dist-packages/airflow/models/dag.py:2433 SAWarning: TypeDecorator UtcDateTime(timezone=True) will not produce a cache key because the ``cache_ok`` flag is not set to True.  Set this flag to True if this type object's state is safe to use in a cache key, or False to disable this warning.
[2021-11-29 16:22:18,698] {logging_mixin.py:109} INFO - [2021-11-29 16:22:18,698] {dag.py:2928} INFO - Setting next_dagrun for example_short_circuit_operator to 2021-11-28T10:52:18.698103+00:00
[2021-11-29 16:22:18,905] {processor.py:171} INFO - Processing /usr/local/lib/python3.8/dist-packages/airflow/example_dags/example_short_circuit_operator.py took 0.455 seconds
[2021-11-29 16:23:14,926] {processor.py:163} INFO - Started process (PID=6395) to work on /usr/local/lib/python3.8/dist-packages/airflow/example_dags/example_short_circuit_operator.py
[2021-11-29 16:23:14,946] {processor.py:625} INFO - Processing file /usr/local/lib/python3.8/dist-packages/airflow/example_dags/example_short_circuit_operator.py for tasks to queue
[2021-11-29 16:23:14,947] {logging_mixin.py:109} INFO - [2021-11-29 16:23:14,947] {dagbag.py:500} INFO - Filling up the DagBag from /usr/local/lib/python3.8/dist-packages/airflow/example_dags/example_short_circuit_operator.py
[2021-11-29 16:23:14,999] {processor.py:637} INFO - DAG(s) dict_keys(['example_short_circuit_operator']) retrieved from /usr/local/lib/python3.8/dist-packages/airflow/example_dags/example_short_circuit_operator.py
[2021-11-29 16:23:15,016] {logging_mixin.py:109} WARNING - /usr/local/lib/python3.8/dist-packages/airflow/models/serialized_dag.py:120 SAWarning: TypeDecorator UtcDateTime(timezone=True) will not produce a cache key because the ``cache_ok`` flag is not set to True.  Set this flag to True if this type object's state is safe to use in a cache key, or False to disable this warning.
[2021-11-29 16:23:15,030] {logging_mixin.py:109} INFO - [2021-11-29 16:23:15,030] {dag.py:2396} INFO - Sync 1 DAGs
[2021-11-29 16:23:15,048] {logging_mixin.py:109} WARNING - /usr/local/lib/python3.8/dist-packages/airflow/models/dag.py:2433 SAWarning: TypeDecorator UtcDateTime(timezone=True) will not produce a cache key because the ``cache_ok`` flag is not set to True.  Set this flag to True if this type object's state is safe to use in a cache key, or False to disable this warning.
[2021-11-29 16:23:15,060] {logging_mixin.py:109} INFO - [2021-11-29 16:23:15,060] {dag.py:2928} INFO - Setting next_dagrun for example_short_circuit_operator to 2021-11-28T10:53:15.059736+00:00
[2021-11-29 16:23:15,248] {processor.py:171} INFO - Processing /usr/local/lib/python3.8/dist-packages/airflow/example_dags/example_short_circuit_operator.py took 0.336 seconds
[2021-11-29 16:24:10,486] {processor.py:163} INFO - Started process (PID=6560) to work on /usr/local/lib/python3.8/dist-packages/airflow/example_dags/example_short_circuit_operator.py
[2021-11-29 16:24:10,530] {processor.py:625} INFO - Processing file /usr/local/lib/python3.8/dist-packages/airflow/example_dags/example_short_circuit_operator.py for tasks to queue
[2021-11-29 16:24:10,531] {logging_mixin.py:109} INFO - [2021-11-29 16:24:10,531] {dagbag.py:500} INFO - Filling up the DagBag from /usr/local/lib/python3.8/dist-packages/airflow/example_dags/example_short_circuit_operator.py
[2021-11-29 16:24:10,588] {processor.py:637} INFO - DAG(s) dict_keys(['example_short_circuit_operator']) retrieved from /usr/local/lib/python3.8/dist-packages/airflow/example_dags/example_short_circuit_operator.py
[2021-11-29 16:24:10,594] {logging_mixin.py:109} WARNING - /usr/local/lib/python3.8/dist-packages/airflow/models/serialized_dag.py:120 SAWarning: TypeDecorator UtcDateTime(timezone=True) will not produce a cache key because the ``cache_ok`` flag is not set to True.  Set this flag to True if this type object's state is safe to use in a cache key, or False to disable this warning.
[2021-11-29 16:24:10,640] {logging_mixin.py:109} INFO - [2021-11-29 16:24:10,639] {dag.py:2396} INFO - Sync 1 DAGs
[2021-11-29 16:24:10,679] {logging_mixin.py:109} WARNING - /usr/local/lib/python3.8/dist-packages/airflow/models/dag.py:2433 SAWarning: TypeDecorator UtcDateTime(timezone=True) will not produce a cache key because the ``cache_ok`` flag is not set to True.  Set this flag to True if this type object's state is safe to use in a cache key, or False to disable this warning.
[2021-11-29 16:24:10,702] {logging_mixin.py:109} INFO - [2021-11-29 16:24:10,702] {dag.py:2928} INFO - Setting next_dagrun for example_short_circuit_operator to 2021-11-28T10:54:10.702116+00:00
[2021-11-29 16:24:11,066] {processor.py:171} INFO - Processing /usr/local/lib/python3.8/dist-packages/airflow/example_dags/example_short_circuit_operator.py took 0.596 seconds
[2021-11-29 16:25:11,407] {processor.py:163} INFO - Started process (PID=6722) to work on /usr/local/lib/python3.8/dist-packages/airflow/example_dags/example_short_circuit_operator.py
[2021-11-29 16:25:11,428] {processor.py:625} INFO - Processing file /usr/local/lib/python3.8/dist-packages/airflow/example_dags/example_short_circuit_operator.py for tasks to queue
[2021-11-29 16:25:11,429] {logging_mixin.py:109} INFO - [2021-11-29 16:25:11,429] {dagbag.py:500} INFO - Filling up the DagBag from /usr/local/lib/python3.8/dist-packages/airflow/example_dags/example_short_circuit_operator.py
[2021-11-29 16:25:11,517] {processor.py:637} INFO - DAG(s) dict_keys(['example_short_circuit_operator']) retrieved from /usr/local/lib/python3.8/dist-packages/airflow/example_dags/example_short_circuit_operator.py
[2021-11-29 16:25:11,523] {logging_mixin.py:109} WARNING - /usr/local/lib/python3.8/dist-packages/airflow/models/serialized_dag.py:120 SAWarning: TypeDecorator UtcDateTime(timezone=True) will not produce a cache key because the ``cache_ok`` flag is not set to True.  Set this flag to True if this type object's state is safe to use in a cache key, or False to disable this warning.
[2021-11-29 16:25:11,560] {logging_mixin.py:109} INFO - [2021-11-29 16:25:11,560] {dag.py:2396} INFO - Sync 1 DAGs
[2021-11-29 16:25:11,592] {logging_mixin.py:109} WARNING - /usr/local/lib/python3.8/dist-packages/airflow/models/dag.py:2433 SAWarning: TypeDecorator UtcDateTime(timezone=True) will not produce a cache key because the ``cache_ok`` flag is not set to True.  Set this flag to True if this type object's state is safe to use in a cache key, or False to disable this warning.
[2021-11-29 16:25:11,608] {logging_mixin.py:109} INFO - [2021-11-29 16:25:11,608] {dag.py:2928} INFO - Setting next_dagrun for example_short_circuit_operator to 2021-11-28T10:55:11.607901+00:00
[2021-11-29 16:25:11,872] {processor.py:171} INFO - Processing /usr/local/lib/python3.8/dist-packages/airflow/example_dags/example_short_circuit_operator.py took 0.492 seconds
[2021-11-29 16:26:05,706] {processor.py:163} INFO - Started process (PID=6898) to work on /usr/local/lib/python3.8/dist-packages/airflow/example_dags/example_short_circuit_operator.py
[2021-11-29 16:26:05,751] {processor.py:625} INFO - Processing file /usr/local/lib/python3.8/dist-packages/airflow/example_dags/example_short_circuit_operator.py for tasks to queue
[2021-11-29 16:26:05,752] {logging_mixin.py:109} INFO - [2021-11-29 16:26:05,752] {dagbag.py:500} INFO - Filling up the DagBag from /usr/local/lib/python3.8/dist-packages/airflow/example_dags/example_short_circuit_operator.py
[2021-11-29 16:26:05,861] {processor.py:637} INFO - DAG(s) dict_keys(['example_short_circuit_operator']) retrieved from /usr/local/lib/python3.8/dist-packages/airflow/example_dags/example_short_circuit_operator.py
[2021-11-29 16:26:05,878] {logging_mixin.py:109} WARNING - /usr/local/lib/python3.8/dist-packages/airflow/models/serialized_dag.py:120 SAWarning: TypeDecorator UtcDateTime(timezone=True) will not produce a cache key because the ``cache_ok`` flag is not set to True.  Set this flag to True if this type object's state is safe to use in a cache key, or False to disable this warning.
[2021-11-29 16:26:05,902] {logging_mixin.py:109} INFO - [2021-11-29 16:26:05,901] {dag.py:2396} INFO - Sync 1 DAGs
[2021-11-29 16:26:05,968] {logging_mixin.py:109} WARNING - /usr/local/lib/python3.8/dist-packages/airflow/models/dag.py:2433 SAWarning: TypeDecorator UtcDateTime(timezone=True) will not produce a cache key because the ``cache_ok`` flag is not set to True.  Set this flag to True if this type object's state is safe to use in a cache key, or False to disable this warning.
[2021-11-29 16:26:06,013] {logging_mixin.py:109} INFO - [2021-11-29 16:26:06,013] {dag.py:2928} INFO - Setting next_dagrun for example_short_circuit_operator to 2021-11-28T10:56:06.013227+00:00
[2021-11-29 16:26:06,254] {processor.py:171} INFO - Processing /usr/local/lib/python3.8/dist-packages/airflow/example_dags/example_short_circuit_operator.py took 0.564 seconds
[2021-11-29 16:26:59,870] {processor.py:163} INFO - Started process (PID=7061) to work on /usr/local/lib/python3.8/dist-packages/airflow/example_dags/example_short_circuit_operator.py
[2021-11-29 16:26:59,898] {processor.py:625} INFO - Processing file /usr/local/lib/python3.8/dist-packages/airflow/example_dags/example_short_circuit_operator.py for tasks to queue
[2021-11-29 16:26:59,899] {logging_mixin.py:109} INFO - [2021-11-29 16:26:59,899] {dagbag.py:500} INFO - Filling up the DagBag from /usr/local/lib/python3.8/dist-packages/airflow/example_dags/example_short_circuit_operator.py
[2021-11-29 16:26:59,977] {processor.py:637} INFO - DAG(s) dict_keys(['example_short_circuit_operator']) retrieved from /usr/local/lib/python3.8/dist-packages/airflow/example_dags/example_short_circuit_operator.py
[2021-11-29 16:26:59,983] {logging_mixin.py:109} WARNING - /usr/local/lib/python3.8/dist-packages/airflow/models/serialized_dag.py:120 SAWarning: TypeDecorator UtcDateTime(timezone=True) will not produce a cache key because the ``cache_ok`` flag is not set to True.  Set this flag to True if this type object's state is safe to use in a cache key, or False to disable this warning.
[2021-11-29 16:27:00,018] {logging_mixin.py:109} INFO - [2021-11-29 16:27:00,018] {dag.py:2396} INFO - Sync 1 DAGs
[2021-11-29 16:27:00,052] {logging_mixin.py:109} WARNING - /usr/local/lib/python3.8/dist-packages/airflow/models/dag.py:2433 SAWarning: TypeDecorator UtcDateTime(timezone=True) will not produce a cache key because the ``cache_ok`` flag is not set to True.  Set this flag to True if this type object's state is safe to use in a cache key, or False to disable this warning.
[2021-11-29 16:27:00,069] {logging_mixin.py:109} INFO - [2021-11-29 16:27:00,068] {dag.py:2928} INFO - Setting next_dagrun for example_short_circuit_operator to 2021-11-28T10:57:00.068331+00:00
[2021-11-29 16:27:00,285] {processor.py:171} INFO - Processing /usr/local/lib/python3.8/dist-packages/airflow/example_dags/example_short_circuit_operator.py took 0.432 seconds
[2021-11-29 16:27:54,582] {processor.py:163} INFO - Started process (PID=7221) to work on /usr/local/lib/python3.8/dist-packages/airflow/example_dags/example_short_circuit_operator.py
[2021-11-29 16:27:54,599] {processor.py:625} INFO - Processing file /usr/local/lib/python3.8/dist-packages/airflow/example_dags/example_short_circuit_operator.py for tasks to queue
[2021-11-29 16:27:54,600] {logging_mixin.py:109} INFO - [2021-11-29 16:27:54,600] {dagbag.py:500} INFO - Filling up the DagBag from /usr/local/lib/python3.8/dist-packages/airflow/example_dags/example_short_circuit_operator.py
[2021-11-29 16:27:54,679] {processor.py:637} INFO - DAG(s) dict_keys(['example_short_circuit_operator']) retrieved from /usr/local/lib/python3.8/dist-packages/airflow/example_dags/example_short_circuit_operator.py
[2021-11-29 16:27:54,698] {logging_mixin.py:109} WARNING - /usr/local/lib/python3.8/dist-packages/airflow/models/serialized_dag.py:120 SAWarning: TypeDecorator UtcDateTime(timezone=True) will not produce a cache key because the ``cache_ok`` flag is not set to True.  Set this flag to True if this type object's state is safe to use in a cache key, or False to disable this warning.
[2021-11-29 16:27:54,738] {logging_mixin.py:109} INFO - [2021-11-29 16:27:54,738] {dag.py:2396} INFO - Sync 1 DAGs
[2021-11-29 16:27:54,780] {logging_mixin.py:109} WARNING - /usr/local/lib/python3.8/dist-packages/airflow/models/dag.py:2433 SAWarning: TypeDecorator UtcDateTime(timezone=True) will not produce a cache key because the ``cache_ok`` flag is not set to True.  Set this flag to True if this type object's state is safe to use in a cache key, or False to disable this warning.
[2021-11-29 16:27:54,817] {logging_mixin.py:109} INFO - [2021-11-29 16:27:54,817] {dag.py:2928} INFO - Setting next_dagrun for example_short_circuit_operator to 2021-11-28T10:57:54.817151+00:00
[2021-11-29 16:27:55,068] {processor.py:171} INFO - Processing /usr/local/lib/python3.8/dist-packages/airflow/example_dags/example_short_circuit_operator.py took 0.503 seconds
[2021-11-29 16:28:53,418] {processor.py:163} INFO - Started process (PID=7380) to work on /usr/local/lib/python3.8/dist-packages/airflow/example_dags/example_short_circuit_operator.py
[2021-11-29 16:28:53,455] {processor.py:625} INFO - Processing file /usr/local/lib/python3.8/dist-packages/airflow/example_dags/example_short_circuit_operator.py for tasks to queue
[2021-11-29 16:28:53,456] {logging_mixin.py:109} INFO - [2021-11-29 16:28:53,456] {dagbag.py:500} INFO - Filling up the DagBag from /usr/local/lib/python3.8/dist-packages/airflow/example_dags/example_short_circuit_operator.py
[2021-11-29 16:28:53,529] {processor.py:637} INFO - DAG(s) dict_keys(['example_short_circuit_operator']) retrieved from /usr/local/lib/python3.8/dist-packages/airflow/example_dags/example_short_circuit_operator.py
[2021-11-29 16:28:53,540] {logging_mixin.py:109} WARNING - /usr/local/lib/python3.8/dist-packages/airflow/models/serialized_dag.py:120 SAWarning: TypeDecorator UtcDateTime(timezone=True) will not produce a cache key because the ``cache_ok`` flag is not set to True.  Set this flag to True if this type object's state is safe to use in a cache key, or False to disable this warning.
[2021-11-29 16:28:53,558] {logging_mixin.py:109} INFO - [2021-11-29 16:28:53,558] {dag.py:2396} INFO - Sync 1 DAGs
[2021-11-29 16:28:53,578] {logging_mixin.py:109} WARNING - /usr/local/lib/python3.8/dist-packages/airflow/models/dag.py:2433 SAWarning: TypeDecorator UtcDateTime(timezone=True) will not produce a cache key because the ``cache_ok`` flag is not set to True.  Set this flag to True if this type object's state is safe to use in a cache key, or False to disable this warning.
[2021-11-29 16:28:53,607] {logging_mixin.py:109} INFO - [2021-11-29 16:28:53,607] {dag.py:2928} INFO - Setting next_dagrun for example_short_circuit_operator to 2021-11-28T10:58:53.606755+00:00
[2021-11-29 16:28:53,877] {processor.py:171} INFO - Processing /usr/local/lib/python3.8/dist-packages/airflow/example_dags/example_short_circuit_operator.py took 0.482 seconds
[2021-11-29 16:29:51,055] {processor.py:163} INFO - Started process (PID=7545) to work on /usr/local/lib/python3.8/dist-packages/airflow/example_dags/example_short_circuit_operator.py
[2021-11-29 16:29:51,090] {processor.py:625} INFO - Processing file /usr/local/lib/python3.8/dist-packages/airflow/example_dags/example_short_circuit_operator.py for tasks to queue
[2021-11-29 16:29:51,091] {logging_mixin.py:109} INFO - [2021-11-29 16:29:51,091] {dagbag.py:500} INFO - Filling up the DagBag from /usr/local/lib/python3.8/dist-packages/airflow/example_dags/example_short_circuit_operator.py
[2021-11-29 16:29:51,168] {processor.py:637} INFO - DAG(s) dict_keys(['example_short_circuit_operator']) retrieved from /usr/local/lib/python3.8/dist-packages/airflow/example_dags/example_short_circuit_operator.py
[2021-11-29 16:29:51,188] {logging_mixin.py:109} WARNING - /usr/local/lib/python3.8/dist-packages/airflow/models/serialized_dag.py:120 SAWarning: TypeDecorator UtcDateTime(timezone=True) will not produce a cache key because the ``cache_ok`` flag is not set to True.  Set this flag to True if this type object's state is safe to use in a cache key, or False to disable this warning.
[2021-11-29 16:29:51,229] {logging_mixin.py:109} INFO - [2021-11-29 16:29:51,228] {dag.py:2396} INFO - Sync 1 DAGs
[2021-11-29 16:29:51,265] {logging_mixin.py:109} WARNING - /usr/local/lib/python3.8/dist-packages/airflow/models/dag.py:2433 SAWarning: TypeDecorator UtcDateTime(timezone=True) will not produce a cache key because the ``cache_ok`` flag is not set to True.  Set this flag to True if this type object's state is safe to use in a cache key, or False to disable this warning.
[2021-11-29 16:29:51,289] {logging_mixin.py:109} INFO - [2021-11-29 16:29:51,289] {dag.py:2928} INFO - Setting next_dagrun for example_short_circuit_operator to 2021-11-28T10:59:51.288686+00:00
[2021-11-29 16:29:51,481] {processor.py:171} INFO - Processing /usr/local/lib/python3.8/dist-packages/airflow/example_dags/example_short_circuit_operator.py took 0.431 seconds
[2021-11-29 16:30:47,567] {processor.py:163} INFO - Started process (PID=7711) to work on /usr/local/lib/python3.8/dist-packages/airflow/example_dags/example_short_circuit_operator.py
[2021-11-29 16:30:47,576] {processor.py:625} INFO - Processing file /usr/local/lib/python3.8/dist-packages/airflow/example_dags/example_short_circuit_operator.py for tasks to queue
[2021-11-29 16:30:47,577] {logging_mixin.py:109} INFO - [2021-11-29 16:30:47,577] {dagbag.py:500} INFO - Filling up the DagBag from /usr/local/lib/python3.8/dist-packages/airflow/example_dags/example_short_circuit_operator.py
[2021-11-29 16:30:47,665] {processor.py:637} INFO - DAG(s) dict_keys(['example_short_circuit_operator']) retrieved from /usr/local/lib/python3.8/dist-packages/airflow/example_dags/example_short_circuit_operator.py
[2021-11-29 16:30:47,671] {logging_mixin.py:109} WARNING - /usr/local/lib/python3.8/dist-packages/airflow/models/serialized_dag.py:120 SAWarning: TypeDecorator UtcDateTime(timezone=True) will not produce a cache key because the ``cache_ok`` flag is not set to True.  Set this flag to True if this type object's state is safe to use in a cache key, or False to disable this warning.
[2021-11-29 16:30:47,716] {logging_mixin.py:109} INFO - [2021-11-29 16:30:47,716] {dag.py:2396} INFO - Sync 1 DAGs
[2021-11-29 16:30:47,732] {logging_mixin.py:109} WARNING - /usr/local/lib/python3.8/dist-packages/airflow/models/dag.py:2433 SAWarning: TypeDecorator UtcDateTime(timezone=True) will not produce a cache key because the ``cache_ok`` flag is not set to True.  Set this flag to True if this type object's state is safe to use in a cache key, or False to disable this warning.
[2021-11-29 16:30:47,745] {logging_mixin.py:109} INFO - [2021-11-29 16:30:47,745] {dag.py:2928} INFO - Setting next_dagrun for example_short_circuit_operator to 2021-11-28T11:00:47.744638+00:00
[2021-11-29 16:30:48,006] {processor.py:171} INFO - Processing /usr/local/lib/python3.8/dist-packages/airflow/example_dags/example_short_circuit_operator.py took 0.454 seconds
[2021-11-29 16:31:42,006] {processor.py:163} INFO - Started process (PID=7867) to work on /usr/local/lib/python3.8/dist-packages/airflow/example_dags/example_short_circuit_operator.py
[2021-11-29 16:31:42,037] {processor.py:625} INFO - Processing file /usr/local/lib/python3.8/dist-packages/airflow/example_dags/example_short_circuit_operator.py for tasks to queue
[2021-11-29 16:31:42,038] {logging_mixin.py:109} INFO - [2021-11-29 16:31:42,038] {dagbag.py:500} INFO - Filling up the DagBag from /usr/local/lib/python3.8/dist-packages/airflow/example_dags/example_short_circuit_operator.py
[2021-11-29 16:31:42,089] {processor.py:637} INFO - DAG(s) dict_keys(['example_short_circuit_operator']) retrieved from /usr/local/lib/python3.8/dist-packages/airflow/example_dags/example_short_circuit_operator.py
[2021-11-29 16:31:42,097] {logging_mixin.py:109} WARNING - /usr/local/lib/python3.8/dist-packages/airflow/models/serialized_dag.py:120 SAWarning: TypeDecorator UtcDateTime(timezone=True) will not produce a cache key because the ``cache_ok`` flag is not set to True.  Set this flag to True if this type object's state is safe to use in a cache key, or False to disable this warning.
[2021-11-29 16:31:42,110] {logging_mixin.py:109} INFO - [2021-11-29 16:31:42,109] {dag.py:2396} INFO - Sync 1 DAGs
[2021-11-29 16:31:42,126] {logging_mixin.py:109} WARNING - /usr/local/lib/python3.8/dist-packages/airflow/models/dag.py:2433 SAWarning: TypeDecorator UtcDateTime(timezone=True) will not produce a cache key because the ``cache_ok`` flag is not set to True.  Set this flag to True if this type object's state is safe to use in a cache key, or False to disable this warning.
[2021-11-29 16:31:42,139] {logging_mixin.py:109} INFO - [2021-11-29 16:31:42,139] {dag.py:2928} INFO - Setting next_dagrun for example_short_circuit_operator to 2021-11-28T11:01:42.139009+00:00
[2021-11-29 16:31:42,386] {processor.py:171} INFO - Processing /usr/local/lib/python3.8/dist-packages/airflow/example_dags/example_short_circuit_operator.py took 0.395 seconds
[2021-11-29 16:32:38,158] {processor.py:163} INFO - Started process (PID=8033) to work on /usr/local/lib/python3.8/dist-packages/airflow/example_dags/example_short_circuit_operator.py
[2021-11-29 16:32:38,173] {processor.py:625} INFO - Processing file /usr/local/lib/python3.8/dist-packages/airflow/example_dags/example_short_circuit_operator.py for tasks to queue
[2021-11-29 16:32:38,174] {logging_mixin.py:109} INFO - [2021-11-29 16:32:38,174] {dagbag.py:500} INFO - Filling up the DagBag from /usr/local/lib/python3.8/dist-packages/airflow/example_dags/example_short_circuit_operator.py
[2021-11-29 16:32:38,230] {processor.py:637} INFO - DAG(s) dict_keys(['example_short_circuit_operator']) retrieved from /usr/local/lib/python3.8/dist-packages/airflow/example_dags/example_short_circuit_operator.py
[2021-11-29 16:32:38,238] {logging_mixin.py:109} WARNING - /usr/local/lib/python3.8/dist-packages/airflow/models/serialized_dag.py:120 SAWarning: TypeDecorator UtcDateTime(timezone=True) will not produce a cache key because the ``cache_ok`` flag is not set to True.  Set this flag to True if this type object's state is safe to use in a cache key, or False to disable this warning.
[2021-11-29 16:32:38,254] {logging_mixin.py:109} INFO - [2021-11-29 16:32:38,254] {dag.py:2396} INFO - Sync 1 DAGs
[2021-11-29 16:32:38,272] {logging_mixin.py:109} WARNING - /usr/local/lib/python3.8/dist-packages/airflow/models/dag.py:2433 SAWarning: TypeDecorator UtcDateTime(timezone=True) will not produce a cache key because the ``cache_ok`` flag is not set to True.  Set this flag to True if this type object's state is safe to use in a cache key, or False to disable this warning.
[2021-11-29 16:32:38,287] {logging_mixin.py:109} INFO - [2021-11-29 16:32:38,286] {dag.py:2928} INFO - Setting next_dagrun for example_short_circuit_operator to 2021-11-28T11:02:38.286643+00:00
[2021-11-29 16:32:38,461] {processor.py:171} INFO - Processing /usr/local/lib/python3.8/dist-packages/airflow/example_dags/example_short_circuit_operator.py took 0.319 seconds
[2021-11-29 16:33:32,926] {processor.py:163} INFO - Started process (PID=8198) to work on /usr/local/lib/python3.8/dist-packages/airflow/example_dags/example_short_circuit_operator.py
[2021-11-29 16:33:32,951] {processor.py:625} INFO - Processing file /usr/local/lib/python3.8/dist-packages/airflow/example_dags/example_short_circuit_operator.py for tasks to queue
[2021-11-29 16:33:32,952] {logging_mixin.py:109} INFO - [2021-11-29 16:33:32,952] {dagbag.py:500} INFO - Filling up the DagBag from /usr/local/lib/python3.8/dist-packages/airflow/example_dags/example_short_circuit_operator.py
[2021-11-29 16:33:33,043] {processor.py:637} INFO - DAG(s) dict_keys(['example_short_circuit_operator']) retrieved from /usr/local/lib/python3.8/dist-packages/airflow/example_dags/example_short_circuit_operator.py
[2021-11-29 16:33:33,062] {logging_mixin.py:109} WARNING - /usr/local/lib/python3.8/dist-packages/airflow/models/serialized_dag.py:120 SAWarning: TypeDecorator UtcDateTime(timezone=True) will not produce a cache key because the ``cache_ok`` flag is not set to True.  Set this flag to True if this type object's state is safe to use in a cache key, or False to disable this warning.
[2021-11-29 16:33:33,096] {logging_mixin.py:109} INFO - [2021-11-29 16:33:33,096] {dag.py:2396} INFO - Sync 1 DAGs
[2021-11-29 16:33:33,138] {logging_mixin.py:109} WARNING - /usr/local/lib/python3.8/dist-packages/airflow/models/dag.py:2433 SAWarning: TypeDecorator UtcDateTime(timezone=True) will not produce a cache key because the ``cache_ok`` flag is not set to True.  Set this flag to True if this type object's state is safe to use in a cache key, or False to disable this warning.
[2021-11-29 16:33:33,160] {logging_mixin.py:109} INFO - [2021-11-29 16:33:33,160] {dag.py:2928} INFO - Setting next_dagrun for example_short_circuit_operator to 2021-11-28T11:03:33.160213+00:00
[2021-11-29 16:33:33,377] {processor.py:171} INFO - Processing /usr/local/lib/python3.8/dist-packages/airflow/example_dags/example_short_circuit_operator.py took 0.465 seconds
[2021-11-29 16:34:27,880] {processor.py:163} INFO - Started process (PID=8361) to work on /usr/local/lib/python3.8/dist-packages/airflow/example_dags/example_short_circuit_operator.py
[2021-11-29 16:34:27,919] {processor.py:625} INFO - Processing file /usr/local/lib/python3.8/dist-packages/airflow/example_dags/example_short_circuit_operator.py for tasks to queue
[2021-11-29 16:34:27,922] {logging_mixin.py:109} INFO - [2021-11-29 16:34:27,921] {dagbag.py:500} INFO - Filling up the DagBag from /usr/local/lib/python3.8/dist-packages/airflow/example_dags/example_short_circuit_operator.py
[2021-11-29 16:34:28,021] {processor.py:637} INFO - DAG(s) dict_keys(['example_short_circuit_operator']) retrieved from /usr/local/lib/python3.8/dist-packages/airflow/example_dags/example_short_circuit_operator.py
[2021-11-29 16:34:28,030] {logging_mixin.py:109} WARNING - /usr/local/lib/python3.8/dist-packages/airflow/models/serialized_dag.py:120 SAWarning: TypeDecorator UtcDateTime(timezone=True) will not produce a cache key because the ``cache_ok`` flag is not set to True.  Set this flag to True if this type object's state is safe to use in a cache key, or False to disable this warning.
[2021-11-29 16:34:28,051] {logging_mixin.py:109} INFO - [2021-11-29 16:34:28,050] {dag.py:2396} INFO - Sync 1 DAGs
[2021-11-29 16:34:28,072] {logging_mixin.py:109} WARNING - /usr/local/lib/python3.8/dist-packages/airflow/models/dag.py:2433 SAWarning: TypeDecorator UtcDateTime(timezone=True) will not produce a cache key because the ``cache_ok`` flag is not set to True.  Set this flag to True if this type object's state is safe to use in a cache key, or False to disable this warning.
[2021-11-29 16:34:28,089] {logging_mixin.py:109} INFO - [2021-11-29 16:34:28,089] {dag.py:2928} INFO - Setting next_dagrun for example_short_circuit_operator to 2021-11-28T11:04:28.089238+00:00
[2021-11-29 16:34:28,436] {processor.py:171} INFO - Processing /usr/local/lib/python3.8/dist-packages/airflow/example_dags/example_short_circuit_operator.py took 0.572 seconds
[2021-11-29 16:35:24,507] {processor.py:163} INFO - Started process (PID=8530) to work on /usr/local/lib/python3.8/dist-packages/airflow/example_dags/example_short_circuit_operator.py
[2021-11-29 16:35:24,542] {processor.py:625} INFO - Processing file /usr/local/lib/python3.8/dist-packages/airflow/example_dags/example_short_circuit_operator.py for tasks to queue
[2021-11-29 16:35:24,543] {logging_mixin.py:109} INFO - [2021-11-29 16:35:24,543] {dagbag.py:500} INFO - Filling up the DagBag from /usr/local/lib/python3.8/dist-packages/airflow/example_dags/example_short_circuit_operator.py
[2021-11-29 16:35:24,626] {processor.py:637} INFO - DAG(s) dict_keys(['example_short_circuit_operator']) retrieved from /usr/local/lib/python3.8/dist-packages/airflow/example_dags/example_short_circuit_operator.py
[2021-11-29 16:35:24,632] {logging_mixin.py:109} WARNING - /usr/local/lib/python3.8/dist-packages/airflow/models/serialized_dag.py:120 SAWarning: TypeDecorator UtcDateTime(timezone=True) will not produce a cache key because the ``cache_ok`` flag is not set to True.  Set this flag to True if this type object's state is safe to use in a cache key, or False to disable this warning.
[2021-11-29 16:35:24,657] {logging_mixin.py:109} INFO - [2021-11-29 16:35:24,657] {dag.py:2396} INFO - Sync 1 DAGs
[2021-11-29 16:35:24,679] {logging_mixin.py:109} WARNING - /usr/local/lib/python3.8/dist-packages/airflow/models/dag.py:2433 SAWarning: TypeDecorator UtcDateTime(timezone=True) will not produce a cache key because the ``cache_ok`` flag is not set to True.  Set this flag to True if this type object's state is safe to use in a cache key, or False to disable this warning.
[2021-11-29 16:35:24,695] {logging_mixin.py:109} INFO - [2021-11-29 16:35:24,695] {dag.py:2928} INFO - Setting next_dagrun for example_short_circuit_operator to 2021-11-28T11:05:24.695272+00:00
[2021-11-29 16:35:24,947] {processor.py:171} INFO - Processing /usr/local/lib/python3.8/dist-packages/airflow/example_dags/example_short_circuit_operator.py took 0.455 seconds
[2021-11-29 16:36:22,023] {processor.py:163} INFO - Started process (PID=8688) to work on /usr/local/lib/python3.8/dist-packages/airflow/example_dags/example_short_circuit_operator.py
[2021-11-29 16:36:22,046] {processor.py:625} INFO - Processing file /usr/local/lib/python3.8/dist-packages/airflow/example_dags/example_short_circuit_operator.py for tasks to queue
[2021-11-29 16:36:22,047] {logging_mixin.py:109} INFO - [2021-11-29 16:36:22,046] {dagbag.py:500} INFO - Filling up the DagBag from /usr/local/lib/python3.8/dist-packages/airflow/example_dags/example_short_circuit_operator.py
[2021-11-29 16:36:22,130] {processor.py:637} INFO - DAG(s) dict_keys(['example_short_circuit_operator']) retrieved from /usr/local/lib/python3.8/dist-packages/airflow/example_dags/example_short_circuit_operator.py
[2021-11-29 16:36:22,146] {logging_mixin.py:109} WARNING - /usr/local/lib/python3.8/dist-packages/airflow/models/serialized_dag.py:120 SAWarning: TypeDecorator UtcDateTime(timezone=True) will not produce a cache key because the ``cache_ok`` flag is not set to True.  Set this flag to True if this type object's state is safe to use in a cache key, or False to disable this warning.
[2021-11-29 16:36:22,185] {logging_mixin.py:109} INFO - [2021-11-29 16:36:22,185] {dag.py:2396} INFO - Sync 1 DAGs
[2021-11-29 16:36:22,211] {logging_mixin.py:109} WARNING - /usr/local/lib/python3.8/dist-packages/airflow/models/dag.py:2433 SAWarning: TypeDecorator UtcDateTime(timezone=True) will not produce a cache key because the ``cache_ok`` flag is not set to True.  Set this flag to True if this type object's state is safe to use in a cache key, or False to disable this warning.
[2021-11-29 16:36:22,230] {logging_mixin.py:109} INFO - [2021-11-29 16:36:22,230] {dag.py:2928} INFO - Setting next_dagrun for example_short_circuit_operator to 2021-11-28T11:06:22.230340+00:00
[2021-11-29 16:36:22,435] {processor.py:171} INFO - Processing /usr/local/lib/python3.8/dist-packages/airflow/example_dags/example_short_circuit_operator.py took 0.415 seconds
[2021-11-29 16:37:16,764] {processor.py:163} INFO - Started process (PID=8845) to work on /usr/local/lib/python3.8/dist-packages/airflow/example_dags/example_short_circuit_operator.py
[2021-11-29 16:37:16,802] {processor.py:625} INFO - Processing file /usr/local/lib/python3.8/dist-packages/airflow/example_dags/example_short_circuit_operator.py for tasks to queue
[2021-11-29 16:37:16,803] {logging_mixin.py:109} INFO - [2021-11-29 16:37:16,802] {dagbag.py:500} INFO - Filling up the DagBag from /usr/local/lib/python3.8/dist-packages/airflow/example_dags/example_short_circuit_operator.py
[2021-11-29 16:37:16,870] {processor.py:637} INFO - DAG(s) dict_keys(['example_short_circuit_operator']) retrieved from /usr/local/lib/python3.8/dist-packages/airflow/example_dags/example_short_circuit_operator.py
[2021-11-29 16:37:16,887] {logging_mixin.py:109} WARNING - /usr/local/lib/python3.8/dist-packages/airflow/models/serialized_dag.py:120 SAWarning: TypeDecorator UtcDateTime(timezone=True) will not produce a cache key because the ``cache_ok`` flag is not set to True.  Set this flag to True if this type object's state is safe to use in a cache key, or False to disable this warning.
[2021-11-29 16:37:16,920] {logging_mixin.py:109} INFO - [2021-11-29 16:37:16,920] {dag.py:2396} INFO - Sync 1 DAGs
[2021-11-29 16:37:16,957] {logging_mixin.py:109} WARNING - /usr/local/lib/python3.8/dist-packages/airflow/models/dag.py:2433 SAWarning: TypeDecorator UtcDateTime(timezone=True) will not produce a cache key because the ``cache_ok`` flag is not set to True.  Set this flag to True if this type object's state is safe to use in a cache key, or False to disable this warning.
[2021-11-29 16:37:16,974] {logging_mixin.py:109} INFO - [2021-11-29 16:37:16,974] {dag.py:2928} INFO - Setting next_dagrun for example_short_circuit_operator to 2021-11-28T11:07:16.974176+00:00
[2021-11-29 16:37:17,215] {processor.py:171} INFO - Processing /usr/local/lib/python3.8/dist-packages/airflow/example_dags/example_short_circuit_operator.py took 0.456 seconds
[2021-11-29 16:38:13,417] {processor.py:163} INFO - Started process (PID=9012) to work on /usr/local/lib/python3.8/dist-packages/airflow/example_dags/example_short_circuit_operator.py
[2021-11-29 16:38:13,459] {processor.py:625} INFO - Processing file /usr/local/lib/python3.8/dist-packages/airflow/example_dags/example_short_circuit_operator.py for tasks to queue
[2021-11-29 16:38:13,459] {logging_mixin.py:109} INFO - [2021-11-29 16:38:13,459] {dagbag.py:500} INFO - Filling up the DagBag from /usr/local/lib/python3.8/dist-packages/airflow/example_dags/example_short_circuit_operator.py
[2021-11-29 16:38:13,514] {processor.py:637} INFO - DAG(s) dict_keys(['example_short_circuit_operator']) retrieved from /usr/local/lib/python3.8/dist-packages/airflow/example_dags/example_short_circuit_operator.py
[2021-11-29 16:38:13,531] {logging_mixin.py:109} WARNING - /usr/local/lib/python3.8/dist-packages/airflow/models/serialized_dag.py:120 SAWarning: TypeDecorator UtcDateTime(timezone=True) will not produce a cache key because the ``cache_ok`` flag is not set to True.  Set this flag to True if this type object's state is safe to use in a cache key, or False to disable this warning.
[2021-11-29 16:38:13,566] {logging_mixin.py:109} INFO - [2021-11-29 16:38:13,566] {dag.py:2396} INFO - Sync 1 DAGs
[2021-11-29 16:38:13,605] {logging_mixin.py:109} WARNING - /usr/local/lib/python3.8/dist-packages/airflow/models/dag.py:2433 SAWarning: TypeDecorator UtcDateTime(timezone=True) will not produce a cache key because the ``cache_ok`` flag is not set to True.  Set this flag to True if this type object's state is safe to use in a cache key, or False to disable this warning.
[2021-11-29 16:38:13,628] {logging_mixin.py:109} INFO - [2021-11-29 16:38:13,628] {dag.py:2928} INFO - Setting next_dagrun for example_short_circuit_operator to 2021-11-28T11:08:13.627722+00:00
[2021-11-29 16:38:13,874] {processor.py:171} INFO - Processing /usr/local/lib/python3.8/dist-packages/airflow/example_dags/example_short_circuit_operator.py took 0.473 seconds
[2021-11-29 16:39:09,036] {processor.py:163} INFO - Started process (PID=9177) to work on /usr/local/lib/python3.8/dist-packages/airflow/example_dags/example_short_circuit_operator.py
[2021-11-29 16:39:09,047] {processor.py:625} INFO - Processing file /usr/local/lib/python3.8/dist-packages/airflow/example_dags/example_short_circuit_operator.py for tasks to queue
[2021-11-29 16:39:09,048] {logging_mixin.py:109} INFO - [2021-11-29 16:39:09,048] {dagbag.py:500} INFO - Filling up the DagBag from /usr/local/lib/python3.8/dist-packages/airflow/example_dags/example_short_circuit_operator.py
[2021-11-29 16:39:09,092] {processor.py:637} INFO - DAG(s) dict_keys(['example_short_circuit_operator']) retrieved from /usr/local/lib/python3.8/dist-packages/airflow/example_dags/example_short_circuit_operator.py
[2021-11-29 16:39:09,098] {logging_mixin.py:109} WARNING - /usr/local/lib/python3.8/dist-packages/airflow/models/serialized_dag.py:120 SAWarning: TypeDecorator UtcDateTime(timezone=True) will not produce a cache key because the ``cache_ok`` flag is not set to True.  Set this flag to True if this type object's state is safe to use in a cache key, or False to disable this warning.
[2021-11-29 16:39:09,112] {logging_mixin.py:109} INFO - [2021-11-29 16:39:09,112] {dag.py:2396} INFO - Sync 1 DAGs
[2021-11-29 16:39:09,133] {logging_mixin.py:109} WARNING - /usr/local/lib/python3.8/dist-packages/airflow/models/dag.py:2433 SAWarning: TypeDecorator UtcDateTime(timezone=True) will not produce a cache key because the ``cache_ok`` flag is not set to True.  Set this flag to True if this type object's state is safe to use in a cache key, or False to disable this warning.
[2021-11-29 16:39:09,148] {logging_mixin.py:109} INFO - [2021-11-29 16:39:09,147] {dag.py:2928} INFO - Setting next_dagrun for example_short_circuit_operator to 2021-11-28T11:09:09.147357+00:00
[2021-11-29 16:39:09,327] {processor.py:171} INFO - Processing /usr/local/lib/python3.8/dist-packages/airflow/example_dags/example_short_circuit_operator.py took 0.305 seconds
[2021-11-29 16:40:02,739] {processor.py:163} INFO - Started process (PID=9340) to work on /usr/local/lib/python3.8/dist-packages/airflow/example_dags/example_short_circuit_operator.py
[2021-11-29 16:40:02,775] {processor.py:625} INFO - Processing file /usr/local/lib/python3.8/dist-packages/airflow/example_dags/example_short_circuit_operator.py for tasks to queue
[2021-11-29 16:40:02,775] {logging_mixin.py:109} INFO - [2021-11-29 16:40:02,775] {dagbag.py:500} INFO - Filling up the DagBag from /usr/local/lib/python3.8/dist-packages/airflow/example_dags/example_short_circuit_operator.py
[2021-11-29 16:40:02,842] {processor.py:637} INFO - DAG(s) dict_keys(['example_short_circuit_operator']) retrieved from /usr/local/lib/python3.8/dist-packages/airflow/example_dags/example_short_circuit_operator.py
[2021-11-29 16:40:02,849] {logging_mixin.py:109} WARNING - /usr/local/lib/python3.8/dist-packages/airflow/models/serialized_dag.py:120 SAWarning: TypeDecorator UtcDateTime(timezone=True) will not produce a cache key because the ``cache_ok`` flag is not set to True.  Set this flag to True if this type object's state is safe to use in a cache key, or False to disable this warning.
[2021-11-29 16:40:02,867] {logging_mixin.py:109} INFO - [2021-11-29 16:40:02,867] {dag.py:2396} INFO - Sync 1 DAGs
[2021-11-29 16:40:02,886] {logging_mixin.py:109} WARNING - /usr/local/lib/python3.8/dist-packages/airflow/models/dag.py:2433 SAWarning: TypeDecorator UtcDateTime(timezone=True) will not produce a cache key because the ``cache_ok`` flag is not set to True.  Set this flag to True if this type object's state is safe to use in a cache key, or False to disable this warning.
[2021-11-29 16:40:02,902] {logging_mixin.py:109} INFO - [2021-11-29 16:40:02,902] {dag.py:2928} INFO - Setting next_dagrun for example_short_circuit_operator to 2021-11-28T11:10:02.901965+00:00
[2021-11-29 16:40:03,086] {processor.py:171} INFO - Processing /usr/local/lib/python3.8/dist-packages/airflow/example_dags/example_short_circuit_operator.py took 0.372 seconds
[2021-11-29 16:40:59,297] {processor.py:163} INFO - Started process (PID=9502) to work on /usr/local/lib/python3.8/dist-packages/airflow/example_dags/example_short_circuit_operator.py
[2021-11-29 16:40:59,375] {processor.py:625} INFO - Processing file /usr/local/lib/python3.8/dist-packages/airflow/example_dags/example_short_circuit_operator.py for tasks to queue
[2021-11-29 16:40:59,375] {logging_mixin.py:109} INFO - [2021-11-29 16:40:59,375] {dagbag.py:500} INFO - Filling up the DagBag from /usr/local/lib/python3.8/dist-packages/airflow/example_dags/example_short_circuit_operator.py
[2021-11-29 16:40:59,449] {processor.py:637} INFO - DAG(s) dict_keys(['example_short_circuit_operator']) retrieved from /usr/local/lib/python3.8/dist-packages/airflow/example_dags/example_short_circuit_operator.py
[2021-11-29 16:40:59,468] {logging_mixin.py:109} WARNING - /usr/local/lib/python3.8/dist-packages/airflow/models/serialized_dag.py:120 SAWarning: TypeDecorator UtcDateTime(timezone=True) will not produce a cache key because the ``cache_ok`` flag is not set to True.  Set this flag to True if this type object's state is safe to use in a cache key, or False to disable this warning.
[2021-11-29 16:40:59,491] {logging_mixin.py:109} INFO - [2021-11-29 16:40:59,491] {dag.py:2396} INFO - Sync 1 DAGs
[2021-11-29 16:40:59,527] {logging_mixin.py:109} WARNING - /usr/local/lib/python3.8/dist-packages/airflow/models/dag.py:2433 SAWarning: TypeDecorator UtcDateTime(timezone=True) will not produce a cache key because the ``cache_ok`` flag is not set to True.  Set this flag to True if this type object's state is safe to use in a cache key, or False to disable this warning.
[2021-11-29 16:40:59,550] {logging_mixin.py:109} INFO - [2021-11-29 16:40:59,550] {dag.py:2928} INFO - Setting next_dagrun for example_short_circuit_operator to 2021-11-28T11:10:59.549920+00:00
[2021-11-29 16:40:59,808] {processor.py:171} INFO - Processing /usr/local/lib/python3.8/dist-packages/airflow/example_dags/example_short_circuit_operator.py took 0.517 seconds
[2021-11-29 16:42:01,478] {processor.py:163} INFO - Started process (PID=9679) to work on /usr/local/lib/python3.8/dist-packages/airflow/example_dags/example_short_circuit_operator.py
[2021-11-29 16:42:01,481] {processor.py:625} INFO - Processing file /usr/local/lib/python3.8/dist-packages/airflow/example_dags/example_short_circuit_operator.py for tasks to queue
[2021-11-29 16:42:01,482] {logging_mixin.py:109} INFO - [2021-11-29 16:42:01,482] {dagbag.py:500} INFO - Filling up the DagBag from /usr/local/lib/python3.8/dist-packages/airflow/example_dags/example_short_circuit_operator.py
[2021-11-29 16:42:01,542] {processor.py:637} INFO - DAG(s) dict_keys(['example_short_circuit_operator']) retrieved from /usr/local/lib/python3.8/dist-packages/airflow/example_dags/example_short_circuit_operator.py
[2021-11-29 16:42:01,548] {logging_mixin.py:109} WARNING - /usr/local/lib/python3.8/dist-packages/airflow/models/serialized_dag.py:120 SAWarning: TypeDecorator UtcDateTime(timezone=True) will not produce a cache key because the ``cache_ok`` flag is not set to True.  Set this flag to True if this type object's state is safe to use in a cache key, or False to disable this warning.
[2021-11-29 16:42:01,576] {logging_mixin.py:109} INFO - [2021-11-29 16:42:01,576] {dag.py:2396} INFO - Sync 1 DAGs
[2021-11-29 16:42:01,598] {logging_mixin.py:109} WARNING - /usr/local/lib/python3.8/dist-packages/airflow/models/dag.py:2433 SAWarning: TypeDecorator UtcDateTime(timezone=True) will not produce a cache key because the ``cache_ok`` flag is not set to True.  Set this flag to True if this type object's state is safe to use in a cache key, or False to disable this warning.
[2021-11-29 16:42:01,616] {logging_mixin.py:109} INFO - [2021-11-29 16:42:01,616] {dag.py:2928} INFO - Setting next_dagrun for example_short_circuit_operator to 2021-11-28T11:12:01.616109+00:00
[2021-11-29 16:42:01,861] {processor.py:171} INFO - Processing /usr/local/lib/python3.8/dist-packages/airflow/example_dags/example_short_circuit_operator.py took 0.398 seconds
[2021-11-29 16:42:55,159] {processor.py:163} INFO - Started process (PID=9849) to work on /usr/local/lib/python3.8/dist-packages/airflow/example_dags/example_short_circuit_operator.py
[2021-11-29 16:42:55,185] {processor.py:625} INFO - Processing file /usr/local/lib/python3.8/dist-packages/airflow/example_dags/example_short_circuit_operator.py for tasks to queue
[2021-11-29 16:42:55,186] {logging_mixin.py:109} INFO - [2021-11-29 16:42:55,185] {dagbag.py:500} INFO - Filling up the DagBag from /usr/local/lib/python3.8/dist-packages/airflow/example_dags/example_short_circuit_operator.py
[2021-11-29 16:42:55,268] {processor.py:637} INFO - DAG(s) dict_keys(['example_short_circuit_operator']) retrieved from /usr/local/lib/python3.8/dist-packages/airflow/example_dags/example_short_circuit_operator.py
[2021-11-29 16:42:55,274] {logging_mixin.py:109} WARNING - /usr/local/lib/python3.8/dist-packages/airflow/models/serialized_dag.py:120 SAWarning: TypeDecorator UtcDateTime(timezone=True) will not produce a cache key because the ``cache_ok`` flag is not set to True.  Set this flag to True if this type object's state is safe to use in a cache key, or False to disable this warning.
[2021-11-29 16:42:55,308] {logging_mixin.py:109} INFO - [2021-11-29 16:42:55,307] {dag.py:2396} INFO - Sync 1 DAGs
[2021-11-29 16:42:55,335] {logging_mixin.py:109} WARNING - /usr/local/lib/python3.8/dist-packages/airflow/models/dag.py:2433 SAWarning: TypeDecorator UtcDateTime(timezone=True) will not produce a cache key because the ``cache_ok`` flag is not set to True.  Set this flag to True if this type object's state is safe to use in a cache key, or False to disable this warning.
[2021-11-29 16:42:55,379] {logging_mixin.py:109} INFO - [2021-11-29 16:42:55,379] {dag.py:2928} INFO - Setting next_dagrun for example_short_circuit_operator to 2021-11-28T11:12:55.378527+00:00
[2021-11-29 16:42:55,701] {processor.py:171} INFO - Processing /usr/local/lib/python3.8/dist-packages/airflow/example_dags/example_short_circuit_operator.py took 0.557 seconds
[2021-11-29 16:43:50,514] {processor.py:163} INFO - Started process (PID=10014) to work on /usr/local/lib/python3.8/dist-packages/airflow/example_dags/example_short_circuit_operator.py
[2021-11-29 16:43:50,546] {processor.py:625} INFO - Processing file /usr/local/lib/python3.8/dist-packages/airflow/example_dags/example_short_circuit_operator.py for tasks to queue
[2021-11-29 16:43:50,547] {logging_mixin.py:109} INFO - [2021-11-29 16:43:50,547] {dagbag.py:500} INFO - Filling up the DagBag from /usr/local/lib/python3.8/dist-packages/airflow/example_dags/example_short_circuit_operator.py
[2021-11-29 16:43:50,633] {processor.py:637} INFO - DAG(s) dict_keys(['example_short_circuit_operator']) retrieved from /usr/local/lib/python3.8/dist-packages/airflow/example_dags/example_short_circuit_operator.py
[2021-11-29 16:43:50,661] {logging_mixin.py:109} WARNING - /usr/local/lib/python3.8/dist-packages/airflow/models/serialized_dag.py:120 SAWarning: TypeDecorator UtcDateTime(timezone=True) will not produce a cache key because the ``cache_ok`` flag is not set to True.  Set this flag to True if this type object's state is safe to use in a cache key, or False to disable this warning.
[2021-11-29 16:43:50,690] {logging_mixin.py:109} INFO - [2021-11-29 16:43:50,690] {dag.py:2396} INFO - Sync 1 DAGs
[2021-11-29 16:43:50,744] {logging_mixin.py:109} WARNING - /usr/local/lib/python3.8/dist-packages/airflow/models/dag.py:2433 SAWarning: TypeDecorator UtcDateTime(timezone=True) will not produce a cache key because the ``cache_ok`` flag is not set to True.  Set this flag to True if this type object's state is safe to use in a cache key, or False to disable this warning.
[2021-11-29 16:43:50,775] {logging_mixin.py:109} INFO - [2021-11-29 16:43:50,775] {dag.py:2928} INFO - Setting next_dagrun for example_short_circuit_operator to 2021-11-28T11:13:50.774685+00:00
[2021-11-29 16:43:50,960] {processor.py:171} INFO - Processing /usr/local/lib/python3.8/dist-packages/airflow/example_dags/example_short_circuit_operator.py took 0.451 seconds
[2021-11-29 16:44:46,500] {processor.py:163} INFO - Started process (PID=10177) to work on /usr/local/lib/python3.8/dist-packages/airflow/example_dags/example_short_circuit_operator.py
[2021-11-29 16:44:46,513] {processor.py:625} INFO - Processing file /usr/local/lib/python3.8/dist-packages/airflow/example_dags/example_short_circuit_operator.py for tasks to queue
[2021-11-29 16:44:46,514] {logging_mixin.py:109} INFO - [2021-11-29 16:44:46,514] {dagbag.py:500} INFO - Filling up the DagBag from /usr/local/lib/python3.8/dist-packages/airflow/example_dags/example_short_circuit_operator.py
[2021-11-29 16:44:46,601] {processor.py:637} INFO - DAG(s) dict_keys(['example_short_circuit_operator']) retrieved from /usr/local/lib/python3.8/dist-packages/airflow/example_dags/example_short_circuit_operator.py
[2021-11-29 16:44:46,619] {logging_mixin.py:109} WARNING - /usr/local/lib/python3.8/dist-packages/airflow/models/serialized_dag.py:120 SAWarning: TypeDecorator UtcDateTime(timezone=True) will not produce a cache key because the ``cache_ok`` flag is not set to True.  Set this flag to True if this type object's state is safe to use in a cache key, or False to disable this warning.
[2021-11-29 16:44:46,663] {logging_mixin.py:109} INFO - [2021-11-29 16:44:46,662] {dag.py:2396} INFO - Sync 1 DAGs
[2021-11-29 16:44:46,685] {logging_mixin.py:109} WARNING - /usr/local/lib/python3.8/dist-packages/airflow/models/dag.py:2433 SAWarning: TypeDecorator UtcDateTime(timezone=True) will not produce a cache key because the ``cache_ok`` flag is not set to True.  Set this flag to True if this type object's state is safe to use in a cache key, or False to disable this warning.
[2021-11-29 16:44:46,704] {logging_mixin.py:109} INFO - [2021-11-29 16:44:46,702] {dag.py:2928} INFO - Setting next_dagrun for example_short_circuit_operator to 2021-11-28T11:14:46.702251+00:00
[2021-11-29 16:44:46,972] {processor.py:171} INFO - Processing /usr/local/lib/python3.8/dist-packages/airflow/example_dags/example_short_circuit_operator.py took 0.489 seconds
[2021-11-29 16:45:42,906] {processor.py:163} INFO - Started process (PID=10348) to work on /usr/local/lib/python3.8/dist-packages/airflow/example_dags/example_short_circuit_operator.py
[2021-11-29 16:45:42,929] {processor.py:625} INFO - Processing file /usr/local/lib/python3.8/dist-packages/airflow/example_dags/example_short_circuit_operator.py for tasks to queue
[2021-11-29 16:45:42,931] {logging_mixin.py:109} INFO - [2021-11-29 16:45:42,931] {dagbag.py:500} INFO - Filling up the DagBag from /usr/local/lib/python3.8/dist-packages/airflow/example_dags/example_short_circuit_operator.py
[2021-11-29 16:45:43,022] {processor.py:637} INFO - DAG(s) dict_keys(['example_short_circuit_operator']) retrieved from /usr/local/lib/python3.8/dist-packages/airflow/example_dags/example_short_circuit_operator.py
[2021-11-29 16:45:43,044] {logging_mixin.py:109} WARNING - /usr/local/lib/python3.8/dist-packages/airflow/models/serialized_dag.py:120 SAWarning: TypeDecorator UtcDateTime(timezone=True) will not produce a cache key because the ``cache_ok`` flag is not set to True.  Set this flag to True if this type object's state is safe to use in a cache key, or False to disable this warning.
[2021-11-29 16:45:43,059] {logging_mixin.py:109} INFO - [2021-11-29 16:45:43,059] {dag.py:2396} INFO - Sync 1 DAGs
[2021-11-29 16:45:43,078] {logging_mixin.py:109} WARNING - /usr/local/lib/python3.8/dist-packages/airflow/models/dag.py:2433 SAWarning: TypeDecorator UtcDateTime(timezone=True) will not produce a cache key because the ``cache_ok`` flag is not set to True.  Set this flag to True if this type object's state is safe to use in a cache key, or False to disable this warning.
[2021-11-29 16:45:43,092] {logging_mixin.py:109} INFO - [2021-11-29 16:45:43,092] {dag.py:2928} INFO - Setting next_dagrun for example_short_circuit_operator to 2021-11-28T11:15:43.091893+00:00
[2021-11-29 16:45:43,293] {processor.py:171} INFO - Processing /usr/local/lib/python3.8/dist-packages/airflow/example_dags/example_short_circuit_operator.py took 0.412 seconds
[2021-11-29 16:46:37,784] {processor.py:163} INFO - Started process (PID=10527) to work on /usr/local/lib/python3.8/dist-packages/airflow/example_dags/example_short_circuit_operator.py
[2021-11-29 16:46:37,807] {processor.py:625} INFO - Processing file /usr/local/lib/python3.8/dist-packages/airflow/example_dags/example_short_circuit_operator.py for tasks to queue
[2021-11-29 16:46:37,808] {logging_mixin.py:109} INFO - [2021-11-29 16:46:37,807] {dagbag.py:500} INFO - Filling up the DagBag from /usr/local/lib/python3.8/dist-packages/airflow/example_dags/example_short_circuit_operator.py
[2021-11-29 16:46:37,859] {processor.py:637} INFO - DAG(s) dict_keys(['example_short_circuit_operator']) retrieved from /usr/local/lib/python3.8/dist-packages/airflow/example_dags/example_short_circuit_operator.py
[2021-11-29 16:46:37,864] {logging_mixin.py:109} WARNING - /usr/local/lib/python3.8/dist-packages/airflow/models/serialized_dag.py:120 SAWarning: TypeDecorator UtcDateTime(timezone=True) will not produce a cache key because the ``cache_ok`` flag is not set to True.  Set this flag to True if this type object's state is safe to use in a cache key, or False to disable this warning.
[2021-11-29 16:46:37,902] {logging_mixin.py:109} INFO - [2021-11-29 16:46:37,901] {dag.py:2396} INFO - Sync 1 DAGs
[2021-11-29 16:46:37,945] {logging_mixin.py:109} WARNING - /usr/local/lib/python3.8/dist-packages/airflow/models/dag.py:2433 SAWarning: TypeDecorator UtcDateTime(timezone=True) will not produce a cache key because the ``cache_ok`` flag is not set to True.  Set this flag to True if this type object's state is safe to use in a cache key, or False to disable this warning.
[2021-11-29 16:46:37,961] {logging_mixin.py:109} INFO - [2021-11-29 16:46:37,961] {dag.py:2928} INFO - Setting next_dagrun for example_short_circuit_operator to 2021-11-28T11:16:37.960746+00:00
[2021-11-29 16:46:38,206] {processor.py:171} INFO - Processing /usr/local/lib/python3.8/dist-packages/airflow/example_dags/example_short_circuit_operator.py took 0.426 seconds
