[2021-11-29 16:14:55,417] {processor.py:163} INFO - Started process (PID=4881) to work on /usr/local/lib/python3.8/dist-packages/airflow/example_dags/example_skip_dag.py
[2021-11-29 16:14:55,418] {processor.py:625} INFO - Processing file /usr/local/lib/python3.8/dist-packages/airflow/example_dags/example_skip_dag.py for tasks to queue
[2021-11-29 16:14:55,418] {logging_mixin.py:109} INFO - [2021-11-29 16:14:55,418] {dagbag.py:500} INFO - Filling up the DagBag from /usr/local/lib/python3.8/dist-packages/airflow/example_dags/example_skip_dag.py
[2021-11-29 16:14:55,474] {processor.py:637} INFO - DAG(s) dict_keys(['example_skip_dag']) retrieved from /usr/local/lib/python3.8/dist-packages/airflow/example_dags/example_skip_dag.py
[2021-11-29 16:14:55,481] {logging_mixin.py:109} WARNING - /usr/local/lib/python3.8/dist-packages/airflow/models/serialized_dag.py:120 SAWarning: TypeDecorator UtcDateTime(timezone=True) will not produce a cache key because the ``cache_ok`` flag is not set to True.  Set this flag to True if this type object's state is safe to use in a cache key, or False to disable this warning.
[2021-11-29 16:14:55,497] {logging_mixin.py:109} INFO - [2021-11-29 16:14:55,497] {dag.py:2396} INFO - Sync 1 DAGs
[2021-11-29 16:14:55,518] {logging_mixin.py:109} WARNING - /usr/local/lib/python3.8/dist-packages/airflow/models/dag.py:2433 SAWarning: TypeDecorator UtcDateTime(timezone=True) will not produce a cache key because the ``cache_ok`` flag is not set to True.  Set this flag to True if this type object's state is safe to use in a cache key, or False to disable this warning.
[2021-11-29 16:14:55,537] {logging_mixin.py:109} INFO - [2021-11-29 16:14:55,537] {dag.py:2928} INFO - Setting next_dagrun for example_skip_dag to 2021-11-28T10:44:55.537043+00:00
[2021-11-29 16:14:55,735] {processor.py:171} INFO - Processing /usr/local/lib/python3.8/dist-packages/airflow/example_dags/example_skip_dag.py took 0.333 seconds
[2021-11-29 16:15:56,565] {processor.py:163} INFO - Started process (PID=5050) to work on /usr/local/lib/python3.8/dist-packages/airflow/example_dags/example_skip_dag.py
[2021-11-29 16:15:56,878] {processor.py:625} INFO - Processing file /usr/local/lib/python3.8/dist-packages/airflow/example_dags/example_skip_dag.py for tasks to queue
[2021-11-29 16:15:56,879] {logging_mixin.py:109} INFO - [2021-11-29 16:15:56,878] {dagbag.py:500} INFO - Filling up the DagBag from /usr/local/lib/python3.8/dist-packages/airflow/example_dags/example_skip_dag.py
[2021-11-29 16:15:56,948] {processor.py:637} INFO - DAG(s) dict_keys(['example_skip_dag']) retrieved from /usr/local/lib/python3.8/dist-packages/airflow/example_dags/example_skip_dag.py
[2021-11-29 16:15:56,967] {logging_mixin.py:109} WARNING - /usr/local/lib/python3.8/dist-packages/airflow/models/serialized_dag.py:120 SAWarning: TypeDecorator UtcDateTime(timezone=True) will not produce a cache key because the ``cache_ok`` flag is not set to True.  Set this flag to True if this type object's state is safe to use in a cache key, or False to disable this warning.
[2021-11-29 16:15:57,005] {logging_mixin.py:109} INFO - [2021-11-29 16:15:57,005] {dag.py:2396} INFO - Sync 1 DAGs
[2021-11-29 16:15:57,024] {logging_mixin.py:109} WARNING - /usr/local/lib/python3.8/dist-packages/airflow/models/dag.py:2433 SAWarning: TypeDecorator UtcDateTime(timezone=True) will not produce a cache key because the ``cache_ok`` flag is not set to True.  Set this flag to True if this type object's state is safe to use in a cache key, or False to disable this warning.
[2021-11-29 16:15:57,040] {logging_mixin.py:109} INFO - [2021-11-29 16:15:57,039] {dag.py:2928} INFO - Setting next_dagrun for example_skip_dag to 2021-11-28T10:45:57.039359+00:00
[2021-11-29 16:15:57,400] {processor.py:171} INFO - Processing /usr/local/lib/python3.8/dist-packages/airflow/example_dags/example_skip_dag.py took 0.848 seconds
[2021-11-29 16:16:57,948] {processor.py:163} INFO - Started process (PID=5224) to work on /usr/local/lib/python3.8/dist-packages/airflow/example_dags/example_skip_dag.py
[2021-11-29 16:16:57,980] {processor.py:625} INFO - Processing file /usr/local/lib/python3.8/dist-packages/airflow/example_dags/example_skip_dag.py for tasks to queue
[2021-11-29 16:16:57,981] {logging_mixin.py:109} INFO - [2021-11-29 16:16:57,981] {dagbag.py:500} INFO - Filling up the DagBag from /usr/local/lib/python3.8/dist-packages/airflow/example_dags/example_skip_dag.py
[2021-11-29 16:16:58,032] {processor.py:637} INFO - DAG(s) dict_keys(['example_skip_dag']) retrieved from /usr/local/lib/python3.8/dist-packages/airflow/example_dags/example_skip_dag.py
[2021-11-29 16:16:58,051] {logging_mixin.py:109} WARNING - /usr/local/lib/python3.8/dist-packages/airflow/models/serialized_dag.py:120 SAWarning: TypeDecorator UtcDateTime(timezone=True) will not produce a cache key because the ``cache_ok`` flag is not set to True.  Set this flag to True if this type object's state is safe to use in a cache key, or False to disable this warning.
[2021-11-29 16:16:58,069] {logging_mixin.py:109} INFO - [2021-11-29 16:16:58,069] {dag.py:2396} INFO - Sync 1 DAGs
[2021-11-29 16:16:58,088] {logging_mixin.py:109} WARNING - /usr/local/lib/python3.8/dist-packages/airflow/models/dag.py:2433 SAWarning: TypeDecorator UtcDateTime(timezone=True) will not produce a cache key because the ``cache_ok`` flag is not set to True.  Set this flag to True if this type object's state is safe to use in a cache key, or False to disable this warning.
[2021-11-29 16:16:58,100] {logging_mixin.py:109} INFO - [2021-11-29 16:16:58,100] {dag.py:2928} INFO - Setting next_dagrun for example_skip_dag to 2021-11-28T10:46:58.099637+00:00
[2021-11-29 16:16:58,262] {processor.py:171} INFO - Processing /usr/local/lib/python3.8/dist-packages/airflow/example_dags/example_skip_dag.py took 0.330 seconds
[2021-11-29 16:17:55,054] {processor.py:163} INFO - Started process (PID=5408) to work on /usr/local/lib/python3.8/dist-packages/airflow/example_dags/example_skip_dag.py
[2021-11-29 16:17:55,071] {processor.py:625} INFO - Processing file /usr/local/lib/python3.8/dist-packages/airflow/example_dags/example_skip_dag.py for tasks to queue
[2021-11-29 16:17:55,072] {logging_mixin.py:109} INFO - [2021-11-29 16:17:55,072] {dagbag.py:500} INFO - Filling up the DagBag from /usr/local/lib/python3.8/dist-packages/airflow/example_dags/example_skip_dag.py
[2021-11-29 16:17:55,123] {processor.py:637} INFO - DAG(s) dict_keys(['example_skip_dag']) retrieved from /usr/local/lib/python3.8/dist-packages/airflow/example_dags/example_skip_dag.py
[2021-11-29 16:17:55,139] {logging_mixin.py:109} WARNING - /usr/local/lib/python3.8/dist-packages/airflow/models/serialized_dag.py:120 SAWarning: TypeDecorator UtcDateTime(timezone=True) will not produce a cache key because the ``cache_ok`` flag is not set to True.  Set this flag to True if this type object's state is safe to use in a cache key, or False to disable this warning.
[2021-11-29 16:17:55,177] {logging_mixin.py:109} INFO - [2021-11-29 16:17:55,176] {dag.py:2396} INFO - Sync 1 DAGs
[2021-11-29 16:17:55,219] {logging_mixin.py:109} WARNING - /usr/local/lib/python3.8/dist-packages/airflow/models/dag.py:2433 SAWarning: TypeDecorator UtcDateTime(timezone=True) will not produce a cache key because the ``cache_ok`` flag is not set to True.  Set this flag to True if this type object's state is safe to use in a cache key, or False to disable this warning.
[2021-11-29 16:17:55,255] {logging_mixin.py:109} INFO - [2021-11-29 16:17:55,255] {dag.py:2928} INFO - Setting next_dagrun for example_skip_dag to 2021-11-28T10:47:55.255360+00:00
[2021-11-29 16:17:55,608] {processor.py:171} INFO - Processing /usr/local/lib/python3.8/dist-packages/airflow/example_dags/example_skip_dag.py took 0.558 seconds
[2021-11-29 16:18:52,875] {processor.py:163} INFO - Started process (PID=5575) to work on /usr/local/lib/python3.8/dist-packages/airflow/example_dags/example_skip_dag.py
[2021-11-29 16:18:52,902] {processor.py:625} INFO - Processing file /usr/local/lib/python3.8/dist-packages/airflow/example_dags/example_skip_dag.py for tasks to queue
[2021-11-29 16:18:52,904] {logging_mixin.py:109} INFO - [2021-11-29 16:18:52,904] {dagbag.py:500} INFO - Filling up the DagBag from /usr/local/lib/python3.8/dist-packages/airflow/example_dags/example_skip_dag.py
[2021-11-29 16:18:52,977] {processor.py:637} INFO - DAG(s) dict_keys(['example_skip_dag']) retrieved from /usr/local/lib/python3.8/dist-packages/airflow/example_dags/example_skip_dag.py
[2021-11-29 16:18:53,009] {logging_mixin.py:109} WARNING - /usr/local/lib/python3.8/dist-packages/airflow/models/serialized_dag.py:120 SAWarning: TypeDecorator UtcDateTime(timezone=True) will not produce a cache key because the ``cache_ok`` flag is not set to True.  Set this flag to True if this type object's state is safe to use in a cache key, or False to disable this warning.
[2021-11-29 16:18:53,035] {logging_mixin.py:109} INFO - [2021-11-29 16:18:53,035] {dag.py:2396} INFO - Sync 1 DAGs
[2021-11-29 16:18:53,069] {logging_mixin.py:109} WARNING - /usr/local/lib/python3.8/dist-packages/airflow/models/dag.py:2433 SAWarning: TypeDecorator UtcDateTime(timezone=True) will not produce a cache key because the ``cache_ok`` flag is not set to True.  Set this flag to True if this type object's state is safe to use in a cache key, or False to disable this warning.
[2021-11-29 16:18:53,086] {logging_mixin.py:109} INFO - [2021-11-29 16:18:53,086] {dag.py:2928} INFO - Setting next_dagrun for example_skip_dag to 2021-11-28T10:48:53.086376+00:00
[2021-11-29 16:18:53,352] {processor.py:171} INFO - Processing /usr/local/lib/python3.8/dist-packages/airflow/example_dags/example_skip_dag.py took 0.491 seconds
[2021-11-29 16:19:47,957] {processor.py:163} INFO - Started process (PID=5744) to work on /usr/local/lib/python3.8/dist-packages/airflow/example_dags/example_skip_dag.py
[2021-11-29 16:19:47,980] {processor.py:625} INFO - Processing file /usr/local/lib/python3.8/dist-packages/airflow/example_dags/example_skip_dag.py for tasks to queue
[2021-11-29 16:19:47,981] {logging_mixin.py:109} INFO - [2021-11-29 16:19:47,981] {dagbag.py:500} INFO - Filling up the DagBag from /usr/local/lib/python3.8/dist-packages/airflow/example_dags/example_skip_dag.py
[2021-11-29 16:19:48,074] {processor.py:637} INFO - DAG(s) dict_keys(['example_skip_dag']) retrieved from /usr/local/lib/python3.8/dist-packages/airflow/example_dags/example_skip_dag.py
[2021-11-29 16:19:48,083] {logging_mixin.py:109} WARNING - /usr/local/lib/python3.8/dist-packages/airflow/models/serialized_dag.py:120 SAWarning: TypeDecorator UtcDateTime(timezone=True) will not produce a cache key because the ``cache_ok`` flag is not set to True.  Set this flag to True if this type object's state is safe to use in a cache key, or False to disable this warning.
[2021-11-29 16:19:48,109] {logging_mixin.py:109} INFO - [2021-11-29 16:19:48,108] {dag.py:2396} INFO - Sync 1 DAGs
[2021-11-29 16:19:48,149] {logging_mixin.py:109} WARNING - /usr/local/lib/python3.8/dist-packages/airflow/models/dag.py:2433 SAWarning: TypeDecorator UtcDateTime(timezone=True) will not produce a cache key because the ``cache_ok`` flag is not set to True.  Set this flag to True if this type object's state is safe to use in a cache key, or False to disable this warning.
[2021-11-29 16:19:48,186] {logging_mixin.py:109} INFO - [2021-11-29 16:19:48,186] {dag.py:2928} INFO - Setting next_dagrun for example_skip_dag to 2021-11-28T10:49:48.186239+00:00
[2021-11-29 16:19:48,419] {processor.py:171} INFO - Processing /usr/local/lib/python3.8/dist-packages/airflow/example_dags/example_skip_dag.py took 0.468 seconds
[2021-11-29 16:20:41,745] {processor.py:163} INFO - Started process (PID=5916) to work on /usr/local/lib/python3.8/dist-packages/airflow/example_dags/example_skip_dag.py
[2021-11-29 16:20:41,834] {processor.py:625} INFO - Processing file /usr/local/lib/python3.8/dist-packages/airflow/example_dags/example_skip_dag.py for tasks to queue
[2021-11-29 16:20:41,835] {logging_mixin.py:109} INFO - [2021-11-29 16:20:41,835] {dagbag.py:500} INFO - Filling up the DagBag from /usr/local/lib/python3.8/dist-packages/airflow/example_dags/example_skip_dag.py
[2021-11-29 16:20:41,900] {processor.py:637} INFO - DAG(s) dict_keys(['example_skip_dag']) retrieved from /usr/local/lib/python3.8/dist-packages/airflow/example_dags/example_skip_dag.py
[2021-11-29 16:20:41,917] {logging_mixin.py:109} WARNING - /usr/local/lib/python3.8/dist-packages/airflow/models/serialized_dag.py:120 SAWarning: TypeDecorator UtcDateTime(timezone=True) will not produce a cache key because the ``cache_ok`` flag is not set to True.  Set this flag to True if this type object's state is safe to use in a cache key, or False to disable this warning.
[2021-11-29 16:20:41,941] {logging_mixin.py:109} INFO - [2021-11-29 16:20:41,940] {dag.py:2396} INFO - Sync 1 DAGs
[2021-11-29 16:20:41,957] {logging_mixin.py:109} WARNING - /usr/local/lib/python3.8/dist-packages/airflow/models/dag.py:2433 SAWarning: TypeDecorator UtcDateTime(timezone=True) will not produce a cache key because the ``cache_ok`` flag is not set to True.  Set this flag to True if this type object's state is safe to use in a cache key, or False to disable this warning.
[2021-11-29 16:20:41,968] {logging_mixin.py:109} INFO - [2021-11-29 16:20:41,968] {dag.py:2928} INFO - Setting next_dagrun for example_skip_dag to 2021-11-28T10:50:41.968292+00:00
[2021-11-29 16:20:42,156] {processor.py:171} INFO - Processing /usr/local/lib/python3.8/dist-packages/airflow/example_dags/example_skip_dag.py took 0.417 seconds
[2021-11-29 16:21:35,443] {processor.py:163} INFO - Started process (PID=6085) to work on /usr/local/lib/python3.8/dist-packages/airflow/example_dags/example_skip_dag.py
[2021-11-29 16:21:35,465] {processor.py:625} INFO - Processing file /usr/local/lib/python3.8/dist-packages/airflow/example_dags/example_skip_dag.py for tasks to queue
[2021-11-29 16:21:35,466] {logging_mixin.py:109} INFO - [2021-11-29 16:21:35,466] {dagbag.py:500} INFO - Filling up the DagBag from /usr/local/lib/python3.8/dist-packages/airflow/example_dags/example_skip_dag.py
[2021-11-29 16:21:35,546] {processor.py:637} INFO - DAG(s) dict_keys(['example_skip_dag']) retrieved from /usr/local/lib/python3.8/dist-packages/airflow/example_dags/example_skip_dag.py
[2021-11-29 16:21:35,552] {logging_mixin.py:109} WARNING - /usr/local/lib/python3.8/dist-packages/airflow/models/serialized_dag.py:120 SAWarning: TypeDecorator UtcDateTime(timezone=True) will not produce a cache key because the ``cache_ok`` flag is not set to True.  Set this flag to True if this type object's state is safe to use in a cache key, or False to disable this warning.
[2021-11-29 16:21:35,618] {logging_mixin.py:109} INFO - [2021-11-29 16:21:35,617] {dag.py:2396} INFO - Sync 1 DAGs
[2021-11-29 16:21:35,633] {logging_mixin.py:109} WARNING - /usr/local/lib/python3.8/dist-packages/airflow/models/dag.py:2433 SAWarning: TypeDecorator UtcDateTime(timezone=True) will not produce a cache key because the ``cache_ok`` flag is not set to True.  Set this flag to True if this type object's state is safe to use in a cache key, or False to disable this warning.
[2021-11-29 16:21:35,654] {logging_mixin.py:109} INFO - [2021-11-29 16:21:35,654] {dag.py:2928} INFO - Setting next_dagrun for example_skip_dag to 2021-11-28T10:51:35.654355+00:00
[2021-11-29 16:21:35,899] {processor.py:171} INFO - Processing /usr/local/lib/python3.8/dist-packages/airflow/example_dags/example_skip_dag.py took 0.461 seconds
[2021-11-29 16:22:34,396] {processor.py:163} INFO - Started process (PID=6268) to work on /usr/local/lib/python3.8/dist-packages/airflow/example_dags/example_skip_dag.py
[2021-11-29 16:22:34,417] {processor.py:625} INFO - Processing file /usr/local/lib/python3.8/dist-packages/airflow/example_dags/example_skip_dag.py for tasks to queue
[2021-11-29 16:22:34,424] {logging_mixin.py:109} INFO - [2021-11-29 16:22:34,422] {dagbag.py:500} INFO - Filling up the DagBag from /usr/local/lib/python3.8/dist-packages/airflow/example_dags/example_skip_dag.py
[2021-11-29 16:22:34,540] {processor.py:637} INFO - DAG(s) dict_keys(['example_skip_dag']) retrieved from /usr/local/lib/python3.8/dist-packages/airflow/example_dags/example_skip_dag.py
[2021-11-29 16:22:34,575] {logging_mixin.py:109} WARNING - /usr/local/lib/python3.8/dist-packages/airflow/models/serialized_dag.py:120 SAWarning: TypeDecorator UtcDateTime(timezone=True) will not produce a cache key because the ``cache_ok`` flag is not set to True.  Set this flag to True if this type object's state is safe to use in a cache key, or False to disable this warning.
[2021-11-29 16:22:34,609] {logging_mixin.py:109} INFO - [2021-11-29 16:22:34,609] {dag.py:2396} INFO - Sync 1 DAGs
[2021-11-29 16:22:34,659] {logging_mixin.py:109} WARNING - /usr/local/lib/python3.8/dist-packages/airflow/models/dag.py:2433 SAWarning: TypeDecorator UtcDateTime(timezone=True) will not produce a cache key because the ``cache_ok`` flag is not set to True.  Set this flag to True if this type object's state is safe to use in a cache key, or False to disable this warning.
[2021-11-29 16:22:34,703] {logging_mixin.py:109} INFO - [2021-11-29 16:22:34,703] {dag.py:2928} INFO - Setting next_dagrun for example_skip_dag to 2021-11-28T10:52:34.703045+00:00
[2021-11-29 16:22:35,079] {processor.py:171} INFO - Processing /usr/local/lib/python3.8/dist-packages/airflow/example_dags/example_skip_dag.py took 0.697 seconds
[2021-11-29 16:23:29,584] {processor.py:163} INFO - Started process (PID=6442) to work on /usr/local/lib/python3.8/dist-packages/airflow/example_dags/example_skip_dag.py
[2021-11-29 16:23:29,630] {processor.py:625} INFO - Processing file /usr/local/lib/python3.8/dist-packages/airflow/example_dags/example_skip_dag.py for tasks to queue
[2021-11-29 16:23:29,632] {logging_mixin.py:109} INFO - [2021-11-29 16:23:29,632] {dagbag.py:500} INFO - Filling up the DagBag from /usr/local/lib/python3.8/dist-packages/airflow/example_dags/example_skip_dag.py
[2021-11-29 16:23:29,705] {processor.py:637} INFO - DAG(s) dict_keys(['example_skip_dag']) retrieved from /usr/local/lib/python3.8/dist-packages/airflow/example_dags/example_skip_dag.py
[2021-11-29 16:23:29,711] {logging_mixin.py:109} WARNING - /usr/local/lib/python3.8/dist-packages/airflow/models/serialized_dag.py:120 SAWarning: TypeDecorator UtcDateTime(timezone=True) will not produce a cache key because the ``cache_ok`` flag is not set to True.  Set this flag to True if this type object's state is safe to use in a cache key, or False to disable this warning.
[2021-11-29 16:23:29,731] {logging_mixin.py:109} INFO - [2021-11-29 16:23:29,731] {dag.py:2396} INFO - Sync 1 DAGs
[2021-11-29 16:23:29,748] {logging_mixin.py:109} WARNING - /usr/local/lib/python3.8/dist-packages/airflow/models/dag.py:2433 SAWarning: TypeDecorator UtcDateTime(timezone=True) will not produce a cache key because the ``cache_ok`` flag is not set to True.  Set this flag to True if this type object's state is safe to use in a cache key, or False to disable this warning.
[2021-11-29 16:23:29,763] {logging_mixin.py:109} INFO - [2021-11-29 16:23:29,763] {dag.py:2928} INFO - Setting next_dagrun for example_skip_dag to 2021-11-28T10:53:29.762830+00:00
[2021-11-29 16:23:29,928] {processor.py:171} INFO - Processing /usr/local/lib/python3.8/dist-packages/airflow/example_dags/example_skip_dag.py took 0.348 seconds
[2021-11-29 16:24:28,455] {processor.py:163} INFO - Started process (PID=6605) to work on /usr/local/lib/python3.8/dist-packages/airflow/example_dags/example_skip_dag.py
[2021-11-29 16:24:28,472] {processor.py:625} INFO - Processing file /usr/local/lib/python3.8/dist-packages/airflow/example_dags/example_skip_dag.py for tasks to queue
[2021-11-29 16:24:28,473] {logging_mixin.py:109} INFO - [2021-11-29 16:24:28,472] {dagbag.py:500} INFO - Filling up the DagBag from /usr/local/lib/python3.8/dist-packages/airflow/example_dags/example_skip_dag.py
[2021-11-29 16:24:28,578] {processor.py:637} INFO - DAG(s) dict_keys(['example_skip_dag']) retrieved from /usr/local/lib/python3.8/dist-packages/airflow/example_dags/example_skip_dag.py
[2021-11-29 16:24:28,587] {logging_mixin.py:109} WARNING - /usr/local/lib/python3.8/dist-packages/airflow/models/serialized_dag.py:120 SAWarning: TypeDecorator UtcDateTime(timezone=True) will not produce a cache key because the ``cache_ok`` flag is not set to True.  Set this flag to True if this type object's state is safe to use in a cache key, or False to disable this warning.
[2021-11-29 16:24:28,616] {logging_mixin.py:109} INFO - [2021-11-29 16:24:28,616] {dag.py:2396} INFO - Sync 1 DAGs
[2021-11-29 16:24:28,656] {logging_mixin.py:109} WARNING - /usr/local/lib/python3.8/dist-packages/airflow/models/dag.py:2433 SAWarning: TypeDecorator UtcDateTime(timezone=True) will not produce a cache key because the ``cache_ok`` flag is not set to True.  Set this flag to True if this type object's state is safe to use in a cache key, or False to disable this warning.
[2021-11-29 16:24:28,686] {logging_mixin.py:109} INFO - [2021-11-29 16:24:28,686] {dag.py:2928} INFO - Setting next_dagrun for example_skip_dag to 2021-11-28T10:54:28.685798+00:00
[2021-11-29 16:24:28,902] {processor.py:171} INFO - Processing /usr/local/lib/python3.8/dist-packages/airflow/example_dags/example_skip_dag.py took 0.481 seconds
[2021-11-29 16:25:27,735] {processor.py:163} INFO - Started process (PID=6775) to work on /usr/local/lib/python3.8/dist-packages/airflow/example_dags/example_skip_dag.py
[2021-11-29 16:25:27,791] {processor.py:625} INFO - Processing file /usr/local/lib/python3.8/dist-packages/airflow/example_dags/example_skip_dag.py for tasks to queue
[2021-11-29 16:25:27,792] {logging_mixin.py:109} INFO - [2021-11-29 16:25:27,792] {dagbag.py:500} INFO - Filling up the DagBag from /usr/local/lib/python3.8/dist-packages/airflow/example_dags/example_skip_dag.py
[2021-11-29 16:25:27,866] {processor.py:637} INFO - DAG(s) dict_keys(['example_skip_dag']) retrieved from /usr/local/lib/python3.8/dist-packages/airflow/example_dags/example_skip_dag.py
[2021-11-29 16:25:27,874] {logging_mixin.py:109} WARNING - /usr/local/lib/python3.8/dist-packages/airflow/models/serialized_dag.py:120 SAWarning: TypeDecorator UtcDateTime(timezone=True) will not produce a cache key because the ``cache_ok`` flag is not set to True.  Set this flag to True if this type object's state is safe to use in a cache key, or False to disable this warning.
[2021-11-29 16:25:27,908] {logging_mixin.py:109} INFO - [2021-11-29 16:25:27,908] {dag.py:2396} INFO - Sync 1 DAGs
[2021-11-29 16:25:27,935] {logging_mixin.py:109} WARNING - /usr/local/lib/python3.8/dist-packages/airflow/models/dag.py:2433 SAWarning: TypeDecorator UtcDateTime(timezone=True) will not produce a cache key because the ``cache_ok`` flag is not set to True.  Set this flag to True if this type object's state is safe to use in a cache key, or False to disable this warning.
[2021-11-29 16:25:27,958] {logging_mixin.py:109} INFO - [2021-11-29 16:25:27,958] {dag.py:2928} INFO - Setting next_dagrun for example_skip_dag to 2021-11-28T10:55:27.958279+00:00
[2021-11-29 16:25:28,218] {processor.py:171} INFO - Processing /usr/local/lib/python3.8/dist-packages/airflow/example_dags/example_skip_dag.py took 0.498 seconds
[2021-11-29 16:26:21,487] {processor.py:163} INFO - Started process (PID=6943) to work on /usr/local/lib/python3.8/dist-packages/airflow/example_dags/example_skip_dag.py
[2021-11-29 16:26:21,504] {processor.py:625} INFO - Processing file /usr/local/lib/python3.8/dist-packages/airflow/example_dags/example_skip_dag.py for tasks to queue
[2021-11-29 16:26:21,506] {logging_mixin.py:109} INFO - [2021-11-29 16:26:21,506] {dagbag.py:500} INFO - Filling up the DagBag from /usr/local/lib/python3.8/dist-packages/airflow/example_dags/example_skip_dag.py
[2021-11-29 16:26:21,598] {processor.py:637} INFO - DAG(s) dict_keys(['example_skip_dag']) retrieved from /usr/local/lib/python3.8/dist-packages/airflow/example_dags/example_skip_dag.py
[2021-11-29 16:26:21,615] {logging_mixin.py:109} WARNING - /usr/local/lib/python3.8/dist-packages/airflow/models/serialized_dag.py:120 SAWarning: TypeDecorator UtcDateTime(timezone=True) will not produce a cache key because the ``cache_ok`` flag is not set to True.  Set this flag to True if this type object's state is safe to use in a cache key, or False to disable this warning.
[2021-11-29 16:26:21,651] {logging_mixin.py:109} INFO - [2021-11-29 16:26:21,651] {dag.py:2396} INFO - Sync 1 DAGs
[2021-11-29 16:26:21,694] {logging_mixin.py:109} WARNING - /usr/local/lib/python3.8/dist-packages/airflow/models/dag.py:2433 SAWarning: TypeDecorator UtcDateTime(timezone=True) will not produce a cache key because the ``cache_ok`` flag is not set to True.  Set this flag to True if this type object's state is safe to use in a cache key, or False to disable this warning.
[2021-11-29 16:26:21,709] {logging_mixin.py:109} INFO - [2021-11-29 16:26:21,709] {dag.py:2928} INFO - Setting next_dagrun for example_skip_dag to 2021-11-28T10:56:21.709259+00:00
[2021-11-29 16:26:22,000] {processor.py:171} INFO - Processing /usr/local/lib/python3.8/dist-packages/airflow/example_dags/example_skip_dag.py took 0.530 seconds
[2021-11-29 16:27:15,325] {processor.py:163} INFO - Started process (PID=7105) to work on /usr/local/lib/python3.8/dist-packages/airflow/example_dags/example_skip_dag.py
[2021-11-29 16:27:15,352] {processor.py:625} INFO - Processing file /usr/local/lib/python3.8/dist-packages/airflow/example_dags/example_skip_dag.py for tasks to queue
[2021-11-29 16:27:15,353] {logging_mixin.py:109} INFO - [2021-11-29 16:27:15,353] {dagbag.py:500} INFO - Filling up the DagBag from /usr/local/lib/python3.8/dist-packages/airflow/example_dags/example_skip_dag.py
[2021-11-29 16:27:15,423] {processor.py:637} INFO - DAG(s) dict_keys(['example_skip_dag']) retrieved from /usr/local/lib/python3.8/dist-packages/airflow/example_dags/example_skip_dag.py
[2021-11-29 16:27:15,430] {logging_mixin.py:109} WARNING - /usr/local/lib/python3.8/dist-packages/airflow/models/serialized_dag.py:120 SAWarning: TypeDecorator UtcDateTime(timezone=True) will not produce a cache key because the ``cache_ok`` flag is not set to True.  Set this flag to True if this type object's state is safe to use in a cache key, or False to disable this warning.
[2021-11-29 16:27:15,467] {logging_mixin.py:109} INFO - [2021-11-29 16:27:15,467] {dag.py:2396} INFO - Sync 1 DAGs
[2021-11-29 16:27:15,509] {logging_mixin.py:109} WARNING - /usr/local/lib/python3.8/dist-packages/airflow/models/dag.py:2433 SAWarning: TypeDecorator UtcDateTime(timezone=True) will not produce a cache key because the ``cache_ok`` flag is not set to True.  Set this flag to True if this type object's state is safe to use in a cache key, or False to disable this warning.
[2021-11-29 16:27:15,549] {logging_mixin.py:109} INFO - [2021-11-29 16:27:15,549] {dag.py:2928} INFO - Setting next_dagrun for example_skip_dag to 2021-11-28T10:57:15.545603+00:00
[2021-11-29 16:27:15,786] {processor.py:171} INFO - Processing /usr/local/lib/python3.8/dist-packages/airflow/example_dags/example_skip_dag.py took 0.476 seconds
[2021-11-29 16:28:11,305] {processor.py:163} INFO - Started process (PID=7266) to work on /usr/local/lib/python3.8/dist-packages/airflow/example_dags/example_skip_dag.py
[2021-11-29 16:28:11,331] {processor.py:625} INFO - Processing file /usr/local/lib/python3.8/dist-packages/airflow/example_dags/example_skip_dag.py for tasks to queue
[2021-11-29 16:28:11,332] {logging_mixin.py:109} INFO - [2021-11-29 16:28:11,332] {dagbag.py:500} INFO - Filling up the DagBag from /usr/local/lib/python3.8/dist-packages/airflow/example_dags/example_skip_dag.py
[2021-11-29 16:28:11,399] {processor.py:637} INFO - DAG(s) dict_keys(['example_skip_dag']) retrieved from /usr/local/lib/python3.8/dist-packages/airflow/example_dags/example_skip_dag.py
[2021-11-29 16:28:11,416] {logging_mixin.py:109} WARNING - /usr/local/lib/python3.8/dist-packages/airflow/models/serialized_dag.py:120 SAWarning: TypeDecorator UtcDateTime(timezone=True) will not produce a cache key because the ``cache_ok`` flag is not set to True.  Set this flag to True if this type object's state is safe to use in a cache key, or False to disable this warning.
[2021-11-29 16:28:11,444] {logging_mixin.py:109} INFO - [2021-11-29 16:28:11,444] {dag.py:2396} INFO - Sync 1 DAGs
[2021-11-29 16:28:11,460] {logging_mixin.py:109} WARNING - /usr/local/lib/python3.8/dist-packages/airflow/models/dag.py:2433 SAWarning: TypeDecorator UtcDateTime(timezone=True) will not produce a cache key because the ``cache_ok`` flag is not set to True.  Set this flag to True if this type object's state is safe to use in a cache key, or False to disable this warning.
[2021-11-29 16:28:11,474] {logging_mixin.py:109} INFO - [2021-11-29 16:28:11,474] {dag.py:2928} INFO - Setting next_dagrun for example_skip_dag to 2021-11-28T10:58:11.473990+00:00
[2021-11-29 16:28:11,766] {processor.py:171} INFO - Processing /usr/local/lib/python3.8/dist-packages/airflow/example_dags/example_skip_dag.py took 0.475 seconds
[2021-11-29 16:29:09,706] {processor.py:163} INFO - Started process (PID=7428) to work on /usr/local/lib/python3.8/dist-packages/airflow/example_dags/example_skip_dag.py
[2021-11-29 16:29:09,733] {processor.py:625} INFO - Processing file /usr/local/lib/python3.8/dist-packages/airflow/example_dags/example_skip_dag.py for tasks to queue
[2021-11-29 16:29:09,734] {logging_mixin.py:109} INFO - [2021-11-29 16:29:09,734] {dagbag.py:500} INFO - Filling up the DagBag from /usr/local/lib/python3.8/dist-packages/airflow/example_dags/example_skip_dag.py
[2021-11-29 16:29:09,803] {processor.py:637} INFO - DAG(s) dict_keys(['example_skip_dag']) retrieved from /usr/local/lib/python3.8/dist-packages/airflow/example_dags/example_skip_dag.py
[2021-11-29 16:29:09,809] {logging_mixin.py:109} WARNING - /usr/local/lib/python3.8/dist-packages/airflow/models/serialized_dag.py:120 SAWarning: TypeDecorator UtcDateTime(timezone=True) will not produce a cache key because the ``cache_ok`` flag is not set to True.  Set this flag to True if this type object's state is safe to use in a cache key, or False to disable this warning.
[2021-11-29 16:29:09,831] {logging_mixin.py:109} INFO - [2021-11-29 16:29:09,831] {dag.py:2396} INFO - Sync 1 DAGs
[2021-11-29 16:29:09,853] {logging_mixin.py:109} WARNING - /usr/local/lib/python3.8/dist-packages/airflow/models/dag.py:2433 SAWarning: TypeDecorator UtcDateTime(timezone=True) will not produce a cache key because the ``cache_ok`` flag is not set to True.  Set this flag to True if this type object's state is safe to use in a cache key, or False to disable this warning.
[2021-11-29 16:29:09,869] {logging_mixin.py:109} INFO - [2021-11-29 16:29:09,868] {dag.py:2928} INFO - Setting next_dagrun for example_skip_dag to 2021-11-28T10:59:09.868595+00:00
[2021-11-29 16:29:10,049] {processor.py:171} INFO - Processing /usr/local/lib/python3.8/dist-packages/airflow/example_dags/example_skip_dag.py took 0.347 seconds
[2021-11-29 16:30:06,623] {processor.py:163} INFO - Started process (PID=7590) to work on /usr/local/lib/python3.8/dist-packages/airflow/example_dags/example_skip_dag.py
[2021-11-29 16:30:06,645] {processor.py:625} INFO - Processing file /usr/local/lib/python3.8/dist-packages/airflow/example_dags/example_skip_dag.py for tasks to queue
[2021-11-29 16:30:06,646] {logging_mixin.py:109} INFO - [2021-11-29 16:30:06,646] {dagbag.py:500} INFO - Filling up the DagBag from /usr/local/lib/python3.8/dist-packages/airflow/example_dags/example_skip_dag.py
[2021-11-29 16:30:06,731] {processor.py:637} INFO - DAG(s) dict_keys(['example_skip_dag']) retrieved from /usr/local/lib/python3.8/dist-packages/airflow/example_dags/example_skip_dag.py
[2021-11-29 16:30:06,748] {logging_mixin.py:109} WARNING - /usr/local/lib/python3.8/dist-packages/airflow/models/serialized_dag.py:120 SAWarning: TypeDecorator UtcDateTime(timezone=True) will not produce a cache key because the ``cache_ok`` flag is not set to True.  Set this flag to True if this type object's state is safe to use in a cache key, or False to disable this warning.
[2021-11-29 16:30:06,794] {logging_mixin.py:109} INFO - [2021-11-29 16:30:06,793] {dag.py:2396} INFO - Sync 1 DAGs
[2021-11-29 16:30:06,839] {logging_mixin.py:109} WARNING - /usr/local/lib/python3.8/dist-packages/airflow/models/dag.py:2433 SAWarning: TypeDecorator UtcDateTime(timezone=True) will not produce a cache key because the ``cache_ok`` flag is not set to True.  Set this flag to True if this type object's state is safe to use in a cache key, or False to disable this warning.
[2021-11-29 16:30:06,863] {logging_mixin.py:109} INFO - [2021-11-29 16:30:06,862] {dag.py:2928} INFO - Setting next_dagrun for example_skip_dag to 2021-11-28T11:00:06.862423+00:00
[2021-11-29 16:30:07,069] {processor.py:171} INFO - Processing /usr/local/lib/python3.8/dist-packages/airflow/example_dags/example_skip_dag.py took 0.468 seconds
[2021-11-29 16:31:03,965] {processor.py:163} INFO - Started process (PID=7756) to work on /usr/local/lib/python3.8/dist-packages/airflow/example_dags/example_skip_dag.py
[2021-11-29 16:31:03,991] {processor.py:625} INFO - Processing file /usr/local/lib/python3.8/dist-packages/airflow/example_dags/example_skip_dag.py for tasks to queue
[2021-11-29 16:31:03,993] {logging_mixin.py:109} INFO - [2021-11-29 16:31:03,993] {dagbag.py:500} INFO - Filling up the DagBag from /usr/local/lib/python3.8/dist-packages/airflow/example_dags/example_skip_dag.py
[2021-11-29 16:31:04,055] {processor.py:637} INFO - DAG(s) dict_keys(['example_skip_dag']) retrieved from /usr/local/lib/python3.8/dist-packages/airflow/example_dags/example_skip_dag.py
[2021-11-29 16:31:04,063] {logging_mixin.py:109} WARNING - /usr/local/lib/python3.8/dist-packages/airflow/models/serialized_dag.py:120 SAWarning: TypeDecorator UtcDateTime(timezone=True) will not produce a cache key because the ``cache_ok`` flag is not set to True.  Set this flag to True if this type object's state is safe to use in a cache key, or False to disable this warning.
[2021-11-29 16:31:04,097] {logging_mixin.py:109} INFO - [2021-11-29 16:31:04,097] {dag.py:2396} INFO - Sync 1 DAGs
[2021-11-29 16:31:04,114] {logging_mixin.py:109} WARNING - /usr/local/lib/python3.8/dist-packages/airflow/models/dag.py:2433 SAWarning: TypeDecorator UtcDateTime(timezone=True) will not produce a cache key because the ``cache_ok`` flag is not set to True.  Set this flag to True if this type object's state is safe to use in a cache key, or False to disable this warning.
[2021-11-29 16:31:04,128] {logging_mixin.py:109} INFO - [2021-11-29 16:31:04,127] {dag.py:2928} INFO - Setting next_dagrun for example_skip_dag to 2021-11-28T11:01:04.127501+00:00
[2021-11-29 16:31:04,321] {processor.py:171} INFO - Processing /usr/local/lib/python3.8/dist-packages/airflow/example_dags/example_skip_dag.py took 0.371 seconds
[2021-11-29 16:31:57,498] {processor.py:163} INFO - Started process (PID=7916) to work on /usr/local/lib/python3.8/dist-packages/airflow/example_dags/example_skip_dag.py
[2021-11-29 16:31:57,538] {processor.py:625} INFO - Processing file /usr/local/lib/python3.8/dist-packages/airflow/example_dags/example_skip_dag.py for tasks to queue
[2021-11-29 16:31:57,539] {logging_mixin.py:109} INFO - [2021-11-29 16:31:57,539] {dagbag.py:500} INFO - Filling up the DagBag from /usr/local/lib/python3.8/dist-packages/airflow/example_dags/example_skip_dag.py
[2021-11-29 16:31:57,590] {processor.py:637} INFO - DAG(s) dict_keys(['example_skip_dag']) retrieved from /usr/local/lib/python3.8/dist-packages/airflow/example_dags/example_skip_dag.py
[2021-11-29 16:31:57,608] {logging_mixin.py:109} WARNING - /usr/local/lib/python3.8/dist-packages/airflow/models/serialized_dag.py:120 SAWarning: TypeDecorator UtcDateTime(timezone=True) will not produce a cache key because the ``cache_ok`` flag is not set to True.  Set this flag to True if this type object's state is safe to use in a cache key, or False to disable this warning.
[2021-11-29 16:31:57,624] {logging_mixin.py:109} INFO - [2021-11-29 16:31:57,624] {dag.py:2396} INFO - Sync 1 DAGs
[2021-11-29 16:31:57,641] {logging_mixin.py:109} WARNING - /usr/local/lib/python3.8/dist-packages/airflow/models/dag.py:2433 SAWarning: TypeDecorator UtcDateTime(timezone=True) will not produce a cache key because the ``cache_ok`` flag is not set to True.  Set this flag to True if this type object's state is safe to use in a cache key, or False to disable this warning.
[2021-11-29 16:31:57,653] {logging_mixin.py:109} INFO - [2021-11-29 16:31:57,653] {dag.py:2928} INFO - Setting next_dagrun for example_skip_dag to 2021-11-28T11:01:57.653363+00:00
[2021-11-29 16:31:57,818] {processor.py:171} INFO - Processing /usr/local/lib/python3.8/dist-packages/airflow/example_dags/example_skip_dag.py took 0.336 seconds
[2021-11-29 16:32:54,488] {processor.py:163} INFO - Started process (PID=8082) to work on /usr/local/lib/python3.8/dist-packages/airflow/example_dags/example_skip_dag.py
[2021-11-29 16:32:54,501] {processor.py:625} INFO - Processing file /usr/local/lib/python3.8/dist-packages/airflow/example_dags/example_skip_dag.py for tasks to queue
[2021-11-29 16:32:54,502] {logging_mixin.py:109} INFO - [2021-11-29 16:32:54,502] {dagbag.py:500} INFO - Filling up the DagBag from /usr/local/lib/python3.8/dist-packages/airflow/example_dags/example_skip_dag.py
[2021-11-29 16:32:54,607] {processor.py:637} INFO - DAG(s) dict_keys(['example_skip_dag']) retrieved from /usr/local/lib/python3.8/dist-packages/airflow/example_dags/example_skip_dag.py
[2021-11-29 16:32:54,621] {logging_mixin.py:109} WARNING - /usr/local/lib/python3.8/dist-packages/airflow/models/serialized_dag.py:120 SAWarning: TypeDecorator UtcDateTime(timezone=True) will not produce a cache key because the ``cache_ok`` flag is not set to True.  Set this flag to True if this type object's state is safe to use in a cache key, or False to disable this warning.
[2021-11-29 16:32:54,643] {logging_mixin.py:109} INFO - [2021-11-29 16:32:54,642] {dag.py:2396} INFO - Sync 1 DAGs
[2021-11-29 16:32:54,666] {logging_mixin.py:109} WARNING - /usr/local/lib/python3.8/dist-packages/airflow/models/dag.py:2433 SAWarning: TypeDecorator UtcDateTime(timezone=True) will not produce a cache key because the ``cache_ok`` flag is not set to True.  Set this flag to True if this type object's state is safe to use in a cache key, or False to disable this warning.
[2021-11-29 16:32:54,687] {logging_mixin.py:109} INFO - [2021-11-29 16:32:54,687] {dag.py:2928} INFO - Setting next_dagrun for example_skip_dag to 2021-11-28T11:02:54.687072+00:00
[2021-11-29 16:32:54,997] {processor.py:171} INFO - Processing /usr/local/lib/python3.8/dist-packages/airflow/example_dags/example_skip_dag.py took 0.514 seconds
[2021-11-29 16:33:48,539] {processor.py:163} INFO - Started process (PID=8243) to work on /usr/local/lib/python3.8/dist-packages/airflow/example_dags/example_skip_dag.py
[2021-11-29 16:33:48,542] {processor.py:625} INFO - Processing file /usr/local/lib/python3.8/dist-packages/airflow/example_dags/example_skip_dag.py for tasks to queue
[2021-11-29 16:33:48,544] {logging_mixin.py:109} INFO - [2021-11-29 16:33:48,543] {dagbag.py:500} INFO - Filling up the DagBag from /usr/local/lib/python3.8/dist-packages/airflow/example_dags/example_skip_dag.py
[2021-11-29 16:33:48,609] {processor.py:637} INFO - DAG(s) dict_keys(['example_skip_dag']) retrieved from /usr/local/lib/python3.8/dist-packages/airflow/example_dags/example_skip_dag.py
[2021-11-29 16:33:48,627] {logging_mixin.py:109} WARNING - /usr/local/lib/python3.8/dist-packages/airflow/models/serialized_dag.py:120 SAWarning: TypeDecorator UtcDateTime(timezone=True) will not produce a cache key because the ``cache_ok`` flag is not set to True.  Set this flag to True if this type object's state is safe to use in a cache key, or False to disable this warning.
[2021-11-29 16:33:48,652] {logging_mixin.py:109} INFO - [2021-11-29 16:33:48,651] {dag.py:2396} INFO - Sync 1 DAGs
[2021-11-29 16:33:48,690] {logging_mixin.py:109} WARNING - /usr/local/lib/python3.8/dist-packages/airflow/models/dag.py:2433 SAWarning: TypeDecorator UtcDateTime(timezone=True) will not produce a cache key because the ``cache_ok`` flag is not set to True.  Set this flag to True if this type object's state is safe to use in a cache key, or False to disable this warning.
[2021-11-29 16:33:48,714] {logging_mixin.py:109} INFO - [2021-11-29 16:33:48,714] {dag.py:2928} INFO - Setting next_dagrun for example_skip_dag to 2021-11-28T11:03:48.713621+00:00
[2021-11-29 16:33:49,088] {processor.py:171} INFO - Processing /usr/local/lib/python3.8/dist-packages/airflow/example_dags/example_skip_dag.py took 0.564 seconds
[2021-11-29 16:34:43,847] {processor.py:163} INFO - Started process (PID=8407) to work on /usr/local/lib/python3.8/dist-packages/airflow/example_dags/example_skip_dag.py
[2021-11-29 16:34:43,915] {processor.py:625} INFO - Processing file /usr/local/lib/python3.8/dist-packages/airflow/example_dags/example_skip_dag.py for tasks to queue
[2021-11-29 16:34:43,916] {logging_mixin.py:109} INFO - [2021-11-29 16:34:43,915] {dagbag.py:500} INFO - Filling up the DagBag from /usr/local/lib/python3.8/dist-packages/airflow/example_dags/example_skip_dag.py
[2021-11-29 16:34:44,012] {processor.py:637} INFO - DAG(s) dict_keys(['example_skip_dag']) retrieved from /usr/local/lib/python3.8/dist-packages/airflow/example_dags/example_skip_dag.py
[2021-11-29 16:34:44,031] {logging_mixin.py:109} WARNING - /usr/local/lib/python3.8/dist-packages/airflow/models/serialized_dag.py:120 SAWarning: TypeDecorator UtcDateTime(timezone=True) will not produce a cache key because the ``cache_ok`` flag is not set to True.  Set this flag to True if this type object's state is safe to use in a cache key, or False to disable this warning.
[2021-11-29 16:34:44,057] {logging_mixin.py:109} INFO - [2021-11-29 16:34:44,057] {dag.py:2396} INFO - Sync 1 DAGs
[2021-11-29 16:34:44,098] {logging_mixin.py:109} WARNING - /usr/local/lib/python3.8/dist-packages/airflow/models/dag.py:2433 SAWarning: TypeDecorator UtcDateTime(timezone=True) will not produce a cache key because the ``cache_ok`` flag is not set to True.  Set this flag to True if this type object's state is safe to use in a cache key, or False to disable this warning.
[2021-11-29 16:34:44,138] {logging_mixin.py:109} INFO - [2021-11-29 16:34:44,138] {dag.py:2928} INFO - Setting next_dagrun for example_skip_dag to 2021-11-28T11:04:44.137902+00:00
[2021-11-29 16:34:44,367] {processor.py:171} INFO - Processing /usr/local/lib/python3.8/dist-packages/airflow/example_dags/example_skip_dag.py took 0.547 seconds
[2021-11-29 16:35:39,537] {processor.py:163} INFO - Started process (PID=8572) to work on /usr/local/lib/python3.8/dist-packages/airflow/example_dags/example_skip_dag.py
[2021-11-29 16:35:39,546] {processor.py:625} INFO - Processing file /usr/local/lib/python3.8/dist-packages/airflow/example_dags/example_skip_dag.py for tasks to queue
[2021-11-29 16:35:39,552] {logging_mixin.py:109} INFO - [2021-11-29 16:35:39,552] {dagbag.py:500} INFO - Filling up the DagBag from /usr/local/lib/python3.8/dist-packages/airflow/example_dags/example_skip_dag.py
[2021-11-29 16:35:39,661] {processor.py:637} INFO - DAG(s) dict_keys(['example_skip_dag']) retrieved from /usr/local/lib/python3.8/dist-packages/airflow/example_dags/example_skip_dag.py
[2021-11-29 16:35:39,692] {logging_mixin.py:109} WARNING - /usr/local/lib/python3.8/dist-packages/airflow/models/serialized_dag.py:120 SAWarning: TypeDecorator UtcDateTime(timezone=True) will not produce a cache key because the ``cache_ok`` flag is not set to True.  Set this flag to True if this type object's state is safe to use in a cache key, or False to disable this warning.
[2021-11-29 16:35:39,737] {logging_mixin.py:109} INFO - [2021-11-29 16:35:39,736] {dag.py:2396} INFO - Sync 1 DAGs
[2021-11-29 16:35:39,768] {logging_mixin.py:109} WARNING - /usr/local/lib/python3.8/dist-packages/airflow/models/dag.py:2433 SAWarning: TypeDecorator UtcDateTime(timezone=True) will not produce a cache key because the ``cache_ok`` flag is not set to True.  Set this flag to True if this type object's state is safe to use in a cache key, or False to disable this warning.
[2021-11-29 16:35:39,784] {logging_mixin.py:109} INFO - [2021-11-29 16:35:39,783] {dag.py:2928} INFO - Setting next_dagrun for example_skip_dag to 2021-11-28T11:05:39.781753+00:00
[2021-11-29 16:35:40,059] {processor.py:171} INFO - Processing /usr/local/lib/python3.8/dist-packages/airflow/example_dags/example_skip_dag.py took 0.537 seconds
[2021-11-29 16:36:37,377] {processor.py:163} INFO - Started process (PID=8729) to work on /usr/local/lib/python3.8/dist-packages/airflow/example_dags/example_skip_dag.py
[2021-11-29 16:36:37,406] {processor.py:625} INFO - Processing file /usr/local/lib/python3.8/dist-packages/airflow/example_dags/example_skip_dag.py for tasks to queue
[2021-11-29 16:36:37,408] {logging_mixin.py:109} INFO - [2021-11-29 16:36:37,408] {dagbag.py:500} INFO - Filling up the DagBag from /usr/local/lib/python3.8/dist-packages/airflow/example_dags/example_skip_dag.py
[2021-11-29 16:36:37,527] {processor.py:637} INFO - DAG(s) dict_keys(['example_skip_dag']) retrieved from /usr/local/lib/python3.8/dist-packages/airflow/example_dags/example_skip_dag.py
[2021-11-29 16:36:37,535] {logging_mixin.py:109} WARNING - /usr/local/lib/python3.8/dist-packages/airflow/models/serialized_dag.py:120 SAWarning: TypeDecorator UtcDateTime(timezone=True) will not produce a cache key because the ``cache_ok`` flag is not set to True.  Set this flag to True if this type object's state is safe to use in a cache key, or False to disable this warning.
[2021-11-29 16:36:37,551] {logging_mixin.py:109} INFO - [2021-11-29 16:36:37,551] {dag.py:2396} INFO - Sync 1 DAGs
[2021-11-29 16:36:37,577] {logging_mixin.py:109} WARNING - /usr/local/lib/python3.8/dist-packages/airflow/models/dag.py:2433 SAWarning: TypeDecorator UtcDateTime(timezone=True) will not produce a cache key because the ``cache_ok`` flag is not set to True.  Set this flag to True if this type object's state is safe to use in a cache key, or False to disable this warning.
[2021-11-29 16:36:37,595] {logging_mixin.py:109} INFO - [2021-11-29 16:36:37,594] {dag.py:2928} INFO - Setting next_dagrun for example_skip_dag to 2021-11-28T11:06:37.594426+00:00
[2021-11-29 16:36:37,836] {processor.py:171} INFO - Processing /usr/local/lib/python3.8/dist-packages/airflow/example_dags/example_skip_dag.py took 0.474 seconds
[2021-11-29 16:37:33,127] {processor.py:163} INFO - Started process (PID=8892) to work on /usr/local/lib/python3.8/dist-packages/airflow/example_dags/example_skip_dag.py
[2021-11-29 16:37:33,154] {processor.py:625} INFO - Processing file /usr/local/lib/python3.8/dist-packages/airflow/example_dags/example_skip_dag.py for tasks to queue
[2021-11-29 16:37:33,155] {logging_mixin.py:109} INFO - [2021-11-29 16:37:33,154] {dagbag.py:500} INFO - Filling up the DagBag from /usr/local/lib/python3.8/dist-packages/airflow/example_dags/example_skip_dag.py
[2021-11-29 16:37:33,220] {processor.py:637} INFO - DAG(s) dict_keys(['example_skip_dag']) retrieved from /usr/local/lib/python3.8/dist-packages/airflow/example_dags/example_skip_dag.py
[2021-11-29 16:37:33,248] {logging_mixin.py:109} WARNING - /usr/local/lib/python3.8/dist-packages/airflow/models/serialized_dag.py:120 SAWarning: TypeDecorator UtcDateTime(timezone=True) will not produce a cache key because the ``cache_ok`` flag is not set to True.  Set this flag to True if this type object's state is safe to use in a cache key, or False to disable this warning.
[2021-11-29 16:37:33,273] {logging_mixin.py:109} INFO - [2021-11-29 16:37:33,273] {dag.py:2396} INFO - Sync 1 DAGs
[2021-11-29 16:37:33,311] {logging_mixin.py:109} WARNING - /usr/local/lib/python3.8/dist-packages/airflow/models/dag.py:2433 SAWarning: TypeDecorator UtcDateTime(timezone=True) will not produce a cache key because the ``cache_ok`` flag is not set to True.  Set this flag to True if this type object's state is safe to use in a cache key, or False to disable this warning.
[2021-11-29 16:37:33,334] {logging_mixin.py:109} INFO - [2021-11-29 16:37:33,334] {dag.py:2928} INFO - Setting next_dagrun for example_skip_dag to 2021-11-28T11:07:33.334333+00:00
[2021-11-29 16:37:33,650] {processor.py:171} INFO - Processing /usr/local/lib/python3.8/dist-packages/airflow/example_dags/example_skip_dag.py took 0.549 seconds
[2021-11-29 16:38:29,017] {processor.py:163} INFO - Started process (PID=9057) to work on /usr/local/lib/python3.8/dist-packages/airflow/example_dags/example_skip_dag.py
[2021-11-29 16:38:29,026] {processor.py:625} INFO - Processing file /usr/local/lib/python3.8/dist-packages/airflow/example_dags/example_skip_dag.py for tasks to queue
[2021-11-29 16:38:29,027] {logging_mixin.py:109} INFO - [2021-11-29 16:38:29,027] {dagbag.py:500} INFO - Filling up the DagBag from /usr/local/lib/python3.8/dist-packages/airflow/example_dags/example_skip_dag.py
[2021-11-29 16:38:29,089] {processor.py:637} INFO - DAG(s) dict_keys(['example_skip_dag']) retrieved from /usr/local/lib/python3.8/dist-packages/airflow/example_dags/example_skip_dag.py
[2021-11-29 16:38:29,105] {logging_mixin.py:109} WARNING - /usr/local/lib/python3.8/dist-packages/airflow/models/serialized_dag.py:120 SAWarning: TypeDecorator UtcDateTime(timezone=True) will not produce a cache key because the ``cache_ok`` flag is not set to True.  Set this flag to True if this type object's state is safe to use in a cache key, or False to disable this warning.
[2021-11-29 16:38:29,130] {logging_mixin.py:109} INFO - [2021-11-29 16:38:29,130] {dag.py:2396} INFO - Sync 1 DAGs
[2021-11-29 16:38:29,174] {logging_mixin.py:109} WARNING - /usr/local/lib/python3.8/dist-packages/airflow/models/dag.py:2433 SAWarning: TypeDecorator UtcDateTime(timezone=True) will not produce a cache key because the ``cache_ok`` flag is not set to True.  Set this flag to True if this type object's state is safe to use in a cache key, or False to disable this warning.
[2021-11-29 16:38:29,207] {logging_mixin.py:109} INFO - [2021-11-29 16:38:29,207] {dag.py:2928} INFO - Setting next_dagrun for example_skip_dag to 2021-11-28T11:08:29.206783+00:00
[2021-11-29 16:38:29,595] {processor.py:171} INFO - Processing /usr/local/lib/python3.8/dist-packages/airflow/example_dags/example_skip_dag.py took 0.594 seconds
[2021-11-29 16:39:22,999] {processor.py:163} INFO - Started process (PID=9220) to work on /usr/local/lib/python3.8/dist-packages/airflow/example_dags/example_skip_dag.py
[2021-11-29 16:39:23,032] {processor.py:625} INFO - Processing file /usr/local/lib/python3.8/dist-packages/airflow/example_dags/example_skip_dag.py for tasks to queue
[2021-11-29 16:39:23,034] {logging_mixin.py:109} INFO - [2021-11-29 16:39:23,034] {dagbag.py:500} INFO - Filling up the DagBag from /usr/local/lib/python3.8/dist-packages/airflow/example_dags/example_skip_dag.py
[2021-11-29 16:39:23,131] {processor.py:637} INFO - DAG(s) dict_keys(['example_skip_dag']) retrieved from /usr/local/lib/python3.8/dist-packages/airflow/example_dags/example_skip_dag.py
[2021-11-29 16:39:23,154] {logging_mixin.py:109} WARNING - /usr/local/lib/python3.8/dist-packages/airflow/models/serialized_dag.py:120 SAWarning: TypeDecorator UtcDateTime(timezone=True) will not produce a cache key because the ``cache_ok`` flag is not set to True.  Set this flag to True if this type object's state is safe to use in a cache key, or False to disable this warning.
[2021-11-29 16:39:23,202] {logging_mixin.py:109} INFO - [2021-11-29 16:39:23,202] {dag.py:2396} INFO - Sync 1 DAGs
[2021-11-29 16:39:23,239] {logging_mixin.py:109} WARNING - /usr/local/lib/python3.8/dist-packages/airflow/models/dag.py:2433 SAWarning: TypeDecorator UtcDateTime(timezone=True) will not produce a cache key because the ``cache_ok`` flag is not set to True.  Set this flag to True if this type object's state is safe to use in a cache key, or False to disable this warning.
[2021-11-29 16:39:23,271] {logging_mixin.py:109} INFO - [2021-11-29 16:39:23,271] {dag.py:2928} INFO - Setting next_dagrun for example_skip_dag to 2021-11-28T11:09:23.270545+00:00
[2021-11-29 16:39:23,440] {processor.py:171} INFO - Processing /usr/local/lib/python3.8/dist-packages/airflow/example_dags/example_skip_dag.py took 0.488 seconds
[2021-11-29 16:40:18,944] {processor.py:163} INFO - Started process (PID=9385) to work on /usr/local/lib/python3.8/dist-packages/airflow/example_dags/example_skip_dag.py
[2021-11-29 16:40:18,956] {processor.py:625} INFO - Processing file /usr/local/lib/python3.8/dist-packages/airflow/example_dags/example_skip_dag.py for tasks to queue
[2021-11-29 16:40:18,957] {logging_mixin.py:109} INFO - [2021-11-29 16:40:18,956] {dagbag.py:500} INFO - Filling up the DagBag from /usr/local/lib/python3.8/dist-packages/airflow/example_dags/example_skip_dag.py
[2021-11-29 16:40:19,044] {processor.py:637} INFO - DAG(s) dict_keys(['example_skip_dag']) retrieved from /usr/local/lib/python3.8/dist-packages/airflow/example_dags/example_skip_dag.py
[2021-11-29 16:40:19,076] {logging_mixin.py:109} WARNING - /usr/local/lib/python3.8/dist-packages/airflow/models/serialized_dag.py:120 SAWarning: TypeDecorator UtcDateTime(timezone=True) will not produce a cache key because the ``cache_ok`` flag is not set to True.  Set this flag to True if this type object's state is safe to use in a cache key, or False to disable this warning.
[2021-11-29 16:40:19,095] {logging_mixin.py:109} INFO - [2021-11-29 16:40:19,094] {dag.py:2396} INFO - Sync 1 DAGs
[2021-11-29 16:40:19,118] {logging_mixin.py:109} WARNING - /usr/local/lib/python3.8/dist-packages/airflow/models/dag.py:2433 SAWarning: TypeDecorator UtcDateTime(timezone=True) will not produce a cache key because the ``cache_ok`` flag is not set to True.  Set this flag to True if this type object's state is safe to use in a cache key, or False to disable this warning.
[2021-11-29 16:40:19,137] {logging_mixin.py:109} INFO - [2021-11-29 16:40:19,136] {dag.py:2928} INFO - Setting next_dagrun for example_skip_dag to 2021-11-28T11:10:19.136435+00:00
[2021-11-29 16:40:19,396] {processor.py:171} INFO - Processing /usr/local/lib/python3.8/dist-packages/airflow/example_dags/example_skip_dag.py took 0.457 seconds
[2021-11-29 16:41:15,856] {processor.py:163} INFO - Started process (PID=9550) to work on /usr/local/lib/python3.8/dist-packages/airflow/example_dags/example_skip_dag.py
[2021-11-29 16:41:15,886] {processor.py:625} INFO - Processing file /usr/local/lib/python3.8/dist-packages/airflow/example_dags/example_skip_dag.py for tasks to queue
[2021-11-29 16:41:15,886] {logging_mixin.py:109} INFO - [2021-11-29 16:41:15,886] {dagbag.py:500} INFO - Filling up the DagBag from /usr/local/lib/python3.8/dist-packages/airflow/example_dags/example_skip_dag.py
[2021-11-29 16:41:15,964] {processor.py:637} INFO - DAG(s) dict_keys(['example_skip_dag']) retrieved from /usr/local/lib/python3.8/dist-packages/airflow/example_dags/example_skip_dag.py
[2021-11-29 16:41:15,991] {logging_mixin.py:109} WARNING - /usr/local/lib/python3.8/dist-packages/airflow/models/serialized_dag.py:120 SAWarning: TypeDecorator UtcDateTime(timezone=True) will not produce a cache key because the ``cache_ok`` flag is not set to True.  Set this flag to True if this type object's state is safe to use in a cache key, or False to disable this warning.
[2021-11-29 16:41:16,033] {logging_mixin.py:109} INFO - [2021-11-29 16:41:16,032] {dag.py:2396} INFO - Sync 1 DAGs
[2021-11-29 16:41:16,100] {logging_mixin.py:109} WARNING - /usr/local/lib/python3.8/dist-packages/airflow/models/dag.py:2433 SAWarning: TypeDecorator UtcDateTime(timezone=True) will not produce a cache key because the ``cache_ok`` flag is not set to True.  Set this flag to True if this type object's state is safe to use in a cache key, or False to disable this warning.
[2021-11-29 16:41:16,132] {logging_mixin.py:109} INFO - [2021-11-29 16:41:16,132] {dag.py:2928} INFO - Setting next_dagrun for example_skip_dag to 2021-11-28T11:11:16.131935+00:00
[2021-11-29 16:41:16,382] {processor.py:171} INFO - Processing /usr/local/lib/python3.8/dist-packages/airflow/example_dags/example_skip_dag.py took 0.543 seconds
[2021-11-29 16:42:17,597] {processor.py:163} INFO - Started process (PID=9724) to work on /usr/local/lib/python3.8/dist-packages/airflow/example_dags/example_skip_dag.py
[2021-11-29 16:42:17,604] {processor.py:625} INFO - Processing file /usr/local/lib/python3.8/dist-packages/airflow/example_dags/example_skip_dag.py for tasks to queue
[2021-11-29 16:42:17,605] {logging_mixin.py:109} INFO - [2021-11-29 16:42:17,605] {dagbag.py:500} INFO - Filling up the DagBag from /usr/local/lib/python3.8/dist-packages/airflow/example_dags/example_skip_dag.py
[2021-11-29 16:42:17,675] {processor.py:637} INFO - DAG(s) dict_keys(['example_skip_dag']) retrieved from /usr/local/lib/python3.8/dist-packages/airflow/example_dags/example_skip_dag.py
[2021-11-29 16:42:17,684] {logging_mixin.py:109} WARNING - /usr/local/lib/python3.8/dist-packages/airflow/models/serialized_dag.py:120 SAWarning: TypeDecorator UtcDateTime(timezone=True) will not produce a cache key because the ``cache_ok`` flag is not set to True.  Set this flag to True if this type object's state is safe to use in a cache key, or False to disable this warning.
[2021-11-29 16:42:17,698] {logging_mixin.py:109} INFO - [2021-11-29 16:42:17,697] {dag.py:2396} INFO - Sync 1 DAGs
[2021-11-29 16:42:17,718] {logging_mixin.py:109} WARNING - /usr/local/lib/python3.8/dist-packages/airflow/models/dag.py:2433 SAWarning: TypeDecorator UtcDateTime(timezone=True) will not produce a cache key because the ``cache_ok`` flag is not set to True.  Set this flag to True if this type object's state is safe to use in a cache key, or False to disable this warning.
[2021-11-29 16:42:17,731] {logging_mixin.py:109} INFO - [2021-11-29 16:42:17,731] {dag.py:2928} INFO - Setting next_dagrun for example_skip_dag to 2021-11-28T11:12:17.730632+00:00
[2021-11-29 16:42:17,957] {processor.py:171} INFO - Processing /usr/local/lib/python3.8/dist-packages/airflow/example_dags/example_skip_dag.py took 0.385 seconds
[2021-11-29 16:43:10,815] {processor.py:163} INFO - Started process (PID=9896) to work on /usr/local/lib/python3.8/dist-packages/airflow/example_dags/example_skip_dag.py
[2021-11-29 16:43:10,823] {processor.py:625} INFO - Processing file /usr/local/lib/python3.8/dist-packages/airflow/example_dags/example_skip_dag.py for tasks to queue
[2021-11-29 16:43:10,824] {logging_mixin.py:109} INFO - [2021-11-29 16:43:10,823] {dagbag.py:500} INFO - Filling up the DagBag from /usr/local/lib/python3.8/dist-packages/airflow/example_dags/example_skip_dag.py
[2021-11-29 16:43:10,905] {processor.py:637} INFO - DAG(s) dict_keys(['example_skip_dag']) retrieved from /usr/local/lib/python3.8/dist-packages/airflow/example_dags/example_skip_dag.py
[2021-11-29 16:43:10,932] {logging_mixin.py:109} WARNING - /usr/local/lib/python3.8/dist-packages/airflow/models/serialized_dag.py:120 SAWarning: TypeDecorator UtcDateTime(timezone=True) will not produce a cache key because the ``cache_ok`` flag is not set to True.  Set this flag to True if this type object's state is safe to use in a cache key, or False to disable this warning.
[2021-11-29 16:43:10,949] {logging_mixin.py:109} INFO - [2021-11-29 16:43:10,949] {dag.py:2396} INFO - Sync 1 DAGs
[2021-11-29 16:43:10,967] {logging_mixin.py:109} WARNING - /usr/local/lib/python3.8/dist-packages/airflow/models/dag.py:2433 SAWarning: TypeDecorator UtcDateTime(timezone=True) will not produce a cache key because the ``cache_ok`` flag is not set to True.  Set this flag to True if this type object's state is safe to use in a cache key, or False to disable this warning.
[2021-11-29 16:43:10,986] {logging_mixin.py:109} INFO - [2021-11-29 16:43:10,986] {dag.py:2928} INFO - Setting next_dagrun for example_skip_dag to 2021-11-28T11:13:10.985979+00:00
[2021-11-29 16:43:11,265] {processor.py:171} INFO - Processing /usr/local/lib/python3.8/dist-packages/airflow/example_dags/example_skip_dag.py took 0.465 seconds
[2021-11-29 16:44:04,047] {processor.py:163} INFO - Started process (PID=10055) to work on /usr/local/lib/python3.8/dist-packages/airflow/example_dags/example_skip_dag.py
[2021-11-29 16:44:04,080] {processor.py:625} INFO - Processing file /usr/local/lib/python3.8/dist-packages/airflow/example_dags/example_skip_dag.py for tasks to queue
[2021-11-29 16:44:04,080] {logging_mixin.py:109} INFO - [2021-11-29 16:44:04,080] {dagbag.py:500} INFO - Filling up the DagBag from /usr/local/lib/python3.8/dist-packages/airflow/example_dags/example_skip_dag.py
[2021-11-29 16:44:04,147] {processor.py:637} INFO - DAG(s) dict_keys(['example_skip_dag']) retrieved from /usr/local/lib/python3.8/dist-packages/airflow/example_dags/example_skip_dag.py
[2021-11-29 16:44:04,169] {logging_mixin.py:109} WARNING - /usr/local/lib/python3.8/dist-packages/airflow/models/serialized_dag.py:120 SAWarning: TypeDecorator UtcDateTime(timezone=True) will not produce a cache key because the ``cache_ok`` flag is not set to True.  Set this flag to True if this type object's state is safe to use in a cache key, or False to disable this warning.
[2021-11-29 16:44:04,206] {logging_mixin.py:109} INFO - [2021-11-29 16:44:04,206] {dag.py:2396} INFO - Sync 1 DAGs
[2021-11-29 16:44:04,233] {logging_mixin.py:109} WARNING - /usr/local/lib/python3.8/dist-packages/airflow/models/dag.py:2433 SAWarning: TypeDecorator UtcDateTime(timezone=True) will not produce a cache key because the ``cache_ok`` flag is not set to True.  Set this flag to True if this type object's state is safe to use in a cache key, or False to disable this warning.
[2021-11-29 16:44:04,273] {logging_mixin.py:109} INFO - [2021-11-29 16:44:04,273] {dag.py:2928} INFO - Setting next_dagrun for example_skip_dag to 2021-11-28T11:14:04.273090+00:00
[2021-11-29 16:44:04,583] {processor.py:171} INFO - Processing /usr/local/lib/python3.8/dist-packages/airflow/example_dags/example_skip_dag.py took 0.554 seconds
[2021-11-29 16:45:02,345] {processor.py:163} INFO - Started process (PID=10228) to work on /usr/local/lib/python3.8/dist-packages/airflow/example_dags/example_skip_dag.py
[2021-11-29 16:45:02,415] {processor.py:625} INFO - Processing file /usr/local/lib/python3.8/dist-packages/airflow/example_dags/example_skip_dag.py for tasks to queue
[2021-11-29 16:45:02,416] {logging_mixin.py:109} INFO - [2021-11-29 16:45:02,415] {dagbag.py:500} INFO - Filling up the DagBag from /usr/local/lib/python3.8/dist-packages/airflow/example_dags/example_skip_dag.py
[2021-11-29 16:45:02,475] {processor.py:637} INFO - DAG(s) dict_keys(['example_skip_dag']) retrieved from /usr/local/lib/python3.8/dist-packages/airflow/example_dags/example_skip_dag.py
[2021-11-29 16:45:02,481] {logging_mixin.py:109} WARNING - /usr/local/lib/python3.8/dist-packages/airflow/models/serialized_dag.py:120 SAWarning: TypeDecorator UtcDateTime(timezone=True) will not produce a cache key because the ``cache_ok`` flag is not set to True.  Set this flag to True if this type object's state is safe to use in a cache key, or False to disable this warning.
[2021-11-29 16:45:02,504] {logging_mixin.py:109} INFO - [2021-11-29 16:45:02,504] {dag.py:2396} INFO - Sync 1 DAGs
[2021-11-29 16:45:02,539] {logging_mixin.py:109} WARNING - /usr/local/lib/python3.8/dist-packages/airflow/models/dag.py:2433 SAWarning: TypeDecorator UtcDateTime(timezone=True) will not produce a cache key because the ``cache_ok`` flag is not set to True.  Set this flag to True if this type object's state is safe to use in a cache key, or False to disable this warning.
[2021-11-29 16:45:02,560] {logging_mixin.py:109} INFO - [2021-11-29 16:45:02,560] {dag.py:2928} INFO - Setting next_dagrun for example_skip_dag to 2021-11-28T11:15:02.560332+00:00
[2021-11-29 16:45:02,729] {processor.py:171} INFO - Processing /usr/local/lib/python3.8/dist-packages/airflow/example_dags/example_skip_dag.py took 0.400 seconds
[2021-11-29 16:45:58,541] {processor.py:163} INFO - Started process (PID=10394) to work on /usr/local/lib/python3.8/dist-packages/airflow/example_dags/example_skip_dag.py
[2021-11-29 16:45:58,571] {processor.py:625} INFO - Processing file /usr/local/lib/python3.8/dist-packages/airflow/example_dags/example_skip_dag.py for tasks to queue
[2021-11-29 16:45:58,572] {logging_mixin.py:109} INFO - [2021-11-29 16:45:58,572] {dagbag.py:500} INFO - Filling up the DagBag from /usr/local/lib/python3.8/dist-packages/airflow/example_dags/example_skip_dag.py
[2021-11-29 16:45:58,656] {processor.py:637} INFO - DAG(s) dict_keys(['example_skip_dag']) retrieved from /usr/local/lib/python3.8/dist-packages/airflow/example_dags/example_skip_dag.py
[2021-11-29 16:45:58,688] {logging_mixin.py:109} WARNING - /usr/local/lib/python3.8/dist-packages/airflow/models/serialized_dag.py:120 SAWarning: TypeDecorator UtcDateTime(timezone=True) will not produce a cache key because the ``cache_ok`` flag is not set to True.  Set this flag to True if this type object's state is safe to use in a cache key, or False to disable this warning.
[2021-11-29 16:45:58,721] {logging_mixin.py:109} INFO - [2021-11-29 16:45:58,721] {dag.py:2396} INFO - Sync 1 DAGs
[2021-11-29 16:45:58,767] {logging_mixin.py:109} WARNING - /usr/local/lib/python3.8/dist-packages/airflow/models/dag.py:2433 SAWarning: TypeDecorator UtcDateTime(timezone=True) will not produce a cache key because the ``cache_ok`` flag is not set to True.  Set this flag to True if this type object's state is safe to use in a cache key, or False to disable this warning.
[2021-11-29 16:45:58,789] {logging_mixin.py:109} INFO - [2021-11-29 16:45:58,789] {dag.py:2928} INFO - Setting next_dagrun for example_skip_dag to 2021-11-28T11:15:58.789168+00:00
[2021-11-29 16:45:59,131] {processor.py:171} INFO - Processing /usr/local/lib/python3.8/dist-packages/airflow/example_dags/example_skip_dag.py took 0.621 seconds
