[2021-11-29 16:14:49,606] {processor.py:163} INFO - Started process (PID=4862) to work on /usr/local/lib/python3.8/dist-packages/airflow/example_dags/example_task_group.py
[2021-11-29 16:14:49,607] {processor.py:625} INFO - Processing file /usr/local/lib/python3.8/dist-packages/airflow/example_dags/example_task_group.py for tasks to queue
[2021-11-29 16:14:49,608] {logging_mixin.py:109} INFO - [2021-11-29 16:14:49,607] {dagbag.py:500} INFO - Filling up the DagBag from /usr/local/lib/python3.8/dist-packages/airflow/example_dags/example_task_group.py
[2021-11-29 16:14:49,647] {processor.py:637} INFO - DAG(s) dict_keys(['example_task_group']) retrieved from /usr/local/lib/python3.8/dist-packages/airflow/example_dags/example_task_group.py
[2021-11-29 16:14:49,653] {logging_mixin.py:109} WARNING - /usr/local/lib/python3.8/dist-packages/airflow/models/serialized_dag.py:120 SAWarning: TypeDecorator UtcDateTime(timezone=True) will not produce a cache key because the ``cache_ok`` flag is not set to True.  Set this flag to True if this type object's state is safe to use in a cache key, or False to disable this warning.
[2021-11-29 16:14:49,668] {logging_mixin.py:109} INFO - [2021-11-29 16:14:49,668] {dag.py:2396} INFO - Sync 1 DAGs
[2021-11-29 16:14:49,687] {logging_mixin.py:109} WARNING - /usr/local/lib/python3.8/dist-packages/airflow/models/dag.py:2433 SAWarning: TypeDecorator UtcDateTime(timezone=True) will not produce a cache key because the ``cache_ok`` flag is not set to True.  Set this flag to True if this type object's state is safe to use in a cache key, or False to disable this warning.
[2021-11-29 16:14:49,707] {logging_mixin.py:109} INFO - [2021-11-29 16:14:49,707] {dag.py:2928} INFO - Setting next_dagrun for example_task_group to 2021-11-28T10:44:49.707244+00:00
[2021-11-29 16:14:49,911] {processor.py:171} INFO - Processing /usr/local/lib/python3.8/dist-packages/airflow/example_dags/example_task_group.py took 0.319 seconds
[2021-11-29 16:15:48,455] {processor.py:163} INFO - Started process (PID=5028) to work on /usr/local/lib/python3.8/dist-packages/airflow/example_dags/example_task_group.py
[2021-11-29 16:15:48,500] {processor.py:625} INFO - Processing file /usr/local/lib/python3.8/dist-packages/airflow/example_dags/example_task_group.py for tasks to queue
[2021-11-29 16:15:48,501] {logging_mixin.py:109} INFO - [2021-11-29 16:15:48,501] {dagbag.py:500} INFO - Filling up the DagBag from /usr/local/lib/python3.8/dist-packages/airflow/example_dags/example_task_group.py
[2021-11-29 16:15:48,596] {processor.py:637} INFO - DAG(s) dict_keys(['example_task_group']) retrieved from /usr/local/lib/python3.8/dist-packages/airflow/example_dags/example_task_group.py
[2021-11-29 16:15:48,617] {logging_mixin.py:109} WARNING - /usr/local/lib/python3.8/dist-packages/airflow/models/serialized_dag.py:120 SAWarning: TypeDecorator UtcDateTime(timezone=True) will not produce a cache key because the ``cache_ok`` flag is not set to True.  Set this flag to True if this type object's state is safe to use in a cache key, or False to disable this warning.
[2021-11-29 16:15:48,646] {logging_mixin.py:109} INFO - [2021-11-29 16:15:48,646] {dag.py:2396} INFO - Sync 1 DAGs
[2021-11-29 16:15:48,687] {logging_mixin.py:109} WARNING - /usr/local/lib/python3.8/dist-packages/airflow/models/dag.py:2433 SAWarning: TypeDecorator UtcDateTime(timezone=True) will not produce a cache key because the ``cache_ok`` flag is not set to True.  Set this flag to True if this type object's state is safe to use in a cache key, or False to disable this warning.
[2021-11-29 16:15:48,711] {logging_mixin.py:109} INFO - [2021-11-29 16:15:48,711] {dag.py:2928} INFO - Setting next_dagrun for example_task_group to 2021-11-28T10:45:48.710883+00:00
[2021-11-29 16:15:49,369] {processor.py:171} INFO - Processing /usr/local/lib/python3.8/dist-packages/airflow/example_dags/example_task_group.py took 0.919 seconds
[2021-11-29 16:16:52,325] {processor.py:163} INFO - Started process (PID=5208) to work on /usr/local/lib/python3.8/dist-packages/airflow/example_dags/example_task_group.py
[2021-11-29 16:16:52,391] {processor.py:625} INFO - Processing file /usr/local/lib/python3.8/dist-packages/airflow/example_dags/example_task_group.py for tasks to queue
[2021-11-29 16:16:52,392] {logging_mixin.py:109} INFO - [2021-11-29 16:16:52,391] {dagbag.py:500} INFO - Filling up the DagBag from /usr/local/lib/python3.8/dist-packages/airflow/example_dags/example_task_group.py
[2021-11-29 16:16:52,474] {processor.py:637} INFO - DAG(s) dict_keys(['example_task_group']) retrieved from /usr/local/lib/python3.8/dist-packages/airflow/example_dags/example_task_group.py
[2021-11-29 16:16:52,493] {logging_mixin.py:109} WARNING - /usr/local/lib/python3.8/dist-packages/airflow/models/serialized_dag.py:120 SAWarning: TypeDecorator UtcDateTime(timezone=True) will not produce a cache key because the ``cache_ok`` flag is not set to True.  Set this flag to True if this type object's state is safe to use in a cache key, or False to disable this warning.
[2021-11-29 16:16:52,528] {logging_mixin.py:109} INFO - [2021-11-29 16:16:52,528] {dag.py:2396} INFO - Sync 1 DAGs
[2021-11-29 16:16:52,559] {logging_mixin.py:109} WARNING - /usr/local/lib/python3.8/dist-packages/airflow/models/dag.py:2433 SAWarning: TypeDecorator UtcDateTime(timezone=True) will not produce a cache key because the ``cache_ok`` flag is not set to True.  Set this flag to True if this type object's state is safe to use in a cache key, or False to disable this warning.
[2021-11-29 16:16:52,572] {logging_mixin.py:109} INFO - [2021-11-29 16:16:52,572] {dag.py:2928} INFO - Setting next_dagrun for example_task_group to 2021-11-28T10:46:52.571805+00:00
[2021-11-29 16:16:52,738] {processor.py:171} INFO - Processing /usr/local/lib/python3.8/dist-packages/airflow/example_dags/example_task_group.py took 0.418 seconds
[2021-11-29 16:17:48,535] {processor.py:163} INFO - Started process (PID=5388) to work on /usr/local/lib/python3.8/dist-packages/airflow/example_dags/example_task_group.py
[2021-11-29 16:17:48,571] {processor.py:625} INFO - Processing file /usr/local/lib/python3.8/dist-packages/airflow/example_dags/example_task_group.py for tasks to queue
[2021-11-29 16:17:48,572] {logging_mixin.py:109} INFO - [2021-11-29 16:17:48,572] {dagbag.py:500} INFO - Filling up the DagBag from /usr/local/lib/python3.8/dist-packages/airflow/example_dags/example_task_group.py
[2021-11-29 16:17:48,638] {processor.py:637} INFO - DAG(s) dict_keys(['example_task_group']) retrieved from /usr/local/lib/python3.8/dist-packages/airflow/example_dags/example_task_group.py
[2021-11-29 16:17:48,657] {logging_mixin.py:109} WARNING - /usr/local/lib/python3.8/dist-packages/airflow/models/serialized_dag.py:120 SAWarning: TypeDecorator UtcDateTime(timezone=True) will not produce a cache key because the ``cache_ok`` flag is not set to True.  Set this flag to True if this type object's state is safe to use in a cache key, or False to disable this warning.
[2021-11-29 16:17:48,677] {logging_mixin.py:109} INFO - [2021-11-29 16:17:48,677] {dag.py:2396} INFO - Sync 1 DAGs
[2021-11-29 16:17:48,697] {logging_mixin.py:109} WARNING - /usr/local/lib/python3.8/dist-packages/airflow/models/dag.py:2433 SAWarning: TypeDecorator UtcDateTime(timezone=True) will not produce a cache key because the ``cache_ok`` flag is not set to True.  Set this flag to True if this type object's state is safe to use in a cache key, or False to disable this warning.
[2021-11-29 16:17:48,720] {logging_mixin.py:109} INFO - [2021-11-29 16:17:48,719] {dag.py:2928} INFO - Setting next_dagrun for example_task_group to 2021-11-28T10:47:48.719426+00:00
[2021-11-29 16:17:48,930] {processor.py:171} INFO - Processing /usr/local/lib/python3.8/dist-packages/airflow/example_dags/example_task_group.py took 0.400 seconds
[2021-11-29 16:18:46,368] {processor.py:163} INFO - Started process (PID=5558) to work on /usr/local/lib/python3.8/dist-packages/airflow/example_dags/example_task_group.py
[2021-11-29 16:18:46,402] {processor.py:625} INFO - Processing file /usr/local/lib/python3.8/dist-packages/airflow/example_dags/example_task_group.py for tasks to queue
[2021-11-29 16:18:46,403] {logging_mixin.py:109} INFO - [2021-11-29 16:18:46,402] {dagbag.py:500} INFO - Filling up the DagBag from /usr/local/lib/python3.8/dist-packages/airflow/example_dags/example_task_group.py
[2021-11-29 16:18:46,473] {processor.py:637} INFO - DAG(s) dict_keys(['example_task_group']) retrieved from /usr/local/lib/python3.8/dist-packages/airflow/example_dags/example_task_group.py
[2021-11-29 16:18:46,489] {logging_mixin.py:109} WARNING - /usr/local/lib/python3.8/dist-packages/airflow/models/serialized_dag.py:120 SAWarning: TypeDecorator UtcDateTime(timezone=True) will not produce a cache key because the ``cache_ok`` flag is not set to True.  Set this flag to True if this type object's state is safe to use in a cache key, or False to disable this warning.
[2021-11-29 16:18:46,505] {logging_mixin.py:109} INFO - [2021-11-29 16:18:46,504] {dag.py:2396} INFO - Sync 1 DAGs
[2021-11-29 16:18:46,520] {logging_mixin.py:109} WARNING - /usr/local/lib/python3.8/dist-packages/airflow/models/dag.py:2433 SAWarning: TypeDecorator UtcDateTime(timezone=True) will not produce a cache key because the ``cache_ok`` flag is not set to True.  Set this flag to True if this type object's state is safe to use in a cache key, or False to disable this warning.
[2021-11-29 16:18:46,533] {logging_mixin.py:109} INFO - [2021-11-29 16:18:46,533] {dag.py:2928} INFO - Setting next_dagrun for example_task_group to 2021-11-28T10:48:46.532916+00:00
[2021-11-29 16:18:47,032] {processor.py:171} INFO - Processing /usr/local/lib/python3.8/dist-packages/airflow/example_dags/example_task_group.py took 0.669 seconds
[2021-11-29 16:19:42,015] {processor.py:163} INFO - Started process (PID=5725) to work on /usr/local/lib/python3.8/dist-packages/airflow/example_dags/example_task_group.py
[2021-11-29 16:19:42,044] {processor.py:625} INFO - Processing file /usr/local/lib/python3.8/dist-packages/airflow/example_dags/example_task_group.py for tasks to queue
[2021-11-29 16:19:42,045] {logging_mixin.py:109} INFO - [2021-11-29 16:19:42,045] {dagbag.py:500} INFO - Filling up the DagBag from /usr/local/lib/python3.8/dist-packages/airflow/example_dags/example_task_group.py
[2021-11-29 16:19:42,146] {processor.py:637} INFO - DAG(s) dict_keys(['example_task_group']) retrieved from /usr/local/lib/python3.8/dist-packages/airflow/example_dags/example_task_group.py
[2021-11-29 16:19:42,154] {logging_mixin.py:109} WARNING - /usr/local/lib/python3.8/dist-packages/airflow/models/serialized_dag.py:120 SAWarning: TypeDecorator UtcDateTime(timezone=True) will not produce a cache key because the ``cache_ok`` flag is not set to True.  Set this flag to True if this type object's state is safe to use in a cache key, or False to disable this warning.
[2021-11-29 16:19:42,190] {logging_mixin.py:109} INFO - [2021-11-29 16:19:42,190] {dag.py:2396} INFO - Sync 1 DAGs
[2021-11-29 16:19:42,245] {logging_mixin.py:109} WARNING - /usr/local/lib/python3.8/dist-packages/airflow/models/dag.py:2433 SAWarning: TypeDecorator UtcDateTime(timezone=True) will not produce a cache key because the ``cache_ok`` flag is not set to True.  Set this flag to True if this type object's state is safe to use in a cache key, or False to disable this warning.
[2021-11-29 16:19:42,260] {logging_mixin.py:109} INFO - [2021-11-29 16:19:42,260] {dag.py:2928} INFO - Setting next_dagrun for example_task_group to 2021-11-28T10:49:42.259664+00:00
[2021-11-29 16:19:42,589] {processor.py:171} INFO - Processing /usr/local/lib/python3.8/dist-packages/airflow/example_dags/example_task_group.py took 0.579 seconds
[2021-11-29 16:20:35,526] {processor.py:163} INFO - Started process (PID=5894) to work on /usr/local/lib/python3.8/dist-packages/airflow/example_dags/example_task_group.py
[2021-11-29 16:20:35,564] {processor.py:625} INFO - Processing file /usr/local/lib/python3.8/dist-packages/airflow/example_dags/example_task_group.py for tasks to queue
[2021-11-29 16:20:35,565] {logging_mixin.py:109} INFO - [2021-11-29 16:20:35,565] {dagbag.py:500} INFO - Filling up the DagBag from /usr/local/lib/python3.8/dist-packages/airflow/example_dags/example_task_group.py
[2021-11-29 16:20:35,630] {processor.py:637} INFO - DAG(s) dict_keys(['example_task_group']) retrieved from /usr/local/lib/python3.8/dist-packages/airflow/example_dags/example_task_group.py
[2021-11-29 16:20:35,649] {logging_mixin.py:109} WARNING - /usr/local/lib/python3.8/dist-packages/airflow/models/serialized_dag.py:120 SAWarning: TypeDecorator UtcDateTime(timezone=True) will not produce a cache key because the ``cache_ok`` flag is not set to True.  Set this flag to True if this type object's state is safe to use in a cache key, or False to disable this warning.
[2021-11-29 16:20:35,675] {logging_mixin.py:109} INFO - [2021-11-29 16:20:35,674] {dag.py:2396} INFO - Sync 1 DAGs
[2021-11-29 16:20:35,715] {logging_mixin.py:109} WARNING - /usr/local/lib/python3.8/dist-packages/airflow/models/dag.py:2433 SAWarning: TypeDecorator UtcDateTime(timezone=True) will not produce a cache key because the ``cache_ok`` flag is not set to True.  Set this flag to True if this type object's state is safe to use in a cache key, or False to disable this warning.
[2021-11-29 16:20:35,740] {logging_mixin.py:109} INFO - [2021-11-29 16:20:35,740] {dag.py:2928} INFO - Setting next_dagrun for example_task_group to 2021-11-28T10:50:35.739718+00:00
[2021-11-29 16:20:36,077] {processor.py:171} INFO - Processing /usr/local/lib/python3.8/dist-packages/airflow/example_dags/example_task_group.py took 0.567 seconds
[2021-11-29 16:21:29,594] {processor.py:163} INFO - Started process (PID=6065) to work on /usr/local/lib/python3.8/dist-packages/airflow/example_dags/example_task_group.py
[2021-11-29 16:21:29,609] {processor.py:625} INFO - Processing file /usr/local/lib/python3.8/dist-packages/airflow/example_dags/example_task_group.py for tasks to queue
[2021-11-29 16:21:29,610] {logging_mixin.py:109} INFO - [2021-11-29 16:21:29,610] {dagbag.py:500} INFO - Filling up the DagBag from /usr/local/lib/python3.8/dist-packages/airflow/example_dags/example_task_group.py
[2021-11-29 16:21:29,684] {processor.py:637} INFO - DAG(s) dict_keys(['example_task_group']) retrieved from /usr/local/lib/python3.8/dist-packages/airflow/example_dags/example_task_group.py
[2021-11-29 16:21:29,717] {logging_mixin.py:109} WARNING - /usr/local/lib/python3.8/dist-packages/airflow/models/serialized_dag.py:120 SAWarning: TypeDecorator UtcDateTime(timezone=True) will not produce a cache key because the ``cache_ok`` flag is not set to True.  Set this flag to True if this type object's state is safe to use in a cache key, or False to disable this warning.
[2021-11-29 16:21:29,732] {logging_mixin.py:109} INFO - [2021-11-29 16:21:29,732] {dag.py:2396} INFO - Sync 1 DAGs
[2021-11-29 16:21:29,779] {logging_mixin.py:109} WARNING - /usr/local/lib/python3.8/dist-packages/airflow/models/dag.py:2433 SAWarning: TypeDecorator UtcDateTime(timezone=True) will not produce a cache key because the ``cache_ok`` flag is not set to True.  Set this flag to True if this type object's state is safe to use in a cache key, or False to disable this warning.
[2021-11-29 16:21:29,802] {logging_mixin.py:109} INFO - [2021-11-29 16:21:29,802] {dag.py:2928} INFO - Setting next_dagrun for example_task_group to 2021-11-28T10:51:29.801756+00:00
[2021-11-29 16:21:29,994] {processor.py:171} INFO - Processing /usr/local/lib/python3.8/dist-packages/airflow/example_dags/example_task_group.py took 0.404 seconds
[2021-11-29 16:22:28,217] {processor.py:163} INFO - Started process (PID=6247) to work on /usr/local/lib/python3.8/dist-packages/airflow/example_dags/example_task_group.py
[2021-11-29 16:22:28,244] {processor.py:625} INFO - Processing file /usr/local/lib/python3.8/dist-packages/airflow/example_dags/example_task_group.py for tasks to queue
[2021-11-29 16:22:28,245] {logging_mixin.py:109} INFO - [2021-11-29 16:22:28,245] {dagbag.py:500} INFO - Filling up the DagBag from /usr/local/lib/python3.8/dist-packages/airflow/example_dags/example_task_group.py
[2021-11-29 16:22:28,310] {processor.py:637} INFO - DAG(s) dict_keys(['example_task_group']) retrieved from /usr/local/lib/python3.8/dist-packages/airflow/example_dags/example_task_group.py
[2021-11-29 16:22:28,328] {logging_mixin.py:109} WARNING - /usr/local/lib/python3.8/dist-packages/airflow/models/serialized_dag.py:120 SAWarning: TypeDecorator UtcDateTime(timezone=True) will not produce a cache key because the ``cache_ok`` flag is not set to True.  Set this flag to True if this type object's state is safe to use in a cache key, or False to disable this warning.
[2021-11-29 16:22:28,376] {logging_mixin.py:109} INFO - [2021-11-29 16:22:28,375] {dag.py:2396} INFO - Sync 1 DAGs
[2021-11-29 16:22:28,417] {logging_mixin.py:109} WARNING - /usr/local/lib/python3.8/dist-packages/airflow/models/dag.py:2433 SAWarning: TypeDecorator UtcDateTime(timezone=True) will not produce a cache key because the ``cache_ok`` flag is not set to True.  Set this flag to True if this type object's state is safe to use in a cache key, or False to disable this warning.
[2021-11-29 16:22:28,449] {logging_mixin.py:109} INFO - [2021-11-29 16:22:28,449] {dag.py:2928} INFO - Setting next_dagrun for example_task_group to 2021-11-28T10:52:28.448784+00:00
[2021-11-29 16:22:28,670] {processor.py:171} INFO - Processing /usr/local/lib/python3.8/dist-packages/airflow/example_dags/example_task_group.py took 0.467 seconds
[2021-11-29 16:23:23,708] {processor.py:163} INFO - Started process (PID=6423) to work on /usr/local/lib/python3.8/dist-packages/airflow/example_dags/example_task_group.py
[2021-11-29 16:23:23,719] {processor.py:625} INFO - Processing file /usr/local/lib/python3.8/dist-packages/airflow/example_dags/example_task_group.py for tasks to queue
[2021-11-29 16:23:23,720] {logging_mixin.py:109} INFO - [2021-11-29 16:23:23,720] {dagbag.py:500} INFO - Filling up the DagBag from /usr/local/lib/python3.8/dist-packages/airflow/example_dags/example_task_group.py
[2021-11-29 16:23:23,772] {processor.py:637} INFO - DAG(s) dict_keys(['example_task_group']) retrieved from /usr/local/lib/python3.8/dist-packages/airflow/example_dags/example_task_group.py
[2021-11-29 16:23:23,788] {logging_mixin.py:109} WARNING - /usr/local/lib/python3.8/dist-packages/airflow/models/serialized_dag.py:120 SAWarning: TypeDecorator UtcDateTime(timezone=True) will not produce a cache key because the ``cache_ok`` flag is not set to True.  Set this flag to True if this type object's state is safe to use in a cache key, or False to disable this warning.
[2021-11-29 16:23:23,813] {logging_mixin.py:109} INFO - [2021-11-29 16:23:23,812] {dag.py:2396} INFO - Sync 1 DAGs
[2021-11-29 16:23:23,865] {logging_mixin.py:109} WARNING - /usr/local/lib/python3.8/dist-packages/airflow/models/dag.py:2433 SAWarning: TypeDecorator UtcDateTime(timezone=True) will not produce a cache key because the ``cache_ok`` flag is not set to True.  Set this flag to True if this type object's state is safe to use in a cache key, or False to disable this warning.
[2021-11-29 16:23:23,888] {logging_mixin.py:109} INFO - [2021-11-29 16:23:23,888] {dag.py:2928} INFO - Setting next_dagrun for example_task_group to 2021-11-28T10:53:23.888148+00:00
[2021-11-29 16:23:24,139] {processor.py:171} INFO - Processing /usr/local/lib/python3.8/dist-packages/airflow/example_dags/example_task_group.py took 0.445 seconds
[2021-11-29 16:24:21,407] {processor.py:163} INFO - Started process (PID=6586) to work on /usr/local/lib/python3.8/dist-packages/airflow/example_dags/example_task_group.py
[2021-11-29 16:24:21,455] {processor.py:625} INFO - Processing file /usr/local/lib/python3.8/dist-packages/airflow/example_dags/example_task_group.py for tasks to queue
[2021-11-29 16:24:21,456] {logging_mixin.py:109} INFO - [2021-11-29 16:24:21,456] {dagbag.py:500} INFO - Filling up the DagBag from /usr/local/lib/python3.8/dist-packages/airflow/example_dags/example_task_group.py
[2021-11-29 16:24:21,538] {processor.py:637} INFO - DAG(s) dict_keys(['example_task_group']) retrieved from /usr/local/lib/python3.8/dist-packages/airflow/example_dags/example_task_group.py
[2021-11-29 16:24:21,557] {logging_mixin.py:109} WARNING - /usr/local/lib/python3.8/dist-packages/airflow/models/serialized_dag.py:120 SAWarning: TypeDecorator UtcDateTime(timezone=True) will not produce a cache key because the ``cache_ok`` flag is not set to True.  Set this flag to True if this type object's state is safe to use in a cache key, or False to disable this warning.
[2021-11-29 16:24:21,583] {logging_mixin.py:109} INFO - [2021-11-29 16:24:21,582] {dag.py:2396} INFO - Sync 1 DAGs
[2021-11-29 16:24:21,600] {logging_mixin.py:109} WARNING - /usr/local/lib/python3.8/dist-packages/airflow/models/dag.py:2433 SAWarning: TypeDecorator UtcDateTime(timezone=True) will not produce a cache key because the ``cache_ok`` flag is not set to True.  Set this flag to True if this type object's state is safe to use in a cache key, or False to disable this warning.
[2021-11-29 16:24:21,627] {logging_mixin.py:109} INFO - [2021-11-29 16:24:21,627] {dag.py:2928} INFO - Setting next_dagrun for example_task_group to 2021-11-28T10:54:21.627375+00:00
[2021-11-29 16:24:21,903] {processor.py:171} INFO - Processing /usr/local/lib/python3.8/dist-packages/airflow/example_dags/example_task_group.py took 0.511 seconds
[2021-11-29 16:25:21,065] {processor.py:163} INFO - Started process (PID=6751) to work on /usr/local/lib/python3.8/dist-packages/airflow/example_dags/example_task_group.py
[2021-11-29 16:25:21,116] {processor.py:625} INFO - Processing file /usr/local/lib/python3.8/dist-packages/airflow/example_dags/example_task_group.py for tasks to queue
[2021-11-29 16:25:21,117] {logging_mixin.py:109} INFO - [2021-11-29 16:25:21,116] {dagbag.py:500} INFO - Filling up the DagBag from /usr/local/lib/python3.8/dist-packages/airflow/example_dags/example_task_group.py
[2021-11-29 16:25:21,180] {processor.py:637} INFO - DAG(s) dict_keys(['example_task_group']) retrieved from /usr/local/lib/python3.8/dist-packages/airflow/example_dags/example_task_group.py
[2021-11-29 16:25:21,198] {logging_mixin.py:109} WARNING - /usr/local/lib/python3.8/dist-packages/airflow/models/serialized_dag.py:120 SAWarning: TypeDecorator UtcDateTime(timezone=True) will not produce a cache key because the ``cache_ok`` flag is not set to True.  Set this flag to True if this type object's state is safe to use in a cache key, or False to disable this warning.
[2021-11-29 16:25:21,237] {logging_mixin.py:109} INFO - [2021-11-29 16:25:21,237] {dag.py:2396} INFO - Sync 1 DAGs
[2021-11-29 16:25:21,264] {logging_mixin.py:109} WARNING - /usr/local/lib/python3.8/dist-packages/airflow/models/dag.py:2433 SAWarning: TypeDecorator UtcDateTime(timezone=True) will not produce a cache key because the ``cache_ok`` flag is not set to True.  Set this flag to True if this type object's state is safe to use in a cache key, or False to disable this warning.
[2021-11-29 16:25:21,297] {logging_mixin.py:109} INFO - [2021-11-29 16:25:21,296] {dag.py:2928} INFO - Setting next_dagrun for example_task_group to 2021-11-28T10:55:21.296555+00:00
[2021-11-29 16:25:21,550] {processor.py:171} INFO - Processing /usr/local/lib/python3.8/dist-packages/airflow/example_dags/example_task_group.py took 0.490 seconds
[2021-11-29 16:26:15,466] {processor.py:163} INFO - Started process (PID=6927) to work on /usr/local/lib/python3.8/dist-packages/airflow/example_dags/example_task_group.py
[2021-11-29 16:26:15,509] {processor.py:625} INFO - Processing file /usr/local/lib/python3.8/dist-packages/airflow/example_dags/example_task_group.py for tasks to queue
[2021-11-29 16:26:15,510] {logging_mixin.py:109} INFO - [2021-11-29 16:26:15,510] {dagbag.py:500} INFO - Filling up the DagBag from /usr/local/lib/python3.8/dist-packages/airflow/example_dags/example_task_group.py
[2021-11-29 16:26:15,626] {processor.py:637} INFO - DAG(s) dict_keys(['example_task_group']) retrieved from /usr/local/lib/python3.8/dist-packages/airflow/example_dags/example_task_group.py
[2021-11-29 16:26:15,648] {logging_mixin.py:109} WARNING - /usr/local/lib/python3.8/dist-packages/airflow/models/serialized_dag.py:120 SAWarning: TypeDecorator UtcDateTime(timezone=True) will not produce a cache key because the ``cache_ok`` flag is not set to True.  Set this flag to True if this type object's state is safe to use in a cache key, or False to disable this warning.
[2021-11-29 16:26:15,696] {logging_mixin.py:109} INFO - [2021-11-29 16:26:15,696] {dag.py:2396} INFO - Sync 1 DAGs
[2021-11-29 16:26:15,747] {logging_mixin.py:109} WARNING - /usr/local/lib/python3.8/dist-packages/airflow/models/dag.py:2433 SAWarning: TypeDecorator UtcDateTime(timezone=True) will not produce a cache key because the ``cache_ok`` flag is not set to True.  Set this flag to True if this type object's state is safe to use in a cache key, or False to disable this warning.
[2021-11-29 16:26:15,771] {logging_mixin.py:109} INFO - [2021-11-29 16:26:15,771] {dag.py:2928} INFO - Setting next_dagrun for example_task_group to 2021-11-28T10:56:15.771211+00:00
[2021-11-29 16:26:15,976] {processor.py:171} INFO - Processing /usr/local/lib/python3.8/dist-packages/airflow/example_dags/example_task_group.py took 0.525 seconds
[2021-11-29 16:27:09,526] {processor.py:163} INFO - Started process (PID=7089) to work on /usr/local/lib/python3.8/dist-packages/airflow/example_dags/example_task_group.py
[2021-11-29 16:27:09,577] {processor.py:625} INFO - Processing file /usr/local/lib/python3.8/dist-packages/airflow/example_dags/example_task_group.py for tasks to queue
[2021-11-29 16:27:09,578] {logging_mixin.py:109} INFO - [2021-11-29 16:27:09,578] {dagbag.py:500} INFO - Filling up the DagBag from /usr/local/lib/python3.8/dist-packages/airflow/example_dags/example_task_group.py
[2021-11-29 16:27:09,661] {processor.py:637} INFO - DAG(s) dict_keys(['example_task_group']) retrieved from /usr/local/lib/python3.8/dist-packages/airflow/example_dags/example_task_group.py
[2021-11-29 16:27:09,689] {logging_mixin.py:109} WARNING - /usr/local/lib/python3.8/dist-packages/airflow/models/serialized_dag.py:120 SAWarning: TypeDecorator UtcDateTime(timezone=True) will not produce a cache key because the ``cache_ok`` flag is not set to True.  Set this flag to True if this type object's state is safe to use in a cache key, or False to disable this warning.
[2021-11-29 16:27:09,713] {logging_mixin.py:109} INFO - [2021-11-29 16:27:09,712] {dag.py:2396} INFO - Sync 1 DAGs
[2021-11-29 16:27:09,773] {logging_mixin.py:109} WARNING - /usr/local/lib/python3.8/dist-packages/airflow/models/dag.py:2433 SAWarning: TypeDecorator UtcDateTime(timezone=True) will not produce a cache key because the ``cache_ok`` flag is not set to True.  Set this flag to True if this type object's state is safe to use in a cache key, or False to disable this warning.
[2021-11-29 16:27:09,820] {logging_mixin.py:109} INFO - [2021-11-29 16:27:09,818] {dag.py:2928} INFO - Setting next_dagrun for example_task_group to 2021-11-28T10:57:09.817548+00:00
[2021-11-29 16:27:10,010] {processor.py:171} INFO - Processing /usr/local/lib/python3.8/dist-packages/airflow/example_dags/example_task_group.py took 0.498 seconds
[2021-11-29 16:28:04,809] {processor.py:163} INFO - Started process (PID=7247) to work on /usr/local/lib/python3.8/dist-packages/airflow/example_dags/example_task_group.py
[2021-11-29 16:28:04,813] {processor.py:625} INFO - Processing file /usr/local/lib/python3.8/dist-packages/airflow/example_dags/example_task_group.py for tasks to queue
[2021-11-29 16:28:04,814] {logging_mixin.py:109} INFO - [2021-11-29 16:28:04,814] {dagbag.py:500} INFO - Filling up the DagBag from /usr/local/lib/python3.8/dist-packages/airflow/example_dags/example_task_group.py
[2021-11-29 16:28:04,876] {processor.py:637} INFO - DAG(s) dict_keys(['example_task_group']) retrieved from /usr/local/lib/python3.8/dist-packages/airflow/example_dags/example_task_group.py
[2021-11-29 16:28:04,887] {logging_mixin.py:109} WARNING - /usr/local/lib/python3.8/dist-packages/airflow/models/serialized_dag.py:120 SAWarning: TypeDecorator UtcDateTime(timezone=True) will not produce a cache key because the ``cache_ok`` flag is not set to True.  Set this flag to True if this type object's state is safe to use in a cache key, or False to disable this warning.
[2021-11-29 16:28:04,909] {logging_mixin.py:109} INFO - [2021-11-29 16:28:04,909] {dag.py:2396} INFO - Sync 1 DAGs
[2021-11-29 16:28:04,945] {logging_mixin.py:109} WARNING - /usr/local/lib/python3.8/dist-packages/airflow/models/dag.py:2433 SAWarning: TypeDecorator UtcDateTime(timezone=True) will not produce a cache key because the ``cache_ok`` flag is not set to True.  Set this flag to True if this type object's state is safe to use in a cache key, or False to disable this warning.
[2021-11-29 16:28:04,959] {logging_mixin.py:109} INFO - [2021-11-29 16:28:04,958] {dag.py:2928} INFO - Setting next_dagrun for example_task_group to 2021-11-28T10:58:04.958427+00:00
[2021-11-29 16:28:05,132] {processor.py:171} INFO - Processing /usr/local/lib/python3.8/dist-packages/airflow/example_dags/example_task_group.py took 0.337 seconds
[2021-11-29 16:29:03,437] {processor.py:163} INFO - Started process (PID=7408) to work on /usr/local/lib/python3.8/dist-packages/airflow/example_dags/example_task_group.py
[2021-11-29 16:29:03,478] {processor.py:625} INFO - Processing file /usr/local/lib/python3.8/dist-packages/airflow/example_dags/example_task_group.py for tasks to queue
[2021-11-29 16:29:03,484] {logging_mixin.py:109} INFO - [2021-11-29 16:29:03,483] {dagbag.py:500} INFO - Filling up the DagBag from /usr/local/lib/python3.8/dist-packages/airflow/example_dags/example_task_group.py
[2021-11-29 16:29:03,570] {processor.py:637} INFO - DAG(s) dict_keys(['example_task_group']) retrieved from /usr/local/lib/python3.8/dist-packages/airflow/example_dags/example_task_group.py
[2021-11-29 16:29:03,577] {logging_mixin.py:109} WARNING - /usr/local/lib/python3.8/dist-packages/airflow/models/serialized_dag.py:120 SAWarning: TypeDecorator UtcDateTime(timezone=True) will not produce a cache key because the ``cache_ok`` flag is not set to True.  Set this flag to True if this type object's state is safe to use in a cache key, or False to disable this warning.
[2021-11-29 16:29:03,596] {logging_mixin.py:109} INFO - [2021-11-29 16:29:03,595] {dag.py:2396} INFO - Sync 1 DAGs
[2021-11-29 16:29:03,619] {logging_mixin.py:109} WARNING - /usr/local/lib/python3.8/dist-packages/airflow/models/dag.py:2433 SAWarning: TypeDecorator UtcDateTime(timezone=True) will not produce a cache key because the ``cache_ok`` flag is not set to True.  Set this flag to True if this type object's state is safe to use in a cache key, or False to disable this warning.
[2021-11-29 16:29:03,637] {logging_mixin.py:109} INFO - [2021-11-29 16:29:03,637] {dag.py:2928} INFO - Setting next_dagrun for example_task_group to 2021-11-28T10:59:03.636620+00:00
[2021-11-29 16:29:03,825] {processor.py:171} INFO - Processing /usr/local/lib/python3.8/dist-packages/airflow/example_dags/example_task_group.py took 0.419 seconds
[2021-11-29 16:30:00,645] {processor.py:163} INFO - Started process (PID=7573) to work on /usr/local/lib/python3.8/dist-packages/airflow/example_dags/example_task_group.py
[2021-11-29 16:30:00,649] {processor.py:625} INFO - Processing file /usr/local/lib/python3.8/dist-packages/airflow/example_dags/example_task_group.py for tasks to queue
[2021-11-29 16:30:00,651] {logging_mixin.py:109} INFO - [2021-11-29 16:30:00,651] {dagbag.py:500} INFO - Filling up the DagBag from /usr/local/lib/python3.8/dist-packages/airflow/example_dags/example_task_group.py
[2021-11-29 16:30:00,728] {processor.py:637} INFO - DAG(s) dict_keys(['example_task_group']) retrieved from /usr/local/lib/python3.8/dist-packages/airflow/example_dags/example_task_group.py
[2021-11-29 16:30:00,734] {logging_mixin.py:109} WARNING - /usr/local/lib/python3.8/dist-packages/airflow/models/serialized_dag.py:120 SAWarning: TypeDecorator UtcDateTime(timezone=True) will not produce a cache key because the ``cache_ok`` flag is not set to True.  Set this flag to True if this type object's state is safe to use in a cache key, or False to disable this warning.
[2021-11-29 16:30:00,750] {logging_mixin.py:109} INFO - [2021-11-29 16:30:00,750] {dag.py:2396} INFO - Sync 1 DAGs
[2021-11-29 16:30:00,770] {logging_mixin.py:109} WARNING - /usr/local/lib/python3.8/dist-packages/airflow/models/dag.py:2433 SAWarning: TypeDecorator UtcDateTime(timezone=True) will not produce a cache key because the ``cache_ok`` flag is not set to True.  Set this flag to True if this type object's state is safe to use in a cache key, or False to disable this warning.
[2021-11-29 16:30:00,789] {logging_mixin.py:109} INFO - [2021-11-29 16:30:00,787] {dag.py:2928} INFO - Setting next_dagrun for example_task_group to 2021-11-28T11:00:00.785462+00:00
[2021-11-29 16:30:00,982] {processor.py:171} INFO - Processing /usr/local/lib/python3.8/dist-packages/airflow/example_dags/example_task_group.py took 0.352 seconds
[2021-11-29 16:30:57,655] {processor.py:163} INFO - Started process (PID=7736) to work on /usr/local/lib/python3.8/dist-packages/airflow/example_dags/example_task_group.py
[2021-11-29 16:30:57,669] {processor.py:625} INFO - Processing file /usr/local/lib/python3.8/dist-packages/airflow/example_dags/example_task_group.py for tasks to queue
[2021-11-29 16:30:57,670] {logging_mixin.py:109} INFO - [2021-11-29 16:30:57,670] {dagbag.py:500} INFO - Filling up the DagBag from /usr/local/lib/python3.8/dist-packages/airflow/example_dags/example_task_group.py
[2021-11-29 16:30:57,765] {processor.py:637} INFO - DAG(s) dict_keys(['example_task_group']) retrieved from /usr/local/lib/python3.8/dist-packages/airflow/example_dags/example_task_group.py
[2021-11-29 16:30:57,773] {logging_mixin.py:109} WARNING - /usr/local/lib/python3.8/dist-packages/airflow/models/serialized_dag.py:120 SAWarning: TypeDecorator UtcDateTime(timezone=True) will not produce a cache key because the ``cache_ok`` flag is not set to True.  Set this flag to True if this type object's state is safe to use in a cache key, or False to disable this warning.
[2021-11-29 16:30:57,790] {logging_mixin.py:109} INFO - [2021-11-29 16:30:57,790] {dag.py:2396} INFO - Sync 1 DAGs
[2021-11-29 16:30:57,814] {logging_mixin.py:109} WARNING - /usr/local/lib/python3.8/dist-packages/airflow/models/dag.py:2433 SAWarning: TypeDecorator UtcDateTime(timezone=True) will not produce a cache key because the ``cache_ok`` flag is not set to True.  Set this flag to True if this type object's state is safe to use in a cache key, or False to disable this warning.
[2021-11-29 16:30:57,831] {logging_mixin.py:109} INFO - [2021-11-29 16:30:57,830] {dag.py:2928} INFO - Setting next_dagrun for example_task_group to 2021-11-28T11:00:57.827878+00:00
[2021-11-29 16:30:58,020] {processor.py:171} INFO - Processing /usr/local/lib/python3.8/dist-packages/airflow/example_dags/example_task_group.py took 0.383 seconds
[2021-11-29 16:31:51,397] {processor.py:163} INFO - Started process (PID=7896) to work on /usr/local/lib/python3.8/dist-packages/airflow/example_dags/example_task_group.py
[2021-11-29 16:31:51,407] {processor.py:625} INFO - Processing file /usr/local/lib/python3.8/dist-packages/airflow/example_dags/example_task_group.py for tasks to queue
[2021-11-29 16:31:51,408] {logging_mixin.py:109} INFO - [2021-11-29 16:31:51,408] {dagbag.py:500} INFO - Filling up the DagBag from /usr/local/lib/python3.8/dist-packages/airflow/example_dags/example_task_group.py
[2021-11-29 16:31:51,508] {processor.py:637} INFO - DAG(s) dict_keys(['example_task_group']) retrieved from /usr/local/lib/python3.8/dist-packages/airflow/example_dags/example_task_group.py
[2021-11-29 16:31:51,525] {logging_mixin.py:109} WARNING - /usr/local/lib/python3.8/dist-packages/airflow/models/serialized_dag.py:120 SAWarning: TypeDecorator UtcDateTime(timezone=True) will not produce a cache key because the ``cache_ok`` flag is not set to True.  Set this flag to True if this type object's state is safe to use in a cache key, or False to disable this warning.
[2021-11-29 16:31:51,544] {logging_mixin.py:109} INFO - [2021-11-29 16:31:51,544] {dag.py:2396} INFO - Sync 1 DAGs
[2021-11-29 16:31:51,567] {logging_mixin.py:109} WARNING - /usr/local/lib/python3.8/dist-packages/airflow/models/dag.py:2433 SAWarning: TypeDecorator UtcDateTime(timezone=True) will not produce a cache key because the ``cache_ok`` flag is not set to True.  Set this flag to True if this type object's state is safe to use in a cache key, or False to disable this warning.
[2021-11-29 16:31:51,584] {logging_mixin.py:109} INFO - [2021-11-29 16:31:51,583] {dag.py:2928} INFO - Setting next_dagrun for example_task_group to 2021-11-28T11:01:51.583580+00:00
[2021-11-29 16:31:51,973] {processor.py:171} INFO - Processing /usr/local/lib/python3.8/dist-packages/airflow/example_dags/example_task_group.py took 0.593 seconds
[2021-11-29 16:32:47,996] {processor.py:163} INFO - Started process (PID=8066) to work on /usr/local/lib/python3.8/dist-packages/airflow/example_dags/example_task_group.py
[2021-11-29 16:32:48,012] {processor.py:625} INFO - Processing file /usr/local/lib/python3.8/dist-packages/airflow/example_dags/example_task_group.py for tasks to queue
[2021-11-29 16:32:48,013] {logging_mixin.py:109} INFO - [2021-11-29 16:32:48,013] {dagbag.py:500} INFO - Filling up the DagBag from /usr/local/lib/python3.8/dist-packages/airflow/example_dags/example_task_group.py
[2021-11-29 16:32:48,079] {processor.py:637} INFO - DAG(s) dict_keys(['example_task_group']) retrieved from /usr/local/lib/python3.8/dist-packages/airflow/example_dags/example_task_group.py
[2021-11-29 16:32:48,096] {logging_mixin.py:109} WARNING - /usr/local/lib/python3.8/dist-packages/airflow/models/serialized_dag.py:120 SAWarning: TypeDecorator UtcDateTime(timezone=True) will not produce a cache key because the ``cache_ok`` flag is not set to True.  Set this flag to True if this type object's state is safe to use in a cache key, or False to disable this warning.
[2021-11-29 16:32:48,121] {logging_mixin.py:109} INFO - [2021-11-29 16:32:48,121] {dag.py:2396} INFO - Sync 1 DAGs
[2021-11-29 16:32:48,158] {logging_mixin.py:109} WARNING - /usr/local/lib/python3.8/dist-packages/airflow/models/dag.py:2433 SAWarning: TypeDecorator UtcDateTime(timezone=True) will not produce a cache key because the ``cache_ok`` flag is not set to True.  Set this flag to True if this type object's state is safe to use in a cache key, or False to disable this warning.
[2021-11-29 16:32:48,194] {logging_mixin.py:109} INFO - [2021-11-29 16:32:48,194] {dag.py:2928} INFO - Setting next_dagrun for example_task_group to 2021-11-28T11:02:48.193152+00:00
[2021-11-29 16:32:48,453] {processor.py:171} INFO - Processing /usr/local/lib/python3.8/dist-packages/airflow/example_dags/example_task_group.py took 0.461 seconds
[2021-11-29 16:33:42,614] {processor.py:163} INFO - Started process (PID=8227) to work on /usr/local/lib/python3.8/dist-packages/airflow/example_dags/example_task_group.py
[2021-11-29 16:33:42,637] {processor.py:625} INFO - Processing file /usr/local/lib/python3.8/dist-packages/airflow/example_dags/example_task_group.py for tasks to queue
[2021-11-29 16:33:42,638] {logging_mixin.py:109} INFO - [2021-11-29 16:33:42,638] {dagbag.py:500} INFO - Filling up the DagBag from /usr/local/lib/python3.8/dist-packages/airflow/example_dags/example_task_group.py
[2021-11-29 16:33:42,709] {processor.py:637} INFO - DAG(s) dict_keys(['example_task_group']) retrieved from /usr/local/lib/python3.8/dist-packages/airflow/example_dags/example_task_group.py
[2021-11-29 16:33:42,716] {logging_mixin.py:109} WARNING - /usr/local/lib/python3.8/dist-packages/airflow/models/serialized_dag.py:120 SAWarning: TypeDecorator UtcDateTime(timezone=True) will not produce a cache key because the ``cache_ok`` flag is not set to True.  Set this flag to True if this type object's state is safe to use in a cache key, or False to disable this warning.
[2021-11-29 16:33:42,739] {logging_mixin.py:109} INFO - [2021-11-29 16:33:42,739] {dag.py:2396} INFO - Sync 1 DAGs
[2021-11-29 16:33:42,762] {logging_mixin.py:109} WARNING - /usr/local/lib/python3.8/dist-packages/airflow/models/dag.py:2433 SAWarning: TypeDecorator UtcDateTime(timezone=True) will not produce a cache key because the ``cache_ok`` flag is not set to True.  Set this flag to True if this type object's state is safe to use in a cache key, or False to disable this warning.
[2021-11-29 16:33:42,780] {logging_mixin.py:109} INFO - [2021-11-29 16:33:42,780] {dag.py:2928} INFO - Setting next_dagrun for example_task_group to 2021-11-28T11:03:42.779960+00:00
[2021-11-29 16:33:43,000] {processor.py:171} INFO - Processing /usr/local/lib/python3.8/dist-packages/airflow/example_dags/example_task_group.py took 0.390 seconds
[2021-11-29 16:34:37,752] {processor.py:163} INFO - Started process (PID=8389) to work on /usr/local/lib/python3.8/dist-packages/airflow/example_dags/example_task_group.py
[2021-11-29 16:34:37,798] {processor.py:625} INFO - Processing file /usr/local/lib/python3.8/dist-packages/airflow/example_dags/example_task_group.py for tasks to queue
[2021-11-29 16:34:37,798] {logging_mixin.py:109} INFO - [2021-11-29 16:34:37,798] {dagbag.py:500} INFO - Filling up the DagBag from /usr/local/lib/python3.8/dist-packages/airflow/example_dags/example_task_group.py
[2021-11-29 16:34:38,047] {processor.py:637} INFO - DAG(s) dict_keys(['example_task_group']) retrieved from /usr/local/lib/python3.8/dist-packages/airflow/example_dags/example_task_group.py
[2021-11-29 16:34:38,086] {logging_mixin.py:109} WARNING - /usr/local/lib/python3.8/dist-packages/airflow/models/serialized_dag.py:120 SAWarning: TypeDecorator UtcDateTime(timezone=True) will not produce a cache key because the ``cache_ok`` flag is not set to True.  Set this flag to True if this type object's state is safe to use in a cache key, or False to disable this warning.
[2021-11-29 16:34:38,138] {logging_mixin.py:109} INFO - [2021-11-29 16:34:38,138] {dag.py:2396} INFO - Sync 1 DAGs
[2021-11-29 16:34:38,168] {logging_mixin.py:109} WARNING - /usr/local/lib/python3.8/dist-packages/airflow/models/dag.py:2433 SAWarning: TypeDecorator UtcDateTime(timezone=True) will not produce a cache key because the ``cache_ok`` flag is not set to True.  Set this flag to True if this type object's state is safe to use in a cache key, or False to disable this warning.
[2021-11-29 16:34:38,187] {logging_mixin.py:109} INFO - [2021-11-29 16:34:38,187] {dag.py:2928} INFO - Setting next_dagrun for example_task_group to 2021-11-28T11:04:38.187246+00:00
[2021-11-29 16:34:38,479] {processor.py:171} INFO - Processing /usr/local/lib/python3.8/dist-packages/airflow/example_dags/example_task_group.py took 0.758 seconds
[2021-11-29 16:35:33,697] {processor.py:163} INFO - Started process (PID=8555) to work on /usr/local/lib/python3.8/dist-packages/airflow/example_dags/example_task_group.py
[2021-11-29 16:35:33,715] {processor.py:625} INFO - Processing file /usr/local/lib/python3.8/dist-packages/airflow/example_dags/example_task_group.py for tasks to queue
[2021-11-29 16:35:33,716] {logging_mixin.py:109} INFO - [2021-11-29 16:35:33,716] {dagbag.py:500} INFO - Filling up the DagBag from /usr/local/lib/python3.8/dist-packages/airflow/example_dags/example_task_group.py
[2021-11-29 16:35:33,762] {processor.py:637} INFO - DAG(s) dict_keys(['example_task_group']) retrieved from /usr/local/lib/python3.8/dist-packages/airflow/example_dags/example_task_group.py
[2021-11-29 16:35:33,792] {logging_mixin.py:109} WARNING - /usr/local/lib/python3.8/dist-packages/airflow/models/serialized_dag.py:120 SAWarning: TypeDecorator UtcDateTime(timezone=True) will not produce a cache key because the ``cache_ok`` flag is not set to True.  Set this flag to True if this type object's state is safe to use in a cache key, or False to disable this warning.
[2021-11-29 16:35:33,825] {logging_mixin.py:109} INFO - [2021-11-29 16:35:33,824] {dag.py:2396} INFO - Sync 1 DAGs
[2021-11-29 16:35:33,877] {logging_mixin.py:109} WARNING - /usr/local/lib/python3.8/dist-packages/airflow/models/dag.py:2433 SAWarning: TypeDecorator UtcDateTime(timezone=True) will not produce a cache key because the ``cache_ok`` flag is not set to True.  Set this flag to True if this type object's state is safe to use in a cache key, or False to disable this warning.
[2021-11-29 16:35:33,901] {logging_mixin.py:109} INFO - [2021-11-29 16:35:33,901] {dag.py:2928} INFO - Setting next_dagrun for example_task_group to 2021-11-28T11:05:33.900755+00:00
[2021-11-29 16:35:34,122] {processor.py:171} INFO - Processing /usr/local/lib/python3.8/dist-packages/airflow/example_dags/example_task_group.py took 0.429 seconds
[2021-11-29 16:36:31,737] {processor.py:163} INFO - Started process (PID=8713) to work on /usr/local/lib/python3.8/dist-packages/airflow/example_dags/example_task_group.py
[2021-11-29 16:36:31,757] {processor.py:625} INFO - Processing file /usr/local/lib/python3.8/dist-packages/airflow/example_dags/example_task_group.py for tasks to queue
[2021-11-29 16:36:31,759] {logging_mixin.py:109} INFO - [2021-11-29 16:36:31,759] {dagbag.py:500} INFO - Filling up the DagBag from /usr/local/lib/python3.8/dist-packages/airflow/example_dags/example_task_group.py
[2021-11-29 16:36:31,813] {processor.py:637} INFO - DAG(s) dict_keys(['example_task_group']) retrieved from /usr/local/lib/python3.8/dist-packages/airflow/example_dags/example_task_group.py
[2021-11-29 16:36:31,819] {logging_mixin.py:109} WARNING - /usr/local/lib/python3.8/dist-packages/airflow/models/serialized_dag.py:120 SAWarning: TypeDecorator UtcDateTime(timezone=True) will not produce a cache key because the ``cache_ok`` flag is not set to True.  Set this flag to True if this type object's state is safe to use in a cache key, or False to disable this warning.
[2021-11-29 16:36:31,836] {logging_mixin.py:109} INFO - [2021-11-29 16:36:31,836] {dag.py:2396} INFO - Sync 1 DAGs
[2021-11-29 16:36:31,860] {logging_mixin.py:109} WARNING - /usr/local/lib/python3.8/dist-packages/airflow/models/dag.py:2433 SAWarning: TypeDecorator UtcDateTime(timezone=True) will not produce a cache key because the ``cache_ok`` flag is not set to True.  Set this flag to True if this type object's state is safe to use in a cache key, or False to disable this warning.
[2021-11-29 16:36:31,876] {logging_mixin.py:109} INFO - [2021-11-29 16:36:31,876] {dag.py:2928} INFO - Setting next_dagrun for example_task_group to 2021-11-28T11:06:31.872016+00:00
[2021-11-29 16:36:32,062] {processor.py:171} INFO - Processing /usr/local/lib/python3.8/dist-packages/airflow/example_dags/example_task_group.py took 0.330 seconds
[2021-11-29 16:37:27,137] {processor.py:163} INFO - Started process (PID=8872) to work on /usr/local/lib/python3.8/dist-packages/airflow/example_dags/example_task_group.py
[2021-11-29 16:37:27,171] {processor.py:625} INFO - Processing file /usr/local/lib/python3.8/dist-packages/airflow/example_dags/example_task_group.py for tasks to queue
[2021-11-29 16:37:27,172] {logging_mixin.py:109} INFO - [2021-11-29 16:37:27,171] {dagbag.py:500} INFO - Filling up the DagBag from /usr/local/lib/python3.8/dist-packages/airflow/example_dags/example_task_group.py
[2021-11-29 16:37:27,296] {processor.py:637} INFO - DAG(s) dict_keys(['example_task_group']) retrieved from /usr/local/lib/python3.8/dist-packages/airflow/example_dags/example_task_group.py
[2021-11-29 16:37:27,316] {logging_mixin.py:109} WARNING - /usr/local/lib/python3.8/dist-packages/airflow/models/serialized_dag.py:120 SAWarning: TypeDecorator UtcDateTime(timezone=True) will not produce a cache key because the ``cache_ok`` flag is not set to True.  Set this flag to True if this type object's state is safe to use in a cache key, or False to disable this warning.
[2021-11-29 16:37:27,340] {logging_mixin.py:109} INFO - [2021-11-29 16:37:27,340] {dag.py:2396} INFO - Sync 1 DAGs
[2021-11-29 16:37:27,400] {logging_mixin.py:109} WARNING - /usr/local/lib/python3.8/dist-packages/airflow/models/dag.py:2433 SAWarning: TypeDecorator UtcDateTime(timezone=True) will not produce a cache key because the ``cache_ok`` flag is not set to True.  Set this flag to True if this type object's state is safe to use in a cache key, or False to disable this warning.
[2021-11-29 16:37:27,435] {logging_mixin.py:109} INFO - [2021-11-29 16:37:27,435] {dag.py:2928} INFO - Setting next_dagrun for example_task_group to 2021-11-28T11:07:27.435127+00:00
[2021-11-29 16:37:27,719] {processor.py:171} INFO - Processing /usr/local/lib/python3.8/dist-packages/airflow/example_dags/example_task_group.py took 0.597 seconds
[2021-11-29 16:38:23,146] {processor.py:163} INFO - Started process (PID=9039) to work on /usr/local/lib/python3.8/dist-packages/airflow/example_dags/example_task_group.py
[2021-11-29 16:38:23,160] {processor.py:625} INFO - Processing file /usr/local/lib/python3.8/dist-packages/airflow/example_dags/example_task_group.py for tasks to queue
[2021-11-29 16:38:23,161] {logging_mixin.py:109} INFO - [2021-11-29 16:38:23,161] {dagbag.py:500} INFO - Filling up the DagBag from /usr/local/lib/python3.8/dist-packages/airflow/example_dags/example_task_group.py
[2021-11-29 16:38:23,239] {processor.py:637} INFO - DAG(s) dict_keys(['example_task_group']) retrieved from /usr/local/lib/python3.8/dist-packages/airflow/example_dags/example_task_group.py
[2021-11-29 16:38:23,248] {logging_mixin.py:109} WARNING - /usr/local/lib/python3.8/dist-packages/airflow/models/serialized_dag.py:120 SAWarning: TypeDecorator UtcDateTime(timezone=True) will not produce a cache key because the ``cache_ok`` flag is not set to True.  Set this flag to True if this type object's state is safe to use in a cache key, or False to disable this warning.
[2021-11-29 16:38:23,284] {logging_mixin.py:109} INFO - [2021-11-29 16:38:23,284] {dag.py:2396} INFO - Sync 1 DAGs
[2021-11-29 16:38:23,336] {logging_mixin.py:109} WARNING - /usr/local/lib/python3.8/dist-packages/airflow/models/dag.py:2433 SAWarning: TypeDecorator UtcDateTime(timezone=True) will not produce a cache key because the ``cache_ok`` flag is not set to True.  Set this flag to True if this type object's state is safe to use in a cache key, or False to disable this warning.
[2021-11-29 16:38:23,348] {logging_mixin.py:109} INFO - [2021-11-29 16:38:23,348] {dag.py:2928} INFO - Setting next_dagrun for example_task_group to 2021-11-28T11:08:23.347840+00:00
[2021-11-29 16:38:23,584] {processor.py:171} INFO - Processing /usr/local/lib/python3.8/dist-packages/airflow/example_dags/example_task_group.py took 0.452 seconds
[2021-11-29 16:39:16,998] {processor.py:163} INFO - Started process (PID=9202) to work on /usr/local/lib/python3.8/dist-packages/airflow/example_dags/example_task_group.py
[2021-11-29 16:39:17,016] {processor.py:625} INFO - Processing file /usr/local/lib/python3.8/dist-packages/airflow/example_dags/example_task_group.py for tasks to queue
[2021-11-29 16:39:17,017] {logging_mixin.py:109} INFO - [2021-11-29 16:39:17,017] {dagbag.py:500} INFO - Filling up the DagBag from /usr/local/lib/python3.8/dist-packages/airflow/example_dags/example_task_group.py
[2021-11-29 16:39:17,074] {processor.py:637} INFO - DAG(s) dict_keys(['example_task_group']) retrieved from /usr/local/lib/python3.8/dist-packages/airflow/example_dags/example_task_group.py
[2021-11-29 16:39:17,091] {logging_mixin.py:109} WARNING - /usr/local/lib/python3.8/dist-packages/airflow/models/serialized_dag.py:120 SAWarning: TypeDecorator UtcDateTime(timezone=True) will not produce a cache key because the ``cache_ok`` flag is not set to True.  Set this flag to True if this type object's state is safe to use in a cache key, or False to disable this warning.
[2021-11-29 16:39:17,137] {logging_mixin.py:109} INFO - [2021-11-29 16:39:17,137] {dag.py:2396} INFO - Sync 1 DAGs
[2021-11-29 16:39:17,166] {logging_mixin.py:109} WARNING - /usr/local/lib/python3.8/dist-packages/airflow/models/dag.py:2433 SAWarning: TypeDecorator UtcDateTime(timezone=True) will not produce a cache key because the ``cache_ok`` flag is not set to True.  Set this flag to True if this type object's state is safe to use in a cache key, or False to disable this warning.
[2021-11-29 16:39:17,183] {logging_mixin.py:109} INFO - [2021-11-29 16:39:17,182] {dag.py:2928} INFO - Setting next_dagrun for example_task_group to 2021-11-28T11:09:17.182346+00:00
[2021-11-29 16:39:17,438] {processor.py:171} INFO - Processing /usr/local/lib/python3.8/dist-packages/airflow/example_dags/example_task_group.py took 0.457 seconds
[2021-11-29 16:40:12,334] {processor.py:163} INFO - Started process (PID=9368) to work on /usr/local/lib/python3.8/dist-packages/airflow/example_dags/example_task_group.py
[2021-11-29 16:40:12,339] {processor.py:625} INFO - Processing file /usr/local/lib/python3.8/dist-packages/airflow/example_dags/example_task_group.py for tasks to queue
[2021-11-29 16:40:12,340] {logging_mixin.py:109} INFO - [2021-11-29 16:40:12,339] {dagbag.py:500} INFO - Filling up the DagBag from /usr/local/lib/python3.8/dist-packages/airflow/example_dags/example_task_group.py
[2021-11-29 16:40:12,410] {processor.py:637} INFO - DAG(s) dict_keys(['example_task_group']) retrieved from /usr/local/lib/python3.8/dist-packages/airflow/example_dags/example_task_group.py
[2021-11-29 16:40:12,415] {logging_mixin.py:109} WARNING - /usr/local/lib/python3.8/dist-packages/airflow/models/serialized_dag.py:120 SAWarning: TypeDecorator UtcDateTime(timezone=True) will not produce a cache key because the ``cache_ok`` flag is not set to True.  Set this flag to True if this type object's state is safe to use in a cache key, or False to disable this warning.
[2021-11-29 16:40:12,435] {logging_mixin.py:109} INFO - [2021-11-29 16:40:12,435] {dag.py:2396} INFO - Sync 1 DAGs
[2021-11-29 16:40:12,454] {logging_mixin.py:109} WARNING - /usr/local/lib/python3.8/dist-packages/airflow/models/dag.py:2433 SAWarning: TypeDecorator UtcDateTime(timezone=True) will not produce a cache key because the ``cache_ok`` flag is not set to True.  Set this flag to True if this type object's state is safe to use in a cache key, or False to disable this warning.
[2021-11-29 16:40:12,476] {logging_mixin.py:109} INFO - [2021-11-29 16:40:12,476] {dag.py:2928} INFO - Setting next_dagrun for example_task_group to 2021-11-28T11:10:12.476032+00:00
[2021-11-29 16:40:12,645] {processor.py:171} INFO - Processing /usr/local/lib/python3.8/dist-packages/airflow/example_dags/example_task_group.py took 0.316 seconds
[2021-11-29 16:41:08,897] {processor.py:163} INFO - Started process (PID=9531) to work on /usr/local/lib/python3.8/dist-packages/airflow/example_dags/example_task_group.py
[2021-11-29 16:41:08,915] {processor.py:625} INFO - Processing file /usr/local/lib/python3.8/dist-packages/airflow/example_dags/example_task_group.py for tasks to queue
[2021-11-29 16:41:08,916] {logging_mixin.py:109} INFO - [2021-11-29 16:41:08,916] {dagbag.py:500} INFO - Filling up the DagBag from /usr/local/lib/python3.8/dist-packages/airflow/example_dags/example_task_group.py
[2021-11-29 16:41:09,016] {processor.py:637} INFO - DAG(s) dict_keys(['example_task_group']) retrieved from /usr/local/lib/python3.8/dist-packages/airflow/example_dags/example_task_group.py
[2021-11-29 16:41:09,023] {logging_mixin.py:109} WARNING - /usr/local/lib/python3.8/dist-packages/airflow/models/serialized_dag.py:120 SAWarning: TypeDecorator UtcDateTime(timezone=True) will not produce a cache key because the ``cache_ok`` flag is not set to True.  Set this flag to True if this type object's state is safe to use in a cache key, or False to disable this warning.
[2021-11-29 16:41:09,059] {logging_mixin.py:109} INFO - [2021-11-29 16:41:09,058] {dag.py:2396} INFO - Sync 1 DAGs
[2021-11-29 16:41:09,104] {logging_mixin.py:109} WARNING - /usr/local/lib/python3.8/dist-packages/airflow/models/dag.py:2433 SAWarning: TypeDecorator UtcDateTime(timezone=True) will not produce a cache key because the ``cache_ok`` flag is not set to True.  Set this flag to True if this type object's state is safe to use in a cache key, or False to disable this warning.
[2021-11-29 16:41:09,127] {logging_mixin.py:109} INFO - [2021-11-29 16:41:09,127] {dag.py:2928} INFO - Setting next_dagrun for example_task_group to 2021-11-28T11:11:09.127019+00:00
[2021-11-29 16:41:09,409] {processor.py:171} INFO - Processing /usr/local/lib/python3.8/dist-packages/airflow/example_dags/example_task_group.py took 0.527 seconds
[2021-11-29 16:42:11,034] {processor.py:163} INFO - Started process (PID=9704) to work on /usr/local/lib/python3.8/dist-packages/airflow/example_dags/example_task_group.py
[2021-11-29 16:42:11,051] {processor.py:625} INFO - Processing file /usr/local/lib/python3.8/dist-packages/airflow/example_dags/example_task_group.py for tasks to queue
[2021-11-29 16:42:11,052] {logging_mixin.py:109} INFO - [2021-11-29 16:42:11,051] {dagbag.py:500} INFO - Filling up the DagBag from /usr/local/lib/python3.8/dist-packages/airflow/example_dags/example_task_group.py
[2021-11-29 16:42:11,116] {processor.py:637} INFO - DAG(s) dict_keys(['example_task_group']) retrieved from /usr/local/lib/python3.8/dist-packages/airflow/example_dags/example_task_group.py
[2021-11-29 16:42:11,122] {logging_mixin.py:109} WARNING - /usr/local/lib/python3.8/dist-packages/airflow/models/serialized_dag.py:120 SAWarning: TypeDecorator UtcDateTime(timezone=True) will not produce a cache key because the ``cache_ok`` flag is not set to True.  Set this flag to True if this type object's state is safe to use in a cache key, or False to disable this warning.
[2021-11-29 16:42:11,156] {logging_mixin.py:109} INFO - [2021-11-29 16:42:11,156] {dag.py:2396} INFO - Sync 1 DAGs
[2021-11-29 16:42:11,197] {logging_mixin.py:109} WARNING - /usr/local/lib/python3.8/dist-packages/airflow/models/dag.py:2433 SAWarning: TypeDecorator UtcDateTime(timezone=True) will not produce a cache key because the ``cache_ok`` flag is not set to True.  Set this flag to True if this type object's state is safe to use in a cache key, or False to disable this warning.
[2021-11-29 16:42:11,221] {logging_mixin.py:109} INFO - [2021-11-29 16:42:11,221] {dag.py:2928} INFO - Setting next_dagrun for example_task_group to 2021-11-28T11:12:11.219885+00:00
[2021-11-29 16:42:11,478] {processor.py:171} INFO - Processing /usr/local/lib/python3.8/dist-packages/airflow/example_dags/example_task_group.py took 0.448 seconds
[2021-11-29 16:43:04,939] {processor.py:163} INFO - Started process (PID=9878) to work on /usr/local/lib/python3.8/dist-packages/airflow/example_dags/example_task_group.py
[2021-11-29 16:43:04,955] {processor.py:625} INFO - Processing file /usr/local/lib/python3.8/dist-packages/airflow/example_dags/example_task_group.py for tasks to queue
[2021-11-29 16:43:04,956] {logging_mixin.py:109} INFO - [2021-11-29 16:43:04,956] {dagbag.py:500} INFO - Filling up the DagBag from /usr/local/lib/python3.8/dist-packages/airflow/example_dags/example_task_group.py
[2021-11-29 16:43:05,037] {processor.py:637} INFO - DAG(s) dict_keys(['example_task_group']) retrieved from /usr/local/lib/python3.8/dist-packages/airflow/example_dags/example_task_group.py
[2021-11-29 16:43:05,043] {logging_mixin.py:109} WARNING - /usr/local/lib/python3.8/dist-packages/airflow/models/serialized_dag.py:120 SAWarning: TypeDecorator UtcDateTime(timezone=True) will not produce a cache key because the ``cache_ok`` flag is not set to True.  Set this flag to True if this type object's state is safe to use in a cache key, or False to disable this warning.
[2021-11-29 16:43:05,078] {logging_mixin.py:109} INFO - [2021-11-29 16:43:05,077] {dag.py:2396} INFO - Sync 1 DAGs
[2021-11-29 16:43:05,103] {logging_mixin.py:109} WARNING - /usr/local/lib/python3.8/dist-packages/airflow/models/dag.py:2433 SAWarning: TypeDecorator UtcDateTime(timezone=True) will not produce a cache key because the ``cache_ok`` flag is not set to True.  Set this flag to True if this type object's state is safe to use in a cache key, or False to disable this warning.
[2021-11-29 16:43:05,146] {logging_mixin.py:109} INFO - [2021-11-29 16:43:05,146] {dag.py:2928} INFO - Setting next_dagrun for example_task_group to 2021-11-28T11:13:05.141049+00:00
[2021-11-29 16:43:05,381] {processor.py:171} INFO - Processing /usr/local/lib/python3.8/dist-packages/airflow/example_dags/example_task_group.py took 0.446 seconds
[2021-11-29 16:43:58,019] {processor.py:163} INFO - Started process (PID=10035) to work on /usr/local/lib/python3.8/dist-packages/airflow/example_dags/example_task_group.py
[2021-11-29 16:43:58,025] {processor.py:625} INFO - Processing file /usr/local/lib/python3.8/dist-packages/airflow/example_dags/example_task_group.py for tasks to queue
[2021-11-29 16:43:58,026] {logging_mixin.py:109} INFO - [2021-11-29 16:43:58,025] {dagbag.py:500} INFO - Filling up the DagBag from /usr/local/lib/python3.8/dist-packages/airflow/example_dags/example_task_group.py
[2021-11-29 16:43:58,094] {processor.py:637} INFO - DAG(s) dict_keys(['example_task_group']) retrieved from /usr/local/lib/python3.8/dist-packages/airflow/example_dags/example_task_group.py
[2021-11-29 16:43:58,110] {logging_mixin.py:109} WARNING - /usr/local/lib/python3.8/dist-packages/airflow/models/serialized_dag.py:120 SAWarning: TypeDecorator UtcDateTime(timezone=True) will not produce a cache key because the ``cache_ok`` flag is not set to True.  Set this flag to True if this type object's state is safe to use in a cache key, or False to disable this warning.
[2021-11-29 16:43:58,133] {logging_mixin.py:109} INFO - [2021-11-29 16:43:58,133] {dag.py:2396} INFO - Sync 1 DAGs
[2021-11-29 16:43:58,169] {logging_mixin.py:109} WARNING - /usr/local/lib/python3.8/dist-packages/airflow/models/dag.py:2433 SAWarning: TypeDecorator UtcDateTime(timezone=True) will not produce a cache key because the ``cache_ok`` flag is not set to True.  Set this flag to True if this type object's state is safe to use in a cache key, or False to disable this warning.
[2021-11-29 16:43:58,194] {logging_mixin.py:109} INFO - [2021-11-29 16:43:58,194] {dag.py:2928} INFO - Setting next_dagrun for example_task_group to 2021-11-28T11:13:58.193655+00:00
[2021-11-29 16:43:58,546] {processor.py:171} INFO - Processing /usr/local/lib/python3.8/dist-packages/airflow/example_dags/example_task_group.py took 0.543 seconds
[2021-11-29 16:44:56,294] {processor.py:163} INFO - Started process (PID=10208) to work on /usr/local/lib/python3.8/dist-packages/airflow/example_dags/example_task_group.py
[2021-11-29 16:44:56,359] {processor.py:625} INFO - Processing file /usr/local/lib/python3.8/dist-packages/airflow/example_dags/example_task_group.py for tasks to queue
[2021-11-29 16:44:56,359] {logging_mixin.py:109} INFO - [2021-11-29 16:44:56,359] {dagbag.py:500} INFO - Filling up the DagBag from /usr/local/lib/python3.8/dist-packages/airflow/example_dags/example_task_group.py
[2021-11-29 16:44:56,436] {processor.py:637} INFO - DAG(s) dict_keys(['example_task_group']) retrieved from /usr/local/lib/python3.8/dist-packages/airflow/example_dags/example_task_group.py
[2021-11-29 16:44:56,443] {logging_mixin.py:109} WARNING - /usr/local/lib/python3.8/dist-packages/airflow/models/serialized_dag.py:120 SAWarning: TypeDecorator UtcDateTime(timezone=True) will not produce a cache key because the ``cache_ok`` flag is not set to True.  Set this flag to True if this type object's state is safe to use in a cache key, or False to disable this warning.
[2021-11-29 16:44:56,469] {logging_mixin.py:109} INFO - [2021-11-29 16:44:56,469] {dag.py:2396} INFO - Sync 1 DAGs
[2021-11-29 16:44:56,486] {logging_mixin.py:109} WARNING - /usr/local/lib/python3.8/dist-packages/airflow/models/dag.py:2433 SAWarning: TypeDecorator UtcDateTime(timezone=True) will not produce a cache key because the ``cache_ok`` flag is not set to True.  Set this flag to True if this type object's state is safe to use in a cache key, or False to disable this warning.
[2021-11-29 16:44:56,498] {logging_mixin.py:109} INFO - [2021-11-29 16:44:56,498] {dag.py:2928} INFO - Setting next_dagrun for example_task_group to 2021-11-28T11:14:56.497698+00:00
[2021-11-29 16:44:56,671] {processor.py:171} INFO - Processing /usr/local/lib/python3.8/dist-packages/airflow/example_dags/example_task_group.py took 0.381 seconds
[2021-11-29 16:45:53,263] {processor.py:163} INFO - Started process (PID=10378) to work on /usr/local/lib/python3.8/dist-packages/airflow/example_dags/example_task_group.py
[2021-11-29 16:45:53,293] {processor.py:625} INFO - Processing file /usr/local/lib/python3.8/dist-packages/airflow/example_dags/example_task_group.py for tasks to queue
[2021-11-29 16:45:53,294] {logging_mixin.py:109} INFO - [2021-11-29 16:45:53,294] {dagbag.py:500} INFO - Filling up the DagBag from /usr/local/lib/python3.8/dist-packages/airflow/example_dags/example_task_group.py
[2021-11-29 16:45:53,358] {processor.py:637} INFO - DAG(s) dict_keys(['example_task_group']) retrieved from /usr/local/lib/python3.8/dist-packages/airflow/example_dags/example_task_group.py
[2021-11-29 16:45:53,363] {logging_mixin.py:109} WARNING - /usr/local/lib/python3.8/dist-packages/airflow/models/serialized_dag.py:120 SAWarning: TypeDecorator UtcDateTime(timezone=True) will not produce a cache key because the ``cache_ok`` flag is not set to True.  Set this flag to True if this type object's state is safe to use in a cache key, or False to disable this warning.
[2021-11-29 16:45:53,412] {logging_mixin.py:109} INFO - [2021-11-29 16:45:53,412] {dag.py:2396} INFO - Sync 1 DAGs
[2021-11-29 16:45:53,459] {logging_mixin.py:109} WARNING - /usr/local/lib/python3.8/dist-packages/airflow/models/dag.py:2433 SAWarning: TypeDecorator UtcDateTime(timezone=True) will not produce a cache key because the ``cache_ok`` flag is not set to True.  Set this flag to True if this type object's state is safe to use in a cache key, or False to disable this warning.
[2021-11-29 16:45:53,481] {logging_mixin.py:109} INFO - [2021-11-29 16:45:53,480] {dag.py:2928} INFO - Setting next_dagrun for example_task_group to 2021-11-28T11:15:53.480573+00:00
[2021-11-29 16:45:53,751] {processor.py:171} INFO - Processing /usr/local/lib/python3.8/dist-packages/airflow/example_dags/example_task_group.py took 0.492 seconds
[2021-11-29 16:46:47,257] {processor.py:163} INFO - Started process (PID=10560) to work on /usr/local/lib/python3.8/dist-packages/airflow/example_dags/example_task_group.py
[2021-11-29 16:46:47,313] {processor.py:625} INFO - Processing file /usr/local/lib/python3.8/dist-packages/airflow/example_dags/example_task_group.py for tasks to queue
[2021-11-29 16:46:47,314] {logging_mixin.py:109} INFO - [2021-11-29 16:46:47,314] {dagbag.py:500} INFO - Filling up the DagBag from /usr/local/lib/python3.8/dist-packages/airflow/example_dags/example_task_group.py
[2021-11-29 16:46:47,375] {processor.py:637} INFO - DAG(s) dict_keys(['example_task_group']) retrieved from /usr/local/lib/python3.8/dist-packages/airflow/example_dags/example_task_group.py
[2021-11-29 16:46:47,380] {logging_mixin.py:109} WARNING - /usr/local/lib/python3.8/dist-packages/airflow/models/serialized_dag.py:120 SAWarning: TypeDecorator UtcDateTime(timezone=True) will not produce a cache key because the ``cache_ok`` flag is not set to True.  Set this flag to True if this type object's state is safe to use in a cache key, or False to disable this warning.
[2021-11-29 16:46:47,403] {logging_mixin.py:109} INFO - [2021-11-29 16:46:47,402] {dag.py:2396} INFO - Sync 1 DAGs
[2021-11-29 16:46:47,424] {logging_mixin.py:109} WARNING - /usr/local/lib/python3.8/dist-packages/airflow/models/dag.py:2433 SAWarning: TypeDecorator UtcDateTime(timezone=True) will not produce a cache key because the ``cache_ok`` flag is not set to True.  Set this flag to True if this type object's state is safe to use in a cache key, or False to disable this warning.
[2021-11-29 16:46:47,437] {logging_mixin.py:109} INFO - [2021-11-29 16:46:47,436] {dag.py:2928} INFO - Setting next_dagrun for example_task_group to 2021-11-28T11:16:47.436408+00:00
[2021-11-29 16:46:47,963] {processor.py:171} INFO - Processing /usr/local/lib/python3.8/dist-packages/airflow/example_dags/example_task_group.py took 0.722 seconds
