[2021-11-29 16:14:44,475] {processor.py:163} INFO - Started process (PID=4846) to work on /usr/local/lib/python3.8/dist-packages/airflow/example_dags/example_kubernetes_executor.py
[2021-11-29 16:14:44,485] {processor.py:625} INFO - Processing file /usr/local/lib/python3.8/dist-packages/airflow/example_dags/example_kubernetes_executor.py for tasks to queue
[2021-11-29 16:14:44,486] {logging_mixin.py:109} INFO - [2021-11-29 16:14:44,486] {dagbag.py:500} INFO - Filling up the DagBag from /usr/local/lib/python3.8/dist-packages/airflow/example_dags/example_kubernetes_executor.py
[2021-11-29 16:14:44,533] {processor.py:637} INFO - DAG(s) dict_keys(['example_kubernetes_executor']) retrieved from /usr/local/lib/python3.8/dist-packages/airflow/example_dags/example_kubernetes_executor.py
[2021-11-29 16:14:44,540] {logging_mixin.py:109} WARNING - /usr/local/lib/python3.8/dist-packages/airflow/models/serialized_dag.py:120 SAWarning: TypeDecorator UtcDateTime(timezone=True) will not produce a cache key because the ``cache_ok`` flag is not set to True.  Set this flag to True if this type object's state is safe to use in a cache key, or False to disable this warning.
[2021-11-29 16:14:44,554] {logging_mixin.py:109} INFO - [2021-11-29 16:14:44,554] {dag.py:2396} INFO - Sync 1 DAGs
[2021-11-29 16:14:44,569] {logging_mixin.py:109} WARNING - /usr/local/lib/python3.8/dist-packages/airflow/models/dag.py:2433 SAWarning: TypeDecorator UtcDateTime(timezone=True) will not produce a cache key because the ``cache_ok`` flag is not set to True.  Set this flag to True if this type object's state is safe to use in a cache key, or False to disable this warning.
[2021-11-29 16:14:44,580] {logging_mixin.py:109} INFO - [2021-11-29 16:14:44,580] {dag.py:2928} INFO - Setting next_dagrun for example_kubernetes_executor to None
[2021-11-29 16:14:44,757] {processor.py:171} INFO - Processing /usr/local/lib/python3.8/dist-packages/airflow/example_dags/example_kubernetes_executor.py took 0.287 seconds
[2021-11-29 16:15:40,866] {processor.py:163} INFO - Started process (PID=5011) to work on /usr/local/lib/python3.8/dist-packages/airflow/example_dags/example_kubernetes_executor.py
[2021-11-29 16:15:40,921] {processor.py:625} INFO - Processing file /usr/local/lib/python3.8/dist-packages/airflow/example_dags/example_kubernetes_executor.py for tasks to queue
[2021-11-29 16:15:40,924] {logging_mixin.py:109} INFO - [2021-11-29 16:15:40,922] {dagbag.py:500} INFO - Filling up the DagBag from /usr/local/lib/python3.8/dist-packages/airflow/example_dags/example_kubernetes_executor.py
[2021-11-29 16:15:40,997] {processor.py:637} INFO - DAG(s) dict_keys(['example_kubernetes_executor']) retrieved from /usr/local/lib/python3.8/dist-packages/airflow/example_dags/example_kubernetes_executor.py
[2021-11-29 16:15:41,004] {logging_mixin.py:109} WARNING - /usr/local/lib/python3.8/dist-packages/airflow/models/serialized_dag.py:120 SAWarning: TypeDecorator UtcDateTime(timezone=True) will not produce a cache key because the ``cache_ok`` flag is not set to True.  Set this flag to True if this type object's state is safe to use in a cache key, or False to disable this warning.
[2021-11-29 16:15:41,039] {logging_mixin.py:109} INFO - [2021-11-29 16:15:41,039] {dag.py:2396} INFO - Sync 1 DAGs
[2021-11-29 16:15:41,075] {logging_mixin.py:109} WARNING - /usr/local/lib/python3.8/dist-packages/airflow/models/dag.py:2433 SAWarning: TypeDecorator UtcDateTime(timezone=True) will not produce a cache key because the ``cache_ok`` flag is not set to True.  Set this flag to True if this type object's state is safe to use in a cache key, or False to disable this warning.
[2021-11-29 16:15:41,118] {logging_mixin.py:109} INFO - [2021-11-29 16:15:41,118] {dag.py:2928} INFO - Setting next_dagrun for example_kubernetes_executor to None
[2021-11-29 16:15:41,301] {processor.py:171} INFO - Processing /usr/local/lib/python3.8/dist-packages/airflow/example_dags/example_kubernetes_executor.py took 0.454 seconds
[2021-11-29 16:16:46,784] {processor.py:163} INFO - Started process (PID=5193) to work on /usr/local/lib/python3.8/dist-packages/airflow/example_dags/example_kubernetes_executor.py
[2021-11-29 16:16:46,803] {processor.py:625} INFO - Processing file /usr/local/lib/python3.8/dist-packages/airflow/example_dags/example_kubernetes_executor.py for tasks to queue
[2021-11-29 16:16:46,804] {logging_mixin.py:109} INFO - [2021-11-29 16:16:46,803] {dagbag.py:500} INFO - Filling up the DagBag from /usr/local/lib/python3.8/dist-packages/airflow/example_dags/example_kubernetes_executor.py
[2021-11-29 16:16:46,874] {processor.py:637} INFO - DAG(s) dict_keys(['example_kubernetes_executor']) retrieved from /usr/local/lib/python3.8/dist-packages/airflow/example_dags/example_kubernetes_executor.py
[2021-11-29 16:16:46,895] {logging_mixin.py:109} WARNING - /usr/local/lib/python3.8/dist-packages/airflow/models/serialized_dag.py:120 SAWarning: TypeDecorator UtcDateTime(timezone=True) will not produce a cache key because the ``cache_ok`` flag is not set to True.  Set this flag to True if this type object's state is safe to use in a cache key, or False to disable this warning.
[2021-11-29 16:16:46,927] {logging_mixin.py:109} INFO - [2021-11-29 16:16:46,927] {dag.py:2396} INFO - Sync 1 DAGs
[2021-11-29 16:16:46,947] {logging_mixin.py:109} WARNING - /usr/local/lib/python3.8/dist-packages/airflow/models/dag.py:2433 SAWarning: TypeDecorator UtcDateTime(timezone=True) will not produce a cache key because the ``cache_ok`` flag is not set to True.  Set this flag to True if this type object's state is safe to use in a cache key, or False to disable this warning.
[2021-11-29 16:16:46,964] {logging_mixin.py:109} INFO - [2021-11-29 16:16:46,964] {dag.py:2928} INFO - Setting next_dagrun for example_kubernetes_executor to None
[2021-11-29 16:16:47,139] {processor.py:171} INFO - Processing /usr/local/lib/python3.8/dist-packages/airflow/example_dags/example_kubernetes_executor.py took 0.362 seconds
[2021-11-29 16:17:42,716] {processor.py:163} INFO - Started process (PID=5371) to work on /usr/local/lib/python3.8/dist-packages/airflow/example_dags/example_kubernetes_executor.py
[2021-11-29 16:17:42,738] {processor.py:625} INFO - Processing file /usr/local/lib/python3.8/dist-packages/airflow/example_dags/example_kubernetes_executor.py for tasks to queue
[2021-11-29 16:17:42,739] {logging_mixin.py:109} INFO - [2021-11-29 16:17:42,739] {dagbag.py:500} INFO - Filling up the DagBag from /usr/local/lib/python3.8/dist-packages/airflow/example_dags/example_kubernetes_executor.py
[2021-11-29 16:17:42,796] {processor.py:637} INFO - DAG(s) dict_keys(['example_kubernetes_executor']) retrieved from /usr/local/lib/python3.8/dist-packages/airflow/example_dags/example_kubernetes_executor.py
[2021-11-29 16:17:42,802] {logging_mixin.py:109} WARNING - /usr/local/lib/python3.8/dist-packages/airflow/models/serialized_dag.py:120 SAWarning: TypeDecorator UtcDateTime(timezone=True) will not produce a cache key because the ``cache_ok`` flag is not set to True.  Set this flag to True if this type object's state is safe to use in a cache key, or False to disable this warning.
[2021-11-29 16:17:42,846] {logging_mixin.py:109} INFO - [2021-11-29 16:17:42,846] {dag.py:2396} INFO - Sync 1 DAGs
[2021-11-29 16:17:42,887] {logging_mixin.py:109} WARNING - /usr/local/lib/python3.8/dist-packages/airflow/models/dag.py:2433 SAWarning: TypeDecorator UtcDateTime(timezone=True) will not produce a cache key because the ``cache_ok`` flag is not set to True.  Set this flag to True if this type object's state is safe to use in a cache key, or False to disable this warning.
[2021-11-29 16:17:42,913] {logging_mixin.py:109} INFO - [2021-11-29 16:17:42,913] {dag.py:2928} INFO - Setting next_dagrun for example_kubernetes_executor to None
[2021-11-29 16:17:43,162] {processor.py:171} INFO - Processing /usr/local/lib/python3.8/dist-packages/airflow/example_dags/example_kubernetes_executor.py took 0.462 seconds
[2021-11-29 16:18:40,804] {processor.py:163} INFO - Started process (PID=5540) to work on /usr/local/lib/python3.8/dist-packages/airflow/example_dags/example_kubernetes_executor.py
[2021-11-29 16:18:40,823] {processor.py:625} INFO - Processing file /usr/local/lib/python3.8/dist-packages/airflow/example_dags/example_kubernetes_executor.py for tasks to queue
[2021-11-29 16:18:40,824] {logging_mixin.py:109} INFO - [2021-11-29 16:18:40,824] {dagbag.py:500} INFO - Filling up the DagBag from /usr/local/lib/python3.8/dist-packages/airflow/example_dags/example_kubernetes_executor.py
[2021-11-29 16:18:40,888] {processor.py:637} INFO - DAG(s) dict_keys(['example_kubernetes_executor']) retrieved from /usr/local/lib/python3.8/dist-packages/airflow/example_dags/example_kubernetes_executor.py
[2021-11-29 16:18:40,895] {logging_mixin.py:109} WARNING - /usr/local/lib/python3.8/dist-packages/airflow/models/serialized_dag.py:120 SAWarning: TypeDecorator UtcDateTime(timezone=True) will not produce a cache key because the ``cache_ok`` flag is not set to True.  Set this flag to True if this type object's state is safe to use in a cache key, or False to disable this warning.
[2021-11-29 16:18:40,908] {logging_mixin.py:109} INFO - [2021-11-29 16:18:40,908] {dag.py:2396} INFO - Sync 1 DAGs
[2021-11-29 16:18:40,927] {logging_mixin.py:109} WARNING - /usr/local/lib/python3.8/dist-packages/airflow/models/dag.py:2433 SAWarning: TypeDecorator UtcDateTime(timezone=True) will not produce a cache key because the ``cache_ok`` flag is not set to True.  Set this flag to True if this type object's state is safe to use in a cache key, or False to disable this warning.
[2021-11-29 16:18:40,940] {logging_mixin.py:109} INFO - [2021-11-29 16:18:40,940] {dag.py:2928} INFO - Setting next_dagrun for example_kubernetes_executor to None
[2021-11-29 16:18:41,173] {processor.py:171} INFO - Processing /usr/local/lib/python3.8/dist-packages/airflow/example_dags/example_kubernetes_executor.py took 0.372 seconds
[2021-11-29 16:19:36,536] {processor.py:163} INFO - Started process (PID=5709) to work on /usr/local/lib/python3.8/dist-packages/airflow/example_dags/example_kubernetes_executor.py
[2021-11-29 16:19:36,544] {processor.py:625} INFO - Processing file /usr/local/lib/python3.8/dist-packages/airflow/example_dags/example_kubernetes_executor.py for tasks to queue
[2021-11-29 16:19:36,545] {logging_mixin.py:109} INFO - [2021-11-29 16:19:36,545] {dagbag.py:500} INFO - Filling up the DagBag from /usr/local/lib/python3.8/dist-packages/airflow/example_dags/example_kubernetes_executor.py
[2021-11-29 16:19:36,637] {processor.py:637} INFO - DAG(s) dict_keys(['example_kubernetes_executor']) retrieved from /usr/local/lib/python3.8/dist-packages/airflow/example_dags/example_kubernetes_executor.py
[2021-11-29 16:19:36,643] {logging_mixin.py:109} WARNING - /usr/local/lib/python3.8/dist-packages/airflow/models/serialized_dag.py:120 SAWarning: TypeDecorator UtcDateTime(timezone=True) will not produce a cache key because the ``cache_ok`` flag is not set to True.  Set this flag to True if this type object's state is safe to use in a cache key, or False to disable this warning.
[2021-11-29 16:19:36,663] {logging_mixin.py:109} INFO - [2021-11-29 16:19:36,663] {dag.py:2396} INFO - Sync 1 DAGs
[2021-11-29 16:19:36,680] {logging_mixin.py:109} WARNING - /usr/local/lib/python3.8/dist-packages/airflow/models/dag.py:2433 SAWarning: TypeDecorator UtcDateTime(timezone=True) will not produce a cache key because the ``cache_ok`` flag is not set to True.  Set this flag to True if this type object's state is safe to use in a cache key, or False to disable this warning.
[2021-11-29 16:19:36,693] {logging_mixin.py:109} INFO - [2021-11-29 16:19:36,692] {dag.py:2928} INFO - Setting next_dagrun for example_kubernetes_executor to None
[2021-11-29 16:19:36,976] {processor.py:171} INFO - Processing /usr/local/lib/python3.8/dist-packages/airflow/example_dags/example_kubernetes_executor.py took 0.456 seconds
[2021-11-29 16:20:29,886] {processor.py:163} INFO - Started process (PID=5876) to work on /usr/local/lib/python3.8/dist-packages/airflow/example_dags/example_kubernetes_executor.py
[2021-11-29 16:20:29,957] {processor.py:625} INFO - Processing file /usr/local/lib/python3.8/dist-packages/airflow/example_dags/example_kubernetes_executor.py for tasks to queue
[2021-11-29 16:20:29,958] {logging_mixin.py:109} INFO - [2021-11-29 16:20:29,958] {dagbag.py:500} INFO - Filling up the DagBag from /usr/local/lib/python3.8/dist-packages/airflow/example_dags/example_kubernetes_executor.py
[2021-11-29 16:20:30,028] {processor.py:637} INFO - DAG(s) dict_keys(['example_kubernetes_executor']) retrieved from /usr/local/lib/python3.8/dist-packages/airflow/example_dags/example_kubernetes_executor.py
[2021-11-29 16:20:30,035] {logging_mixin.py:109} WARNING - /usr/local/lib/python3.8/dist-packages/airflow/models/serialized_dag.py:120 SAWarning: TypeDecorator UtcDateTime(timezone=True) will not produce a cache key because the ``cache_ok`` flag is not set to True.  Set this flag to True if this type object's state is safe to use in a cache key, or False to disable this warning.
[2021-11-29 16:20:30,067] {logging_mixin.py:109} INFO - [2021-11-29 16:20:30,067] {dag.py:2396} INFO - Sync 1 DAGs
[2021-11-29 16:20:30,093] {logging_mixin.py:109} WARNING - /usr/local/lib/python3.8/dist-packages/airflow/models/dag.py:2433 SAWarning: TypeDecorator UtcDateTime(timezone=True) will not produce a cache key because the ``cache_ok`` flag is not set to True.  Set this flag to True if this type object's state is safe to use in a cache key, or False to disable this warning.
[2021-11-29 16:20:30,125] {logging_mixin.py:109} INFO - [2021-11-29 16:20:30,125] {dag.py:2928} INFO - Setting next_dagrun for example_kubernetes_executor to None
[2021-11-29 16:20:30,430] {processor.py:171} INFO - Processing /usr/local/lib/python3.8/dist-packages/airflow/example_dags/example_kubernetes_executor.py took 0.560 seconds
[2021-11-29 16:21:23,867] {processor.py:163} INFO - Started process (PID=6047) to work on /usr/local/lib/python3.8/dist-packages/airflow/example_dags/example_kubernetes_executor.py
[2021-11-29 16:21:23,921] {processor.py:625} INFO - Processing file /usr/local/lib/python3.8/dist-packages/airflow/example_dags/example_kubernetes_executor.py for tasks to queue
[2021-11-29 16:21:23,922] {logging_mixin.py:109} INFO - [2021-11-29 16:21:23,922] {dagbag.py:500} INFO - Filling up the DagBag from /usr/local/lib/python3.8/dist-packages/airflow/example_dags/example_kubernetes_executor.py
[2021-11-29 16:21:23,983] {processor.py:637} INFO - DAG(s) dict_keys(['example_kubernetes_executor']) retrieved from /usr/local/lib/python3.8/dist-packages/airflow/example_dags/example_kubernetes_executor.py
[2021-11-29 16:21:24,015] {logging_mixin.py:109} WARNING - /usr/local/lib/python3.8/dist-packages/airflow/models/serialized_dag.py:120 SAWarning: TypeDecorator UtcDateTime(timezone=True) will not produce a cache key because the ``cache_ok`` flag is not set to True.  Set this flag to True if this type object's state is safe to use in a cache key, or False to disable this warning.
[2021-11-29 16:21:24,051] {logging_mixin.py:109} INFO - [2021-11-29 16:21:24,051] {dag.py:2396} INFO - Sync 1 DAGs
[2021-11-29 16:21:24,088] {logging_mixin.py:109} WARNING - /usr/local/lib/python3.8/dist-packages/airflow/models/dag.py:2433 SAWarning: TypeDecorator UtcDateTime(timezone=True) will not produce a cache key because the ``cache_ok`` flag is not set to True.  Set this flag to True if this type object's state is safe to use in a cache key, or False to disable this warning.
[2021-11-29 16:21:24,110] {logging_mixin.py:109} INFO - [2021-11-29 16:21:24,110] {dag.py:2928} INFO - Setting next_dagrun for example_kubernetes_executor to None
[2021-11-29 16:21:24,410] {processor.py:171} INFO - Processing /usr/local/lib/python3.8/dist-packages/airflow/example_dags/example_kubernetes_executor.py took 0.558 seconds
[2021-11-29 16:22:22,557] {processor.py:163} INFO - Started process (PID=6230) to work on /usr/local/lib/python3.8/dist-packages/airflow/example_dags/example_kubernetes_executor.py
[2021-11-29 16:22:22,586] {processor.py:625} INFO - Processing file /usr/local/lib/python3.8/dist-packages/airflow/example_dags/example_kubernetes_executor.py for tasks to queue
[2021-11-29 16:22:22,587] {logging_mixin.py:109} INFO - [2021-11-29 16:22:22,587] {dagbag.py:500} INFO - Filling up the DagBag from /usr/local/lib/python3.8/dist-packages/airflow/example_dags/example_kubernetes_executor.py
[2021-11-29 16:22:22,643] {processor.py:637} INFO - DAG(s) dict_keys(['example_kubernetes_executor']) retrieved from /usr/local/lib/python3.8/dist-packages/airflow/example_dags/example_kubernetes_executor.py
[2021-11-29 16:22:22,663] {logging_mixin.py:109} WARNING - /usr/local/lib/python3.8/dist-packages/airflow/models/serialized_dag.py:120 SAWarning: TypeDecorator UtcDateTime(timezone=True) will not produce a cache key because the ``cache_ok`` flag is not set to True.  Set this flag to True if this type object's state is safe to use in a cache key, or False to disable this warning.
[2021-11-29 16:22:22,699] {logging_mixin.py:109} INFO - [2021-11-29 16:22:22,699] {dag.py:2396} INFO - Sync 1 DAGs
[2021-11-29 16:22:22,736] {logging_mixin.py:109} WARNING - /usr/local/lib/python3.8/dist-packages/airflow/models/dag.py:2433 SAWarning: TypeDecorator UtcDateTime(timezone=True) will not produce a cache key because the ``cache_ok`` flag is not set to True.  Set this flag to True if this type object's state is safe to use in a cache key, or False to disable this warning.
[2021-11-29 16:22:22,770] {logging_mixin.py:109} INFO - [2021-11-29 16:22:22,770] {dag.py:2928} INFO - Setting next_dagrun for example_kubernetes_executor to None
[2021-11-29 16:22:23,043] {processor.py:171} INFO - Processing /usr/local/lib/python3.8/dist-packages/airflow/example_dags/example_kubernetes_executor.py took 0.493 seconds
[2021-11-29 16:23:18,294] {processor.py:163} INFO - Started process (PID=6405) to work on /usr/local/lib/python3.8/dist-packages/airflow/example_dags/example_kubernetes_executor.py
[2021-11-29 16:23:18,340] {processor.py:625} INFO - Processing file /usr/local/lib/python3.8/dist-packages/airflow/example_dags/example_kubernetes_executor.py for tasks to queue
[2021-11-29 16:23:18,341] {logging_mixin.py:109} INFO - [2021-11-29 16:23:18,341] {dagbag.py:500} INFO - Filling up the DagBag from /usr/local/lib/python3.8/dist-packages/airflow/example_dags/example_kubernetes_executor.py
[2021-11-29 16:23:18,423] {processor.py:637} INFO - DAG(s) dict_keys(['example_kubernetes_executor']) retrieved from /usr/local/lib/python3.8/dist-packages/airflow/example_dags/example_kubernetes_executor.py
[2021-11-29 16:23:18,440] {logging_mixin.py:109} WARNING - /usr/local/lib/python3.8/dist-packages/airflow/models/serialized_dag.py:120 SAWarning: TypeDecorator UtcDateTime(timezone=True) will not produce a cache key because the ``cache_ok`` flag is not set to True.  Set this flag to True if this type object's state is safe to use in a cache key, or False to disable this warning.
[2021-11-29 16:23:18,467] {logging_mixin.py:109} INFO - [2021-11-29 16:23:18,467] {dag.py:2396} INFO - Sync 1 DAGs
[2021-11-29 16:23:18,507] {logging_mixin.py:109} WARNING - /usr/local/lib/python3.8/dist-packages/airflow/models/dag.py:2433 SAWarning: TypeDecorator UtcDateTime(timezone=True) will not produce a cache key because the ``cache_ok`` flag is not set to True.  Set this flag to True if this type object's state is safe to use in a cache key, or False to disable this warning.
[2021-11-29 16:23:18,531] {logging_mixin.py:109} INFO - [2021-11-29 16:23:18,530] {dag.py:2928} INFO - Setting next_dagrun for example_kubernetes_executor to None
[2021-11-29 16:23:18,780] {processor.py:171} INFO - Processing /usr/local/lib/python3.8/dist-packages/airflow/example_dags/example_kubernetes_executor.py took 0.490 seconds
[2021-11-29 16:24:15,236] {processor.py:163} INFO - Started process (PID=6570) to work on /usr/local/lib/python3.8/dist-packages/airflow/example_dags/example_kubernetes_executor.py
[2021-11-29 16:24:15,266] {processor.py:625} INFO - Processing file /usr/local/lib/python3.8/dist-packages/airflow/example_dags/example_kubernetes_executor.py for tasks to queue
[2021-11-29 16:24:15,268] {logging_mixin.py:109} INFO - [2021-11-29 16:24:15,268] {dagbag.py:500} INFO - Filling up the DagBag from /usr/local/lib/python3.8/dist-packages/airflow/example_dags/example_kubernetes_executor.py
[2021-11-29 16:24:15,352] {processor.py:637} INFO - DAG(s) dict_keys(['example_kubernetes_executor']) retrieved from /usr/local/lib/python3.8/dist-packages/airflow/example_dags/example_kubernetes_executor.py
[2021-11-29 16:24:15,369] {logging_mixin.py:109} WARNING - /usr/local/lib/python3.8/dist-packages/airflow/models/serialized_dag.py:120 SAWarning: TypeDecorator UtcDateTime(timezone=True) will not produce a cache key because the ``cache_ok`` flag is not set to True.  Set this flag to True if this type object's state is safe to use in a cache key, or False to disable this warning.
[2021-11-29 16:24:15,407] {logging_mixin.py:109} INFO - [2021-11-29 16:24:15,407] {dag.py:2396} INFO - Sync 1 DAGs
[2021-11-29 16:24:15,466] {logging_mixin.py:109} WARNING - /usr/local/lib/python3.8/dist-packages/airflow/models/dag.py:2433 SAWarning: TypeDecorator UtcDateTime(timezone=True) will not produce a cache key because the ``cache_ok`` flag is not set to True.  Set this flag to True if this type object's state is safe to use in a cache key, or False to disable this warning.
[2021-11-29 16:24:15,484] {logging_mixin.py:109} INFO - [2021-11-29 16:24:15,484] {dag.py:2928} INFO - Setting next_dagrun for example_kubernetes_executor to None
[2021-11-29 16:24:15,768] {processor.py:171} INFO - Processing /usr/local/lib/python3.8/dist-packages/airflow/example_dags/example_kubernetes_executor.py took 0.547 seconds
[2021-11-29 16:25:15,678] {processor.py:163} INFO - Started process (PID=6735) to work on /usr/local/lib/python3.8/dist-packages/airflow/example_dags/example_kubernetes_executor.py
[2021-11-29 16:25:15,705] {processor.py:625} INFO - Processing file /usr/local/lib/python3.8/dist-packages/airflow/example_dags/example_kubernetes_executor.py for tasks to queue
[2021-11-29 16:25:15,706] {logging_mixin.py:109} INFO - [2021-11-29 16:25:15,705] {dagbag.py:500} INFO - Filling up the DagBag from /usr/local/lib/python3.8/dist-packages/airflow/example_dags/example_kubernetes_executor.py
[2021-11-29 16:25:15,772] {processor.py:637} INFO - DAG(s) dict_keys(['example_kubernetes_executor']) retrieved from /usr/local/lib/python3.8/dist-packages/airflow/example_dags/example_kubernetes_executor.py
[2021-11-29 16:25:15,778] {logging_mixin.py:109} WARNING - /usr/local/lib/python3.8/dist-packages/airflow/models/serialized_dag.py:120 SAWarning: TypeDecorator UtcDateTime(timezone=True) will not produce a cache key because the ``cache_ok`` flag is not set to True.  Set this flag to True if this type object's state is safe to use in a cache key, or False to disable this warning.
[2021-11-29 16:25:15,826] {logging_mixin.py:109} INFO - [2021-11-29 16:25:15,825] {dag.py:2396} INFO - Sync 1 DAGs
[2021-11-29 16:25:15,868] {logging_mixin.py:109} WARNING - /usr/local/lib/python3.8/dist-packages/airflow/models/dag.py:2433 SAWarning: TypeDecorator UtcDateTime(timezone=True) will not produce a cache key because the ``cache_ok`` flag is not set to True.  Set this flag to True if this type object's state is safe to use in a cache key, or False to disable this warning.
[2021-11-29 16:25:15,892] {logging_mixin.py:109} INFO - [2021-11-29 16:25:15,891] {dag.py:2928} INFO - Setting next_dagrun for example_kubernetes_executor to None
[2021-11-29 16:25:16,107] {processor.py:171} INFO - Processing /usr/local/lib/python3.8/dist-packages/airflow/example_dags/example_kubernetes_executor.py took 0.444 seconds
[2021-11-29 16:26:09,555] {processor.py:163} INFO - Started process (PID=6909) to work on /usr/local/lib/python3.8/dist-packages/airflow/example_dags/example_kubernetes_executor.py
[2021-11-29 16:26:09,574] {processor.py:625} INFO - Processing file /usr/local/lib/python3.8/dist-packages/airflow/example_dags/example_kubernetes_executor.py for tasks to queue
[2021-11-29 16:26:09,574] {logging_mixin.py:109} INFO - [2021-11-29 16:26:09,574] {dagbag.py:500} INFO - Filling up the DagBag from /usr/local/lib/python3.8/dist-packages/airflow/example_dags/example_kubernetes_executor.py
[2021-11-29 16:26:09,642] {processor.py:637} INFO - DAG(s) dict_keys(['example_kubernetes_executor']) retrieved from /usr/local/lib/python3.8/dist-packages/airflow/example_dags/example_kubernetes_executor.py
[2021-11-29 16:26:09,658] {logging_mixin.py:109} WARNING - /usr/local/lib/python3.8/dist-packages/airflow/models/serialized_dag.py:120 SAWarning: TypeDecorator UtcDateTime(timezone=True) will not produce a cache key because the ``cache_ok`` flag is not set to True.  Set this flag to True if this type object's state is safe to use in a cache key, or False to disable this warning.
[2021-11-29 16:26:09,686] {logging_mixin.py:109} INFO - [2021-11-29 16:26:09,686] {dag.py:2396} INFO - Sync 1 DAGs
[2021-11-29 16:26:09,736] {logging_mixin.py:109} WARNING - /usr/local/lib/python3.8/dist-packages/airflow/models/dag.py:2433 SAWarning: TypeDecorator UtcDateTime(timezone=True) will not produce a cache key because the ``cache_ok`` flag is not set to True.  Set this flag to True if this type object's state is safe to use in a cache key, or False to disable this warning.
[2021-11-29 16:26:09,779] {logging_mixin.py:109} INFO - [2021-11-29 16:26:09,779] {dag.py:2928} INFO - Setting next_dagrun for example_kubernetes_executor to None
[2021-11-29 16:26:09,934] {processor.py:171} INFO - Processing /usr/local/lib/python3.8/dist-packages/airflow/example_dags/example_kubernetes_executor.py took 0.394 seconds
[2021-11-29 16:27:03,826] {processor.py:163} INFO - Started process (PID=7074) to work on /usr/local/lib/python3.8/dist-packages/airflow/example_dags/example_kubernetes_executor.py
[2021-11-29 16:27:03,841] {processor.py:625} INFO - Processing file /usr/local/lib/python3.8/dist-packages/airflow/example_dags/example_kubernetes_executor.py for tasks to queue
[2021-11-29 16:27:03,841] {logging_mixin.py:109} INFO - [2021-11-29 16:27:03,841] {dagbag.py:500} INFO - Filling up the DagBag from /usr/local/lib/python3.8/dist-packages/airflow/example_dags/example_kubernetes_executor.py
[2021-11-29 16:27:03,913] {processor.py:637} INFO - DAG(s) dict_keys(['example_kubernetes_executor']) retrieved from /usr/local/lib/python3.8/dist-packages/airflow/example_dags/example_kubernetes_executor.py
[2021-11-29 16:27:03,926] {logging_mixin.py:109} WARNING - /usr/local/lib/python3.8/dist-packages/airflow/models/serialized_dag.py:120 SAWarning: TypeDecorator UtcDateTime(timezone=True) will not produce a cache key because the ``cache_ok`` flag is not set to True.  Set this flag to True if this type object's state is safe to use in a cache key, or False to disable this warning.
[2021-11-29 16:27:03,942] {logging_mixin.py:109} INFO - [2021-11-29 16:27:03,942] {dag.py:2396} INFO - Sync 1 DAGs
[2021-11-29 16:27:03,962] {logging_mixin.py:109} WARNING - /usr/local/lib/python3.8/dist-packages/airflow/models/dag.py:2433 SAWarning: TypeDecorator UtcDateTime(timezone=True) will not produce a cache key because the ``cache_ok`` flag is not set to True.  Set this flag to True if this type object's state is safe to use in a cache key, or False to disable this warning.
[2021-11-29 16:27:03,978] {logging_mixin.py:109} INFO - [2021-11-29 16:27:03,978] {dag.py:2928} INFO - Setting next_dagrun for example_kubernetes_executor to None
[2021-11-29 16:27:04,145] {processor.py:171} INFO - Processing /usr/local/lib/python3.8/dist-packages/airflow/example_dags/example_kubernetes_executor.py took 0.335 seconds
[2021-11-29 16:27:58,697] {processor.py:163} INFO - Started process (PID=7231) to work on /usr/local/lib/python3.8/dist-packages/airflow/example_dags/example_kubernetes_executor.py
[2021-11-29 16:27:58,711] {processor.py:625} INFO - Processing file /usr/local/lib/python3.8/dist-packages/airflow/example_dags/example_kubernetes_executor.py for tasks to queue
[2021-11-29 16:27:58,713] {logging_mixin.py:109} INFO - [2021-11-29 16:27:58,712] {dagbag.py:500} INFO - Filling up the DagBag from /usr/local/lib/python3.8/dist-packages/airflow/example_dags/example_kubernetes_executor.py
[2021-11-29 16:27:58,812] {processor.py:637} INFO - DAG(s) dict_keys(['example_kubernetes_executor']) retrieved from /usr/local/lib/python3.8/dist-packages/airflow/example_dags/example_kubernetes_executor.py
[2021-11-29 16:27:58,828] {logging_mixin.py:109} WARNING - /usr/local/lib/python3.8/dist-packages/airflow/models/serialized_dag.py:120 SAWarning: TypeDecorator UtcDateTime(timezone=True) will not produce a cache key because the ``cache_ok`` flag is not set to True.  Set this flag to True if this type object's state is safe to use in a cache key, or False to disable this warning.
[2021-11-29 16:27:58,851] {logging_mixin.py:109} INFO - [2021-11-29 16:27:58,851] {dag.py:2396} INFO - Sync 1 DAGs
[2021-11-29 16:27:58,881] {logging_mixin.py:109} WARNING - /usr/local/lib/python3.8/dist-packages/airflow/models/dag.py:2433 SAWarning: TypeDecorator UtcDateTime(timezone=True) will not produce a cache key because the ``cache_ok`` flag is not set to True.  Set this flag to True if this type object's state is safe to use in a cache key, or False to disable this warning.
[2021-11-29 16:27:58,905] {logging_mixin.py:109} INFO - [2021-11-29 16:27:58,904] {dag.py:2928} INFO - Setting next_dagrun for example_kubernetes_executor to None
[2021-11-29 16:27:59,127] {processor.py:171} INFO - Processing /usr/local/lib/python3.8/dist-packages/airflow/example_dags/example_kubernetes_executor.py took 0.444 seconds
[2021-11-29 16:28:57,766] {processor.py:163} INFO - Started process (PID=7392) to work on /usr/local/lib/python3.8/dist-packages/airflow/example_dags/example_kubernetes_executor.py
[2021-11-29 16:28:57,811] {processor.py:625} INFO - Processing file /usr/local/lib/python3.8/dist-packages/airflow/example_dags/example_kubernetes_executor.py for tasks to queue
[2021-11-29 16:28:57,812] {logging_mixin.py:109} INFO - [2021-11-29 16:28:57,812] {dagbag.py:500} INFO - Filling up the DagBag from /usr/local/lib/python3.8/dist-packages/airflow/example_dags/example_kubernetes_executor.py
[2021-11-29 16:28:57,877] {processor.py:637} INFO - DAG(s) dict_keys(['example_kubernetes_executor']) retrieved from /usr/local/lib/python3.8/dist-packages/airflow/example_dags/example_kubernetes_executor.py
[2021-11-29 16:28:57,885] {logging_mixin.py:109} WARNING - /usr/local/lib/python3.8/dist-packages/airflow/models/serialized_dag.py:120 SAWarning: TypeDecorator UtcDateTime(timezone=True) will not produce a cache key because the ``cache_ok`` flag is not set to True.  Set this flag to True if this type object's state is safe to use in a cache key, or False to disable this warning.
[2021-11-29 16:28:57,917] {logging_mixin.py:109} INFO - [2021-11-29 16:28:57,917] {dag.py:2396} INFO - Sync 1 DAGs
[2021-11-29 16:28:57,934] {logging_mixin.py:109} WARNING - /usr/local/lib/python3.8/dist-packages/airflow/models/dag.py:2433 SAWarning: TypeDecorator UtcDateTime(timezone=True) will not produce a cache key because the ``cache_ok`` flag is not set to True.  Set this flag to True if this type object's state is safe to use in a cache key, or False to disable this warning.
[2021-11-29 16:28:57,949] {logging_mixin.py:109} INFO - [2021-11-29 16:28:57,949] {dag.py:2928} INFO - Setting next_dagrun for example_kubernetes_executor to None
[2021-11-29 16:28:58,155] {processor.py:171} INFO - Processing /usr/local/lib/python3.8/dist-packages/airflow/example_dags/example_kubernetes_executor.py took 0.403 seconds
[2021-11-29 16:29:54,857] {processor.py:163} INFO - Started process (PID=7556) to work on /usr/local/lib/python3.8/dist-packages/airflow/example_dags/example_kubernetes_executor.py
[2021-11-29 16:29:54,892] {processor.py:625} INFO - Processing file /usr/local/lib/python3.8/dist-packages/airflow/example_dags/example_kubernetes_executor.py for tasks to queue
[2021-11-29 16:29:54,893] {logging_mixin.py:109} INFO - [2021-11-29 16:29:54,893] {dagbag.py:500} INFO - Filling up the DagBag from /usr/local/lib/python3.8/dist-packages/airflow/example_dags/example_kubernetes_executor.py
[2021-11-29 16:29:54,957] {processor.py:637} INFO - DAG(s) dict_keys(['example_kubernetes_executor']) retrieved from /usr/local/lib/python3.8/dist-packages/airflow/example_dags/example_kubernetes_executor.py
[2021-11-29 16:29:54,962] {logging_mixin.py:109} WARNING - /usr/local/lib/python3.8/dist-packages/airflow/models/serialized_dag.py:120 SAWarning: TypeDecorator UtcDateTime(timezone=True) will not produce a cache key because the ``cache_ok`` flag is not set to True.  Set this flag to True if this type object's state is safe to use in a cache key, or False to disable this warning.
[2021-11-29 16:29:54,995] {logging_mixin.py:109} INFO - [2021-11-29 16:29:54,995] {dag.py:2396} INFO - Sync 1 DAGs
[2021-11-29 16:29:55,021] {logging_mixin.py:109} WARNING - /usr/local/lib/python3.8/dist-packages/airflow/models/dag.py:2433 SAWarning: TypeDecorator UtcDateTime(timezone=True) will not produce a cache key because the ``cache_ok`` flag is not set to True.  Set this flag to True if this type object's state is safe to use in a cache key, or False to disable this warning.
[2021-11-29 16:29:55,057] {logging_mixin.py:109} INFO - [2021-11-29 16:29:55,056] {dag.py:2928} INFO - Setting next_dagrun for example_kubernetes_executor to None
[2021-11-29 16:29:55,314] {processor.py:171} INFO - Processing /usr/local/lib/python3.8/dist-packages/airflow/example_dags/example_kubernetes_executor.py took 0.474 seconds
[2021-11-29 16:30:51,902] {processor.py:163} INFO - Started process (PID=7722) to work on /usr/local/lib/python3.8/dist-packages/airflow/example_dags/example_kubernetes_executor.py
[2021-11-29 16:30:51,949] {processor.py:625} INFO - Processing file /usr/local/lib/python3.8/dist-packages/airflow/example_dags/example_kubernetes_executor.py for tasks to queue
[2021-11-29 16:30:51,950] {logging_mixin.py:109} INFO - [2021-11-29 16:30:51,949] {dagbag.py:500} INFO - Filling up the DagBag from /usr/local/lib/python3.8/dist-packages/airflow/example_dags/example_kubernetes_executor.py
[2021-11-29 16:30:52,043] {processor.py:637} INFO - DAG(s) dict_keys(['example_kubernetes_executor']) retrieved from /usr/local/lib/python3.8/dist-packages/airflow/example_dags/example_kubernetes_executor.py
[2021-11-29 16:30:52,055] {logging_mixin.py:109} WARNING - /usr/local/lib/python3.8/dist-packages/airflow/models/serialized_dag.py:120 SAWarning: TypeDecorator UtcDateTime(timezone=True) will not produce a cache key because the ``cache_ok`` flag is not set to True.  Set this flag to True if this type object's state is safe to use in a cache key, or False to disable this warning.
[2021-11-29 16:30:52,072] {logging_mixin.py:109} INFO - [2021-11-29 16:30:52,072] {dag.py:2396} INFO - Sync 1 DAGs
[2021-11-29 16:30:52,095] {logging_mixin.py:109} WARNING - /usr/local/lib/python3.8/dist-packages/airflow/models/dag.py:2433 SAWarning: TypeDecorator UtcDateTime(timezone=True) will not produce a cache key because the ``cache_ok`` flag is not set to True.  Set this flag to True if this type object's state is safe to use in a cache key, or False to disable this warning.
[2021-11-29 16:30:52,116] {logging_mixin.py:109} INFO - [2021-11-29 16:30:52,116] {dag.py:2928} INFO - Setting next_dagrun for example_kubernetes_executor to None
[2021-11-29 16:30:52,433] {processor.py:171} INFO - Processing /usr/local/lib/python3.8/dist-packages/airflow/example_dags/example_kubernetes_executor.py took 0.539 seconds
[2021-11-29 16:31:45,586] {processor.py:163} INFO - Started process (PID=7878) to work on /usr/local/lib/python3.8/dist-packages/airflow/example_dags/example_kubernetes_executor.py
[2021-11-29 16:31:45,593] {processor.py:625} INFO - Processing file /usr/local/lib/python3.8/dist-packages/airflow/example_dags/example_kubernetes_executor.py for tasks to queue
[2021-11-29 16:31:45,594] {logging_mixin.py:109} INFO - [2021-11-29 16:31:45,594] {dagbag.py:500} INFO - Filling up the DagBag from /usr/local/lib/python3.8/dist-packages/airflow/example_dags/example_kubernetes_executor.py
[2021-11-29 16:31:45,662] {processor.py:637} INFO - DAG(s) dict_keys(['example_kubernetes_executor']) retrieved from /usr/local/lib/python3.8/dist-packages/airflow/example_dags/example_kubernetes_executor.py
[2021-11-29 16:31:45,669] {logging_mixin.py:109} WARNING - /usr/local/lib/python3.8/dist-packages/airflow/models/serialized_dag.py:120 SAWarning: TypeDecorator UtcDateTime(timezone=True) will not produce a cache key because the ``cache_ok`` flag is not set to True.  Set this flag to True if this type object's state is safe to use in a cache key, or False to disable this warning.
[2021-11-29 16:31:45,685] {logging_mixin.py:109} INFO - [2021-11-29 16:31:45,685] {dag.py:2396} INFO - Sync 1 DAGs
[2021-11-29 16:31:45,704] {logging_mixin.py:109} WARNING - /usr/local/lib/python3.8/dist-packages/airflow/models/dag.py:2433 SAWarning: TypeDecorator UtcDateTime(timezone=True) will not produce a cache key because the ``cache_ok`` flag is not set to True.  Set this flag to True if this type object's state is safe to use in a cache key, or False to disable this warning.
[2021-11-29 16:31:45,717] {logging_mixin.py:109} INFO - [2021-11-29 16:31:45,717] {dag.py:2928} INFO - Setting next_dagrun for example_kubernetes_executor to None
[2021-11-29 16:31:45,863] {processor.py:171} INFO - Processing /usr/local/lib/python3.8/dist-packages/airflow/example_dags/example_kubernetes_executor.py took 0.293 seconds
[2021-11-29 16:32:42,185] {processor.py:163} INFO - Started process (PID=8047) to work on /usr/local/lib/python3.8/dist-packages/airflow/example_dags/example_kubernetes_executor.py
[2021-11-29 16:32:42,191] {processor.py:625} INFO - Processing file /usr/local/lib/python3.8/dist-packages/airflow/example_dags/example_kubernetes_executor.py for tasks to queue
[2021-11-29 16:32:42,192] {logging_mixin.py:109} INFO - [2021-11-29 16:32:42,192] {dagbag.py:500} INFO - Filling up the DagBag from /usr/local/lib/python3.8/dist-packages/airflow/example_dags/example_kubernetes_executor.py
[2021-11-29 16:32:42,243] {processor.py:637} INFO - DAG(s) dict_keys(['example_kubernetes_executor']) retrieved from /usr/local/lib/python3.8/dist-packages/airflow/example_dags/example_kubernetes_executor.py
[2021-11-29 16:32:42,259] {logging_mixin.py:109} WARNING - /usr/local/lib/python3.8/dist-packages/airflow/models/serialized_dag.py:120 SAWarning: TypeDecorator UtcDateTime(timezone=True) will not produce a cache key because the ``cache_ok`` flag is not set to True.  Set this flag to True if this type object's state is safe to use in a cache key, or False to disable this warning.
[2021-11-29 16:32:42,272] {logging_mixin.py:109} INFO - [2021-11-29 16:32:42,271] {dag.py:2396} INFO - Sync 1 DAGs
[2021-11-29 16:32:42,289] {logging_mixin.py:109} WARNING - /usr/local/lib/python3.8/dist-packages/airflow/models/dag.py:2433 SAWarning: TypeDecorator UtcDateTime(timezone=True) will not produce a cache key because the ``cache_ok`` flag is not set to True.  Set this flag to True if this type object's state is safe to use in a cache key, or False to disable this warning.
[2021-11-29 16:32:42,305] {logging_mixin.py:109} INFO - [2021-11-29 16:32:42,305] {dag.py:2928} INFO - Setting next_dagrun for example_kubernetes_executor to None
[2021-11-29 16:32:42,474] {processor.py:171} INFO - Processing /usr/local/lib/python3.8/dist-packages/airflow/example_dags/example_kubernetes_executor.py took 0.310 seconds
[2021-11-29 16:33:37,129] {processor.py:163} INFO - Started process (PID=8209) to work on /usr/local/lib/python3.8/dist-packages/airflow/example_dags/example_kubernetes_executor.py
[2021-11-29 16:33:37,173] {processor.py:625} INFO - Processing file /usr/local/lib/python3.8/dist-packages/airflow/example_dags/example_kubernetes_executor.py for tasks to queue
[2021-11-29 16:33:37,174] {logging_mixin.py:109} INFO - [2021-11-29 16:33:37,173] {dagbag.py:500} INFO - Filling up the DagBag from /usr/local/lib/python3.8/dist-packages/airflow/example_dags/example_kubernetes_executor.py
[2021-11-29 16:33:37,224] {processor.py:637} INFO - DAG(s) dict_keys(['example_kubernetes_executor']) retrieved from /usr/local/lib/python3.8/dist-packages/airflow/example_dags/example_kubernetes_executor.py
[2021-11-29 16:33:37,230] {logging_mixin.py:109} WARNING - /usr/local/lib/python3.8/dist-packages/airflow/models/serialized_dag.py:120 SAWarning: TypeDecorator UtcDateTime(timezone=True) will not produce a cache key because the ``cache_ok`` flag is not set to True.  Set this flag to True if this type object's state is safe to use in a cache key, or False to disable this warning.
[2021-11-29 16:33:37,248] {logging_mixin.py:109} INFO - [2021-11-29 16:33:37,248] {dag.py:2396} INFO - Sync 1 DAGs
[2021-11-29 16:33:37,270] {logging_mixin.py:109} WARNING - /usr/local/lib/python3.8/dist-packages/airflow/models/dag.py:2433 SAWarning: TypeDecorator UtcDateTime(timezone=True) will not produce a cache key because the ``cache_ok`` flag is not set to True.  Set this flag to True if this type object's state is safe to use in a cache key, or False to disable this warning.
[2021-11-29 16:33:37,282] {logging_mixin.py:109} INFO - [2021-11-29 16:33:37,281] {dag.py:2928} INFO - Setting next_dagrun for example_kubernetes_executor to None
[2021-11-29 16:33:37,456] {processor.py:171} INFO - Processing /usr/local/lib/python3.8/dist-packages/airflow/example_dags/example_kubernetes_executor.py took 0.342 seconds
[2021-11-29 16:34:31,908] {processor.py:163} INFO - Started process (PID=8373) to work on /usr/local/lib/python3.8/dist-packages/airflow/example_dags/example_kubernetes_executor.py
[2021-11-29 16:34:31,953] {processor.py:625} INFO - Processing file /usr/local/lib/python3.8/dist-packages/airflow/example_dags/example_kubernetes_executor.py for tasks to queue
[2021-11-29 16:34:31,954] {logging_mixin.py:109} INFO - [2021-11-29 16:34:31,954] {dagbag.py:500} INFO - Filling up the DagBag from /usr/local/lib/python3.8/dist-packages/airflow/example_dags/example_kubernetes_executor.py
[2021-11-29 16:34:32,039] {processor.py:637} INFO - DAG(s) dict_keys(['example_kubernetes_executor']) retrieved from /usr/local/lib/python3.8/dist-packages/airflow/example_dags/example_kubernetes_executor.py
[2021-11-29 16:34:32,069] {logging_mixin.py:109} WARNING - /usr/local/lib/python3.8/dist-packages/airflow/models/serialized_dag.py:120 SAWarning: TypeDecorator UtcDateTime(timezone=True) will not produce a cache key because the ``cache_ok`` flag is not set to True.  Set this flag to True if this type object's state is safe to use in a cache key, or False to disable this warning.
[2021-11-29 16:34:32,097] {logging_mixin.py:109} INFO - [2021-11-29 16:34:32,097] {dag.py:2396} INFO - Sync 1 DAGs
[2021-11-29 16:34:32,137] {logging_mixin.py:109} WARNING - /usr/local/lib/python3.8/dist-packages/airflow/models/dag.py:2433 SAWarning: TypeDecorator UtcDateTime(timezone=True) will not produce a cache key because the ``cache_ok`` flag is not set to True.  Set this flag to True if this type object's state is safe to use in a cache key, or False to disable this warning.
[2021-11-29 16:34:32,197] {logging_mixin.py:109} INFO - [2021-11-29 16:34:32,196] {dag.py:2928} INFO - Setting next_dagrun for example_kubernetes_executor to None
[2021-11-29 16:34:32,379] {processor.py:171} INFO - Processing /usr/local/lib/python3.8/dist-packages/airflow/example_dags/example_kubernetes_executor.py took 0.488 seconds
[2021-11-29 16:35:28,072] {processor.py:163} INFO - Started process (PID=8540) to work on /usr/local/lib/python3.8/dist-packages/airflow/example_dags/example_kubernetes_executor.py
[2021-11-29 16:35:28,086] {processor.py:625} INFO - Processing file /usr/local/lib/python3.8/dist-packages/airflow/example_dags/example_kubernetes_executor.py for tasks to queue
[2021-11-29 16:35:28,087] {logging_mixin.py:109} INFO - [2021-11-29 16:35:28,087] {dagbag.py:500} INFO - Filling up the DagBag from /usr/local/lib/python3.8/dist-packages/airflow/example_dags/example_kubernetes_executor.py
[2021-11-29 16:35:28,170] {processor.py:637} INFO - DAG(s) dict_keys(['example_kubernetes_executor']) retrieved from /usr/local/lib/python3.8/dist-packages/airflow/example_dags/example_kubernetes_executor.py
[2021-11-29 16:35:28,187] {logging_mixin.py:109} WARNING - /usr/local/lib/python3.8/dist-packages/airflow/models/serialized_dag.py:120 SAWarning: TypeDecorator UtcDateTime(timezone=True) will not produce a cache key because the ``cache_ok`` flag is not set to True.  Set this flag to True if this type object's state is safe to use in a cache key, or False to disable this warning.
[2021-11-29 16:35:28,211] {logging_mixin.py:109} INFO - [2021-11-29 16:35:28,211] {dag.py:2396} INFO - Sync 1 DAGs
[2021-11-29 16:35:28,243] {logging_mixin.py:109} WARNING - /usr/local/lib/python3.8/dist-packages/airflow/models/dag.py:2433 SAWarning: TypeDecorator UtcDateTime(timezone=True) will not produce a cache key because the ``cache_ok`` flag is not set to True.  Set this flag to True if this type object's state is safe to use in a cache key, or False to disable this warning.
[2021-11-29 16:35:28,270] {logging_mixin.py:109} INFO - [2021-11-29 16:35:28,270] {dag.py:2928} INFO - Setting next_dagrun for example_kubernetes_executor to None
[2021-11-29 16:35:28,438] {processor.py:171} INFO - Processing /usr/local/lib/python3.8/dist-packages/airflow/example_dags/example_kubernetes_executor.py took 0.384 seconds
[2021-11-29 16:36:26,096] {processor.py:163} INFO - Started process (PID=8698) to work on /usr/local/lib/python3.8/dist-packages/airflow/example_dags/example_kubernetes_executor.py
[2021-11-29 16:36:26,135] {processor.py:625} INFO - Processing file /usr/local/lib/python3.8/dist-packages/airflow/example_dags/example_kubernetes_executor.py for tasks to queue
[2021-11-29 16:36:26,136] {logging_mixin.py:109} INFO - [2021-11-29 16:36:26,136] {dagbag.py:500} INFO - Filling up the DagBag from /usr/local/lib/python3.8/dist-packages/airflow/example_dags/example_kubernetes_executor.py
[2021-11-29 16:36:26,230] {processor.py:637} INFO - DAG(s) dict_keys(['example_kubernetes_executor']) retrieved from /usr/local/lib/python3.8/dist-packages/airflow/example_dags/example_kubernetes_executor.py
[2021-11-29 16:36:26,246] {logging_mixin.py:109} WARNING - /usr/local/lib/python3.8/dist-packages/airflow/models/serialized_dag.py:120 SAWarning: TypeDecorator UtcDateTime(timezone=True) will not produce a cache key because the ``cache_ok`` flag is not set to True.  Set this flag to True if this type object's state is safe to use in a cache key, or False to disable this warning.
[2021-11-29 16:36:26,263] {logging_mixin.py:109} INFO - [2021-11-29 16:36:26,263] {dag.py:2396} INFO - Sync 1 DAGs
[2021-11-29 16:36:26,283] {logging_mixin.py:109} WARNING - /usr/local/lib/python3.8/dist-packages/airflow/models/dag.py:2433 SAWarning: TypeDecorator UtcDateTime(timezone=True) will not produce a cache key because the ``cache_ok`` flag is not set to True.  Set this flag to True if this type object's state is safe to use in a cache key, or False to disable this warning.
[2021-11-29 16:36:26,299] {logging_mixin.py:109} INFO - [2021-11-29 16:36:26,299] {dag.py:2928} INFO - Setting next_dagrun for example_kubernetes_executor to None
[2021-11-29 16:36:26,459] {processor.py:171} INFO - Processing /usr/local/lib/python3.8/dist-packages/airflow/example_dags/example_kubernetes_executor.py took 0.378 seconds
[2021-11-29 16:37:20,708] {processor.py:163} INFO - Started process (PID=8855) to work on /usr/local/lib/python3.8/dist-packages/airflow/example_dags/example_kubernetes_executor.py
[2021-11-29 16:37:20,759] {processor.py:625} INFO - Processing file /usr/local/lib/python3.8/dist-packages/airflow/example_dags/example_kubernetes_executor.py for tasks to queue
[2021-11-29 16:37:20,760] {logging_mixin.py:109} INFO - [2021-11-29 16:37:20,760] {dagbag.py:500} INFO - Filling up the DagBag from /usr/local/lib/python3.8/dist-packages/airflow/example_dags/example_kubernetes_executor.py
[2021-11-29 16:37:20,853] {processor.py:637} INFO - DAG(s) dict_keys(['example_kubernetes_executor']) retrieved from /usr/local/lib/python3.8/dist-packages/airflow/example_dags/example_kubernetes_executor.py
[2021-11-29 16:37:20,860] {logging_mixin.py:109} WARNING - /usr/local/lib/python3.8/dist-packages/airflow/models/serialized_dag.py:120 SAWarning: TypeDecorator UtcDateTime(timezone=True) will not produce a cache key because the ``cache_ok`` flag is not set to True.  Set this flag to True if this type object's state is safe to use in a cache key, or False to disable this warning.
[2021-11-29 16:37:20,877] {logging_mixin.py:109} INFO - [2021-11-29 16:37:20,877] {dag.py:2396} INFO - Sync 1 DAGs
[2021-11-29 16:37:20,902] {logging_mixin.py:109} WARNING - /usr/local/lib/python3.8/dist-packages/airflow/models/dag.py:2433 SAWarning: TypeDecorator UtcDateTime(timezone=True) will not produce a cache key because the ``cache_ok`` flag is not set to True.  Set this flag to True if this type object's state is safe to use in a cache key, or False to disable this warning.
[2021-11-29 16:37:20,921] {logging_mixin.py:109} INFO - [2021-11-29 16:37:20,921] {dag.py:2928} INFO - Setting next_dagrun for example_kubernetes_executor to None
[2021-11-29 16:37:21,165] {processor.py:171} INFO - Processing /usr/local/lib/python3.8/dist-packages/airflow/example_dags/example_kubernetes_executor.py took 0.485 seconds
[2021-11-29 16:38:17,154] {processor.py:163} INFO - Started process (PID=9022) to work on /usr/local/lib/python3.8/dist-packages/airflow/example_dags/example_kubernetes_executor.py
[2021-11-29 16:38:17,245] {processor.py:625} INFO - Processing file /usr/local/lib/python3.8/dist-packages/airflow/example_dags/example_kubernetes_executor.py for tasks to queue
[2021-11-29 16:38:17,246] {logging_mixin.py:109} INFO - [2021-11-29 16:38:17,246] {dagbag.py:500} INFO - Filling up the DagBag from /usr/local/lib/python3.8/dist-packages/airflow/example_dags/example_kubernetes_executor.py
[2021-11-29 16:38:17,312] {processor.py:637} INFO - DAG(s) dict_keys(['example_kubernetes_executor']) retrieved from /usr/local/lib/python3.8/dist-packages/airflow/example_dags/example_kubernetes_executor.py
[2021-11-29 16:38:17,341] {logging_mixin.py:109} WARNING - /usr/local/lib/python3.8/dist-packages/airflow/models/serialized_dag.py:120 SAWarning: TypeDecorator UtcDateTime(timezone=True) will not produce a cache key because the ``cache_ok`` flag is not set to True.  Set this flag to True if this type object's state is safe to use in a cache key, or False to disable this warning.
[2021-11-29 16:38:17,375] {logging_mixin.py:109} INFO - [2021-11-29 16:38:17,375] {dag.py:2396} INFO - Sync 1 DAGs
[2021-11-29 16:38:17,415] {logging_mixin.py:109} WARNING - /usr/local/lib/python3.8/dist-packages/airflow/models/dag.py:2433 SAWarning: TypeDecorator UtcDateTime(timezone=True) will not produce a cache key because the ``cache_ok`` flag is not set to True.  Set this flag to True if this type object's state is safe to use in a cache key, or False to disable this warning.
[2021-11-29 16:38:17,441] {logging_mixin.py:109} INFO - [2021-11-29 16:38:17,441] {dag.py:2928} INFO - Setting next_dagrun for example_kubernetes_executor to None
[2021-11-29 16:38:17,748] {processor.py:171} INFO - Processing /usr/local/lib/python3.8/dist-packages/airflow/example_dags/example_kubernetes_executor.py took 0.598 seconds
[2021-11-29 16:39:11,935] {processor.py:163} INFO - Started process (PID=9186) to work on /usr/local/lib/python3.8/dist-packages/airflow/example_dags/example_kubernetes_executor.py
[2021-11-29 16:39:11,947] {processor.py:625} INFO - Processing file /usr/local/lib/python3.8/dist-packages/airflow/example_dags/example_kubernetes_executor.py for tasks to queue
[2021-11-29 16:39:11,948] {logging_mixin.py:109} INFO - [2021-11-29 16:39:11,947] {dagbag.py:500} INFO - Filling up the DagBag from /usr/local/lib/python3.8/dist-packages/airflow/example_dags/example_kubernetes_executor.py
[2021-11-29 16:39:12,002] {processor.py:637} INFO - DAG(s) dict_keys(['example_kubernetes_executor']) retrieved from /usr/local/lib/python3.8/dist-packages/airflow/example_dags/example_kubernetes_executor.py
[2021-11-29 16:39:12,019] {logging_mixin.py:109} WARNING - /usr/local/lib/python3.8/dist-packages/airflow/models/serialized_dag.py:120 SAWarning: TypeDecorator UtcDateTime(timezone=True) will not produce a cache key because the ``cache_ok`` flag is not set to True.  Set this flag to True if this type object's state is safe to use in a cache key, or False to disable this warning.
[2021-11-29 16:39:12,053] {logging_mixin.py:109} INFO - [2021-11-29 16:39:12,053] {dag.py:2396} INFO - Sync 1 DAGs
[2021-11-29 16:39:12,095] {logging_mixin.py:109} WARNING - /usr/local/lib/python3.8/dist-packages/airflow/models/dag.py:2433 SAWarning: TypeDecorator UtcDateTime(timezone=True) will not produce a cache key because the ``cache_ok`` flag is not set to True.  Set this flag to True if this type object's state is safe to use in a cache key, or False to disable this warning.
[2021-11-29 16:39:12,110] {logging_mixin.py:109} INFO - [2021-11-29 16:39:12,110] {dag.py:2928} INFO - Setting next_dagrun for example_kubernetes_executor to None
[2021-11-29 16:39:12,285] {processor.py:171} INFO - Processing /usr/local/lib/python3.8/dist-packages/airflow/example_dags/example_kubernetes_executor.py took 0.365 seconds
[2021-11-29 16:40:07,115] {processor.py:163} INFO - Started process (PID=9350) to work on /usr/local/lib/python3.8/dist-packages/airflow/example_dags/example_kubernetes_executor.py
[2021-11-29 16:40:07,218] {processor.py:625} INFO - Processing file /usr/local/lib/python3.8/dist-packages/airflow/example_dags/example_kubernetes_executor.py for tasks to queue
[2021-11-29 16:40:07,219] {logging_mixin.py:109} INFO - [2021-11-29 16:40:07,219] {dagbag.py:500} INFO - Filling up the DagBag from /usr/local/lib/python3.8/dist-packages/airflow/example_dags/example_kubernetes_executor.py
[2021-11-29 16:40:07,273] {processor.py:637} INFO - DAG(s) dict_keys(['example_kubernetes_executor']) retrieved from /usr/local/lib/python3.8/dist-packages/airflow/example_dags/example_kubernetes_executor.py
[2021-11-29 16:40:07,291] {logging_mixin.py:109} WARNING - /usr/local/lib/python3.8/dist-packages/airflow/models/serialized_dag.py:120 SAWarning: TypeDecorator UtcDateTime(timezone=True) will not produce a cache key because the ``cache_ok`` flag is not set to True.  Set this flag to True if this type object's state is safe to use in a cache key, or False to disable this warning.
[2021-11-29 16:40:07,325] {logging_mixin.py:109} INFO - [2021-11-29 16:40:07,325] {dag.py:2396} INFO - Sync 1 DAGs
[2021-11-29 16:40:07,354] {logging_mixin.py:109} WARNING - /usr/local/lib/python3.8/dist-packages/airflow/models/dag.py:2433 SAWarning: TypeDecorator UtcDateTime(timezone=True) will not produce a cache key because the ``cache_ok`` flag is not set to True.  Set this flag to True if this type object's state is safe to use in a cache key, or False to disable this warning.
[2021-11-29 16:40:07,389] {logging_mixin.py:109} INFO - [2021-11-29 16:40:07,389] {dag.py:2928} INFO - Setting next_dagrun for example_kubernetes_executor to None
[2021-11-29 16:40:07,708] {processor.py:171} INFO - Processing /usr/local/lib/python3.8/dist-packages/airflow/example_dags/example_kubernetes_executor.py took 0.597 seconds
[2021-11-29 16:41:02,876] {processor.py:163} INFO - Started process (PID=9515) to work on /usr/local/lib/python3.8/dist-packages/airflow/example_dags/example_kubernetes_executor.py
[2021-11-29 16:41:02,879] {processor.py:625} INFO - Processing file /usr/local/lib/python3.8/dist-packages/airflow/example_dags/example_kubernetes_executor.py for tasks to queue
[2021-11-29 16:41:02,881] {logging_mixin.py:109} INFO - [2021-11-29 16:41:02,881] {dagbag.py:500} INFO - Filling up the DagBag from /usr/local/lib/python3.8/dist-packages/airflow/example_dags/example_kubernetes_executor.py
[2021-11-29 16:41:02,996] {processor.py:637} INFO - DAG(s) dict_keys(['example_kubernetes_executor']) retrieved from /usr/local/lib/python3.8/dist-packages/airflow/example_dags/example_kubernetes_executor.py
[2021-11-29 16:41:03,004] {logging_mixin.py:109} WARNING - /usr/local/lib/python3.8/dist-packages/airflow/models/serialized_dag.py:120 SAWarning: TypeDecorator UtcDateTime(timezone=True) will not produce a cache key because the ``cache_ok`` flag is not set to True.  Set this flag to True if this type object's state is safe to use in a cache key, or False to disable this warning.
[2021-11-29 16:41:03,026] {logging_mixin.py:109} INFO - [2021-11-29 16:41:03,026] {dag.py:2396} INFO - Sync 1 DAGs
[2021-11-29 16:41:03,052] {logging_mixin.py:109} WARNING - /usr/local/lib/python3.8/dist-packages/airflow/models/dag.py:2433 SAWarning: TypeDecorator UtcDateTime(timezone=True) will not produce a cache key because the ``cache_ok`` flag is not set to True.  Set this flag to True if this type object's state is safe to use in a cache key, or False to disable this warning.
[2021-11-29 16:41:03,085] {logging_mixin.py:109} INFO - [2021-11-29 16:41:03,085] {dag.py:2928} INFO - Setting next_dagrun for example_kubernetes_executor to None
[2021-11-29 16:41:03,414] {processor.py:171} INFO - Processing /usr/local/lib/python3.8/dist-packages/airflow/example_dags/example_kubernetes_executor.py took 0.553 seconds
[2021-11-29 16:42:05,347] {processor.py:163} INFO - Started process (PID=9687) to work on /usr/local/lib/python3.8/dist-packages/airflow/example_dags/example_kubernetes_executor.py
[2021-11-29 16:42:05,416] {processor.py:625} INFO - Processing file /usr/local/lib/python3.8/dist-packages/airflow/example_dags/example_kubernetes_executor.py for tasks to queue
[2021-11-29 16:42:05,424] {logging_mixin.py:109} INFO - [2021-11-29 16:42:05,417] {dagbag.py:500} INFO - Filling up the DagBag from /usr/local/lib/python3.8/dist-packages/airflow/example_dags/example_kubernetes_executor.py
[2021-11-29 16:42:05,488] {processor.py:637} INFO - DAG(s) dict_keys(['example_kubernetes_executor']) retrieved from /usr/local/lib/python3.8/dist-packages/airflow/example_dags/example_kubernetes_executor.py
[2021-11-29 16:42:05,516] {logging_mixin.py:109} WARNING - /usr/local/lib/python3.8/dist-packages/airflow/models/serialized_dag.py:120 SAWarning: TypeDecorator UtcDateTime(timezone=True) will not produce a cache key because the ``cache_ok`` flag is not set to True.  Set this flag to True if this type object's state is safe to use in a cache key, or False to disable this warning.
[2021-11-29 16:42:05,528] {logging_mixin.py:109} INFO - [2021-11-29 16:42:05,528] {dag.py:2396} INFO - Sync 1 DAGs
[2021-11-29 16:42:05,578] {logging_mixin.py:109} WARNING - /usr/local/lib/python3.8/dist-packages/airflow/models/dag.py:2433 SAWarning: TypeDecorator UtcDateTime(timezone=True) will not produce a cache key because the ``cache_ok`` flag is not set to True.  Set this flag to True if this type object's state is safe to use in a cache key, or False to disable this warning.
[2021-11-29 16:42:05,626] {logging_mixin.py:109} INFO - [2021-11-29 16:42:05,626] {dag.py:2928} INFO - Setting next_dagrun for example_kubernetes_executor to None
[2021-11-29 16:42:05,801] {processor.py:171} INFO - Processing /usr/local/lib/python3.8/dist-packages/airflow/example_dags/example_kubernetes_executor.py took 0.458 seconds
[2021-11-29 16:42:59,056] {processor.py:163} INFO - Started process (PID=9862) to work on /usr/local/lib/python3.8/dist-packages/airflow/example_dags/example_kubernetes_executor.py
[2021-11-29 16:42:59,065] {processor.py:625} INFO - Processing file /usr/local/lib/python3.8/dist-packages/airflow/example_dags/example_kubernetes_executor.py for tasks to queue
[2021-11-29 16:42:59,066] {logging_mixin.py:109} INFO - [2021-11-29 16:42:59,065] {dagbag.py:500} INFO - Filling up the DagBag from /usr/local/lib/python3.8/dist-packages/airflow/example_dags/example_kubernetes_executor.py
[2021-11-29 16:42:59,132] {processor.py:637} INFO - DAG(s) dict_keys(['example_kubernetes_executor']) retrieved from /usr/local/lib/python3.8/dist-packages/airflow/example_dags/example_kubernetes_executor.py
[2021-11-29 16:42:59,148] {logging_mixin.py:109} WARNING - /usr/local/lib/python3.8/dist-packages/airflow/models/serialized_dag.py:120 SAWarning: TypeDecorator UtcDateTime(timezone=True) will not produce a cache key because the ``cache_ok`` flag is not set to True.  Set this flag to True if this type object's state is safe to use in a cache key, or False to disable this warning.
[2021-11-29 16:42:59,170] {logging_mixin.py:109} INFO - [2021-11-29 16:42:59,170] {dag.py:2396} INFO - Sync 1 DAGs
[2021-11-29 16:42:59,199] {logging_mixin.py:109} WARNING - /usr/local/lib/python3.8/dist-packages/airflow/models/dag.py:2433 SAWarning: TypeDecorator UtcDateTime(timezone=True) will not produce a cache key because the ``cache_ok`` flag is not set to True.  Set this flag to True if this type object's state is safe to use in a cache key, or False to disable this warning.
[2021-11-29 16:42:59,222] {logging_mixin.py:109} INFO - [2021-11-29 16:42:59,222] {dag.py:2928} INFO - Setting next_dagrun for example_kubernetes_executor to None
[2021-11-29 16:42:59,469] {processor.py:171} INFO - Processing /usr/local/lib/python3.8/dist-packages/airflow/example_dags/example_kubernetes_executor.py took 0.429 seconds
[2021-11-29 16:43:53,589] {processor.py:163} INFO - Started process (PID=10023) to work on /usr/local/lib/python3.8/dist-packages/airflow/example_dags/example_kubernetes_executor.py
[2021-11-29 16:43:53,595] {processor.py:625} INFO - Processing file /usr/local/lib/python3.8/dist-packages/airflow/example_dags/example_kubernetes_executor.py for tasks to queue
[2021-11-29 16:43:53,596] {logging_mixin.py:109} INFO - [2021-11-29 16:43:53,596] {dagbag.py:500} INFO - Filling up the DagBag from /usr/local/lib/python3.8/dist-packages/airflow/example_dags/example_kubernetes_executor.py
[2021-11-29 16:43:53,658] {processor.py:637} INFO - DAG(s) dict_keys(['example_kubernetes_executor']) retrieved from /usr/local/lib/python3.8/dist-packages/airflow/example_dags/example_kubernetes_executor.py
[2021-11-29 16:43:53,665] {logging_mixin.py:109} WARNING - /usr/local/lib/python3.8/dist-packages/airflow/models/serialized_dag.py:120 SAWarning: TypeDecorator UtcDateTime(timezone=True) will not produce a cache key because the ``cache_ok`` flag is not set to True.  Set this flag to True if this type object's state is safe to use in a cache key, or False to disable this warning.
[2021-11-29 16:43:53,689] {logging_mixin.py:109} INFO - [2021-11-29 16:43:53,689] {dag.py:2396} INFO - Sync 1 DAGs
[2021-11-29 16:43:53,709] {logging_mixin.py:109} WARNING - /usr/local/lib/python3.8/dist-packages/airflow/models/dag.py:2433 SAWarning: TypeDecorator UtcDateTime(timezone=True) will not produce a cache key because the ``cache_ok`` flag is not set to True.  Set this flag to True if this type object's state is safe to use in a cache key, or False to disable this warning.
[2021-11-29 16:43:53,725] {logging_mixin.py:109} INFO - [2021-11-29 16:43:53,725] {dag.py:2928} INFO - Setting next_dagrun for example_kubernetes_executor to None
[2021-11-29 16:43:53,920] {processor.py:171} INFO - Processing /usr/local/lib/python3.8/dist-packages/airflow/example_dags/example_kubernetes_executor.py took 0.347 seconds
[2021-11-29 16:44:51,088] {processor.py:163} INFO - Started process (PID=10190) to work on /usr/local/lib/python3.8/dist-packages/airflow/example_dags/example_kubernetes_executor.py
[2021-11-29 16:44:51,103] {processor.py:625} INFO - Processing file /usr/local/lib/python3.8/dist-packages/airflow/example_dags/example_kubernetes_executor.py for tasks to queue
[2021-11-29 16:44:51,105] {logging_mixin.py:109} INFO - [2021-11-29 16:44:51,105] {dagbag.py:500} INFO - Filling up the DagBag from /usr/local/lib/python3.8/dist-packages/airflow/example_dags/example_kubernetes_executor.py
[2021-11-29 16:44:51,172] {processor.py:637} INFO - DAG(s) dict_keys(['example_kubernetes_executor']) retrieved from /usr/local/lib/python3.8/dist-packages/airflow/example_dags/example_kubernetes_executor.py
[2021-11-29 16:44:51,191] {logging_mixin.py:109} WARNING - /usr/local/lib/python3.8/dist-packages/airflow/models/serialized_dag.py:120 SAWarning: TypeDecorator UtcDateTime(timezone=True) will not produce a cache key because the ``cache_ok`` flag is not set to True.  Set this flag to True if this type object's state is safe to use in a cache key, or False to disable this warning.
[2021-11-29 16:44:51,226] {logging_mixin.py:109} INFO - [2021-11-29 16:44:51,225] {dag.py:2396} INFO - Sync 1 DAGs
[2021-11-29 16:44:51,266] {logging_mixin.py:109} WARNING - /usr/local/lib/python3.8/dist-packages/airflow/models/dag.py:2433 SAWarning: TypeDecorator UtcDateTime(timezone=True) will not produce a cache key because the ``cache_ok`` flag is not set to True.  Set this flag to True if this type object's state is safe to use in a cache key, or False to disable this warning.
[2021-11-29 16:44:51,290] {logging_mixin.py:109} INFO - [2021-11-29 16:44:51,290] {dag.py:2928} INFO - Setting next_dagrun for example_kubernetes_executor to None
[2021-11-29 16:44:51,683] {processor.py:171} INFO - Processing /usr/local/lib/python3.8/dist-packages/airflow/example_dags/example_kubernetes_executor.py took 0.612 seconds
[2021-11-29 16:45:46,736] {processor.py:163} INFO - Started process (PID=10359) to work on /usr/local/lib/python3.8/dist-packages/airflow/example_dags/example_kubernetes_executor.py
[2021-11-29 16:45:46,783] {processor.py:625} INFO - Processing file /usr/local/lib/python3.8/dist-packages/airflow/example_dags/example_kubernetes_executor.py for tasks to queue
[2021-11-29 16:45:46,784] {logging_mixin.py:109} INFO - [2021-11-29 16:45:46,784] {dagbag.py:500} INFO - Filling up the DagBag from /usr/local/lib/python3.8/dist-packages/airflow/example_dags/example_kubernetes_executor.py
[2021-11-29 16:45:46,848] {processor.py:637} INFO - DAG(s) dict_keys(['example_kubernetes_executor']) retrieved from /usr/local/lib/python3.8/dist-packages/airflow/example_dags/example_kubernetes_executor.py
[2021-11-29 16:45:46,866] {logging_mixin.py:109} WARNING - /usr/local/lib/python3.8/dist-packages/airflow/models/serialized_dag.py:120 SAWarning: TypeDecorator UtcDateTime(timezone=True) will not produce a cache key because the ``cache_ok`` flag is not set to True.  Set this flag to True if this type object's state is safe to use in a cache key, or False to disable this warning.
[2021-11-29 16:45:46,908] {logging_mixin.py:109} INFO - [2021-11-29 16:45:46,908] {dag.py:2396} INFO - Sync 1 DAGs
[2021-11-29 16:45:46,961] {logging_mixin.py:109} WARNING - /usr/local/lib/python3.8/dist-packages/airflow/models/dag.py:2433 SAWarning: TypeDecorator UtcDateTime(timezone=True) will not produce a cache key because the ``cache_ok`` flag is not set to True.  Set this flag to True if this type object's state is safe to use in a cache key, or False to disable this warning.
[2021-11-29 16:45:46,995] {logging_mixin.py:109} INFO - [2021-11-29 16:45:46,994] {dag.py:2928} INFO - Setting next_dagrun for example_kubernetes_executor to None
[2021-11-29 16:45:47,197] {processor.py:171} INFO - Processing /usr/local/lib/python3.8/dist-packages/airflow/example_dags/example_kubernetes_executor.py took 0.474 seconds
[2021-11-29 16:46:41,735] {processor.py:163} INFO - Started process (PID=10541) to work on /usr/local/lib/python3.8/dist-packages/airflow/example_dags/example_kubernetes_executor.py
[2021-11-29 16:46:41,761] {processor.py:625} INFO - Processing file /usr/local/lib/python3.8/dist-packages/airflow/example_dags/example_kubernetes_executor.py for tasks to queue
[2021-11-29 16:46:41,762] {logging_mixin.py:109} INFO - [2021-11-29 16:46:41,762] {dagbag.py:500} INFO - Filling up the DagBag from /usr/local/lib/python3.8/dist-packages/airflow/example_dags/example_kubernetes_executor.py
[2021-11-29 16:46:41,810] {processor.py:637} INFO - DAG(s) dict_keys(['example_kubernetes_executor']) retrieved from /usr/local/lib/python3.8/dist-packages/airflow/example_dags/example_kubernetes_executor.py
[2021-11-29 16:46:41,826] {logging_mixin.py:109} WARNING - /usr/local/lib/python3.8/dist-packages/airflow/models/serialized_dag.py:120 SAWarning: TypeDecorator UtcDateTime(timezone=True) will not produce a cache key because the ``cache_ok`` flag is not set to True.  Set this flag to True if this type object's state is safe to use in a cache key, or False to disable this warning.
[2021-11-29 16:46:41,847] {logging_mixin.py:109} INFO - [2021-11-29 16:46:41,846] {dag.py:2396} INFO - Sync 1 DAGs
[2021-11-29 16:46:41,881] {logging_mixin.py:109} WARNING - /usr/local/lib/python3.8/dist-packages/airflow/models/dag.py:2433 SAWarning: TypeDecorator UtcDateTime(timezone=True) will not produce a cache key because the ``cache_ok`` flag is not set to True.  Set this flag to True if this type object's state is safe to use in a cache key, or False to disable this warning.
[2021-11-29 16:46:41,901] {logging_mixin.py:109} INFO - [2021-11-29 16:46:41,901] {dag.py:2928} INFO - Setting next_dagrun for example_kubernetes_executor to None
[2021-11-29 16:46:42,098] {processor.py:171} INFO - Processing /usr/local/lib/python3.8/dist-packages/airflow/example_dags/example_kubernetes_executor.py took 0.376 seconds
