[2021-11-29 16:15:18,508] {processor.py:163} INFO - Started process (PID=4943) to work on /usr/local/lib/python3.8/dist-packages/airflow/example_dags/example_task_group_decorator.py
[2021-11-29 16:15:18,526] {processor.py:625} INFO - Processing file /usr/local/lib/python3.8/dist-packages/airflow/example_dags/example_task_group_decorator.py for tasks to queue
[2021-11-29 16:15:18,526] {logging_mixin.py:109} INFO - [2021-11-29 16:15:18,526] {dagbag.py:500} INFO - Filling up the DagBag from /usr/local/lib/python3.8/dist-packages/airflow/example_dags/example_task_group_decorator.py
[2021-11-29 16:15:18,690] {processor.py:637} INFO - DAG(s) dict_keys(['example_task_group_decorator']) retrieved from /usr/local/lib/python3.8/dist-packages/airflow/example_dags/example_task_group_decorator.py
[2021-11-29 16:15:18,698] {logging_mixin.py:109} WARNING - /usr/local/lib/python3.8/dist-packages/airflow/models/serialized_dag.py:120 SAWarning: TypeDecorator UtcDateTime(timezone=True) will not produce a cache key because the ``cache_ok`` flag is not set to True.  Set this flag to True if this type object's state is safe to use in a cache key, or False to disable this warning.
[2021-11-29 16:15:19,322] {logging_mixin.py:109} INFO - [2021-11-29 16:15:19,321] {dag.py:2396} INFO - Sync 1 DAGs
[2021-11-29 16:15:19,337] {logging_mixin.py:109} WARNING - /usr/local/lib/python3.8/dist-packages/airflow/models/dag.py:2433 SAWarning: TypeDecorator UtcDateTime(timezone=True) will not produce a cache key because the ``cache_ok`` flag is not set to True.  Set this flag to True if this type object's state is safe to use in a cache key, or False to disable this warning.
[2021-11-29 16:15:19,350] {logging_mixin.py:109} INFO - [2021-11-29 16:15:19,350] {dag.py:2928} INFO - Setting next_dagrun for example_task_group_decorator to 2021-11-28T10:45:19.349912+00:00
[2021-11-29 16:15:19,537] {processor.py:171} INFO - Processing /usr/local/lib/python3.8/dist-packages/airflow/example_dags/example_task_group_decorator.py took 1.048 seconds
[2021-11-29 16:16:24,557] {processor.py:163} INFO - Started process (PID=5121) to work on /usr/local/lib/python3.8/dist-packages/airflow/example_dags/example_task_group_decorator.py
[2021-11-29 16:16:24,592] {processor.py:625} INFO - Processing file /usr/local/lib/python3.8/dist-packages/airflow/example_dags/example_task_group_decorator.py for tasks to queue
[2021-11-29 16:16:24,592] {logging_mixin.py:109} INFO - [2021-11-29 16:16:24,592] {dagbag.py:500} INFO - Filling up the DagBag from /usr/local/lib/python3.8/dist-packages/airflow/example_dags/example_task_group_decorator.py
[2021-11-29 16:16:24,697] {processor.py:637} INFO - DAG(s) dict_keys(['example_task_group_decorator']) retrieved from /usr/local/lib/python3.8/dist-packages/airflow/example_dags/example_task_group_decorator.py
[2021-11-29 16:16:24,703] {logging_mixin.py:109} WARNING - /usr/local/lib/python3.8/dist-packages/airflow/models/serialized_dag.py:120 SAWarning: TypeDecorator UtcDateTime(timezone=True) will not produce a cache key because the ``cache_ok`` flag is not set to True.  Set this flag to True if this type object's state is safe to use in a cache key, or False to disable this warning.
[2021-11-29 16:16:25,388] {logging_mixin.py:109} INFO - [2021-11-29 16:16:25,387] {dag.py:2396} INFO - Sync 1 DAGs
[2021-11-29 16:16:25,425] {logging_mixin.py:109} WARNING - /usr/local/lib/python3.8/dist-packages/airflow/models/dag.py:2433 SAWarning: TypeDecorator UtcDateTime(timezone=True) will not produce a cache key because the ``cache_ok`` flag is not set to True.  Set this flag to True if this type object's state is safe to use in a cache key, or False to disable this warning.
[2021-11-29 16:16:25,465] {logging_mixin.py:109} INFO - [2021-11-29 16:16:25,465] {dag.py:2928} INFO - Setting next_dagrun for example_task_group_decorator to 2021-11-28T10:46:25.455157+00:00
[2021-11-29 16:16:25,724] {processor.py:171} INFO - Processing /usr/local/lib/python3.8/dist-packages/airflow/example_dags/example_task_group_decorator.py took 1.180 seconds
[2021-11-29 16:17:20,139] {processor.py:163} INFO - Started process (PID=5301) to work on /usr/local/lib/python3.8/dist-packages/airflow/example_dags/example_task_group_decorator.py
[2021-11-29 16:17:20,170] {processor.py:625} INFO - Processing file /usr/local/lib/python3.8/dist-packages/airflow/example_dags/example_task_group_decorator.py for tasks to queue
[2021-11-29 16:17:20,170] {logging_mixin.py:109} INFO - [2021-11-29 16:17:20,170] {dagbag.py:500} INFO - Filling up the DagBag from /usr/local/lib/python3.8/dist-packages/airflow/example_dags/example_task_group_decorator.py
[2021-11-29 16:17:20,264] {processor.py:637} INFO - DAG(s) dict_keys(['example_task_group_decorator']) retrieved from /usr/local/lib/python3.8/dist-packages/airflow/example_dags/example_task_group_decorator.py
[2021-11-29 16:17:20,274] {logging_mixin.py:109} WARNING - /usr/local/lib/python3.8/dist-packages/airflow/models/serialized_dag.py:120 SAWarning: TypeDecorator UtcDateTime(timezone=True) will not produce a cache key because the ``cache_ok`` flag is not set to True.  Set this flag to True if this type object's state is safe to use in a cache key, or False to disable this warning.
[2021-11-29 16:17:20,801] {logging_mixin.py:109} INFO - [2021-11-29 16:17:20,801] {dag.py:2396} INFO - Sync 1 DAGs
[2021-11-29 16:17:20,816] {logging_mixin.py:109} WARNING - /usr/local/lib/python3.8/dist-packages/airflow/models/dag.py:2433 SAWarning: TypeDecorator UtcDateTime(timezone=True) will not produce a cache key because the ``cache_ok`` flag is not set to True.  Set this flag to True if this type object's state is safe to use in a cache key, or False to disable this warning.
[2021-11-29 16:17:20,849] {logging_mixin.py:109} INFO - [2021-11-29 16:17:20,849] {dag.py:2928} INFO - Setting next_dagrun for example_task_group_decorator to 2021-11-28T10:47:20.849144+00:00
[2021-11-29 16:17:21,040] {processor.py:171} INFO - Processing /usr/local/lib/python3.8/dist-packages/airflow/example_dags/example_task_group_decorator.py took 0.915 seconds
[2021-11-29 16:18:16,168] {processor.py:163} INFO - Started process (PID=5477) to work on /usr/local/lib/python3.8/dist-packages/airflow/example_dags/example_task_group_decorator.py
[2021-11-29 16:18:16,180] {processor.py:625} INFO - Processing file /usr/local/lib/python3.8/dist-packages/airflow/example_dags/example_task_group_decorator.py for tasks to queue
[2021-11-29 16:18:16,182] {logging_mixin.py:109} INFO - [2021-11-29 16:18:16,182] {dagbag.py:500} INFO - Filling up the DagBag from /usr/local/lib/python3.8/dist-packages/airflow/example_dags/example_task_group_decorator.py
[2021-11-29 16:18:16,322] {processor.py:637} INFO - DAG(s) dict_keys(['example_task_group_decorator']) retrieved from /usr/local/lib/python3.8/dist-packages/airflow/example_dags/example_task_group_decorator.py
[2021-11-29 16:18:16,340] {logging_mixin.py:109} WARNING - /usr/local/lib/python3.8/dist-packages/airflow/models/serialized_dag.py:120 SAWarning: TypeDecorator UtcDateTime(timezone=True) will not produce a cache key because the ``cache_ok`` flag is not set to True.  Set this flag to True if this type object's state is safe to use in a cache key, or False to disable this warning.
[2021-11-29 16:18:16,937] {logging_mixin.py:109} INFO - [2021-11-29 16:18:16,936] {dag.py:2396} INFO - Sync 1 DAGs
[2021-11-29 16:18:16,953] {logging_mixin.py:109} WARNING - /usr/local/lib/python3.8/dist-packages/airflow/models/dag.py:2433 SAWarning: TypeDecorator UtcDateTime(timezone=True) will not produce a cache key because the ``cache_ok`` flag is not set to True.  Set this flag to True if this type object's state is safe to use in a cache key, or False to disable this warning.
[2021-11-29 16:18:16,969] {logging_mixin.py:109} INFO - [2021-11-29 16:18:16,969] {dag.py:2928} INFO - Setting next_dagrun for example_task_group_decorator to 2021-11-28T10:48:16.968613+00:00
[2021-11-29 16:18:17,215] {processor.py:171} INFO - Processing /usr/local/lib/python3.8/dist-packages/airflow/example_dags/example_task_group_decorator.py took 1.052 seconds
[2021-11-29 16:19:13,797] {processor.py:163} INFO - Started process (PID=5641) to work on /usr/local/lib/python3.8/dist-packages/airflow/example_dags/example_task_group_decorator.py
[2021-11-29 16:19:13,824] {processor.py:625} INFO - Processing file /usr/local/lib/python3.8/dist-packages/airflow/example_dags/example_task_group_decorator.py for tasks to queue
[2021-11-29 16:19:13,827] {logging_mixin.py:109} INFO - [2021-11-29 16:19:13,826] {dagbag.py:500} INFO - Filling up the DagBag from /usr/local/lib/python3.8/dist-packages/airflow/example_dags/example_task_group_decorator.py
[2021-11-29 16:19:13,937] {processor.py:637} INFO - DAG(s) dict_keys(['example_task_group_decorator']) retrieved from /usr/local/lib/python3.8/dist-packages/airflow/example_dags/example_task_group_decorator.py
[2021-11-29 16:19:13,945] {logging_mixin.py:109} WARNING - /usr/local/lib/python3.8/dist-packages/airflow/models/serialized_dag.py:120 SAWarning: TypeDecorator UtcDateTime(timezone=True) will not produce a cache key because the ``cache_ok`` flag is not set to True.  Set this flag to True if this type object's state is safe to use in a cache key, or False to disable this warning.
[2021-11-29 16:19:14,573] {logging_mixin.py:109} INFO - [2021-11-29 16:19:14,572] {dag.py:2396} INFO - Sync 1 DAGs
[2021-11-29 16:19:14,586] {logging_mixin.py:109} WARNING - /usr/local/lib/python3.8/dist-packages/airflow/models/dag.py:2433 SAWarning: TypeDecorator UtcDateTime(timezone=True) will not produce a cache key because the ``cache_ok`` flag is not set to True.  Set this flag to True if this type object's state is safe to use in a cache key, or False to disable this warning.
[2021-11-29 16:19:14,599] {logging_mixin.py:109} INFO - [2021-11-29 16:19:14,599] {dag.py:2928} INFO - Setting next_dagrun for example_task_group_decorator to 2021-11-28T10:49:14.598779+00:00
[2021-11-29 16:19:14,953] {processor.py:171} INFO - Processing /usr/local/lib/python3.8/dist-packages/airflow/example_dags/example_task_group_decorator.py took 1.171 seconds
[2021-11-29 16:20:09,565] {processor.py:163} INFO - Started process (PID=5811) to work on /usr/local/lib/python3.8/dist-packages/airflow/example_dags/example_task_group_decorator.py
[2021-11-29 16:20:09,607] {processor.py:625} INFO - Processing file /usr/local/lib/python3.8/dist-packages/airflow/example_dags/example_task_group_decorator.py for tasks to queue
[2021-11-29 16:20:09,608] {logging_mixin.py:109} INFO - [2021-11-29 16:20:09,608] {dagbag.py:500} INFO - Filling up the DagBag from /usr/local/lib/python3.8/dist-packages/airflow/example_dags/example_task_group_decorator.py
[2021-11-29 16:20:09,734] {processor.py:637} INFO - DAG(s) dict_keys(['example_task_group_decorator']) retrieved from /usr/local/lib/python3.8/dist-packages/airflow/example_dags/example_task_group_decorator.py
[2021-11-29 16:20:09,760] {logging_mixin.py:109} WARNING - /usr/local/lib/python3.8/dist-packages/airflow/models/serialized_dag.py:120 SAWarning: TypeDecorator UtcDateTime(timezone=True) will not produce a cache key because the ``cache_ok`` flag is not set to True.  Set this flag to True if this type object's state is safe to use in a cache key, or False to disable this warning.
[2021-11-29 16:20:10,343] {logging_mixin.py:109} INFO - [2021-11-29 16:20:10,342] {dag.py:2396} INFO - Sync 1 DAGs
[2021-11-29 16:20:10,357] {logging_mixin.py:109} WARNING - /usr/local/lib/python3.8/dist-packages/airflow/models/dag.py:2433 SAWarning: TypeDecorator UtcDateTime(timezone=True) will not produce a cache key because the ``cache_ok`` flag is not set to True.  Set this flag to True if this type object's state is safe to use in a cache key, or False to disable this warning.
[2021-11-29 16:20:10,369] {logging_mixin.py:109} INFO - [2021-11-29 16:20:10,369] {dag.py:2928} INFO - Setting next_dagrun for example_task_group_decorator to 2021-11-28T10:50:10.369404+00:00
[2021-11-29 16:20:10,587] {processor.py:171} INFO - Processing /usr/local/lib/python3.8/dist-packages/airflow/example_dags/example_task_group_decorator.py took 1.037 seconds
[2021-11-29 16:21:02,206] {processor.py:163} INFO - Started process (PID=5981) to work on /usr/local/lib/python3.8/dist-packages/airflow/example_dags/example_task_group_decorator.py
[2021-11-29 16:21:02,222] {processor.py:625} INFO - Processing file /usr/local/lib/python3.8/dist-packages/airflow/example_dags/example_task_group_decorator.py for tasks to queue
[2021-11-29 16:21:02,223] {logging_mixin.py:109} INFO - [2021-11-29 16:21:02,222] {dagbag.py:500} INFO - Filling up the DagBag from /usr/local/lib/python3.8/dist-packages/airflow/example_dags/example_task_group_decorator.py
[2021-11-29 16:21:02,361] {processor.py:637} INFO - DAG(s) dict_keys(['example_task_group_decorator']) retrieved from /usr/local/lib/python3.8/dist-packages/airflow/example_dags/example_task_group_decorator.py
[2021-11-29 16:21:02,378] {logging_mixin.py:109} WARNING - /usr/local/lib/python3.8/dist-packages/airflow/models/serialized_dag.py:120 SAWarning: TypeDecorator UtcDateTime(timezone=True) will not produce a cache key because the ``cache_ok`` flag is not set to True.  Set this flag to True if this type object's state is safe to use in a cache key, or False to disable this warning.
[2021-11-29 16:21:02,963] {logging_mixin.py:109} INFO - [2021-11-29 16:21:02,963] {dag.py:2396} INFO - Sync 1 DAGs
[2021-11-29 16:21:02,991] {logging_mixin.py:109} WARNING - /usr/local/lib/python3.8/dist-packages/airflow/models/dag.py:2433 SAWarning: TypeDecorator UtcDateTime(timezone=True) will not produce a cache key because the ``cache_ok`` flag is not set to True.  Set this flag to True if this type object's state is safe to use in a cache key, or False to disable this warning.
[2021-11-29 16:21:03,005] {logging_mixin.py:109} INFO - [2021-11-29 16:21:03,004] {dag.py:2928} INFO - Setting next_dagrun for example_task_group_decorator to 2021-11-28T10:51:03.004556+00:00
[2021-11-29 16:21:03,278] {processor.py:171} INFO - Processing /usr/local/lib/python3.8/dist-packages/airflow/example_dags/example_task_group_decorator.py took 1.087 seconds
[2021-11-29 16:21:56,165] {processor.py:163} INFO - Started process (PID=6150) to work on /usr/local/lib/python3.8/dist-packages/airflow/example_dags/example_task_group_decorator.py
[2021-11-29 16:21:56,182] {processor.py:625} INFO - Processing file /usr/local/lib/python3.8/dist-packages/airflow/example_dags/example_task_group_decorator.py for tasks to queue
[2021-11-29 16:21:56,182] {logging_mixin.py:109} INFO - [2021-11-29 16:21:56,182] {dagbag.py:500} INFO - Filling up the DagBag from /usr/local/lib/python3.8/dist-packages/airflow/example_dags/example_task_group_decorator.py
[2021-11-29 16:21:56,285] {processor.py:637} INFO - DAG(s) dict_keys(['example_task_group_decorator']) retrieved from /usr/local/lib/python3.8/dist-packages/airflow/example_dags/example_task_group_decorator.py
[2021-11-29 16:21:56,292] {logging_mixin.py:109} WARNING - /usr/local/lib/python3.8/dist-packages/airflow/models/serialized_dag.py:120 SAWarning: TypeDecorator UtcDateTime(timezone=True) will not produce a cache key because the ``cache_ok`` flag is not set to True.  Set this flag to True if this type object's state is safe to use in a cache key, or False to disable this warning.
[2021-11-29 16:21:57,048] {logging_mixin.py:109} INFO - [2021-11-29 16:21:57,047] {dag.py:2396} INFO - Sync 1 DAGs
[2021-11-29 16:21:57,062] {logging_mixin.py:109} WARNING - /usr/local/lib/python3.8/dist-packages/airflow/models/dag.py:2433 SAWarning: TypeDecorator UtcDateTime(timezone=True) will not produce a cache key because the ``cache_ok`` flag is not set to True.  Set this flag to True if this type object's state is safe to use in a cache key, or False to disable this warning.
[2021-11-29 16:21:57,078] {logging_mixin.py:109} INFO - [2021-11-29 16:21:57,077] {dag.py:2928} INFO - Setting next_dagrun for example_task_group_decorator to 2021-11-28T10:51:57.077521+00:00
[2021-11-29 16:21:57,399] {processor.py:171} INFO - Processing /usr/local/lib/python3.8/dist-packages/airflow/example_dags/example_task_group_decorator.py took 1.249 seconds
[2021-11-29 16:22:56,605] {processor.py:163} INFO - Started process (PID=6338) to work on /usr/local/lib/python3.8/dist-packages/airflow/example_dags/example_task_group_decorator.py
[2021-11-29 16:22:56,612] {processor.py:625} INFO - Processing file /usr/local/lib/python3.8/dist-packages/airflow/example_dags/example_task_group_decorator.py for tasks to queue
[2021-11-29 16:22:56,614] {logging_mixin.py:109} INFO - [2021-11-29 16:22:56,614] {dagbag.py:500} INFO - Filling up the DagBag from /usr/local/lib/python3.8/dist-packages/airflow/example_dags/example_task_group_decorator.py
[2021-11-29 16:22:56,754] {processor.py:637} INFO - DAG(s) dict_keys(['example_task_group_decorator']) retrieved from /usr/local/lib/python3.8/dist-packages/airflow/example_dags/example_task_group_decorator.py
[2021-11-29 16:22:56,760] {logging_mixin.py:109} WARNING - /usr/local/lib/python3.8/dist-packages/airflow/models/serialized_dag.py:120 SAWarning: TypeDecorator UtcDateTime(timezone=True) will not produce a cache key because the ``cache_ok`` flag is not set to True.  Set this flag to True if this type object's state is safe to use in a cache key, or False to disable this warning.
[2021-11-29 16:22:57,399] {logging_mixin.py:109} INFO - [2021-11-29 16:22:57,399] {dag.py:2396} INFO - Sync 1 DAGs
[2021-11-29 16:22:57,415] {logging_mixin.py:109} WARNING - /usr/local/lib/python3.8/dist-packages/airflow/models/dag.py:2433 SAWarning: TypeDecorator UtcDateTime(timezone=True) will not produce a cache key because the ``cache_ok`` flag is not set to True.  Set this flag to True if this type object's state is safe to use in a cache key, or False to disable this warning.
[2021-11-29 16:22:57,434] {logging_mixin.py:109} INFO - [2021-11-29 16:22:57,434] {dag.py:2928} INFO - Setting next_dagrun for example_task_group_decorator to 2021-11-28T10:52:57.424560+00:00
[2021-11-29 16:22:57,686] {processor.py:171} INFO - Processing /usr/local/lib/python3.8/dist-packages/airflow/example_dags/example_task_group_decorator.py took 1.096 seconds
[2021-11-29 16:23:49,944] {processor.py:163} INFO - Started process (PID=6506) to work on /usr/local/lib/python3.8/dist-packages/airflow/example_dags/example_task_group_decorator.py
[2021-11-29 16:23:49,964] {processor.py:625} INFO - Processing file /usr/local/lib/python3.8/dist-packages/airflow/example_dags/example_task_group_decorator.py for tasks to queue
[2021-11-29 16:23:49,965] {logging_mixin.py:109} INFO - [2021-11-29 16:23:49,965] {dagbag.py:500} INFO - Filling up the DagBag from /usr/local/lib/python3.8/dist-packages/airflow/example_dags/example_task_group_decorator.py
[2021-11-29 16:23:50,074] {processor.py:637} INFO - DAG(s) dict_keys(['example_task_group_decorator']) retrieved from /usr/local/lib/python3.8/dist-packages/airflow/example_dags/example_task_group_decorator.py
[2021-11-29 16:23:50,090] {logging_mixin.py:109} WARNING - /usr/local/lib/python3.8/dist-packages/airflow/models/serialized_dag.py:120 SAWarning: TypeDecorator UtcDateTime(timezone=True) will not produce a cache key because the ``cache_ok`` flag is not set to True.  Set this flag to True if this type object's state is safe to use in a cache key, or False to disable this warning.
[2021-11-29 16:23:50,777] {logging_mixin.py:109} INFO - [2021-11-29 16:23:50,777] {dag.py:2396} INFO - Sync 1 DAGs
[2021-11-29 16:23:50,793] {logging_mixin.py:109} WARNING - /usr/local/lib/python3.8/dist-packages/airflow/models/dag.py:2433 SAWarning: TypeDecorator UtcDateTime(timezone=True) will not produce a cache key because the ``cache_ok`` flag is not set to True.  Set this flag to True if this type object's state is safe to use in a cache key, or False to disable this warning.
[2021-11-29 16:23:50,814] {logging_mixin.py:109} INFO - [2021-11-29 16:23:50,814] {dag.py:2928} INFO - Setting next_dagrun for example_task_group_decorator to 2021-11-28T10:53:50.813737+00:00
[2021-11-29 16:23:51,005] {processor.py:171} INFO - Processing /usr/local/lib/python3.8/dist-packages/airflow/example_dags/example_task_group_decorator.py took 1.075 seconds
[2021-11-29 16:24:52,129] {processor.py:163} INFO - Started process (PID=6667) to work on /usr/local/lib/python3.8/dist-packages/airflow/example_dags/example_task_group_decorator.py
[2021-11-29 16:24:52,143] {processor.py:625} INFO - Processing file /usr/local/lib/python3.8/dist-packages/airflow/example_dags/example_task_group_decorator.py for tasks to queue
[2021-11-29 16:24:52,144] {logging_mixin.py:109} INFO - [2021-11-29 16:24:52,144] {dagbag.py:500} INFO - Filling up the DagBag from /usr/local/lib/python3.8/dist-packages/airflow/example_dags/example_task_group_decorator.py
[2021-11-29 16:24:52,290] {processor.py:637} INFO - DAG(s) dict_keys(['example_task_group_decorator']) retrieved from /usr/local/lib/python3.8/dist-packages/airflow/example_dags/example_task_group_decorator.py
[2021-11-29 16:24:52,297] {logging_mixin.py:109} WARNING - /usr/local/lib/python3.8/dist-packages/airflow/models/serialized_dag.py:120 SAWarning: TypeDecorator UtcDateTime(timezone=True) will not produce a cache key because the ``cache_ok`` flag is not set to True.  Set this flag to True if this type object's state is safe to use in a cache key, or False to disable this warning.
[2021-11-29 16:24:52,950] {logging_mixin.py:109} INFO - [2021-11-29 16:24:52,949] {dag.py:2396} INFO - Sync 1 DAGs
[2021-11-29 16:24:52,970] {logging_mixin.py:109} WARNING - /usr/local/lib/python3.8/dist-packages/airflow/models/dag.py:2433 SAWarning: TypeDecorator UtcDateTime(timezone=True) will not produce a cache key because the ``cache_ok`` flag is not set to True.  Set this flag to True if this type object's state is safe to use in a cache key, or False to disable this warning.
[2021-11-29 16:24:52,985] {logging_mixin.py:109} INFO - [2021-11-29 16:24:52,985] {dag.py:2928} INFO - Setting next_dagrun for example_task_group_decorator to 2021-11-28T10:54:52.984815+00:00
[2021-11-29 16:24:53,194] {processor.py:171} INFO - Processing /usr/local/lib/python3.8/dist-packages/airflow/example_dags/example_task_group_decorator.py took 1.069 seconds
[2021-11-29 16:25:48,277] {processor.py:163} INFO - Started process (PID=6840) to work on /usr/local/lib/python3.8/dist-packages/airflow/example_dags/example_task_group_decorator.py
[2021-11-29 16:25:48,325] {processor.py:625} INFO - Processing file /usr/local/lib/python3.8/dist-packages/airflow/example_dags/example_task_group_decorator.py for tasks to queue
[2021-11-29 16:25:48,325] {logging_mixin.py:109} INFO - [2021-11-29 16:25:48,325] {dagbag.py:500} INFO - Filling up the DagBag from /usr/local/lib/python3.8/dist-packages/airflow/example_dags/example_task_group_decorator.py
[2021-11-29 16:25:48,434] {processor.py:637} INFO - DAG(s) dict_keys(['example_task_group_decorator']) retrieved from /usr/local/lib/python3.8/dist-packages/airflow/example_dags/example_task_group_decorator.py
[2021-11-29 16:25:48,465] {logging_mixin.py:109} WARNING - /usr/local/lib/python3.8/dist-packages/airflow/models/serialized_dag.py:120 SAWarning: TypeDecorator UtcDateTime(timezone=True) will not produce a cache key because the ``cache_ok`` flag is not set to True.  Set this flag to True if this type object's state is safe to use in a cache key, or False to disable this warning.
[2021-11-29 16:25:49,063] {logging_mixin.py:109} INFO - [2021-11-29 16:25:49,063] {dag.py:2396} INFO - Sync 1 DAGs
[2021-11-29 16:25:49,080] {logging_mixin.py:109} WARNING - /usr/local/lib/python3.8/dist-packages/airflow/models/dag.py:2433 SAWarning: TypeDecorator UtcDateTime(timezone=True) will not produce a cache key because the ``cache_ok`` flag is not set to True.  Set this flag to True if this type object's state is safe to use in a cache key, or False to disable this warning.
[2021-11-29 16:25:49,093] {logging_mixin.py:109} INFO - [2021-11-29 16:25:49,093] {dag.py:2928} INFO - Setting next_dagrun for example_task_group_decorator to 2021-11-28T10:55:49.093097+00:00
[2021-11-29 16:25:49,639] {processor.py:171} INFO - Processing /usr/local/lib/python3.8/dist-packages/airflow/example_dags/example_task_group_decorator.py took 1.377 seconds
[2021-11-29 16:26:42,716] {processor.py:163} INFO - Started process (PID=7008) to work on /usr/local/lib/python3.8/dist-packages/airflow/example_dags/example_task_group_decorator.py
[2021-11-29 16:26:42,729] {processor.py:625} INFO - Processing file /usr/local/lib/python3.8/dist-packages/airflow/example_dags/example_task_group_decorator.py for tasks to queue
[2021-11-29 16:26:42,730] {logging_mixin.py:109} INFO - [2021-11-29 16:26:42,730] {dagbag.py:500} INFO - Filling up the DagBag from /usr/local/lib/python3.8/dist-packages/airflow/example_dags/example_task_group_decorator.py
[2021-11-29 16:26:42,852] {processor.py:637} INFO - DAG(s) dict_keys(['example_task_group_decorator']) retrieved from /usr/local/lib/python3.8/dist-packages/airflow/example_dags/example_task_group_decorator.py
[2021-11-29 16:26:42,869] {logging_mixin.py:109} WARNING - /usr/local/lib/python3.8/dist-packages/airflow/models/serialized_dag.py:120 SAWarning: TypeDecorator UtcDateTime(timezone=True) will not produce a cache key because the ``cache_ok`` flag is not set to True.  Set this flag to True if this type object's state is safe to use in a cache key, or False to disable this warning.
[2021-11-29 16:26:43,372] {logging_mixin.py:109} INFO - [2021-11-29 16:26:43,371] {dag.py:2396} INFO - Sync 1 DAGs
[2021-11-29 16:26:43,411] {logging_mixin.py:109} WARNING - /usr/local/lib/python3.8/dist-packages/airflow/models/dag.py:2433 SAWarning: TypeDecorator UtcDateTime(timezone=True) will not produce a cache key because the ``cache_ok`` flag is not set to True.  Set this flag to True if this type object's state is safe to use in a cache key, or False to disable this warning.
[2021-11-29 16:26:43,449] {logging_mixin.py:109} INFO - [2021-11-29 16:26:43,448] {dag.py:2928} INFO - Setting next_dagrun for example_task_group_decorator to 2021-11-28T10:56:43.448468+00:00
[2021-11-29 16:26:43,686] {processor.py:171} INFO - Processing /usr/local/lib/python3.8/dist-packages/airflow/example_dags/example_task_group_decorator.py took 0.986 seconds
[2021-11-29 16:27:36,056] {processor.py:163} INFO - Started process (PID=7166) to work on /usr/local/lib/python3.8/dist-packages/airflow/example_dags/example_task_group_decorator.py
[2021-11-29 16:27:36,103] {processor.py:625} INFO - Processing file /usr/local/lib/python3.8/dist-packages/airflow/example_dags/example_task_group_decorator.py for tasks to queue
[2021-11-29 16:27:36,104] {logging_mixin.py:109} INFO - [2021-11-29 16:27:36,104] {dagbag.py:500} INFO - Filling up the DagBag from /usr/local/lib/python3.8/dist-packages/airflow/example_dags/example_task_group_decorator.py
[2021-11-29 16:27:36,237] {processor.py:637} INFO - DAG(s) dict_keys(['example_task_group_decorator']) retrieved from /usr/local/lib/python3.8/dist-packages/airflow/example_dags/example_task_group_decorator.py
[2021-11-29 16:27:36,246] {logging_mixin.py:109} WARNING - /usr/local/lib/python3.8/dist-packages/airflow/models/serialized_dag.py:120 SAWarning: TypeDecorator UtcDateTime(timezone=True) will not produce a cache key because the ``cache_ok`` flag is not set to True.  Set this flag to True if this type object's state is safe to use in a cache key, or False to disable this warning.
[2021-11-29 16:27:36,830] {logging_mixin.py:109} INFO - [2021-11-29 16:27:36,829] {dag.py:2396} INFO - Sync 1 DAGs
[2021-11-29 16:27:36,844] {logging_mixin.py:109} WARNING - /usr/local/lib/python3.8/dist-packages/airflow/models/dag.py:2433 SAWarning: TypeDecorator UtcDateTime(timezone=True) will not produce a cache key because the ``cache_ok`` flag is not set to True.  Set this flag to True if this type object's state is safe to use in a cache key, or False to disable this warning.
[2021-11-29 16:27:36,858] {logging_mixin.py:109} INFO - [2021-11-29 16:27:36,858] {dag.py:2928} INFO - Setting next_dagrun for example_task_group_decorator to 2021-11-28T10:57:36.857903+00:00
[2021-11-29 16:27:37,134] {processor.py:171} INFO - Processing /usr/local/lib/python3.8/dist-packages/airflow/example_dags/example_task_group_decorator.py took 1.093 seconds
[2021-11-29 16:28:34,074] {processor.py:163} INFO - Started process (PID=7329) to work on /usr/local/lib/python3.8/dist-packages/airflow/example_dags/example_task_group_decorator.py
[2021-11-29 16:28:34,148] {processor.py:625} INFO - Processing file /usr/local/lib/python3.8/dist-packages/airflow/example_dags/example_task_group_decorator.py for tasks to queue
[2021-11-29 16:28:34,150] {logging_mixin.py:109} INFO - [2021-11-29 16:28:34,149] {dagbag.py:500} INFO - Filling up the DagBag from /usr/local/lib/python3.8/dist-packages/airflow/example_dags/example_task_group_decorator.py
[2021-11-29 16:28:34,294] {processor.py:637} INFO - DAG(s) dict_keys(['example_task_group_decorator']) retrieved from /usr/local/lib/python3.8/dist-packages/airflow/example_dags/example_task_group_decorator.py
[2021-11-29 16:28:34,300] {logging_mixin.py:109} WARNING - /usr/local/lib/python3.8/dist-packages/airflow/models/serialized_dag.py:120 SAWarning: TypeDecorator UtcDateTime(timezone=True) will not produce a cache key because the ``cache_ok`` flag is not set to True.  Set this flag to True if this type object's state is safe to use in a cache key, or False to disable this warning.
[2021-11-29 16:28:35,022] {logging_mixin.py:109} INFO - [2021-11-29 16:28:35,021] {dag.py:2396} INFO - Sync 1 DAGs
[2021-11-29 16:28:35,040] {logging_mixin.py:109} WARNING - /usr/local/lib/python3.8/dist-packages/airflow/models/dag.py:2433 SAWarning: TypeDecorator UtcDateTime(timezone=True) will not produce a cache key because the ``cache_ok`` flag is not set to True.  Set this flag to True if this type object's state is safe to use in a cache key, or False to disable this warning.
[2021-11-29 16:28:35,057] {logging_mixin.py:109} INFO - [2021-11-29 16:28:35,057] {dag.py:2928} INFO - Setting next_dagrun for example_task_group_decorator to 2021-11-28T10:58:35.057190+00:00
[2021-11-29 16:28:35,367] {processor.py:171} INFO - Processing /usr/local/lib/python3.8/dist-packages/airflow/example_dags/example_task_group_decorator.py took 1.298 seconds
[2021-11-29 16:29:32,445] {processor.py:163} INFO - Started process (PID=7493) to work on /usr/local/lib/python3.8/dist-packages/airflow/example_dags/example_task_group_decorator.py
[2021-11-29 16:29:32,490] {processor.py:625} INFO - Processing file /usr/local/lib/python3.8/dist-packages/airflow/example_dags/example_task_group_decorator.py for tasks to queue
[2021-11-29 16:29:32,491] {logging_mixin.py:109} INFO - [2021-11-29 16:29:32,491] {dagbag.py:500} INFO - Filling up the DagBag from /usr/local/lib/python3.8/dist-packages/airflow/example_dags/example_task_group_decorator.py
[2021-11-29 16:29:32,654] {processor.py:637} INFO - DAG(s) dict_keys(['example_task_group_decorator']) retrieved from /usr/local/lib/python3.8/dist-packages/airflow/example_dags/example_task_group_decorator.py
[2021-11-29 16:29:32,671] {logging_mixin.py:109} WARNING - /usr/local/lib/python3.8/dist-packages/airflow/models/serialized_dag.py:120 SAWarning: TypeDecorator UtcDateTime(timezone=True) will not produce a cache key because the ``cache_ok`` flag is not set to True.  Set this flag to True if this type object's state is safe to use in a cache key, or False to disable this warning.
[2021-11-29 16:29:33,497] {logging_mixin.py:109} INFO - [2021-11-29 16:29:33,494] {dag.py:2396} INFO - Sync 1 DAGs
[2021-11-29 16:29:33,532] {logging_mixin.py:109} WARNING - /usr/local/lib/python3.8/dist-packages/airflow/models/dag.py:2433 SAWarning: TypeDecorator UtcDateTime(timezone=True) will not produce a cache key because the ``cache_ok`` flag is not set to True.  Set this flag to True if this type object's state is safe to use in a cache key, or False to disable this warning.
[2021-11-29 16:29:33,550] {logging_mixin.py:109} INFO - [2021-11-29 16:29:33,549] {dag.py:2928} INFO - Setting next_dagrun for example_task_group_decorator to 2021-11-28T10:59:33.549516+00:00
[2021-11-29 16:29:33,836] {processor.py:171} INFO - Processing /usr/local/lib/python3.8/dist-packages/airflow/example_dags/example_task_group_decorator.py took 1.405 seconds
[2021-11-29 16:30:28,579] {processor.py:163} INFO - Started process (PID=7655) to work on /usr/local/lib/python3.8/dist-packages/airflow/example_dags/example_task_group_decorator.py
[2021-11-29 16:30:28,592] {processor.py:625} INFO - Processing file /usr/local/lib/python3.8/dist-packages/airflow/example_dags/example_task_group_decorator.py for tasks to queue
[2021-11-29 16:30:28,593] {logging_mixin.py:109} INFO - [2021-11-29 16:30:28,593] {dagbag.py:500} INFO - Filling up the DagBag from /usr/local/lib/python3.8/dist-packages/airflow/example_dags/example_task_group_decorator.py
[2021-11-29 16:30:28,729] {processor.py:637} INFO - DAG(s) dict_keys(['example_task_group_decorator']) retrieved from /usr/local/lib/python3.8/dist-packages/airflow/example_dags/example_task_group_decorator.py
[2021-11-29 16:30:28,739] {logging_mixin.py:109} WARNING - /usr/local/lib/python3.8/dist-packages/airflow/models/serialized_dag.py:120 SAWarning: TypeDecorator UtcDateTime(timezone=True) will not produce a cache key because the ``cache_ok`` flag is not set to True.  Set this flag to True if this type object's state is safe to use in a cache key, or False to disable this warning.
[2021-11-29 16:30:29,453] {logging_mixin.py:109} INFO - [2021-11-29 16:30:29,453] {dag.py:2396} INFO - Sync 1 DAGs
[2021-11-29 16:30:29,494] {logging_mixin.py:109} WARNING - /usr/local/lib/python3.8/dist-packages/airflow/models/dag.py:2433 SAWarning: TypeDecorator UtcDateTime(timezone=True) will not produce a cache key because the ``cache_ok`` flag is not set to True.  Set this flag to True if this type object's state is safe to use in a cache key, or False to disable this warning.
[2021-11-29 16:30:29,540] {logging_mixin.py:109} INFO - [2021-11-29 16:30:29,540] {dag.py:2928} INFO - Setting next_dagrun for example_task_group_decorator to 2021-11-28T11:00:29.539790+00:00
[2021-11-29 16:30:29,749] {processor.py:171} INFO - Processing /usr/local/lib/python3.8/dist-packages/airflow/example_dags/example_task_group_decorator.py took 1.174 seconds
[2021-11-29 16:31:24,302] {processor.py:163} INFO - Started process (PID=7817) to work on /usr/local/lib/python3.8/dist-packages/airflow/example_dags/example_task_group_decorator.py
[2021-11-29 16:31:24,337] {processor.py:625} INFO - Processing file /usr/local/lib/python3.8/dist-packages/airflow/example_dags/example_task_group_decorator.py for tasks to queue
[2021-11-29 16:31:24,338] {logging_mixin.py:109} INFO - [2021-11-29 16:31:24,338] {dagbag.py:500} INFO - Filling up the DagBag from /usr/local/lib/python3.8/dist-packages/airflow/example_dags/example_task_group_decorator.py
[2021-11-29 16:31:24,504] {processor.py:637} INFO - DAG(s) dict_keys(['example_task_group_decorator']) retrieved from /usr/local/lib/python3.8/dist-packages/airflow/example_dags/example_task_group_decorator.py
[2021-11-29 16:31:24,521] {logging_mixin.py:109} WARNING - /usr/local/lib/python3.8/dist-packages/airflow/models/serialized_dag.py:120 SAWarning: TypeDecorator UtcDateTime(timezone=True) will not produce a cache key because the ``cache_ok`` flag is not set to True.  Set this flag to True if this type object's state is safe to use in a cache key, or False to disable this warning.
[2021-11-29 16:31:25,265] {logging_mixin.py:109} INFO - [2021-11-29 16:31:25,264] {dag.py:2396} INFO - Sync 1 DAGs
[2021-11-29 16:31:25,284] {logging_mixin.py:109} WARNING - /usr/local/lib/python3.8/dist-packages/airflow/models/dag.py:2433 SAWarning: TypeDecorator UtcDateTime(timezone=True) will not produce a cache key because the ``cache_ok`` flag is not set to True.  Set this flag to True if this type object's state is safe to use in a cache key, or False to disable this warning.
[2021-11-29 16:31:25,300] {logging_mixin.py:109} INFO - [2021-11-29 16:31:25,300] {dag.py:2928} INFO - Setting next_dagrun for example_task_group_decorator to 2021-11-28T11:01:25.299979+00:00
[2021-11-29 16:31:25,565] {processor.py:171} INFO - Processing /usr/local/lib/python3.8/dist-packages/airflow/example_dags/example_task_group_decorator.py took 1.267 seconds
[2021-11-29 16:32:18,544] {processor.py:163} INFO - Started process (PID=7978) to work on /usr/local/lib/python3.8/dist-packages/airflow/example_dags/example_task_group_decorator.py
[2021-11-29 16:32:18,583] {processor.py:625} INFO - Processing file /usr/local/lib/python3.8/dist-packages/airflow/example_dags/example_task_group_decorator.py for tasks to queue
[2021-11-29 16:32:18,584] {logging_mixin.py:109} INFO - [2021-11-29 16:32:18,584] {dagbag.py:500} INFO - Filling up the DagBag from /usr/local/lib/python3.8/dist-packages/airflow/example_dags/example_task_group_decorator.py
[2021-11-29 16:32:18,689] {processor.py:637} INFO - DAG(s) dict_keys(['example_task_group_decorator']) retrieved from /usr/local/lib/python3.8/dist-packages/airflow/example_dags/example_task_group_decorator.py
[2021-11-29 16:32:18,706] {logging_mixin.py:109} WARNING - /usr/local/lib/python3.8/dist-packages/airflow/models/serialized_dag.py:120 SAWarning: TypeDecorator UtcDateTime(timezone=True) will not produce a cache key because the ``cache_ok`` flag is not set to True.  Set this flag to True if this type object's state is safe to use in a cache key, or False to disable this warning.
[2021-11-29 16:32:19,235] {logging_mixin.py:109} INFO - [2021-11-29 16:32:19,235] {dag.py:2396} INFO - Sync 1 DAGs
[2021-11-29 16:32:19,255] {logging_mixin.py:109} WARNING - /usr/local/lib/python3.8/dist-packages/airflow/models/dag.py:2433 SAWarning: TypeDecorator UtcDateTime(timezone=True) will not produce a cache key because the ``cache_ok`` flag is not set to True.  Set this flag to True if this type object's state is safe to use in a cache key, or False to disable this warning.
[2021-11-29 16:32:19,273] {logging_mixin.py:109} INFO - [2021-11-29 16:32:19,272] {dag.py:2928} INFO - Setting next_dagrun for example_task_group_decorator to 2021-11-28T11:02:19.272576+00:00
[2021-11-29 16:32:19,509] {processor.py:171} INFO - Processing /usr/local/lib/python3.8/dist-packages/airflow/example_dags/example_task_group_decorator.py took 0.969 seconds
[2021-11-29 16:33:15,929] {processor.py:163} INFO - Started process (PID=8145) to work on /usr/local/lib/python3.8/dist-packages/airflow/example_dags/example_task_group_decorator.py
[2021-11-29 16:33:15,962] {processor.py:625} INFO - Processing file /usr/local/lib/python3.8/dist-packages/airflow/example_dags/example_task_group_decorator.py for tasks to queue
[2021-11-29 16:33:15,963] {logging_mixin.py:109} INFO - [2021-11-29 16:33:15,963] {dagbag.py:500} INFO - Filling up the DagBag from /usr/local/lib/python3.8/dist-packages/airflow/example_dags/example_task_group_decorator.py
[2021-11-29 16:33:16,073] {processor.py:637} INFO - DAG(s) dict_keys(['example_task_group_decorator']) retrieved from /usr/local/lib/python3.8/dist-packages/airflow/example_dags/example_task_group_decorator.py
[2021-11-29 16:33:16,080] {logging_mixin.py:109} WARNING - /usr/local/lib/python3.8/dist-packages/airflow/models/serialized_dag.py:120 SAWarning: TypeDecorator UtcDateTime(timezone=True) will not produce a cache key because the ``cache_ok`` flag is not set to True.  Set this flag to True if this type object's state is safe to use in a cache key, or False to disable this warning.
[2021-11-29 16:33:16,582] {logging_mixin.py:109} INFO - [2021-11-29 16:33:16,582] {dag.py:2396} INFO - Sync 1 DAGs
[2021-11-29 16:33:16,624] {logging_mixin.py:109} WARNING - /usr/local/lib/python3.8/dist-packages/airflow/models/dag.py:2433 SAWarning: TypeDecorator UtcDateTime(timezone=True) will not produce a cache key because the ``cache_ok`` flag is not set to True.  Set this flag to True if this type object's state is safe to use in a cache key, or False to disable this warning.
[2021-11-29 16:33:16,635] {logging_mixin.py:109} INFO - [2021-11-29 16:33:16,635] {dag.py:2928} INFO - Setting next_dagrun for example_task_group_decorator to 2021-11-28T11:03:16.635124+00:00
[2021-11-29 16:33:16,889] {processor.py:171} INFO - Processing /usr/local/lib/python3.8/dist-packages/airflow/example_dags/example_task_group_decorator.py took 0.978 seconds
[2021-11-29 16:34:09,558] {processor.py:163} INFO - Started process (PID=8304) to work on /usr/local/lib/python3.8/dist-packages/airflow/example_dags/example_task_group_decorator.py
[2021-11-29 16:34:09,575] {processor.py:625} INFO - Processing file /usr/local/lib/python3.8/dist-packages/airflow/example_dags/example_task_group_decorator.py for tasks to queue
[2021-11-29 16:34:09,576] {logging_mixin.py:109} INFO - [2021-11-29 16:34:09,576] {dagbag.py:500} INFO - Filling up the DagBag from /usr/local/lib/python3.8/dist-packages/airflow/example_dags/example_task_group_decorator.py
[2021-11-29 16:34:09,696] {processor.py:637} INFO - DAG(s) dict_keys(['example_task_group_decorator']) retrieved from /usr/local/lib/python3.8/dist-packages/airflow/example_dags/example_task_group_decorator.py
[2021-11-29 16:34:09,715] {logging_mixin.py:109} WARNING - /usr/local/lib/python3.8/dist-packages/airflow/models/serialized_dag.py:120 SAWarning: TypeDecorator UtcDateTime(timezone=True) will not produce a cache key because the ``cache_ok`` flag is not set to True.  Set this flag to True if this type object's state is safe to use in a cache key, or False to disable this warning.
[2021-11-29 16:34:10,339] {logging_mixin.py:109} INFO - [2021-11-29 16:34:10,338] {dag.py:2396} INFO - Sync 1 DAGs
[2021-11-29 16:34:10,373] {logging_mixin.py:109} WARNING - /usr/local/lib/python3.8/dist-packages/airflow/models/dag.py:2433 SAWarning: TypeDecorator UtcDateTime(timezone=True) will not produce a cache key because the ``cache_ok`` flag is not set to True.  Set this flag to True if this type object's state is safe to use in a cache key, or False to disable this warning.
[2021-11-29 16:34:10,405] {logging_mixin.py:109} INFO - [2021-11-29 16:34:10,405] {dag.py:2928} INFO - Setting next_dagrun for example_task_group_decorator to 2021-11-28T11:04:10.405286+00:00
[2021-11-29 16:34:10,677] {processor.py:171} INFO - Processing /usr/local/lib/python3.8/dist-packages/airflow/example_dags/example_task_group_decorator.py took 1.122 seconds
[2021-11-29 16:35:06,025] {processor.py:163} INFO - Started process (PID=8475) to work on /usr/local/lib/python3.8/dist-packages/airflow/example_dags/example_task_group_decorator.py
[2021-11-29 16:35:06,051] {processor.py:625} INFO - Processing file /usr/local/lib/python3.8/dist-packages/airflow/example_dags/example_task_group_decorator.py for tasks to queue
[2021-11-29 16:35:06,053] {logging_mixin.py:109} INFO - [2021-11-29 16:35:06,052] {dagbag.py:500} INFO - Filling up the DagBag from /usr/local/lib/python3.8/dist-packages/airflow/example_dags/example_task_group_decorator.py
[2021-11-29 16:35:06,160] {processor.py:637} INFO - DAG(s) dict_keys(['example_task_group_decorator']) retrieved from /usr/local/lib/python3.8/dist-packages/airflow/example_dags/example_task_group_decorator.py
[2021-11-29 16:35:06,180] {logging_mixin.py:109} WARNING - /usr/local/lib/python3.8/dist-packages/airflow/models/serialized_dag.py:120 SAWarning: TypeDecorator UtcDateTime(timezone=True) will not produce a cache key because the ``cache_ok`` flag is not set to True.  Set this flag to True if this type object's state is safe to use in a cache key, or False to disable this warning.
[2021-11-29 16:35:06,710] {logging_mixin.py:109} INFO - [2021-11-29 16:35:06,709] {dag.py:2396} INFO - Sync 1 DAGs
[2021-11-29 16:35:06,725] {logging_mixin.py:109} WARNING - /usr/local/lib/python3.8/dist-packages/airflow/models/dag.py:2433 SAWarning: TypeDecorator UtcDateTime(timezone=True) will not produce a cache key because the ``cache_ok`` flag is not set to True.  Set this flag to True if this type object's state is safe to use in a cache key, or False to disable this warning.
[2021-11-29 16:35:06,741] {logging_mixin.py:109} INFO - [2021-11-29 16:35:06,741] {dag.py:2928} INFO - Setting next_dagrun for example_task_group_decorator to 2021-11-28T11:05:06.740916+00:00
[2021-11-29 16:35:07,100] {processor.py:171} INFO - Processing /usr/local/lib/python3.8/dist-packages/airflow/example_dags/example_task_group_decorator.py took 1.080 seconds
[2021-11-29 16:36:02,585] {processor.py:163} INFO - Started process (PID=8633) to work on /usr/local/lib/python3.8/dist-packages/airflow/example_dags/example_task_group_decorator.py
[2021-11-29 16:36:02,600] {processor.py:625} INFO - Processing file /usr/local/lib/python3.8/dist-packages/airflow/example_dags/example_task_group_decorator.py for tasks to queue
[2021-11-29 16:36:02,601] {logging_mixin.py:109} INFO - [2021-11-29 16:36:02,601] {dagbag.py:500} INFO - Filling up the DagBag from /usr/local/lib/python3.8/dist-packages/airflow/example_dags/example_task_group_decorator.py
[2021-11-29 16:36:02,738] {processor.py:637} INFO - DAG(s) dict_keys(['example_task_group_decorator']) retrieved from /usr/local/lib/python3.8/dist-packages/airflow/example_dags/example_task_group_decorator.py
[2021-11-29 16:36:02,745] {logging_mixin.py:109} WARNING - /usr/local/lib/python3.8/dist-packages/airflow/models/serialized_dag.py:120 SAWarning: TypeDecorator UtcDateTime(timezone=True) will not produce a cache key because the ``cache_ok`` flag is not set to True.  Set this flag to True if this type object's state is safe to use in a cache key, or False to disable this warning.
[2021-11-29 16:36:03,372] {logging_mixin.py:109} INFO - [2021-11-29 16:36:03,372] {dag.py:2396} INFO - Sync 1 DAGs
[2021-11-29 16:36:03,416] {logging_mixin.py:109} WARNING - /usr/local/lib/python3.8/dist-packages/airflow/models/dag.py:2433 SAWarning: TypeDecorator UtcDateTime(timezone=True) will not produce a cache key because the ``cache_ok`` flag is not set to True.  Set this flag to True if this type object's state is safe to use in a cache key, or False to disable this warning.
[2021-11-29 16:36:03,442] {logging_mixin.py:109} INFO - [2021-11-29 16:36:03,442] {dag.py:2928} INFO - Setting next_dagrun for example_task_group_decorator to 2021-11-28T11:06:03.441817+00:00
[2021-11-29 16:36:03,660] {processor.py:171} INFO - Processing /usr/local/lib/python3.8/dist-packages/airflow/example_dags/example_task_group_decorator.py took 1.090 seconds
[2021-11-29 16:36:58,215] {processor.py:163} INFO - Started process (PID=8790) to work on /usr/local/lib/python3.8/dist-packages/airflow/example_dags/example_task_group_decorator.py
[2021-11-29 16:36:58,235] {processor.py:625} INFO - Processing file /usr/local/lib/python3.8/dist-packages/airflow/example_dags/example_task_group_decorator.py for tasks to queue
[2021-11-29 16:36:58,236] {logging_mixin.py:109} INFO - [2021-11-29 16:36:58,235] {dagbag.py:500} INFO - Filling up the DagBag from /usr/local/lib/python3.8/dist-packages/airflow/example_dags/example_task_group_decorator.py
[2021-11-29 16:36:58,343] {processor.py:637} INFO - DAG(s) dict_keys(['example_task_group_decorator']) retrieved from /usr/local/lib/python3.8/dist-packages/airflow/example_dags/example_task_group_decorator.py
[2021-11-29 16:36:58,349] {logging_mixin.py:109} WARNING - /usr/local/lib/python3.8/dist-packages/airflow/models/serialized_dag.py:120 SAWarning: TypeDecorator UtcDateTime(timezone=True) will not produce a cache key because the ``cache_ok`` flag is not set to True.  Set this flag to True if this type object's state is safe to use in a cache key, or False to disable this warning.
[2021-11-29 16:36:58,913] {logging_mixin.py:109} INFO - [2021-11-29 16:36:58,912] {dag.py:2396} INFO - Sync 1 DAGs
[2021-11-29 16:36:58,926] {logging_mixin.py:109} WARNING - /usr/local/lib/python3.8/dist-packages/airflow/models/dag.py:2433 SAWarning: TypeDecorator UtcDateTime(timezone=True) will not produce a cache key because the ``cache_ok`` flag is not set to True.  Set this flag to True if this type object's state is safe to use in a cache key, or False to disable this warning.
[2021-11-29 16:36:58,939] {logging_mixin.py:109} INFO - [2021-11-29 16:36:58,939] {dag.py:2928} INFO - Setting next_dagrun for example_task_group_decorator to 2021-11-28T11:06:58.939003+00:00
[2021-11-29 16:36:59,148] {processor.py:171} INFO - Processing /usr/local/lib/python3.8/dist-packages/airflow/example_dags/example_task_group_decorator.py took 0.938 seconds
[2021-11-29 16:37:54,131] {processor.py:163} INFO - Started process (PID=8955) to work on /usr/local/lib/python3.8/dist-packages/airflow/example_dags/example_task_group_decorator.py
[2021-11-29 16:37:54,154] {processor.py:625} INFO - Processing file /usr/local/lib/python3.8/dist-packages/airflow/example_dags/example_task_group_decorator.py for tasks to queue
[2021-11-29 16:37:54,155] {logging_mixin.py:109} INFO - [2021-11-29 16:37:54,154] {dagbag.py:500} INFO - Filling up the DagBag from /usr/local/lib/python3.8/dist-packages/airflow/example_dags/example_task_group_decorator.py
[2021-11-29 16:37:54,280] {processor.py:637} INFO - DAG(s) dict_keys(['example_task_group_decorator']) retrieved from /usr/local/lib/python3.8/dist-packages/airflow/example_dags/example_task_group_decorator.py
[2021-11-29 16:37:54,290] {logging_mixin.py:109} WARNING - /usr/local/lib/python3.8/dist-packages/airflow/models/serialized_dag.py:120 SAWarning: TypeDecorator UtcDateTime(timezone=True) will not produce a cache key because the ``cache_ok`` flag is not set to True.  Set this flag to True if this type object's state is safe to use in a cache key, or False to disable this warning.
[2021-11-29 16:37:55,129] {logging_mixin.py:109} INFO - [2021-11-29 16:37:55,129] {dag.py:2396} INFO - Sync 1 DAGs
[2021-11-29 16:37:55,151] {logging_mixin.py:109} WARNING - /usr/local/lib/python3.8/dist-packages/airflow/models/dag.py:2433 SAWarning: TypeDecorator UtcDateTime(timezone=True) will not produce a cache key because the ``cache_ok`` flag is not set to True.  Set this flag to True if this type object's state is safe to use in a cache key, or False to disable this warning.
[2021-11-29 16:37:55,172] {logging_mixin.py:109} INFO - [2021-11-29 16:37:55,172] {dag.py:2928} INFO - Setting next_dagrun for example_task_group_decorator to 2021-11-28T11:07:55.167923+00:00
[2021-11-29 16:37:55,419] {processor.py:171} INFO - Processing /usr/local/lib/python3.8/dist-packages/airflow/example_dags/example_task_group_decorator.py took 1.306 seconds
[2021-11-29 16:38:50,246] {processor.py:163} INFO - Started process (PID=9122) to work on /usr/local/lib/python3.8/dist-packages/airflow/example_dags/example_task_group_decorator.py
[2021-11-29 16:38:50,271] {processor.py:625} INFO - Processing file /usr/local/lib/python3.8/dist-packages/airflow/example_dags/example_task_group_decorator.py for tasks to queue
[2021-11-29 16:38:50,272] {logging_mixin.py:109} INFO - [2021-11-29 16:38:50,271] {dagbag.py:500} INFO - Filling up the DagBag from /usr/local/lib/python3.8/dist-packages/airflow/example_dags/example_task_group_decorator.py
[2021-11-29 16:38:50,380] {processor.py:637} INFO - DAG(s) dict_keys(['example_task_group_decorator']) retrieved from /usr/local/lib/python3.8/dist-packages/airflow/example_dags/example_task_group_decorator.py
[2021-11-29 16:38:50,386] {logging_mixin.py:109} WARNING - /usr/local/lib/python3.8/dist-packages/airflow/models/serialized_dag.py:120 SAWarning: TypeDecorator UtcDateTime(timezone=True) will not produce a cache key because the ``cache_ok`` flag is not set to True.  Set this flag to True if this type object's state is safe to use in a cache key, or False to disable this warning.
[2021-11-29 16:38:50,940] {logging_mixin.py:109} INFO - [2021-11-29 16:38:50,939] {dag.py:2396} INFO - Sync 1 DAGs
[2021-11-29 16:38:50,956] {logging_mixin.py:109} WARNING - /usr/local/lib/python3.8/dist-packages/airflow/models/dag.py:2433 SAWarning: TypeDecorator UtcDateTime(timezone=True) will not produce a cache key because the ``cache_ok`` flag is not set to True.  Set this flag to True if this type object's state is safe to use in a cache key, or False to disable this warning.
[2021-11-29 16:38:50,973] {logging_mixin.py:109} INFO - [2021-11-29 16:38:50,973] {dag.py:2928} INFO - Setting next_dagrun for example_task_group_decorator to 2021-11-28T11:08:50.973012+00:00
[2021-11-29 16:38:51,516] {processor.py:171} INFO - Processing /usr/local/lib/python3.8/dist-packages/airflow/example_dags/example_task_group_decorator.py took 1.286 seconds
[2021-11-29 16:39:44,398] {processor.py:163} INFO - Started process (PID=9287) to work on /usr/local/lib/python3.8/dist-packages/airflow/example_dags/example_task_group_decorator.py
[2021-11-29 16:39:44,450] {processor.py:625} INFO - Processing file /usr/local/lib/python3.8/dist-packages/airflow/example_dags/example_task_group_decorator.py for tasks to queue
[2021-11-29 16:39:44,451] {logging_mixin.py:109} INFO - [2021-11-29 16:39:44,451] {dagbag.py:500} INFO - Filling up the DagBag from /usr/local/lib/python3.8/dist-packages/airflow/example_dags/example_task_group_decorator.py
[2021-11-29 16:39:44,558] {processor.py:637} INFO - DAG(s) dict_keys(['example_task_group_decorator']) retrieved from /usr/local/lib/python3.8/dist-packages/airflow/example_dags/example_task_group_decorator.py
[2021-11-29 16:39:44,585] {logging_mixin.py:109} WARNING - /usr/local/lib/python3.8/dist-packages/airflow/models/serialized_dag.py:120 SAWarning: TypeDecorator UtcDateTime(timezone=True) will not produce a cache key because the ``cache_ok`` flag is not set to True.  Set this flag to True if this type object's state is safe to use in a cache key, or False to disable this warning.
[2021-11-29 16:39:45,096] {logging_mixin.py:109} INFO - [2021-11-29 16:39:45,095] {dag.py:2396} INFO - Sync 1 DAGs
[2021-11-29 16:39:45,147] {logging_mixin.py:109} WARNING - /usr/local/lib/python3.8/dist-packages/airflow/models/dag.py:2433 SAWarning: TypeDecorator UtcDateTime(timezone=True) will not produce a cache key because the ``cache_ok`` flag is not set to True.  Set this flag to True if this type object's state is safe to use in a cache key, or False to disable this warning.
[2021-11-29 16:39:45,160] {logging_mixin.py:109} INFO - [2021-11-29 16:39:45,160] {dag.py:2928} INFO - Setting next_dagrun for example_task_group_decorator to 2021-11-28T11:09:45.160395+00:00
[2021-11-29 16:39:45,365] {processor.py:171} INFO - Processing /usr/local/lib/python3.8/dist-packages/airflow/example_dags/example_task_group_decorator.py took 0.984 seconds
[2021-11-29 16:40:40,406] {processor.py:163} INFO - Started process (PID=9451) to work on /usr/local/lib/python3.8/dist-packages/airflow/example_dags/example_task_group_decorator.py
[2021-11-29 16:40:40,449] {processor.py:625} INFO - Processing file /usr/local/lib/python3.8/dist-packages/airflow/example_dags/example_task_group_decorator.py for tasks to queue
[2021-11-29 16:40:40,452] {logging_mixin.py:109} INFO - [2021-11-29 16:40:40,451] {dagbag.py:500} INFO - Filling up the DagBag from /usr/local/lib/python3.8/dist-packages/airflow/example_dags/example_task_group_decorator.py
[2021-11-29 16:40:40,569] {processor.py:637} INFO - DAG(s) dict_keys(['example_task_group_decorator']) retrieved from /usr/local/lib/python3.8/dist-packages/airflow/example_dags/example_task_group_decorator.py
[2021-11-29 16:40:40,576] {logging_mixin.py:109} WARNING - /usr/local/lib/python3.8/dist-packages/airflow/models/serialized_dag.py:120 SAWarning: TypeDecorator UtcDateTime(timezone=True) will not produce a cache key because the ``cache_ok`` flag is not set to True.  Set this flag to True if this type object's state is safe to use in a cache key, or False to disable this warning.
[2021-11-29 16:40:41,247] {logging_mixin.py:109} INFO - [2021-11-29 16:40:41,246] {dag.py:2396} INFO - Sync 1 DAGs
[2021-11-29 16:40:41,272] {logging_mixin.py:109} WARNING - /usr/local/lib/python3.8/dist-packages/airflow/models/dag.py:2433 SAWarning: TypeDecorator UtcDateTime(timezone=True) will not produce a cache key because the ``cache_ok`` flag is not set to True.  Set this flag to True if this type object's state is safe to use in a cache key, or False to disable this warning.
[2021-11-29 16:40:41,292] {logging_mixin.py:109} INFO - [2021-11-29 16:40:41,291] {dag.py:2928} INFO - Setting next_dagrun for example_task_group_decorator to 2021-11-28T11:10:41.291424+00:00
[2021-11-29 16:40:41,510] {processor.py:171} INFO - Processing /usr/local/lib/python3.8/dist-packages/airflow/example_dags/example_task_group_decorator.py took 1.118 seconds
[2021-11-29 16:41:39,326] {processor.py:163} INFO - Started process (PID=9616) to work on /usr/local/lib/python3.8/dist-packages/airflow/example_dags/example_task_group_decorator.py
[2021-11-29 16:41:39,461] {processor.py:625} INFO - Processing file /usr/local/lib/python3.8/dist-packages/airflow/example_dags/example_task_group_decorator.py for tasks to queue
[2021-11-29 16:41:39,462] {logging_mixin.py:109} INFO - [2021-11-29 16:41:39,461] {dagbag.py:500} INFO - Filling up the DagBag from /usr/local/lib/python3.8/dist-packages/airflow/example_dags/example_task_group_decorator.py
[2021-11-29 16:41:39,603] {processor.py:637} INFO - DAG(s) dict_keys(['example_task_group_decorator']) retrieved from /usr/local/lib/python3.8/dist-packages/airflow/example_dags/example_task_group_decorator.py
[2021-11-29 16:41:39,622] {logging_mixin.py:109} WARNING - /usr/local/lib/python3.8/dist-packages/airflow/models/serialized_dag.py:120 SAWarning: TypeDecorator UtcDateTime(timezone=True) will not produce a cache key because the ``cache_ok`` flag is not set to True.  Set this flag to True if this type object's state is safe to use in a cache key, or False to disable this warning.
[2021-11-29 16:41:40,396] {logging_mixin.py:109} INFO - [2021-11-29 16:41:40,395] {dag.py:2396} INFO - Sync 1 DAGs
[2021-11-29 16:41:40,420] {logging_mixin.py:109} WARNING - /usr/local/lib/python3.8/dist-packages/airflow/models/dag.py:2433 SAWarning: TypeDecorator UtcDateTime(timezone=True) will not produce a cache key because the ``cache_ok`` flag is not set to True.  Set this flag to True if this type object's state is safe to use in a cache key, or False to disable this warning.
[2021-11-29 16:41:40,442] {logging_mixin.py:109} INFO - [2021-11-29 16:41:40,441] {dag.py:2928} INFO - Setting next_dagrun for example_task_group_decorator to 2021-11-28T11:11:40.439555+00:00
[2021-11-29 16:41:41,705] {processor.py:171} INFO - Processing /usr/local/lib/python3.8/dist-packages/airflow/example_dags/example_task_group_decorator.py took 2.393 seconds
[2021-11-29 16:42:37,751] {processor.py:163} INFO - Started process (PID=9791) to work on /usr/local/lib/python3.8/dist-packages/airflow/example_dags/example_task_group_decorator.py
[2021-11-29 16:42:37,778] {processor.py:625} INFO - Processing file /usr/local/lib/python3.8/dist-packages/airflow/example_dags/example_task_group_decorator.py for tasks to queue
[2021-11-29 16:42:37,779] {logging_mixin.py:109} INFO - [2021-11-29 16:42:37,779] {dagbag.py:500} INFO - Filling up the DagBag from /usr/local/lib/python3.8/dist-packages/airflow/example_dags/example_task_group_decorator.py
[2021-11-29 16:42:37,884] {processor.py:637} INFO - DAG(s) dict_keys(['example_task_group_decorator']) retrieved from /usr/local/lib/python3.8/dist-packages/airflow/example_dags/example_task_group_decorator.py
[2021-11-29 16:42:37,913] {logging_mixin.py:109} WARNING - /usr/local/lib/python3.8/dist-packages/airflow/models/serialized_dag.py:120 SAWarning: TypeDecorator UtcDateTime(timezone=True) will not produce a cache key because the ``cache_ok`` flag is not set to True.  Set this flag to True if this type object's state is safe to use in a cache key, or False to disable this warning.
[2021-11-29 16:42:38,580] {logging_mixin.py:109} INFO - [2021-11-29 16:42:38,579] {dag.py:2396} INFO - Sync 1 DAGs
[2021-11-29 16:42:38,615] {logging_mixin.py:109} WARNING - /usr/local/lib/python3.8/dist-packages/airflow/models/dag.py:2433 SAWarning: TypeDecorator UtcDateTime(timezone=True) will not produce a cache key because the ``cache_ok`` flag is not set to True.  Set this flag to True if this type object's state is safe to use in a cache key, or False to disable this warning.
[2021-11-29 16:42:38,647] {logging_mixin.py:109} INFO - [2021-11-29 16:42:38,647] {dag.py:2928} INFO - Setting next_dagrun for example_task_group_decorator to 2021-11-28T11:12:38.647157+00:00
[2021-11-29 16:42:38,867] {processor.py:171} INFO - Processing /usr/local/lib/python3.8/dist-packages/airflow/example_dags/example_task_group_decorator.py took 1.132 seconds
[2021-11-29 16:43:31,806] {processor.py:163} INFO - Started process (PID=9959) to work on /usr/local/lib/python3.8/dist-packages/airflow/example_dags/example_task_group_decorator.py
[2021-11-29 16:43:31,810] {processor.py:625} INFO - Processing file /usr/local/lib/python3.8/dist-packages/airflow/example_dags/example_task_group_decorator.py for tasks to queue
[2021-11-29 16:43:31,812] {logging_mixin.py:109} INFO - [2021-11-29 16:43:31,812] {dagbag.py:500} INFO - Filling up the DagBag from /usr/local/lib/python3.8/dist-packages/airflow/example_dags/example_task_group_decorator.py
[2021-11-29 16:43:31,909] {processor.py:637} INFO - DAG(s) dict_keys(['example_task_group_decorator']) retrieved from /usr/local/lib/python3.8/dist-packages/airflow/example_dags/example_task_group_decorator.py
[2021-11-29 16:43:31,916] {logging_mixin.py:109} WARNING - /usr/local/lib/python3.8/dist-packages/airflow/models/serialized_dag.py:120 SAWarning: TypeDecorator UtcDateTime(timezone=True) will not produce a cache key because the ``cache_ok`` flag is not set to True.  Set this flag to True if this type object's state is safe to use in a cache key, or False to disable this warning.
[2021-11-29 16:43:32,547] {logging_mixin.py:109} INFO - [2021-11-29 16:43:32,547] {dag.py:2396} INFO - Sync 1 DAGs
[2021-11-29 16:43:32,566] {logging_mixin.py:109} WARNING - /usr/local/lib/python3.8/dist-packages/airflow/models/dag.py:2433 SAWarning: TypeDecorator UtcDateTime(timezone=True) will not produce a cache key because the ``cache_ok`` flag is not set to True.  Set this flag to True if this type object's state is safe to use in a cache key, or False to disable this warning.
[2021-11-29 16:43:32,581] {logging_mixin.py:109} INFO - [2021-11-29 16:43:32,581] {dag.py:2928} INFO - Setting next_dagrun for example_task_group_decorator to 2021-11-28T11:13:32.581244+00:00
[2021-11-29 16:43:32,835] {processor.py:171} INFO - Processing /usr/local/lib/python3.8/dist-packages/airflow/example_dags/example_task_group_decorator.py took 1.045 seconds
[2021-11-29 16:44:28,176] {processor.py:163} INFO - Started process (PID=10121) to work on /usr/local/lib/python3.8/dist-packages/airflow/example_dags/example_task_group_decorator.py
[2021-11-29 16:44:28,214] {processor.py:625} INFO - Processing file /usr/local/lib/python3.8/dist-packages/airflow/example_dags/example_task_group_decorator.py for tasks to queue
[2021-11-29 16:44:28,215] {logging_mixin.py:109} INFO - [2021-11-29 16:44:28,215] {dagbag.py:500} INFO - Filling up the DagBag from /usr/local/lib/python3.8/dist-packages/airflow/example_dags/example_task_group_decorator.py
[2021-11-29 16:44:28,347] {processor.py:637} INFO - DAG(s) dict_keys(['example_task_group_decorator']) retrieved from /usr/local/lib/python3.8/dist-packages/airflow/example_dags/example_task_group_decorator.py
[2021-11-29 16:44:28,366] {logging_mixin.py:109} WARNING - /usr/local/lib/python3.8/dist-packages/airflow/models/serialized_dag.py:120 SAWarning: TypeDecorator UtcDateTime(timezone=True) will not produce a cache key because the ``cache_ok`` flag is not set to True.  Set this flag to True if this type object's state is safe to use in a cache key, or False to disable this warning.
[2021-11-29 16:44:28,948] {logging_mixin.py:109} INFO - [2021-11-29 16:44:28,948] {dag.py:2396} INFO - Sync 1 DAGs
[2021-11-29 16:44:28,964] {logging_mixin.py:109} WARNING - /usr/local/lib/python3.8/dist-packages/airflow/models/dag.py:2433 SAWarning: TypeDecorator UtcDateTime(timezone=True) will not produce a cache key because the ``cache_ok`` flag is not set to True.  Set this flag to True if this type object's state is safe to use in a cache key, or False to disable this warning.
[2021-11-29 16:44:28,975] {logging_mixin.py:109} INFO - [2021-11-29 16:44:28,975] {dag.py:2928} INFO - Setting next_dagrun for example_task_group_decorator to 2021-11-28T11:14:28.975381+00:00
[2021-11-29 16:44:29,250] {processor.py:171} INFO - Processing /usr/local/lib/python3.8/dist-packages/airflow/example_dags/example_task_group_decorator.py took 1.089 seconds
[2021-11-29 16:45:24,215] {processor.py:163} INFO - Started process (PID=10290) to work on /usr/local/lib/python3.8/dist-packages/airflow/example_dags/example_task_group_decorator.py
[2021-11-29 16:45:24,348] {processor.py:625} INFO - Processing file /usr/local/lib/python3.8/dist-packages/airflow/example_dags/example_task_group_decorator.py for tasks to queue
[2021-11-29 16:45:24,349] {logging_mixin.py:109} INFO - [2021-11-29 16:45:24,349] {dagbag.py:500} INFO - Filling up the DagBag from /usr/local/lib/python3.8/dist-packages/airflow/example_dags/example_task_group_decorator.py
[2021-11-29 16:45:24,542] {processor.py:637} INFO - DAG(s) dict_keys(['example_task_group_decorator']) retrieved from /usr/local/lib/python3.8/dist-packages/airflow/example_dags/example_task_group_decorator.py
[2021-11-29 16:45:24,575] {logging_mixin.py:109} WARNING - /usr/local/lib/python3.8/dist-packages/airflow/models/serialized_dag.py:120 SAWarning: TypeDecorator UtcDateTime(timezone=True) will not produce a cache key because the ``cache_ok`` flag is not set to True.  Set this flag to True if this type object's state is safe to use in a cache key, or False to disable this warning.
[2021-11-29 16:45:25,484] {logging_mixin.py:109} INFO - [2021-11-29 16:45:25,483] {dag.py:2396} INFO - Sync 1 DAGs
[2021-11-29 16:45:25,499] {logging_mixin.py:109} WARNING - /usr/local/lib/python3.8/dist-packages/airflow/models/dag.py:2433 SAWarning: TypeDecorator UtcDateTime(timezone=True) will not produce a cache key because the ``cache_ok`` flag is not set to True.  Set this flag to True if this type object's state is safe to use in a cache key, or False to disable this warning.
[2021-11-29 16:45:25,513] {logging_mixin.py:109} INFO - [2021-11-29 16:45:25,513] {dag.py:2928} INFO - Setting next_dagrun for example_task_group_decorator to 2021-11-28T11:15:25.512565+00:00
[2021-11-29 16:45:25,943] {processor.py:171} INFO - Processing /usr/local/lib/python3.8/dist-packages/airflow/example_dags/example_task_group_decorator.py took 1.737 seconds
[2021-11-29 16:46:18,537] {processor.py:163} INFO - Started process (PID=10460) to work on /usr/local/lib/python3.8/dist-packages/airflow/example_dags/example_task_group_decorator.py
[2021-11-29 16:46:18,562] {processor.py:625} INFO - Processing file /usr/local/lib/python3.8/dist-packages/airflow/example_dags/example_task_group_decorator.py for tasks to queue
[2021-11-29 16:46:18,567] {logging_mixin.py:109} INFO - [2021-11-29 16:46:18,567] {dagbag.py:500} INFO - Filling up the DagBag from /usr/local/lib/python3.8/dist-packages/airflow/example_dags/example_task_group_decorator.py
[2021-11-29 16:46:18,667] {processor.py:637} INFO - DAG(s) dict_keys(['example_task_group_decorator']) retrieved from /usr/local/lib/python3.8/dist-packages/airflow/example_dags/example_task_group_decorator.py
[2021-11-29 16:46:18,672] {logging_mixin.py:109} WARNING - /usr/local/lib/python3.8/dist-packages/airflow/models/serialized_dag.py:120 SAWarning: TypeDecorator UtcDateTime(timezone=True) will not produce a cache key because the ``cache_ok`` flag is not set to True.  Set this flag to True if this type object's state is safe to use in a cache key, or False to disable this warning.
[2021-11-29 16:46:19,175] {logging_mixin.py:109} INFO - [2021-11-29 16:46:19,174] {dag.py:2396} INFO - Sync 1 DAGs
[2021-11-29 16:46:19,187] {logging_mixin.py:109} WARNING - /usr/local/lib/python3.8/dist-packages/airflow/models/dag.py:2433 SAWarning: TypeDecorator UtcDateTime(timezone=True) will not produce a cache key because the ``cache_ok`` flag is not set to True.  Set this flag to True if this type object's state is safe to use in a cache key, or False to disable this warning.
[2021-11-29 16:46:19,198] {logging_mixin.py:109} INFO - [2021-11-29 16:46:19,198] {dag.py:2928} INFO - Setting next_dagrun for example_task_group_decorator to 2021-11-28T11:16:19.197954+00:00
[2021-11-29 16:46:19,489] {processor.py:171} INFO - Processing /usr/local/lib/python3.8/dist-packages/airflow/example_dags/example_task_group_decorator.py took 0.966 seconds
