[2021-11-29 16:14:42,584] {processor.py:163} INFO - Started process (PID=4841) to work on /usr/local/lib/python3.8/dist-packages/airflow/example_dags/example_xcom.py
[2021-11-29 16:14:42,584] {processor.py:625} INFO - Processing file /usr/local/lib/python3.8/dist-packages/airflow/example_dags/example_xcom.py for tasks to queue
[2021-11-29 16:14:42,595] {logging_mixin.py:109} INFO - [2021-11-29 16:14:42,595] {dagbag.py:500} INFO - Filling up the DagBag from /usr/local/lib/python3.8/dist-packages/airflow/example_dags/example_xcom.py
[2021-11-29 16:14:42,660] {processor.py:637} INFO - DAG(s) dict_keys(['example_xcom']) retrieved from /usr/local/lib/python3.8/dist-packages/airflow/example_dags/example_xcom.py
[2021-11-29 16:14:42,688] {logging_mixin.py:109} WARNING - /usr/local/lib/python3.8/dist-packages/airflow/models/serialized_dag.py:120 SAWarning: TypeDecorator UtcDateTime(timezone=True) will not produce a cache key because the ``cache_ok`` flag is not set to True.  Set this flag to True if this type object's state is safe to use in a cache key, or False to disable this warning.
[2021-11-29 16:14:43,208] {logging_mixin.py:109} INFO - [2021-11-29 16:14:43,207] {dag.py:2396} INFO - Sync 1 DAGs
[2021-11-29 16:14:43,227] {logging_mixin.py:109} WARNING - /usr/local/lib/python3.8/dist-packages/airflow/models/dag.py:2433 SAWarning: TypeDecorator UtcDateTime(timezone=True) will not produce a cache key because the ``cache_ok`` flag is not set to True.  Set this flag to True if this type object's state is safe to use in a cache key, or False to disable this warning.
[2021-11-29 16:14:43,238] {logging_mixin.py:109} INFO - [2021-11-29 16:14:43,238] {dag.py:2928} INFO - Setting next_dagrun for example_xcom to 2021-01-01T00:00:00+00:00
[2021-11-29 16:14:43,406] {processor.py:171} INFO - Processing /usr/local/lib/python3.8/dist-packages/airflow/example_dags/example_xcom.py took 0.827 seconds
[2021-11-29 16:15:38,677] {processor.py:163} INFO - Started process (PID=5005) to work on /usr/local/lib/python3.8/dist-packages/airflow/example_dags/example_xcom.py
[2021-11-29 16:15:38,688] {processor.py:625} INFO - Processing file /usr/local/lib/python3.8/dist-packages/airflow/example_dags/example_xcom.py for tasks to queue
[2021-11-29 16:15:38,689] {logging_mixin.py:109} INFO - [2021-11-29 16:15:38,688] {dagbag.py:500} INFO - Filling up the DagBag from /usr/local/lib/python3.8/dist-packages/airflow/example_dags/example_xcom.py
[2021-11-29 16:15:38,760] {processor.py:637} INFO - DAG(s) dict_keys(['example_xcom']) retrieved from /usr/local/lib/python3.8/dist-packages/airflow/example_dags/example_xcom.py
[2021-11-29 16:15:38,780] {logging_mixin.py:109} WARNING - /usr/local/lib/python3.8/dist-packages/airflow/models/serialized_dag.py:120 SAWarning: TypeDecorator UtcDateTime(timezone=True) will not produce a cache key because the ``cache_ok`` flag is not set to True.  Set this flag to True if this type object's state is safe to use in a cache key, or False to disable this warning.
[2021-11-29 16:15:39,306] {logging_mixin.py:109} INFO - [2021-11-29 16:15:39,301] {dag.py:2396} INFO - Sync 1 DAGs
[2021-11-29 16:15:39,322] {logging_mixin.py:109} WARNING - /usr/local/lib/python3.8/dist-packages/airflow/models/dag.py:2433 SAWarning: TypeDecorator UtcDateTime(timezone=True) will not produce a cache key because the ``cache_ok`` flag is not set to True.  Set this flag to True if this type object's state is safe to use in a cache key, or False to disable this warning.
[2021-11-29 16:15:39,334] {logging_mixin.py:109} INFO - [2021-11-29 16:15:39,334] {dag.py:2928} INFO - Setting next_dagrun for example_xcom to 2021-01-01T00:00:00+00:00
[2021-11-29 16:15:39,611] {processor.py:171} INFO - Processing /usr/local/lib/python3.8/dist-packages/airflow/example_dags/example_xcom.py took 0.943 seconds
[2021-11-29 16:16:44,196] {processor.py:163} INFO - Started process (PID=5185) to work on /usr/local/lib/python3.8/dist-packages/airflow/example_dags/example_xcom.py
[2021-11-29 16:16:44,213] {processor.py:625} INFO - Processing file /usr/local/lib/python3.8/dist-packages/airflow/example_dags/example_xcom.py for tasks to queue
[2021-11-29 16:16:44,214] {logging_mixin.py:109} INFO - [2021-11-29 16:16:44,214] {dagbag.py:500} INFO - Filling up the DagBag from /usr/local/lib/python3.8/dist-packages/airflow/example_dags/example_xcom.py
[2021-11-29 16:16:44,309] {processor.py:637} INFO - DAG(s) dict_keys(['example_xcom']) retrieved from /usr/local/lib/python3.8/dist-packages/airflow/example_dags/example_xcom.py
[2021-11-29 16:16:44,326] {logging_mixin.py:109} WARNING - /usr/local/lib/python3.8/dist-packages/airflow/models/serialized_dag.py:120 SAWarning: TypeDecorator UtcDateTime(timezone=True) will not produce a cache key because the ``cache_ok`` flag is not set to True.  Set this flag to True if this type object's state is safe to use in a cache key, or False to disable this warning.
[2021-11-29 16:16:45,044] {logging_mixin.py:109} INFO - [2021-11-29 16:16:45,043] {dag.py:2396} INFO - Sync 1 DAGs
[2021-11-29 16:16:45,058] {logging_mixin.py:109} WARNING - /usr/local/lib/python3.8/dist-packages/airflow/models/dag.py:2433 SAWarning: TypeDecorator UtcDateTime(timezone=True) will not produce a cache key because the ``cache_ok`` flag is not set to True.  Set this flag to True if this type object's state is safe to use in a cache key, or False to disable this warning.
[2021-11-29 16:16:45,068] {logging_mixin.py:109} INFO - [2021-11-29 16:16:45,068] {dag.py:2928} INFO - Setting next_dagrun for example_xcom to 2021-01-01T00:00:00+00:00
[2021-11-29 16:16:45,305] {processor.py:171} INFO - Processing /usr/local/lib/python3.8/dist-packages/airflow/example_dags/example_xcom.py took 1.124 seconds
[2021-11-29 16:17:40,508] {processor.py:163} INFO - Started process (PID=5366) to work on /usr/local/lib/python3.8/dist-packages/airflow/example_dags/example_xcom.py
[2021-11-29 16:17:40,556] {processor.py:625} INFO - Processing file /usr/local/lib/python3.8/dist-packages/airflow/example_dags/example_xcom.py for tasks to queue
[2021-11-29 16:17:40,557] {logging_mixin.py:109} INFO - [2021-11-29 16:17:40,557] {dagbag.py:500} INFO - Filling up the DagBag from /usr/local/lib/python3.8/dist-packages/airflow/example_dags/example_xcom.py
[2021-11-29 16:17:40,626] {processor.py:637} INFO - DAG(s) dict_keys(['example_xcom']) retrieved from /usr/local/lib/python3.8/dist-packages/airflow/example_dags/example_xcom.py
[2021-11-29 16:17:40,632] {logging_mixin.py:109} WARNING - /usr/local/lib/python3.8/dist-packages/airflow/models/serialized_dag.py:120 SAWarning: TypeDecorator UtcDateTime(timezone=True) will not produce a cache key because the ``cache_ok`` flag is not set to True.  Set this flag to True if this type object's state is safe to use in a cache key, or False to disable this warning.
[2021-11-29 16:17:41,246] {logging_mixin.py:109} INFO - [2021-11-29 16:17:41,246] {dag.py:2396} INFO - Sync 1 DAGs
[2021-11-29 16:17:41,263] {logging_mixin.py:109} WARNING - /usr/local/lib/python3.8/dist-packages/airflow/models/dag.py:2433 SAWarning: TypeDecorator UtcDateTime(timezone=True) will not produce a cache key because the ``cache_ok`` flag is not set to True.  Set this flag to True if this type object's state is safe to use in a cache key, or False to disable this warning.
[2021-11-29 16:17:41,281] {logging_mixin.py:109} INFO - [2021-11-29 16:17:41,280] {dag.py:2928} INFO - Setting next_dagrun for example_xcom to 2021-01-01T00:00:00+00:00
[2021-11-29 16:17:41,549] {processor.py:171} INFO - Processing /usr/local/lib/python3.8/dist-packages/airflow/example_dags/example_xcom.py took 1.056 seconds
[2021-11-29 16:18:38,622] {processor.py:163} INFO - Started process (PID=5534) to work on /usr/local/lib/python3.8/dist-packages/airflow/example_dags/example_xcom.py
[2021-11-29 16:18:38,651] {processor.py:625} INFO - Processing file /usr/local/lib/python3.8/dist-packages/airflow/example_dags/example_xcom.py for tasks to queue
[2021-11-29 16:18:38,652] {logging_mixin.py:109} INFO - [2021-11-29 16:18:38,652] {dagbag.py:500} INFO - Filling up the DagBag from /usr/local/lib/python3.8/dist-packages/airflow/example_dags/example_xcom.py
[2021-11-29 16:18:38,739] {processor.py:637} INFO - DAG(s) dict_keys(['example_xcom']) retrieved from /usr/local/lib/python3.8/dist-packages/airflow/example_dags/example_xcom.py
[2021-11-29 16:18:38,756] {logging_mixin.py:109} WARNING - /usr/local/lib/python3.8/dist-packages/airflow/models/serialized_dag.py:120 SAWarning: TypeDecorator UtcDateTime(timezone=True) will not produce a cache key because the ``cache_ok`` flag is not set to True.  Set this flag to True if this type object's state is safe to use in a cache key, or False to disable this warning.
[2021-11-29 16:18:39,446] {logging_mixin.py:109} INFO - [2021-11-29 16:18:39,445] {dag.py:2396} INFO - Sync 1 DAGs
[2021-11-29 16:18:39,462] {logging_mixin.py:109} WARNING - /usr/local/lib/python3.8/dist-packages/airflow/models/dag.py:2433 SAWarning: TypeDecorator UtcDateTime(timezone=True) will not produce a cache key because the ``cache_ok`` flag is not set to True.  Set this flag to True if this type object's state is safe to use in a cache key, or False to disable this warning.
[2021-11-29 16:18:39,475] {logging_mixin.py:109} INFO - [2021-11-29 16:18:39,474] {dag.py:2928} INFO - Setting next_dagrun for example_xcom to 2021-01-01T00:00:00+00:00
[2021-11-29 16:18:39,684] {processor.py:171} INFO - Processing /usr/local/lib/python3.8/dist-packages/airflow/example_dags/example_xcom.py took 1.084 seconds
[2021-11-29 16:19:34,114] {processor.py:163} INFO - Started process (PID=5702) to work on /usr/local/lib/python3.8/dist-packages/airflow/example_dags/example_xcom.py
[2021-11-29 16:19:34,145] {processor.py:625} INFO - Processing file /usr/local/lib/python3.8/dist-packages/airflow/example_dags/example_xcom.py for tasks to queue
[2021-11-29 16:19:34,146] {logging_mixin.py:109} INFO - [2021-11-29 16:19:34,146] {dagbag.py:500} INFO - Filling up the DagBag from /usr/local/lib/python3.8/dist-packages/airflow/example_dags/example_xcom.py
[2021-11-29 16:19:34,229] {processor.py:637} INFO - DAG(s) dict_keys(['example_xcom']) retrieved from /usr/local/lib/python3.8/dist-packages/airflow/example_dags/example_xcom.py
[2021-11-29 16:19:34,245] {logging_mixin.py:109} WARNING - /usr/local/lib/python3.8/dist-packages/airflow/models/serialized_dag.py:120 SAWarning: TypeDecorator UtcDateTime(timezone=True) will not produce a cache key because the ``cache_ok`` flag is not set to True.  Set this flag to True if this type object's state is safe to use in a cache key, or False to disable this warning.
[2021-11-29 16:19:34,878] {logging_mixin.py:109} INFO - [2021-11-29 16:19:34,878] {dag.py:2396} INFO - Sync 1 DAGs
[2021-11-29 16:19:34,893] {logging_mixin.py:109} WARNING - /usr/local/lib/python3.8/dist-packages/airflow/models/dag.py:2433 SAWarning: TypeDecorator UtcDateTime(timezone=True) will not produce a cache key because the ``cache_ok`` flag is not set to True.  Set this flag to True if this type object's state is safe to use in a cache key, or False to disable this warning.
[2021-11-29 16:19:34,906] {logging_mixin.py:109} INFO - [2021-11-29 16:19:34,906] {dag.py:2928} INFO - Setting next_dagrun for example_xcom to 2021-01-01T00:00:00+00:00
[2021-11-29 16:19:35,198] {processor.py:171} INFO - Processing /usr/local/lib/python3.8/dist-packages/airflow/example_dags/example_xcom.py took 1.088 seconds
[2021-11-29 16:20:27,756] {processor.py:163} INFO - Started process (PID=5868) to work on /usr/local/lib/python3.8/dist-packages/airflow/example_dags/example_xcom.py
[2021-11-29 16:20:27,775] {processor.py:625} INFO - Processing file /usr/local/lib/python3.8/dist-packages/airflow/example_dags/example_xcom.py for tasks to queue
[2021-11-29 16:20:27,776] {logging_mixin.py:109} INFO - [2021-11-29 16:20:27,776] {dagbag.py:500} INFO - Filling up the DagBag from /usr/local/lib/python3.8/dist-packages/airflow/example_dags/example_xcom.py
[2021-11-29 16:20:27,832] {processor.py:637} INFO - DAG(s) dict_keys(['example_xcom']) retrieved from /usr/local/lib/python3.8/dist-packages/airflow/example_dags/example_xcom.py
[2021-11-29 16:20:27,839] {logging_mixin.py:109} WARNING - /usr/local/lib/python3.8/dist-packages/airflow/models/serialized_dag.py:120 SAWarning: TypeDecorator UtcDateTime(timezone=True) will not produce a cache key because the ``cache_ok`` flag is not set to True.  Set this flag to True if this type object's state is safe to use in a cache key, or False to disable this warning.
[2021-11-29 16:20:28,459] {logging_mixin.py:109} INFO - [2021-11-29 16:20:28,459] {dag.py:2396} INFO - Sync 1 DAGs
[2021-11-29 16:20:28,473] {logging_mixin.py:109} WARNING - /usr/local/lib/python3.8/dist-packages/airflow/models/dag.py:2433 SAWarning: TypeDecorator UtcDateTime(timezone=True) will not produce a cache key because the ``cache_ok`` flag is not set to True.  Set this flag to True if this type object's state is safe to use in a cache key, or False to disable this warning.
[2021-11-29 16:20:28,484] {logging_mixin.py:109} INFO - [2021-11-29 16:20:28,484] {dag.py:2928} INFO - Setting next_dagrun for example_xcom to 2021-01-01T00:00:00+00:00
[2021-11-29 16:20:28,704] {processor.py:171} INFO - Processing /usr/local/lib/python3.8/dist-packages/airflow/example_dags/example_xcom.py took 0.953 seconds
[2021-11-29 16:21:21,524] {processor.py:163} INFO - Started process (PID=6041) to work on /usr/local/lib/python3.8/dist-packages/airflow/example_dags/example_xcom.py
[2021-11-29 16:21:21,546] {processor.py:625} INFO - Processing file /usr/local/lib/python3.8/dist-packages/airflow/example_dags/example_xcom.py for tasks to queue
[2021-11-29 16:21:21,547] {logging_mixin.py:109} INFO - [2021-11-29 16:21:21,547] {dagbag.py:500} INFO - Filling up the DagBag from /usr/local/lib/python3.8/dist-packages/airflow/example_dags/example_xcom.py
[2021-11-29 16:21:21,616] {processor.py:637} INFO - DAG(s) dict_keys(['example_xcom']) retrieved from /usr/local/lib/python3.8/dist-packages/airflow/example_dags/example_xcom.py
[2021-11-29 16:21:21,639] {logging_mixin.py:109} WARNING - /usr/local/lib/python3.8/dist-packages/airflow/models/serialized_dag.py:120 SAWarning: TypeDecorator UtcDateTime(timezone=True) will not produce a cache key because the ``cache_ok`` flag is not set to True.  Set this flag to True if this type object's state is safe to use in a cache key, or False to disable this warning.
[2021-11-29 16:21:22,345] {logging_mixin.py:109} INFO - [2021-11-29 16:21:22,345] {dag.py:2396} INFO - Sync 1 DAGs
[2021-11-29 16:21:22,365] {logging_mixin.py:109} WARNING - /usr/local/lib/python3.8/dist-packages/airflow/models/dag.py:2433 SAWarning: TypeDecorator UtcDateTime(timezone=True) will not produce a cache key because the ``cache_ok`` flag is not set to True.  Set this flag to True if this type object's state is safe to use in a cache key, or False to disable this warning.
[2021-11-29 16:21:22,379] {logging_mixin.py:109} INFO - [2021-11-29 16:21:22,379] {dag.py:2928} INFO - Setting next_dagrun for example_xcom to 2021-01-01T00:00:00+00:00
[2021-11-29 16:21:22,735] {processor.py:171} INFO - Processing /usr/local/lib/python3.8/dist-packages/airflow/example_dags/example_xcom.py took 1.215 seconds
[2021-11-29 16:22:20,254] {processor.py:163} INFO - Started process (PID=6223) to work on /usr/local/lib/python3.8/dist-packages/airflow/example_dags/example_xcom.py
[2021-11-29 16:22:20,289] {processor.py:625} INFO - Processing file /usr/local/lib/python3.8/dist-packages/airflow/example_dags/example_xcom.py for tasks to queue
[2021-11-29 16:22:20,290] {logging_mixin.py:109} INFO - [2021-11-29 16:22:20,290] {dagbag.py:500} INFO - Filling up the DagBag from /usr/local/lib/python3.8/dist-packages/airflow/example_dags/example_xcom.py
[2021-11-29 16:22:20,372] {processor.py:637} INFO - DAG(s) dict_keys(['example_xcom']) retrieved from /usr/local/lib/python3.8/dist-packages/airflow/example_dags/example_xcom.py
[2021-11-29 16:22:20,400] {logging_mixin.py:109} WARNING - /usr/local/lib/python3.8/dist-packages/airflow/models/serialized_dag.py:120 SAWarning: TypeDecorator UtcDateTime(timezone=True) will not produce a cache key because the ``cache_ok`` flag is not set to True.  Set this flag to True if this type object's state is safe to use in a cache key, or False to disable this warning.
[2021-11-29 16:22:21,017] {logging_mixin.py:109} INFO - [2021-11-29 16:22:21,017] {dag.py:2396} INFO - Sync 1 DAGs
[2021-11-29 16:22:21,039] {logging_mixin.py:109} WARNING - /usr/local/lib/python3.8/dist-packages/airflow/models/dag.py:2433 SAWarning: TypeDecorator UtcDateTime(timezone=True) will not produce a cache key because the ``cache_ok`` flag is not set to True.  Set this flag to True if this type object's state is safe to use in a cache key, or False to disable this warning.
[2021-11-29 16:22:21,059] {logging_mixin.py:109} INFO - [2021-11-29 16:22:21,059] {dag.py:2928} INFO - Setting next_dagrun for example_xcom to 2021-01-01T00:00:00+00:00
[2021-11-29 16:22:21,367] {processor.py:171} INFO - Processing /usr/local/lib/python3.8/dist-packages/airflow/example_dags/example_xcom.py took 1.117 seconds
[2021-11-29 16:23:15,977] {processor.py:163} INFO - Started process (PID=6399) to work on /usr/local/lib/python3.8/dist-packages/airflow/example_dags/example_xcom.py
[2021-11-29 16:23:16,005] {processor.py:625} INFO - Processing file /usr/local/lib/python3.8/dist-packages/airflow/example_dags/example_xcom.py for tasks to queue
[2021-11-29 16:23:16,006] {logging_mixin.py:109} INFO - [2021-11-29 16:23:16,006] {dagbag.py:500} INFO - Filling up the DagBag from /usr/local/lib/python3.8/dist-packages/airflow/example_dags/example_xcom.py
[2021-11-29 16:23:16,074] {processor.py:637} INFO - DAG(s) dict_keys(['example_xcom']) retrieved from /usr/local/lib/python3.8/dist-packages/airflow/example_dags/example_xcom.py
[2021-11-29 16:23:16,091] {logging_mixin.py:109} WARNING - /usr/local/lib/python3.8/dist-packages/airflow/models/serialized_dag.py:120 SAWarning: TypeDecorator UtcDateTime(timezone=True) will not produce a cache key because the ``cache_ok`` flag is not set to True.  Set this flag to True if this type object's state is safe to use in a cache key, or False to disable this warning.
[2021-11-29 16:23:16,684] {logging_mixin.py:109} INFO - [2021-11-29 16:23:16,682] {dag.py:2396} INFO - Sync 1 DAGs
[2021-11-29 16:23:16,699] {logging_mixin.py:109} WARNING - /usr/local/lib/python3.8/dist-packages/airflow/models/dag.py:2433 SAWarning: TypeDecorator UtcDateTime(timezone=True) will not produce a cache key because the ``cache_ok`` flag is not set to True.  Set this flag to True if this type object's state is safe to use in a cache key, or False to disable this warning.
[2021-11-29 16:23:16,712] {logging_mixin.py:109} INFO - [2021-11-29 16:23:16,712] {dag.py:2928} INFO - Setting next_dagrun for example_xcom to 2021-01-01T00:00:00+00:00
[2021-11-29 16:23:16,936] {processor.py:171} INFO - Processing /usr/local/lib/python3.8/dist-packages/airflow/example_dags/example_xcom.py took 0.976 seconds
[2021-11-29 16:24:12,328] {processor.py:163} INFO - Started process (PID=6565) to work on /usr/local/lib/python3.8/dist-packages/airflow/example_dags/example_xcom.py
[2021-11-29 16:24:12,374] {processor.py:625} INFO - Processing file /usr/local/lib/python3.8/dist-packages/airflow/example_dags/example_xcom.py for tasks to queue
[2021-11-29 16:24:12,375] {logging_mixin.py:109} INFO - [2021-11-29 16:24:12,375] {dagbag.py:500} INFO - Filling up the DagBag from /usr/local/lib/python3.8/dist-packages/airflow/example_dags/example_xcom.py
[2021-11-29 16:24:12,553] {processor.py:637} INFO - DAG(s) dict_keys(['example_xcom']) retrieved from /usr/local/lib/python3.8/dist-packages/airflow/example_dags/example_xcom.py
[2021-11-29 16:24:12,569] {logging_mixin.py:109} WARNING - /usr/local/lib/python3.8/dist-packages/airflow/models/serialized_dag.py:120 SAWarning: TypeDecorator UtcDateTime(timezone=True) will not produce a cache key because the ``cache_ok`` flag is not set to True.  Set this flag to True if this type object's state is safe to use in a cache key, or False to disable this warning.
[2021-11-29 16:24:13,406] {logging_mixin.py:109} INFO - [2021-11-29 16:24:13,405] {dag.py:2396} INFO - Sync 1 DAGs
[2021-11-29 16:24:13,436] {logging_mixin.py:109} WARNING - /usr/local/lib/python3.8/dist-packages/airflow/models/dag.py:2433 SAWarning: TypeDecorator UtcDateTime(timezone=True) will not produce a cache key because the ``cache_ok`` flag is not set to True.  Set this flag to True if this type object's state is safe to use in a cache key, or False to disable this warning.
[2021-11-29 16:24:13,458] {logging_mixin.py:109} INFO - [2021-11-29 16:24:13,458] {dag.py:2928} INFO - Setting next_dagrun for example_xcom to 2021-01-01T00:00:00+00:00
[2021-11-29 16:24:13,716] {processor.py:171} INFO - Processing /usr/local/lib/python3.8/dist-packages/airflow/example_dags/example_xcom.py took 1.392 seconds
[2021-11-29 16:25:13,339] {processor.py:163} INFO - Started process (PID=6728) to work on /usr/local/lib/python3.8/dist-packages/airflow/example_dags/example_xcom.py
[2021-11-29 16:25:13,354] {processor.py:625} INFO - Processing file /usr/local/lib/python3.8/dist-packages/airflow/example_dags/example_xcom.py for tasks to queue
[2021-11-29 16:25:13,356] {logging_mixin.py:109} INFO - [2021-11-29 16:25:13,355] {dagbag.py:500} INFO - Filling up the DagBag from /usr/local/lib/python3.8/dist-packages/airflow/example_dags/example_xcom.py
[2021-11-29 16:25:13,460] {processor.py:637} INFO - DAG(s) dict_keys(['example_xcom']) retrieved from /usr/local/lib/python3.8/dist-packages/airflow/example_dags/example_xcom.py
[2021-11-29 16:25:13,476] {logging_mixin.py:109} WARNING - /usr/local/lib/python3.8/dist-packages/airflow/models/serialized_dag.py:120 SAWarning: TypeDecorator UtcDateTime(timezone=True) will not produce a cache key because the ``cache_ok`` flag is not set to True.  Set this flag to True if this type object's state is safe to use in a cache key, or False to disable this warning.
[2021-11-29 16:25:14,228] {logging_mixin.py:109} INFO - [2021-11-29 16:25:14,228] {dag.py:2396} INFO - Sync 1 DAGs
[2021-11-29 16:25:14,248] {logging_mixin.py:109} WARNING - /usr/local/lib/python3.8/dist-packages/airflow/models/dag.py:2433 SAWarning: TypeDecorator UtcDateTime(timezone=True) will not produce a cache key because the ``cache_ok`` flag is not set to True.  Set this flag to True if this type object's state is safe to use in a cache key, or False to disable this warning.
[2021-11-29 16:25:14,271] {logging_mixin.py:109} INFO - [2021-11-29 16:25:14,269] {dag.py:2928} INFO - Setting next_dagrun for example_xcom to 2021-01-01T00:00:00+00:00
[2021-11-29 16:25:14,465] {processor.py:171} INFO - Processing /usr/local/lib/python3.8/dist-packages/airflow/example_dags/example_xcom.py took 1.142 seconds
[2021-11-29 16:26:07,449] {processor.py:163} INFO - Started process (PID=6903) to work on /usr/local/lib/python3.8/dist-packages/airflow/example_dags/example_xcom.py
[2021-11-29 16:26:07,473] {processor.py:625} INFO - Processing file /usr/local/lib/python3.8/dist-packages/airflow/example_dags/example_xcom.py for tasks to queue
[2021-11-29 16:26:07,474] {logging_mixin.py:109} INFO - [2021-11-29 16:26:07,474] {dagbag.py:500} INFO - Filling up the DagBag from /usr/local/lib/python3.8/dist-packages/airflow/example_dags/example_xcom.py
[2021-11-29 16:26:07,556] {processor.py:637} INFO - DAG(s) dict_keys(['example_xcom']) retrieved from /usr/local/lib/python3.8/dist-packages/airflow/example_dags/example_xcom.py
[2021-11-29 16:26:07,563] {logging_mixin.py:109} WARNING - /usr/local/lib/python3.8/dist-packages/airflow/models/serialized_dag.py:120 SAWarning: TypeDecorator UtcDateTime(timezone=True) will not produce a cache key because the ``cache_ok`` flag is not set to True.  Set this flag to True if this type object's state is safe to use in a cache key, or False to disable this warning.
[2021-11-29 16:26:08,235] {logging_mixin.py:109} INFO - [2021-11-29 16:26:08,235] {dag.py:2396} INFO - Sync 1 DAGs
[2021-11-29 16:26:08,253] {logging_mixin.py:109} WARNING - /usr/local/lib/python3.8/dist-packages/airflow/models/dag.py:2433 SAWarning: TypeDecorator UtcDateTime(timezone=True) will not produce a cache key because the ``cache_ok`` flag is not set to True.  Set this flag to True if this type object's state is safe to use in a cache key, or False to disable this warning.
[2021-11-29 16:26:08,267] {logging_mixin.py:109} INFO - [2021-11-29 16:26:08,267] {dag.py:2928} INFO - Setting next_dagrun for example_xcom to 2021-01-01T00:00:00+00:00
[2021-11-29 16:26:08,579] {processor.py:171} INFO - Processing /usr/local/lib/python3.8/dist-packages/airflow/example_dags/example_xcom.py took 1.159 seconds
[2021-11-29 16:27:01,486] {processor.py:163} INFO - Started process (PID=7067) to work on /usr/local/lib/python3.8/dist-packages/airflow/example_dags/example_xcom.py
[2021-11-29 16:27:01,507] {processor.py:625} INFO - Processing file /usr/local/lib/python3.8/dist-packages/airflow/example_dags/example_xcom.py for tasks to queue
[2021-11-29 16:27:01,508] {logging_mixin.py:109} INFO - [2021-11-29 16:27:01,508] {dagbag.py:500} INFO - Filling up the DagBag from /usr/local/lib/python3.8/dist-packages/airflow/example_dags/example_xcom.py
[2021-11-29 16:27:01,595] {processor.py:637} INFO - DAG(s) dict_keys(['example_xcom']) retrieved from /usr/local/lib/python3.8/dist-packages/airflow/example_dags/example_xcom.py
[2021-11-29 16:27:01,601] {logging_mixin.py:109} WARNING - /usr/local/lib/python3.8/dist-packages/airflow/models/serialized_dag.py:120 SAWarning: TypeDecorator UtcDateTime(timezone=True) will not produce a cache key because the ``cache_ok`` flag is not set to True.  Set this flag to True if this type object's state is safe to use in a cache key, or False to disable this warning.
[2021-11-29 16:27:02,158] {logging_mixin.py:109} INFO - [2021-11-29 16:27:02,157] {dag.py:2396} INFO - Sync 1 DAGs
[2021-11-29 16:27:02,178] {logging_mixin.py:109} WARNING - /usr/local/lib/python3.8/dist-packages/airflow/models/dag.py:2433 SAWarning: TypeDecorator UtcDateTime(timezone=True) will not produce a cache key because the ``cache_ok`` flag is not set to True.  Set this flag to True if this type object's state is safe to use in a cache key, or False to disable this warning.
[2021-11-29 16:27:02,198] {logging_mixin.py:109} INFO - [2021-11-29 16:27:02,197] {dag.py:2928} INFO - Setting next_dagrun for example_xcom to 2021-01-01T00:00:00+00:00
[2021-11-29 16:27:02,442] {processor.py:171} INFO - Processing /usr/local/lib/python3.8/dist-packages/airflow/example_dags/example_xcom.py took 0.971 seconds
[2021-11-29 16:27:56,635] {processor.py:163} INFO - Started process (PID=7226) to work on /usr/local/lib/python3.8/dist-packages/airflow/example_dags/example_xcom.py
[2021-11-29 16:27:56,680] {processor.py:625} INFO - Processing file /usr/local/lib/python3.8/dist-packages/airflow/example_dags/example_xcom.py for tasks to queue
[2021-11-29 16:27:56,681] {logging_mixin.py:109} INFO - [2021-11-29 16:27:56,680] {dagbag.py:500} INFO - Filling up the DagBag from /usr/local/lib/python3.8/dist-packages/airflow/example_dags/example_xcom.py
[2021-11-29 16:27:56,786] {processor.py:637} INFO - DAG(s) dict_keys(['example_xcom']) retrieved from /usr/local/lib/python3.8/dist-packages/airflow/example_dags/example_xcom.py
[2021-11-29 16:27:56,809] {logging_mixin.py:109} WARNING - /usr/local/lib/python3.8/dist-packages/airflow/models/serialized_dag.py:120 SAWarning: TypeDecorator UtcDateTime(timezone=True) will not produce a cache key because the ``cache_ok`` flag is not set to True.  Set this flag to True if this type object's state is safe to use in a cache key, or False to disable this warning.
[2021-11-29 16:27:57,439] {logging_mixin.py:109} INFO - [2021-11-29 16:27:57,439] {dag.py:2396} INFO - Sync 1 DAGs
[2021-11-29 16:27:57,510] {logging_mixin.py:109} WARNING - /usr/local/lib/python3.8/dist-packages/airflow/models/dag.py:2433 SAWarning: TypeDecorator UtcDateTime(timezone=True) will not produce a cache key because the ``cache_ok`` flag is not set to True.  Set this flag to True if this type object's state is safe to use in a cache key, or False to disable this warning.
[2021-11-29 16:27:57,548] {logging_mixin.py:109} INFO - [2021-11-29 16:27:57,548] {dag.py:2928} INFO - Setting next_dagrun for example_xcom to 2021-01-01T00:00:00+00:00
[2021-11-29 16:27:57,763] {processor.py:171} INFO - Processing /usr/local/lib/python3.8/dist-packages/airflow/example_dags/example_xcom.py took 1.134 seconds
[2021-11-29 16:28:55,338] {processor.py:163} INFO - Started process (PID=7385) to work on /usr/local/lib/python3.8/dist-packages/airflow/example_dags/example_xcom.py
[2021-11-29 16:28:55,356] {processor.py:625} INFO - Processing file /usr/local/lib/python3.8/dist-packages/airflow/example_dags/example_xcom.py for tasks to queue
[2021-11-29 16:28:55,357] {logging_mixin.py:109} INFO - [2021-11-29 16:28:55,357] {dagbag.py:500} INFO - Filling up the DagBag from /usr/local/lib/python3.8/dist-packages/airflow/example_dags/example_xcom.py
[2021-11-29 16:28:55,457] {processor.py:637} INFO - DAG(s) dict_keys(['example_xcom']) retrieved from /usr/local/lib/python3.8/dist-packages/airflow/example_dags/example_xcom.py
[2021-11-29 16:28:55,486] {logging_mixin.py:109} WARNING - /usr/local/lib/python3.8/dist-packages/airflow/models/serialized_dag.py:120 SAWarning: TypeDecorator UtcDateTime(timezone=True) will not produce a cache key because the ``cache_ok`` flag is not set to True.  Set this flag to True if this type object's state is safe to use in a cache key, or False to disable this warning.
[2021-11-29 16:28:56,254] {logging_mixin.py:109} INFO - [2021-11-29 16:28:56,254] {dag.py:2396} INFO - Sync 1 DAGs
[2021-11-29 16:28:56,290] {logging_mixin.py:109} WARNING - /usr/local/lib/python3.8/dist-packages/airflow/models/dag.py:2433 SAWarning: TypeDecorator UtcDateTime(timezone=True) will not produce a cache key because the ``cache_ok`` flag is not set to True.  Set this flag to True if this type object's state is safe to use in a cache key, or False to disable this warning.
[2021-11-29 16:28:56,306] {logging_mixin.py:109} INFO - [2021-11-29 16:28:56,306] {dag.py:2928} INFO - Setting next_dagrun for example_xcom to 2021-01-01T00:00:00+00:00
[2021-11-29 16:28:56,524] {processor.py:171} INFO - Processing /usr/local/lib/python3.8/dist-packages/airflow/example_dags/example_xcom.py took 1.201 seconds
[2021-11-29 16:29:52,824] {processor.py:163} INFO - Started process (PID=7550) to work on /usr/local/lib/python3.8/dist-packages/airflow/example_dags/example_xcom.py
[2021-11-29 16:29:52,846] {processor.py:625} INFO - Processing file /usr/local/lib/python3.8/dist-packages/airflow/example_dags/example_xcom.py for tasks to queue
[2021-11-29 16:29:52,847] {logging_mixin.py:109} INFO - [2021-11-29 16:29:52,847] {dagbag.py:500} INFO - Filling up the DagBag from /usr/local/lib/python3.8/dist-packages/airflow/example_dags/example_xcom.py
[2021-11-29 16:29:52,928] {processor.py:637} INFO - DAG(s) dict_keys(['example_xcom']) retrieved from /usr/local/lib/python3.8/dist-packages/airflow/example_dags/example_xcom.py
[2021-11-29 16:29:52,934] {logging_mixin.py:109} WARNING - /usr/local/lib/python3.8/dist-packages/airflow/models/serialized_dag.py:120 SAWarning: TypeDecorator UtcDateTime(timezone=True) will not produce a cache key because the ``cache_ok`` flag is not set to True.  Set this flag to True if this type object's state is safe to use in a cache key, or False to disable this warning.
[2021-11-29 16:29:53,456] {logging_mixin.py:109} INFO - [2021-11-29 16:29:53,456] {dag.py:2396} INFO - Sync 1 DAGs
[2021-11-29 16:29:53,469] {logging_mixin.py:109} WARNING - /usr/local/lib/python3.8/dist-packages/airflow/models/dag.py:2433 SAWarning: TypeDecorator UtcDateTime(timezone=True) will not produce a cache key because the ``cache_ok`` flag is not set to True.  Set this flag to True if this type object's state is safe to use in a cache key, or False to disable this warning.
[2021-11-29 16:29:53,483] {logging_mixin.py:109} INFO - [2021-11-29 16:29:53,482] {dag.py:2928} INFO - Setting next_dagrun for example_xcom to 2021-01-01T00:00:00+00:00
[2021-11-29 16:29:53,712] {processor.py:171} INFO - Processing /usr/local/lib/python3.8/dist-packages/airflow/example_dags/example_xcom.py took 0.892 seconds
[2021-11-29 16:30:49,354] {processor.py:163} INFO - Started process (PID=7716) to work on /usr/local/lib/python3.8/dist-packages/airflow/example_dags/example_xcom.py
[2021-11-29 16:30:49,368] {processor.py:625} INFO - Processing file /usr/local/lib/python3.8/dist-packages/airflow/example_dags/example_xcom.py for tasks to queue
[2021-11-29 16:30:49,369] {logging_mixin.py:109} INFO - [2021-11-29 16:30:49,369] {dagbag.py:500} INFO - Filling up the DagBag from /usr/local/lib/python3.8/dist-packages/airflow/example_dags/example_xcom.py
[2021-11-29 16:30:49,466] {processor.py:637} INFO - DAG(s) dict_keys(['example_xcom']) retrieved from /usr/local/lib/python3.8/dist-packages/airflow/example_dags/example_xcom.py
[2021-11-29 16:30:49,473] {logging_mixin.py:109} WARNING - /usr/local/lib/python3.8/dist-packages/airflow/models/serialized_dag.py:120 SAWarning: TypeDecorator UtcDateTime(timezone=True) will not produce a cache key because the ``cache_ok`` flag is not set to True.  Set this flag to True if this type object's state is safe to use in a cache key, or False to disable this warning.
[2021-11-29 16:30:50,291] {logging_mixin.py:109} INFO - [2021-11-29 16:30:50,290] {dag.py:2396} INFO - Sync 1 DAGs
[2021-11-29 16:30:50,319] {logging_mixin.py:109} WARNING - /usr/local/lib/python3.8/dist-packages/airflow/models/dag.py:2433 SAWarning: TypeDecorator UtcDateTime(timezone=True) will not produce a cache key because the ``cache_ok`` flag is not set to True.  Set this flag to True if this type object's state is safe to use in a cache key, or False to disable this warning.
[2021-11-29 16:30:50,338] {logging_mixin.py:109} INFO - [2021-11-29 16:30:50,338] {dag.py:2928} INFO - Setting next_dagrun for example_xcom to 2021-01-01T00:00:00+00:00
[2021-11-29 16:30:50,632] {processor.py:171} INFO - Processing /usr/local/lib/python3.8/dist-packages/airflow/example_dags/example_xcom.py took 1.283 seconds
[2021-11-29 16:31:43,595] {processor.py:163} INFO - Started process (PID=7873) to work on /usr/local/lib/python3.8/dist-packages/airflow/example_dags/example_xcom.py
[2021-11-29 16:31:43,607] {processor.py:625} INFO - Processing file /usr/local/lib/python3.8/dist-packages/airflow/example_dags/example_xcom.py for tasks to queue
[2021-11-29 16:31:43,608] {logging_mixin.py:109} INFO - [2021-11-29 16:31:43,607] {dagbag.py:500} INFO - Filling up the DagBag from /usr/local/lib/python3.8/dist-packages/airflow/example_dags/example_xcom.py
[2021-11-29 16:31:43,664] {processor.py:637} INFO - DAG(s) dict_keys(['example_xcom']) retrieved from /usr/local/lib/python3.8/dist-packages/airflow/example_dags/example_xcom.py
[2021-11-29 16:31:43,670] {logging_mixin.py:109} WARNING - /usr/local/lib/python3.8/dist-packages/airflow/models/serialized_dag.py:120 SAWarning: TypeDecorator UtcDateTime(timezone=True) will not produce a cache key because the ``cache_ok`` flag is not set to True.  Set this flag to True if this type object's state is safe to use in a cache key, or False to disable this warning.
[2021-11-29 16:31:44,215] {logging_mixin.py:109} INFO - [2021-11-29 16:31:44,214] {dag.py:2396} INFO - Sync 1 DAGs
[2021-11-29 16:31:44,229] {logging_mixin.py:109} WARNING - /usr/local/lib/python3.8/dist-packages/airflow/models/dag.py:2433 SAWarning: TypeDecorator UtcDateTime(timezone=True) will not produce a cache key because the ``cache_ok`` flag is not set to True.  Set this flag to True if this type object's state is safe to use in a cache key, or False to disable this warning.
[2021-11-29 16:31:44,243] {logging_mixin.py:109} INFO - [2021-11-29 16:31:44,242] {dag.py:2928} INFO - Setting next_dagrun for example_xcom to 2021-01-01T00:00:00+00:00
[2021-11-29 16:31:44,417] {processor.py:171} INFO - Processing /usr/local/lib/python3.8/dist-packages/airflow/example_dags/example_xcom.py took 0.827 seconds
[2021-11-29 16:32:39,892] {processor.py:163} INFO - Started process (PID=8041) to work on /usr/local/lib/python3.8/dist-packages/airflow/example_dags/example_xcom.py
[2021-11-29 16:32:39,905] {processor.py:625} INFO - Processing file /usr/local/lib/python3.8/dist-packages/airflow/example_dags/example_xcom.py for tasks to queue
[2021-11-29 16:32:39,906] {logging_mixin.py:109} INFO - [2021-11-29 16:32:39,906] {dagbag.py:500} INFO - Filling up the DagBag from /usr/local/lib/python3.8/dist-packages/airflow/example_dags/example_xcom.py
[2021-11-29 16:32:39,971] {processor.py:637} INFO - DAG(s) dict_keys(['example_xcom']) retrieved from /usr/local/lib/python3.8/dist-packages/airflow/example_dags/example_xcom.py
[2021-11-29 16:32:39,989] {logging_mixin.py:109} WARNING - /usr/local/lib/python3.8/dist-packages/airflow/models/serialized_dag.py:120 SAWarning: TypeDecorator UtcDateTime(timezone=True) will not produce a cache key because the ``cache_ok`` flag is not set to True.  Set this flag to True if this type object's state is safe to use in a cache key, or False to disable this warning.
[2021-11-29 16:32:40,636] {logging_mixin.py:109} INFO - [2021-11-29 16:32:40,636] {dag.py:2396} INFO - Sync 1 DAGs
[2021-11-29 16:32:40,648] {logging_mixin.py:109} WARNING - /usr/local/lib/python3.8/dist-packages/airflow/models/dag.py:2433 SAWarning: TypeDecorator UtcDateTime(timezone=True) will not produce a cache key because the ``cache_ok`` flag is not set to True.  Set this flag to True if this type object's state is safe to use in a cache key, or False to disable this warning.
[2021-11-29 16:32:40,660] {logging_mixin.py:109} INFO - [2021-11-29 16:32:40,659] {dag.py:2928} INFO - Setting next_dagrun for example_xcom to 2021-01-01T00:00:00+00:00
[2021-11-29 16:32:40,897] {processor.py:171} INFO - Processing /usr/local/lib/python3.8/dist-packages/airflow/example_dags/example_xcom.py took 1.009 seconds
[2021-11-29 16:33:34,524] {processor.py:163} INFO - Started process (PID=8203) to work on /usr/local/lib/python3.8/dist-packages/airflow/example_dags/example_xcom.py
[2021-11-29 16:33:34,562] {processor.py:625} INFO - Processing file /usr/local/lib/python3.8/dist-packages/airflow/example_dags/example_xcom.py for tasks to queue
[2021-11-29 16:33:34,564] {logging_mixin.py:109} INFO - [2021-11-29 16:33:34,564] {dagbag.py:500} INFO - Filling up the DagBag from /usr/local/lib/python3.8/dist-packages/airflow/example_dags/example_xcom.py
[2021-11-29 16:33:34,644] {processor.py:637} INFO - DAG(s) dict_keys(['example_xcom']) retrieved from /usr/local/lib/python3.8/dist-packages/airflow/example_dags/example_xcom.py
[2021-11-29 16:33:34,670] {logging_mixin.py:109} WARNING - /usr/local/lib/python3.8/dist-packages/airflow/models/serialized_dag.py:120 SAWarning: TypeDecorator UtcDateTime(timezone=True) will not produce a cache key because the ``cache_ok`` flag is not set to True.  Set this flag to True if this type object's state is safe to use in a cache key, or False to disable this warning.
[2021-11-29 16:33:35,213] {logging_mixin.py:109} INFO - [2021-11-29 16:33:35,213] {dag.py:2396} INFO - Sync 1 DAGs
[2021-11-29 16:33:35,260] {logging_mixin.py:109} WARNING - /usr/local/lib/python3.8/dist-packages/airflow/models/dag.py:2433 SAWarning: TypeDecorator UtcDateTime(timezone=True) will not produce a cache key because the ``cache_ok`` flag is not set to True.  Set this flag to True if this type object's state is safe to use in a cache key, or False to disable this warning.
[2021-11-29 16:33:35,275] {logging_mixin.py:109} INFO - [2021-11-29 16:33:35,274] {dag.py:2928} INFO - Setting next_dagrun for example_xcom to 2021-01-01T00:00:00+00:00
[2021-11-29 16:33:35,523] {processor.py:171} INFO - Processing /usr/local/lib/python3.8/dist-packages/airflow/example_dags/example_xcom.py took 1.003 seconds
[2021-11-29 16:34:29,667] {processor.py:163} INFO - Started process (PID=8366) to work on /usr/local/lib/python3.8/dist-packages/airflow/example_dags/example_xcom.py
[2021-11-29 16:34:29,681] {processor.py:625} INFO - Processing file /usr/local/lib/python3.8/dist-packages/airflow/example_dags/example_xcom.py for tasks to queue
[2021-11-29 16:34:29,682] {logging_mixin.py:109} INFO - [2021-11-29 16:34:29,682] {dagbag.py:500} INFO - Filling up the DagBag from /usr/local/lib/python3.8/dist-packages/airflow/example_dags/example_xcom.py
[2021-11-29 16:34:29,806] {processor.py:637} INFO - DAG(s) dict_keys(['example_xcom']) retrieved from /usr/local/lib/python3.8/dist-packages/airflow/example_dags/example_xcom.py
[2021-11-29 16:34:29,830] {logging_mixin.py:109} WARNING - /usr/local/lib/python3.8/dist-packages/airflow/models/serialized_dag.py:120 SAWarning: TypeDecorator UtcDateTime(timezone=True) will not produce a cache key because the ``cache_ok`` flag is not set to True.  Set this flag to True if this type object's state is safe to use in a cache key, or False to disable this warning.
[2021-11-29 16:34:30,424] {logging_mixin.py:109} INFO - [2021-11-29 16:34:30,423] {dag.py:2396} INFO - Sync 1 DAGs
[2021-11-29 16:34:30,457] {logging_mixin.py:109} WARNING - /usr/local/lib/python3.8/dist-packages/airflow/models/dag.py:2433 SAWarning: TypeDecorator UtcDateTime(timezone=True) will not produce a cache key because the ``cache_ok`` flag is not set to True.  Set this flag to True if this type object's state is safe to use in a cache key, or False to disable this warning.
[2021-11-29 16:34:30,496] {logging_mixin.py:109} INFO - [2021-11-29 16:34:30,496] {dag.py:2928} INFO - Setting next_dagrun for example_xcom to 2021-01-01T00:00:00+00:00
[2021-11-29 16:34:30,709] {processor.py:171} INFO - Processing /usr/local/lib/python3.8/dist-packages/airflow/example_dags/example_xcom.py took 1.057 seconds
[2021-11-29 16:35:25,575] {processor.py:163} INFO - Started process (PID=8534) to work on /usr/local/lib/python3.8/dist-packages/airflow/example_dags/example_xcom.py
[2021-11-29 16:35:25,588] {processor.py:625} INFO - Processing file /usr/local/lib/python3.8/dist-packages/airflow/example_dags/example_xcom.py for tasks to queue
[2021-11-29 16:35:25,589] {logging_mixin.py:109} INFO - [2021-11-29 16:35:25,589] {dagbag.py:500} INFO - Filling up the DagBag from /usr/local/lib/python3.8/dist-packages/airflow/example_dags/example_xcom.py
[2021-11-29 16:35:25,682] {processor.py:637} INFO - DAG(s) dict_keys(['example_xcom']) retrieved from /usr/local/lib/python3.8/dist-packages/airflow/example_dags/example_xcom.py
[2021-11-29 16:35:25,709] {logging_mixin.py:109} WARNING - /usr/local/lib/python3.8/dist-packages/airflow/models/serialized_dag.py:120 SAWarning: TypeDecorator UtcDateTime(timezone=True) will not produce a cache key because the ``cache_ok`` flag is not set to True.  Set this flag to True if this type object's state is safe to use in a cache key, or False to disable this warning.
[2021-11-29 16:35:26,310] {logging_mixin.py:109} INFO - [2021-11-29 16:35:26,310] {dag.py:2396} INFO - Sync 1 DAGs
[2021-11-29 16:35:26,331] {logging_mixin.py:109} WARNING - /usr/local/lib/python3.8/dist-packages/airflow/models/dag.py:2433 SAWarning: TypeDecorator UtcDateTime(timezone=True) will not produce a cache key because the ``cache_ok`` flag is not set to True.  Set this flag to True if this type object's state is safe to use in a cache key, or False to disable this warning.
[2021-11-29 16:35:26,364] {logging_mixin.py:109} INFO - [2021-11-29 16:35:26,364] {dag.py:2928} INFO - Setting next_dagrun for example_xcom to 2021-01-01T00:00:00+00:00
[2021-11-29 16:35:26,614] {processor.py:171} INFO - Processing /usr/local/lib/python3.8/dist-packages/airflow/example_dags/example_xcom.py took 1.052 seconds
[2021-11-29 16:36:23,497] {processor.py:163} INFO - Started process (PID=8693) to work on /usr/local/lib/python3.8/dist-packages/airflow/example_dags/example_xcom.py
[2021-11-29 16:36:23,512] {processor.py:625} INFO - Processing file /usr/local/lib/python3.8/dist-packages/airflow/example_dags/example_xcom.py for tasks to queue
[2021-11-29 16:36:23,513] {logging_mixin.py:109} INFO - [2021-11-29 16:36:23,512] {dagbag.py:500} INFO - Filling up the DagBag from /usr/local/lib/python3.8/dist-packages/airflow/example_dags/example_xcom.py
[2021-11-29 16:36:23,626] {processor.py:637} INFO - DAG(s) dict_keys(['example_xcom']) retrieved from /usr/local/lib/python3.8/dist-packages/airflow/example_dags/example_xcom.py
[2021-11-29 16:36:23,638] {logging_mixin.py:109} WARNING - /usr/local/lib/python3.8/dist-packages/airflow/models/serialized_dag.py:120 SAWarning: TypeDecorator UtcDateTime(timezone=True) will not produce a cache key because the ``cache_ok`` flag is not set to True.  Set this flag to True if this type object's state is safe to use in a cache key, or False to disable this warning.
[2021-11-29 16:36:24,352] {logging_mixin.py:109} INFO - [2021-11-29 16:36:24,352] {dag.py:2396} INFO - Sync 1 DAGs
[2021-11-29 16:36:24,378] {logging_mixin.py:109} WARNING - /usr/local/lib/python3.8/dist-packages/airflow/models/dag.py:2433 SAWarning: TypeDecorator UtcDateTime(timezone=True) will not produce a cache key because the ``cache_ok`` flag is not set to True.  Set this flag to True if this type object's state is safe to use in a cache key, or False to disable this warning.
[2021-11-29 16:36:24,390] {logging_mixin.py:109} INFO - [2021-11-29 16:36:24,390] {dag.py:2928} INFO - Setting next_dagrun for example_xcom to 2021-01-01T00:00:00+00:00
[2021-11-29 16:36:24,617] {processor.py:171} INFO - Processing /usr/local/lib/python3.8/dist-packages/airflow/example_dags/example_xcom.py took 1.173 seconds
[2021-11-29 16:37:18,776] {processor.py:163} INFO - Started process (PID=8850) to work on /usr/local/lib/python3.8/dist-packages/airflow/example_dags/example_xcom.py
[2021-11-29 16:37:18,809] {processor.py:625} INFO - Processing file /usr/local/lib/python3.8/dist-packages/airflow/example_dags/example_xcom.py for tasks to queue
[2021-11-29 16:37:18,810] {logging_mixin.py:109} INFO - [2021-11-29 16:37:18,810] {dagbag.py:500} INFO - Filling up the DagBag from /usr/local/lib/python3.8/dist-packages/airflow/example_dags/example_xcom.py
[2021-11-29 16:37:18,887] {processor.py:637} INFO - DAG(s) dict_keys(['example_xcom']) retrieved from /usr/local/lib/python3.8/dist-packages/airflow/example_dags/example_xcom.py
[2021-11-29 16:37:18,898] {logging_mixin.py:109} WARNING - /usr/local/lib/python3.8/dist-packages/airflow/models/serialized_dag.py:120 SAWarning: TypeDecorator UtcDateTime(timezone=True) will not produce a cache key because the ``cache_ok`` flag is not set to True.  Set this flag to True if this type object's state is safe to use in a cache key, or False to disable this warning.
[2021-11-29 16:37:19,672] {logging_mixin.py:109} INFO - [2021-11-29 16:37:19,672] {dag.py:2396} INFO - Sync 1 DAGs
[2021-11-29 16:37:19,710] {logging_mixin.py:109} WARNING - /usr/local/lib/python3.8/dist-packages/airflow/models/dag.py:2433 SAWarning: TypeDecorator UtcDateTime(timezone=True) will not produce a cache key because the ``cache_ok`` flag is not set to True.  Set this flag to True if this type object's state is safe to use in a cache key, or False to disable this warning.
[2021-11-29 16:37:19,735] {logging_mixin.py:109} INFO - [2021-11-29 16:37:19,734] {dag.py:2928} INFO - Setting next_dagrun for example_xcom to 2021-01-01T00:00:00+00:00
[2021-11-29 16:37:19,959] {processor.py:171} INFO - Processing /usr/local/lib/python3.8/dist-packages/airflow/example_dags/example_xcom.py took 1.198 seconds
[2021-11-29 16:38:14,638] {processor.py:163} INFO - Started process (PID=9015) to work on /usr/local/lib/python3.8/dist-packages/airflow/example_dags/example_xcom.py
[2021-11-29 16:38:14,670] {processor.py:625} INFO - Processing file /usr/local/lib/python3.8/dist-packages/airflow/example_dags/example_xcom.py for tasks to queue
[2021-11-29 16:38:14,671] {logging_mixin.py:109} INFO - [2021-11-29 16:38:14,671] {dagbag.py:500} INFO - Filling up the DagBag from /usr/local/lib/python3.8/dist-packages/airflow/example_dags/example_xcom.py
[2021-11-29 16:38:14,763] {processor.py:637} INFO - DAG(s) dict_keys(['example_xcom']) retrieved from /usr/local/lib/python3.8/dist-packages/airflow/example_dags/example_xcom.py
[2021-11-29 16:38:14,769] {logging_mixin.py:109} WARNING - /usr/local/lib/python3.8/dist-packages/airflow/models/serialized_dag.py:120 SAWarning: TypeDecorator UtcDateTime(timezone=True) will not produce a cache key because the ``cache_ok`` flag is not set to True.  Set this flag to True if this type object's state is safe to use in a cache key, or False to disable this warning.
[2021-11-29 16:38:15,369] {logging_mixin.py:109} INFO - [2021-11-29 16:38:15,368] {dag.py:2396} INFO - Sync 1 DAGs
[2021-11-29 16:38:15,388] {logging_mixin.py:109} WARNING - /usr/local/lib/python3.8/dist-packages/airflow/models/dag.py:2433 SAWarning: TypeDecorator UtcDateTime(timezone=True) will not produce a cache key because the ``cache_ok`` flag is not set to True.  Set this flag to True if this type object's state is safe to use in a cache key, or False to disable this warning.
[2021-11-29 16:38:15,413] {logging_mixin.py:109} INFO - [2021-11-29 16:38:15,410] {dag.py:2928} INFO - Setting next_dagrun for example_xcom to 2021-01-01T00:00:00+00:00
[2021-11-29 16:38:15,678] {processor.py:171} INFO - Processing /usr/local/lib/python3.8/dist-packages/airflow/example_dags/example_xcom.py took 1.045 seconds
[2021-11-29 16:39:09,787] {processor.py:163} INFO - Started process (PID=9179) to work on /usr/local/lib/python3.8/dist-packages/airflow/example_dags/example_xcom.py
[2021-11-29 16:39:09,801] {processor.py:625} INFO - Processing file /usr/local/lib/python3.8/dist-packages/airflow/example_dags/example_xcom.py for tasks to queue
[2021-11-29 16:39:09,802] {logging_mixin.py:109} INFO - [2021-11-29 16:39:09,802] {dagbag.py:500} INFO - Filling up the DagBag from /usr/local/lib/python3.8/dist-packages/airflow/example_dags/example_xcom.py
[2021-11-29 16:39:09,895] {processor.py:637} INFO - DAG(s) dict_keys(['example_xcom']) retrieved from /usr/local/lib/python3.8/dist-packages/airflow/example_dags/example_xcom.py
[2021-11-29 16:39:09,902] {logging_mixin.py:109} WARNING - /usr/local/lib/python3.8/dist-packages/airflow/models/serialized_dag.py:120 SAWarning: TypeDecorator UtcDateTime(timezone=True) will not produce a cache key because the ``cache_ok`` flag is not set to True.  Set this flag to True if this type object's state is safe to use in a cache key, or False to disable this warning.
[2021-11-29 16:39:10,411] {logging_mixin.py:109} INFO - [2021-11-29 16:39:10,410] {dag.py:2396} INFO - Sync 1 DAGs
[2021-11-29 16:39:10,431] {logging_mixin.py:109} WARNING - /usr/local/lib/python3.8/dist-packages/airflow/models/dag.py:2433 SAWarning: TypeDecorator UtcDateTime(timezone=True) will not produce a cache key because the ``cache_ok`` flag is not set to True.  Set this flag to True if this type object's state is safe to use in a cache key, or False to disable this warning.
[2021-11-29 16:39:10,446] {logging_mixin.py:109} INFO - [2021-11-29 16:39:10,445] {dag.py:2928} INFO - Setting next_dagrun for example_xcom to 2021-01-01T00:00:00+00:00
[2021-11-29 16:39:10,707] {processor.py:171} INFO - Processing /usr/local/lib/python3.8/dist-packages/airflow/example_dags/example_xcom.py took 0.935 seconds
[2021-11-29 16:40:04,487] {processor.py:163} INFO - Started process (PID=9344) to work on /usr/local/lib/python3.8/dist-packages/airflow/example_dags/example_xcom.py
[2021-11-29 16:40:04,585] {processor.py:625} INFO - Processing file /usr/local/lib/python3.8/dist-packages/airflow/example_dags/example_xcom.py for tasks to queue
[2021-11-29 16:40:04,586] {logging_mixin.py:109} INFO - [2021-11-29 16:40:04,586] {dagbag.py:500} INFO - Filling up the DagBag from /usr/local/lib/python3.8/dist-packages/airflow/example_dags/example_xcom.py
[2021-11-29 16:40:04,715] {processor.py:637} INFO - DAG(s) dict_keys(['example_xcom']) retrieved from /usr/local/lib/python3.8/dist-packages/airflow/example_dags/example_xcom.py
[2021-11-29 16:40:04,736] {logging_mixin.py:109} WARNING - /usr/local/lib/python3.8/dist-packages/airflow/models/serialized_dag.py:120 SAWarning: TypeDecorator UtcDateTime(timezone=True) will not produce a cache key because the ``cache_ok`` flag is not set to True.  Set this flag to True if this type object's state is safe to use in a cache key, or False to disable this warning.
[2021-11-29 16:40:05,596] {logging_mixin.py:109} INFO - [2021-11-29 16:40:05,596] {dag.py:2396} INFO - Sync 1 DAGs
[2021-11-29 16:40:05,645] {logging_mixin.py:109} WARNING - /usr/local/lib/python3.8/dist-packages/airflow/models/dag.py:2433 SAWarning: TypeDecorator UtcDateTime(timezone=True) will not produce a cache key because the ``cache_ok`` flag is not set to True.  Set this flag to True if this type object's state is safe to use in a cache key, or False to disable this warning.
[2021-11-29 16:40:05,696] {logging_mixin.py:109} INFO - [2021-11-29 16:40:05,695] {dag.py:2928} INFO - Setting next_dagrun for example_xcom to 2021-01-01T00:00:00+00:00
[2021-11-29 16:40:05,912] {processor.py:171} INFO - Processing /usr/local/lib/python3.8/dist-packages/airflow/example_dags/example_xcom.py took 1.444 seconds
[2021-11-29 16:41:00,395] {processor.py:163} INFO - Started process (PID=9507) to work on /usr/local/lib/python3.8/dist-packages/airflow/example_dags/example_xcom.py
[2021-11-29 16:41:00,425] {processor.py:625} INFO - Processing file /usr/local/lib/python3.8/dist-packages/airflow/example_dags/example_xcom.py for tasks to queue
[2021-11-29 16:41:00,426] {logging_mixin.py:109} INFO - [2021-11-29 16:41:00,426] {dagbag.py:500} INFO - Filling up the DagBag from /usr/local/lib/python3.8/dist-packages/airflow/example_dags/example_xcom.py
[2021-11-29 16:41:00,506] {processor.py:637} INFO - DAG(s) dict_keys(['example_xcom']) retrieved from /usr/local/lib/python3.8/dist-packages/airflow/example_dags/example_xcom.py
[2021-11-29 16:41:00,513] {logging_mixin.py:109} WARNING - /usr/local/lib/python3.8/dist-packages/airflow/models/serialized_dag.py:120 SAWarning: TypeDecorator UtcDateTime(timezone=True) will not produce a cache key because the ``cache_ok`` flag is not set to True.  Set this flag to True if this type object's state is safe to use in a cache key, or False to disable this warning.
[2021-11-29 16:41:01,168] {logging_mixin.py:109} INFO - [2021-11-29 16:41:01,167] {dag.py:2396} INFO - Sync 1 DAGs
[2021-11-29 16:41:01,188] {logging_mixin.py:109} WARNING - /usr/local/lib/python3.8/dist-packages/airflow/models/dag.py:2433 SAWarning: TypeDecorator UtcDateTime(timezone=True) will not produce a cache key because the ``cache_ok`` flag is not set to True.  Set this flag to True if this type object's state is safe to use in a cache key, or False to disable this warning.
[2021-11-29 16:41:01,207] {logging_mixin.py:109} INFO - [2021-11-29 16:41:01,206] {dag.py:2928} INFO - Setting next_dagrun for example_xcom to 2021-01-01T00:00:00+00:00
[2021-11-29 16:41:01,404] {processor.py:171} INFO - Processing /usr/local/lib/python3.8/dist-packages/airflow/example_dags/example_xcom.py took 1.023 seconds
[2021-11-29 16:42:03,448] {processor.py:163} INFO - Started process (PID=9682) to work on /usr/local/lib/python3.8/dist-packages/airflow/example_dags/example_xcom.py
[2021-11-29 16:42:03,464] {processor.py:625} INFO - Processing file /usr/local/lib/python3.8/dist-packages/airflow/example_dags/example_xcom.py for tasks to queue
[2021-11-29 16:42:03,465] {logging_mixin.py:109} INFO - [2021-11-29 16:42:03,465] {dagbag.py:500} INFO - Filling up the DagBag from /usr/local/lib/python3.8/dist-packages/airflow/example_dags/example_xcom.py
[2021-11-29 16:42:03,514] {processor.py:637} INFO - DAG(s) dict_keys(['example_xcom']) retrieved from /usr/local/lib/python3.8/dist-packages/airflow/example_dags/example_xcom.py
[2021-11-29 16:42:03,526] {logging_mixin.py:109} WARNING - /usr/local/lib/python3.8/dist-packages/airflow/models/serialized_dag.py:120 SAWarning: TypeDecorator UtcDateTime(timezone=True) will not produce a cache key because the ``cache_ok`` flag is not set to True.  Set this flag to True if this type object's state is safe to use in a cache key, or False to disable this warning.
[2021-11-29 16:42:04,173] {logging_mixin.py:109} INFO - [2021-11-29 16:42:04,172] {dag.py:2396} INFO - Sync 1 DAGs
[2021-11-29 16:42:04,197] {logging_mixin.py:109} WARNING - /usr/local/lib/python3.8/dist-packages/airflow/models/dag.py:2433 SAWarning: TypeDecorator UtcDateTime(timezone=True) will not produce a cache key because the ``cache_ok`` flag is not set to True.  Set this flag to True if this type object's state is safe to use in a cache key, or False to disable this warning.
[2021-11-29 16:42:04,214] {logging_mixin.py:109} INFO - [2021-11-29 16:42:04,214] {dag.py:2928} INFO - Setting next_dagrun for example_xcom to 2021-01-01T00:00:00+00:00
[2021-11-29 16:42:04,434] {processor.py:171} INFO - Processing /usr/local/lib/python3.8/dist-packages/airflow/example_dags/example_xcom.py took 1.000 seconds
[2021-11-29 16:42:56,829] {processor.py:163} INFO - Started process (PID=9854) to work on /usr/local/lib/python3.8/dist-packages/airflow/example_dags/example_xcom.py
[2021-11-29 16:42:56,866] {processor.py:625} INFO - Processing file /usr/local/lib/python3.8/dist-packages/airflow/example_dags/example_xcom.py for tasks to queue
[2021-11-29 16:42:56,867] {logging_mixin.py:109} INFO - [2021-11-29 16:42:56,867] {dagbag.py:500} INFO - Filling up the DagBag from /usr/local/lib/python3.8/dist-packages/airflow/example_dags/example_xcom.py
[2021-11-29 16:42:56,959] {processor.py:637} INFO - DAG(s) dict_keys(['example_xcom']) retrieved from /usr/local/lib/python3.8/dist-packages/airflow/example_dags/example_xcom.py
[2021-11-29 16:42:56,976] {logging_mixin.py:109} WARNING - /usr/local/lib/python3.8/dist-packages/airflow/models/serialized_dag.py:120 SAWarning: TypeDecorator UtcDateTime(timezone=True) will not produce a cache key because the ``cache_ok`` flag is not set to True.  Set this flag to True if this type object's state is safe to use in a cache key, or False to disable this warning.
[2021-11-29 16:42:57,590] {logging_mixin.py:109} INFO - [2021-11-29 16:42:57,590] {dag.py:2396} INFO - Sync 1 DAGs
[2021-11-29 16:42:57,631] {logging_mixin.py:109} WARNING - /usr/local/lib/python3.8/dist-packages/airflow/models/dag.py:2433 SAWarning: TypeDecorator UtcDateTime(timezone=True) will not produce a cache key because the ``cache_ok`` flag is not set to True.  Set this flag to True if this type object's state is safe to use in a cache key, or False to disable this warning.
[2021-11-29 16:42:57,653] {logging_mixin.py:109} INFO - [2021-11-29 16:42:57,653] {dag.py:2928} INFO - Setting next_dagrun for example_xcom to 2021-01-01T00:00:00+00:00
[2021-11-29 16:42:57,848] {processor.py:171} INFO - Processing /usr/local/lib/python3.8/dist-packages/airflow/example_dags/example_xcom.py took 1.035 seconds
[2021-11-29 16:43:51,577] {processor.py:163} INFO - Started process (PID=10017) to work on /usr/local/lib/python3.8/dist-packages/airflow/example_dags/example_xcom.py
[2021-11-29 16:43:51,590] {processor.py:625} INFO - Processing file /usr/local/lib/python3.8/dist-packages/airflow/example_dags/example_xcom.py for tasks to queue
[2021-11-29 16:43:51,591] {logging_mixin.py:109} INFO - [2021-11-29 16:43:51,591] {dagbag.py:500} INFO - Filling up the DagBag from /usr/local/lib/python3.8/dist-packages/airflow/example_dags/example_xcom.py
[2021-11-29 16:43:51,673] {processor.py:637} INFO - DAG(s) dict_keys(['example_xcom']) retrieved from /usr/local/lib/python3.8/dist-packages/airflow/example_dags/example_xcom.py
[2021-11-29 16:43:51,679] {logging_mixin.py:109} WARNING - /usr/local/lib/python3.8/dist-packages/airflow/models/serialized_dag.py:120 SAWarning: TypeDecorator UtcDateTime(timezone=True) will not produce a cache key because the ``cache_ok`` flag is not set to True.  Set this flag to True if this type object's state is safe to use in a cache key, or False to disable this warning.
[2021-11-29 16:43:52,355] {logging_mixin.py:109} INFO - [2021-11-29 16:43:52,354] {dag.py:2396} INFO - Sync 1 DAGs
[2021-11-29 16:43:52,367] {logging_mixin.py:109} WARNING - /usr/local/lib/python3.8/dist-packages/airflow/models/dag.py:2433 SAWarning: TypeDecorator UtcDateTime(timezone=True) will not produce a cache key because the ``cache_ok`` flag is not set to True.  Set this flag to True if this type object's state is safe to use in a cache key, or False to disable this warning.
[2021-11-29 16:43:52,380] {logging_mixin.py:109} INFO - [2021-11-29 16:43:52,380] {dag.py:2928} INFO - Setting next_dagrun for example_xcom to 2021-01-01T00:00:00+00:00
[2021-11-29 16:43:52,595] {processor.py:171} INFO - Processing /usr/local/lib/python3.8/dist-packages/airflow/example_dags/example_xcom.py took 1.033 seconds
[2021-11-29 16:44:48,575] {processor.py:163} INFO - Started process (PID=10184) to work on /usr/local/lib/python3.8/dist-packages/airflow/example_dags/example_xcom.py
[2021-11-29 16:44:48,613] {processor.py:625} INFO - Processing file /usr/local/lib/python3.8/dist-packages/airflow/example_dags/example_xcom.py for tasks to queue
[2021-11-29 16:44:48,614] {logging_mixin.py:109} INFO - [2021-11-29 16:44:48,614] {dagbag.py:500} INFO - Filling up the DagBag from /usr/local/lib/python3.8/dist-packages/airflow/example_dags/example_xcom.py
[2021-11-29 16:44:48,711] {processor.py:637} INFO - DAG(s) dict_keys(['example_xcom']) retrieved from /usr/local/lib/python3.8/dist-packages/airflow/example_dags/example_xcom.py
[2021-11-29 16:44:48,729] {logging_mixin.py:109} WARNING - /usr/local/lib/python3.8/dist-packages/airflow/models/serialized_dag.py:120 SAWarning: TypeDecorator UtcDateTime(timezone=True) will not produce a cache key because the ``cache_ok`` flag is not set to True.  Set this flag to True if this type object's state is safe to use in a cache key, or False to disable this warning.
[2021-11-29 16:44:49,300] {logging_mixin.py:109} INFO - [2021-11-29 16:44:49,300] {dag.py:2396} INFO - Sync 1 DAGs
[2021-11-29 16:44:49,313] {logging_mixin.py:109} WARNING - /usr/local/lib/python3.8/dist-packages/airflow/models/dag.py:2433 SAWarning: TypeDecorator UtcDateTime(timezone=True) will not produce a cache key because the ``cache_ok`` flag is not set to True.  Set this flag to True if this type object's state is safe to use in a cache key, or False to disable this warning.
[2021-11-29 16:44:49,325] {logging_mixin.py:109} INFO - [2021-11-29 16:44:49,324] {dag.py:2928} INFO - Setting next_dagrun for example_xcom to 2021-01-01T00:00:00+00:00
[2021-11-29 16:44:49,878] {processor.py:171} INFO - Processing /usr/local/lib/python3.8/dist-packages/airflow/example_dags/example_xcom.py took 1.318 seconds
[2021-11-29 16:45:44,195] {processor.py:163} INFO - Started process (PID=10352) to work on /usr/local/lib/python3.8/dist-packages/airflow/example_dags/example_xcom.py
[2021-11-29 16:45:44,228] {processor.py:625} INFO - Processing file /usr/local/lib/python3.8/dist-packages/airflow/example_dags/example_xcom.py for tasks to queue
[2021-11-29 16:45:44,230] {logging_mixin.py:109} INFO - [2021-11-29 16:45:44,230] {dagbag.py:500} INFO - Filling up the DagBag from /usr/local/lib/python3.8/dist-packages/airflow/example_dags/example_xcom.py
[2021-11-29 16:45:44,313] {processor.py:637} INFO - DAG(s) dict_keys(['example_xcom']) retrieved from /usr/local/lib/python3.8/dist-packages/airflow/example_dags/example_xcom.py
[2021-11-29 16:45:44,330] {logging_mixin.py:109} WARNING - /usr/local/lib/python3.8/dist-packages/airflow/models/serialized_dag.py:120 SAWarning: TypeDecorator UtcDateTime(timezone=True) will not produce a cache key because the ``cache_ok`` flag is not set to True.  Set this flag to True if this type object's state is safe to use in a cache key, or False to disable this warning.
[2021-11-29 16:45:44,918] {logging_mixin.py:109} INFO - [2021-11-29 16:45:44,917] {dag.py:2396} INFO - Sync 1 DAGs
[2021-11-29 16:45:44,934] {logging_mixin.py:109} WARNING - /usr/local/lib/python3.8/dist-packages/airflow/models/dag.py:2433 SAWarning: TypeDecorator UtcDateTime(timezone=True) will not produce a cache key because the ``cache_ok`` flag is not set to True.  Set this flag to True if this type object's state is safe to use in a cache key, or False to disable this warning.
[2021-11-29 16:45:44,947] {logging_mixin.py:109} INFO - [2021-11-29 16:45:44,947] {dag.py:2928} INFO - Setting next_dagrun for example_xcom to 2021-01-01T00:00:00+00:00
[2021-11-29 16:45:45,238] {processor.py:171} INFO - Processing /usr/local/lib/python3.8/dist-packages/airflow/example_dags/example_xcom.py took 1.048 seconds
[2021-11-29 16:46:39,604] {processor.py:163} INFO - Started process (PID=10533) to work on /usr/local/lib/python3.8/dist-packages/airflow/example_dags/example_xcom.py
[2021-11-29 16:46:39,630] {processor.py:625} INFO - Processing file /usr/local/lib/python3.8/dist-packages/airflow/example_dags/example_xcom.py for tasks to queue
[2021-11-29 16:46:39,632] {logging_mixin.py:109} INFO - [2021-11-29 16:46:39,631] {dagbag.py:500} INFO - Filling up the DagBag from /usr/local/lib/python3.8/dist-packages/airflow/example_dags/example_xcom.py
[2021-11-29 16:46:39,703] {processor.py:637} INFO - DAG(s) dict_keys(['example_xcom']) retrieved from /usr/local/lib/python3.8/dist-packages/airflow/example_dags/example_xcom.py
[2021-11-29 16:46:39,719] {logging_mixin.py:109} WARNING - /usr/local/lib/python3.8/dist-packages/airflow/models/serialized_dag.py:120 SAWarning: TypeDecorator UtcDateTime(timezone=True) will not produce a cache key because the ``cache_ok`` flag is not set to True.  Set this flag to True if this type object's state is safe to use in a cache key, or False to disable this warning.
[2021-11-29 16:46:40,289] {logging_mixin.py:109} INFO - [2021-11-29 16:46:40,289] {dag.py:2396} INFO - Sync 1 DAGs
[2021-11-29 16:46:40,302] {logging_mixin.py:109} WARNING - /usr/local/lib/python3.8/dist-packages/airflow/models/dag.py:2433 SAWarning: TypeDecorator UtcDateTime(timezone=True) will not produce a cache key because the ``cache_ok`` flag is not set to True.  Set this flag to True if this type object's state is safe to use in a cache key, or False to disable this warning.
[2021-11-29 16:46:40,314] {logging_mixin.py:109} INFO - [2021-11-29 16:46:40,314] {dag.py:2928} INFO - Setting next_dagrun for example_xcom to 2021-01-01T00:00:00+00:00
[2021-11-29 16:46:40,537] {processor.py:171} INFO - Processing /usr/local/lib/python3.8/dist-packages/airflow/example_dags/example_xcom.py took 0.936 seconds
