[2021-11-29 16:15:24,915] {processor.py:163} INFO - Started process (PID=4962) to work on /usr/local/lib/python3.8/dist-packages/airflow/example_dags/example_trigger_target_dag.py
[2021-11-29 16:15:24,916] {processor.py:625} INFO - Processing file /usr/local/lib/python3.8/dist-packages/airflow/example_dags/example_trigger_target_dag.py for tasks to queue
[2021-11-29 16:15:24,917] {logging_mixin.py:109} INFO - [2021-11-29 16:15:24,916] {dagbag.py:500} INFO - Filling up the DagBag from /usr/local/lib/python3.8/dist-packages/airflow/example_dags/example_trigger_target_dag.py
[2021-11-29 16:15:24,984] {processor.py:637} INFO - DAG(s) dict_keys(['example_trigger_target_dag']) retrieved from /usr/local/lib/python3.8/dist-packages/airflow/example_dags/example_trigger_target_dag.py
[2021-11-29 16:15:24,993] {logging_mixin.py:109} WARNING - /usr/local/lib/python3.8/dist-packages/airflow/models/serialized_dag.py:120 SAWarning: TypeDecorator UtcDateTime(timezone=True) will not produce a cache key because the ``cache_ok`` flag is not set to True.  Set this flag to True if this type object's state is safe to use in a cache key, or False to disable this warning.
[2021-11-29 16:15:25,009] {logging_mixin.py:109} INFO - [2021-11-29 16:15:25,009] {dag.py:2396} INFO - Sync 1 DAGs
[2021-11-29 16:15:25,033] {logging_mixin.py:109} WARNING - /usr/local/lib/python3.8/dist-packages/airflow/models/dag.py:2433 SAWarning: TypeDecorator UtcDateTime(timezone=True) will not produce a cache key because the ``cache_ok`` flag is not set to True.  Set this flag to True if this type object's state is safe to use in a cache key, or False to disable this warning.
[2021-11-29 16:15:25,048] {logging_mixin.py:109} INFO - [2021-11-29 16:15:25,048] {dag.py:2928} INFO - Setting next_dagrun for example_trigger_target_dag to None
[2021-11-29 16:15:25,238] {processor.py:171} INFO - Processing /usr/local/lib/python3.8/dist-packages/airflow/example_dags/example_trigger_target_dag.py took 0.337 seconds
[2021-11-29 16:16:31,734] {processor.py:163} INFO - Started process (PID=5144) to work on /usr/local/lib/python3.8/dist-packages/airflow/example_dags/example_trigger_target_dag.py
[2021-11-29 16:16:31,779] {processor.py:625} INFO - Processing file /usr/local/lib/python3.8/dist-packages/airflow/example_dags/example_trigger_target_dag.py for tasks to queue
[2021-11-29 16:16:31,780] {logging_mixin.py:109} INFO - [2021-11-29 16:16:31,780] {dagbag.py:500} INFO - Filling up the DagBag from /usr/local/lib/python3.8/dist-packages/airflow/example_dags/example_trigger_target_dag.py
[2021-11-29 16:16:31,848] {processor.py:637} INFO - DAG(s) dict_keys(['example_trigger_target_dag']) retrieved from /usr/local/lib/python3.8/dist-packages/airflow/example_dags/example_trigger_target_dag.py
[2021-11-29 16:16:31,865] {logging_mixin.py:109} WARNING - /usr/local/lib/python3.8/dist-packages/airflow/models/serialized_dag.py:120 SAWarning: TypeDecorator UtcDateTime(timezone=True) will not produce a cache key because the ``cache_ok`` flag is not set to True.  Set this flag to True if this type object's state is safe to use in a cache key, or False to disable this warning.
[2021-11-29 16:16:31,882] {logging_mixin.py:109} INFO - [2021-11-29 16:16:31,882] {dag.py:2396} INFO - Sync 1 DAGs
[2021-11-29 16:16:31,899] {logging_mixin.py:109} WARNING - /usr/local/lib/python3.8/dist-packages/airflow/models/dag.py:2433 SAWarning: TypeDecorator UtcDateTime(timezone=True) will not produce a cache key because the ``cache_ok`` flag is not set to True.  Set this flag to True if this type object's state is safe to use in a cache key, or False to disable this warning.
[2021-11-29 16:16:31,912] {logging_mixin.py:109} INFO - [2021-11-29 16:16:31,912] {dag.py:2928} INFO - Setting next_dagrun for example_trigger_target_dag to None
[2021-11-29 16:16:32,083] {processor.py:171} INFO - Processing /usr/local/lib/python3.8/dist-packages/airflow/example_dags/example_trigger_target_dag.py took 0.353 seconds
[2021-11-29 16:17:28,085] {processor.py:163} INFO - Started process (PID=5324) to work on /usr/local/lib/python3.8/dist-packages/airflow/example_dags/example_trigger_target_dag.py
[2021-11-29 16:17:28,114] {processor.py:625} INFO - Processing file /usr/local/lib/python3.8/dist-packages/airflow/example_dags/example_trigger_target_dag.py for tasks to queue
[2021-11-29 16:17:28,115] {logging_mixin.py:109} INFO - [2021-11-29 16:17:28,115] {dagbag.py:500} INFO - Filling up the DagBag from /usr/local/lib/python3.8/dist-packages/airflow/example_dags/example_trigger_target_dag.py
[2021-11-29 16:17:28,199] {processor.py:637} INFO - DAG(s) dict_keys(['example_trigger_target_dag']) retrieved from /usr/local/lib/python3.8/dist-packages/airflow/example_dags/example_trigger_target_dag.py
[2021-11-29 16:17:28,217] {logging_mixin.py:109} WARNING - /usr/local/lib/python3.8/dist-packages/airflow/models/serialized_dag.py:120 SAWarning: TypeDecorator UtcDateTime(timezone=True) will not produce a cache key because the ``cache_ok`` flag is not set to True.  Set this flag to True if this type object's state is safe to use in a cache key, or False to disable this warning.
[2021-11-29 16:17:28,244] {logging_mixin.py:109} INFO - [2021-11-29 16:17:28,243] {dag.py:2396} INFO - Sync 1 DAGs
[2021-11-29 16:17:28,295] {logging_mixin.py:109} WARNING - /usr/local/lib/python3.8/dist-packages/airflow/models/dag.py:2433 SAWarning: TypeDecorator UtcDateTime(timezone=True) will not produce a cache key because the ``cache_ok`` flag is not set to True.  Set this flag to True if this type object's state is safe to use in a cache key, or False to disable this warning.
[2021-11-29 16:17:28,308] {logging_mixin.py:109} INFO - [2021-11-29 16:17:28,307] {dag.py:2928} INFO - Setting next_dagrun for example_trigger_target_dag to None
[2021-11-29 16:17:28,583] {processor.py:171} INFO - Processing /usr/local/lib/python3.8/dist-packages/airflow/example_dags/example_trigger_target_dag.py took 0.503 seconds
[2021-11-29 16:18:23,292] {processor.py:163} INFO - Started process (PID=5494) to work on /usr/local/lib/python3.8/dist-packages/airflow/example_dags/example_trigger_target_dag.py
[2021-11-29 16:18:23,307] {processor.py:625} INFO - Processing file /usr/local/lib/python3.8/dist-packages/airflow/example_dags/example_trigger_target_dag.py for tasks to queue
[2021-11-29 16:18:23,308] {logging_mixin.py:109} INFO - [2021-11-29 16:18:23,308] {dagbag.py:500} INFO - Filling up the DagBag from /usr/local/lib/python3.8/dist-packages/airflow/example_dags/example_trigger_target_dag.py
[2021-11-29 16:18:23,473] {processor.py:637} INFO - DAG(s) dict_keys(['example_trigger_target_dag']) retrieved from /usr/local/lib/python3.8/dist-packages/airflow/example_dags/example_trigger_target_dag.py
[2021-11-29 16:18:23,508] {logging_mixin.py:109} WARNING - /usr/local/lib/python3.8/dist-packages/airflow/models/serialized_dag.py:120 SAWarning: TypeDecorator UtcDateTime(timezone=True) will not produce a cache key because the ``cache_ok`` flag is not set to True.  Set this flag to True if this type object's state is safe to use in a cache key, or False to disable this warning.
[2021-11-29 16:18:23,529] {logging_mixin.py:109} INFO - [2021-11-29 16:18:23,529] {dag.py:2396} INFO - Sync 1 DAGs
[2021-11-29 16:18:23,559] {logging_mixin.py:109} WARNING - /usr/local/lib/python3.8/dist-packages/airflow/models/dag.py:2433 SAWarning: TypeDecorator UtcDateTime(timezone=True) will not produce a cache key because the ``cache_ok`` flag is not set to True.  Set this flag to True if this type object's state is safe to use in a cache key, or False to disable this warning.
[2021-11-29 16:18:23,572] {logging_mixin.py:109} INFO - [2021-11-29 16:18:23,572] {dag.py:2928} INFO - Setting next_dagrun for example_trigger_target_dag to None
[2021-11-29 16:18:23,764] {processor.py:171} INFO - Processing /usr/local/lib/python3.8/dist-packages/airflow/example_dags/example_trigger_target_dag.py took 0.483 seconds
[2021-11-29 16:19:21,465] {processor.py:163} INFO - Started process (PID=5664) to work on /usr/local/lib/python3.8/dist-packages/airflow/example_dags/example_trigger_target_dag.py
[2021-11-29 16:19:21,518] {processor.py:625} INFO - Processing file /usr/local/lib/python3.8/dist-packages/airflow/example_dags/example_trigger_target_dag.py for tasks to queue
[2021-11-29 16:19:21,518] {logging_mixin.py:109} INFO - [2021-11-29 16:19:21,518] {dagbag.py:500} INFO - Filling up the DagBag from /usr/local/lib/python3.8/dist-packages/airflow/example_dags/example_trigger_target_dag.py
[2021-11-29 16:19:21,609] {processor.py:637} INFO - DAG(s) dict_keys(['example_trigger_target_dag']) retrieved from /usr/local/lib/python3.8/dist-packages/airflow/example_dags/example_trigger_target_dag.py
[2021-11-29 16:19:21,627] {logging_mixin.py:109} WARNING - /usr/local/lib/python3.8/dist-packages/airflow/models/serialized_dag.py:120 SAWarning: TypeDecorator UtcDateTime(timezone=True) will not produce a cache key because the ``cache_ok`` flag is not set to True.  Set this flag to True if this type object's state is safe to use in a cache key, or False to disable this warning.
[2021-11-29 16:19:21,651] {logging_mixin.py:109} INFO - [2021-11-29 16:19:21,650] {dag.py:2396} INFO - Sync 1 DAGs
[2021-11-29 16:19:21,700] {logging_mixin.py:109} WARNING - /usr/local/lib/python3.8/dist-packages/airflow/models/dag.py:2433 SAWarning: TypeDecorator UtcDateTime(timezone=True) will not produce a cache key because the ``cache_ok`` flag is not set to True.  Set this flag to True if this type object's state is safe to use in a cache key, or False to disable this warning.
[2021-11-29 16:19:21,724] {logging_mixin.py:109} INFO - [2021-11-29 16:19:21,724] {dag.py:2928} INFO - Setting next_dagrun for example_trigger_target_dag to None
[2021-11-29 16:19:22,008] {processor.py:171} INFO - Processing /usr/local/lib/python3.8/dist-packages/airflow/example_dags/example_trigger_target_dag.py took 0.548 seconds
[2021-11-29 16:20:16,114] {processor.py:163} INFO - Started process (PID=5832) to work on /usr/local/lib/python3.8/dist-packages/airflow/example_dags/example_trigger_target_dag.py
[2021-11-29 16:20:16,129] {processor.py:625} INFO - Processing file /usr/local/lib/python3.8/dist-packages/airflow/example_dags/example_trigger_target_dag.py for tasks to queue
[2021-11-29 16:20:16,129] {logging_mixin.py:109} INFO - [2021-11-29 16:20:16,129] {dagbag.py:500} INFO - Filling up the DagBag from /usr/local/lib/python3.8/dist-packages/airflow/example_dags/example_trigger_target_dag.py
[2021-11-29 16:20:16,187] {processor.py:637} INFO - DAG(s) dict_keys(['example_trigger_target_dag']) retrieved from /usr/local/lib/python3.8/dist-packages/airflow/example_dags/example_trigger_target_dag.py
[2021-11-29 16:20:16,197] {logging_mixin.py:109} WARNING - /usr/local/lib/python3.8/dist-packages/airflow/models/serialized_dag.py:120 SAWarning: TypeDecorator UtcDateTime(timezone=True) will not produce a cache key because the ``cache_ok`` flag is not set to True.  Set this flag to True if this type object's state is safe to use in a cache key, or False to disable this warning.
[2021-11-29 16:20:16,211] {logging_mixin.py:109} INFO - [2021-11-29 16:20:16,211] {dag.py:2396} INFO - Sync 1 DAGs
[2021-11-29 16:20:16,227] {logging_mixin.py:109} WARNING - /usr/local/lib/python3.8/dist-packages/airflow/models/dag.py:2433 SAWarning: TypeDecorator UtcDateTime(timezone=True) will not produce a cache key because the ``cache_ok`` flag is not set to True.  Set this flag to True if this type object's state is safe to use in a cache key, or False to disable this warning.
[2021-11-29 16:20:16,239] {logging_mixin.py:109} INFO - [2021-11-29 16:20:16,239] {dag.py:2928} INFO - Setting next_dagrun for example_trigger_target_dag to None
[2021-11-29 16:20:16,388] {processor.py:171} INFO - Processing /usr/local/lib/python3.8/dist-packages/airflow/example_dags/example_trigger_target_dag.py took 0.278 seconds
[2021-11-29 16:21:09,627] {processor.py:163} INFO - Started process (PID=6003) to work on /usr/local/lib/python3.8/dist-packages/airflow/example_dags/example_trigger_target_dag.py
[2021-11-29 16:21:09,632] {processor.py:625} INFO - Processing file /usr/local/lib/python3.8/dist-packages/airflow/example_dags/example_trigger_target_dag.py for tasks to queue
[2021-11-29 16:21:09,632] {logging_mixin.py:109} INFO - [2021-11-29 16:21:09,632] {dagbag.py:500} INFO - Filling up the DagBag from /usr/local/lib/python3.8/dist-packages/airflow/example_dags/example_trigger_target_dag.py
[2021-11-29 16:21:09,666] {processor.py:637} INFO - DAG(s) dict_keys(['example_trigger_target_dag']) retrieved from /usr/local/lib/python3.8/dist-packages/airflow/example_dags/example_trigger_target_dag.py
[2021-11-29 16:21:09,673] {logging_mixin.py:109} WARNING - /usr/local/lib/python3.8/dist-packages/airflow/models/serialized_dag.py:120 SAWarning: TypeDecorator UtcDateTime(timezone=True) will not produce a cache key because the ``cache_ok`` flag is not set to True.  Set this flag to True if this type object's state is safe to use in a cache key, or False to disable this warning.
[2021-11-29 16:21:09,693] {logging_mixin.py:109} INFO - [2021-11-29 16:21:09,693] {dag.py:2396} INFO - Sync 1 DAGs
[2021-11-29 16:21:09,712] {logging_mixin.py:109} WARNING - /usr/local/lib/python3.8/dist-packages/airflow/models/dag.py:2433 SAWarning: TypeDecorator UtcDateTime(timezone=True) will not produce a cache key because the ``cache_ok`` flag is not set to True.  Set this flag to True if this type object's state is safe to use in a cache key, or False to disable this warning.
[2021-11-29 16:21:09,727] {logging_mixin.py:109} INFO - [2021-11-29 16:21:09,727] {dag.py:2928} INFO - Setting next_dagrun for example_trigger_target_dag to None
[2021-11-29 16:21:09,909] {processor.py:171} INFO - Processing /usr/local/lib/python3.8/dist-packages/airflow/example_dags/example_trigger_target_dag.py took 0.297 seconds
[2021-11-29 16:22:06,839] {processor.py:163} INFO - Started process (PID=6181) to work on /usr/local/lib/python3.8/dist-packages/airflow/example_dags/example_trigger_target_dag.py
[2021-11-29 16:22:06,855] {processor.py:625} INFO - Processing file /usr/local/lib/python3.8/dist-packages/airflow/example_dags/example_trigger_target_dag.py for tasks to queue
[2021-11-29 16:22:06,856] {logging_mixin.py:109} INFO - [2021-11-29 16:22:06,856] {dagbag.py:500} INFO - Filling up the DagBag from /usr/local/lib/python3.8/dist-packages/airflow/example_dags/example_trigger_target_dag.py
[2021-11-29 16:22:06,916] {processor.py:637} INFO - DAG(s) dict_keys(['example_trigger_target_dag']) retrieved from /usr/local/lib/python3.8/dist-packages/airflow/example_dags/example_trigger_target_dag.py
[2021-11-29 16:22:06,921] {logging_mixin.py:109} WARNING - /usr/local/lib/python3.8/dist-packages/airflow/models/serialized_dag.py:120 SAWarning: TypeDecorator UtcDateTime(timezone=True) will not produce a cache key because the ``cache_ok`` flag is not set to True.  Set this flag to True if this type object's state is safe to use in a cache key, or False to disable this warning.
[2021-11-29 16:22:06,953] {logging_mixin.py:109} INFO - [2021-11-29 16:22:06,953] {dag.py:2396} INFO - Sync 1 DAGs
[2021-11-29 16:22:07,005] {logging_mixin.py:109} WARNING - /usr/local/lib/python3.8/dist-packages/airflow/models/dag.py:2433 SAWarning: TypeDecorator UtcDateTime(timezone=True) will not produce a cache key because the ``cache_ok`` flag is not set to True.  Set this flag to True if this type object's state is safe to use in a cache key, or False to disable this warning.
[2021-11-29 16:22:07,040] {logging_mixin.py:109} INFO - [2021-11-29 16:22:07,040] {dag.py:2928} INFO - Setting next_dagrun for example_trigger_target_dag to None
[2021-11-29 16:22:07,280] {processor.py:171} INFO - Processing /usr/local/lib/python3.8/dist-packages/airflow/example_dags/example_trigger_target_dag.py took 0.456 seconds
[2021-11-29 16:23:03,875] {processor.py:163} INFO - Started process (PID=6359) to work on /usr/local/lib/python3.8/dist-packages/airflow/example_dags/example_trigger_target_dag.py
[2021-11-29 16:23:03,896] {processor.py:625} INFO - Processing file /usr/local/lib/python3.8/dist-packages/airflow/example_dags/example_trigger_target_dag.py for tasks to queue
[2021-11-29 16:23:03,897] {logging_mixin.py:109} INFO - [2021-11-29 16:23:03,897] {dagbag.py:500} INFO - Filling up the DagBag from /usr/local/lib/python3.8/dist-packages/airflow/example_dags/example_trigger_target_dag.py
[2021-11-29 16:23:03,962] {processor.py:637} INFO - DAG(s) dict_keys(['example_trigger_target_dag']) retrieved from /usr/local/lib/python3.8/dist-packages/airflow/example_dags/example_trigger_target_dag.py
[2021-11-29 16:23:03,978] {logging_mixin.py:109} WARNING - /usr/local/lib/python3.8/dist-packages/airflow/models/serialized_dag.py:120 SAWarning: TypeDecorator UtcDateTime(timezone=True) will not produce a cache key because the ``cache_ok`` flag is not set to True.  Set this flag to True if this type object's state is safe to use in a cache key, or False to disable this warning.
[2021-11-29 16:23:03,999] {logging_mixin.py:109} INFO - [2021-11-29 16:23:03,999] {dag.py:2396} INFO - Sync 1 DAGs
[2021-11-29 16:23:04,035] {logging_mixin.py:109} WARNING - /usr/local/lib/python3.8/dist-packages/airflow/models/dag.py:2433 SAWarning: TypeDecorator UtcDateTime(timezone=True) will not produce a cache key because the ``cache_ok`` flag is not set to True.  Set this flag to True if this type object's state is safe to use in a cache key, or False to disable this warning.
[2021-11-29 16:23:04,060] {logging_mixin.py:109} INFO - [2021-11-29 16:23:04,060] {dag.py:2928} INFO - Setting next_dagrun for example_trigger_target_dag to None
[2021-11-29 16:23:04,242] {processor.py:171} INFO - Processing /usr/local/lib/python3.8/dist-packages/airflow/example_dags/example_trigger_target_dag.py took 0.382 seconds
[2021-11-29 16:23:57,577] {processor.py:163} INFO - Started process (PID=6530) to work on /usr/local/lib/python3.8/dist-packages/airflow/example_dags/example_trigger_target_dag.py
[2021-11-29 16:23:57,617] {processor.py:625} INFO - Processing file /usr/local/lib/python3.8/dist-packages/airflow/example_dags/example_trigger_target_dag.py for tasks to queue
[2021-11-29 16:23:57,618] {logging_mixin.py:109} INFO - [2021-11-29 16:23:57,617] {dagbag.py:500} INFO - Filling up the DagBag from /usr/local/lib/python3.8/dist-packages/airflow/example_dags/example_trigger_target_dag.py
[2021-11-29 16:23:57,727] {processor.py:637} INFO - DAG(s) dict_keys(['example_trigger_target_dag']) retrieved from /usr/local/lib/python3.8/dist-packages/airflow/example_dags/example_trigger_target_dag.py
[2021-11-29 16:23:57,734] {logging_mixin.py:109} WARNING - /usr/local/lib/python3.8/dist-packages/airflow/models/serialized_dag.py:120 SAWarning: TypeDecorator UtcDateTime(timezone=True) will not produce a cache key because the ``cache_ok`` flag is not set to True.  Set this flag to True if this type object's state is safe to use in a cache key, or False to disable this warning.
[2021-11-29 16:23:57,758] {logging_mixin.py:109} INFO - [2021-11-29 16:23:57,758] {dag.py:2396} INFO - Sync 1 DAGs
[2021-11-29 16:23:57,816] {logging_mixin.py:109} WARNING - /usr/local/lib/python3.8/dist-packages/airflow/models/dag.py:2433 SAWarning: TypeDecorator UtcDateTime(timezone=True) will not produce a cache key because the ``cache_ok`` flag is not set to True.  Set this flag to True if this type object's state is safe to use in a cache key, or False to disable this warning.
[2021-11-29 16:23:57,839] {logging_mixin.py:109} INFO - [2021-11-29 16:23:57,839] {dag.py:2928} INFO - Setting next_dagrun for example_trigger_target_dag to None
[2021-11-29 16:23:58,098] {processor.py:171} INFO - Processing /usr/local/lib/python3.8/dist-packages/airflow/example_dags/example_trigger_target_dag.py took 0.535 seconds
[2021-11-29 16:24:59,324] {processor.py:163} INFO - Started process (PID=6690) to work on /usr/local/lib/python3.8/dist-packages/airflow/example_dags/example_trigger_target_dag.py
[2021-11-29 16:24:59,404] {processor.py:625} INFO - Processing file /usr/local/lib/python3.8/dist-packages/airflow/example_dags/example_trigger_target_dag.py for tasks to queue
[2021-11-29 16:24:59,405] {logging_mixin.py:109} INFO - [2021-11-29 16:24:59,405] {dagbag.py:500} INFO - Filling up the DagBag from /usr/local/lib/python3.8/dist-packages/airflow/example_dags/example_trigger_target_dag.py
[2021-11-29 16:24:59,473] {processor.py:637} INFO - DAG(s) dict_keys(['example_trigger_target_dag']) retrieved from /usr/local/lib/python3.8/dist-packages/airflow/example_dags/example_trigger_target_dag.py
[2021-11-29 16:24:59,503] {logging_mixin.py:109} WARNING - /usr/local/lib/python3.8/dist-packages/airflow/models/serialized_dag.py:120 SAWarning: TypeDecorator UtcDateTime(timezone=True) will not produce a cache key because the ``cache_ok`` flag is not set to True.  Set this flag to True if this type object's state is safe to use in a cache key, or False to disable this warning.
[2021-11-29 16:24:59,525] {logging_mixin.py:109} INFO - [2021-11-29 16:24:59,525] {dag.py:2396} INFO - Sync 1 DAGs
[2021-11-29 16:24:59,565] {logging_mixin.py:109} WARNING - /usr/local/lib/python3.8/dist-packages/airflow/models/dag.py:2433 SAWarning: TypeDecorator UtcDateTime(timezone=True) will not produce a cache key because the ``cache_ok`` flag is not set to True.  Set this flag to True if this type object's state is safe to use in a cache key, or False to disable this warning.
[2021-11-29 16:24:59,591] {logging_mixin.py:109} INFO - [2021-11-29 16:24:59,591] {dag.py:2928} INFO - Setting next_dagrun for example_trigger_target_dag to None
[2021-11-29 16:24:59,997] {processor.py:171} INFO - Processing /usr/local/lib/python3.8/dist-packages/airflow/example_dags/example_trigger_target_dag.py took 0.678 seconds
[2021-11-29 16:25:55,555] {processor.py:163} INFO - Started process (PID=6865) to work on /usr/local/lib/python3.8/dist-packages/airflow/example_dags/example_trigger_target_dag.py
[2021-11-29 16:25:55,603] {processor.py:625} INFO - Processing file /usr/local/lib/python3.8/dist-packages/airflow/example_dags/example_trigger_target_dag.py for tasks to queue
[2021-11-29 16:25:55,604] {logging_mixin.py:109} INFO - [2021-11-29 16:25:55,604] {dagbag.py:500} INFO - Filling up the DagBag from /usr/local/lib/python3.8/dist-packages/airflow/example_dags/example_trigger_target_dag.py
[2021-11-29 16:25:55,674] {processor.py:637} INFO - DAG(s) dict_keys(['example_trigger_target_dag']) retrieved from /usr/local/lib/python3.8/dist-packages/airflow/example_dags/example_trigger_target_dag.py
[2021-11-29 16:25:55,690] {logging_mixin.py:109} WARNING - /usr/local/lib/python3.8/dist-packages/airflow/models/serialized_dag.py:120 SAWarning: TypeDecorator UtcDateTime(timezone=True) will not produce a cache key because the ``cache_ok`` flag is not set to True.  Set this flag to True if this type object's state is safe to use in a cache key, or False to disable this warning.
[2021-11-29 16:25:55,726] {logging_mixin.py:109} INFO - [2021-11-29 16:25:55,725] {dag.py:2396} INFO - Sync 1 DAGs
[2021-11-29 16:25:55,760] {logging_mixin.py:109} WARNING - /usr/local/lib/python3.8/dist-packages/airflow/models/dag.py:2433 SAWarning: TypeDecorator UtcDateTime(timezone=True) will not produce a cache key because the ``cache_ok`` flag is not set to True.  Set this flag to True if this type object's state is safe to use in a cache key, or False to disable this warning.
[2021-11-29 16:25:55,783] {logging_mixin.py:109} INFO - [2021-11-29 16:25:55,783] {dag.py:2928} INFO - Setting next_dagrun for example_trigger_target_dag to None
[2021-11-29 16:25:56,018] {processor.py:171} INFO - Processing /usr/local/lib/python3.8/dist-packages/airflow/example_dags/example_trigger_target_dag.py took 0.478 seconds
[2021-11-29 16:26:50,115] {processor.py:163} INFO - Started process (PID=7029) to work on /usr/local/lib/python3.8/dist-packages/airflow/example_dags/example_trigger_target_dag.py
[2021-11-29 16:26:50,157] {processor.py:625} INFO - Processing file /usr/local/lib/python3.8/dist-packages/airflow/example_dags/example_trigger_target_dag.py for tasks to queue
[2021-11-29 16:26:50,158] {logging_mixin.py:109} INFO - [2021-11-29 16:26:50,157] {dagbag.py:500} INFO - Filling up the DagBag from /usr/local/lib/python3.8/dist-packages/airflow/example_dags/example_trigger_target_dag.py
[2021-11-29 16:26:50,265] {processor.py:637} INFO - DAG(s) dict_keys(['example_trigger_target_dag']) retrieved from /usr/local/lib/python3.8/dist-packages/airflow/example_dags/example_trigger_target_dag.py
[2021-11-29 16:26:50,277] {logging_mixin.py:109} WARNING - /usr/local/lib/python3.8/dist-packages/airflow/models/serialized_dag.py:120 SAWarning: TypeDecorator UtcDateTime(timezone=True) will not produce a cache key because the ``cache_ok`` flag is not set to True.  Set this flag to True if this type object's state is safe to use in a cache key, or False to disable this warning.
[2021-11-29 16:26:50,293] {logging_mixin.py:109} INFO - [2021-11-29 16:26:50,292] {dag.py:2396} INFO - Sync 1 DAGs
[2021-11-29 16:26:50,315] {logging_mixin.py:109} WARNING - /usr/local/lib/python3.8/dist-packages/airflow/models/dag.py:2433 SAWarning: TypeDecorator UtcDateTime(timezone=True) will not produce a cache key because the ``cache_ok`` flag is not set to True.  Set this flag to True if this type object's state is safe to use in a cache key, or False to disable this warning.
[2021-11-29 16:26:50,333] {logging_mixin.py:109} INFO - [2021-11-29 16:26:50,333] {dag.py:2928} INFO - Setting next_dagrun for example_trigger_target_dag to None
[2021-11-29 16:26:50,692] {processor.py:171} INFO - Processing /usr/local/lib/python3.8/dist-packages/airflow/example_dags/example_trigger_target_dag.py took 0.582 seconds
[2021-11-29 16:27:42,600] {processor.py:163} INFO - Started process (PID=7186) to work on /usr/local/lib/python3.8/dist-packages/airflow/example_dags/example_trigger_target_dag.py
[2021-11-29 16:27:42,646] {processor.py:625} INFO - Processing file /usr/local/lib/python3.8/dist-packages/airflow/example_dags/example_trigger_target_dag.py for tasks to queue
[2021-11-29 16:27:42,647] {logging_mixin.py:109} INFO - [2021-11-29 16:27:42,646] {dagbag.py:500} INFO - Filling up the DagBag from /usr/local/lib/python3.8/dist-packages/airflow/example_dags/example_trigger_target_dag.py
[2021-11-29 16:27:42,838] {processor.py:637} INFO - DAG(s) dict_keys(['example_trigger_target_dag']) retrieved from /usr/local/lib/python3.8/dist-packages/airflow/example_dags/example_trigger_target_dag.py
[2021-11-29 16:27:42,855] {logging_mixin.py:109} WARNING - /usr/local/lib/python3.8/dist-packages/airflow/models/serialized_dag.py:120 SAWarning: TypeDecorator UtcDateTime(timezone=True) will not produce a cache key because the ``cache_ok`` flag is not set to True.  Set this flag to True if this type object's state is safe to use in a cache key, or False to disable this warning.
[2021-11-29 16:27:42,900] {logging_mixin.py:109} INFO - [2021-11-29 16:27:42,900] {dag.py:2396} INFO - Sync 1 DAGs
[2021-11-29 16:27:42,948] {logging_mixin.py:109} WARNING - /usr/local/lib/python3.8/dist-packages/airflow/models/dag.py:2433 SAWarning: TypeDecorator UtcDateTime(timezone=True) will not produce a cache key because the ``cache_ok`` flag is not set to True.  Set this flag to True if this type object's state is safe to use in a cache key, or False to disable this warning.
[2021-11-29 16:27:42,987] {logging_mixin.py:109} INFO - [2021-11-29 16:27:42,986] {dag.py:2928} INFO - Setting next_dagrun for example_trigger_target_dag to None
[2021-11-29 16:27:43,214] {processor.py:171} INFO - Processing /usr/local/lib/python3.8/dist-packages/airflow/example_dags/example_trigger_target_dag.py took 0.619 seconds
[2021-11-29 16:28:40,897] {processor.py:163} INFO - Started process (PID=7348) to work on /usr/local/lib/python3.8/dist-packages/airflow/example_dags/example_trigger_target_dag.py
[2021-11-29 16:28:40,911] {processor.py:625} INFO - Processing file /usr/local/lib/python3.8/dist-packages/airflow/example_dags/example_trigger_target_dag.py for tasks to queue
[2021-11-29 16:28:40,914] {logging_mixin.py:109} INFO - [2021-11-29 16:28:40,914] {dagbag.py:500} INFO - Filling up the DagBag from /usr/local/lib/python3.8/dist-packages/airflow/example_dags/example_trigger_target_dag.py
[2021-11-29 16:28:41,024] {processor.py:637} INFO - DAG(s) dict_keys(['example_trigger_target_dag']) retrieved from /usr/local/lib/python3.8/dist-packages/airflow/example_dags/example_trigger_target_dag.py
[2021-11-29 16:28:41,042] {logging_mixin.py:109} WARNING - /usr/local/lib/python3.8/dist-packages/airflow/models/serialized_dag.py:120 SAWarning: TypeDecorator UtcDateTime(timezone=True) will not produce a cache key because the ``cache_ok`` flag is not set to True.  Set this flag to True if this type object's state is safe to use in a cache key, or False to disable this warning.
[2021-11-29 16:28:41,076] {logging_mixin.py:109} INFO - [2021-11-29 16:28:41,076] {dag.py:2396} INFO - Sync 1 DAGs
[2021-11-29 16:28:41,136] {logging_mixin.py:109} WARNING - /usr/local/lib/python3.8/dist-packages/airflow/models/dag.py:2433 SAWarning: TypeDecorator UtcDateTime(timezone=True) will not produce a cache key because the ``cache_ok`` flag is not set to True.  Set this flag to True if this type object's state is safe to use in a cache key, or False to disable this warning.
[2021-11-29 16:28:41,165] {logging_mixin.py:109} INFO - [2021-11-29 16:28:41,164] {dag.py:2928} INFO - Setting next_dagrun for example_trigger_target_dag to None
[2021-11-29 16:28:41,381] {processor.py:171} INFO - Processing /usr/local/lib/python3.8/dist-packages/airflow/example_dags/example_trigger_target_dag.py took 0.508 seconds
[2021-11-29 16:29:39,316] {processor.py:163} INFO - Started process (PID=7513) to work on /usr/local/lib/python3.8/dist-packages/airflow/example_dags/example_trigger_target_dag.py
[2021-11-29 16:29:39,334] {processor.py:625} INFO - Processing file /usr/local/lib/python3.8/dist-packages/airflow/example_dags/example_trigger_target_dag.py for tasks to queue
[2021-11-29 16:29:39,335] {logging_mixin.py:109} INFO - [2021-11-29 16:29:39,335] {dagbag.py:500} INFO - Filling up the DagBag from /usr/local/lib/python3.8/dist-packages/airflow/example_dags/example_trigger_target_dag.py
[2021-11-29 16:29:39,419] {processor.py:637} INFO - DAG(s) dict_keys(['example_trigger_target_dag']) retrieved from /usr/local/lib/python3.8/dist-packages/airflow/example_dags/example_trigger_target_dag.py
[2021-11-29 16:29:39,438] {logging_mixin.py:109} WARNING - /usr/local/lib/python3.8/dist-packages/airflow/models/serialized_dag.py:120 SAWarning: TypeDecorator UtcDateTime(timezone=True) will not produce a cache key because the ``cache_ok`` flag is not set to True.  Set this flag to True if this type object's state is safe to use in a cache key, or False to disable this warning.
[2021-11-29 16:29:39,460] {logging_mixin.py:109} INFO - [2021-11-29 16:29:39,460] {dag.py:2396} INFO - Sync 1 DAGs
[2021-11-29 16:29:39,479] {logging_mixin.py:109} WARNING - /usr/local/lib/python3.8/dist-packages/airflow/models/dag.py:2433 SAWarning: TypeDecorator UtcDateTime(timezone=True) will not produce a cache key because the ``cache_ok`` flag is not set to True.  Set this flag to True if this type object's state is safe to use in a cache key, or False to disable this warning.
[2021-11-29 16:29:39,497] {logging_mixin.py:109} INFO - [2021-11-29 16:29:39,497] {dag.py:2928} INFO - Setting next_dagrun for example_trigger_target_dag to None
[2021-11-29 16:29:39,750] {processor.py:171} INFO - Processing /usr/local/lib/python3.8/dist-packages/airflow/example_dags/example_trigger_target_dag.py took 0.450 seconds
[2021-11-29 16:30:36,005] {processor.py:163} INFO - Started process (PID=7675) to work on /usr/local/lib/python3.8/dist-packages/airflow/example_dags/example_trigger_target_dag.py
[2021-11-29 16:30:36,011] {processor.py:625} INFO - Processing file /usr/local/lib/python3.8/dist-packages/airflow/example_dags/example_trigger_target_dag.py for tasks to queue
[2021-11-29 16:30:36,012] {logging_mixin.py:109} INFO - [2021-11-29 16:30:36,012] {dagbag.py:500} INFO - Filling up the DagBag from /usr/local/lib/python3.8/dist-packages/airflow/example_dags/example_trigger_target_dag.py
[2021-11-29 16:30:36,092] {processor.py:637} INFO - DAG(s) dict_keys(['example_trigger_target_dag']) retrieved from /usr/local/lib/python3.8/dist-packages/airflow/example_dags/example_trigger_target_dag.py
[2021-11-29 16:30:36,108] {logging_mixin.py:109} WARNING - /usr/local/lib/python3.8/dist-packages/airflow/models/serialized_dag.py:120 SAWarning: TypeDecorator UtcDateTime(timezone=True) will not produce a cache key because the ``cache_ok`` flag is not set to True.  Set this flag to True if this type object's state is safe to use in a cache key, or False to disable this warning.
[2021-11-29 16:30:36,130] {logging_mixin.py:109} INFO - [2021-11-29 16:30:36,130] {dag.py:2396} INFO - Sync 1 DAGs
[2021-11-29 16:30:36,202] {logging_mixin.py:109} WARNING - /usr/local/lib/python3.8/dist-packages/airflow/models/dag.py:2433 SAWarning: TypeDecorator UtcDateTime(timezone=True) will not produce a cache key because the ``cache_ok`` flag is not set to True.  Set this flag to True if this type object's state is safe to use in a cache key, or False to disable this warning.
[2021-11-29 16:30:36,220] {logging_mixin.py:109} INFO - [2021-11-29 16:30:36,219] {dag.py:2928} INFO - Setting next_dagrun for example_trigger_target_dag to None
[2021-11-29 16:30:36,483] {processor.py:171} INFO - Processing /usr/local/lib/python3.8/dist-packages/airflow/example_dags/example_trigger_target_dag.py took 0.493 seconds
[2021-11-29 16:31:31,827] {processor.py:163} INFO - Started process (PID=7837) to work on /usr/local/lib/python3.8/dist-packages/airflow/example_dags/example_trigger_target_dag.py
[2021-11-29 16:31:31,837] {processor.py:625} INFO - Processing file /usr/local/lib/python3.8/dist-packages/airflow/example_dags/example_trigger_target_dag.py for tasks to queue
[2021-11-29 16:31:31,842] {logging_mixin.py:109} INFO - [2021-11-29 16:31:31,842] {dagbag.py:500} INFO - Filling up the DagBag from /usr/local/lib/python3.8/dist-packages/airflow/example_dags/example_trigger_target_dag.py
[2021-11-29 16:31:31,928] {processor.py:637} INFO - DAG(s) dict_keys(['example_trigger_target_dag']) retrieved from /usr/local/lib/python3.8/dist-packages/airflow/example_dags/example_trigger_target_dag.py
[2021-11-29 16:31:31,945] {logging_mixin.py:109} WARNING - /usr/local/lib/python3.8/dist-packages/airflow/models/serialized_dag.py:120 SAWarning: TypeDecorator UtcDateTime(timezone=True) will not produce a cache key because the ``cache_ok`` flag is not set to True.  Set this flag to True if this type object's state is safe to use in a cache key, or False to disable this warning.
[2021-11-29 16:31:31,968] {logging_mixin.py:109} INFO - [2021-11-29 16:31:31,968] {dag.py:2396} INFO - Sync 1 DAGs
[2021-11-29 16:31:32,029] {logging_mixin.py:109} WARNING - /usr/local/lib/python3.8/dist-packages/airflow/models/dag.py:2433 SAWarning: TypeDecorator UtcDateTime(timezone=True) will not produce a cache key because the ``cache_ok`` flag is not set to True.  Set this flag to True if this type object's state is safe to use in a cache key, or False to disable this warning.
[2021-11-29 16:31:32,046] {logging_mixin.py:109} INFO - [2021-11-29 16:31:32,045] {dag.py:2928} INFO - Setting next_dagrun for example_trigger_target_dag to None
[2021-11-29 16:31:32,264] {processor.py:171} INFO - Processing /usr/local/lib/python3.8/dist-packages/airflow/example_dags/example_trigger_target_dag.py took 0.452 seconds
[2021-11-29 16:32:26,116] {processor.py:163} INFO - Started process (PID=7998) to work on /usr/local/lib/python3.8/dist-packages/airflow/example_dags/example_trigger_target_dag.py
[2021-11-29 16:32:26,139] {processor.py:625} INFO - Processing file /usr/local/lib/python3.8/dist-packages/airflow/example_dags/example_trigger_target_dag.py for tasks to queue
[2021-11-29 16:32:26,140] {logging_mixin.py:109} INFO - [2021-11-29 16:32:26,140] {dagbag.py:500} INFO - Filling up the DagBag from /usr/local/lib/python3.8/dist-packages/airflow/example_dags/example_trigger_target_dag.py
[2021-11-29 16:32:26,235] {processor.py:637} INFO - DAG(s) dict_keys(['example_trigger_target_dag']) retrieved from /usr/local/lib/python3.8/dist-packages/airflow/example_dags/example_trigger_target_dag.py
[2021-11-29 16:32:26,241] {logging_mixin.py:109} WARNING - /usr/local/lib/python3.8/dist-packages/airflow/models/serialized_dag.py:120 SAWarning: TypeDecorator UtcDateTime(timezone=True) will not produce a cache key because the ``cache_ok`` flag is not set to True.  Set this flag to True if this type object's state is safe to use in a cache key, or False to disable this warning.
[2021-11-29 16:32:26,276] {logging_mixin.py:109} INFO - [2021-11-29 16:32:26,276] {dag.py:2396} INFO - Sync 1 DAGs
[2021-11-29 16:32:26,321] {logging_mixin.py:109} WARNING - /usr/local/lib/python3.8/dist-packages/airflow/models/dag.py:2433 SAWarning: TypeDecorator UtcDateTime(timezone=True) will not produce a cache key because the ``cache_ok`` flag is not set to True.  Set this flag to True if this type object's state is safe to use in a cache key, or False to disable this warning.
[2021-11-29 16:32:26,356] {logging_mixin.py:109} INFO - [2021-11-29 16:32:26,356] {dag.py:2928} INFO - Setting next_dagrun for example_trigger_target_dag to None
[2021-11-29 16:32:26,601] {processor.py:171} INFO - Processing /usr/local/lib/python3.8/dist-packages/airflow/example_dags/example_trigger_target_dag.py took 0.498 seconds
[2021-11-29 16:33:23,065] {processor.py:163} INFO - Started process (PID=8167) to work on /usr/local/lib/python3.8/dist-packages/airflow/example_dags/example_trigger_target_dag.py
[2021-11-29 16:33:23,107] {processor.py:625} INFO - Processing file /usr/local/lib/python3.8/dist-packages/airflow/example_dags/example_trigger_target_dag.py for tasks to queue
[2021-11-29 16:33:23,108] {logging_mixin.py:109} INFO - [2021-11-29 16:33:23,108] {dagbag.py:500} INFO - Filling up the DagBag from /usr/local/lib/python3.8/dist-packages/airflow/example_dags/example_trigger_target_dag.py
[2021-11-29 16:33:23,189] {processor.py:637} INFO - DAG(s) dict_keys(['example_trigger_target_dag']) retrieved from /usr/local/lib/python3.8/dist-packages/airflow/example_dags/example_trigger_target_dag.py
[2021-11-29 16:33:23,196] {logging_mixin.py:109} WARNING - /usr/local/lib/python3.8/dist-packages/airflow/models/serialized_dag.py:120 SAWarning: TypeDecorator UtcDateTime(timezone=True) will not produce a cache key because the ``cache_ok`` flag is not set to True.  Set this flag to True if this type object's state is safe to use in a cache key, or False to disable this warning.
[2021-11-29 16:33:23,229] {logging_mixin.py:109} INFO - [2021-11-29 16:33:23,229] {dag.py:2396} INFO - Sync 1 DAGs
[2021-11-29 16:33:23,246] {logging_mixin.py:109} WARNING - /usr/local/lib/python3.8/dist-packages/airflow/models/dag.py:2433 SAWarning: TypeDecorator UtcDateTime(timezone=True) will not produce a cache key because the ``cache_ok`` flag is not set to True.  Set this flag to True if this type object's state is safe to use in a cache key, or False to disable this warning.
[2021-11-29 16:33:23,258] {logging_mixin.py:109} INFO - [2021-11-29 16:33:23,258] {dag.py:2928} INFO - Setting next_dagrun for example_trigger_target_dag to None
[2021-11-29 16:33:23,420] {processor.py:171} INFO - Processing /usr/local/lib/python3.8/dist-packages/airflow/example_dags/example_trigger_target_dag.py took 0.371 seconds
[2021-11-29 16:34:17,498] {processor.py:163} INFO - Started process (PID=8328) to work on /usr/local/lib/python3.8/dist-packages/airflow/example_dags/example_trigger_target_dag.py
[2021-11-29 16:34:17,520] {processor.py:625} INFO - Processing file /usr/local/lib/python3.8/dist-packages/airflow/example_dags/example_trigger_target_dag.py for tasks to queue
[2021-11-29 16:34:17,521] {logging_mixin.py:109} INFO - [2021-11-29 16:34:17,520] {dagbag.py:500} INFO - Filling up the DagBag from /usr/local/lib/python3.8/dist-packages/airflow/example_dags/example_trigger_target_dag.py
[2021-11-29 16:34:17,605] {processor.py:637} INFO - DAG(s) dict_keys(['example_trigger_target_dag']) retrieved from /usr/local/lib/python3.8/dist-packages/airflow/example_dags/example_trigger_target_dag.py
[2021-11-29 16:34:17,637] {logging_mixin.py:109} WARNING - /usr/local/lib/python3.8/dist-packages/airflow/models/serialized_dag.py:120 SAWarning: TypeDecorator UtcDateTime(timezone=True) will not produce a cache key because the ``cache_ok`` flag is not set to True.  Set this flag to True if this type object's state is safe to use in a cache key, or False to disable this warning.
[2021-11-29 16:34:17,662] {logging_mixin.py:109} INFO - [2021-11-29 16:34:17,662] {dag.py:2396} INFO - Sync 1 DAGs
[2021-11-29 16:34:17,689] {logging_mixin.py:109} WARNING - /usr/local/lib/python3.8/dist-packages/airflow/models/dag.py:2433 SAWarning: TypeDecorator UtcDateTime(timezone=True) will not produce a cache key because the ``cache_ok`` flag is not set to True.  Set this flag to True if this type object's state is safe to use in a cache key, or False to disable this warning.
[2021-11-29 16:34:17,736] {logging_mixin.py:109} INFO - [2021-11-29 16:34:17,736] {dag.py:2928} INFO - Setting next_dagrun for example_trigger_target_dag to None
[2021-11-29 16:34:17,931] {processor.py:171} INFO - Processing /usr/local/lib/python3.8/dist-packages/airflow/example_dags/example_trigger_target_dag.py took 0.449 seconds
[2021-11-29 16:35:14,108] {processor.py:163} INFO - Started process (PID=8497) to work on /usr/local/lib/python3.8/dist-packages/airflow/example_dags/example_trigger_target_dag.py
[2021-11-29 16:35:14,187] {processor.py:625} INFO - Processing file /usr/local/lib/python3.8/dist-packages/airflow/example_dags/example_trigger_target_dag.py for tasks to queue
[2021-11-29 16:35:14,189] {logging_mixin.py:109} INFO - [2021-11-29 16:35:14,189] {dagbag.py:500} INFO - Filling up the DagBag from /usr/local/lib/python3.8/dist-packages/airflow/example_dags/example_trigger_target_dag.py
[2021-11-29 16:35:14,286] {processor.py:637} INFO - DAG(s) dict_keys(['example_trigger_target_dag']) retrieved from /usr/local/lib/python3.8/dist-packages/airflow/example_dags/example_trigger_target_dag.py
[2021-11-29 16:35:14,308] {logging_mixin.py:109} WARNING - /usr/local/lib/python3.8/dist-packages/airflow/models/serialized_dag.py:120 SAWarning: TypeDecorator UtcDateTime(timezone=True) will not produce a cache key because the ``cache_ok`` flag is not set to True.  Set this flag to True if this type object's state is safe to use in a cache key, or False to disable this warning.
[2021-11-29 16:35:14,326] {logging_mixin.py:109} INFO - [2021-11-29 16:35:14,326] {dag.py:2396} INFO - Sync 1 DAGs
[2021-11-29 16:35:14,347] {logging_mixin.py:109} WARNING - /usr/local/lib/python3.8/dist-packages/airflow/models/dag.py:2433 SAWarning: TypeDecorator UtcDateTime(timezone=True) will not produce a cache key because the ``cache_ok`` flag is not set to True.  Set this flag to True if this type object's state is safe to use in a cache key, or False to disable this warning.
[2021-11-29 16:35:14,363] {logging_mixin.py:109} INFO - [2021-11-29 16:35:14,363] {dag.py:2928} INFO - Setting next_dagrun for example_trigger_target_dag to None
[2021-11-29 16:35:14,569] {processor.py:171} INFO - Processing /usr/local/lib/python3.8/dist-packages/airflow/example_dags/example_trigger_target_dag.py took 0.477 seconds
[2021-11-29 16:36:10,315] {processor.py:163} INFO - Started process (PID=8657) to work on /usr/local/lib/python3.8/dist-packages/airflow/example_dags/example_trigger_target_dag.py
[2021-11-29 16:36:10,333] {processor.py:625} INFO - Processing file /usr/local/lib/python3.8/dist-packages/airflow/example_dags/example_trigger_target_dag.py for tasks to queue
[2021-11-29 16:36:10,334] {logging_mixin.py:109} INFO - [2021-11-29 16:36:10,334] {dagbag.py:500} INFO - Filling up the DagBag from /usr/local/lib/python3.8/dist-packages/airflow/example_dags/example_trigger_target_dag.py
[2021-11-29 16:36:10,423] {processor.py:637} INFO - DAG(s) dict_keys(['example_trigger_target_dag']) retrieved from /usr/local/lib/python3.8/dist-packages/airflow/example_dags/example_trigger_target_dag.py
[2021-11-29 16:36:10,454] {logging_mixin.py:109} WARNING - /usr/local/lib/python3.8/dist-packages/airflow/models/serialized_dag.py:120 SAWarning: TypeDecorator UtcDateTime(timezone=True) will not produce a cache key because the ``cache_ok`` flag is not set to True.  Set this flag to True if this type object's state is safe to use in a cache key, or False to disable this warning.
[2021-11-29 16:36:10,522] {logging_mixin.py:109} INFO - [2021-11-29 16:36:10,522] {dag.py:2396} INFO - Sync 1 DAGs
[2021-11-29 16:36:10,554] {logging_mixin.py:109} WARNING - /usr/local/lib/python3.8/dist-packages/airflow/models/dag.py:2433 SAWarning: TypeDecorator UtcDateTime(timezone=True) will not produce a cache key because the ``cache_ok`` flag is not set to True.  Set this flag to True if this type object's state is safe to use in a cache key, or False to disable this warning.
[2021-11-29 16:36:10,591] {logging_mixin.py:109} INFO - [2021-11-29 16:36:10,591] {dag.py:2928} INFO - Setting next_dagrun for example_trigger_target_dag to None
[2021-11-29 16:36:10,789] {processor.py:171} INFO - Processing /usr/local/lib/python3.8/dist-packages/airflow/example_dags/example_trigger_target_dag.py took 0.488 seconds
[2021-11-29 16:37:05,090] {processor.py:163} INFO - Started process (PID=8810) to work on /usr/local/lib/python3.8/dist-packages/airflow/example_dags/example_trigger_target_dag.py
[2021-11-29 16:37:05,101] {processor.py:625} INFO - Processing file /usr/local/lib/python3.8/dist-packages/airflow/example_dags/example_trigger_target_dag.py for tasks to queue
[2021-11-29 16:37:05,102] {logging_mixin.py:109} INFO - [2021-11-29 16:37:05,102] {dagbag.py:500} INFO - Filling up the DagBag from /usr/local/lib/python3.8/dist-packages/airflow/example_dags/example_trigger_target_dag.py
[2021-11-29 16:37:05,175] {processor.py:637} INFO - DAG(s) dict_keys(['example_trigger_target_dag']) retrieved from /usr/local/lib/python3.8/dist-packages/airflow/example_dags/example_trigger_target_dag.py
[2021-11-29 16:37:05,192] {logging_mixin.py:109} WARNING - /usr/local/lib/python3.8/dist-packages/airflow/models/serialized_dag.py:120 SAWarning: TypeDecorator UtcDateTime(timezone=True) will not produce a cache key because the ``cache_ok`` flag is not set to True.  Set this flag to True if this type object's state is safe to use in a cache key, or False to disable this warning.
[2021-11-29 16:37:05,214] {logging_mixin.py:109} INFO - [2021-11-29 16:37:05,214] {dag.py:2396} INFO - Sync 1 DAGs
[2021-11-29 16:37:05,246] {logging_mixin.py:109} WARNING - /usr/local/lib/python3.8/dist-packages/airflow/models/dag.py:2433 SAWarning: TypeDecorator UtcDateTime(timezone=True) will not produce a cache key because the ``cache_ok`` flag is not set to True.  Set this flag to True if this type object's state is safe to use in a cache key, or False to disable this warning.
[2021-11-29 16:37:05,257] {logging_mixin.py:109} INFO - [2021-11-29 16:37:05,257] {dag.py:2928} INFO - Setting next_dagrun for example_trigger_target_dag to None
[2021-11-29 16:37:05,502] {processor.py:171} INFO - Processing /usr/local/lib/python3.8/dist-packages/airflow/example_dags/example_trigger_target_dag.py took 0.417 seconds
[2021-11-29 16:38:01,580] {processor.py:163} INFO - Started process (PID=8977) to work on /usr/local/lib/python3.8/dist-packages/airflow/example_dags/example_trigger_target_dag.py
[2021-11-29 16:38:01,599] {processor.py:625} INFO - Processing file /usr/local/lib/python3.8/dist-packages/airflow/example_dags/example_trigger_target_dag.py for tasks to queue
[2021-11-29 16:38:01,600] {logging_mixin.py:109} INFO - [2021-11-29 16:38:01,599] {dagbag.py:500} INFO - Filling up the DagBag from /usr/local/lib/python3.8/dist-packages/airflow/example_dags/example_trigger_target_dag.py
[2021-11-29 16:38:01,694] {processor.py:637} INFO - DAG(s) dict_keys(['example_trigger_target_dag']) retrieved from /usr/local/lib/python3.8/dist-packages/airflow/example_dags/example_trigger_target_dag.py
[2021-11-29 16:38:01,713] {logging_mixin.py:109} WARNING - /usr/local/lib/python3.8/dist-packages/airflow/models/serialized_dag.py:120 SAWarning: TypeDecorator UtcDateTime(timezone=True) will not produce a cache key because the ``cache_ok`` flag is not set to True.  Set this flag to True if this type object's state is safe to use in a cache key, or False to disable this warning.
[2021-11-29 16:38:01,764] {logging_mixin.py:109} INFO - [2021-11-29 16:38:01,764] {dag.py:2396} INFO - Sync 1 DAGs
[2021-11-29 16:38:01,836] {logging_mixin.py:109} WARNING - /usr/local/lib/python3.8/dist-packages/airflow/models/dag.py:2433 SAWarning: TypeDecorator UtcDateTime(timezone=True) will not produce a cache key because the ``cache_ok`` flag is not set to True.  Set this flag to True if this type object's state is safe to use in a cache key, or False to disable this warning.
[2021-11-29 16:38:01,855] {logging_mixin.py:109} INFO - [2021-11-29 16:38:01,855] {dag.py:2928} INFO - Setting next_dagrun for example_trigger_target_dag to None
[2021-11-29 16:38:02,032] {processor.py:171} INFO - Processing /usr/local/lib/python3.8/dist-packages/airflow/example_dags/example_trigger_target_dag.py took 0.468 seconds
[2021-11-29 16:38:56,836] {processor.py:163} INFO - Started process (PID=9142) to work on /usr/local/lib/python3.8/dist-packages/airflow/example_dags/example_trigger_target_dag.py
[2021-11-29 16:38:56,849] {processor.py:625} INFO - Processing file /usr/local/lib/python3.8/dist-packages/airflow/example_dags/example_trigger_target_dag.py for tasks to queue
[2021-11-29 16:38:56,850] {logging_mixin.py:109} INFO - [2021-11-29 16:38:56,849] {dagbag.py:500} INFO - Filling up the DagBag from /usr/local/lib/python3.8/dist-packages/airflow/example_dags/example_trigger_target_dag.py
[2021-11-29 16:38:56,931] {processor.py:637} INFO - DAG(s) dict_keys(['example_trigger_target_dag']) retrieved from /usr/local/lib/python3.8/dist-packages/airflow/example_dags/example_trigger_target_dag.py
[2021-11-29 16:38:56,948] {logging_mixin.py:109} WARNING - /usr/local/lib/python3.8/dist-packages/airflow/models/serialized_dag.py:120 SAWarning: TypeDecorator UtcDateTime(timezone=True) will not produce a cache key because the ``cache_ok`` flag is not set to True.  Set this flag to True if this type object's state is safe to use in a cache key, or False to disable this warning.
[2021-11-29 16:38:56,970] {logging_mixin.py:109} INFO - [2021-11-29 16:38:56,970] {dag.py:2396} INFO - Sync 1 DAGs
[2021-11-29 16:38:56,997] {logging_mixin.py:109} WARNING - /usr/local/lib/python3.8/dist-packages/airflow/models/dag.py:2433 SAWarning: TypeDecorator UtcDateTime(timezone=True) will not produce a cache key because the ``cache_ok`` flag is not set to True.  Set this flag to True if this type object's state is safe to use in a cache key, or False to disable this warning.
[2021-11-29 16:38:57,009] {logging_mixin.py:109} INFO - [2021-11-29 16:38:57,009] {dag.py:2928} INFO - Setting next_dagrun for example_trigger_target_dag to None
[2021-11-29 16:38:57,311] {processor.py:171} INFO - Processing /usr/local/lib/python3.8/dist-packages/airflow/example_dags/example_trigger_target_dag.py took 0.489 seconds
[2021-11-29 16:39:52,066] {processor.py:163} INFO - Started process (PID=9309) to work on /usr/local/lib/python3.8/dist-packages/airflow/example_dags/example_trigger_target_dag.py
[2021-11-29 16:39:52,084] {processor.py:625} INFO - Processing file /usr/local/lib/python3.8/dist-packages/airflow/example_dags/example_trigger_target_dag.py for tasks to queue
[2021-11-29 16:39:52,085] {logging_mixin.py:109} INFO - [2021-11-29 16:39:52,085] {dagbag.py:500} INFO - Filling up the DagBag from /usr/local/lib/python3.8/dist-packages/airflow/example_dags/example_trigger_target_dag.py
[2021-11-29 16:39:52,168] {processor.py:637} INFO - DAG(s) dict_keys(['example_trigger_target_dag']) retrieved from /usr/local/lib/python3.8/dist-packages/airflow/example_dags/example_trigger_target_dag.py
[2021-11-29 16:39:52,180] {logging_mixin.py:109} WARNING - /usr/local/lib/python3.8/dist-packages/airflow/models/serialized_dag.py:120 SAWarning: TypeDecorator UtcDateTime(timezone=True) will not produce a cache key because the ``cache_ok`` flag is not set to True.  Set this flag to True if this type object's state is safe to use in a cache key, or False to disable this warning.
[2021-11-29 16:39:52,198] {logging_mixin.py:109} INFO - [2021-11-29 16:39:52,198] {dag.py:2396} INFO - Sync 1 DAGs
[2021-11-29 16:39:52,218] {logging_mixin.py:109} WARNING - /usr/local/lib/python3.8/dist-packages/airflow/models/dag.py:2433 SAWarning: TypeDecorator UtcDateTime(timezone=True) will not produce a cache key because the ``cache_ok`` flag is not set to True.  Set this flag to True if this type object's state is safe to use in a cache key, or False to disable this warning.
[2021-11-29 16:39:52,233] {logging_mixin.py:109} INFO - [2021-11-29 16:39:52,233] {dag.py:2928} INFO - Setting next_dagrun for example_trigger_target_dag to None
[2021-11-29 16:39:52,413] {processor.py:171} INFO - Processing /usr/local/lib/python3.8/dist-packages/airflow/example_dags/example_trigger_target_dag.py took 0.361 seconds
[2021-11-29 16:40:47,242] {processor.py:163} INFO - Started process (PID=9470) to work on /usr/local/lib/python3.8/dist-packages/airflow/example_dags/example_trigger_target_dag.py
[2021-11-29 16:40:47,259] {processor.py:625} INFO - Processing file /usr/local/lib/python3.8/dist-packages/airflow/example_dags/example_trigger_target_dag.py for tasks to queue
[2021-11-29 16:40:47,260] {logging_mixin.py:109} INFO - [2021-11-29 16:40:47,260] {dagbag.py:500} INFO - Filling up the DagBag from /usr/local/lib/python3.8/dist-packages/airflow/example_dags/example_trigger_target_dag.py
[2021-11-29 16:40:47,339] {processor.py:637} INFO - DAG(s) dict_keys(['example_trigger_target_dag']) retrieved from /usr/local/lib/python3.8/dist-packages/airflow/example_dags/example_trigger_target_dag.py
[2021-11-29 16:40:47,368] {logging_mixin.py:109} WARNING - /usr/local/lib/python3.8/dist-packages/airflow/models/serialized_dag.py:120 SAWarning: TypeDecorator UtcDateTime(timezone=True) will not produce a cache key because the ``cache_ok`` flag is not set to True.  Set this flag to True if this type object's state is safe to use in a cache key, or False to disable this warning.
[2021-11-29 16:40:47,390] {logging_mixin.py:109} INFO - [2021-11-29 16:40:47,390] {dag.py:2396} INFO - Sync 1 DAGs
[2021-11-29 16:40:47,423] {logging_mixin.py:109} WARNING - /usr/local/lib/python3.8/dist-packages/airflow/models/dag.py:2433 SAWarning: TypeDecorator UtcDateTime(timezone=True) will not produce a cache key because the ``cache_ok`` flag is not set to True.  Set this flag to True if this type object's state is safe to use in a cache key, or False to disable this warning.
[2021-11-29 16:40:47,443] {logging_mixin.py:109} INFO - [2021-11-29 16:40:47,443] {dag.py:2928} INFO - Setting next_dagrun for example_trigger_target_dag to None
[2021-11-29 16:40:47,729] {processor.py:171} INFO - Processing /usr/local/lib/python3.8/dist-packages/airflow/example_dags/example_trigger_target_dag.py took 0.491 seconds
[2021-11-29 16:41:48,200] {processor.py:163} INFO - Started process (PID=9640) to work on /usr/local/lib/python3.8/dist-packages/airflow/example_dags/example_trigger_target_dag.py
[2021-11-29 16:41:48,216] {processor.py:625} INFO - Processing file /usr/local/lib/python3.8/dist-packages/airflow/example_dags/example_trigger_target_dag.py for tasks to queue
[2021-11-29 16:41:48,216] {logging_mixin.py:109} INFO - [2021-11-29 16:41:48,216] {dagbag.py:500} INFO - Filling up the DagBag from /usr/local/lib/python3.8/dist-packages/airflow/example_dags/example_trigger_target_dag.py
[2021-11-29 16:41:48,300] {processor.py:637} INFO - DAG(s) dict_keys(['example_trigger_target_dag']) retrieved from /usr/local/lib/python3.8/dist-packages/airflow/example_dags/example_trigger_target_dag.py
[2021-11-29 16:41:48,318] {logging_mixin.py:109} WARNING - /usr/local/lib/python3.8/dist-packages/airflow/models/serialized_dag.py:120 SAWarning: TypeDecorator UtcDateTime(timezone=True) will not produce a cache key because the ``cache_ok`` flag is not set to True.  Set this flag to True if this type object's state is safe to use in a cache key, or False to disable this warning.
[2021-11-29 16:41:48,348] {logging_mixin.py:109} INFO - [2021-11-29 16:41:48,348] {dag.py:2396} INFO - Sync 1 DAGs
[2021-11-29 16:41:48,369] {logging_mixin.py:109} WARNING - /usr/local/lib/python3.8/dist-packages/airflow/models/dag.py:2433 SAWarning: TypeDecorator UtcDateTime(timezone=True) will not produce a cache key because the ``cache_ok`` flag is not set to True.  Set this flag to True if this type object's state is safe to use in a cache key, or False to disable this warning.
[2021-11-29 16:41:48,386] {logging_mixin.py:109} INFO - [2021-11-29 16:41:48,385] {dag.py:2928} INFO - Setting next_dagrun for example_trigger_target_dag to None
[2021-11-29 16:41:48,701] {processor.py:171} INFO - Processing /usr/local/lib/python3.8/dist-packages/airflow/example_dags/example_trigger_target_dag.py took 0.505 seconds
[2021-11-29 16:42:44,866] {processor.py:163} INFO - Started process (PID=9814) to work on /usr/local/lib/python3.8/dist-packages/airflow/example_dags/example_trigger_target_dag.py
[2021-11-29 16:42:44,899] {processor.py:625} INFO - Processing file /usr/local/lib/python3.8/dist-packages/airflow/example_dags/example_trigger_target_dag.py for tasks to queue
[2021-11-29 16:42:44,901] {logging_mixin.py:109} INFO - [2021-11-29 16:42:44,901] {dagbag.py:500} INFO - Filling up the DagBag from /usr/local/lib/python3.8/dist-packages/airflow/example_dags/example_trigger_target_dag.py
[2021-11-29 16:42:44,965] {processor.py:637} INFO - DAG(s) dict_keys(['example_trigger_target_dag']) retrieved from /usr/local/lib/python3.8/dist-packages/airflow/example_dags/example_trigger_target_dag.py
[2021-11-29 16:42:44,972] {logging_mixin.py:109} WARNING - /usr/local/lib/python3.8/dist-packages/airflow/models/serialized_dag.py:120 SAWarning: TypeDecorator UtcDateTime(timezone=True) will not produce a cache key because the ``cache_ok`` flag is not set to True.  Set this flag to True if this type object's state is safe to use in a cache key, or False to disable this warning.
[2021-11-29 16:42:45,007] {logging_mixin.py:109} INFO - [2021-11-29 16:42:45,007] {dag.py:2396} INFO - Sync 1 DAGs
[2021-11-29 16:42:45,033] {logging_mixin.py:109} WARNING - /usr/local/lib/python3.8/dist-packages/airflow/models/dag.py:2433 SAWarning: TypeDecorator UtcDateTime(timezone=True) will not produce a cache key because the ``cache_ok`` flag is not set to True.  Set this flag to True if this type object's state is safe to use in a cache key, or False to disable this warning.
[2021-11-29 16:42:45,067] {logging_mixin.py:109} INFO - [2021-11-29 16:42:45,067] {dag.py:2928} INFO - Setting next_dagrun for example_trigger_target_dag to None
[2021-11-29 16:42:45,313] {processor.py:171} INFO - Processing /usr/local/lib/python3.8/dist-packages/airflow/example_dags/example_trigger_target_dag.py took 0.462 seconds
[2021-11-29 16:43:39,575] {processor.py:163} INFO - Started process (PID=9979) to work on /usr/local/lib/python3.8/dist-packages/airflow/example_dags/example_trigger_target_dag.py
[2021-11-29 16:43:39,590] {processor.py:625} INFO - Processing file /usr/local/lib/python3.8/dist-packages/airflow/example_dags/example_trigger_target_dag.py for tasks to queue
[2021-11-29 16:43:39,591] {logging_mixin.py:109} INFO - [2021-11-29 16:43:39,590] {dagbag.py:500} INFO - Filling up the DagBag from /usr/local/lib/python3.8/dist-packages/airflow/example_dags/example_trigger_target_dag.py
[2021-11-29 16:43:39,659] {processor.py:637} INFO - DAG(s) dict_keys(['example_trigger_target_dag']) retrieved from /usr/local/lib/python3.8/dist-packages/airflow/example_dags/example_trigger_target_dag.py
[2021-11-29 16:43:39,666] {logging_mixin.py:109} WARNING - /usr/local/lib/python3.8/dist-packages/airflow/models/serialized_dag.py:120 SAWarning: TypeDecorator UtcDateTime(timezone=True) will not produce a cache key because the ``cache_ok`` flag is not set to True.  Set this flag to True if this type object's state is safe to use in a cache key, or False to disable this warning.
[2021-11-29 16:43:39,678] {logging_mixin.py:109} INFO - [2021-11-29 16:43:39,678] {dag.py:2396} INFO - Sync 1 DAGs
[2021-11-29 16:43:39,696] {logging_mixin.py:109} WARNING - /usr/local/lib/python3.8/dist-packages/airflow/models/dag.py:2433 SAWarning: TypeDecorator UtcDateTime(timezone=True) will not produce a cache key because the ``cache_ok`` flag is not set to True.  Set this flag to True if this type object's state is safe to use in a cache key, or False to disable this warning.
[2021-11-29 16:43:39,710] {logging_mixin.py:109} INFO - [2021-11-29 16:43:39,710] {dag.py:2928} INFO - Setting next_dagrun for example_trigger_target_dag to None
[2021-11-29 16:43:39,871] {processor.py:171} INFO - Processing /usr/local/lib/python3.8/dist-packages/airflow/example_dags/example_trigger_target_dag.py took 0.301 seconds
[2021-11-29 16:44:34,767] {processor.py:163} INFO - Started process (PID=10141) to work on /usr/local/lib/python3.8/dist-packages/airflow/example_dags/example_trigger_target_dag.py
[2021-11-29 16:44:34,792] {processor.py:625} INFO - Processing file /usr/local/lib/python3.8/dist-packages/airflow/example_dags/example_trigger_target_dag.py for tasks to queue
[2021-11-29 16:44:34,793] {logging_mixin.py:109} INFO - [2021-11-29 16:44:34,793] {dagbag.py:500} INFO - Filling up the DagBag from /usr/local/lib/python3.8/dist-packages/airflow/example_dags/example_trigger_target_dag.py
[2021-11-29 16:44:34,861] {processor.py:637} INFO - DAG(s) dict_keys(['example_trigger_target_dag']) retrieved from /usr/local/lib/python3.8/dist-packages/airflow/example_dags/example_trigger_target_dag.py
[2021-11-29 16:44:34,868] {logging_mixin.py:109} WARNING - /usr/local/lib/python3.8/dist-packages/airflow/models/serialized_dag.py:120 SAWarning: TypeDecorator UtcDateTime(timezone=True) will not produce a cache key because the ``cache_ok`` flag is not set to True.  Set this flag to True if this type object's state is safe to use in a cache key, or False to disable this warning.
[2021-11-29 16:44:34,911] {logging_mixin.py:109} INFO - [2021-11-29 16:44:34,911] {dag.py:2396} INFO - Sync 1 DAGs
[2021-11-29 16:44:34,938] {logging_mixin.py:109} WARNING - /usr/local/lib/python3.8/dist-packages/airflow/models/dag.py:2433 SAWarning: TypeDecorator UtcDateTime(timezone=True) will not produce a cache key because the ``cache_ok`` flag is not set to True.  Set this flag to True if this type object's state is safe to use in a cache key, or False to disable this warning.
[2021-11-29 16:44:34,961] {logging_mixin.py:109} INFO - [2021-11-29 16:44:34,961] {dag.py:2928} INFO - Setting next_dagrun for example_trigger_target_dag to None
[2021-11-29 16:44:35,216] {processor.py:171} INFO - Processing /usr/local/lib/python3.8/dist-packages/airflow/example_dags/example_trigger_target_dag.py took 0.464 seconds
[2021-11-29 16:45:32,146] {processor.py:163} INFO - Started process (PID=10313) to work on /usr/local/lib/python3.8/dist-packages/airflow/example_dags/example_trigger_target_dag.py
[2021-11-29 16:45:32,190] {processor.py:625} INFO - Processing file /usr/local/lib/python3.8/dist-packages/airflow/example_dags/example_trigger_target_dag.py for tasks to queue
[2021-11-29 16:45:32,191] {logging_mixin.py:109} INFO - [2021-11-29 16:45:32,191] {dagbag.py:500} INFO - Filling up the DagBag from /usr/local/lib/python3.8/dist-packages/airflow/example_dags/example_trigger_target_dag.py
[2021-11-29 16:45:32,268] {processor.py:637} INFO - DAG(s) dict_keys(['example_trigger_target_dag']) retrieved from /usr/local/lib/python3.8/dist-packages/airflow/example_dags/example_trigger_target_dag.py
[2021-11-29 16:45:32,275] {logging_mixin.py:109} WARNING - /usr/local/lib/python3.8/dist-packages/airflow/models/serialized_dag.py:120 SAWarning: TypeDecorator UtcDateTime(timezone=True) will not produce a cache key because the ``cache_ok`` flag is not set to True.  Set this flag to True if this type object's state is safe to use in a cache key, or False to disable this warning.
[2021-11-29 16:45:32,298] {logging_mixin.py:109} INFO - [2021-11-29 16:45:32,298] {dag.py:2396} INFO - Sync 1 DAGs
[2021-11-29 16:45:32,346] {logging_mixin.py:109} WARNING - /usr/local/lib/python3.8/dist-packages/airflow/models/dag.py:2433 SAWarning: TypeDecorator UtcDateTime(timezone=True) will not produce a cache key because the ``cache_ok`` flag is not set to True.  Set this flag to True if this type object's state is safe to use in a cache key, or False to disable this warning.
[2021-11-29 16:45:32,367] {logging_mixin.py:109} INFO - [2021-11-29 16:45:32,367] {dag.py:2928} INFO - Setting next_dagrun for example_trigger_target_dag to None
[2021-11-29 16:45:32,607] {processor.py:171} INFO - Processing /usr/local/lib/python3.8/dist-packages/airflow/example_dags/example_trigger_target_dag.py took 0.476 seconds
[2021-11-29 16:46:26,076] {processor.py:163} INFO - Started process (PID=10485) to work on /usr/local/lib/python3.8/dist-packages/airflow/example_dags/example_trigger_target_dag.py
[2021-11-29 16:46:26,105] {processor.py:625} INFO - Processing file /usr/local/lib/python3.8/dist-packages/airflow/example_dags/example_trigger_target_dag.py for tasks to queue
[2021-11-29 16:46:26,106] {logging_mixin.py:109} INFO - [2021-11-29 16:46:26,106] {dagbag.py:500} INFO - Filling up the DagBag from /usr/local/lib/python3.8/dist-packages/airflow/example_dags/example_trigger_target_dag.py
[2021-11-29 16:46:26,180] {processor.py:637} INFO - DAG(s) dict_keys(['example_trigger_target_dag']) retrieved from /usr/local/lib/python3.8/dist-packages/airflow/example_dags/example_trigger_target_dag.py
[2021-11-29 16:46:26,187] {logging_mixin.py:109} WARNING - /usr/local/lib/python3.8/dist-packages/airflow/models/serialized_dag.py:120 SAWarning: TypeDecorator UtcDateTime(timezone=True) will not produce a cache key because the ``cache_ok`` flag is not set to True.  Set this flag to True if this type object's state is safe to use in a cache key, or False to disable this warning.
[2021-11-29 16:46:26,202] {logging_mixin.py:109} INFO - [2021-11-29 16:46:26,202] {dag.py:2396} INFO - Sync 1 DAGs
[2021-11-29 16:46:26,220] {logging_mixin.py:109} WARNING - /usr/local/lib/python3.8/dist-packages/airflow/models/dag.py:2433 SAWarning: TypeDecorator UtcDateTime(timezone=True) will not produce a cache key because the ``cache_ok`` flag is not set to True.  Set this flag to True if this type object's state is safe to use in a cache key, or False to disable this warning.
[2021-11-29 16:46:26,233] {logging_mixin.py:109} INFO - [2021-11-29 16:46:26,233] {dag.py:2928} INFO - Setting next_dagrun for example_trigger_target_dag to None
[2021-11-29 16:46:26,390] {processor.py:171} INFO - Processing /usr/local/lib/python3.8/dist-packages/airflow/example_dags/example_trigger_target_dag.py took 0.340 seconds
