[2021-11-29 16:14:52,966] {processor.py:163} INFO - Started process (PID=4872) to work on /usr/local/lib/python3.8/dist-packages/airflow/example_dags/example_kubernetes_executor_config.py
[2021-11-29 16:14:52,967] {processor.py:625} INFO - Processing file /usr/local/lib/python3.8/dist-packages/airflow/example_dags/example_kubernetes_executor_config.py for tasks to queue
[2021-11-29 16:14:52,967] {logging_mixin.py:109} INFO - [2021-11-29 16:14:52,967] {dagbag.py:500} INFO - Filling up the DagBag from /usr/local/lib/python3.8/dist-packages/airflow/example_dags/example_kubernetes_executor_config.py
[2021-11-29 16:14:52,990] {logging_mixin.py:109} INFO - [2021-11-29 16:14:52,990] {example_kubernetes_executor_config.py:171} WARNING - Could not import DAGs in example_kubernetes_executor_config.py: No module named 'kubernetes'
[2021-11-29 16:14:52,990] {logging_mixin.py:109} INFO - [2021-11-29 16:14:52,990] {example_kubernetes_executor_config.py:172} WARNING - Install kubernetes dependencies with: pip install apache-airflow['cncf.kubernetes']
[2021-11-29 16:14:53,028] {processor.py:639} WARNING - No viable dags retrieved from /usr/local/lib/python3.8/dist-packages/airflow/example_dags/example_kubernetes_executor_config.py
[2021-11-29 16:14:53,032] {processor.py:171} INFO - Processing /usr/local/lib/python3.8/dist-packages/airflow/example_dags/example_kubernetes_executor_config.py took 0.081 seconds
[2021-11-29 16:15:52,575] {processor.py:163} INFO - Started process (PID=5040) to work on /usr/local/lib/python3.8/dist-packages/airflow/example_dags/example_kubernetes_executor_config.py
[2021-11-29 16:15:52,655] {processor.py:625} INFO - Processing file /usr/local/lib/python3.8/dist-packages/airflow/example_dags/example_kubernetes_executor_config.py for tasks to queue
[2021-11-29 16:15:52,656] {logging_mixin.py:109} INFO - [2021-11-29 16:15:52,656] {dagbag.py:500} INFO - Filling up the DagBag from /usr/local/lib/python3.8/dist-packages/airflow/example_dags/example_kubernetes_executor_config.py
[2021-11-29 16:15:52,664] {logging_mixin.py:109} INFO - [2021-11-29 16:15:52,664] {example_kubernetes_executor_config.py:171} WARNING - Could not import DAGs in example_kubernetes_executor_config.py: No module named 'kubernetes'
[2021-11-29 16:15:52,665] {logging_mixin.py:109} INFO - [2021-11-29 16:15:52,664] {example_kubernetes_executor_config.py:172} WARNING - Install kubernetes dependencies with: pip install apache-airflow['cncf.kubernetes']
[2021-11-29 16:15:52,702] {processor.py:639} WARNING - No viable dags retrieved from /usr/local/lib/python3.8/dist-packages/airflow/example_dags/example_kubernetes_executor_config.py
[2021-11-29 16:15:52,717] {processor.py:171} INFO - Processing /usr/local/lib/python3.8/dist-packages/airflow/example_dags/example_kubernetes_executor_config.py took 0.157 seconds
[2021-11-29 16:16:55,676] {processor.py:163} INFO - Started process (PID=5216) to work on /usr/local/lib/python3.8/dist-packages/airflow/example_dags/example_kubernetes_executor_config.py
[2021-11-29 16:16:55,702] {processor.py:625} INFO - Processing file /usr/local/lib/python3.8/dist-packages/airflow/example_dags/example_kubernetes_executor_config.py for tasks to queue
[2021-11-29 16:16:55,702] {logging_mixin.py:109} INFO - [2021-11-29 16:16:55,702] {dagbag.py:500} INFO - Filling up the DagBag from /usr/local/lib/python3.8/dist-packages/airflow/example_dags/example_kubernetes_executor_config.py
[2021-11-29 16:16:55,710] {logging_mixin.py:109} INFO - [2021-11-29 16:16:55,710] {example_kubernetes_executor_config.py:171} WARNING - Could not import DAGs in example_kubernetes_executor_config.py: No module named 'kubernetes'
[2021-11-29 16:16:55,711] {logging_mixin.py:109} INFO - [2021-11-29 16:16:55,710] {example_kubernetes_executor_config.py:172} WARNING - Install kubernetes dependencies with: pip install apache-airflow['cncf.kubernetes']
[2021-11-29 16:16:55,731] {processor.py:639} WARNING - No viable dags retrieved from /usr/local/lib/python3.8/dist-packages/airflow/example_dags/example_kubernetes_executor_config.py
[2021-11-29 16:16:55,736] {processor.py:171} INFO - Processing /usr/local/lib/python3.8/dist-packages/airflow/example_dags/example_kubernetes_executor_config.py took 0.065 seconds
[2021-11-29 16:17:52,106] {processor.py:163} INFO - Started process (PID=5399) to work on /usr/local/lib/python3.8/dist-packages/airflow/example_dags/example_kubernetes_executor_config.py
[2021-11-29 16:17:52,115] {processor.py:625} INFO - Processing file /usr/local/lib/python3.8/dist-packages/airflow/example_dags/example_kubernetes_executor_config.py for tasks to queue
[2021-11-29 16:17:52,116] {logging_mixin.py:109} INFO - [2021-11-29 16:17:52,116] {dagbag.py:500} INFO - Filling up the DagBag from /usr/local/lib/python3.8/dist-packages/airflow/example_dags/example_kubernetes_executor_config.py
[2021-11-29 16:17:52,146] {logging_mixin.py:109} INFO - [2021-11-29 16:17:52,146] {example_kubernetes_executor_config.py:171} WARNING - Could not import DAGs in example_kubernetes_executor_config.py: No module named 'kubernetes'
[2021-11-29 16:17:52,146] {logging_mixin.py:109} INFO - [2021-11-29 16:17:52,146] {example_kubernetes_executor_config.py:172} WARNING - Install kubernetes dependencies with: pip install apache-airflow['cncf.kubernetes']
[2021-11-29 16:17:52,189] {processor.py:639} WARNING - No viable dags retrieved from /usr/local/lib/python3.8/dist-packages/airflow/example_dags/example_kubernetes_executor_config.py
[2021-11-29 16:17:52,197] {processor.py:171} INFO - Processing /usr/local/lib/python3.8/dist-packages/airflow/example_dags/example_kubernetes_executor_config.py took 0.107 seconds
[2021-11-29 16:18:50,217] {processor.py:163} INFO - Started process (PID=5569) to work on /usr/local/lib/python3.8/dist-packages/airflow/example_dags/example_kubernetes_executor_config.py
[2021-11-29 16:18:50,239] {processor.py:625} INFO - Processing file /usr/local/lib/python3.8/dist-packages/airflow/example_dags/example_kubernetes_executor_config.py for tasks to queue
[2021-11-29 16:18:50,239] {logging_mixin.py:109} INFO - [2021-11-29 16:18:50,239] {dagbag.py:500} INFO - Filling up the DagBag from /usr/local/lib/python3.8/dist-packages/airflow/example_dags/example_kubernetes_executor_config.py
[2021-11-29 16:18:50,250] {logging_mixin.py:109} INFO - [2021-11-29 16:18:50,250] {example_kubernetes_executor_config.py:171} WARNING - Could not import DAGs in example_kubernetes_executor_config.py: No module named 'kubernetes'
[2021-11-29 16:18:50,250] {logging_mixin.py:109} INFO - [2021-11-29 16:18:50,250] {example_kubernetes_executor_config.py:172} WARNING - Install kubernetes dependencies with: pip install apache-airflow['cncf.kubernetes']
[2021-11-29 16:18:50,298] {processor.py:639} WARNING - No viable dags retrieved from /usr/local/lib/python3.8/dist-packages/airflow/example_dags/example_kubernetes_executor_config.py
[2021-11-29 16:18:50,302] {processor.py:171} INFO - Processing /usr/local/lib/python3.8/dist-packages/airflow/example_dags/example_kubernetes_executor_config.py took 0.108 seconds
[2021-11-29 16:19:45,376] {processor.py:163} INFO - Started process (PID=5736) to work on /usr/local/lib/python3.8/dist-packages/airflow/example_dags/example_kubernetes_executor_config.py
[2021-11-29 16:19:45,472] {processor.py:625} INFO - Processing file /usr/local/lib/python3.8/dist-packages/airflow/example_dags/example_kubernetes_executor_config.py for tasks to queue
[2021-11-29 16:19:45,473] {logging_mixin.py:109} INFO - [2021-11-29 16:19:45,473] {dagbag.py:500} INFO - Filling up the DagBag from /usr/local/lib/python3.8/dist-packages/airflow/example_dags/example_kubernetes_executor_config.py
[2021-11-29 16:19:45,496] {logging_mixin.py:109} INFO - [2021-11-29 16:19:45,496] {example_kubernetes_executor_config.py:171} WARNING - Could not import DAGs in example_kubernetes_executor_config.py: No module named 'kubernetes'
[2021-11-29 16:19:45,496] {logging_mixin.py:109} INFO - [2021-11-29 16:19:45,496] {example_kubernetes_executor_config.py:172} WARNING - Install kubernetes dependencies with: pip install apache-airflow['cncf.kubernetes']
[2021-11-29 16:19:45,524] {processor.py:639} WARNING - No viable dags retrieved from /usr/local/lib/python3.8/dist-packages/airflow/example_dags/example_kubernetes_executor_config.py
[2021-11-29 16:19:45,539] {processor.py:171} INFO - Processing /usr/local/lib/python3.8/dist-packages/airflow/example_dags/example_kubernetes_executor_config.py took 0.179 seconds
[2021-11-29 16:20:39,054] {processor.py:163} INFO - Started process (PID=5906) to work on /usr/local/lib/python3.8/dist-packages/airflow/example_dags/example_kubernetes_executor_config.py
[2021-11-29 16:20:39,065] {processor.py:625} INFO - Processing file /usr/local/lib/python3.8/dist-packages/airflow/example_dags/example_kubernetes_executor_config.py for tasks to queue
[2021-11-29 16:20:39,066] {logging_mixin.py:109} INFO - [2021-11-29 16:20:39,066] {dagbag.py:500} INFO - Filling up the DagBag from /usr/local/lib/python3.8/dist-packages/airflow/example_dags/example_kubernetes_executor_config.py
[2021-11-29 16:20:39,074] {logging_mixin.py:109} INFO - [2021-11-29 16:20:39,074] {example_kubernetes_executor_config.py:171} WARNING - Could not import DAGs in example_kubernetes_executor_config.py: No module named 'kubernetes'
[2021-11-29 16:20:39,074] {logging_mixin.py:109} INFO - [2021-11-29 16:20:39,074] {example_kubernetes_executor_config.py:172} WARNING - Install kubernetes dependencies with: pip install apache-airflow['cncf.kubernetes']
[2021-11-29 16:20:39,109] {processor.py:639} WARNING - No viable dags retrieved from /usr/local/lib/python3.8/dist-packages/airflow/example_dags/example_kubernetes_executor_config.py
[2021-11-29 16:20:39,114] {processor.py:171} INFO - Processing /usr/local/lib/python3.8/dist-packages/airflow/example_dags/example_kubernetes_executor_config.py took 0.064 seconds
[2021-11-29 16:21:33,127] {processor.py:163} INFO - Started process (PID=6075) to work on /usr/local/lib/python3.8/dist-packages/airflow/example_dags/example_kubernetes_executor_config.py
[2021-11-29 16:21:33,136] {processor.py:625} INFO - Processing file /usr/local/lib/python3.8/dist-packages/airflow/example_dags/example_kubernetes_executor_config.py for tasks to queue
[2021-11-29 16:21:33,137] {logging_mixin.py:109} INFO - [2021-11-29 16:21:33,137] {dagbag.py:500} INFO - Filling up the DagBag from /usr/local/lib/python3.8/dist-packages/airflow/example_dags/example_kubernetes_executor_config.py
[2021-11-29 16:21:33,156] {logging_mixin.py:109} INFO - [2021-11-29 16:21:33,156] {example_kubernetes_executor_config.py:171} WARNING - Could not import DAGs in example_kubernetes_executor_config.py: No module named 'kubernetes'
[2021-11-29 16:21:33,156] {logging_mixin.py:109} INFO - [2021-11-29 16:21:33,156] {example_kubernetes_executor_config.py:172} WARNING - Install kubernetes dependencies with: pip install apache-airflow['cncf.kubernetes']
[2021-11-29 16:21:33,195] {processor.py:639} WARNING - No viable dags retrieved from /usr/local/lib/python3.8/dist-packages/airflow/example_dags/example_kubernetes_executor_config.py
[2021-11-29 16:21:33,210] {processor.py:171} INFO - Processing /usr/local/lib/python3.8/dist-packages/airflow/example_dags/example_kubernetes_executor_config.py took 0.099 seconds
[2021-11-29 16:22:31,724] {processor.py:163} INFO - Started process (PID=6260) to work on /usr/local/lib/python3.8/dist-packages/airflow/example_dags/example_kubernetes_executor_config.py
[2021-11-29 16:22:31,735] {processor.py:625} INFO - Processing file /usr/local/lib/python3.8/dist-packages/airflow/example_dags/example_kubernetes_executor_config.py for tasks to queue
[2021-11-29 16:22:31,736] {logging_mixin.py:109} INFO - [2021-11-29 16:22:31,736] {dagbag.py:500} INFO - Filling up the DagBag from /usr/local/lib/python3.8/dist-packages/airflow/example_dags/example_kubernetes_executor_config.py
[2021-11-29 16:22:31,745] {logging_mixin.py:109} INFO - [2021-11-29 16:22:31,744] {example_kubernetes_executor_config.py:171} WARNING - Could not import DAGs in example_kubernetes_executor_config.py: No module named 'kubernetes'
[2021-11-29 16:22:31,755] {logging_mixin.py:109} INFO - [2021-11-29 16:22:31,755] {example_kubernetes_executor_config.py:172} WARNING - Install kubernetes dependencies with: pip install apache-airflow['cncf.kubernetes']
[2021-11-29 16:22:31,784] {processor.py:639} WARNING - No viable dags retrieved from /usr/local/lib/python3.8/dist-packages/airflow/example_dags/example_kubernetes_executor_config.py
[2021-11-29 16:22:31,798] {processor.py:171} INFO - Processing /usr/local/lib/python3.8/dist-packages/airflow/example_dags/example_kubernetes_executor_config.py took 0.078 seconds
[2021-11-29 16:23:26,827] {processor.py:163} INFO - Started process (PID=6434) to work on /usr/local/lib/python3.8/dist-packages/airflow/example_dags/example_kubernetes_executor_config.py
[2021-11-29 16:23:26,840] {processor.py:625} INFO - Processing file /usr/local/lib/python3.8/dist-packages/airflow/example_dags/example_kubernetes_executor_config.py for tasks to queue
[2021-11-29 16:23:26,841] {logging_mixin.py:109} INFO - [2021-11-29 16:23:26,841] {dagbag.py:500} INFO - Filling up the DagBag from /usr/local/lib/python3.8/dist-packages/airflow/example_dags/example_kubernetes_executor_config.py
[2021-11-29 16:23:26,849] {logging_mixin.py:109} INFO - [2021-11-29 16:23:26,849] {example_kubernetes_executor_config.py:171} WARNING - Could not import DAGs in example_kubernetes_executor_config.py: No module named 'kubernetes'
[2021-11-29 16:23:26,849] {logging_mixin.py:109} INFO - [2021-11-29 16:23:26,849] {example_kubernetes_executor_config.py:172} WARNING - Install kubernetes dependencies with: pip install apache-airflow['cncf.kubernetes']
[2021-11-29 16:23:26,888] {processor.py:639} WARNING - No viable dags retrieved from /usr/local/lib/python3.8/dist-packages/airflow/example_dags/example_kubernetes_executor_config.py
[2021-11-29 16:23:26,892] {processor.py:171} INFO - Processing /usr/local/lib/python3.8/dist-packages/airflow/example_dags/example_kubernetes_executor_config.py took 0.082 seconds
[2021-11-29 16:24:25,148] {processor.py:163} INFO - Started process (PID=6596) to work on /usr/local/lib/python3.8/dist-packages/airflow/example_dags/example_kubernetes_executor_config.py
[2021-11-29 16:24:25,159] {processor.py:625} INFO - Processing file /usr/local/lib/python3.8/dist-packages/airflow/example_dags/example_kubernetes_executor_config.py for tasks to queue
[2021-11-29 16:24:25,160] {logging_mixin.py:109} INFO - [2021-11-29 16:24:25,160] {dagbag.py:500} INFO - Filling up the DagBag from /usr/local/lib/python3.8/dist-packages/airflow/example_dags/example_kubernetes_executor_config.py
[2021-11-29 16:24:25,169] {logging_mixin.py:109} INFO - [2021-11-29 16:24:25,169] {example_kubernetes_executor_config.py:171} WARNING - Could not import DAGs in example_kubernetes_executor_config.py: No module named 'kubernetes'
[2021-11-29 16:24:25,170] {logging_mixin.py:109} INFO - [2021-11-29 16:24:25,170] {example_kubernetes_executor_config.py:172} WARNING - Install kubernetes dependencies with: pip install apache-airflow['cncf.kubernetes']
[2021-11-29 16:24:25,220] {processor.py:639} WARNING - No viable dags retrieved from /usr/local/lib/python3.8/dist-packages/airflow/example_dags/example_kubernetes_executor_config.py
[2021-11-29 16:24:25,237] {processor.py:171} INFO - Processing /usr/local/lib/python3.8/dist-packages/airflow/example_dags/example_kubernetes_executor_config.py took 0.105 seconds
[2021-11-29 16:25:24,766] {processor.py:163} INFO - Started process (PID=6764) to work on /usr/local/lib/python3.8/dist-packages/airflow/example_dags/example_kubernetes_executor_config.py
[2021-11-29 16:25:24,787] {processor.py:625} INFO - Processing file /usr/local/lib/python3.8/dist-packages/airflow/example_dags/example_kubernetes_executor_config.py for tasks to queue
[2021-11-29 16:25:24,788] {logging_mixin.py:109} INFO - [2021-11-29 16:25:24,788] {dagbag.py:500} INFO - Filling up the DagBag from /usr/local/lib/python3.8/dist-packages/airflow/example_dags/example_kubernetes_executor_config.py
[2021-11-29 16:25:24,798] {logging_mixin.py:109} INFO - [2021-11-29 16:25:24,798] {example_kubernetes_executor_config.py:171} WARNING - Could not import DAGs in example_kubernetes_executor_config.py: No module named 'kubernetes'
[2021-11-29 16:25:24,798] {logging_mixin.py:109} INFO - [2021-11-29 16:25:24,798] {example_kubernetes_executor_config.py:172} WARNING - Install kubernetes dependencies with: pip install apache-airflow['cncf.kubernetes']
[2021-11-29 16:25:24,838] {processor.py:639} WARNING - No viable dags retrieved from /usr/local/lib/python3.8/dist-packages/airflow/example_dags/example_kubernetes_executor_config.py
[2021-11-29 16:25:24,842] {processor.py:171} INFO - Processing /usr/local/lib/python3.8/dist-packages/airflow/example_dags/example_kubernetes_executor_config.py took 0.091 seconds
[2021-11-29 16:26:19,162] {processor.py:163} INFO - Started process (PID=6937) to work on /usr/local/lib/python3.8/dist-packages/airflow/example_dags/example_kubernetes_executor_config.py
[2021-11-29 16:26:19,186] {processor.py:625} INFO - Processing file /usr/local/lib/python3.8/dist-packages/airflow/example_dags/example_kubernetes_executor_config.py for tasks to queue
[2021-11-29 16:26:19,187] {logging_mixin.py:109} INFO - [2021-11-29 16:26:19,187] {dagbag.py:500} INFO - Filling up the DagBag from /usr/local/lib/python3.8/dist-packages/airflow/example_dags/example_kubernetes_executor_config.py
[2021-11-29 16:26:19,201] {logging_mixin.py:109} INFO - [2021-11-29 16:26:19,201] {example_kubernetes_executor_config.py:171} WARNING - Could not import DAGs in example_kubernetes_executor_config.py: No module named 'kubernetes'
[2021-11-29 16:26:19,201] {logging_mixin.py:109} INFO - [2021-11-29 16:26:19,201] {example_kubernetes_executor_config.py:172} WARNING - Install kubernetes dependencies with: pip install apache-airflow['cncf.kubernetes']
[2021-11-29 16:26:19,243] {processor.py:639} WARNING - No viable dags retrieved from /usr/local/lib/python3.8/dist-packages/airflow/example_dags/example_kubernetes_executor_config.py
[2021-11-29 16:26:19,261] {processor.py:171} INFO - Processing /usr/local/lib/python3.8/dist-packages/airflow/example_dags/example_kubernetes_executor_config.py took 0.126 seconds
[2021-11-29 16:27:12,076] {processor.py:163} INFO - Started process (PID=7095) to work on /usr/local/lib/python3.8/dist-packages/airflow/example_dags/example_kubernetes_executor_config.py
[2021-11-29 16:27:12,117] {processor.py:625} INFO - Processing file /usr/local/lib/python3.8/dist-packages/airflow/example_dags/example_kubernetes_executor_config.py for tasks to queue
[2021-11-29 16:27:12,118] {logging_mixin.py:109} INFO - [2021-11-29 16:27:12,117] {dagbag.py:500} INFO - Filling up the DagBag from /usr/local/lib/python3.8/dist-packages/airflow/example_dags/example_kubernetes_executor_config.py
[2021-11-29 16:27:12,126] {logging_mixin.py:109} INFO - [2021-11-29 16:27:12,125] {example_kubernetes_executor_config.py:171} WARNING - Could not import DAGs in example_kubernetes_executor_config.py: No module named 'kubernetes'
[2021-11-29 16:27:12,126] {logging_mixin.py:109} INFO - [2021-11-29 16:27:12,126] {example_kubernetes_executor_config.py:172} WARNING - Install kubernetes dependencies with: pip install apache-airflow['cncf.kubernetes']
[2021-11-29 16:27:12,177] {processor.py:639} WARNING - No viable dags retrieved from /usr/local/lib/python3.8/dist-packages/airflow/example_dags/example_kubernetes_executor_config.py
[2021-11-29 16:27:12,207] {processor.py:171} INFO - Processing /usr/local/lib/python3.8/dist-packages/airflow/example_dags/example_kubernetes_executor_config.py took 0.136 seconds
[2021-11-29 16:28:08,284] {processor.py:163} INFO - Started process (PID=7257) to work on /usr/local/lib/python3.8/dist-packages/airflow/example_dags/example_kubernetes_executor_config.py
[2021-11-29 16:28:08,309] {processor.py:625} INFO - Processing file /usr/local/lib/python3.8/dist-packages/airflow/example_dags/example_kubernetes_executor_config.py for tasks to queue
[2021-11-29 16:28:08,310] {logging_mixin.py:109} INFO - [2021-11-29 16:28:08,310] {dagbag.py:500} INFO - Filling up the DagBag from /usr/local/lib/python3.8/dist-packages/airflow/example_dags/example_kubernetes_executor_config.py
[2021-11-29 16:28:08,318] {logging_mixin.py:109} INFO - [2021-11-29 16:28:08,318] {example_kubernetes_executor_config.py:171} WARNING - Could not import DAGs in example_kubernetes_executor_config.py: No module named 'kubernetes'
[2021-11-29 16:28:08,318] {logging_mixin.py:109} INFO - [2021-11-29 16:28:08,318] {example_kubernetes_executor_config.py:172} WARNING - Install kubernetes dependencies with: pip install apache-airflow['cncf.kubernetes']
[2021-11-29 16:28:08,369] {processor.py:639} WARNING - No viable dags retrieved from /usr/local/lib/python3.8/dist-packages/airflow/example_dags/example_kubernetes_executor_config.py
[2021-11-29 16:28:08,398] {processor.py:171} INFO - Processing /usr/local/lib/python3.8/dist-packages/airflow/example_dags/example_kubernetes_executor_config.py took 0.121 seconds
[2021-11-29 16:29:06,945] {processor.py:163} INFO - Started process (PID=7419) to work on /usr/local/lib/python3.8/dist-packages/airflow/example_dags/example_kubernetes_executor_config.py
[2021-11-29 16:29:06,967] {processor.py:625} INFO - Processing file /usr/local/lib/python3.8/dist-packages/airflow/example_dags/example_kubernetes_executor_config.py for tasks to queue
[2021-11-29 16:29:06,968] {logging_mixin.py:109} INFO - [2021-11-29 16:29:06,968] {dagbag.py:500} INFO - Filling up the DagBag from /usr/local/lib/python3.8/dist-packages/airflow/example_dags/example_kubernetes_executor_config.py
[2021-11-29 16:29:06,977] {logging_mixin.py:109} INFO - [2021-11-29 16:29:06,976] {example_kubernetes_executor_config.py:171} WARNING - Could not import DAGs in example_kubernetes_executor_config.py: No module named 'kubernetes'
[2021-11-29 16:29:06,977] {logging_mixin.py:109} INFO - [2021-11-29 16:29:06,977] {example_kubernetes_executor_config.py:172} WARNING - Install kubernetes dependencies with: pip install apache-airflow['cncf.kubernetes']
[2021-11-29 16:29:06,994] {processor.py:639} WARNING - No viable dags retrieved from /usr/local/lib/python3.8/dist-packages/airflow/example_dags/example_kubernetes_executor_config.py
[2021-11-29 16:29:06,998] {processor.py:171} INFO - Processing /usr/local/lib/python3.8/dist-packages/airflow/example_dags/example_kubernetes_executor_config.py took 0.058 seconds
[2021-11-29 16:30:04,107] {processor.py:163} INFO - Started process (PID=7583) to work on /usr/local/lib/python3.8/dist-packages/airflow/example_dags/example_kubernetes_executor_config.py
[2021-11-29 16:30:04,213] {processor.py:625} INFO - Processing file /usr/local/lib/python3.8/dist-packages/airflow/example_dags/example_kubernetes_executor_config.py for tasks to queue
[2021-11-29 16:30:04,215] {logging_mixin.py:109} INFO - [2021-11-29 16:30:04,214] {dagbag.py:500} INFO - Filling up the DagBag from /usr/local/lib/python3.8/dist-packages/airflow/example_dags/example_kubernetes_executor_config.py
[2021-11-29 16:30:04,241] {logging_mixin.py:109} INFO - [2021-11-29 16:30:04,241] {example_kubernetes_executor_config.py:171} WARNING - Could not import DAGs in example_kubernetes_executor_config.py: No module named 'kubernetes'
[2021-11-29 16:30:04,241] {logging_mixin.py:109} INFO - [2021-11-29 16:30:04,241] {example_kubernetes_executor_config.py:172} WARNING - Install kubernetes dependencies with: pip install apache-airflow['cncf.kubernetes']
[2021-11-29 16:30:04,279] {processor.py:639} WARNING - No viable dags retrieved from /usr/local/lib/python3.8/dist-packages/airflow/example_dags/example_kubernetes_executor_config.py
[2021-11-29 16:30:04,283] {processor.py:171} INFO - Processing /usr/local/lib/python3.8/dist-packages/airflow/example_dags/example_kubernetes_executor_config.py took 0.191 seconds
[2021-11-29 16:31:01,166] {processor.py:163} INFO - Started process (PID=7746) to work on /usr/local/lib/python3.8/dist-packages/airflow/example_dags/example_kubernetes_executor_config.py
[2021-11-29 16:31:01,204] {processor.py:625} INFO - Processing file /usr/local/lib/python3.8/dist-packages/airflow/example_dags/example_kubernetes_executor_config.py for tasks to queue
[2021-11-29 16:31:01,205] {logging_mixin.py:109} INFO - [2021-11-29 16:31:01,205] {dagbag.py:500} INFO - Filling up the DagBag from /usr/local/lib/python3.8/dist-packages/airflow/example_dags/example_kubernetes_executor_config.py
[2021-11-29 16:31:01,232] {logging_mixin.py:109} INFO - [2021-11-29 16:31:01,232] {example_kubernetes_executor_config.py:171} WARNING - Could not import DAGs in example_kubernetes_executor_config.py: No module named 'kubernetes'
[2021-11-29 16:31:01,232] {logging_mixin.py:109} INFO - [2021-11-29 16:31:01,232] {example_kubernetes_executor_config.py:172} WARNING - Install kubernetes dependencies with: pip install apache-airflow['cncf.kubernetes']
[2021-11-29 16:31:01,272] {processor.py:639} WARNING - No viable dags retrieved from /usr/local/lib/python3.8/dist-packages/airflow/example_dags/example_kubernetes_executor_config.py
[2021-11-29 16:31:01,289] {processor.py:171} INFO - Processing /usr/local/lib/python3.8/dist-packages/airflow/example_dags/example_kubernetes_executor_config.py took 0.139 seconds
[2021-11-29 16:31:54,977] {processor.py:163} INFO - Started process (PID=7907) to work on /usr/local/lib/python3.8/dist-packages/airflow/example_dags/example_kubernetes_executor_config.py
[2021-11-29 16:31:54,998] {processor.py:625} INFO - Processing file /usr/local/lib/python3.8/dist-packages/airflow/example_dags/example_kubernetes_executor_config.py for tasks to queue
[2021-11-29 16:31:54,999] {logging_mixin.py:109} INFO - [2021-11-29 16:31:54,999] {dagbag.py:500} INFO - Filling up the DagBag from /usr/local/lib/python3.8/dist-packages/airflow/example_dags/example_kubernetes_executor_config.py
[2021-11-29 16:31:55,010] {logging_mixin.py:109} INFO - [2021-11-29 16:31:55,010] {example_kubernetes_executor_config.py:171} WARNING - Could not import DAGs in example_kubernetes_executor_config.py: No module named 'kubernetes'
[2021-11-29 16:31:55,010] {logging_mixin.py:109} INFO - [2021-11-29 16:31:55,010] {example_kubernetes_executor_config.py:172} WARNING - Install kubernetes dependencies with: pip install apache-airflow['cncf.kubernetes']
[2021-11-29 16:31:55,037] {processor.py:639} WARNING - No viable dags retrieved from /usr/local/lib/python3.8/dist-packages/airflow/example_dags/example_kubernetes_executor_config.py
[2021-11-29 16:31:55,042] {processor.py:171} INFO - Processing /usr/local/lib/python3.8/dist-packages/airflow/example_dags/example_kubernetes_executor_config.py took 0.081 seconds
[2021-11-29 16:32:51,531] {processor.py:163} INFO - Started process (PID=8076) to work on /usr/local/lib/python3.8/dist-packages/airflow/example_dags/example_kubernetes_executor_config.py
[2021-11-29 16:32:51,604] {processor.py:625} INFO - Processing file /usr/local/lib/python3.8/dist-packages/airflow/example_dags/example_kubernetes_executor_config.py for tasks to queue
[2021-11-29 16:32:51,605] {logging_mixin.py:109} INFO - [2021-11-29 16:32:51,605] {dagbag.py:500} INFO - Filling up the DagBag from /usr/local/lib/python3.8/dist-packages/airflow/example_dags/example_kubernetes_executor_config.py
[2021-11-29 16:32:51,632] {logging_mixin.py:109} INFO - [2021-11-29 16:32:51,631] {example_kubernetes_executor_config.py:171} WARNING - Could not import DAGs in example_kubernetes_executor_config.py: No module named 'kubernetes'
[2021-11-29 16:32:51,632] {logging_mixin.py:109} INFO - [2021-11-29 16:32:51,632] {example_kubernetes_executor_config.py:172} WARNING - Install kubernetes dependencies with: pip install apache-airflow['cncf.kubernetes']
[2021-11-29 16:32:51,684] {processor.py:639} WARNING - No viable dags retrieved from /usr/local/lib/python3.8/dist-packages/airflow/example_dags/example_kubernetes_executor_config.py
[2021-11-29 16:32:51,689] {processor.py:171} INFO - Processing /usr/local/lib/python3.8/dist-packages/airflow/example_dags/example_kubernetes_executor_config.py took 0.175 seconds
[2021-11-29 16:33:45,840] {processor.py:163} INFO - Started process (PID=8237) to work on /usr/local/lib/python3.8/dist-packages/airflow/example_dags/example_kubernetes_executor_config.py
[2021-11-29 16:33:45,856] {processor.py:625} INFO - Processing file /usr/local/lib/python3.8/dist-packages/airflow/example_dags/example_kubernetes_executor_config.py for tasks to queue
[2021-11-29 16:33:45,856] {logging_mixin.py:109} INFO - [2021-11-29 16:33:45,856] {dagbag.py:500} INFO - Filling up the DagBag from /usr/local/lib/python3.8/dist-packages/airflow/example_dags/example_kubernetes_executor_config.py
[2021-11-29 16:33:45,864] {logging_mixin.py:109} INFO - [2021-11-29 16:33:45,864] {example_kubernetes_executor_config.py:171} WARNING - Could not import DAGs in example_kubernetes_executor_config.py: No module named 'kubernetes'
[2021-11-29 16:33:45,864] {logging_mixin.py:109} INFO - [2021-11-29 16:33:45,864] {example_kubernetes_executor_config.py:172} WARNING - Install kubernetes dependencies with: pip install apache-airflow['cncf.kubernetes']
[2021-11-29 16:33:45,914] {processor.py:639} WARNING - No viable dags retrieved from /usr/local/lib/python3.8/dist-packages/airflow/example_dags/example_kubernetes_executor_config.py
[2021-11-29 16:33:45,922] {processor.py:171} INFO - Processing /usr/local/lib/python3.8/dist-packages/airflow/example_dags/example_kubernetes_executor_config.py took 0.098 seconds
[2021-11-29 16:34:41,415] {processor.py:163} INFO - Started process (PID=8400) to work on /usr/local/lib/python3.8/dist-packages/airflow/example_dags/example_kubernetes_executor_config.py
[2021-11-29 16:34:41,435] {processor.py:625} INFO - Processing file /usr/local/lib/python3.8/dist-packages/airflow/example_dags/example_kubernetes_executor_config.py for tasks to queue
[2021-11-29 16:34:41,436] {logging_mixin.py:109} INFO - [2021-11-29 16:34:41,436] {dagbag.py:500} INFO - Filling up the DagBag from /usr/local/lib/python3.8/dist-packages/airflow/example_dags/example_kubernetes_executor_config.py
[2021-11-29 16:34:41,457] {logging_mixin.py:109} INFO - [2021-11-29 16:34:41,457] {example_kubernetes_executor_config.py:171} WARNING - Could not import DAGs in example_kubernetes_executor_config.py: No module named 'kubernetes'
[2021-11-29 16:34:41,457] {logging_mixin.py:109} INFO - [2021-11-29 16:34:41,457] {example_kubernetes_executor_config.py:172} WARNING - Install kubernetes dependencies with: pip install apache-airflow['cncf.kubernetes']
[2021-11-29 16:34:41,497] {processor.py:639} WARNING - No viable dags retrieved from /usr/local/lib/python3.8/dist-packages/airflow/example_dags/example_kubernetes_executor_config.py
[2021-11-29 16:34:41,502] {processor.py:171} INFO - Processing /usr/local/lib/python3.8/dist-packages/airflow/example_dags/example_kubernetes_executor_config.py took 0.109 seconds
[2021-11-29 16:35:37,020] {processor.py:163} INFO - Started process (PID=8565) to work on /usr/local/lib/python3.8/dist-packages/airflow/example_dags/example_kubernetes_executor_config.py
[2021-11-29 16:35:37,042] {processor.py:625} INFO - Processing file /usr/local/lib/python3.8/dist-packages/airflow/example_dags/example_kubernetes_executor_config.py for tasks to queue
[2021-11-29 16:35:37,043] {logging_mixin.py:109} INFO - [2021-11-29 16:35:37,043] {dagbag.py:500} INFO - Filling up the DagBag from /usr/local/lib/python3.8/dist-packages/airflow/example_dags/example_kubernetes_executor_config.py
[2021-11-29 16:35:37,054] {logging_mixin.py:109} INFO - [2021-11-29 16:35:37,054] {example_kubernetes_executor_config.py:171} WARNING - Could not import DAGs in example_kubernetes_executor_config.py: No module named 'kubernetes'
[2021-11-29 16:35:37,065] {logging_mixin.py:109} INFO - [2021-11-29 16:35:37,055] {example_kubernetes_executor_config.py:172} WARNING - Install kubernetes dependencies with: pip install apache-airflow['cncf.kubernetes']
[2021-11-29 16:35:37,107] {processor.py:639} WARNING - No viable dags retrieved from /usr/local/lib/python3.8/dist-packages/airflow/example_dags/example_kubernetes_executor_config.py
[2021-11-29 16:35:37,112] {processor.py:171} INFO - Processing /usr/local/lib/python3.8/dist-packages/airflow/example_dags/example_kubernetes_executor_config.py took 0.108 seconds
[2021-11-29 16:36:34,179] {processor.py:163} INFO - Started process (PID=8719) to work on /usr/local/lib/python3.8/dist-packages/airflow/example_dags/example_kubernetes_executor_config.py
[2021-11-29 16:36:34,212] {processor.py:625} INFO - Processing file /usr/local/lib/python3.8/dist-packages/airflow/example_dags/example_kubernetes_executor_config.py for tasks to queue
[2021-11-29 16:36:34,213] {logging_mixin.py:109} INFO - [2021-11-29 16:36:34,213] {dagbag.py:500} INFO - Filling up the DagBag from /usr/local/lib/python3.8/dist-packages/airflow/example_dags/example_kubernetes_executor_config.py
[2021-11-29 16:36:34,221] {logging_mixin.py:109} INFO - [2021-11-29 16:36:34,221] {example_kubernetes_executor_config.py:171} WARNING - Could not import DAGs in example_kubernetes_executor_config.py: No module named 'kubernetes'
[2021-11-29 16:36:34,221] {logging_mixin.py:109} INFO - [2021-11-29 16:36:34,221] {example_kubernetes_executor_config.py:172} WARNING - Install kubernetes dependencies with: pip install apache-airflow['cncf.kubernetes']
[2021-11-29 16:36:34,262] {processor.py:639} WARNING - No viable dags retrieved from /usr/local/lib/python3.8/dist-packages/airflow/example_dags/example_kubernetes_executor_config.py
[2021-11-29 16:36:34,277] {processor.py:171} INFO - Processing /usr/local/lib/python3.8/dist-packages/airflow/example_dags/example_kubernetes_executor_config.py took 0.114 seconds
[2021-11-29 16:37:30,296] {processor.py:163} INFO - Started process (PID=8882) to work on /usr/local/lib/python3.8/dist-packages/airflow/example_dags/example_kubernetes_executor_config.py
[2021-11-29 16:37:30,313] {processor.py:625} INFO - Processing file /usr/local/lib/python3.8/dist-packages/airflow/example_dags/example_kubernetes_executor_config.py for tasks to queue
[2021-11-29 16:37:30,314] {logging_mixin.py:109} INFO - [2021-11-29 16:37:30,314] {dagbag.py:500} INFO - Filling up the DagBag from /usr/local/lib/python3.8/dist-packages/airflow/example_dags/example_kubernetes_executor_config.py
[2021-11-29 16:37:30,322] {logging_mixin.py:109} INFO - [2021-11-29 16:37:30,322] {example_kubernetes_executor_config.py:171} WARNING - Could not import DAGs in example_kubernetes_executor_config.py: No module named 'kubernetes'
[2021-11-29 16:37:30,322] {logging_mixin.py:109} INFO - [2021-11-29 16:37:30,322] {example_kubernetes_executor_config.py:172} WARNING - Install kubernetes dependencies with: pip install apache-airflow['cncf.kubernetes']
[2021-11-29 16:37:30,365] {processor.py:639} WARNING - No viable dags retrieved from /usr/local/lib/python3.8/dist-packages/airflow/example_dags/example_kubernetes_executor_config.py
[2021-11-29 16:37:30,381] {processor.py:171} INFO - Processing /usr/local/lib/python3.8/dist-packages/airflow/example_dags/example_kubernetes_executor_config.py took 0.099 seconds
[2021-11-29 16:38:26,617] {processor.py:163} INFO - Started process (PID=9049) to work on /usr/local/lib/python3.8/dist-packages/airflow/example_dags/example_kubernetes_executor_config.py
[2021-11-29 16:38:26,659] {processor.py:625} INFO - Processing file /usr/local/lib/python3.8/dist-packages/airflow/example_dags/example_kubernetes_executor_config.py for tasks to queue
[2021-11-29 16:38:26,660] {logging_mixin.py:109} INFO - [2021-11-29 16:38:26,660] {dagbag.py:500} INFO - Filling up the DagBag from /usr/local/lib/python3.8/dist-packages/airflow/example_dags/example_kubernetes_executor_config.py
[2021-11-29 16:38:26,681] {logging_mixin.py:109} INFO - [2021-11-29 16:38:26,681] {example_kubernetes_executor_config.py:171} WARNING - Could not import DAGs in example_kubernetes_executor_config.py: No module named 'kubernetes'
[2021-11-29 16:38:26,681] {logging_mixin.py:109} INFO - [2021-11-29 16:38:26,681] {example_kubernetes_executor_config.py:172} WARNING - Install kubernetes dependencies with: pip install apache-airflow['cncf.kubernetes']
[2021-11-29 16:38:26,731] {processor.py:639} WARNING - No viable dags retrieved from /usr/local/lib/python3.8/dist-packages/airflow/example_dags/example_kubernetes_executor_config.py
[2021-11-29 16:38:26,736] {processor.py:171} INFO - Processing /usr/local/lib/python3.8/dist-packages/airflow/example_dags/example_kubernetes_executor_config.py took 0.123 seconds
[2021-11-29 16:39:20,138] {processor.py:163} INFO - Started process (PID=9212) to work on /usr/local/lib/python3.8/dist-packages/airflow/example_dags/example_kubernetes_executor_config.py
[2021-11-29 16:39:20,191] {processor.py:625} INFO - Processing file /usr/local/lib/python3.8/dist-packages/airflow/example_dags/example_kubernetes_executor_config.py for tasks to queue
[2021-11-29 16:39:20,192] {logging_mixin.py:109} INFO - [2021-11-29 16:39:20,192] {dagbag.py:500} INFO - Filling up the DagBag from /usr/local/lib/python3.8/dist-packages/airflow/example_dags/example_kubernetes_executor_config.py
[2021-11-29 16:39:20,219] {logging_mixin.py:109} INFO - [2021-11-29 16:39:20,219] {example_kubernetes_executor_config.py:171} WARNING - Could not import DAGs in example_kubernetes_executor_config.py: No module named 'kubernetes'
[2021-11-29 16:39:20,219] {logging_mixin.py:109} INFO - [2021-11-29 16:39:20,219] {example_kubernetes_executor_config.py:172} WARNING - Install kubernetes dependencies with: pip install apache-airflow['cncf.kubernetes']
[2021-11-29 16:39:20,258] {processor.py:639} WARNING - No viable dags retrieved from /usr/local/lib/python3.8/dist-packages/airflow/example_dags/example_kubernetes_executor_config.py
[2021-11-29 16:39:20,288] {processor.py:171} INFO - Processing /usr/local/lib/python3.8/dist-packages/airflow/example_dags/example_kubernetes_executor_config.py took 0.155 seconds
[2021-11-29 16:40:15,884] {processor.py:163} INFO - Started process (PID=9378) to work on /usr/local/lib/python3.8/dist-packages/airflow/example_dags/example_kubernetes_executor_config.py
[2021-11-29 16:40:15,974] {processor.py:625} INFO - Processing file /usr/local/lib/python3.8/dist-packages/airflow/example_dags/example_kubernetes_executor_config.py for tasks to queue
[2021-11-29 16:40:15,975] {logging_mixin.py:109} INFO - [2021-11-29 16:40:15,975] {dagbag.py:500} INFO - Filling up the DagBag from /usr/local/lib/python3.8/dist-packages/airflow/example_dags/example_kubernetes_executor_config.py
[2021-11-29 16:40:15,983] {logging_mixin.py:109} INFO - [2021-11-29 16:40:15,983] {example_kubernetes_executor_config.py:171} WARNING - Could not import DAGs in example_kubernetes_executor_config.py: No module named 'kubernetes'
[2021-11-29 16:40:15,983] {logging_mixin.py:109} INFO - [2021-11-29 16:40:15,983] {example_kubernetes_executor_config.py:172} WARNING - Install kubernetes dependencies with: pip install apache-airflow['cncf.kubernetes']
[2021-11-29 16:40:16,020] {processor.py:639} WARNING - No viable dags retrieved from /usr/local/lib/python3.8/dist-packages/airflow/example_dags/example_kubernetes_executor_config.py
[2021-11-29 16:40:16,024] {processor.py:171} INFO - Processing /usr/local/lib/python3.8/dist-packages/airflow/example_dags/example_kubernetes_executor_config.py took 0.145 seconds
[2021-11-29 16:41:12,465] {processor.py:163} INFO - Started process (PID=9541) to work on /usr/local/lib/python3.8/dist-packages/airflow/example_dags/example_kubernetes_executor_config.py
[2021-11-29 16:41:12,534] {processor.py:625} INFO - Processing file /usr/local/lib/python3.8/dist-packages/airflow/example_dags/example_kubernetes_executor_config.py for tasks to queue
[2021-11-29 16:41:12,535] {logging_mixin.py:109} INFO - [2021-11-29 16:41:12,534] {dagbag.py:500} INFO - Filling up the DagBag from /usr/local/lib/python3.8/dist-packages/airflow/example_dags/example_kubernetes_executor_config.py
[2021-11-29 16:41:12,581] {logging_mixin.py:109} INFO - [2021-11-29 16:41:12,581] {example_kubernetes_executor_config.py:171} WARNING - Could not import DAGs in example_kubernetes_executor_config.py: No module named 'kubernetes'
[2021-11-29 16:41:12,581] {logging_mixin.py:109} INFO - [2021-11-29 16:41:12,581] {example_kubernetes_executor_config.py:172} WARNING - Install kubernetes dependencies with: pip install apache-airflow['cncf.kubernetes']
[2021-11-29 16:41:12,664] {processor.py:639} WARNING - No viable dags retrieved from /usr/local/lib/python3.8/dist-packages/airflow/example_dags/example_kubernetes_executor_config.py
[2021-11-29 16:41:12,669] {processor.py:171} INFO - Processing /usr/local/lib/python3.8/dist-packages/airflow/example_dags/example_kubernetes_executor_config.py took 0.221 seconds
[2021-11-29 16:42:14,703] {processor.py:163} INFO - Started process (PID=9714) to work on /usr/local/lib/python3.8/dist-packages/airflow/example_dags/example_kubernetes_executor_config.py
[2021-11-29 16:42:14,740] {processor.py:625} INFO - Processing file /usr/local/lib/python3.8/dist-packages/airflow/example_dags/example_kubernetes_executor_config.py for tasks to queue
[2021-11-29 16:42:14,741] {logging_mixin.py:109} INFO - [2021-11-29 16:42:14,741] {dagbag.py:500} INFO - Filling up the DagBag from /usr/local/lib/python3.8/dist-packages/airflow/example_dags/example_kubernetes_executor_config.py
[2021-11-29 16:42:14,751] {logging_mixin.py:109} INFO - [2021-11-29 16:42:14,749] {example_kubernetes_executor_config.py:171} WARNING - Could not import DAGs in example_kubernetes_executor_config.py: No module named 'kubernetes'
[2021-11-29 16:42:14,752] {logging_mixin.py:109} INFO - [2021-11-29 16:42:14,751] {example_kubernetes_executor_config.py:172} WARNING - Install kubernetes dependencies with: pip install apache-airflow['cncf.kubernetes']
[2021-11-29 16:42:14,794] {processor.py:639} WARNING - No viable dags retrieved from /usr/local/lib/python3.8/dist-packages/airflow/example_dags/example_kubernetes_executor_config.py
[2021-11-29 16:42:14,808] {processor.py:171} INFO - Processing /usr/local/lib/python3.8/dist-packages/airflow/example_dags/example_kubernetes_executor_config.py took 0.125 seconds
[2021-11-29 16:43:08,553] {processor.py:163} INFO - Started process (PID=9889) to work on /usr/local/lib/python3.8/dist-packages/airflow/example_dags/example_kubernetes_executor_config.py
[2021-11-29 16:43:08,590] {processor.py:625} INFO - Processing file /usr/local/lib/python3.8/dist-packages/airflow/example_dags/example_kubernetes_executor_config.py for tasks to queue
[2021-11-29 16:43:08,591] {logging_mixin.py:109} INFO - [2021-11-29 16:43:08,591] {dagbag.py:500} INFO - Filling up the DagBag from /usr/local/lib/python3.8/dist-packages/airflow/example_dags/example_kubernetes_executor_config.py
[2021-11-29 16:43:08,639] {logging_mixin.py:109} INFO - [2021-11-29 16:43:08,638] {example_kubernetes_executor_config.py:171} WARNING - Could not import DAGs in example_kubernetes_executor_config.py: No module named 'kubernetes'
[2021-11-29 16:43:08,639] {logging_mixin.py:109} INFO - [2021-11-29 16:43:08,639] {example_kubernetes_executor_config.py:172} WARNING - Install kubernetes dependencies with: pip install apache-airflow['cncf.kubernetes']
[2021-11-29 16:43:08,673] {processor.py:639} WARNING - No viable dags retrieved from /usr/local/lib/python3.8/dist-packages/airflow/example_dags/example_kubernetes_executor_config.py
[2021-11-29 16:43:08,712] {processor.py:171} INFO - Processing /usr/local/lib/python3.8/dist-packages/airflow/example_dags/example_kubernetes_executor_config.py took 0.164 seconds
[2021-11-29 16:44:01,697] {processor.py:163} INFO - Started process (PID=10048) to work on /usr/local/lib/python3.8/dist-packages/airflow/example_dags/example_kubernetes_executor_config.py
[2021-11-29 16:44:01,709] {processor.py:625} INFO - Processing file /usr/local/lib/python3.8/dist-packages/airflow/example_dags/example_kubernetes_executor_config.py for tasks to queue
[2021-11-29 16:44:01,710] {logging_mixin.py:109} INFO - [2021-11-29 16:44:01,709] {dagbag.py:500} INFO - Filling up the DagBag from /usr/local/lib/python3.8/dist-packages/airflow/example_dags/example_kubernetes_executor_config.py
[2021-11-29 16:44:01,724] {logging_mixin.py:109} INFO - [2021-11-29 16:44:01,723] {example_kubernetes_executor_config.py:171} WARNING - Could not import DAGs in example_kubernetes_executor_config.py: No module named 'kubernetes'
[2021-11-29 16:44:01,724] {logging_mixin.py:109} INFO - [2021-11-29 16:44:01,724] {example_kubernetes_executor_config.py:172} WARNING - Install kubernetes dependencies with: pip install apache-airflow['cncf.kubernetes']
[2021-11-29 16:44:01,756] {processor.py:639} WARNING - No viable dags retrieved from /usr/local/lib/python3.8/dist-packages/airflow/example_dags/example_kubernetes_executor_config.py
[2021-11-29 16:44:01,761] {processor.py:171} INFO - Processing /usr/local/lib/python3.8/dist-packages/airflow/example_dags/example_kubernetes_executor_config.py took 0.081 seconds
[2021-11-29 16:44:59,494] {processor.py:163} INFO - Started process (PID=10218) to work on /usr/local/lib/python3.8/dist-packages/airflow/example_dags/example_kubernetes_executor_config.py
[2021-11-29 16:44:59,505] {processor.py:625} INFO - Processing file /usr/local/lib/python3.8/dist-packages/airflow/example_dags/example_kubernetes_executor_config.py for tasks to queue
[2021-11-29 16:44:59,506] {logging_mixin.py:109} INFO - [2021-11-29 16:44:59,506] {dagbag.py:500} INFO - Filling up the DagBag from /usr/local/lib/python3.8/dist-packages/airflow/example_dags/example_kubernetes_executor_config.py
[2021-11-29 16:44:59,514] {logging_mixin.py:109} INFO - [2021-11-29 16:44:59,514] {example_kubernetes_executor_config.py:171} WARNING - Could not import DAGs in example_kubernetes_executor_config.py: No module named 'kubernetes'
[2021-11-29 16:44:59,514] {logging_mixin.py:109} INFO - [2021-11-29 16:44:59,514] {example_kubernetes_executor_config.py:172} WARNING - Install kubernetes dependencies with: pip install apache-airflow['cncf.kubernetes']
[2021-11-29 16:44:59,549] {processor.py:639} WARNING - No viable dags retrieved from /usr/local/lib/python3.8/dist-packages/airflow/example_dags/example_kubernetes_executor_config.py
[2021-11-29 16:44:59,554] {processor.py:171} INFO - Processing /usr/local/lib/python3.8/dist-packages/airflow/example_dags/example_kubernetes_executor_config.py took 0.065 seconds
[2021-11-29 16:45:56,889] {processor.py:163} INFO - Started process (PID=10389) to work on /usr/local/lib/python3.8/dist-packages/airflow/example_dags/example_kubernetes_executor_config.py
[2021-11-29 16:45:56,905] {processor.py:625} INFO - Processing file /usr/local/lib/python3.8/dist-packages/airflow/example_dags/example_kubernetes_executor_config.py for tasks to queue
[2021-11-29 16:45:56,906] {logging_mixin.py:109} INFO - [2021-11-29 16:45:56,905] {dagbag.py:500} INFO - Filling up the DagBag from /usr/local/lib/python3.8/dist-packages/airflow/example_dags/example_kubernetes_executor_config.py
[2021-11-29 16:45:56,927] {logging_mixin.py:109} INFO - [2021-11-29 16:45:56,927] {example_kubernetes_executor_config.py:171} WARNING - Could not import DAGs in example_kubernetes_executor_config.py: No module named 'kubernetes'
[2021-11-29 16:45:56,928] {logging_mixin.py:109} INFO - [2021-11-29 16:45:56,928] {example_kubernetes_executor_config.py:172} WARNING - Install kubernetes dependencies with: pip install apache-airflow['cncf.kubernetes']
[2021-11-29 16:45:56,962] {processor.py:639} WARNING - No viable dags retrieved from /usr/local/lib/python3.8/dist-packages/airflow/example_dags/example_kubernetes_executor_config.py
[2021-11-29 16:45:56,984] {processor.py:171} INFO - Processing /usr/local/lib/python3.8/dist-packages/airflow/example_dags/example_kubernetes_executor_config.py took 0.100 seconds
