[2021-11-29 16:15:26,836] {processor.py:163} INFO - Started process (PID=4967) to work on /usr/local/lib/python3.8/dist-packages/airflow/example_dags/example_subdag_operator.py
[2021-11-29 16:15:26,837] {processor.py:625} INFO - Processing file /usr/local/lib/python3.8/dist-packages/airflow/example_dags/example_subdag_operator.py for tasks to queue
[2021-11-29 16:15:26,838] {logging_mixin.py:109} INFO - [2021-11-29 16:15:26,838] {dagbag.py:500} INFO - Filling up the DagBag from /usr/local/lib/python3.8/dist-packages/airflow/example_dags/example_subdag_operator.py
[2021-11-29 16:15:26,918] {processor.py:637} INFO - DAG(s) dict_keys(['example_subdag_operator.section-1', 'example_subdag_operator.section-2', 'example_subdag_operator']) retrieved from /usr/local/lib/python3.8/dist-packages/airflow/example_dags/example_subdag_operator.py
[2021-11-29 16:15:26,924] {logging_mixin.py:109} WARNING - /usr/local/lib/python3.8/dist-packages/airflow/models/serialized_dag.py:120 SAWarning: TypeDecorator UtcDateTime(timezone=True) will not produce a cache key because the ``cache_ok`` flag is not set to True.  Set this flag to True if this type object's state is safe to use in a cache key, or False to disable this warning.
[2021-11-29 16:15:26,940] {logging_mixin.py:109} INFO - [2021-11-29 16:15:26,940] {dag.py:2396} INFO - Sync 3 DAGs
[2021-11-29 16:15:26,963] {logging_mixin.py:109} WARNING - /usr/local/lib/python3.8/dist-packages/airflow/models/dag.py:2433 SAWarning: TypeDecorator UtcDateTime(timezone=True) will not produce a cache key because the ``cache_ok`` flag is not set to True.  Set this flag to True if this type object's state is safe to use in a cache key, or False to disable this warning.
[2021-11-29 16:15:26,979] {logging_mixin.py:109} INFO - [2021-11-29 16:15:26,978] {dag.py:2928} INFO - Setting next_dagrun for example_subdag_operator to 2021-11-27T00:00:00+00:00
[2021-11-29 16:15:26,979] {logging_mixin.py:109} INFO - [2021-11-29 16:15:26,979] {dag.py:2928} INFO - Setting next_dagrun for example_subdag_operator.section-1 to None
[2021-11-29 16:15:26,980] {logging_mixin.py:109} INFO - [2021-11-29 16:15:26,980] {dag.py:2928} INFO - Setting next_dagrun for example_subdag_operator.section-2 to None
[2021-11-29 16:15:26,989] {logging_mixin.py:109} INFO - [2021-11-29 16:15:26,989] {dag.py:2396} INFO - Sync 2 DAGs
[2021-11-29 16:15:27,002] {logging_mixin.py:109} INFO - [2021-11-29 16:15:27,001] {dag.py:2928} INFO - Setting next_dagrun for example_subdag_operator.section-1 to None
[2021-11-29 16:15:27,002] {logging_mixin.py:109} INFO - [2021-11-29 16:15:27,002] {dag.py:2928} INFO - Setting next_dagrun for example_subdag_operator.section-2 to None
[2021-11-29 16:15:27,201] {processor.py:171} INFO - Processing /usr/local/lib/python3.8/dist-packages/airflow/example_dags/example_subdag_operator.py took 0.380 seconds
[2021-11-29 16:16:33,257] {processor.py:163} INFO - Started process (PID=5150) to work on /usr/local/lib/python3.8/dist-packages/airflow/example_dags/example_subdag_operator.py
[2021-11-29 16:16:33,265] {processor.py:625} INFO - Processing file /usr/local/lib/python3.8/dist-packages/airflow/example_dags/example_subdag_operator.py for tasks to queue
[2021-11-29 16:16:33,266] {logging_mixin.py:109} INFO - [2021-11-29 16:16:33,266] {dagbag.py:500} INFO - Filling up the DagBag from /usr/local/lib/python3.8/dist-packages/airflow/example_dags/example_subdag_operator.py
[2021-11-29 16:16:33,352] {processor.py:637} INFO - DAG(s) dict_keys(['example_subdag_operator.section-1', 'example_subdag_operator.section-2', 'example_subdag_operator']) retrieved from /usr/local/lib/python3.8/dist-packages/airflow/example_dags/example_subdag_operator.py
[2021-11-29 16:16:33,359] {logging_mixin.py:109} WARNING - /usr/local/lib/python3.8/dist-packages/airflow/models/serialized_dag.py:120 SAWarning: TypeDecorator UtcDateTime(timezone=True) will not produce a cache key because the ``cache_ok`` flag is not set to True.  Set this flag to True if this type object's state is safe to use in a cache key, or False to disable this warning.
[2021-11-29 16:16:33,378] {logging_mixin.py:109} INFO - [2021-11-29 16:16:33,378] {dag.py:2396} INFO - Sync 3 DAGs
[2021-11-29 16:16:33,397] {logging_mixin.py:109} WARNING - /usr/local/lib/python3.8/dist-packages/airflow/models/dag.py:2433 SAWarning: TypeDecorator UtcDateTime(timezone=True) will not produce a cache key because the ``cache_ok`` flag is not set to True.  Set this flag to True if this type object's state is safe to use in a cache key, or False to disable this warning.
[2021-11-29 16:16:33,409] {logging_mixin.py:109} INFO - [2021-11-29 16:16:33,409] {dag.py:2928} INFO - Setting next_dagrun for example_subdag_operator to 2021-11-27T00:00:00+00:00
[2021-11-29 16:16:33,409] {logging_mixin.py:109} INFO - [2021-11-29 16:16:33,409] {dag.py:2928} INFO - Setting next_dagrun for example_subdag_operator.section-1 to None
[2021-11-29 16:16:33,409] {logging_mixin.py:109} INFO - [2021-11-29 16:16:33,409] {dag.py:2928} INFO - Setting next_dagrun for example_subdag_operator.section-2 to None
[2021-11-29 16:16:33,425] {logging_mixin.py:109} INFO - [2021-11-29 16:16:33,425] {dag.py:2396} INFO - Sync 2 DAGs
[2021-11-29 16:16:33,440] {logging_mixin.py:109} INFO - [2021-11-29 16:16:33,440] {dag.py:2928} INFO - Setting next_dagrun for example_subdag_operator.section-1 to None
[2021-11-29 16:16:33,441] {logging_mixin.py:109} INFO - [2021-11-29 16:16:33,441] {dag.py:2928} INFO - Setting next_dagrun for example_subdag_operator.section-2 to None
[2021-11-29 16:16:33,691] {processor.py:171} INFO - Processing /usr/local/lib/python3.8/dist-packages/airflow/example_dags/example_subdag_operator.py took 0.451 seconds
[2021-11-29 16:17:29,794] {processor.py:163} INFO - Started process (PID=5330) to work on /usr/local/lib/python3.8/dist-packages/airflow/example_dags/example_subdag_operator.py
[2021-11-29 16:17:29,825] {processor.py:625} INFO - Processing file /usr/local/lib/python3.8/dist-packages/airflow/example_dags/example_subdag_operator.py for tasks to queue
[2021-11-29 16:17:29,826] {logging_mixin.py:109} INFO - [2021-11-29 16:17:29,826] {dagbag.py:500} INFO - Filling up the DagBag from /usr/local/lib/python3.8/dist-packages/airflow/example_dags/example_subdag_operator.py
[2021-11-29 16:17:29,916] {processor.py:637} INFO - DAG(s) dict_keys(['example_subdag_operator.section-1', 'example_subdag_operator.section-2', 'example_subdag_operator']) retrieved from /usr/local/lib/python3.8/dist-packages/airflow/example_dags/example_subdag_operator.py
[2021-11-29 16:17:29,922] {logging_mixin.py:109} WARNING - /usr/local/lib/python3.8/dist-packages/airflow/models/serialized_dag.py:120 SAWarning: TypeDecorator UtcDateTime(timezone=True) will not produce a cache key because the ``cache_ok`` flag is not set to True.  Set this flag to True if this type object's state is safe to use in a cache key, or False to disable this warning.
[2021-11-29 16:17:29,938] {logging_mixin.py:109} INFO - [2021-11-29 16:17:29,938] {dag.py:2396} INFO - Sync 3 DAGs
[2021-11-29 16:17:29,955] {logging_mixin.py:109} WARNING - /usr/local/lib/python3.8/dist-packages/airflow/models/dag.py:2433 SAWarning: TypeDecorator UtcDateTime(timezone=True) will not produce a cache key because the ``cache_ok`` flag is not set to True.  Set this flag to True if this type object's state is safe to use in a cache key, or False to disable this warning.
[2021-11-29 16:17:29,970] {logging_mixin.py:109} INFO - [2021-11-29 16:17:29,970] {dag.py:2928} INFO - Setting next_dagrun for example_subdag_operator to 2021-11-27T00:00:00+00:00
[2021-11-29 16:17:29,971] {logging_mixin.py:109} INFO - [2021-11-29 16:17:29,970] {dag.py:2928} INFO - Setting next_dagrun for example_subdag_operator.section-1 to None
[2021-11-29 16:17:29,971] {logging_mixin.py:109} INFO - [2021-11-29 16:17:29,971] {dag.py:2928} INFO - Setting next_dagrun for example_subdag_operator.section-2 to None
[2021-11-29 16:17:29,979] {logging_mixin.py:109} INFO - [2021-11-29 16:17:29,979] {dag.py:2396} INFO - Sync 2 DAGs
[2021-11-29 16:17:29,990] {logging_mixin.py:109} INFO - [2021-11-29 16:17:29,990] {dag.py:2928} INFO - Setting next_dagrun for example_subdag_operator.section-1 to None
[2021-11-29 16:17:29,990] {logging_mixin.py:109} INFO - [2021-11-29 16:17:29,990] {dag.py:2928} INFO - Setting next_dagrun for example_subdag_operator.section-2 to None
[2021-11-29 16:17:30,158] {processor.py:171} INFO - Processing /usr/local/lib/python3.8/dist-packages/airflow/example_dags/example_subdag_operator.py took 0.368 seconds
[2021-11-29 16:18:24,744] {processor.py:163} INFO - Started process (PID=5499) to work on /usr/local/lib/python3.8/dist-packages/airflow/example_dags/example_subdag_operator.py
[2021-11-29 16:18:24,762] {processor.py:625} INFO - Processing file /usr/local/lib/python3.8/dist-packages/airflow/example_dags/example_subdag_operator.py for tasks to queue
[2021-11-29 16:18:24,763] {logging_mixin.py:109} INFO - [2021-11-29 16:18:24,763] {dagbag.py:500} INFO - Filling up the DagBag from /usr/local/lib/python3.8/dist-packages/airflow/example_dags/example_subdag_operator.py
[2021-11-29 16:18:24,849] {processor.py:637} INFO - DAG(s) dict_keys(['example_subdag_operator.section-1', 'example_subdag_operator.section-2', 'example_subdag_operator']) retrieved from /usr/local/lib/python3.8/dist-packages/airflow/example_dags/example_subdag_operator.py
[2021-11-29 16:18:24,865] {logging_mixin.py:109} WARNING - /usr/local/lib/python3.8/dist-packages/airflow/models/serialized_dag.py:120 SAWarning: TypeDecorator UtcDateTime(timezone=True) will not produce a cache key because the ``cache_ok`` flag is not set to True.  Set this flag to True if this type object's state is safe to use in a cache key, or False to disable this warning.
[2021-11-29 16:18:24,891] {logging_mixin.py:109} INFO - [2021-11-29 16:18:24,891] {dag.py:2396} INFO - Sync 3 DAGs
[2021-11-29 16:18:24,927] {logging_mixin.py:109} WARNING - /usr/local/lib/python3.8/dist-packages/airflow/models/dag.py:2433 SAWarning: TypeDecorator UtcDateTime(timezone=True) will not produce a cache key because the ``cache_ok`` flag is not set to True.  Set this flag to True if this type object's state is safe to use in a cache key, or False to disable this warning.
[2021-11-29 16:18:24,948] {logging_mixin.py:109} INFO - [2021-11-29 16:18:24,947] {dag.py:2928} INFO - Setting next_dagrun for example_subdag_operator to 2021-11-27T00:00:00+00:00
[2021-11-29 16:18:24,948] {logging_mixin.py:109} INFO - [2021-11-29 16:18:24,948] {dag.py:2928} INFO - Setting next_dagrun for example_subdag_operator.section-1 to None
[2021-11-29 16:18:24,948] {logging_mixin.py:109} INFO - [2021-11-29 16:18:24,948] {dag.py:2928} INFO - Setting next_dagrun for example_subdag_operator.section-2 to None
[2021-11-29 16:18:24,956] {logging_mixin.py:109} INFO - [2021-11-29 16:18:24,956] {dag.py:2396} INFO - Sync 2 DAGs
[2021-11-29 16:18:24,968] {logging_mixin.py:109} INFO - [2021-11-29 16:18:24,968] {dag.py:2928} INFO - Setting next_dagrun for example_subdag_operator.section-1 to None
[2021-11-29 16:18:24,969] {logging_mixin.py:109} INFO - [2021-11-29 16:18:24,969] {dag.py:2928} INFO - Setting next_dagrun for example_subdag_operator.section-2 to None
[2021-11-29 16:18:25,175] {processor.py:171} INFO - Processing /usr/local/lib/python3.8/dist-packages/airflow/example_dags/example_subdag_operator.py took 0.436 seconds
[2021-11-29 16:19:22,529] {processor.py:163} INFO - Started process (PID=5667) to work on /usr/local/lib/python3.8/dist-packages/airflow/example_dags/example_subdag_operator.py
[2021-11-29 16:19:22,575] {processor.py:625} INFO - Processing file /usr/local/lib/python3.8/dist-packages/airflow/example_dags/example_subdag_operator.py for tasks to queue
[2021-11-29 16:19:22,576] {logging_mixin.py:109} INFO - [2021-11-29 16:19:22,576] {dagbag.py:500} INFO - Filling up the DagBag from /usr/local/lib/python3.8/dist-packages/airflow/example_dags/example_subdag_operator.py
[2021-11-29 16:19:22,679] {processor.py:637} INFO - DAG(s) dict_keys(['example_subdag_operator.section-1', 'example_subdag_operator.section-2', 'example_subdag_operator']) retrieved from /usr/local/lib/python3.8/dist-packages/airflow/example_dags/example_subdag_operator.py
[2021-11-29 16:19:22,705] {logging_mixin.py:109} WARNING - /usr/local/lib/python3.8/dist-packages/airflow/models/serialized_dag.py:120 SAWarning: TypeDecorator UtcDateTime(timezone=True) will not produce a cache key because the ``cache_ok`` flag is not set to True.  Set this flag to True if this type object's state is safe to use in a cache key, or False to disable this warning.
[2021-11-29 16:19:22,731] {logging_mixin.py:109} INFO - [2021-11-29 16:19:22,731] {dag.py:2396} INFO - Sync 3 DAGs
[2021-11-29 16:19:22,769] {logging_mixin.py:109} WARNING - /usr/local/lib/python3.8/dist-packages/airflow/models/dag.py:2433 SAWarning: TypeDecorator UtcDateTime(timezone=True) will not produce a cache key because the ``cache_ok`` flag is not set to True.  Set this flag to True if this type object's state is safe to use in a cache key, or False to disable this warning.
[2021-11-29 16:19:22,790] {logging_mixin.py:109} INFO - [2021-11-29 16:19:22,790] {dag.py:2928} INFO - Setting next_dagrun for example_subdag_operator to 2021-11-27T00:00:00+00:00
[2021-11-29 16:19:22,790] {logging_mixin.py:109} INFO - [2021-11-29 16:19:22,790] {dag.py:2928} INFO - Setting next_dagrun for example_subdag_operator.section-1 to None
[2021-11-29 16:19:22,791] {logging_mixin.py:109} INFO - [2021-11-29 16:19:22,791] {dag.py:2928} INFO - Setting next_dagrun for example_subdag_operator.section-2 to None
[2021-11-29 16:19:22,811] {logging_mixin.py:109} INFO - [2021-11-29 16:19:22,810] {dag.py:2396} INFO - Sync 2 DAGs
[2021-11-29 16:19:22,832] {logging_mixin.py:109} INFO - [2021-11-29 16:19:22,832] {dag.py:2928} INFO - Setting next_dagrun for example_subdag_operator.section-1 to None
[2021-11-29 16:19:22,832] {logging_mixin.py:109} INFO - [2021-11-29 16:19:22,832] {dag.py:2928} INFO - Setting next_dagrun for example_subdag_operator.section-2 to None
[2021-11-29 16:19:23,355] {processor.py:171} INFO - Processing /usr/local/lib/python3.8/dist-packages/airflow/example_dags/example_subdag_operator.py took 0.843 seconds
[2021-11-29 16:20:17,563] {processor.py:163} INFO - Started process (PID=5836) to work on /usr/local/lib/python3.8/dist-packages/airflow/example_dags/example_subdag_operator.py
[2021-11-29 16:20:17,575] {processor.py:625} INFO - Processing file /usr/local/lib/python3.8/dist-packages/airflow/example_dags/example_subdag_operator.py for tasks to queue
[2021-11-29 16:20:17,576] {logging_mixin.py:109} INFO - [2021-11-29 16:20:17,576] {dagbag.py:500} INFO - Filling up the DagBag from /usr/local/lib/python3.8/dist-packages/airflow/example_dags/example_subdag_operator.py
[2021-11-29 16:20:17,640] {processor.py:637} INFO - DAG(s) dict_keys(['example_subdag_operator.section-1', 'example_subdag_operator.section-2', 'example_subdag_operator']) retrieved from /usr/local/lib/python3.8/dist-packages/airflow/example_dags/example_subdag_operator.py
[2021-11-29 16:20:17,656] {logging_mixin.py:109} WARNING - /usr/local/lib/python3.8/dist-packages/airflow/models/serialized_dag.py:120 SAWarning: TypeDecorator UtcDateTime(timezone=True) will not produce a cache key because the ``cache_ok`` flag is not set to True.  Set this flag to True if this type object's state is safe to use in a cache key, or False to disable this warning.
[2021-11-29 16:20:17,695] {logging_mixin.py:109} INFO - [2021-11-29 16:20:17,695] {dag.py:2396} INFO - Sync 3 DAGs
[2021-11-29 16:20:17,722] {logging_mixin.py:109} WARNING - /usr/local/lib/python3.8/dist-packages/airflow/models/dag.py:2433 SAWarning: TypeDecorator UtcDateTime(timezone=True) will not produce a cache key because the ``cache_ok`` flag is not set to True.  Set this flag to True if this type object's state is safe to use in a cache key, or False to disable this warning.
[2021-11-29 16:20:17,755] {logging_mixin.py:109} INFO - [2021-11-29 16:20:17,754] {dag.py:2928} INFO - Setting next_dagrun for example_subdag_operator to 2021-11-27T00:00:00+00:00
[2021-11-29 16:20:17,765] {logging_mixin.py:109} INFO - [2021-11-29 16:20:17,765] {dag.py:2928} INFO - Setting next_dagrun for example_subdag_operator.section-1 to None
[2021-11-29 16:20:17,766] {logging_mixin.py:109} INFO - [2021-11-29 16:20:17,766] {dag.py:2928} INFO - Setting next_dagrun for example_subdag_operator.section-2 to None
[2021-11-29 16:20:17,776] {logging_mixin.py:109} INFO - [2021-11-29 16:20:17,776] {dag.py:2396} INFO - Sync 2 DAGs
[2021-11-29 16:20:17,805] {logging_mixin.py:109} INFO - [2021-11-29 16:20:17,805] {dag.py:2928} INFO - Setting next_dagrun for example_subdag_operator.section-1 to None
[2021-11-29 16:20:17,806] {logging_mixin.py:109} INFO - [2021-11-29 16:20:17,806] {dag.py:2928} INFO - Setting next_dagrun for example_subdag_operator.section-2 to None
[2021-11-29 16:20:18,067] {processor.py:171} INFO - Processing /usr/local/lib/python3.8/dist-packages/airflow/example_dags/example_subdag_operator.py took 0.507 seconds
[2021-11-29 16:21:11,126] {processor.py:163} INFO - Started process (PID=6009) to work on /usr/local/lib/python3.8/dist-packages/airflow/example_dags/example_subdag_operator.py
[2021-11-29 16:21:11,210] {processor.py:625} INFO - Processing file /usr/local/lib/python3.8/dist-packages/airflow/example_dags/example_subdag_operator.py for tasks to queue
[2021-11-29 16:21:11,211] {logging_mixin.py:109} INFO - [2021-11-29 16:21:11,211] {dagbag.py:500} INFO - Filling up the DagBag from /usr/local/lib/python3.8/dist-packages/airflow/example_dags/example_subdag_operator.py
[2021-11-29 16:21:11,309] {processor.py:637} INFO - DAG(s) dict_keys(['example_subdag_operator.section-1', 'example_subdag_operator.section-2', 'example_subdag_operator']) retrieved from /usr/local/lib/python3.8/dist-packages/airflow/example_dags/example_subdag_operator.py
[2021-11-29 16:21:11,327] {logging_mixin.py:109} WARNING - /usr/local/lib/python3.8/dist-packages/airflow/models/serialized_dag.py:120 SAWarning: TypeDecorator UtcDateTime(timezone=True) will not produce a cache key because the ``cache_ok`` flag is not set to True.  Set this flag to True if this type object's state is safe to use in a cache key, or False to disable this warning.
[2021-11-29 16:21:11,363] {logging_mixin.py:109} INFO - [2021-11-29 16:21:11,363] {dag.py:2396} INFO - Sync 3 DAGs
[2021-11-29 16:21:11,415] {logging_mixin.py:109} WARNING - /usr/local/lib/python3.8/dist-packages/airflow/models/dag.py:2433 SAWarning: TypeDecorator UtcDateTime(timezone=True) will not produce a cache key because the ``cache_ok`` flag is not set to True.  Set this flag to True if this type object's state is safe to use in a cache key, or False to disable this warning.
[2021-11-29 16:21:11,469] {logging_mixin.py:109} INFO - [2021-11-29 16:21:11,469] {dag.py:2928} INFO - Setting next_dagrun for example_subdag_operator to 2021-11-27T00:00:00+00:00
[2021-11-29 16:21:11,469] {logging_mixin.py:109} INFO - [2021-11-29 16:21:11,469] {dag.py:2928} INFO - Setting next_dagrun for example_subdag_operator.section-1 to None
[2021-11-29 16:21:11,469] {logging_mixin.py:109} INFO - [2021-11-29 16:21:11,469] {dag.py:2928} INFO - Setting next_dagrun for example_subdag_operator.section-2 to None
[2021-11-29 16:21:11,502] {logging_mixin.py:109} INFO - [2021-11-29 16:21:11,502] {dag.py:2396} INFO - Sync 2 DAGs
[2021-11-29 16:21:11,521] {logging_mixin.py:109} INFO - [2021-11-29 16:21:11,521] {dag.py:2928} INFO - Setting next_dagrun for example_subdag_operator.section-1 to None
[2021-11-29 16:21:11,522] {logging_mixin.py:109} INFO - [2021-11-29 16:21:11,522] {dag.py:2928} INFO - Setting next_dagrun for example_subdag_operator.section-2 to None
[2021-11-29 16:21:11,733] {processor.py:171} INFO - Processing /usr/local/lib/python3.8/dist-packages/airflow/example_dags/example_subdag_operator.py took 0.622 seconds
[2021-11-29 16:22:08,656] {processor.py:163} INFO - Started process (PID=6187) to work on /usr/local/lib/python3.8/dist-packages/airflow/example_dags/example_subdag_operator.py
[2021-11-29 16:22:08,658] {processor.py:625} INFO - Processing file /usr/local/lib/python3.8/dist-packages/airflow/example_dags/example_subdag_operator.py for tasks to queue
[2021-11-29 16:22:08,659] {logging_mixin.py:109} INFO - [2021-11-29 16:22:08,659] {dagbag.py:500} INFO - Filling up the DagBag from /usr/local/lib/python3.8/dist-packages/airflow/example_dags/example_subdag_operator.py
[2021-11-29 16:22:08,745] {processor.py:637} INFO - DAG(s) dict_keys(['example_subdag_operator.section-1', 'example_subdag_operator.section-2', 'example_subdag_operator']) retrieved from /usr/local/lib/python3.8/dist-packages/airflow/example_dags/example_subdag_operator.py
[2021-11-29 16:22:08,766] {logging_mixin.py:109} WARNING - /usr/local/lib/python3.8/dist-packages/airflow/models/serialized_dag.py:120 SAWarning: TypeDecorator UtcDateTime(timezone=True) will not produce a cache key because the ``cache_ok`` flag is not set to True.  Set this flag to True if this type object's state is safe to use in a cache key, or False to disable this warning.
[2021-11-29 16:22:08,785] {logging_mixin.py:109} INFO - [2021-11-29 16:22:08,785] {dag.py:2396} INFO - Sync 3 DAGs
[2021-11-29 16:22:08,807] {logging_mixin.py:109} WARNING - /usr/local/lib/python3.8/dist-packages/airflow/models/dag.py:2433 SAWarning: TypeDecorator UtcDateTime(timezone=True) will not produce a cache key because the ``cache_ok`` flag is not set to True.  Set this flag to True if this type object's state is safe to use in a cache key, or False to disable this warning.
[2021-11-29 16:22:08,821] {logging_mixin.py:109} INFO - [2021-11-29 16:22:08,821] {dag.py:2928} INFO - Setting next_dagrun for example_subdag_operator to 2021-11-27T00:00:00+00:00
[2021-11-29 16:22:08,822] {logging_mixin.py:109} INFO - [2021-11-29 16:22:08,822] {dag.py:2928} INFO - Setting next_dagrun for example_subdag_operator.section-1 to None
[2021-11-29 16:22:08,822] {logging_mixin.py:109} INFO - [2021-11-29 16:22:08,822] {dag.py:2928} INFO - Setting next_dagrun for example_subdag_operator.section-2 to None
[2021-11-29 16:22:08,832] {logging_mixin.py:109} INFO - [2021-11-29 16:22:08,831] {dag.py:2396} INFO - Sync 2 DAGs
[2021-11-29 16:22:08,844] {logging_mixin.py:109} INFO - [2021-11-29 16:22:08,844] {dag.py:2928} INFO - Setting next_dagrun for example_subdag_operator.section-1 to None
[2021-11-29 16:22:08,845] {logging_mixin.py:109} INFO - [2021-11-29 16:22:08,845] {dag.py:2928} INFO - Setting next_dagrun for example_subdag_operator.section-2 to None
[2021-11-29 16:22:09,077] {processor.py:171} INFO - Processing /usr/local/lib/python3.8/dist-packages/airflow/example_dags/example_subdag_operator.py took 0.438 seconds
[2021-11-29 16:23:04,564] {processor.py:163} INFO - Started process (PID=6361) to work on /usr/local/lib/python3.8/dist-packages/airflow/example_dags/example_subdag_operator.py
[2021-11-29 16:23:04,606] {processor.py:625} INFO - Processing file /usr/local/lib/python3.8/dist-packages/airflow/example_dags/example_subdag_operator.py for tasks to queue
[2021-11-29 16:23:04,606] {logging_mixin.py:109} INFO - [2021-11-29 16:23:04,606] {dagbag.py:500} INFO - Filling up the DagBag from /usr/local/lib/python3.8/dist-packages/airflow/example_dags/example_subdag_operator.py
[2021-11-29 16:23:04,697] {processor.py:637} INFO - DAG(s) dict_keys(['example_subdag_operator.section-1', 'example_subdag_operator.section-2', 'example_subdag_operator']) retrieved from /usr/local/lib/python3.8/dist-packages/airflow/example_dags/example_subdag_operator.py
[2021-11-29 16:23:04,703] {logging_mixin.py:109} WARNING - /usr/local/lib/python3.8/dist-packages/airflow/models/serialized_dag.py:120 SAWarning: TypeDecorator UtcDateTime(timezone=True) will not produce a cache key because the ``cache_ok`` flag is not set to True.  Set this flag to True if this type object's state is safe to use in a cache key, or False to disable this warning.
[2021-11-29 16:23:04,718] {logging_mixin.py:109} INFO - [2021-11-29 16:23:04,718] {dag.py:2396} INFO - Sync 3 DAGs
[2021-11-29 16:23:04,738] {logging_mixin.py:109} WARNING - /usr/local/lib/python3.8/dist-packages/airflow/models/dag.py:2433 SAWarning: TypeDecorator UtcDateTime(timezone=True) will not produce a cache key because the ``cache_ok`` flag is not set to True.  Set this flag to True if this type object's state is safe to use in a cache key, or False to disable this warning.
[2021-11-29 16:23:04,749] {logging_mixin.py:109} INFO - [2021-11-29 16:23:04,749] {dag.py:2928} INFO - Setting next_dagrun for example_subdag_operator to 2021-11-27T00:00:00+00:00
[2021-11-29 16:23:04,749] {logging_mixin.py:109} INFO - [2021-11-29 16:23:04,749] {dag.py:2928} INFO - Setting next_dagrun for example_subdag_operator.section-1 to None
[2021-11-29 16:23:04,750] {logging_mixin.py:109} INFO - [2021-11-29 16:23:04,750] {dag.py:2928} INFO - Setting next_dagrun for example_subdag_operator.section-2 to None
[2021-11-29 16:23:04,760] {logging_mixin.py:109} INFO - [2021-11-29 16:23:04,760] {dag.py:2396} INFO - Sync 2 DAGs
[2021-11-29 16:23:04,770] {logging_mixin.py:109} INFO - [2021-11-29 16:23:04,770] {dag.py:2928} INFO - Setting next_dagrun for example_subdag_operator.section-1 to None
[2021-11-29 16:23:04,771] {logging_mixin.py:109} INFO - [2021-11-29 16:23:04,771] {dag.py:2928} INFO - Setting next_dagrun for example_subdag_operator.section-2 to None
[2021-11-29 16:23:05,017] {processor.py:171} INFO - Processing /usr/local/lib/python3.8/dist-packages/airflow/example_dags/example_subdag_operator.py took 0.457 seconds
[2021-11-29 16:23:59,277] {processor.py:163} INFO - Started process (PID=6535) to work on /usr/local/lib/python3.8/dist-packages/airflow/example_dags/example_subdag_operator.py
[2021-11-29 16:23:59,293] {processor.py:625} INFO - Processing file /usr/local/lib/python3.8/dist-packages/airflow/example_dags/example_subdag_operator.py for tasks to queue
[2021-11-29 16:23:59,293] {logging_mixin.py:109} INFO - [2021-11-29 16:23:59,293] {dagbag.py:500} INFO - Filling up the DagBag from /usr/local/lib/python3.8/dist-packages/airflow/example_dags/example_subdag_operator.py
[2021-11-29 16:23:59,391] {processor.py:637} INFO - DAG(s) dict_keys(['example_subdag_operator.section-1', 'example_subdag_operator.section-2', 'example_subdag_operator']) retrieved from /usr/local/lib/python3.8/dist-packages/airflow/example_dags/example_subdag_operator.py
[2021-11-29 16:23:59,406] {logging_mixin.py:109} WARNING - /usr/local/lib/python3.8/dist-packages/airflow/models/serialized_dag.py:120 SAWarning: TypeDecorator UtcDateTime(timezone=True) will not produce a cache key because the ``cache_ok`` flag is not set to True.  Set this flag to True if this type object's state is safe to use in a cache key, or False to disable this warning.
[2021-11-29 16:23:59,454] {logging_mixin.py:109} INFO - [2021-11-29 16:23:59,454] {dag.py:2396} INFO - Sync 3 DAGs
[2021-11-29 16:23:59,505] {logging_mixin.py:109} WARNING - /usr/local/lib/python3.8/dist-packages/airflow/models/dag.py:2433 SAWarning: TypeDecorator UtcDateTime(timezone=True) will not produce a cache key because the ``cache_ok`` flag is not set to True.  Set this flag to True if this type object's state is safe to use in a cache key, or False to disable this warning.
[2021-11-29 16:23:59,540] {logging_mixin.py:109} INFO - [2021-11-29 16:23:59,540] {dag.py:2928} INFO - Setting next_dagrun for example_subdag_operator to 2021-11-27T00:00:00+00:00
[2021-11-29 16:23:59,540] {logging_mixin.py:109} INFO - [2021-11-29 16:23:59,540] {dag.py:2928} INFO - Setting next_dagrun for example_subdag_operator.section-1 to None
[2021-11-29 16:23:59,541] {logging_mixin.py:109} INFO - [2021-11-29 16:23:59,540] {dag.py:2928} INFO - Setting next_dagrun for example_subdag_operator.section-2 to None
[2021-11-29 16:23:59,574] {logging_mixin.py:109} INFO - [2021-11-29 16:23:59,574] {dag.py:2396} INFO - Sync 2 DAGs
[2021-11-29 16:23:59,607] {logging_mixin.py:109} INFO - [2021-11-29 16:23:59,607] {dag.py:2928} INFO - Setting next_dagrun for example_subdag_operator.section-1 to None
[2021-11-29 16:23:59,608] {logging_mixin.py:109} INFO - [2021-11-29 16:23:59,608] {dag.py:2928} INFO - Setting next_dagrun for example_subdag_operator.section-2 to None
[2021-11-29 16:23:59,853] {processor.py:171} INFO - Processing /usr/local/lib/python3.8/dist-packages/airflow/example_dags/example_subdag_operator.py took 0.595 seconds
[2021-11-29 16:25:01,612] {processor.py:163} INFO - Started process (PID=6696) to work on /usr/local/lib/python3.8/dist-packages/airflow/example_dags/example_subdag_operator.py
[2021-11-29 16:25:01,643] {processor.py:625} INFO - Processing file /usr/local/lib/python3.8/dist-packages/airflow/example_dags/example_subdag_operator.py for tasks to queue
[2021-11-29 16:25:01,644] {logging_mixin.py:109} INFO - [2021-11-29 16:25:01,644] {dagbag.py:500} INFO - Filling up the DagBag from /usr/local/lib/python3.8/dist-packages/airflow/example_dags/example_subdag_operator.py
[2021-11-29 16:25:01,750] {processor.py:637} INFO - DAG(s) dict_keys(['example_subdag_operator.section-1', 'example_subdag_operator.section-2', 'example_subdag_operator']) retrieved from /usr/local/lib/python3.8/dist-packages/airflow/example_dags/example_subdag_operator.py
[2021-11-29 16:25:01,762] {logging_mixin.py:109} WARNING - /usr/local/lib/python3.8/dist-packages/airflow/models/serialized_dag.py:120 SAWarning: TypeDecorator UtcDateTime(timezone=True) will not produce a cache key because the ``cache_ok`` flag is not set to True.  Set this flag to True if this type object's state is safe to use in a cache key, or False to disable this warning.
[2021-11-29 16:25:01,783] {logging_mixin.py:109} INFO - [2021-11-29 16:25:01,782] {dag.py:2396} INFO - Sync 3 DAGs
[2021-11-29 16:25:01,809] {logging_mixin.py:109} WARNING - /usr/local/lib/python3.8/dist-packages/airflow/models/dag.py:2433 SAWarning: TypeDecorator UtcDateTime(timezone=True) will not produce a cache key because the ``cache_ok`` flag is not set to True.  Set this flag to True if this type object's state is safe to use in a cache key, or False to disable this warning.
[2021-11-29 16:25:01,826] {logging_mixin.py:109} INFO - [2021-11-29 16:25:01,826] {dag.py:2928} INFO - Setting next_dagrun for example_subdag_operator to 2021-11-27T00:00:00+00:00
[2021-11-29 16:25:01,826] {logging_mixin.py:109} INFO - [2021-11-29 16:25:01,826] {dag.py:2928} INFO - Setting next_dagrun for example_subdag_operator.section-1 to None
[2021-11-29 16:25:01,826] {logging_mixin.py:109} INFO - [2021-11-29 16:25:01,826] {dag.py:2928} INFO - Setting next_dagrun for example_subdag_operator.section-2 to None
[2021-11-29 16:25:01,839] {logging_mixin.py:109} INFO - [2021-11-29 16:25:01,839] {dag.py:2396} INFO - Sync 2 DAGs
[2021-11-29 16:25:01,853] {logging_mixin.py:109} INFO - [2021-11-29 16:25:01,852] {dag.py:2928} INFO - Setting next_dagrun for example_subdag_operator.section-1 to None
[2021-11-29 16:25:01,854] {logging_mixin.py:109} INFO - [2021-11-29 16:25:01,853] {dag.py:2928} INFO - Setting next_dagrun for example_subdag_operator.section-2 to None
[2021-11-29 16:25:02,097] {processor.py:171} INFO - Processing /usr/local/lib/python3.8/dist-packages/airflow/example_dags/example_subdag_operator.py took 0.503 seconds
[2021-11-29 16:25:57,168] {processor.py:163} INFO - Started process (PID=6871) to work on /usr/local/lib/python3.8/dist-packages/airflow/example_dags/example_subdag_operator.py
[2021-11-29 16:25:57,206] {processor.py:625} INFO - Processing file /usr/local/lib/python3.8/dist-packages/airflow/example_dags/example_subdag_operator.py for tasks to queue
[2021-11-29 16:25:57,207] {logging_mixin.py:109} INFO - [2021-11-29 16:25:57,207] {dagbag.py:500} INFO - Filling up the DagBag from /usr/local/lib/python3.8/dist-packages/airflow/example_dags/example_subdag_operator.py
[2021-11-29 16:25:57,305] {processor.py:637} INFO - DAG(s) dict_keys(['example_subdag_operator.section-1', 'example_subdag_operator.section-2', 'example_subdag_operator']) retrieved from /usr/local/lib/python3.8/dist-packages/airflow/example_dags/example_subdag_operator.py
[2021-11-29 16:25:57,321] {logging_mixin.py:109} WARNING - /usr/local/lib/python3.8/dist-packages/airflow/models/serialized_dag.py:120 SAWarning: TypeDecorator UtcDateTime(timezone=True) will not produce a cache key because the ``cache_ok`` flag is not set to True.  Set this flag to True if this type object's state is safe to use in a cache key, or False to disable this warning.
[2021-11-29 16:25:57,348] {logging_mixin.py:109} INFO - [2021-11-29 16:25:57,348] {dag.py:2396} INFO - Sync 3 DAGs
[2021-11-29 16:25:57,385] {logging_mixin.py:109} WARNING - /usr/local/lib/python3.8/dist-packages/airflow/models/dag.py:2433 SAWarning: TypeDecorator UtcDateTime(timezone=True) will not produce a cache key because the ``cache_ok`` flag is not set to True.  Set this flag to True if this type object's state is safe to use in a cache key, or False to disable this warning.
[2021-11-29 16:25:57,408] {logging_mixin.py:109} INFO - [2021-11-29 16:25:57,408] {dag.py:2928} INFO - Setting next_dagrun for example_subdag_operator to 2021-11-27T00:00:00+00:00
[2021-11-29 16:25:57,409] {logging_mixin.py:109} INFO - [2021-11-29 16:25:57,409] {dag.py:2928} INFO - Setting next_dagrun for example_subdag_operator.section-1 to None
[2021-11-29 16:25:57,409] {logging_mixin.py:109} INFO - [2021-11-29 16:25:57,409] {dag.py:2928} INFO - Setting next_dagrun for example_subdag_operator.section-2 to None
[2021-11-29 16:25:57,428] {logging_mixin.py:109} INFO - [2021-11-29 16:25:57,428] {dag.py:2396} INFO - Sync 2 DAGs
[2021-11-29 16:25:57,451] {logging_mixin.py:109} INFO - [2021-11-29 16:25:57,451] {dag.py:2928} INFO - Setting next_dagrun for example_subdag_operator.section-1 to None
[2021-11-29 16:25:57,452] {logging_mixin.py:109} INFO - [2021-11-29 16:25:57,452] {dag.py:2928} INFO - Setting next_dagrun for example_subdag_operator.section-2 to None
[2021-11-29 16:25:57,619] {processor.py:171} INFO - Processing /usr/local/lib/python3.8/dist-packages/airflow/example_dags/example_subdag_operator.py took 0.468 seconds
[2021-11-29 16:26:50,898] {processor.py:163} INFO - Started process (PID=7032) to work on /usr/local/lib/python3.8/dist-packages/airflow/example_dags/example_subdag_operator.py
[2021-11-29 16:26:50,954] {processor.py:625} INFO - Processing file /usr/local/lib/python3.8/dist-packages/airflow/example_dags/example_subdag_operator.py for tasks to queue
[2021-11-29 16:26:50,955] {logging_mixin.py:109} INFO - [2021-11-29 16:26:50,955] {dagbag.py:500} INFO - Filling up the DagBag from /usr/local/lib/python3.8/dist-packages/airflow/example_dags/example_subdag_operator.py
[2021-11-29 16:26:51,076] {processor.py:637} INFO - DAG(s) dict_keys(['example_subdag_operator.section-1', 'example_subdag_operator.section-2', 'example_subdag_operator']) retrieved from /usr/local/lib/python3.8/dist-packages/airflow/example_dags/example_subdag_operator.py
[2021-11-29 16:26:51,082] {logging_mixin.py:109} WARNING - /usr/local/lib/python3.8/dist-packages/airflow/models/serialized_dag.py:120 SAWarning: TypeDecorator UtcDateTime(timezone=True) will not produce a cache key because the ``cache_ok`` flag is not set to True.  Set this flag to True if this type object's state is safe to use in a cache key, or False to disable this warning.
[2021-11-29 16:26:51,123] {logging_mixin.py:109} INFO - [2021-11-29 16:26:51,123] {dag.py:2396} INFO - Sync 3 DAGs
[2021-11-29 16:26:51,161] {logging_mixin.py:109} WARNING - /usr/local/lib/python3.8/dist-packages/airflow/models/dag.py:2433 SAWarning: TypeDecorator UtcDateTime(timezone=True) will not produce a cache key because the ``cache_ok`` flag is not set to True.  Set this flag to True if this type object's state is safe to use in a cache key, or False to disable this warning.
[2021-11-29 16:26:51,207] {logging_mixin.py:109} INFO - [2021-11-29 16:26:51,207] {dag.py:2928} INFO - Setting next_dagrun for example_subdag_operator to 2021-11-27T00:00:00+00:00
[2021-11-29 16:26:51,208] {logging_mixin.py:109} INFO - [2021-11-29 16:26:51,208] {dag.py:2928} INFO - Setting next_dagrun for example_subdag_operator.section-1 to None
[2021-11-29 16:26:51,208] {logging_mixin.py:109} INFO - [2021-11-29 16:26:51,208] {dag.py:2928} INFO - Setting next_dagrun for example_subdag_operator.section-2 to None
[2021-11-29 16:26:51,222] {logging_mixin.py:109} INFO - [2021-11-29 16:26:51,222] {dag.py:2396} INFO - Sync 2 DAGs
[2021-11-29 16:26:51,245] {logging_mixin.py:109} INFO - [2021-11-29 16:26:51,244] {dag.py:2928} INFO - Setting next_dagrun for example_subdag_operator.section-1 to None
[2021-11-29 16:26:51,255] {logging_mixin.py:109} INFO - [2021-11-29 16:26:51,255] {dag.py:2928} INFO - Setting next_dagrun for example_subdag_operator.section-2 to None
[2021-11-29 16:26:51,477] {processor.py:171} INFO - Processing /usr/local/lib/python3.8/dist-packages/airflow/example_dags/example_subdag_operator.py took 0.585 seconds
[2021-11-29 16:27:44,738] {processor.py:163} INFO - Started process (PID=7191) to work on /usr/local/lib/python3.8/dist-packages/airflow/example_dags/example_subdag_operator.py
[2021-11-29 16:27:44,798] {processor.py:625} INFO - Processing file /usr/local/lib/python3.8/dist-packages/airflow/example_dags/example_subdag_operator.py for tasks to queue
[2021-11-29 16:27:44,799] {logging_mixin.py:109} INFO - [2021-11-29 16:27:44,799] {dagbag.py:500} INFO - Filling up the DagBag from /usr/local/lib/python3.8/dist-packages/airflow/example_dags/example_subdag_operator.py
[2021-11-29 16:27:44,901] {processor.py:637} INFO - DAG(s) dict_keys(['example_subdag_operator.section-1', 'example_subdag_operator.section-2', 'example_subdag_operator']) retrieved from /usr/local/lib/python3.8/dist-packages/airflow/example_dags/example_subdag_operator.py
[2021-11-29 16:27:44,908] {logging_mixin.py:109} WARNING - /usr/local/lib/python3.8/dist-packages/airflow/models/serialized_dag.py:120 SAWarning: TypeDecorator UtcDateTime(timezone=True) will not produce a cache key because the ``cache_ok`` flag is not set to True.  Set this flag to True if this type object's state is safe to use in a cache key, or False to disable this warning.
[2021-11-29 16:27:44,929] {logging_mixin.py:109} INFO - [2021-11-29 16:27:44,929] {dag.py:2396} INFO - Sync 3 DAGs
[2021-11-29 16:27:44,950] {logging_mixin.py:109} WARNING - /usr/local/lib/python3.8/dist-packages/airflow/models/dag.py:2433 SAWarning: TypeDecorator UtcDateTime(timezone=True) will not produce a cache key because the ``cache_ok`` flag is not set to True.  Set this flag to True if this type object's state is safe to use in a cache key, or False to disable this warning.
[2021-11-29 16:27:44,967] {logging_mixin.py:109} INFO - [2021-11-29 16:27:44,967] {dag.py:2928} INFO - Setting next_dagrun for example_subdag_operator to 2021-11-27T00:00:00+00:00
[2021-11-29 16:27:44,968] {logging_mixin.py:109} INFO - [2021-11-29 16:27:44,968] {dag.py:2928} INFO - Setting next_dagrun for example_subdag_operator.section-1 to None
[2021-11-29 16:27:44,968] {logging_mixin.py:109} INFO - [2021-11-29 16:27:44,968] {dag.py:2928} INFO - Setting next_dagrun for example_subdag_operator.section-2 to None
[2021-11-29 16:27:44,981] {logging_mixin.py:109} INFO - [2021-11-29 16:27:44,981] {dag.py:2396} INFO - Sync 2 DAGs
[2021-11-29 16:27:44,998] {logging_mixin.py:109} INFO - [2021-11-29 16:27:44,997] {dag.py:2928} INFO - Setting next_dagrun for example_subdag_operator.section-1 to None
[2021-11-29 16:27:44,998] {logging_mixin.py:109} INFO - [2021-11-29 16:27:44,998] {dag.py:2928} INFO - Setting next_dagrun for example_subdag_operator.section-2 to None
[2021-11-29 16:27:45,258] {processor.py:171} INFO - Processing /usr/local/lib/python3.8/dist-packages/airflow/example_dags/example_subdag_operator.py took 0.535 seconds
[2021-11-29 16:28:42,864] {processor.py:163} INFO - Started process (PID=7352) to work on /usr/local/lib/python3.8/dist-packages/airflow/example_dags/example_subdag_operator.py
[2021-11-29 16:28:42,880] {processor.py:625} INFO - Processing file /usr/local/lib/python3.8/dist-packages/airflow/example_dags/example_subdag_operator.py for tasks to queue
[2021-11-29 16:28:42,881] {logging_mixin.py:109} INFO - [2021-11-29 16:28:42,880] {dagbag.py:500} INFO - Filling up the DagBag from /usr/local/lib/python3.8/dist-packages/airflow/example_dags/example_subdag_operator.py
[2021-11-29 16:28:42,990] {processor.py:637} INFO - DAG(s) dict_keys(['example_subdag_operator.section-1', 'example_subdag_operator.section-2', 'example_subdag_operator']) retrieved from /usr/local/lib/python3.8/dist-packages/airflow/example_dags/example_subdag_operator.py
[2021-11-29 16:28:42,997] {logging_mixin.py:109} WARNING - /usr/local/lib/python3.8/dist-packages/airflow/models/serialized_dag.py:120 SAWarning: TypeDecorator UtcDateTime(timezone=True) will not produce a cache key because the ``cache_ok`` flag is not set to True.  Set this flag to True if this type object's state is safe to use in a cache key, or False to disable this warning.
[2021-11-29 16:28:43,024] {logging_mixin.py:109} INFO - [2021-11-29 16:28:43,024] {dag.py:2396} INFO - Sync 3 DAGs
[2021-11-29 16:28:43,048] {logging_mixin.py:109} WARNING - /usr/local/lib/python3.8/dist-packages/airflow/models/dag.py:2433 SAWarning: TypeDecorator UtcDateTime(timezone=True) will not produce a cache key because the ``cache_ok`` flag is not set to True.  Set this flag to True if this type object's state is safe to use in a cache key, or False to disable this warning.
[2021-11-29 16:28:43,076] {logging_mixin.py:109} INFO - [2021-11-29 16:28:43,076] {dag.py:2928} INFO - Setting next_dagrun for example_subdag_operator to 2021-11-27T00:00:00+00:00
[2021-11-29 16:28:43,076] {logging_mixin.py:109} INFO - [2021-11-29 16:28:43,076] {dag.py:2928} INFO - Setting next_dagrun for example_subdag_operator.section-1 to None
[2021-11-29 16:28:43,077] {logging_mixin.py:109} INFO - [2021-11-29 16:28:43,077] {dag.py:2928} INFO - Setting next_dagrun for example_subdag_operator.section-2 to None
[2021-11-29 16:28:43,090] {logging_mixin.py:109} INFO - [2021-11-29 16:28:43,090] {dag.py:2396} INFO - Sync 2 DAGs
[2021-11-29 16:28:43,103] {logging_mixin.py:109} INFO - [2021-11-29 16:28:43,103] {dag.py:2928} INFO - Setting next_dagrun for example_subdag_operator.section-1 to None
[2021-11-29 16:28:43,104] {logging_mixin.py:109} INFO - [2021-11-29 16:28:43,104] {dag.py:2928} INFO - Setting next_dagrun for example_subdag_operator.section-2 to None
[2021-11-29 16:28:43,273] {processor.py:171} INFO - Processing /usr/local/lib/python3.8/dist-packages/airflow/example_dags/example_subdag_operator.py took 0.413 seconds
[2021-11-29 16:29:41,316] {processor.py:163} INFO - Started process (PID=7518) to work on /usr/local/lib/python3.8/dist-packages/airflow/example_dags/example_subdag_operator.py
[2021-11-29 16:29:41,326] {processor.py:625} INFO - Processing file /usr/local/lib/python3.8/dist-packages/airflow/example_dags/example_subdag_operator.py for tasks to queue
[2021-11-29 16:29:41,326] {logging_mixin.py:109} INFO - [2021-11-29 16:29:41,326] {dagbag.py:500} INFO - Filling up the DagBag from /usr/local/lib/python3.8/dist-packages/airflow/example_dags/example_subdag_operator.py
[2021-11-29 16:29:41,404] {processor.py:637} INFO - DAG(s) dict_keys(['example_subdag_operator.section-1', 'example_subdag_operator.section-2', 'example_subdag_operator']) retrieved from /usr/local/lib/python3.8/dist-packages/airflow/example_dags/example_subdag_operator.py
[2021-11-29 16:29:41,412] {logging_mixin.py:109} WARNING - /usr/local/lib/python3.8/dist-packages/airflow/models/serialized_dag.py:120 SAWarning: TypeDecorator UtcDateTime(timezone=True) will not produce a cache key because the ``cache_ok`` flag is not set to True.  Set this flag to True if this type object's state is safe to use in a cache key, or False to disable this warning.
[2021-11-29 16:29:41,438] {logging_mixin.py:109} INFO - [2021-11-29 16:29:41,438] {dag.py:2396} INFO - Sync 3 DAGs
[2021-11-29 16:29:41,466] {logging_mixin.py:109} WARNING - /usr/local/lib/python3.8/dist-packages/airflow/models/dag.py:2433 SAWarning: TypeDecorator UtcDateTime(timezone=True) will not produce a cache key because the ``cache_ok`` flag is not set to True.  Set this flag to True if this type object's state is safe to use in a cache key, or False to disable this warning.
[2021-11-29 16:29:41,481] {logging_mixin.py:109} INFO - [2021-11-29 16:29:41,481] {dag.py:2928} INFO - Setting next_dagrun for example_subdag_operator to 2021-11-27T00:00:00+00:00
[2021-11-29 16:29:41,482] {logging_mixin.py:109} INFO - [2021-11-29 16:29:41,482] {dag.py:2928} INFO - Setting next_dagrun for example_subdag_operator.section-1 to None
[2021-11-29 16:29:41,482] {logging_mixin.py:109} INFO - [2021-11-29 16:29:41,482] {dag.py:2928} INFO - Setting next_dagrun for example_subdag_operator.section-2 to None
[2021-11-29 16:29:41,493] {logging_mixin.py:109} INFO - [2021-11-29 16:29:41,492] {dag.py:2396} INFO - Sync 2 DAGs
[2021-11-29 16:29:41,511] {logging_mixin.py:109} INFO - [2021-11-29 16:29:41,511] {dag.py:2928} INFO - Setting next_dagrun for example_subdag_operator.section-1 to None
[2021-11-29 16:29:41,511] {logging_mixin.py:109} INFO - [2021-11-29 16:29:41,511] {dag.py:2928} INFO - Setting next_dagrun for example_subdag_operator.section-2 to None
[2021-11-29 16:29:41,802] {processor.py:171} INFO - Processing /usr/local/lib/python3.8/dist-packages/airflow/example_dags/example_subdag_operator.py took 0.500 seconds
[2021-11-29 16:30:37,934] {processor.py:163} INFO - Started process (PID=7681) to work on /usr/local/lib/python3.8/dist-packages/airflow/example_dags/example_subdag_operator.py
[2021-11-29 16:30:37,945] {processor.py:625} INFO - Processing file /usr/local/lib/python3.8/dist-packages/airflow/example_dags/example_subdag_operator.py for tasks to queue
[2021-11-29 16:30:37,946] {logging_mixin.py:109} INFO - [2021-11-29 16:30:37,946] {dagbag.py:500} INFO - Filling up the DagBag from /usr/local/lib/python3.8/dist-packages/airflow/example_dags/example_subdag_operator.py
[2021-11-29 16:30:38,020] {processor.py:637} INFO - DAG(s) dict_keys(['example_subdag_operator.section-1', 'example_subdag_operator.section-2', 'example_subdag_operator']) retrieved from /usr/local/lib/python3.8/dist-packages/airflow/example_dags/example_subdag_operator.py
[2021-11-29 16:30:38,027] {logging_mixin.py:109} WARNING - /usr/local/lib/python3.8/dist-packages/airflow/models/serialized_dag.py:120 SAWarning: TypeDecorator UtcDateTime(timezone=True) will not produce a cache key because the ``cache_ok`` flag is not set to True.  Set this flag to True if this type object's state is safe to use in a cache key, or False to disable this warning.
[2021-11-29 16:30:38,042] {logging_mixin.py:109} INFO - [2021-11-29 16:30:38,042] {dag.py:2396} INFO - Sync 3 DAGs
[2021-11-29 16:30:38,058] {logging_mixin.py:109} WARNING - /usr/local/lib/python3.8/dist-packages/airflow/models/dag.py:2433 SAWarning: TypeDecorator UtcDateTime(timezone=True) will not produce a cache key because the ``cache_ok`` flag is not set to True.  Set this flag to True if this type object's state is safe to use in a cache key, or False to disable this warning.
[2021-11-29 16:30:38,070] {logging_mixin.py:109} INFO - [2021-11-29 16:30:38,070] {dag.py:2928} INFO - Setting next_dagrun for example_subdag_operator to 2021-11-27T00:00:00+00:00
[2021-11-29 16:30:38,070] {logging_mixin.py:109} INFO - [2021-11-29 16:30:38,070] {dag.py:2928} INFO - Setting next_dagrun for example_subdag_operator.section-1 to None
[2021-11-29 16:30:38,070] {logging_mixin.py:109} INFO - [2021-11-29 16:30:38,070] {dag.py:2928} INFO - Setting next_dagrun for example_subdag_operator.section-2 to None
[2021-11-29 16:30:38,078] {logging_mixin.py:109} INFO - [2021-11-29 16:30:38,078] {dag.py:2396} INFO - Sync 2 DAGs
[2021-11-29 16:30:38,089] {logging_mixin.py:109} INFO - [2021-11-29 16:30:38,089] {dag.py:2928} INFO - Setting next_dagrun for example_subdag_operator.section-1 to None
[2021-11-29 16:30:38,089] {logging_mixin.py:109} INFO - [2021-11-29 16:30:38,089] {dag.py:2928} INFO - Setting next_dagrun for example_subdag_operator.section-2 to None
[2021-11-29 16:30:38,238] {processor.py:171} INFO - Processing /usr/local/lib/python3.8/dist-packages/airflow/example_dags/example_subdag_operator.py took 0.308 seconds
[2021-11-29 16:31:33,465] {processor.py:163} INFO - Started process (PID=7842) to work on /usr/local/lib/python3.8/dist-packages/airflow/example_dags/example_subdag_operator.py
[2021-11-29 16:31:33,495] {processor.py:625} INFO - Processing file /usr/local/lib/python3.8/dist-packages/airflow/example_dags/example_subdag_operator.py for tasks to queue
[2021-11-29 16:31:33,496] {logging_mixin.py:109} INFO - [2021-11-29 16:31:33,496] {dagbag.py:500} INFO - Filling up the DagBag from /usr/local/lib/python3.8/dist-packages/airflow/example_dags/example_subdag_operator.py
[2021-11-29 16:31:33,598] {processor.py:637} INFO - DAG(s) dict_keys(['example_subdag_operator.section-1', 'example_subdag_operator.section-2', 'example_subdag_operator']) retrieved from /usr/local/lib/python3.8/dist-packages/airflow/example_dags/example_subdag_operator.py
[2021-11-29 16:31:33,606] {logging_mixin.py:109} WARNING - /usr/local/lib/python3.8/dist-packages/airflow/models/serialized_dag.py:120 SAWarning: TypeDecorator UtcDateTime(timezone=True) will not produce a cache key because the ``cache_ok`` flag is not set to True.  Set this flag to True if this type object's state is safe to use in a cache key, or False to disable this warning.
[2021-11-29 16:31:33,631] {logging_mixin.py:109} INFO - [2021-11-29 16:31:33,631] {dag.py:2396} INFO - Sync 3 DAGs
[2021-11-29 16:31:33,669] {logging_mixin.py:109} WARNING - /usr/local/lib/python3.8/dist-packages/airflow/models/dag.py:2433 SAWarning: TypeDecorator UtcDateTime(timezone=True) will not produce a cache key because the ``cache_ok`` flag is not set to True.  Set this flag to True if this type object's state is safe to use in a cache key, or False to disable this warning.
[2021-11-29 16:31:33,707] {logging_mixin.py:109} INFO - [2021-11-29 16:31:33,707] {dag.py:2928} INFO - Setting next_dagrun for example_subdag_operator to 2021-11-27T00:00:00+00:00
[2021-11-29 16:31:33,707] {logging_mixin.py:109} INFO - [2021-11-29 16:31:33,707] {dag.py:2928} INFO - Setting next_dagrun for example_subdag_operator.section-1 to None
[2021-11-29 16:31:33,708] {logging_mixin.py:109} INFO - [2021-11-29 16:31:33,708] {dag.py:2928} INFO - Setting next_dagrun for example_subdag_operator.section-2 to None
[2021-11-29 16:31:33,726] {logging_mixin.py:109} INFO - [2021-11-29 16:31:33,726] {dag.py:2396} INFO - Sync 2 DAGs
[2021-11-29 16:31:33,746] {logging_mixin.py:109} INFO - [2021-11-29 16:31:33,746] {dag.py:2928} INFO - Setting next_dagrun for example_subdag_operator.section-1 to None
[2021-11-29 16:31:33,746] {logging_mixin.py:109} INFO - [2021-11-29 16:31:33,746] {dag.py:2928} INFO - Setting next_dagrun for example_subdag_operator.section-2 to None
[2021-11-29 16:31:33,929] {processor.py:171} INFO - Processing /usr/local/lib/python3.8/dist-packages/airflow/example_dags/example_subdag_operator.py took 0.469 seconds
[2021-11-29 16:32:28,085] {processor.py:163} INFO - Started process (PID=8003) to work on /usr/local/lib/python3.8/dist-packages/airflow/example_dags/example_subdag_operator.py
[2021-11-29 16:32:28,105] {processor.py:625} INFO - Processing file /usr/local/lib/python3.8/dist-packages/airflow/example_dags/example_subdag_operator.py for tasks to queue
[2021-11-29 16:32:28,106] {logging_mixin.py:109} INFO - [2021-11-29 16:32:28,106] {dagbag.py:500} INFO - Filling up the DagBag from /usr/local/lib/python3.8/dist-packages/airflow/example_dags/example_subdag_operator.py
[2021-11-29 16:32:28,260] {processor.py:637} INFO - DAG(s) dict_keys(['example_subdag_operator.section-1', 'example_subdag_operator.section-2', 'example_subdag_operator']) retrieved from /usr/local/lib/python3.8/dist-packages/airflow/example_dags/example_subdag_operator.py
[2021-11-29 16:32:28,278] {logging_mixin.py:109} WARNING - /usr/local/lib/python3.8/dist-packages/airflow/models/serialized_dag.py:120 SAWarning: TypeDecorator UtcDateTime(timezone=True) will not produce a cache key because the ``cache_ok`` flag is not set to True.  Set this flag to True if this type object's state is safe to use in a cache key, or False to disable this warning.
[2021-11-29 16:32:28,318] {logging_mixin.py:109} INFO - [2021-11-29 16:32:28,317] {dag.py:2396} INFO - Sync 3 DAGs
[2021-11-29 16:32:28,357] {logging_mixin.py:109} WARNING - /usr/local/lib/python3.8/dist-packages/airflow/models/dag.py:2433 SAWarning: TypeDecorator UtcDateTime(timezone=True) will not produce a cache key because the ``cache_ok`` flag is not set to True.  Set this flag to True if this type object's state is safe to use in a cache key, or False to disable this warning.
[2021-11-29 16:32:28,397] {logging_mixin.py:109} INFO - [2021-11-29 16:32:28,397] {dag.py:2928} INFO - Setting next_dagrun for example_subdag_operator to 2021-11-27T00:00:00+00:00
[2021-11-29 16:32:28,398] {logging_mixin.py:109} INFO - [2021-11-29 16:32:28,398] {dag.py:2928} INFO - Setting next_dagrun for example_subdag_operator.section-1 to None
[2021-11-29 16:32:28,398] {logging_mixin.py:109} INFO - [2021-11-29 16:32:28,398] {dag.py:2928} INFO - Setting next_dagrun for example_subdag_operator.section-2 to None
[2021-11-29 16:32:28,408] {logging_mixin.py:109} INFO - [2021-11-29 16:32:28,408] {dag.py:2396} INFO - Sync 2 DAGs
[2021-11-29 16:32:28,425] {logging_mixin.py:109} INFO - [2021-11-29 16:32:28,425] {dag.py:2928} INFO - Setting next_dagrun for example_subdag_operator.section-1 to None
[2021-11-29 16:32:28,426] {logging_mixin.py:109} INFO - [2021-11-29 16:32:28,425] {dag.py:2928} INFO - Setting next_dagrun for example_subdag_operator.section-2 to None
[2021-11-29 16:32:28,624] {processor.py:171} INFO - Processing /usr/local/lib/python3.8/dist-packages/airflow/example_dags/example_subdag_operator.py took 0.554 seconds
[2021-11-29 16:33:23,845] {processor.py:163} INFO - Started process (PID=8168) to work on /usr/local/lib/python3.8/dist-packages/airflow/example_dags/example_subdag_operator.py
[2021-11-29 16:33:23,858] {processor.py:625} INFO - Processing file /usr/local/lib/python3.8/dist-packages/airflow/example_dags/example_subdag_operator.py for tasks to queue
[2021-11-29 16:33:23,859] {logging_mixin.py:109} INFO - [2021-11-29 16:33:23,859] {dagbag.py:500} INFO - Filling up the DagBag from /usr/local/lib/python3.8/dist-packages/airflow/example_dags/example_subdag_operator.py
[2021-11-29 16:33:23,928] {processor.py:637} INFO - DAG(s) dict_keys(['example_subdag_operator.section-1', 'example_subdag_operator.section-2', 'example_subdag_operator']) retrieved from /usr/local/lib/python3.8/dist-packages/airflow/example_dags/example_subdag_operator.py
[2021-11-29 16:33:23,938] {logging_mixin.py:109} WARNING - /usr/local/lib/python3.8/dist-packages/airflow/models/serialized_dag.py:120 SAWarning: TypeDecorator UtcDateTime(timezone=True) will not produce a cache key because the ``cache_ok`` flag is not set to True.  Set this flag to True if this type object's state is safe to use in a cache key, or False to disable this warning.
[2021-11-29 16:33:23,955] {logging_mixin.py:109} INFO - [2021-11-29 16:33:23,955] {dag.py:2396} INFO - Sync 3 DAGs
[2021-11-29 16:33:23,974] {logging_mixin.py:109} WARNING - /usr/local/lib/python3.8/dist-packages/airflow/models/dag.py:2433 SAWarning: TypeDecorator UtcDateTime(timezone=True) will not produce a cache key because the ``cache_ok`` flag is not set to True.  Set this flag to True if this type object's state is safe to use in a cache key, or False to disable this warning.
[2021-11-29 16:33:23,988] {logging_mixin.py:109} INFO - [2021-11-29 16:33:23,988] {dag.py:2928} INFO - Setting next_dagrun for example_subdag_operator to 2021-11-27T00:00:00+00:00
[2021-11-29 16:33:23,988] {logging_mixin.py:109} INFO - [2021-11-29 16:33:23,988] {dag.py:2928} INFO - Setting next_dagrun for example_subdag_operator.section-1 to None
[2021-11-29 16:33:23,989] {logging_mixin.py:109} INFO - [2021-11-29 16:33:23,989] {dag.py:2928} INFO - Setting next_dagrun for example_subdag_operator.section-2 to None
[2021-11-29 16:33:24,000] {logging_mixin.py:109} INFO - [2021-11-29 16:33:23,999] {dag.py:2396} INFO - Sync 2 DAGs
[2021-11-29 16:33:24,010] {logging_mixin.py:109} INFO - [2021-11-29 16:33:24,010] {dag.py:2928} INFO - Setting next_dagrun for example_subdag_operator.section-1 to None
[2021-11-29 16:33:24,010] {logging_mixin.py:109} INFO - [2021-11-29 16:33:24,010] {dag.py:2928} INFO - Setting next_dagrun for example_subdag_operator.section-2 to None
[2021-11-29 16:33:24,275] {processor.py:171} INFO - Processing /usr/local/lib/python3.8/dist-packages/airflow/example_dags/example_subdag_operator.py took 0.445 seconds
[2021-11-29 16:34:19,105] {processor.py:163} INFO - Started process (PID=8333) to work on /usr/local/lib/python3.8/dist-packages/airflow/example_dags/example_subdag_operator.py
[2021-11-29 16:34:19,142] {processor.py:625} INFO - Processing file /usr/local/lib/python3.8/dist-packages/airflow/example_dags/example_subdag_operator.py for tasks to queue
[2021-11-29 16:34:19,143] {logging_mixin.py:109} INFO - [2021-11-29 16:34:19,142] {dagbag.py:500} INFO - Filling up the DagBag from /usr/local/lib/python3.8/dist-packages/airflow/example_dags/example_subdag_operator.py
[2021-11-29 16:34:19,249] {processor.py:637} INFO - DAG(s) dict_keys(['example_subdag_operator.section-1', 'example_subdag_operator.section-2', 'example_subdag_operator']) retrieved from /usr/local/lib/python3.8/dist-packages/airflow/example_dags/example_subdag_operator.py
[2021-11-29 16:34:19,265] {logging_mixin.py:109} WARNING - /usr/local/lib/python3.8/dist-packages/airflow/models/serialized_dag.py:120 SAWarning: TypeDecorator UtcDateTime(timezone=True) will not produce a cache key because the ``cache_ok`` flag is not set to True.  Set this flag to True if this type object's state is safe to use in a cache key, or False to disable this warning.
[2021-11-29 16:34:19,291] {logging_mixin.py:109} INFO - [2021-11-29 16:34:19,291] {dag.py:2396} INFO - Sync 3 DAGs
[2021-11-29 16:34:19,330] {logging_mixin.py:109} WARNING - /usr/local/lib/python3.8/dist-packages/airflow/models/dag.py:2433 SAWarning: TypeDecorator UtcDateTime(timezone=True) will not produce a cache key because the ``cache_ok`` flag is not set to True.  Set this flag to True if this type object's state is safe to use in a cache key, or False to disable this warning.
[2021-11-29 16:34:19,352] {logging_mixin.py:109} INFO - [2021-11-29 16:34:19,352] {dag.py:2928} INFO - Setting next_dagrun for example_subdag_operator to 2021-11-27T00:00:00+00:00
[2021-11-29 16:34:19,353] {logging_mixin.py:109} INFO - [2021-11-29 16:34:19,353] {dag.py:2928} INFO - Setting next_dagrun for example_subdag_operator.section-1 to None
[2021-11-29 16:34:19,353] {logging_mixin.py:109} INFO - [2021-11-29 16:34:19,353] {dag.py:2928} INFO - Setting next_dagrun for example_subdag_operator.section-2 to None
[2021-11-29 16:34:19,371] {logging_mixin.py:109} INFO - [2021-11-29 16:34:19,371] {dag.py:2396} INFO - Sync 2 DAGs
[2021-11-29 16:34:19,391] {logging_mixin.py:109} INFO - [2021-11-29 16:34:19,391] {dag.py:2928} INFO - Setting next_dagrun for example_subdag_operator.section-1 to None
[2021-11-29 16:34:19,391] {logging_mixin.py:109} INFO - [2021-11-29 16:34:19,391] {dag.py:2928} INFO - Setting next_dagrun for example_subdag_operator.section-2 to None
[2021-11-29 16:34:19,553] {processor.py:171} INFO - Processing /usr/local/lib/python3.8/dist-packages/airflow/example_dags/example_subdag_operator.py took 0.453 seconds
[2021-11-29 16:35:16,065] {processor.py:163} INFO - Started process (PID=8502) to work on /usr/local/lib/python3.8/dist-packages/airflow/example_dags/example_subdag_operator.py
[2021-11-29 16:35:16,109] {processor.py:625} INFO - Processing file /usr/local/lib/python3.8/dist-packages/airflow/example_dags/example_subdag_operator.py for tasks to queue
[2021-11-29 16:35:16,110] {logging_mixin.py:109} INFO - [2021-11-29 16:35:16,110] {dagbag.py:500} INFO - Filling up the DagBag from /usr/local/lib/python3.8/dist-packages/airflow/example_dags/example_subdag_operator.py
[2021-11-29 16:35:16,223] {processor.py:637} INFO - DAG(s) dict_keys(['example_subdag_operator.section-1', 'example_subdag_operator.section-2', 'example_subdag_operator']) retrieved from /usr/local/lib/python3.8/dist-packages/airflow/example_dags/example_subdag_operator.py
[2021-11-29 16:35:16,229] {logging_mixin.py:109} WARNING - /usr/local/lib/python3.8/dist-packages/airflow/models/serialized_dag.py:120 SAWarning: TypeDecorator UtcDateTime(timezone=True) will not produce a cache key because the ``cache_ok`` flag is not set to True.  Set this flag to True if this type object's state is safe to use in a cache key, or False to disable this warning.
[2021-11-29 16:35:16,247] {logging_mixin.py:109} INFO - [2021-11-29 16:35:16,247] {dag.py:2396} INFO - Sync 3 DAGs
[2021-11-29 16:35:16,272] {logging_mixin.py:109} WARNING - /usr/local/lib/python3.8/dist-packages/airflow/models/dag.py:2433 SAWarning: TypeDecorator UtcDateTime(timezone=True) will not produce a cache key because the ``cache_ok`` flag is not set to True.  Set this flag to True if this type object's state is safe to use in a cache key, or False to disable this warning.
[2021-11-29 16:35:16,289] {logging_mixin.py:109} INFO - [2021-11-29 16:35:16,289] {dag.py:2928} INFO - Setting next_dagrun for example_subdag_operator to 2021-11-27T00:00:00+00:00
[2021-11-29 16:35:16,289] {logging_mixin.py:109} INFO - [2021-11-29 16:35:16,289] {dag.py:2928} INFO - Setting next_dagrun for example_subdag_operator.section-1 to None
[2021-11-29 16:35:16,289] {logging_mixin.py:109} INFO - [2021-11-29 16:35:16,289] {dag.py:2928} INFO - Setting next_dagrun for example_subdag_operator.section-2 to None
[2021-11-29 16:35:16,298] {logging_mixin.py:109} INFO - [2021-11-29 16:35:16,297] {dag.py:2396} INFO - Sync 2 DAGs
[2021-11-29 16:35:16,313] {logging_mixin.py:109} INFO - [2021-11-29 16:35:16,313] {dag.py:2928} INFO - Setting next_dagrun for example_subdag_operator.section-1 to None
[2021-11-29 16:35:16,314] {logging_mixin.py:109} INFO - [2021-11-29 16:35:16,314] {dag.py:2928} INFO - Setting next_dagrun for example_subdag_operator.section-2 to None
[2021-11-29 16:35:16,546] {processor.py:171} INFO - Processing /usr/local/lib/python3.8/dist-packages/airflow/example_dags/example_subdag_operator.py took 0.486 seconds
[2021-11-29 16:36:12,002] {processor.py:163} INFO - Started process (PID=8661) to work on /usr/local/lib/python3.8/dist-packages/airflow/example_dags/example_subdag_operator.py
[2021-11-29 16:36:12,045] {processor.py:625} INFO - Processing file /usr/local/lib/python3.8/dist-packages/airflow/example_dags/example_subdag_operator.py for tasks to queue
[2021-11-29 16:36:12,048] {logging_mixin.py:109} INFO - [2021-11-29 16:36:12,048] {dagbag.py:500} INFO - Filling up the DagBag from /usr/local/lib/python3.8/dist-packages/airflow/example_dags/example_subdag_operator.py
[2021-11-29 16:36:12,172] {processor.py:637} INFO - DAG(s) dict_keys(['example_subdag_operator.section-1', 'example_subdag_operator.section-2', 'example_subdag_operator']) retrieved from /usr/local/lib/python3.8/dist-packages/airflow/example_dags/example_subdag_operator.py
[2021-11-29 16:36:12,189] {logging_mixin.py:109} WARNING - /usr/local/lib/python3.8/dist-packages/airflow/models/serialized_dag.py:120 SAWarning: TypeDecorator UtcDateTime(timezone=True) will not produce a cache key because the ``cache_ok`` flag is not set to True.  Set this flag to True if this type object's state is safe to use in a cache key, or False to disable this warning.
[2021-11-29 16:36:12,235] {logging_mixin.py:109} INFO - [2021-11-29 16:36:12,234] {dag.py:2396} INFO - Sync 3 DAGs
[2021-11-29 16:36:12,288] {logging_mixin.py:109} WARNING - /usr/local/lib/python3.8/dist-packages/airflow/models/dag.py:2433 SAWarning: TypeDecorator UtcDateTime(timezone=True) will not produce a cache key because the ``cache_ok`` flag is not set to True.  Set this flag to True if this type object's state is safe to use in a cache key, or False to disable this warning.
[2021-11-29 16:36:12,334] {logging_mixin.py:109} INFO - [2021-11-29 16:36:12,334] {dag.py:2928} INFO - Setting next_dagrun for example_subdag_operator to 2021-11-27T00:00:00+00:00
[2021-11-29 16:36:12,346] {logging_mixin.py:109} INFO - [2021-11-29 16:36:12,346] {dag.py:2928} INFO - Setting next_dagrun for example_subdag_operator.section-1 to None
[2021-11-29 16:36:12,347] {logging_mixin.py:109} INFO - [2021-11-29 16:36:12,346] {dag.py:2928} INFO - Setting next_dagrun for example_subdag_operator.section-2 to None
[2021-11-29 16:36:12,369] {logging_mixin.py:109} INFO - [2021-11-29 16:36:12,369] {dag.py:2396} INFO - Sync 2 DAGs
[2021-11-29 16:36:12,381] {logging_mixin.py:109} INFO - [2021-11-29 16:36:12,381] {dag.py:2928} INFO - Setting next_dagrun for example_subdag_operator.section-1 to None
[2021-11-29 16:36:12,382] {logging_mixin.py:109} INFO - [2021-11-29 16:36:12,381] {dag.py:2928} INFO - Setting next_dagrun for example_subdag_operator.section-2 to None
[2021-11-29 16:36:12,584] {processor.py:171} INFO - Processing /usr/local/lib/python3.8/dist-packages/airflow/example_dags/example_subdag_operator.py took 0.586 seconds
[2021-11-29 16:37:06,707] {processor.py:163} INFO - Started process (PID=8815) to work on /usr/local/lib/python3.8/dist-packages/airflow/example_dags/example_subdag_operator.py
[2021-11-29 16:37:06,723] {processor.py:625} INFO - Processing file /usr/local/lib/python3.8/dist-packages/airflow/example_dags/example_subdag_operator.py for tasks to queue
[2021-11-29 16:37:06,724] {logging_mixin.py:109} INFO - [2021-11-29 16:37:06,724] {dagbag.py:500} INFO - Filling up the DagBag from /usr/local/lib/python3.8/dist-packages/airflow/example_dags/example_subdag_operator.py
[2021-11-29 16:37:06,792] {processor.py:637} INFO - DAG(s) dict_keys(['example_subdag_operator.section-1', 'example_subdag_operator.section-2', 'example_subdag_operator']) retrieved from /usr/local/lib/python3.8/dist-packages/airflow/example_dags/example_subdag_operator.py
[2021-11-29 16:37:06,798] {logging_mixin.py:109} WARNING - /usr/local/lib/python3.8/dist-packages/airflow/models/serialized_dag.py:120 SAWarning: TypeDecorator UtcDateTime(timezone=True) will not produce a cache key because the ``cache_ok`` flag is not set to True.  Set this flag to True if this type object's state is safe to use in a cache key, or False to disable this warning.
[2021-11-29 16:37:06,821] {logging_mixin.py:109} INFO - [2021-11-29 16:37:06,821] {dag.py:2396} INFO - Sync 3 DAGs
[2021-11-29 16:37:06,843] {logging_mixin.py:109} WARNING - /usr/local/lib/python3.8/dist-packages/airflow/models/dag.py:2433 SAWarning: TypeDecorator UtcDateTime(timezone=True) will not produce a cache key because the ``cache_ok`` flag is not set to True.  Set this flag to True if this type object's state is safe to use in a cache key, or False to disable this warning.
[2021-11-29 16:37:06,863] {logging_mixin.py:109} INFO - [2021-11-29 16:37:06,863] {dag.py:2928} INFO - Setting next_dagrun for example_subdag_operator to 2021-11-27T00:00:00+00:00
[2021-11-29 16:37:06,864] {logging_mixin.py:109} INFO - [2021-11-29 16:37:06,864] {dag.py:2928} INFO - Setting next_dagrun for example_subdag_operator.section-1 to None
[2021-11-29 16:37:06,864] {logging_mixin.py:109} INFO - [2021-11-29 16:37:06,864] {dag.py:2928} INFO - Setting next_dagrun for example_subdag_operator.section-2 to None
[2021-11-29 16:37:06,876] {logging_mixin.py:109} INFO - [2021-11-29 16:37:06,876] {dag.py:2396} INFO - Sync 2 DAGs
[2021-11-29 16:37:06,890] {logging_mixin.py:109} INFO - [2021-11-29 16:37:06,889] {dag.py:2928} INFO - Setting next_dagrun for example_subdag_operator.section-1 to None
[2021-11-29 16:37:06,890] {logging_mixin.py:109} INFO - [2021-11-29 16:37:06,890] {dag.py:2928} INFO - Setting next_dagrun for example_subdag_operator.section-2 to None
[2021-11-29 16:37:07,047] {processor.py:171} INFO - Processing /usr/local/lib/python3.8/dist-packages/airflow/example_dags/example_subdag_operator.py took 0.367 seconds
[2021-11-29 16:38:03,279] {processor.py:163} INFO - Started process (PID=8981) to work on /usr/local/lib/python3.8/dist-packages/airflow/example_dags/example_subdag_operator.py
[2021-11-29 16:38:03,338] {processor.py:625} INFO - Processing file /usr/local/lib/python3.8/dist-packages/airflow/example_dags/example_subdag_operator.py for tasks to queue
[2021-11-29 16:38:03,355] {logging_mixin.py:109} INFO - [2021-11-29 16:38:03,355] {dagbag.py:500} INFO - Filling up the DagBag from /usr/local/lib/python3.8/dist-packages/airflow/example_dags/example_subdag_operator.py
[2021-11-29 16:38:03,500] {processor.py:637} INFO - DAG(s) dict_keys(['example_subdag_operator.section-1', 'example_subdag_operator.section-2', 'example_subdag_operator']) retrieved from /usr/local/lib/python3.8/dist-packages/airflow/example_dags/example_subdag_operator.py
[2021-11-29 16:38:03,517] {logging_mixin.py:109} WARNING - /usr/local/lib/python3.8/dist-packages/airflow/models/serialized_dag.py:120 SAWarning: TypeDecorator UtcDateTime(timezone=True) will not produce a cache key because the ``cache_ok`` flag is not set to True.  Set this flag to True if this type object's state is safe to use in a cache key, or False to disable this warning.
[2021-11-29 16:38:03,556] {logging_mixin.py:109} INFO - [2021-11-29 16:38:03,556] {dag.py:2396} INFO - Sync 3 DAGs
[2021-11-29 16:38:03,583] {logging_mixin.py:109} WARNING - /usr/local/lib/python3.8/dist-packages/airflow/models/dag.py:2433 SAWarning: TypeDecorator UtcDateTime(timezone=True) will not produce a cache key because the ``cache_ok`` flag is not set to True.  Set this flag to True if this type object's state is safe to use in a cache key, or False to disable this warning.
[2021-11-29 16:38:03,601] {logging_mixin.py:109} INFO - [2021-11-29 16:38:03,601] {dag.py:2928} INFO - Setting next_dagrun for example_subdag_operator to 2021-11-27T00:00:00+00:00
[2021-11-29 16:38:03,601] {logging_mixin.py:109} INFO - [2021-11-29 16:38:03,601] {dag.py:2928} INFO - Setting next_dagrun for example_subdag_operator.section-1 to None
[2021-11-29 16:38:03,602] {logging_mixin.py:109} INFO - [2021-11-29 16:38:03,602] {dag.py:2928} INFO - Setting next_dagrun for example_subdag_operator.section-2 to None
[2021-11-29 16:38:03,617] {logging_mixin.py:109} INFO - [2021-11-29 16:38:03,617] {dag.py:2396} INFO - Sync 2 DAGs
[2021-11-29 16:38:03,637] {logging_mixin.py:109} INFO - [2021-11-29 16:38:03,637] {dag.py:2928} INFO - Setting next_dagrun for example_subdag_operator.section-1 to None
[2021-11-29 16:38:03,637] {logging_mixin.py:109} INFO - [2021-11-29 16:38:03,637] {dag.py:2928} INFO - Setting next_dagrun for example_subdag_operator.section-2 to None
[2021-11-29 16:38:03,807] {processor.py:171} INFO - Processing /usr/local/lib/python3.8/dist-packages/airflow/example_dags/example_subdag_operator.py took 0.555 seconds
[2021-11-29 16:38:58,846] {processor.py:163} INFO - Started process (PID=9147) to work on /usr/local/lib/python3.8/dist-packages/airflow/example_dags/example_subdag_operator.py
[2021-11-29 16:38:58,871] {processor.py:625} INFO - Processing file /usr/local/lib/python3.8/dist-packages/airflow/example_dags/example_subdag_operator.py for tasks to queue
[2021-11-29 16:38:58,872] {logging_mixin.py:109} INFO - [2021-11-29 16:38:58,872] {dagbag.py:500} INFO - Filling up the DagBag from /usr/local/lib/python3.8/dist-packages/airflow/example_dags/example_subdag_operator.py
[2021-11-29 16:38:58,980] {processor.py:637} INFO - DAG(s) dict_keys(['example_subdag_operator.section-1', 'example_subdag_operator.section-2', 'example_subdag_operator']) retrieved from /usr/local/lib/python3.8/dist-packages/airflow/example_dags/example_subdag_operator.py
[2021-11-29 16:38:59,019] {logging_mixin.py:109} WARNING - /usr/local/lib/python3.8/dist-packages/airflow/models/serialized_dag.py:120 SAWarning: TypeDecorator UtcDateTime(timezone=True) will not produce a cache key because the ``cache_ok`` flag is not set to True.  Set this flag to True if this type object's state is safe to use in a cache key, or False to disable this warning.
[2021-11-29 16:38:59,056] {logging_mixin.py:109} INFO - [2021-11-29 16:38:59,056] {dag.py:2396} INFO - Sync 3 DAGs
[2021-11-29 16:38:59,095] {logging_mixin.py:109} WARNING - /usr/local/lib/python3.8/dist-packages/airflow/models/dag.py:2433 SAWarning: TypeDecorator UtcDateTime(timezone=True) will not produce a cache key because the ``cache_ok`` flag is not set to True.  Set this flag to True if this type object's state is safe to use in a cache key, or False to disable this warning.
[2021-11-29 16:38:59,146] {logging_mixin.py:109} INFO - [2021-11-29 16:38:59,146] {dag.py:2928} INFO - Setting next_dagrun for example_subdag_operator to 2021-11-27T00:00:00+00:00
[2021-11-29 16:38:59,147] {logging_mixin.py:109} INFO - [2021-11-29 16:38:59,147] {dag.py:2928} INFO - Setting next_dagrun for example_subdag_operator.section-1 to None
[2021-11-29 16:38:59,147] {logging_mixin.py:109} INFO - [2021-11-29 16:38:59,147] {dag.py:2928} INFO - Setting next_dagrun for example_subdag_operator.section-2 to None
[2021-11-29 16:38:59,170] {logging_mixin.py:109} INFO - [2021-11-29 16:38:59,170] {dag.py:2396} INFO - Sync 2 DAGs
[2021-11-29 16:38:59,206] {logging_mixin.py:109} INFO - [2021-11-29 16:38:59,205] {dag.py:2928} INFO - Setting next_dagrun for example_subdag_operator.section-1 to None
[2021-11-29 16:38:59,206] {logging_mixin.py:109} INFO - [2021-11-29 16:38:59,206] {dag.py:2928} INFO - Setting next_dagrun for example_subdag_operator.section-2 to None
[2021-11-29 16:38:59,409] {processor.py:171} INFO - Processing /usr/local/lib/python3.8/dist-packages/airflow/example_dags/example_subdag_operator.py took 0.567 seconds
[2021-11-29 16:39:53,624] {processor.py:163} INFO - Started process (PID=9314) to work on /usr/local/lib/python3.8/dist-packages/airflow/example_dags/example_subdag_operator.py
[2021-11-29 16:39:53,636] {processor.py:625} INFO - Processing file /usr/local/lib/python3.8/dist-packages/airflow/example_dags/example_subdag_operator.py for tasks to queue
[2021-11-29 16:39:53,637] {logging_mixin.py:109} INFO - [2021-11-29 16:39:53,636] {dagbag.py:500} INFO - Filling up the DagBag from /usr/local/lib/python3.8/dist-packages/airflow/example_dags/example_subdag_operator.py
[2021-11-29 16:39:53,736] {processor.py:637} INFO - DAG(s) dict_keys(['example_subdag_operator.section-1', 'example_subdag_operator.section-2', 'example_subdag_operator']) retrieved from /usr/local/lib/python3.8/dist-packages/airflow/example_dags/example_subdag_operator.py
[2021-11-29 16:39:53,744] {logging_mixin.py:109} WARNING - /usr/local/lib/python3.8/dist-packages/airflow/models/serialized_dag.py:120 SAWarning: TypeDecorator UtcDateTime(timezone=True) will not produce a cache key because the ``cache_ok`` flag is not set to True.  Set this flag to True if this type object's state is safe to use in a cache key, or False to disable this warning.
[2021-11-29 16:39:53,789] {logging_mixin.py:109} INFO - [2021-11-29 16:39:53,789] {dag.py:2396} INFO - Sync 3 DAGs
[2021-11-29 16:39:53,815] {logging_mixin.py:109} WARNING - /usr/local/lib/python3.8/dist-packages/airflow/models/dag.py:2433 SAWarning: TypeDecorator UtcDateTime(timezone=True) will not produce a cache key because the ``cache_ok`` flag is not set to True.  Set this flag to True if this type object's state is safe to use in a cache key, or False to disable this warning.
[2021-11-29 16:39:53,829] {logging_mixin.py:109} INFO - [2021-11-29 16:39:53,829] {dag.py:2928} INFO - Setting next_dagrun for example_subdag_operator to 2021-11-27T00:00:00+00:00
[2021-11-29 16:39:53,830] {logging_mixin.py:109} INFO - [2021-11-29 16:39:53,830] {dag.py:2928} INFO - Setting next_dagrun for example_subdag_operator.section-1 to None
[2021-11-29 16:39:53,830] {logging_mixin.py:109} INFO - [2021-11-29 16:39:53,830] {dag.py:2928} INFO - Setting next_dagrun for example_subdag_operator.section-2 to None
[2021-11-29 16:39:53,838] {logging_mixin.py:109} INFO - [2021-11-29 16:39:53,838] {dag.py:2396} INFO - Sync 2 DAGs
[2021-11-29 16:39:53,849] {logging_mixin.py:109} INFO - [2021-11-29 16:39:53,849] {dag.py:2928} INFO - Setting next_dagrun for example_subdag_operator.section-1 to None
[2021-11-29 16:39:53,849] {logging_mixin.py:109} INFO - [2021-11-29 16:39:53,849] {dag.py:2928} INFO - Setting next_dagrun for example_subdag_operator.section-2 to None
[2021-11-29 16:39:54,045] {processor.py:171} INFO - Processing /usr/local/lib/python3.8/dist-packages/airflow/example_dags/example_subdag_operator.py took 0.425 seconds
[2021-11-29 16:40:48,806] {processor.py:163} INFO - Started process (PID=9474) to work on /usr/local/lib/python3.8/dist-packages/airflow/example_dags/example_subdag_operator.py
[2021-11-29 16:40:48,853] {processor.py:625} INFO - Processing file /usr/local/lib/python3.8/dist-packages/airflow/example_dags/example_subdag_operator.py for tasks to queue
[2021-11-29 16:40:48,854] {logging_mixin.py:109} INFO - [2021-11-29 16:40:48,854] {dagbag.py:500} INFO - Filling up the DagBag from /usr/local/lib/python3.8/dist-packages/airflow/example_dags/example_subdag_operator.py
[2021-11-29 16:40:48,963] {processor.py:637} INFO - DAG(s) dict_keys(['example_subdag_operator.section-1', 'example_subdag_operator.section-2', 'example_subdag_operator']) retrieved from /usr/local/lib/python3.8/dist-packages/airflow/example_dags/example_subdag_operator.py
[2021-11-29 16:40:48,995] {logging_mixin.py:109} WARNING - /usr/local/lib/python3.8/dist-packages/airflow/models/serialized_dag.py:120 SAWarning: TypeDecorator UtcDateTime(timezone=True) will not produce a cache key because the ``cache_ok`` flag is not set to True.  Set this flag to True if this type object's state is safe to use in a cache key, or False to disable this warning.
[2021-11-29 16:40:49,038] {logging_mixin.py:109} INFO - [2021-11-29 16:40:49,038] {dag.py:2396} INFO - Sync 3 DAGs
[2021-11-29 16:40:49,076] {logging_mixin.py:109} WARNING - /usr/local/lib/python3.8/dist-packages/airflow/models/dag.py:2433 SAWarning: TypeDecorator UtcDateTime(timezone=True) will not produce a cache key because the ``cache_ok`` flag is not set to True.  Set this flag to True if this type object's state is safe to use in a cache key, or False to disable this warning.
[2021-11-29 16:40:49,118] {logging_mixin.py:109} INFO - [2021-11-29 16:40:49,118] {dag.py:2928} INFO - Setting next_dagrun for example_subdag_operator to 2021-11-27T00:00:00+00:00
[2021-11-29 16:40:49,118] {logging_mixin.py:109} INFO - [2021-11-29 16:40:49,118] {dag.py:2928} INFO - Setting next_dagrun for example_subdag_operator.section-1 to None
[2021-11-29 16:40:49,119] {logging_mixin.py:109} INFO - [2021-11-29 16:40:49,119] {dag.py:2928} INFO - Setting next_dagrun for example_subdag_operator.section-2 to None
[2021-11-29 16:40:49,127] {logging_mixin.py:109} INFO - [2021-11-29 16:40:49,127] {dag.py:2396} INFO - Sync 2 DAGs
[2021-11-29 16:40:49,160] {logging_mixin.py:109} INFO - [2021-11-29 16:40:49,160] {dag.py:2928} INFO - Setting next_dagrun for example_subdag_operator.section-1 to None
[2021-11-29 16:40:49,161] {logging_mixin.py:109} INFO - [2021-11-29 16:40:49,161] {dag.py:2928} INFO - Setting next_dagrun for example_subdag_operator.section-2 to None
[2021-11-29 16:40:49,368] {processor.py:171} INFO - Processing /usr/local/lib/python3.8/dist-packages/airflow/example_dags/example_subdag_operator.py took 0.577 seconds
[2021-11-29 16:41:51,388] {processor.py:163} INFO - Started process (PID=9649) to work on /usr/local/lib/python3.8/dist-packages/airflow/example_dags/example_subdag_operator.py
[2021-11-29 16:41:51,428] {processor.py:625} INFO - Processing file /usr/local/lib/python3.8/dist-packages/airflow/example_dags/example_subdag_operator.py for tasks to queue
[2021-11-29 16:41:51,428] {logging_mixin.py:109} INFO - [2021-11-29 16:41:51,428] {dagbag.py:500} INFO - Filling up the DagBag from /usr/local/lib/python3.8/dist-packages/airflow/example_dags/example_subdag_operator.py
[2021-11-29 16:41:51,537] {processor.py:637} INFO - DAG(s) dict_keys(['example_subdag_operator.section-1', 'example_subdag_operator.section-2', 'example_subdag_operator']) retrieved from /usr/local/lib/python3.8/dist-packages/airflow/example_dags/example_subdag_operator.py
[2021-11-29 16:41:51,543] {logging_mixin.py:109} WARNING - /usr/local/lib/python3.8/dist-packages/airflow/models/serialized_dag.py:120 SAWarning: TypeDecorator UtcDateTime(timezone=True) will not produce a cache key because the ``cache_ok`` flag is not set to True.  Set this flag to True if this type object's state is safe to use in a cache key, or False to disable this warning.
[2021-11-29 16:41:51,577] {logging_mixin.py:109} INFO - [2021-11-29 16:41:51,577] {dag.py:2396} INFO - Sync 3 DAGs
[2021-11-29 16:41:51,604] {logging_mixin.py:109} WARNING - /usr/local/lib/python3.8/dist-packages/airflow/models/dag.py:2433 SAWarning: TypeDecorator UtcDateTime(timezone=True) will not produce a cache key because the ``cache_ok`` flag is not set to True.  Set this flag to True if this type object's state is safe to use in a cache key, or False to disable this warning.
[2021-11-29 16:41:51,652] {logging_mixin.py:109} INFO - [2021-11-29 16:41:51,652] {dag.py:2928} INFO - Setting next_dagrun for example_subdag_operator to 2021-11-27T00:00:00+00:00
[2021-11-29 16:41:51,652] {logging_mixin.py:109} INFO - [2021-11-29 16:41:51,652] {dag.py:2928} INFO - Setting next_dagrun for example_subdag_operator.section-1 to None
[2021-11-29 16:41:51,653] {logging_mixin.py:109} INFO - [2021-11-29 16:41:51,653] {dag.py:2928} INFO - Setting next_dagrun for example_subdag_operator.section-2 to None
[2021-11-29 16:41:51,670] {logging_mixin.py:109} INFO - [2021-11-29 16:41:51,670] {dag.py:2396} INFO - Sync 2 DAGs
[2021-11-29 16:41:51,691] {logging_mixin.py:109} INFO - [2021-11-29 16:41:51,691] {dag.py:2928} INFO - Setting next_dagrun for example_subdag_operator.section-1 to None
[2021-11-29 16:41:51,691] {logging_mixin.py:109} INFO - [2021-11-29 16:41:51,691] {dag.py:2928} INFO - Setting next_dagrun for example_subdag_operator.section-2 to None
[2021-11-29 16:41:51,876] {processor.py:171} INFO - Processing /usr/local/lib/python3.8/dist-packages/airflow/example_dags/example_subdag_operator.py took 0.502 seconds
[2021-11-29 16:42:46,516] {processor.py:163} INFO - Started process (PID=9819) to work on /usr/local/lib/python3.8/dist-packages/airflow/example_dags/example_subdag_operator.py
[2021-11-29 16:42:46,543] {processor.py:625} INFO - Processing file /usr/local/lib/python3.8/dist-packages/airflow/example_dags/example_subdag_operator.py for tasks to queue
[2021-11-29 16:42:46,545] {logging_mixin.py:109} INFO - [2021-11-29 16:42:46,545] {dagbag.py:500} INFO - Filling up the DagBag from /usr/local/lib/python3.8/dist-packages/airflow/example_dags/example_subdag_operator.py
[2021-11-29 16:42:46,632] {processor.py:637} INFO - DAG(s) dict_keys(['example_subdag_operator.section-1', 'example_subdag_operator.section-2', 'example_subdag_operator']) retrieved from /usr/local/lib/python3.8/dist-packages/airflow/example_dags/example_subdag_operator.py
[2021-11-29 16:42:46,651] {logging_mixin.py:109} WARNING - /usr/local/lib/python3.8/dist-packages/airflow/models/serialized_dag.py:120 SAWarning: TypeDecorator UtcDateTime(timezone=True) will not produce a cache key because the ``cache_ok`` flag is not set to True.  Set this flag to True if this type object's state is safe to use in a cache key, or False to disable this warning.
[2021-11-29 16:42:46,666] {logging_mixin.py:109} INFO - [2021-11-29 16:42:46,666] {dag.py:2396} INFO - Sync 3 DAGs
[2021-11-29 16:42:46,688] {logging_mixin.py:109} WARNING - /usr/local/lib/python3.8/dist-packages/airflow/models/dag.py:2433 SAWarning: TypeDecorator UtcDateTime(timezone=True) will not produce a cache key because the ``cache_ok`` flag is not set to True.  Set this flag to True if this type object's state is safe to use in a cache key, or False to disable this warning.
[2021-11-29 16:42:46,704] {logging_mixin.py:109} INFO - [2021-11-29 16:42:46,704] {dag.py:2928} INFO - Setting next_dagrun for example_subdag_operator to 2021-11-27T00:00:00+00:00
[2021-11-29 16:42:46,704] {logging_mixin.py:109} INFO - [2021-11-29 16:42:46,704] {dag.py:2928} INFO - Setting next_dagrun for example_subdag_operator.section-1 to None
[2021-11-29 16:42:46,705] {logging_mixin.py:109} INFO - [2021-11-29 16:42:46,705] {dag.py:2928} INFO - Setting next_dagrun for example_subdag_operator.section-2 to None
[2021-11-29 16:42:46,714] {logging_mixin.py:109} INFO - [2021-11-29 16:42:46,714] {dag.py:2396} INFO - Sync 2 DAGs
[2021-11-29 16:42:46,725] {logging_mixin.py:109} INFO - [2021-11-29 16:42:46,724] {dag.py:2928} INFO - Setting next_dagrun for example_subdag_operator.section-1 to None
[2021-11-29 16:42:46,725] {logging_mixin.py:109} INFO - [2021-11-29 16:42:46,725] {dag.py:2928} INFO - Setting next_dagrun for example_subdag_operator.section-2 to None
[2021-11-29 16:42:46,959] {processor.py:171} INFO - Processing /usr/local/lib/python3.8/dist-packages/airflow/example_dags/example_subdag_operator.py took 0.458 seconds
[2021-11-29 16:43:40,114] {processor.py:163} INFO - Started process (PID=9982) to work on /usr/local/lib/python3.8/dist-packages/airflow/example_dags/example_subdag_operator.py
[2021-11-29 16:43:40,125] {processor.py:625} INFO - Processing file /usr/local/lib/python3.8/dist-packages/airflow/example_dags/example_subdag_operator.py for tasks to queue
[2021-11-29 16:43:40,126] {logging_mixin.py:109} INFO - [2021-11-29 16:43:40,126] {dagbag.py:500} INFO - Filling up the DagBag from /usr/local/lib/python3.8/dist-packages/airflow/example_dags/example_subdag_operator.py
[2021-11-29 16:43:40,227] {processor.py:637} INFO - DAG(s) dict_keys(['example_subdag_operator.section-1', 'example_subdag_operator.section-2', 'example_subdag_operator']) retrieved from /usr/local/lib/python3.8/dist-packages/airflow/example_dags/example_subdag_operator.py
[2021-11-29 16:43:40,235] {logging_mixin.py:109} WARNING - /usr/local/lib/python3.8/dist-packages/airflow/models/serialized_dag.py:120 SAWarning: TypeDecorator UtcDateTime(timezone=True) will not produce a cache key because the ``cache_ok`` flag is not set to True.  Set this flag to True if this type object's state is safe to use in a cache key, or False to disable this warning.
[2021-11-29 16:43:40,271] {logging_mixin.py:109} INFO - [2021-11-29 16:43:40,271] {dag.py:2396} INFO - Sync 3 DAGs
[2021-11-29 16:43:40,307] {logging_mixin.py:109} WARNING - /usr/local/lib/python3.8/dist-packages/airflow/models/dag.py:2433 SAWarning: TypeDecorator UtcDateTime(timezone=True) will not produce a cache key because the ``cache_ok`` flag is not set to True.  Set this flag to True if this type object's state is safe to use in a cache key, or False to disable this warning.
[2021-11-29 16:43:40,322] {logging_mixin.py:109} INFO - [2021-11-29 16:43:40,322] {dag.py:2928} INFO - Setting next_dagrun for example_subdag_operator to 2021-11-27T00:00:00+00:00
[2021-11-29 16:43:40,323] {logging_mixin.py:109} INFO - [2021-11-29 16:43:40,322] {dag.py:2928} INFO - Setting next_dagrun for example_subdag_operator.section-1 to None
[2021-11-29 16:43:40,323] {logging_mixin.py:109} INFO - [2021-11-29 16:43:40,323] {dag.py:2928} INFO - Setting next_dagrun for example_subdag_operator.section-2 to None
[2021-11-29 16:43:40,335] {logging_mixin.py:109} INFO - [2021-11-29 16:43:40,335] {dag.py:2396} INFO - Sync 2 DAGs
[2021-11-29 16:43:40,352] {logging_mixin.py:109} INFO - [2021-11-29 16:43:40,352] {dag.py:2928} INFO - Setting next_dagrun for example_subdag_operator.section-1 to None
[2021-11-29 16:43:40,352] {logging_mixin.py:109} INFO - [2021-11-29 16:43:40,352] {dag.py:2928} INFO - Setting next_dagrun for example_subdag_operator.section-2 to None
[2021-11-29 16:43:40,538] {processor.py:171} INFO - Processing /usr/local/lib/python3.8/dist-packages/airflow/example_dags/example_subdag_operator.py took 0.428 seconds
[2021-11-29 16:44:36,566] {processor.py:163} INFO - Started process (PID=10147) to work on /usr/local/lib/python3.8/dist-packages/airflow/example_dags/example_subdag_operator.py
[2021-11-29 16:44:36,568] {processor.py:625} INFO - Processing file /usr/local/lib/python3.8/dist-packages/airflow/example_dags/example_subdag_operator.py for tasks to queue
[2021-11-29 16:44:36,569] {logging_mixin.py:109} INFO - [2021-11-29 16:44:36,569] {dagbag.py:500} INFO - Filling up the DagBag from /usr/local/lib/python3.8/dist-packages/airflow/example_dags/example_subdag_operator.py
[2021-11-29 16:44:36,648] {processor.py:637} INFO - DAG(s) dict_keys(['example_subdag_operator.section-1', 'example_subdag_operator.section-2', 'example_subdag_operator']) retrieved from /usr/local/lib/python3.8/dist-packages/airflow/example_dags/example_subdag_operator.py
[2021-11-29 16:44:36,655] {logging_mixin.py:109} WARNING - /usr/local/lib/python3.8/dist-packages/airflow/models/serialized_dag.py:120 SAWarning: TypeDecorator UtcDateTime(timezone=True) will not produce a cache key because the ``cache_ok`` flag is not set to True.  Set this flag to True if this type object's state is safe to use in a cache key, or False to disable this warning.
[2021-11-29 16:44:36,675] {logging_mixin.py:109} INFO - [2021-11-29 16:44:36,674] {dag.py:2396} INFO - Sync 3 DAGs
[2021-11-29 16:44:36,701] {logging_mixin.py:109} WARNING - /usr/local/lib/python3.8/dist-packages/airflow/models/dag.py:2433 SAWarning: TypeDecorator UtcDateTime(timezone=True) will not produce a cache key because the ``cache_ok`` flag is not set to True.  Set this flag to True if this type object's state is safe to use in a cache key, or False to disable this warning.
[2021-11-29 16:44:36,737] {logging_mixin.py:109} INFO - [2021-11-29 16:44:36,737] {dag.py:2928} INFO - Setting next_dagrun for example_subdag_operator to 2021-11-27T00:00:00+00:00
[2021-11-29 16:44:36,738] {logging_mixin.py:109} INFO - [2021-11-29 16:44:36,737] {dag.py:2928} INFO - Setting next_dagrun for example_subdag_operator.section-1 to None
[2021-11-29 16:44:36,738] {logging_mixin.py:109} INFO - [2021-11-29 16:44:36,738] {dag.py:2928} INFO - Setting next_dagrun for example_subdag_operator.section-2 to None
[2021-11-29 16:44:36,746] {logging_mixin.py:109} INFO - [2021-11-29 16:44:36,746] {dag.py:2396} INFO - Sync 2 DAGs
[2021-11-29 16:44:36,767] {logging_mixin.py:109} INFO - [2021-11-29 16:44:36,766] {dag.py:2928} INFO - Setting next_dagrun for example_subdag_operator.section-1 to None
[2021-11-29 16:44:36,767] {logging_mixin.py:109} INFO - [2021-11-29 16:44:36,767] {dag.py:2928} INFO - Setting next_dagrun for example_subdag_operator.section-2 to None
[2021-11-29 16:44:37,061] {processor.py:171} INFO - Processing /usr/local/lib/python3.8/dist-packages/airflow/example_dags/example_subdag_operator.py took 0.520 seconds
[2021-11-29 16:45:32,860] {processor.py:163} INFO - Started process (PID=10315) to work on /usr/local/lib/python3.8/dist-packages/airflow/example_dags/example_subdag_operator.py
[2021-11-29 16:45:32,874] {processor.py:625} INFO - Processing file /usr/local/lib/python3.8/dist-packages/airflow/example_dags/example_subdag_operator.py for tasks to queue
[2021-11-29 16:45:32,875] {logging_mixin.py:109} INFO - [2021-11-29 16:45:32,874] {dagbag.py:500} INFO - Filling up the DagBag from /usr/local/lib/python3.8/dist-packages/airflow/example_dags/example_subdag_operator.py
[2021-11-29 16:45:32,976] {processor.py:637} INFO - DAG(s) dict_keys(['example_subdag_operator.section-1', 'example_subdag_operator.section-2', 'example_subdag_operator']) retrieved from /usr/local/lib/python3.8/dist-packages/airflow/example_dags/example_subdag_operator.py
[2021-11-29 16:45:32,982] {logging_mixin.py:109} WARNING - /usr/local/lib/python3.8/dist-packages/airflow/models/serialized_dag.py:120 SAWarning: TypeDecorator UtcDateTime(timezone=True) will not produce a cache key because the ``cache_ok`` flag is not set to True.  Set this flag to True if this type object's state is safe to use in a cache key, or False to disable this warning.
[2021-11-29 16:45:33,006] {logging_mixin.py:109} INFO - [2021-11-29 16:45:33,005] {dag.py:2396} INFO - Sync 3 DAGs
[2021-11-29 16:45:33,022] {logging_mixin.py:109} WARNING - /usr/local/lib/python3.8/dist-packages/airflow/models/dag.py:2433 SAWarning: TypeDecorator UtcDateTime(timezone=True) will not produce a cache key because the ``cache_ok`` flag is not set to True.  Set this flag to True if this type object's state is safe to use in a cache key, or False to disable this warning.
[2021-11-29 16:45:33,038] {logging_mixin.py:109} INFO - [2021-11-29 16:45:33,037] {dag.py:2928} INFO - Setting next_dagrun for example_subdag_operator to 2021-11-27T00:00:00+00:00
[2021-11-29 16:45:33,038] {logging_mixin.py:109} INFO - [2021-11-29 16:45:33,038] {dag.py:2928} INFO - Setting next_dagrun for example_subdag_operator.section-1 to None
[2021-11-29 16:45:33,038] {logging_mixin.py:109} INFO - [2021-11-29 16:45:33,038] {dag.py:2928} INFO - Setting next_dagrun for example_subdag_operator.section-2 to None
[2021-11-29 16:45:33,047] {logging_mixin.py:109} INFO - [2021-11-29 16:45:33,047] {dag.py:2396} INFO - Sync 2 DAGs
[2021-11-29 16:45:33,058] {logging_mixin.py:109} INFO - [2021-11-29 16:45:33,057] {dag.py:2928} INFO - Setting next_dagrun for example_subdag_operator.section-1 to None
[2021-11-29 16:45:33,058] {logging_mixin.py:109} INFO - [2021-11-29 16:45:33,058] {dag.py:2928} INFO - Setting next_dagrun for example_subdag_operator.section-2 to None
[2021-11-29 16:45:33,348] {processor.py:171} INFO - Processing /usr/local/lib/python3.8/dist-packages/airflow/example_dags/example_subdag_operator.py took 0.507 seconds
[2021-11-29 16:46:27,905] {processor.py:163} INFO - Started process (PID=10492) to work on /usr/local/lib/python3.8/dist-packages/airflow/example_dags/example_subdag_operator.py
[2021-11-29 16:46:27,916] {processor.py:625} INFO - Processing file /usr/local/lib/python3.8/dist-packages/airflow/example_dags/example_subdag_operator.py for tasks to queue
[2021-11-29 16:46:27,917] {logging_mixin.py:109} INFO - [2021-11-29 16:46:27,917] {dagbag.py:500} INFO - Filling up the DagBag from /usr/local/lib/python3.8/dist-packages/airflow/example_dags/example_subdag_operator.py
[2021-11-29 16:46:27,996] {processor.py:637} INFO - DAG(s) dict_keys(['example_subdag_operator.section-1', 'example_subdag_operator.section-2', 'example_subdag_operator']) retrieved from /usr/local/lib/python3.8/dist-packages/airflow/example_dags/example_subdag_operator.py
[2021-11-29 16:46:28,002] {logging_mixin.py:109} WARNING - /usr/local/lib/python3.8/dist-packages/airflow/models/serialized_dag.py:120 SAWarning: TypeDecorator UtcDateTime(timezone=True) will not produce a cache key because the ``cache_ok`` flag is not set to True.  Set this flag to True if this type object's state is safe to use in a cache key, or False to disable this warning.
[2021-11-29 16:46:28,036] {logging_mixin.py:109} INFO - [2021-11-29 16:46:28,035] {dag.py:2396} INFO - Sync 3 DAGs
[2021-11-29 16:46:28,059] {logging_mixin.py:109} WARNING - /usr/local/lib/python3.8/dist-packages/airflow/models/dag.py:2433 SAWarning: TypeDecorator UtcDateTime(timezone=True) will not produce a cache key because the ``cache_ok`` flag is not set to True.  Set this flag to True if this type object's state is safe to use in a cache key, or False to disable this warning.
[2021-11-29 16:46:28,105] {logging_mixin.py:109} INFO - [2021-11-29 16:46:28,105] {dag.py:2928} INFO - Setting next_dagrun for example_subdag_operator to 2021-11-27T00:00:00+00:00
[2021-11-29 16:46:28,105] {logging_mixin.py:109} INFO - [2021-11-29 16:46:28,105] {dag.py:2928} INFO - Setting next_dagrun for example_subdag_operator.section-1 to None
[2021-11-29 16:46:28,106] {logging_mixin.py:109} INFO - [2021-11-29 16:46:28,106] {dag.py:2928} INFO - Setting next_dagrun for example_subdag_operator.section-2 to None
[2021-11-29 16:46:28,113] {logging_mixin.py:109} INFO - [2021-11-29 16:46:28,113] {dag.py:2396} INFO - Sync 2 DAGs
[2021-11-29 16:46:28,125] {logging_mixin.py:109} INFO - [2021-11-29 16:46:28,125] {dag.py:2928} INFO - Setting next_dagrun for example_subdag_operator.section-1 to None
[2021-11-29 16:46:28,125] {logging_mixin.py:109} INFO - [2021-11-29 16:46:28,125] {dag.py:2928} INFO - Setting next_dagrun for example_subdag_operator.section-2 to None
[2021-11-29 16:46:28,403] {processor.py:171} INFO - Processing /usr/local/lib/python3.8/dist-packages/airflow/example_dags/example_subdag_operator.py took 0.512 seconds
