[2021-11-29 16:15:04,959] {processor.py:163} INFO - Started process (PID=4907) to work on /usr/local/lib/python3.8/dist-packages/airflow/example_dags/example_latest_only.py
[2021-11-29 16:15:04,960] {processor.py:625} INFO - Processing file /usr/local/lib/python3.8/dist-packages/airflow/example_dags/example_latest_only.py for tasks to queue
[2021-11-29 16:15:04,961] {logging_mixin.py:109} INFO - [2021-11-29 16:15:04,961] {dagbag.py:500} INFO - Filling up the DagBag from /usr/local/lib/python3.8/dist-packages/airflow/example_dags/example_latest_only.py
[2021-11-29 16:15:05,102] {processor.py:637} INFO - DAG(s) dict_keys(['latest_only']) retrieved from /usr/local/lib/python3.8/dist-packages/airflow/example_dags/example_latest_only.py
[2021-11-29 16:15:05,119] {logging_mixin.py:109} WARNING - /usr/local/lib/python3.8/dist-packages/airflow/models/serialized_dag.py:120 SAWarning: TypeDecorator UtcDateTime(timezone=True) will not produce a cache key because the ``cache_ok`` flag is not set to True.  Set this flag to True if this type object's state is safe to use in a cache key, or False to disable this warning.
[2021-11-29 16:15:05,150] {logging_mixin.py:109} INFO - [2021-11-29 16:15:05,149] {dag.py:2396} INFO - Sync 1 DAGs
[2021-11-29 16:15:05,200] {logging_mixin.py:109} WARNING - /usr/local/lib/python3.8/dist-packages/airflow/models/dag.py:2433 SAWarning: TypeDecorator UtcDateTime(timezone=True) will not produce a cache key because the ``cache_ok`` flag is not set to True.  Set this flag to True if this type object's state is safe to use in a cache key, or False to disable this warning.
[2021-11-29 16:15:05,226] {logging_mixin.py:109} INFO - [2021-11-29 16:15:05,226] {dag.py:2928} INFO - Setting next_dagrun for latest_only to 2021-11-29T06:45:05.225705+00:00
[2021-11-29 16:15:05,639] {processor.py:171} INFO - Processing /usr/local/lib/python3.8/dist-packages/airflow/example_dags/example_latest_only.py took 0.729 seconds
[2021-11-29 16:16:06,244] {processor.py:163} INFO - Started process (PID=5076) to work on /usr/local/lib/python3.8/dist-packages/airflow/example_dags/example_latest_only.py
[2021-11-29 16:16:06,267] {processor.py:625} INFO - Processing file /usr/local/lib/python3.8/dist-packages/airflow/example_dags/example_latest_only.py for tasks to queue
[2021-11-29 16:16:06,295] {logging_mixin.py:109} INFO - [2021-11-29 16:16:06,295] {dagbag.py:500} INFO - Filling up the DagBag from /usr/local/lib/python3.8/dist-packages/airflow/example_dags/example_latest_only.py
[2021-11-29 16:16:06,432] {processor.py:637} INFO - DAG(s) dict_keys(['latest_only']) retrieved from /usr/local/lib/python3.8/dist-packages/airflow/example_dags/example_latest_only.py
[2021-11-29 16:16:06,464] {logging_mixin.py:109} WARNING - /usr/local/lib/python3.8/dist-packages/airflow/models/serialized_dag.py:120 SAWarning: TypeDecorator UtcDateTime(timezone=True) will not produce a cache key because the ``cache_ok`` flag is not set to True.  Set this flag to True if this type object's state is safe to use in a cache key, or False to disable this warning.
[2021-11-29 16:16:06,530] {logging_mixin.py:109} INFO - [2021-11-29 16:16:06,530] {dag.py:2396} INFO - Sync 1 DAGs
[2021-11-29 16:16:06,719] {logging_mixin.py:109} WARNING - /usr/local/lib/python3.8/dist-packages/airflow/models/dag.py:2433 SAWarning: TypeDecorator UtcDateTime(timezone=True) will not produce a cache key because the ``cache_ok`` flag is not set to True.  Set this flag to True if this type object's state is safe to use in a cache key, or False to disable this warning.
[2021-11-29 16:16:06,785] {logging_mixin.py:109} INFO - [2021-11-29 16:16:06,785] {dag.py:2928} INFO - Setting next_dagrun for latest_only to 2021-11-29T06:46:06.785157+00:00
[2021-11-29 16:16:10,406] {processor.py:171} INFO - Processing /usr/local/lib/python3.8/dist-packages/airflow/example_dags/example_latest_only.py took 4.169 seconds
[2021-11-29 16:17:07,127] {processor.py:163} INFO - Started process (PID=5246) to work on /usr/local/lib/python3.8/dist-packages/airflow/example_dags/example_latest_only.py
[2021-11-29 16:17:07,146] {processor.py:625} INFO - Processing file /usr/local/lib/python3.8/dist-packages/airflow/example_dags/example_latest_only.py for tasks to queue
[2021-11-29 16:17:07,147] {logging_mixin.py:109} INFO - [2021-11-29 16:17:07,147] {dagbag.py:500} INFO - Filling up the DagBag from /usr/local/lib/python3.8/dist-packages/airflow/example_dags/example_latest_only.py
[2021-11-29 16:17:07,215] {processor.py:637} INFO - DAG(s) dict_keys(['latest_only']) retrieved from /usr/local/lib/python3.8/dist-packages/airflow/example_dags/example_latest_only.py
[2021-11-29 16:17:07,224] {logging_mixin.py:109} WARNING - /usr/local/lib/python3.8/dist-packages/airflow/models/serialized_dag.py:120 SAWarning: TypeDecorator UtcDateTime(timezone=True) will not produce a cache key because the ``cache_ok`` flag is not set to True.  Set this flag to True if this type object's state is safe to use in a cache key, or False to disable this warning.
[2021-11-29 16:17:07,254] {logging_mixin.py:109} INFO - [2021-11-29 16:17:07,254] {dag.py:2396} INFO - Sync 1 DAGs
[2021-11-29 16:17:07,330] {logging_mixin.py:109} WARNING - /usr/local/lib/python3.8/dist-packages/airflow/models/dag.py:2433 SAWarning: TypeDecorator UtcDateTime(timezone=True) will not produce a cache key because the ``cache_ok`` flag is not set to True.  Set this flag to True if this type object's state is safe to use in a cache key, or False to disable this warning.
[2021-11-29 16:17:07,398] {logging_mixin.py:109} INFO - [2021-11-29 16:17:07,398] {dag.py:2928} INFO - Setting next_dagrun for latest_only to 2021-11-29T06:47:07.398011+00:00
[2021-11-29 16:17:08,748] {processor.py:171} INFO - Processing /usr/local/lib/python3.8/dist-packages/airflow/example_dags/example_latest_only.py took 1.637 seconds
[2021-11-29 16:18:03,555] {processor.py:163} INFO - Started process (PID=5435) to work on /usr/local/lib/python3.8/dist-packages/airflow/example_dags/example_latest_only.py
[2021-11-29 16:18:03,592] {processor.py:625} INFO - Processing file /usr/local/lib/python3.8/dist-packages/airflow/example_dags/example_latest_only.py for tasks to queue
[2021-11-29 16:18:03,592] {logging_mixin.py:109} INFO - [2021-11-29 16:18:03,592] {dagbag.py:500} INFO - Filling up the DagBag from /usr/local/lib/python3.8/dist-packages/airflow/example_dags/example_latest_only.py
[2021-11-29 16:18:03,659] {processor.py:637} INFO - DAG(s) dict_keys(['latest_only']) retrieved from /usr/local/lib/python3.8/dist-packages/airflow/example_dags/example_latest_only.py
[2021-11-29 16:18:03,668] {logging_mixin.py:109} WARNING - /usr/local/lib/python3.8/dist-packages/airflow/models/serialized_dag.py:120 SAWarning: TypeDecorator UtcDateTime(timezone=True) will not produce a cache key because the ``cache_ok`` flag is not set to True.  Set this flag to True if this type object's state is safe to use in a cache key, or False to disable this warning.
[2021-11-29 16:18:03,681] {logging_mixin.py:109} INFO - [2021-11-29 16:18:03,681] {dag.py:2396} INFO - Sync 1 DAGs
[2021-11-29 16:18:03,699] {logging_mixin.py:109} WARNING - /usr/local/lib/python3.8/dist-packages/airflow/models/dag.py:2433 SAWarning: TypeDecorator UtcDateTime(timezone=True) will not produce a cache key because the ``cache_ok`` flag is not set to True.  Set this flag to True if this type object's state is safe to use in a cache key, or False to disable this warning.
[2021-11-29 16:18:03,713] {logging_mixin.py:109} INFO - [2021-11-29 16:18:03,712] {dag.py:2928} INFO - Setting next_dagrun for latest_only to 2021-11-29T06:48:03.712309+00:00
[2021-11-29 16:18:03,888] {processor.py:171} INFO - Processing /usr/local/lib/python3.8/dist-packages/airflow/example_dags/example_latest_only.py took 0.338 seconds
[2021-11-29 16:19:02,005] {processor.py:163} INFO - Started process (PID=5603) to work on /usr/local/lib/python3.8/dist-packages/airflow/example_dags/example_latest_only.py
[2021-11-29 16:19:02,037] {processor.py:625} INFO - Processing file /usr/local/lib/python3.8/dist-packages/airflow/example_dags/example_latest_only.py for tasks to queue
[2021-11-29 16:19:02,038] {logging_mixin.py:109} INFO - [2021-11-29 16:19:02,038] {dagbag.py:500} INFO - Filling up the DagBag from /usr/local/lib/python3.8/dist-packages/airflow/example_dags/example_latest_only.py
[2021-11-29 16:19:02,116] {processor.py:637} INFO - DAG(s) dict_keys(['latest_only']) retrieved from /usr/local/lib/python3.8/dist-packages/airflow/example_dags/example_latest_only.py
[2021-11-29 16:19:02,138] {logging_mixin.py:109} WARNING - /usr/local/lib/python3.8/dist-packages/airflow/models/serialized_dag.py:120 SAWarning: TypeDecorator UtcDateTime(timezone=True) will not produce a cache key because the ``cache_ok`` flag is not set to True.  Set this flag to True if this type object's state is safe to use in a cache key, or False to disable this warning.
[2021-11-29 16:19:02,160] {logging_mixin.py:109} INFO - [2021-11-29 16:19:02,159] {dag.py:2396} INFO - Sync 1 DAGs
[2021-11-29 16:19:02,201] {logging_mixin.py:109} WARNING - /usr/local/lib/python3.8/dist-packages/airflow/models/dag.py:2433 SAWarning: TypeDecorator UtcDateTime(timezone=True) will not produce a cache key because the ``cache_ok`` flag is not set to True.  Set this flag to True if this type object's state is safe to use in a cache key, or False to disable this warning.
[2021-11-29 16:19:02,224] {logging_mixin.py:109} INFO - [2021-11-29 16:19:02,224] {dag.py:2928} INFO - Setting next_dagrun for latest_only to 2021-11-29T06:49:02.223732+00:00
[2021-11-29 16:19:02,498] {processor.py:171} INFO - Processing /usr/local/lib/python3.8/dist-packages/airflow/example_dags/example_latest_only.py took 0.508 seconds
[2021-11-29 16:19:57,205] {processor.py:163} INFO - Started process (PID=5771) to work on /usr/local/lib/python3.8/dist-packages/airflow/example_dags/example_latest_only.py
[2021-11-29 16:19:57,235] {processor.py:625} INFO - Processing file /usr/local/lib/python3.8/dist-packages/airflow/example_dags/example_latest_only.py for tasks to queue
[2021-11-29 16:19:57,237] {logging_mixin.py:109} INFO - [2021-11-29 16:19:57,236] {dagbag.py:500} INFO - Filling up the DagBag from /usr/local/lib/python3.8/dist-packages/airflow/example_dags/example_latest_only.py
[2021-11-29 16:19:57,302] {processor.py:637} INFO - DAG(s) dict_keys(['latest_only']) retrieved from /usr/local/lib/python3.8/dist-packages/airflow/example_dags/example_latest_only.py
[2021-11-29 16:19:57,322] {logging_mixin.py:109} WARNING - /usr/local/lib/python3.8/dist-packages/airflow/models/serialized_dag.py:120 SAWarning: TypeDecorator UtcDateTime(timezone=True) will not produce a cache key because the ``cache_ok`` flag is not set to True.  Set this flag to True if this type object's state is safe to use in a cache key, or False to disable this warning.
[2021-11-29 16:19:57,345] {logging_mixin.py:109} INFO - [2021-11-29 16:19:57,335] {dag.py:2396} INFO - Sync 1 DAGs
[2021-11-29 16:19:57,375] {logging_mixin.py:109} WARNING - /usr/local/lib/python3.8/dist-packages/airflow/models/dag.py:2433 SAWarning: TypeDecorator UtcDateTime(timezone=True) will not produce a cache key because the ``cache_ok`` flag is not set to True.  Set this flag to True if this type object's state is safe to use in a cache key, or False to disable this warning.
[2021-11-29 16:19:57,389] {logging_mixin.py:109} INFO - [2021-11-29 16:19:57,388] {dag.py:2928} INFO - Setting next_dagrun for latest_only to 2021-11-29T06:49:57.388436+00:00
[2021-11-29 16:19:57,686] {processor.py:171} INFO - Processing /usr/local/lib/python3.8/dist-packages/airflow/example_dags/example_latest_only.py took 0.486 seconds
[2021-11-29 16:20:50,380] {processor.py:163} INFO - Started process (PID=5942) to work on /usr/local/lib/python3.8/dist-packages/airflow/example_dags/example_latest_only.py
[2021-11-29 16:20:50,415] {processor.py:625} INFO - Processing file /usr/local/lib/python3.8/dist-packages/airflow/example_dags/example_latest_only.py for tasks to queue
[2021-11-29 16:20:50,416] {logging_mixin.py:109} INFO - [2021-11-29 16:20:50,416] {dagbag.py:500} INFO - Filling up the DagBag from /usr/local/lib/python3.8/dist-packages/airflow/example_dags/example_latest_only.py
[2021-11-29 16:20:50,480] {processor.py:637} INFO - DAG(s) dict_keys(['latest_only']) retrieved from /usr/local/lib/python3.8/dist-packages/airflow/example_dags/example_latest_only.py
[2021-11-29 16:20:50,499] {logging_mixin.py:109} WARNING - /usr/local/lib/python3.8/dist-packages/airflow/models/serialized_dag.py:120 SAWarning: TypeDecorator UtcDateTime(timezone=True) will not produce a cache key because the ``cache_ok`` flag is not set to True.  Set this flag to True if this type object's state is safe to use in a cache key, or False to disable this warning.
[2021-11-29 16:20:50,522] {logging_mixin.py:109} INFO - [2021-11-29 16:20:50,522] {dag.py:2396} INFO - Sync 1 DAGs
[2021-11-29 16:20:50,577] {logging_mixin.py:109} WARNING - /usr/local/lib/python3.8/dist-packages/airflow/models/dag.py:2433 SAWarning: TypeDecorator UtcDateTime(timezone=True) will not produce a cache key because the ``cache_ok`` flag is not set to True.  Set this flag to True if this type object's state is safe to use in a cache key, or False to disable this warning.
[2021-11-29 16:20:50,598] {logging_mixin.py:109} INFO - [2021-11-29 16:20:50,598] {dag.py:2928} INFO - Setting next_dagrun for latest_only to 2021-11-29T06:50:50.598013+00:00
[2021-11-29 16:20:50,851] {processor.py:171} INFO - Processing /usr/local/lib/python3.8/dist-packages/airflow/example_dags/example_latest_only.py took 0.501 seconds
[2021-11-29 16:21:44,779] {processor.py:163} INFO - Started process (PID=6113) to work on /usr/local/lib/python3.8/dist-packages/airflow/example_dags/example_latest_only.py
[2021-11-29 16:21:44,793] {processor.py:625} INFO - Processing file /usr/local/lib/python3.8/dist-packages/airflow/example_dags/example_latest_only.py for tasks to queue
[2021-11-29 16:21:44,794] {logging_mixin.py:109} INFO - [2021-11-29 16:21:44,794] {dagbag.py:500} INFO - Filling up the DagBag from /usr/local/lib/python3.8/dist-packages/airflow/example_dags/example_latest_only.py
[2021-11-29 16:21:44,849] {processor.py:637} INFO - DAG(s) dict_keys(['latest_only']) retrieved from /usr/local/lib/python3.8/dist-packages/airflow/example_dags/example_latest_only.py
[2021-11-29 16:21:44,867] {logging_mixin.py:109} WARNING - /usr/local/lib/python3.8/dist-packages/airflow/models/serialized_dag.py:120 SAWarning: TypeDecorator UtcDateTime(timezone=True) will not produce a cache key because the ``cache_ok`` flag is not set to True.  Set this flag to True if this type object's state is safe to use in a cache key, or False to disable this warning.
[2021-11-29 16:21:44,892] {logging_mixin.py:109} INFO - [2021-11-29 16:21:44,892] {dag.py:2396} INFO - Sync 1 DAGs
[2021-11-29 16:21:44,931] {logging_mixin.py:109} WARNING - /usr/local/lib/python3.8/dist-packages/airflow/models/dag.py:2433 SAWarning: TypeDecorator UtcDateTime(timezone=True) will not produce a cache key because the ``cache_ok`` flag is not set to True.  Set this flag to True if this type object's state is safe to use in a cache key, or False to disable this warning.
[2021-11-29 16:21:44,966] {logging_mixin.py:109} INFO - [2021-11-29 16:21:44,965] {dag.py:2928} INFO - Setting next_dagrun for latest_only to 2021-11-29T06:51:44.965363+00:00
[2021-11-29 16:21:45,223] {processor.py:171} INFO - Processing /usr/local/lib/python3.8/dist-packages/airflow/example_dags/example_latest_only.py took 0.449 seconds
[2021-11-29 16:22:43,577] {processor.py:163} INFO - Started process (PID=6296) to work on /usr/local/lib/python3.8/dist-packages/airflow/example_dags/example_latest_only.py
[2021-11-29 16:22:43,594] {processor.py:625} INFO - Processing file /usr/local/lib/python3.8/dist-packages/airflow/example_dags/example_latest_only.py for tasks to queue
[2021-11-29 16:22:43,595] {logging_mixin.py:109} INFO - [2021-11-29 16:22:43,595] {dagbag.py:500} INFO - Filling up the DagBag from /usr/local/lib/python3.8/dist-packages/airflow/example_dags/example_latest_only.py
[2021-11-29 16:22:43,679] {processor.py:637} INFO - DAG(s) dict_keys(['latest_only']) retrieved from /usr/local/lib/python3.8/dist-packages/airflow/example_dags/example_latest_only.py
[2021-11-29 16:22:43,697] {logging_mixin.py:109} WARNING - /usr/local/lib/python3.8/dist-packages/airflow/models/serialized_dag.py:120 SAWarning: TypeDecorator UtcDateTime(timezone=True) will not produce a cache key because the ``cache_ok`` flag is not set to True.  Set this flag to True if this type object's state is safe to use in a cache key, or False to disable this warning.
[2021-11-29 16:22:43,720] {logging_mixin.py:109} INFO - [2021-11-29 16:22:43,720] {dag.py:2396} INFO - Sync 1 DAGs
[2021-11-29 16:22:43,777] {logging_mixin.py:109} WARNING - /usr/local/lib/python3.8/dist-packages/airflow/models/dag.py:2433 SAWarning: TypeDecorator UtcDateTime(timezone=True) will not produce a cache key because the ``cache_ok`` flag is not set to True.  Set this flag to True if this type object's state is safe to use in a cache key, or False to disable this warning.
[2021-11-29 16:22:43,815] {logging_mixin.py:109} INFO - [2021-11-29 16:22:43,815] {dag.py:2928} INFO - Setting next_dagrun for latest_only to 2021-11-29T06:52:43.805036+00:00
[2021-11-29 16:22:44,170] {processor.py:171} INFO - Processing /usr/local/lib/python3.8/dist-packages/airflow/example_dags/example_latest_only.py took 0.610 seconds
[2021-11-29 16:23:38,354] {processor.py:163} INFO - Started process (PID=6469) to work on /usr/local/lib/python3.8/dist-packages/airflow/example_dags/example_latest_only.py
[2021-11-29 16:23:38,365] {processor.py:625} INFO - Processing file /usr/local/lib/python3.8/dist-packages/airflow/example_dags/example_latest_only.py for tasks to queue
[2021-11-29 16:23:38,366] {logging_mixin.py:109} INFO - [2021-11-29 16:23:38,366] {dagbag.py:500} INFO - Filling up the DagBag from /usr/local/lib/python3.8/dist-packages/airflow/example_dags/example_latest_only.py
[2021-11-29 16:23:38,435] {processor.py:637} INFO - DAG(s) dict_keys(['latest_only']) retrieved from /usr/local/lib/python3.8/dist-packages/airflow/example_dags/example_latest_only.py
[2021-11-29 16:23:38,451] {logging_mixin.py:109} WARNING - /usr/local/lib/python3.8/dist-packages/airflow/models/serialized_dag.py:120 SAWarning: TypeDecorator UtcDateTime(timezone=True) will not produce a cache key because the ``cache_ok`` flag is not set to True.  Set this flag to True if this type object's state is safe to use in a cache key, or False to disable this warning.
[2021-11-29 16:23:38,473] {logging_mixin.py:109} INFO - [2021-11-29 16:23:38,473] {dag.py:2396} INFO - Sync 1 DAGs
[2021-11-29 16:23:38,503] {logging_mixin.py:109} WARNING - /usr/local/lib/python3.8/dist-packages/airflow/models/dag.py:2433 SAWarning: TypeDecorator UtcDateTime(timezone=True) will not produce a cache key because the ``cache_ok`` flag is not set to True.  Set this flag to True if this type object's state is safe to use in a cache key, or False to disable this warning.
[2021-11-29 16:23:38,546] {logging_mixin.py:109} INFO - [2021-11-29 16:23:38,546] {dag.py:2928} INFO - Setting next_dagrun for latest_only to 2021-11-29T06:53:38.545870+00:00
[2021-11-29 16:23:38,728] {processor.py:171} INFO - Processing /usr/local/lib/python3.8/dist-packages/airflow/example_dags/example_latest_only.py took 0.381 seconds
[2021-11-29 16:24:37,149] {processor.py:163} INFO - Started process (PID=6626) to work on /usr/local/lib/python3.8/dist-packages/airflow/example_dags/example_latest_only.py
[2021-11-29 16:24:37,209] {processor.py:625} INFO - Processing file /usr/local/lib/python3.8/dist-packages/airflow/example_dags/example_latest_only.py for tasks to queue
[2021-11-29 16:24:37,209] {logging_mixin.py:109} INFO - [2021-11-29 16:24:37,209] {dagbag.py:500} INFO - Filling up the DagBag from /usr/local/lib/python3.8/dist-packages/airflow/example_dags/example_latest_only.py
[2021-11-29 16:24:37,263] {processor.py:637} INFO - DAG(s) dict_keys(['latest_only']) retrieved from /usr/local/lib/python3.8/dist-packages/airflow/example_dags/example_latest_only.py
[2021-11-29 16:24:37,269] {logging_mixin.py:109} WARNING - /usr/local/lib/python3.8/dist-packages/airflow/models/serialized_dag.py:120 SAWarning: TypeDecorator UtcDateTime(timezone=True) will not produce a cache key because the ``cache_ok`` flag is not set to True.  Set this flag to True if this type object's state is safe to use in a cache key, or False to disable this warning.
[2021-11-29 16:24:37,304] {logging_mixin.py:109} INFO - [2021-11-29 16:24:37,304] {dag.py:2396} INFO - Sync 1 DAGs
[2021-11-29 16:24:37,357] {logging_mixin.py:109} WARNING - /usr/local/lib/python3.8/dist-packages/airflow/models/dag.py:2433 SAWarning: TypeDecorator UtcDateTime(timezone=True) will not produce a cache key because the ``cache_ok`` flag is not set to True.  Set this flag to True if this type object's state is safe to use in a cache key, or False to disable this warning.
[2021-11-29 16:24:37,384] {logging_mixin.py:109} INFO - [2021-11-29 16:24:37,384] {dag.py:2928} INFO - Setting next_dagrun for latest_only to 2021-11-29T06:54:37.384457+00:00
[2021-11-29 16:24:37,696] {processor.py:171} INFO - Processing /usr/local/lib/python3.8/dist-packages/airflow/example_dags/example_latest_only.py took 0.563 seconds
[2021-11-29 16:25:36,766] {processor.py:163} INFO - Started process (PID=6801) to work on /usr/local/lib/python3.8/dist-packages/airflow/example_dags/example_latest_only.py
[2021-11-29 16:25:36,802] {processor.py:625} INFO - Processing file /usr/local/lib/python3.8/dist-packages/airflow/example_dags/example_latest_only.py for tasks to queue
[2021-11-29 16:25:36,803] {logging_mixin.py:109} INFO - [2021-11-29 16:25:36,803] {dagbag.py:500} INFO - Filling up the DagBag from /usr/local/lib/python3.8/dist-packages/airflow/example_dags/example_latest_only.py
[2021-11-29 16:25:36,869] {processor.py:637} INFO - DAG(s) dict_keys(['latest_only']) retrieved from /usr/local/lib/python3.8/dist-packages/airflow/example_dags/example_latest_only.py
[2021-11-29 16:25:36,898] {logging_mixin.py:109} WARNING - /usr/local/lib/python3.8/dist-packages/airflow/models/serialized_dag.py:120 SAWarning: TypeDecorator UtcDateTime(timezone=True) will not produce a cache key because the ``cache_ok`` flag is not set to True.  Set this flag to True if this type object's state is safe to use in a cache key, or False to disable this warning.
[2021-11-29 16:25:36,909] {logging_mixin.py:109} INFO - [2021-11-29 16:25:36,909] {dag.py:2396} INFO - Sync 1 DAGs
[2021-11-29 16:25:36,945] {logging_mixin.py:109} WARNING - /usr/local/lib/python3.8/dist-packages/airflow/models/dag.py:2433 SAWarning: TypeDecorator UtcDateTime(timezone=True) will not produce a cache key because the ``cache_ok`` flag is not set to True.  Set this flag to True if this type object's state is safe to use in a cache key, or False to disable this warning.
[2021-11-29 16:25:36,968] {logging_mixin.py:109} INFO - [2021-11-29 16:25:36,967] {dag.py:2928} INFO - Setting next_dagrun for latest_only to 2021-11-29T06:55:36.967493+00:00
[2021-11-29 16:25:37,162] {processor.py:171} INFO - Processing /usr/local/lib/python3.8/dist-packages/airflow/example_dags/example_latest_only.py took 0.400 seconds
[2021-11-29 16:26:31,069] {processor.py:163} INFO - Started process (PID=6970) to work on /usr/local/lib/python3.8/dist-packages/airflow/example_dags/example_latest_only.py
[2021-11-29 16:26:31,115] {processor.py:625} INFO - Processing file /usr/local/lib/python3.8/dist-packages/airflow/example_dags/example_latest_only.py for tasks to queue
[2021-11-29 16:26:31,115] {logging_mixin.py:109} INFO - [2021-11-29 16:26:31,115] {dagbag.py:500} INFO - Filling up the DagBag from /usr/local/lib/python3.8/dist-packages/airflow/example_dags/example_latest_only.py
[2021-11-29 16:26:31,164] {processor.py:637} INFO - DAG(s) dict_keys(['latest_only']) retrieved from /usr/local/lib/python3.8/dist-packages/airflow/example_dags/example_latest_only.py
[2021-11-29 16:26:31,176] {logging_mixin.py:109} WARNING - /usr/local/lib/python3.8/dist-packages/airflow/models/serialized_dag.py:120 SAWarning: TypeDecorator UtcDateTime(timezone=True) will not produce a cache key because the ``cache_ok`` flag is not set to True.  Set this flag to True if this type object's state is safe to use in a cache key, or False to disable this warning.
[2021-11-29 16:26:31,196] {logging_mixin.py:109} INFO - [2021-11-29 16:26:31,196] {dag.py:2396} INFO - Sync 1 DAGs
[2021-11-29 16:26:31,219] {logging_mixin.py:109} WARNING - /usr/local/lib/python3.8/dist-packages/airflow/models/dag.py:2433 SAWarning: TypeDecorator UtcDateTime(timezone=True) will not produce a cache key because the ``cache_ok`` flag is not set to True.  Set this flag to True if this type object's state is safe to use in a cache key, or False to disable this warning.
[2021-11-29 16:26:31,240] {logging_mixin.py:109} INFO - [2021-11-29 16:26:31,240] {dag.py:2928} INFO - Setting next_dagrun for latest_only to 2021-11-29T06:56:31.240064+00:00
[2021-11-29 16:26:31,419] {processor.py:171} INFO - Processing /usr/local/lib/python3.8/dist-packages/airflow/example_dags/example_latest_only.py took 0.355 seconds
[2021-11-29 16:27:24,265] {processor.py:163} INFO - Started process (PID=7133) to work on /usr/local/lib/python3.8/dist-packages/airflow/example_dags/example_latest_only.py
[2021-11-29 16:27:24,301] {processor.py:625} INFO - Processing file /usr/local/lib/python3.8/dist-packages/airflow/example_dags/example_latest_only.py for tasks to queue
[2021-11-29 16:27:24,302] {logging_mixin.py:109} INFO - [2021-11-29 16:27:24,302] {dagbag.py:500} INFO - Filling up the DagBag from /usr/local/lib/python3.8/dist-packages/airflow/example_dags/example_latest_only.py
[2021-11-29 16:27:24,367] {processor.py:637} INFO - DAG(s) dict_keys(['latest_only']) retrieved from /usr/local/lib/python3.8/dist-packages/airflow/example_dags/example_latest_only.py
[2021-11-29 16:27:24,374] {logging_mixin.py:109} WARNING - /usr/local/lib/python3.8/dist-packages/airflow/models/serialized_dag.py:120 SAWarning: TypeDecorator UtcDateTime(timezone=True) will not produce a cache key because the ``cache_ok`` flag is not set to True.  Set this flag to True if this type object's state is safe to use in a cache key, or False to disable this warning.
[2021-11-29 16:27:24,418] {logging_mixin.py:109} INFO - [2021-11-29 16:27:24,417] {dag.py:2396} INFO - Sync 1 DAGs
[2021-11-29 16:27:24,448] {logging_mixin.py:109} WARNING - /usr/local/lib/python3.8/dist-packages/airflow/models/dag.py:2433 SAWarning: TypeDecorator UtcDateTime(timezone=True) will not produce a cache key because the ``cache_ok`` flag is not set to True.  Set this flag to True if this type object's state is safe to use in a cache key, or False to disable this warning.
[2021-11-29 16:27:24,462] {logging_mixin.py:109} INFO - [2021-11-29 16:27:24,462] {dag.py:2928} INFO - Setting next_dagrun for latest_only to 2021-11-29T06:57:24.462174+00:00
[2021-11-29 16:27:24,638] {processor.py:171} INFO - Processing /usr/local/lib/python3.8/dist-packages/airflow/example_dags/example_latest_only.py took 0.389 seconds
[2021-11-29 16:28:20,147] {processor.py:163} INFO - Started process (PID=7291) to work on /usr/local/lib/python3.8/dist-packages/airflow/example_dags/example_latest_only.py
[2021-11-29 16:28:20,192] {processor.py:625} INFO - Processing file /usr/local/lib/python3.8/dist-packages/airflow/example_dags/example_latest_only.py for tasks to queue
[2021-11-29 16:28:20,198] {logging_mixin.py:109} INFO - [2021-11-29 16:28:20,197] {dagbag.py:500} INFO - Filling up the DagBag from /usr/local/lib/python3.8/dist-packages/airflow/example_dags/example_latest_only.py
[2021-11-29 16:28:20,294] {processor.py:637} INFO - DAG(s) dict_keys(['latest_only']) retrieved from /usr/local/lib/python3.8/dist-packages/airflow/example_dags/example_latest_only.py
[2021-11-29 16:28:20,301] {logging_mixin.py:109} WARNING - /usr/local/lib/python3.8/dist-packages/airflow/models/serialized_dag.py:120 SAWarning: TypeDecorator UtcDateTime(timezone=True) will not produce a cache key because the ``cache_ok`` flag is not set to True.  Set this flag to True if this type object's state is safe to use in a cache key, or False to disable this warning.
[2021-11-29 16:28:20,361] {logging_mixin.py:109} INFO - [2021-11-29 16:28:20,361] {dag.py:2396} INFO - Sync 1 DAGs
[2021-11-29 16:28:20,411] {logging_mixin.py:109} WARNING - /usr/local/lib/python3.8/dist-packages/airflow/models/dag.py:2433 SAWarning: TypeDecorator UtcDateTime(timezone=True) will not produce a cache key because the ``cache_ok`` flag is not set to True.  Set this flag to True if this type object's state is safe to use in a cache key, or False to disable this warning.
[2021-11-29 16:28:20,462] {logging_mixin.py:109} INFO - [2021-11-29 16:28:20,462] {dag.py:2928} INFO - Setting next_dagrun for latest_only to 2021-11-29T06:58:20.461487+00:00
[2021-11-29 16:28:20,667] {processor.py:171} INFO - Processing /usr/local/lib/python3.8/dist-packages/airflow/example_dags/example_latest_only.py took 0.534 seconds
[2021-11-29 16:29:18,566] {processor.py:163} INFO - Started process (PID=7454) to work on /usr/local/lib/python3.8/dist-packages/airflow/example_dags/example_latest_only.py
[2021-11-29 16:29:18,582] {processor.py:625} INFO - Processing file /usr/local/lib/python3.8/dist-packages/airflow/example_dags/example_latest_only.py for tasks to queue
[2021-11-29 16:29:18,583] {logging_mixin.py:109} INFO - [2021-11-29 16:29:18,583] {dagbag.py:500} INFO - Filling up the DagBag from /usr/local/lib/python3.8/dist-packages/airflow/example_dags/example_latest_only.py
[2021-11-29 16:29:18,668] {processor.py:637} INFO - DAG(s) dict_keys(['latest_only']) retrieved from /usr/local/lib/python3.8/dist-packages/airflow/example_dags/example_latest_only.py
[2021-11-29 16:29:18,686] {logging_mixin.py:109} WARNING - /usr/local/lib/python3.8/dist-packages/airflow/models/serialized_dag.py:120 SAWarning: TypeDecorator UtcDateTime(timezone=True) will not produce a cache key because the ``cache_ok`` flag is not set to True.  Set this flag to True if this type object's state is safe to use in a cache key, or False to disable this warning.
[2021-11-29 16:29:18,703] {logging_mixin.py:109} INFO - [2021-11-29 16:29:18,703] {dag.py:2396} INFO - Sync 1 DAGs
[2021-11-29 16:29:18,727] {logging_mixin.py:109} WARNING - /usr/local/lib/python3.8/dist-packages/airflow/models/dag.py:2433 SAWarning: TypeDecorator UtcDateTime(timezone=True) will not produce a cache key because the ``cache_ok`` flag is not set to True.  Set this flag to True if this type object's state is safe to use in a cache key, or False to disable this warning.
[2021-11-29 16:29:18,747] {logging_mixin.py:109} INFO - [2021-11-29 16:29:18,747] {dag.py:2928} INFO - Setting next_dagrun for latest_only to 2021-11-29T06:59:18.746805+00:00
[2021-11-29 16:29:19,005] {processor.py:171} INFO - Processing /usr/local/lib/python3.8/dist-packages/airflow/example_dags/example_latest_only.py took 0.453 seconds
[2021-11-29 16:30:15,726] {processor.py:163} INFO - Started process (PID=7618) to work on /usr/local/lib/python3.8/dist-packages/airflow/example_dags/example_latest_only.py
[2021-11-29 16:30:15,737] {processor.py:625} INFO - Processing file /usr/local/lib/python3.8/dist-packages/airflow/example_dags/example_latest_only.py for tasks to queue
[2021-11-29 16:30:15,739] {logging_mixin.py:109} INFO - [2021-11-29 16:30:15,738] {dagbag.py:500} INFO - Filling up the DagBag from /usr/local/lib/python3.8/dist-packages/airflow/example_dags/example_latest_only.py
[2021-11-29 16:30:15,820] {processor.py:637} INFO - DAG(s) dict_keys(['latest_only']) retrieved from /usr/local/lib/python3.8/dist-packages/airflow/example_dags/example_latest_only.py
[2021-11-29 16:30:15,841] {logging_mixin.py:109} WARNING - /usr/local/lib/python3.8/dist-packages/airflow/models/serialized_dag.py:120 SAWarning: TypeDecorator UtcDateTime(timezone=True) will not produce a cache key because the ``cache_ok`` flag is not set to True.  Set this flag to True if this type object's state is safe to use in a cache key, or False to disable this warning.
[2021-11-29 16:30:15,865] {logging_mixin.py:109} INFO - [2021-11-29 16:30:15,865] {dag.py:2396} INFO - Sync 1 DAGs
[2021-11-29 16:30:15,923] {logging_mixin.py:109} WARNING - /usr/local/lib/python3.8/dist-packages/airflow/models/dag.py:2433 SAWarning: TypeDecorator UtcDateTime(timezone=True) will not produce a cache key because the ``cache_ok`` flag is not set to True.  Set this flag to True if this type object's state is safe to use in a cache key, or False to disable this warning.
[2021-11-29 16:30:15,948] {logging_mixin.py:109} INFO - [2021-11-29 16:30:15,948] {dag.py:2928} INFO - Setting next_dagrun for latest_only to 2021-11-29T07:00:15.947782+00:00
[2021-11-29 16:30:16,140] {processor.py:171} INFO - Processing /usr/local/lib/python3.8/dist-packages/airflow/example_dags/example_latest_only.py took 0.430 seconds
[2021-11-29 16:31:12,708] {processor.py:163} INFO - Started process (PID=7781) to work on /usr/local/lib/python3.8/dist-packages/airflow/example_dags/example_latest_only.py
[2021-11-29 16:31:12,727] {processor.py:625} INFO - Processing file /usr/local/lib/python3.8/dist-packages/airflow/example_dags/example_latest_only.py for tasks to queue
[2021-11-29 16:31:12,728] {logging_mixin.py:109} INFO - [2021-11-29 16:31:12,728] {dagbag.py:500} INFO - Filling up the DagBag from /usr/local/lib/python3.8/dist-packages/airflow/example_dags/example_latest_only.py
[2021-11-29 16:31:12,788] {processor.py:637} INFO - DAG(s) dict_keys(['latest_only']) retrieved from /usr/local/lib/python3.8/dist-packages/airflow/example_dags/example_latest_only.py
[2021-11-29 16:31:12,808] {logging_mixin.py:109} WARNING - /usr/local/lib/python3.8/dist-packages/airflow/models/serialized_dag.py:120 SAWarning: TypeDecorator UtcDateTime(timezone=True) will not produce a cache key because the ``cache_ok`` flag is not set to True.  Set this flag to True if this type object's state is safe to use in a cache key, or False to disable this warning.
[2021-11-29 16:31:12,829] {logging_mixin.py:109} INFO - [2021-11-29 16:31:12,829] {dag.py:2396} INFO - Sync 1 DAGs
[2021-11-29 16:31:12,876] {logging_mixin.py:109} WARNING - /usr/local/lib/python3.8/dist-packages/airflow/models/dag.py:2433 SAWarning: TypeDecorator UtcDateTime(timezone=True) will not produce a cache key because the ``cache_ok`` flag is not set to True.  Set this flag to True if this type object's state is safe to use in a cache key, or False to disable this warning.
[2021-11-29 16:31:12,899] {logging_mixin.py:109} INFO - [2021-11-29 16:31:12,899] {dag.py:2928} INFO - Setting next_dagrun for latest_only to 2021-11-29T07:01:12.898654+00:00
[2021-11-29 16:31:13,149] {processor.py:171} INFO - Processing /usr/local/lib/python3.8/dist-packages/airflow/example_dags/example_latest_only.py took 0.455 seconds
[2021-11-29 16:32:07,146] {processor.py:163} INFO - Started process (PID=7942) to work on /usr/local/lib/python3.8/dist-packages/airflow/example_dags/example_latest_only.py
[2021-11-29 16:32:07,172] {processor.py:625} INFO - Processing file /usr/local/lib/python3.8/dist-packages/airflow/example_dags/example_latest_only.py for tasks to queue
[2021-11-29 16:32:07,173] {logging_mixin.py:109} INFO - [2021-11-29 16:32:07,173] {dagbag.py:500} INFO - Filling up the DagBag from /usr/local/lib/python3.8/dist-packages/airflow/example_dags/example_latest_only.py
[2021-11-29 16:32:07,257] {processor.py:637} INFO - DAG(s) dict_keys(['latest_only']) retrieved from /usr/local/lib/python3.8/dist-packages/airflow/example_dags/example_latest_only.py
[2021-11-29 16:32:07,264] {logging_mixin.py:109} WARNING - /usr/local/lib/python3.8/dist-packages/airflow/models/serialized_dag.py:120 SAWarning: TypeDecorator UtcDateTime(timezone=True) will not produce a cache key because the ``cache_ok`` flag is not set to True.  Set this flag to True if this type object's state is safe to use in a cache key, or False to disable this warning.
[2021-11-29 16:32:07,319] {logging_mixin.py:109} INFO - [2021-11-29 16:32:07,319] {dag.py:2396} INFO - Sync 1 DAGs
[2021-11-29 16:32:07,349] {logging_mixin.py:109} WARNING - /usr/local/lib/python3.8/dist-packages/airflow/models/dag.py:2433 SAWarning: TypeDecorator UtcDateTime(timezone=True) will not produce a cache key because the ``cache_ok`` flag is not set to True.  Set this flag to True if this type object's state is safe to use in a cache key, or False to disable this warning.
[2021-11-29 16:32:07,374] {logging_mixin.py:109} INFO - [2021-11-29 16:32:07,374] {dag.py:2928} INFO - Setting next_dagrun for latest_only to 2021-11-29T07:02:07.373993+00:00
[2021-11-29 16:32:07,577] {processor.py:171} INFO - Processing /usr/local/lib/python3.8/dist-packages/airflow/example_dags/example_latest_only.py took 0.446 seconds
[2021-11-29 16:33:03,022] {processor.py:163} INFO - Started process (PID=8108) to work on /usr/local/lib/python3.8/dist-packages/airflow/example_dags/example_latest_only.py
[2021-11-29 16:33:03,068] {processor.py:625} INFO - Processing file /usr/local/lib/python3.8/dist-packages/airflow/example_dags/example_latest_only.py for tasks to queue
[2021-11-29 16:33:03,070] {logging_mixin.py:109} INFO - [2021-11-29 16:33:03,069] {dagbag.py:500} INFO - Filling up the DagBag from /usr/local/lib/python3.8/dist-packages/airflow/example_dags/example_latest_only.py
[2021-11-29 16:33:03,103] {processor.py:637} INFO - DAG(s) dict_keys(['latest_only']) retrieved from /usr/local/lib/python3.8/dist-packages/airflow/example_dags/example_latest_only.py
[2021-11-29 16:33:03,111] {logging_mixin.py:109} WARNING - /usr/local/lib/python3.8/dist-packages/airflow/models/serialized_dag.py:120 SAWarning: TypeDecorator UtcDateTime(timezone=True) will not produce a cache key because the ``cache_ok`` flag is not set to True.  Set this flag to True if this type object's state is safe to use in a cache key, or False to disable this warning.
[2021-11-29 16:33:03,125] {logging_mixin.py:109} INFO - [2021-11-29 16:33:03,125] {dag.py:2396} INFO - Sync 1 DAGs
[2021-11-29 16:33:03,146] {logging_mixin.py:109} WARNING - /usr/local/lib/python3.8/dist-packages/airflow/models/dag.py:2433 SAWarning: TypeDecorator UtcDateTime(timezone=True) will not produce a cache key because the ``cache_ok`` flag is not set to True.  Set this flag to True if this type object's state is safe to use in a cache key, or False to disable this warning.
[2021-11-29 16:33:03,163] {logging_mixin.py:109} INFO - [2021-11-29 16:33:03,163] {dag.py:2928} INFO - Setting next_dagrun for latest_only to 2021-11-29T07:03:03.162867+00:00
[2021-11-29 16:33:03,399] {processor.py:171} INFO - Processing /usr/local/lib/python3.8/dist-packages/airflow/example_dags/example_latest_only.py took 0.381 seconds
[2021-11-29 16:33:57,409] {processor.py:163} INFO - Started process (PID=8270) to work on /usr/local/lib/python3.8/dist-packages/airflow/example_dags/example_latest_only.py
[2021-11-29 16:33:57,432] {processor.py:625} INFO - Processing file /usr/local/lib/python3.8/dist-packages/airflow/example_dags/example_latest_only.py for tasks to queue
[2021-11-29 16:33:57,435] {logging_mixin.py:109} INFO - [2021-11-29 16:33:57,434] {dagbag.py:500} INFO - Filling up the DagBag from /usr/local/lib/python3.8/dist-packages/airflow/example_dags/example_latest_only.py
[2021-11-29 16:33:57,528] {processor.py:637} INFO - DAG(s) dict_keys(['latest_only']) retrieved from /usr/local/lib/python3.8/dist-packages/airflow/example_dags/example_latest_only.py
[2021-11-29 16:33:57,559] {logging_mixin.py:109} WARNING - /usr/local/lib/python3.8/dist-packages/airflow/models/serialized_dag.py:120 SAWarning: TypeDecorator UtcDateTime(timezone=True) will not produce a cache key because the ``cache_ok`` flag is not set to True.  Set this flag to True if this type object's state is safe to use in a cache key, or False to disable this warning.
[2021-11-29 16:33:57,577] {logging_mixin.py:109} INFO - [2021-11-29 16:33:57,577] {dag.py:2396} INFO - Sync 1 DAGs
[2021-11-29 16:33:57,598] {logging_mixin.py:109} WARNING - /usr/local/lib/python3.8/dist-packages/airflow/models/dag.py:2433 SAWarning: TypeDecorator UtcDateTime(timezone=True) will not produce a cache key because the ``cache_ok`` flag is not set to True.  Set this flag to True if this type object's state is safe to use in a cache key, or False to disable this warning.
[2021-11-29 16:33:57,620] {logging_mixin.py:109} INFO - [2021-11-29 16:33:57,620] {dag.py:2928} INFO - Setting next_dagrun for latest_only to 2021-11-29T07:03:57.620350+00:00
[2021-11-29 16:33:57,857] {processor.py:171} INFO - Processing /usr/local/lib/python3.8/dist-packages/airflow/example_dags/example_latest_only.py took 0.477 seconds
[2021-11-29 16:34:53,074] {processor.py:163} INFO - Started process (PID=8435) to work on /usr/local/lib/python3.8/dist-packages/airflow/example_dags/example_latest_only.py
[2021-11-29 16:34:53,109] {processor.py:625} INFO - Processing file /usr/local/lib/python3.8/dist-packages/airflow/example_dags/example_latest_only.py for tasks to queue
[2021-11-29 16:34:53,110] {logging_mixin.py:109} INFO - [2021-11-29 16:34:53,109] {dagbag.py:500} INFO - Filling up the DagBag from /usr/local/lib/python3.8/dist-packages/airflow/example_dags/example_latest_only.py
[2021-11-29 16:34:53,163] {processor.py:637} INFO - DAG(s) dict_keys(['latest_only']) retrieved from /usr/local/lib/python3.8/dist-packages/airflow/example_dags/example_latest_only.py
[2021-11-29 16:34:53,191] {logging_mixin.py:109} WARNING - /usr/local/lib/python3.8/dist-packages/airflow/models/serialized_dag.py:120 SAWarning: TypeDecorator UtcDateTime(timezone=True) will not produce a cache key because the ``cache_ok`` flag is not set to True.  Set this flag to True if this type object's state is safe to use in a cache key, or False to disable this warning.
[2021-11-29 16:34:53,226] {logging_mixin.py:109} INFO - [2021-11-29 16:34:53,225] {dag.py:2396} INFO - Sync 1 DAGs
[2021-11-29 16:34:53,243] {logging_mixin.py:109} WARNING - /usr/local/lib/python3.8/dist-packages/airflow/models/dag.py:2433 SAWarning: TypeDecorator UtcDateTime(timezone=True) will not produce a cache key because the ``cache_ok`` flag is not set to True.  Set this flag to True if this type object's state is safe to use in a cache key, or False to disable this warning.
[2021-11-29 16:34:53,276] {logging_mixin.py:109} INFO - [2021-11-29 16:34:53,275] {dag.py:2928} INFO - Setting next_dagrun for latest_only to 2021-11-29T07:04:53.275504+00:00
[2021-11-29 16:34:53,546] {processor.py:171} INFO - Processing /usr/local/lib/python3.8/dist-packages/airflow/example_dags/example_latest_only.py took 0.476 seconds
[2021-11-29 16:35:49,438] {processor.py:163} INFO - Started process (PID=8597) to work on /usr/local/lib/python3.8/dist-packages/airflow/example_dags/example_latest_only.py
[2021-11-29 16:35:49,453] {processor.py:625} INFO - Processing file /usr/local/lib/python3.8/dist-packages/airflow/example_dags/example_latest_only.py for tasks to queue
[2021-11-29 16:35:49,454] {logging_mixin.py:109} INFO - [2021-11-29 16:35:49,454] {dagbag.py:500} INFO - Filling up the DagBag from /usr/local/lib/python3.8/dist-packages/airflow/example_dags/example_latest_only.py
[2021-11-29 16:35:49,508] {processor.py:637} INFO - DAG(s) dict_keys(['latest_only']) retrieved from /usr/local/lib/python3.8/dist-packages/airflow/example_dags/example_latest_only.py
[2021-11-29 16:35:49,518] {logging_mixin.py:109} WARNING - /usr/local/lib/python3.8/dist-packages/airflow/models/serialized_dag.py:120 SAWarning: TypeDecorator UtcDateTime(timezone=True) will not produce a cache key because the ``cache_ok`` flag is not set to True.  Set this flag to True if this type object's state is safe to use in a cache key, or False to disable this warning.
[2021-11-29 16:35:49,537] {logging_mixin.py:109} INFO - [2021-11-29 16:35:49,537] {dag.py:2396} INFO - Sync 1 DAGs
[2021-11-29 16:35:49,567] {logging_mixin.py:109} WARNING - /usr/local/lib/python3.8/dist-packages/airflow/models/dag.py:2433 SAWarning: TypeDecorator UtcDateTime(timezone=True) will not produce a cache key because the ``cache_ok`` flag is not set to True.  Set this flag to True if this type object's state is safe to use in a cache key, or False to disable this warning.
[2021-11-29 16:35:49,587] {logging_mixin.py:109} INFO - [2021-11-29 16:35:49,586] {dag.py:2928} INFO - Setting next_dagrun for latest_only to 2021-11-29T07:05:49.586484+00:00
[2021-11-29 16:35:49,778] {processor.py:171} INFO - Processing /usr/local/lib/python3.8/dist-packages/airflow/example_dags/example_latest_only.py took 0.368 seconds
[2021-11-29 16:36:46,395] {processor.py:163} INFO - Started process (PID=8754) to work on /usr/local/lib/python3.8/dist-packages/airflow/example_dags/example_latest_only.py
[2021-11-29 16:36:46,433] {processor.py:625} INFO - Processing file /usr/local/lib/python3.8/dist-packages/airflow/example_dags/example_latest_only.py for tasks to queue
[2021-11-29 16:36:46,434] {logging_mixin.py:109} INFO - [2021-11-29 16:36:46,433] {dagbag.py:500} INFO - Filling up the DagBag from /usr/local/lib/python3.8/dist-packages/airflow/example_dags/example_latest_only.py
[2021-11-29 16:36:46,533] {processor.py:637} INFO - DAG(s) dict_keys(['latest_only']) retrieved from /usr/local/lib/python3.8/dist-packages/airflow/example_dags/example_latest_only.py
[2021-11-29 16:36:46,551] {logging_mixin.py:109} WARNING - /usr/local/lib/python3.8/dist-packages/airflow/models/serialized_dag.py:120 SAWarning: TypeDecorator UtcDateTime(timezone=True) will not produce a cache key because the ``cache_ok`` flag is not set to True.  Set this flag to True if this type object's state is safe to use in a cache key, or False to disable this warning.
[2021-11-29 16:36:46,592] {logging_mixin.py:109} INFO - [2021-11-29 16:36:46,592] {dag.py:2396} INFO - Sync 1 DAGs
[2021-11-29 16:36:46,652] {logging_mixin.py:109} WARNING - /usr/local/lib/python3.8/dist-packages/airflow/models/dag.py:2433 SAWarning: TypeDecorator UtcDateTime(timezone=True) will not produce a cache key because the ``cache_ok`` flag is not set to True.  Set this flag to True if this type object's state is safe to use in a cache key, or False to disable this warning.
[2021-11-29 16:36:46,684] {logging_mixin.py:109} INFO - [2021-11-29 16:36:46,684] {dag.py:2928} INFO - Setting next_dagrun for latest_only to 2021-11-29T07:06:46.683649+00:00
[2021-11-29 16:36:46,904] {processor.py:171} INFO - Processing /usr/local/lib/python3.8/dist-packages/airflow/example_dags/example_latest_only.py took 0.519 seconds
[2021-11-29 16:37:41,974] {processor.py:163} INFO - Started process (PID=8916) to work on /usr/local/lib/python3.8/dist-packages/airflow/example_dags/example_latest_only.py
[2021-11-29 16:37:42,004] {processor.py:625} INFO - Processing file /usr/local/lib/python3.8/dist-packages/airflow/example_dags/example_latest_only.py for tasks to queue
[2021-11-29 16:37:42,005] {logging_mixin.py:109} INFO - [2021-11-29 16:37:42,004] {dagbag.py:500} INFO - Filling up the DagBag from /usr/local/lib/python3.8/dist-packages/airflow/example_dags/example_latest_only.py
[2021-11-29 16:37:42,065] {processor.py:637} INFO - DAG(s) dict_keys(['latest_only']) retrieved from /usr/local/lib/python3.8/dist-packages/airflow/example_dags/example_latest_only.py
[2021-11-29 16:37:42,073] {logging_mixin.py:109} WARNING - /usr/local/lib/python3.8/dist-packages/airflow/models/serialized_dag.py:120 SAWarning: TypeDecorator UtcDateTime(timezone=True) will not produce a cache key because the ``cache_ok`` flag is not set to True.  Set this flag to True if this type object's state is safe to use in a cache key, or False to disable this warning.
[2021-11-29 16:37:42,096] {logging_mixin.py:109} INFO - [2021-11-29 16:37:42,096] {dag.py:2396} INFO - Sync 1 DAGs
[2021-11-29 16:37:42,115] {logging_mixin.py:109} WARNING - /usr/local/lib/python3.8/dist-packages/airflow/models/dag.py:2433 SAWarning: TypeDecorator UtcDateTime(timezone=True) will not produce a cache key because the ``cache_ok`` flag is not set to True.  Set this flag to True if this type object's state is safe to use in a cache key, or False to disable this warning.
[2021-11-29 16:37:42,130] {logging_mixin.py:109} INFO - [2021-11-29 16:37:42,129] {dag.py:2928} INFO - Setting next_dagrun for latest_only to 2021-11-29T07:07:42.129439+00:00
[2021-11-29 16:37:42,314] {processor.py:171} INFO - Processing /usr/local/lib/python3.8/dist-packages/airflow/example_dags/example_latest_only.py took 0.344 seconds
[2021-11-29 16:38:38,498] {processor.py:163} INFO - Started process (PID=9084) to work on /usr/local/lib/python3.8/dist-packages/airflow/example_dags/example_latest_only.py
[2021-11-29 16:38:38,527] {processor.py:625} INFO - Processing file /usr/local/lib/python3.8/dist-packages/airflow/example_dags/example_latest_only.py for tasks to queue
[2021-11-29 16:38:38,527] {logging_mixin.py:109} INFO - [2021-11-29 16:38:38,527] {dagbag.py:500} INFO - Filling up the DagBag from /usr/local/lib/python3.8/dist-packages/airflow/example_dags/example_latest_only.py
[2021-11-29 16:38:38,581] {processor.py:637} INFO - DAG(s) dict_keys(['latest_only']) retrieved from /usr/local/lib/python3.8/dist-packages/airflow/example_dags/example_latest_only.py
[2021-11-29 16:38:38,611] {logging_mixin.py:109} WARNING - /usr/local/lib/python3.8/dist-packages/airflow/models/serialized_dag.py:120 SAWarning: TypeDecorator UtcDateTime(timezone=True) will not produce a cache key because the ``cache_ok`` flag is not set to True.  Set this flag to True if this type object's state is safe to use in a cache key, or False to disable this warning.
[2021-11-29 16:38:38,639] {logging_mixin.py:109} INFO - [2021-11-29 16:38:38,639] {dag.py:2396} INFO - Sync 1 DAGs
[2021-11-29 16:38:38,678] {logging_mixin.py:109} WARNING - /usr/local/lib/python3.8/dist-packages/airflow/models/dag.py:2433 SAWarning: TypeDecorator UtcDateTime(timezone=True) will not produce a cache key because the ``cache_ok`` flag is not set to True.  Set this flag to True if this type object's state is safe to use in a cache key, or False to disable this warning.
[2021-11-29 16:38:38,710] {logging_mixin.py:109} INFO - [2021-11-29 16:38:38,709] {dag.py:2928} INFO - Setting next_dagrun for latest_only to 2021-11-29T07:08:38.709541+00:00
[2021-11-29 16:38:39,015] {processor.py:171} INFO - Processing /usr/local/lib/python3.8/dist-packages/airflow/example_dags/example_latest_only.py took 0.521 seconds
[2021-11-29 16:39:31,874] {processor.py:163} INFO - Started process (PID=9248) to work on /usr/local/lib/python3.8/dist-packages/airflow/example_dags/example_latest_only.py
[2021-11-29 16:39:31,905] {processor.py:625} INFO - Processing file /usr/local/lib/python3.8/dist-packages/airflow/example_dags/example_latest_only.py for tasks to queue
[2021-11-29 16:39:31,906] {logging_mixin.py:109} INFO - [2021-11-29 16:39:31,906] {dagbag.py:500} INFO - Filling up the DagBag from /usr/local/lib/python3.8/dist-packages/airflow/example_dags/example_latest_only.py
[2021-11-29 16:39:31,990] {processor.py:637} INFO - DAG(s) dict_keys(['latest_only']) retrieved from /usr/local/lib/python3.8/dist-packages/airflow/example_dags/example_latest_only.py
[2021-11-29 16:39:32,000] {logging_mixin.py:109} WARNING - /usr/local/lib/python3.8/dist-packages/airflow/models/serialized_dag.py:120 SAWarning: TypeDecorator UtcDateTime(timezone=True) will not produce a cache key because the ``cache_ok`` flag is not set to True.  Set this flag to True if this type object's state is safe to use in a cache key, or False to disable this warning.
[2021-11-29 16:39:32,016] {logging_mixin.py:109} INFO - [2021-11-29 16:39:32,016] {dag.py:2396} INFO - Sync 1 DAGs
[2021-11-29 16:39:32,038] {logging_mixin.py:109} WARNING - /usr/local/lib/python3.8/dist-packages/airflow/models/dag.py:2433 SAWarning: TypeDecorator UtcDateTime(timezone=True) will not produce a cache key because the ``cache_ok`` flag is not set to True.  Set this flag to True if this type object's state is safe to use in a cache key, or False to disable this warning.
[2021-11-29 16:39:32,055] {logging_mixin.py:109} INFO - [2021-11-29 16:39:32,055] {dag.py:2928} INFO - Setting next_dagrun for latest_only to 2021-11-29T07:09:32.055167+00:00
[2021-11-29 16:39:32,253] {processor.py:171} INFO - Processing /usr/local/lib/python3.8/dist-packages/airflow/example_dags/example_latest_only.py took 0.383 seconds
[2021-11-29 16:40:27,476] {processor.py:163} INFO - Started process (PID=9414) to work on /usr/local/lib/python3.8/dist-packages/airflow/example_dags/example_latest_only.py
[2021-11-29 16:40:27,552] {processor.py:625} INFO - Processing file /usr/local/lib/python3.8/dist-packages/airflow/example_dags/example_latest_only.py for tasks to queue
[2021-11-29 16:40:27,553] {logging_mixin.py:109} INFO - [2021-11-29 16:40:27,552] {dagbag.py:500} INFO - Filling up the DagBag from /usr/local/lib/python3.8/dist-packages/airflow/example_dags/example_latest_only.py
[2021-11-29 16:40:27,602] {processor.py:637} INFO - DAG(s) dict_keys(['latest_only']) retrieved from /usr/local/lib/python3.8/dist-packages/airflow/example_dags/example_latest_only.py
[2021-11-29 16:40:27,622] {logging_mixin.py:109} WARNING - /usr/local/lib/python3.8/dist-packages/airflow/models/serialized_dag.py:120 SAWarning: TypeDecorator UtcDateTime(timezone=True) will not produce a cache key because the ``cache_ok`` flag is not set to True.  Set this flag to True if this type object's state is safe to use in a cache key, or False to disable this warning.
[2021-11-29 16:40:27,644] {logging_mixin.py:109} INFO - [2021-11-29 16:40:27,644] {dag.py:2396} INFO - Sync 1 DAGs
[2021-11-29 16:40:27,680] {logging_mixin.py:109} WARNING - /usr/local/lib/python3.8/dist-packages/airflow/models/dag.py:2433 SAWarning: TypeDecorator UtcDateTime(timezone=True) will not produce a cache key because the ``cache_ok`` flag is not set to True.  Set this flag to True if this type object's state is safe to use in a cache key, or False to disable this warning.
[2021-11-29 16:40:27,695] {logging_mixin.py:109} INFO - [2021-11-29 16:40:27,695] {dag.py:2928} INFO - Setting next_dagrun for latest_only to 2021-11-29T07:10:27.695084+00:00
[2021-11-29 16:40:27,855] {processor.py:171} INFO - Processing /usr/local/lib/python3.8/dist-packages/airflow/example_dags/example_latest_only.py took 0.396 seconds
[2021-11-29 16:41:24,285] {processor.py:163} INFO - Started process (PID=9572) to work on /usr/local/lib/python3.8/dist-packages/airflow/example_dags/example_latest_only.py
[2021-11-29 16:41:24,320] {processor.py:625} INFO - Processing file /usr/local/lib/python3.8/dist-packages/airflow/example_dags/example_latest_only.py for tasks to queue
[2021-11-29 16:41:24,321] {logging_mixin.py:109} INFO - [2021-11-29 16:41:24,321] {dagbag.py:500} INFO - Filling up the DagBag from /usr/local/lib/python3.8/dist-packages/airflow/example_dags/example_latest_only.py
[2021-11-29 16:41:24,401] {processor.py:637} INFO - DAG(s) dict_keys(['latest_only']) retrieved from /usr/local/lib/python3.8/dist-packages/airflow/example_dags/example_latest_only.py
[2021-11-29 16:41:24,419] {logging_mixin.py:109} WARNING - /usr/local/lib/python3.8/dist-packages/airflow/models/serialized_dag.py:120 SAWarning: TypeDecorator UtcDateTime(timezone=True) will not produce a cache key because the ``cache_ok`` flag is not set to True.  Set this flag to True if this type object's state is safe to use in a cache key, or False to disable this warning.
[2021-11-29 16:41:24,437] {logging_mixin.py:109} INFO - [2021-11-29 16:41:24,436] {dag.py:2396} INFO - Sync 1 DAGs
[2021-11-29 16:41:24,456] {logging_mixin.py:109} WARNING - /usr/local/lib/python3.8/dist-packages/airflow/models/dag.py:2433 SAWarning: TypeDecorator UtcDateTime(timezone=True) will not produce a cache key because the ``cache_ok`` flag is not set to True.  Set this flag to True if this type object's state is safe to use in a cache key, or False to disable this warning.
[2021-11-29 16:41:24,473] {logging_mixin.py:109} INFO - [2021-11-29 16:41:24,473] {dag.py:2928} INFO - Setting next_dagrun for latest_only to 2021-11-29T07:11:24.473302+00:00
[2021-11-29 16:41:24,758] {processor.py:171} INFO - Processing /usr/local/lib/python3.8/dist-packages/airflow/example_dags/example_latest_only.py took 0.487 seconds
[2021-11-29 16:42:26,007] {processor.py:163} INFO - Started process (PID=9752) to work on /usr/local/lib/python3.8/dist-packages/airflow/example_dags/example_latest_only.py
[2021-11-29 16:42:26,011] {processor.py:625} INFO - Processing file /usr/local/lib/python3.8/dist-packages/airflow/example_dags/example_latest_only.py for tasks to queue
[2021-11-29 16:42:26,012] {logging_mixin.py:109} INFO - [2021-11-29 16:42:26,011] {dagbag.py:500} INFO - Filling up the DagBag from /usr/local/lib/python3.8/dist-packages/airflow/example_dags/example_latest_only.py
[2021-11-29 16:42:26,073] {processor.py:637} INFO - DAG(s) dict_keys(['latest_only']) retrieved from /usr/local/lib/python3.8/dist-packages/airflow/example_dags/example_latest_only.py
[2021-11-29 16:42:26,102] {logging_mixin.py:109} WARNING - /usr/local/lib/python3.8/dist-packages/airflow/models/serialized_dag.py:120 SAWarning: TypeDecorator UtcDateTime(timezone=True) will not produce a cache key because the ``cache_ok`` flag is not set to True.  Set this flag to True if this type object's state is safe to use in a cache key, or False to disable this warning.
[2021-11-29 16:42:26,139] {logging_mixin.py:109} INFO - [2021-11-29 16:42:26,139] {dag.py:2396} INFO - Sync 1 DAGs
[2021-11-29 16:42:26,166] {logging_mixin.py:109} WARNING - /usr/local/lib/python3.8/dist-packages/airflow/models/dag.py:2433 SAWarning: TypeDecorator UtcDateTime(timezone=True) will not produce a cache key because the ``cache_ok`` flag is not set to True.  Set this flag to True if this type object's state is safe to use in a cache key, or False to disable this warning.
[2021-11-29 16:42:26,199] {logging_mixin.py:109} INFO - [2021-11-29 16:42:26,199] {dag.py:2928} INFO - Setting next_dagrun for latest_only to 2021-11-29T07:12:26.198908+00:00
[2021-11-29 16:42:26,377] {processor.py:171} INFO - Processing /usr/local/lib/python3.8/dist-packages/airflow/example_dags/example_latest_only.py took 0.384 seconds
[2021-11-29 16:43:20,215] {processor.py:163} INFO - Started process (PID=9922) to work on /usr/local/lib/python3.8/dist-packages/airflow/example_dags/example_latest_only.py
[2021-11-29 16:43:20,235] {processor.py:625} INFO - Processing file /usr/local/lib/python3.8/dist-packages/airflow/example_dags/example_latest_only.py for tasks to queue
[2021-11-29 16:43:20,236] {logging_mixin.py:109} INFO - [2021-11-29 16:43:20,236] {dagbag.py:500} INFO - Filling up the DagBag from /usr/local/lib/python3.8/dist-packages/airflow/example_dags/example_latest_only.py
[2021-11-29 16:43:20,294] {processor.py:637} INFO - DAG(s) dict_keys(['latest_only']) retrieved from /usr/local/lib/python3.8/dist-packages/airflow/example_dags/example_latest_only.py
[2021-11-29 16:43:20,310] {logging_mixin.py:109} WARNING - /usr/local/lib/python3.8/dist-packages/airflow/models/serialized_dag.py:120 SAWarning: TypeDecorator UtcDateTime(timezone=True) will not produce a cache key because the ``cache_ok`` flag is not set to True.  Set this flag to True if this type object's state is safe to use in a cache key, or False to disable this warning.
[2021-11-29 16:43:20,333] {logging_mixin.py:109} INFO - [2021-11-29 16:43:20,333] {dag.py:2396} INFO - Sync 1 DAGs
[2021-11-29 16:43:20,369] {logging_mixin.py:109} WARNING - /usr/local/lib/python3.8/dist-packages/airflow/models/dag.py:2433 SAWarning: TypeDecorator UtcDateTime(timezone=True) will not produce a cache key because the ``cache_ok`` flag is not set to True.  Set this flag to True if this type object's state is safe to use in a cache key, or False to disable this warning.
[2021-11-29 16:43:20,384] {logging_mixin.py:109} INFO - [2021-11-29 16:43:20,383] {dag.py:2928} INFO - Setting next_dagrun for latest_only to 2021-11-29T07:13:20.383208+00:00
[2021-11-29 16:43:20,571] {processor.py:171} INFO - Processing /usr/local/lib/python3.8/dist-packages/airflow/example_dags/example_latest_only.py took 0.360 seconds
[2021-11-29 16:44:12,347] {processor.py:163} INFO - Started process (PID=10076) to work on /usr/local/lib/python3.8/dist-packages/airflow/example_dags/example_latest_only.py
[2021-11-29 16:44:12,429] {processor.py:625} INFO - Processing file /usr/local/lib/python3.8/dist-packages/airflow/example_dags/example_latest_only.py for tasks to queue
[2021-11-29 16:44:12,430] {logging_mixin.py:109} INFO - [2021-11-29 16:44:12,429] {dagbag.py:500} INFO - Filling up the DagBag from /usr/local/lib/python3.8/dist-packages/airflow/example_dags/example_latest_only.py
[2021-11-29 16:44:12,499] {processor.py:637} INFO - DAG(s) dict_keys(['latest_only']) retrieved from /usr/local/lib/python3.8/dist-packages/airflow/example_dags/example_latest_only.py
[2021-11-29 16:44:12,516] {logging_mixin.py:109} WARNING - /usr/local/lib/python3.8/dist-packages/airflow/models/serialized_dag.py:120 SAWarning: TypeDecorator UtcDateTime(timezone=True) will not produce a cache key because the ``cache_ok`` flag is not set to True.  Set this flag to True if this type object's state is safe to use in a cache key, or False to disable this warning.
[2021-11-29 16:44:12,538] {logging_mixin.py:109} INFO - [2021-11-29 16:44:12,538] {dag.py:2396} INFO - Sync 1 DAGs
[2021-11-29 16:44:12,578] {logging_mixin.py:109} WARNING - /usr/local/lib/python3.8/dist-packages/airflow/models/dag.py:2433 SAWarning: TypeDecorator UtcDateTime(timezone=True) will not produce a cache key because the ``cache_ok`` flag is not set to True.  Set this flag to True if this type object's state is safe to use in a cache key, or False to disable this warning.
[2021-11-29 16:44:12,630] {logging_mixin.py:109} INFO - [2021-11-29 16:44:12,630] {dag.py:2928} INFO - Setting next_dagrun for latest_only to 2021-11-29T07:14:12.630232+00:00
[2021-11-29 16:44:13,094] {processor.py:171} INFO - Processing /usr/local/lib/python3.8/dist-packages/airflow/example_dags/example_latest_only.py took 0.763 seconds
[2021-11-29 16:45:11,066] {processor.py:163} INFO - Started process (PID=10254) to work on /usr/local/lib/python3.8/dist-packages/airflow/example_dags/example_latest_only.py
[2021-11-29 16:45:11,081] {processor.py:625} INFO - Processing file /usr/local/lib/python3.8/dist-packages/airflow/example_dags/example_latest_only.py for tasks to queue
[2021-11-29 16:45:11,082] {logging_mixin.py:109} INFO - [2021-11-29 16:45:11,082] {dagbag.py:500} INFO - Filling up the DagBag from /usr/local/lib/python3.8/dist-packages/airflow/example_dags/example_latest_only.py
[2021-11-29 16:45:11,148] {processor.py:637} INFO - DAG(s) dict_keys(['latest_only']) retrieved from /usr/local/lib/python3.8/dist-packages/airflow/example_dags/example_latest_only.py
[2021-11-29 16:45:11,174] {logging_mixin.py:109} WARNING - /usr/local/lib/python3.8/dist-packages/airflow/models/serialized_dag.py:120 SAWarning: TypeDecorator UtcDateTime(timezone=True) will not produce a cache key because the ``cache_ok`` flag is not set to True.  Set this flag to True if this type object's state is safe to use in a cache key, or False to disable this warning.
[2021-11-29 16:45:11,213] {logging_mixin.py:109} INFO - [2021-11-29 16:45:11,212] {dag.py:2396} INFO - Sync 1 DAGs
[2021-11-29 16:45:11,255] {logging_mixin.py:109} WARNING - /usr/local/lib/python3.8/dist-packages/airflow/models/dag.py:2433 SAWarning: TypeDecorator UtcDateTime(timezone=True) will not produce a cache key because the ``cache_ok`` flag is not set to True.  Set this flag to True if this type object's state is safe to use in a cache key, or False to disable this warning.
[2021-11-29 16:45:11,271] {logging_mixin.py:109} INFO - [2021-11-29 16:45:11,270] {dag.py:2928} INFO - Setting next_dagrun for latest_only to 2021-11-29T07:15:11.270372+00:00
[2021-11-29 16:45:11,453] {processor.py:171} INFO - Processing /usr/local/lib/python3.8/dist-packages/airflow/example_dags/example_latest_only.py took 0.403 seconds
[2021-11-29 16:46:06,784] {processor.py:163} INFO - Started process (PID=10420) to work on /usr/local/lib/python3.8/dist-packages/airflow/example_dags/example_latest_only.py
[2021-11-29 16:46:06,815] {processor.py:625} INFO - Processing file /usr/local/lib/python3.8/dist-packages/airflow/example_dags/example_latest_only.py for tasks to queue
[2021-11-29 16:46:06,816] {logging_mixin.py:109} INFO - [2021-11-29 16:46:06,816] {dagbag.py:500} INFO - Filling up the DagBag from /usr/local/lib/python3.8/dist-packages/airflow/example_dags/example_latest_only.py
[2021-11-29 16:46:06,876] {processor.py:637} INFO - DAG(s) dict_keys(['latest_only']) retrieved from /usr/local/lib/python3.8/dist-packages/airflow/example_dags/example_latest_only.py
[2021-11-29 16:46:06,884] {logging_mixin.py:109} WARNING - /usr/local/lib/python3.8/dist-packages/airflow/models/serialized_dag.py:120 SAWarning: TypeDecorator UtcDateTime(timezone=True) will not produce a cache key because the ``cache_ok`` flag is not set to True.  Set this flag to True if this type object's state is safe to use in a cache key, or False to disable this warning.
[2021-11-29 16:46:06,915] {logging_mixin.py:109} INFO - [2021-11-29 16:46:06,915] {dag.py:2396} INFO - Sync 1 DAGs
[2021-11-29 16:46:06,943] {logging_mixin.py:109} WARNING - /usr/local/lib/python3.8/dist-packages/airflow/models/dag.py:2433 SAWarning: TypeDecorator UtcDateTime(timezone=True) will not produce a cache key because the ``cache_ok`` flag is not set to True.  Set this flag to True if this type object's state is safe to use in a cache key, or False to disable this warning.
[2021-11-29 16:46:06,982] {logging_mixin.py:109} INFO - [2021-11-29 16:46:06,982] {dag.py:2928} INFO - Setting next_dagrun for latest_only to 2021-11-29T07:16:06.981217+00:00
[2021-11-29 16:46:07,194] {processor.py:171} INFO - Processing /usr/local/lib/python3.8/dist-packages/airflow/example_dags/example_latest_only.py took 0.414 seconds
