[2021-11-29 16:14:51,417] {processor.py:163} INFO - Started process (PID=4867) to work on /usr/local/lib/python3.8/dist-packages/airflow/example_dags/example_complex.py
[2021-11-29 16:14:51,418] {processor.py:625} INFO - Processing file /usr/local/lib/python3.8/dist-packages/airflow/example_dags/example_complex.py for tasks to queue
[2021-11-29 16:14:51,418] {logging_mixin.py:109} INFO - [2021-11-29 16:14:51,418] {dagbag.py:500} INFO - Filling up the DagBag from /usr/local/lib/python3.8/dist-packages/airflow/example_dags/example_complex.py
[2021-11-29 16:14:51,469] {processor.py:637} INFO - DAG(s) dict_keys(['example_complex']) retrieved from /usr/local/lib/python3.8/dist-packages/airflow/example_dags/example_complex.py
[2021-11-29 16:14:51,477] {logging_mixin.py:109} WARNING - /usr/local/lib/python3.8/dist-packages/airflow/models/serialized_dag.py:120 SAWarning: TypeDecorator UtcDateTime(timezone=True) will not produce a cache key because the ``cache_ok`` flag is not set to True.  Set this flag to True if this type object's state is safe to use in a cache key, or False to disable this warning.
[2021-11-29 16:14:51,497] {logging_mixin.py:109} INFO - [2021-11-29 16:14:51,497] {dag.py:2396} INFO - Sync 1 DAGs
[2021-11-29 16:14:51,520] {logging_mixin.py:109} WARNING - /usr/local/lib/python3.8/dist-packages/airflow/models/dag.py:2433 SAWarning: TypeDecorator UtcDateTime(timezone=True) will not produce a cache key because the ``cache_ok`` flag is not set to True.  Set this flag to True if this type object's state is safe to use in a cache key, or False to disable this warning.
[2021-11-29 16:14:51,535] {logging_mixin.py:109} INFO - [2021-11-29 16:14:51,535] {dag.py:2928} INFO - Setting next_dagrun for example_complex to None
[2021-11-29 16:14:51,691] {processor.py:171} INFO - Processing /usr/local/lib/python3.8/dist-packages/airflow/example_dags/example_complex.py took 0.290 seconds
[2021-11-29 16:15:50,893] {processor.py:163} INFO - Started process (PID=5035) to work on /usr/local/lib/python3.8/dist-packages/airflow/example_dags/example_complex.py
[2021-11-29 16:15:50,944] {processor.py:625} INFO - Processing file /usr/local/lib/python3.8/dist-packages/airflow/example_dags/example_complex.py for tasks to queue
[2021-11-29 16:15:50,945] {logging_mixin.py:109} INFO - [2021-11-29 16:15:50,945] {dagbag.py:500} INFO - Filling up the DagBag from /usr/local/lib/python3.8/dist-packages/airflow/example_dags/example_complex.py
[2021-11-29 16:15:51,024] {processor.py:637} INFO - DAG(s) dict_keys(['example_complex']) retrieved from /usr/local/lib/python3.8/dist-packages/airflow/example_dags/example_complex.py
[2021-11-29 16:15:51,033] {logging_mixin.py:109} WARNING - /usr/local/lib/python3.8/dist-packages/airflow/models/serialized_dag.py:120 SAWarning: TypeDecorator UtcDateTime(timezone=True) will not produce a cache key because the ``cache_ok`` flag is not set to True.  Set this flag to True if this type object's state is safe to use in a cache key, or False to disable this warning.
[2021-11-29 16:15:51,061] {logging_mixin.py:109} INFO - [2021-11-29 16:15:51,061] {dag.py:2396} INFO - Sync 1 DAGs
[2021-11-29 16:15:51,084] {logging_mixin.py:109} WARNING - /usr/local/lib/python3.8/dist-packages/airflow/models/dag.py:2433 SAWarning: TypeDecorator UtcDateTime(timezone=True) will not produce a cache key because the ``cache_ok`` flag is not set to True.  Set this flag to True if this type object's state is safe to use in a cache key, or False to disable this warning.
[2021-11-29 16:15:51,098] {logging_mixin.py:109} INFO - [2021-11-29 16:15:51,097] {dag.py:2928} INFO - Setting next_dagrun for example_complex to None
[2021-11-29 16:15:51,395] {processor.py:171} INFO - Processing /usr/local/lib/python3.8/dist-packages/airflow/example_dags/example_complex.py took 0.485 seconds
[2021-11-29 16:16:53,967] {processor.py:163} INFO - Started process (PID=5213) to work on /usr/local/lib/python3.8/dist-packages/airflow/example_dags/example_complex.py
[2021-11-29 16:16:53,990] {processor.py:625} INFO - Processing file /usr/local/lib/python3.8/dist-packages/airflow/example_dags/example_complex.py for tasks to queue
[2021-11-29 16:16:53,992] {logging_mixin.py:109} INFO - [2021-11-29 16:16:53,992] {dagbag.py:500} INFO - Filling up the DagBag from /usr/local/lib/python3.8/dist-packages/airflow/example_dags/example_complex.py
[2021-11-29 16:16:54,125] {processor.py:637} INFO - DAG(s) dict_keys(['example_complex']) retrieved from /usr/local/lib/python3.8/dist-packages/airflow/example_dags/example_complex.py
[2021-11-29 16:16:54,181] {logging_mixin.py:109} WARNING - /usr/local/lib/python3.8/dist-packages/airflow/models/serialized_dag.py:120 SAWarning: TypeDecorator UtcDateTime(timezone=True) will not produce a cache key because the ``cache_ok`` flag is not set to True.  Set this flag to True if this type object's state is safe to use in a cache key, or False to disable this warning.
[2021-11-29 16:16:54,246] {logging_mixin.py:109} INFO - [2021-11-29 16:16:54,246] {dag.py:2396} INFO - Sync 1 DAGs
[2021-11-29 16:16:54,285] {logging_mixin.py:109} WARNING - /usr/local/lib/python3.8/dist-packages/airflow/models/dag.py:2433 SAWarning: TypeDecorator UtcDateTime(timezone=True) will not produce a cache key because the ``cache_ok`` flag is not set to True.  Set this flag to True if this type object's state is safe to use in a cache key, or False to disable this warning.
[2021-11-29 16:16:54,305] {logging_mixin.py:109} INFO - [2021-11-29 16:16:54,305] {dag.py:2928} INFO - Setting next_dagrun for example_complex to None
[2021-11-29 16:16:54,516] {processor.py:171} INFO - Processing /usr/local/lib/python3.8/dist-packages/airflow/example_dags/example_complex.py took 0.554 seconds
[2021-11-29 16:17:50,146] {processor.py:163} INFO - Started process (PID=5393) to work on /usr/local/lib/python3.8/dist-packages/airflow/example_dags/example_complex.py
[2021-11-29 16:17:50,167] {processor.py:625} INFO - Processing file /usr/local/lib/python3.8/dist-packages/airflow/example_dags/example_complex.py for tasks to queue
[2021-11-29 16:17:50,168] {logging_mixin.py:109} INFO - [2021-11-29 16:17:50,168] {dagbag.py:500} INFO - Filling up the DagBag from /usr/local/lib/python3.8/dist-packages/airflow/example_dags/example_complex.py
[2021-11-29 16:17:50,297] {processor.py:637} INFO - DAG(s) dict_keys(['example_complex']) retrieved from /usr/local/lib/python3.8/dist-packages/airflow/example_dags/example_complex.py
[2021-11-29 16:17:50,304] {logging_mixin.py:109} WARNING - /usr/local/lib/python3.8/dist-packages/airflow/models/serialized_dag.py:120 SAWarning: TypeDecorator UtcDateTime(timezone=True) will not produce a cache key because the ``cache_ok`` flag is not set to True.  Set this flag to True if this type object's state is safe to use in a cache key, or False to disable this warning.
[2021-11-29 16:17:50,347] {logging_mixin.py:109} INFO - [2021-11-29 16:17:50,347] {dag.py:2396} INFO - Sync 1 DAGs
[2021-11-29 16:17:50,389] {logging_mixin.py:109} WARNING - /usr/local/lib/python3.8/dist-packages/airflow/models/dag.py:2433 SAWarning: TypeDecorator UtcDateTime(timezone=True) will not produce a cache key because the ``cache_ok`` flag is not set to True.  Set this flag to True if this type object's state is safe to use in a cache key, or False to disable this warning.
[2021-11-29 16:17:50,414] {logging_mixin.py:109} INFO - [2021-11-29 16:17:50,414] {dag.py:2928} INFO - Setting next_dagrun for example_complex to None
[2021-11-29 16:17:50,688] {processor.py:171} INFO - Processing /usr/local/lib/python3.8/dist-packages/airflow/example_dags/example_complex.py took 0.556 seconds
[2021-11-29 16:18:48,084] {processor.py:163} INFO - Started process (PID=5563) to work on /usr/local/lib/python3.8/dist-packages/airflow/example_dags/example_complex.py
[2021-11-29 16:18:48,145] {processor.py:625} INFO - Processing file /usr/local/lib/python3.8/dist-packages/airflow/example_dags/example_complex.py for tasks to queue
[2021-11-29 16:18:48,146] {logging_mixin.py:109} INFO - [2021-11-29 16:18:48,146] {dagbag.py:500} INFO - Filling up the DagBag from /usr/local/lib/python3.8/dist-packages/airflow/example_dags/example_complex.py
[2021-11-29 16:18:48,285] {processor.py:637} INFO - DAG(s) dict_keys(['example_complex']) retrieved from /usr/local/lib/python3.8/dist-packages/airflow/example_dags/example_complex.py
[2021-11-29 16:18:48,292] {logging_mixin.py:109} WARNING - /usr/local/lib/python3.8/dist-packages/airflow/models/serialized_dag.py:120 SAWarning: TypeDecorator UtcDateTime(timezone=True) will not produce a cache key because the ``cache_ok`` flag is not set to True.  Set this flag to True if this type object's state is safe to use in a cache key, or False to disable this warning.
[2021-11-29 16:18:48,326] {logging_mixin.py:109} INFO - [2021-11-29 16:18:48,326] {dag.py:2396} INFO - Sync 1 DAGs
[2021-11-29 16:18:48,351] {logging_mixin.py:109} WARNING - /usr/local/lib/python3.8/dist-packages/airflow/models/dag.py:2433 SAWarning: TypeDecorator UtcDateTime(timezone=True) will not produce a cache key because the ``cache_ok`` flag is not set to True.  Set this flag to True if this type object's state is safe to use in a cache key, or False to disable this warning.
[2021-11-29 16:18:48,370] {logging_mixin.py:109} INFO - [2021-11-29 16:18:48,370] {dag.py:2928} INFO - Setting next_dagrun for example_complex to None
[2021-11-29 16:18:48,712] {processor.py:171} INFO - Processing /usr/local/lib/python3.8/dist-packages/airflow/example_dags/example_complex.py took 0.632 seconds
[2021-11-29 16:19:43,752] {processor.py:163} INFO - Started process (PID=5730) to work on /usr/local/lib/python3.8/dist-packages/airflow/example_dags/example_complex.py
[2021-11-29 16:19:43,761] {processor.py:625} INFO - Processing file /usr/local/lib/python3.8/dist-packages/airflow/example_dags/example_complex.py for tasks to queue
[2021-11-29 16:19:43,762] {logging_mixin.py:109} INFO - [2021-11-29 16:19:43,762] {dagbag.py:500} INFO - Filling up the DagBag from /usr/local/lib/python3.8/dist-packages/airflow/example_dags/example_complex.py
[2021-11-29 16:19:43,858] {processor.py:637} INFO - DAG(s) dict_keys(['example_complex']) retrieved from /usr/local/lib/python3.8/dist-packages/airflow/example_dags/example_complex.py
[2021-11-29 16:19:43,876] {logging_mixin.py:109} WARNING - /usr/local/lib/python3.8/dist-packages/airflow/models/serialized_dag.py:120 SAWarning: TypeDecorator UtcDateTime(timezone=True) will not produce a cache key because the ``cache_ok`` flag is not set to True.  Set this flag to True if this type object's state is safe to use in a cache key, or False to disable this warning.
[2021-11-29 16:19:43,919] {logging_mixin.py:109} INFO - [2021-11-29 16:19:43,919] {dag.py:2396} INFO - Sync 1 DAGs
[2021-11-29 16:19:43,965] {logging_mixin.py:109} WARNING - /usr/local/lib/python3.8/dist-packages/airflow/models/dag.py:2433 SAWarning: TypeDecorator UtcDateTime(timezone=True) will not produce a cache key because the ``cache_ok`` flag is not set to True.  Set this flag to True if this type object's state is safe to use in a cache key, or False to disable this warning.
[2021-11-29 16:19:43,987] {logging_mixin.py:109} INFO - [2021-11-29 16:19:43,986] {dag.py:2928} INFO - Setting next_dagrun for example_complex to None
[2021-11-29 16:19:44,218] {processor.py:171} INFO - Processing /usr/local/lib/python3.8/dist-packages/airflow/example_dags/example_complex.py took 0.470 seconds
[2021-11-29 16:20:37,239] {processor.py:163} INFO - Started process (PID=5900) to work on /usr/local/lib/python3.8/dist-packages/airflow/example_dags/example_complex.py
[2021-11-29 16:20:37,297] {processor.py:625} INFO - Processing file /usr/local/lib/python3.8/dist-packages/airflow/example_dags/example_complex.py for tasks to queue
[2021-11-29 16:20:37,298] {logging_mixin.py:109} INFO - [2021-11-29 16:20:37,298] {dagbag.py:500} INFO - Filling up the DagBag from /usr/local/lib/python3.8/dist-packages/airflow/example_dags/example_complex.py
[2021-11-29 16:20:37,386] {processor.py:637} INFO - DAG(s) dict_keys(['example_complex']) retrieved from /usr/local/lib/python3.8/dist-packages/airflow/example_dags/example_complex.py
[2021-11-29 16:20:37,392] {logging_mixin.py:109} WARNING - /usr/local/lib/python3.8/dist-packages/airflow/models/serialized_dag.py:120 SAWarning: TypeDecorator UtcDateTime(timezone=True) will not produce a cache key because the ``cache_ok`` flag is not set to True.  Set this flag to True if this type object's state is safe to use in a cache key, or False to disable this warning.
[2021-11-29 16:20:37,411] {logging_mixin.py:109} INFO - [2021-11-29 16:20:37,411] {dag.py:2396} INFO - Sync 1 DAGs
[2021-11-29 16:20:37,432] {logging_mixin.py:109} WARNING - /usr/local/lib/python3.8/dist-packages/airflow/models/dag.py:2433 SAWarning: TypeDecorator UtcDateTime(timezone=True) will not produce a cache key because the ``cache_ok`` flag is not set to True.  Set this flag to True if this type object's state is safe to use in a cache key, or False to disable this warning.
[2021-11-29 16:20:37,455] {logging_mixin.py:109} INFO - [2021-11-29 16:20:37,455] {dag.py:2928} INFO - Setting next_dagrun for example_complex to None
[2021-11-29 16:20:37,622] {processor.py:171} INFO - Processing /usr/local/lib/python3.8/dist-packages/airflow/example_dags/example_complex.py took 0.389 seconds
[2021-11-29 16:21:31,499] {processor.py:163} INFO - Started process (PID=6070) to work on /usr/local/lib/python3.8/dist-packages/airflow/example_dags/example_complex.py
[2021-11-29 16:21:31,508] {processor.py:625} INFO - Processing file /usr/local/lib/python3.8/dist-packages/airflow/example_dags/example_complex.py for tasks to queue
[2021-11-29 16:21:31,511] {logging_mixin.py:109} INFO - [2021-11-29 16:21:31,509] {dagbag.py:500} INFO - Filling up the DagBag from /usr/local/lib/python3.8/dist-packages/airflow/example_dags/example_complex.py
[2021-11-29 16:21:31,615] {processor.py:637} INFO - DAG(s) dict_keys(['example_complex']) retrieved from /usr/local/lib/python3.8/dist-packages/airflow/example_dags/example_complex.py
[2021-11-29 16:21:31,626] {logging_mixin.py:109} WARNING - /usr/local/lib/python3.8/dist-packages/airflow/models/serialized_dag.py:120 SAWarning: TypeDecorator UtcDateTime(timezone=True) will not produce a cache key because the ``cache_ok`` flag is not set to True.  Set this flag to True if this type object's state is safe to use in a cache key, or False to disable this warning.
[2021-11-29 16:21:31,648] {logging_mixin.py:109} INFO - [2021-11-29 16:21:31,648] {dag.py:2396} INFO - Sync 1 DAGs
[2021-11-29 16:21:31,670] {logging_mixin.py:109} WARNING - /usr/local/lib/python3.8/dist-packages/airflow/models/dag.py:2433 SAWarning: TypeDecorator UtcDateTime(timezone=True) will not produce a cache key because the ``cache_ok`` flag is not set to True.  Set this flag to True if this type object's state is safe to use in a cache key, or False to disable this warning.
[2021-11-29 16:21:31,686] {logging_mixin.py:109} INFO - [2021-11-29 16:21:31,686] {dag.py:2928} INFO - Setting next_dagrun for example_complex to None
[2021-11-29 16:21:31,948] {processor.py:171} INFO - Processing /usr/local/lib/python3.8/dist-packages/airflow/example_dags/example_complex.py took 0.464 seconds
[2021-11-29 16:22:29,855] {processor.py:163} INFO - Started process (PID=6253) to work on /usr/local/lib/python3.8/dist-packages/airflow/example_dags/example_complex.py
[2021-11-29 16:22:29,890] {processor.py:625} INFO - Processing file /usr/local/lib/python3.8/dist-packages/airflow/example_dags/example_complex.py for tasks to queue
[2021-11-29 16:22:29,892] {logging_mixin.py:109} INFO - [2021-11-29 16:22:29,892] {dagbag.py:500} INFO - Filling up the DagBag from /usr/local/lib/python3.8/dist-packages/airflow/example_dags/example_complex.py
[2021-11-29 16:22:29,984] {processor.py:637} INFO - DAG(s) dict_keys(['example_complex']) retrieved from /usr/local/lib/python3.8/dist-packages/airflow/example_dags/example_complex.py
[2021-11-29 16:22:30,001] {logging_mixin.py:109} WARNING - /usr/local/lib/python3.8/dist-packages/airflow/models/serialized_dag.py:120 SAWarning: TypeDecorator UtcDateTime(timezone=True) will not produce a cache key because the ``cache_ok`` flag is not set to True.  Set this flag to True if this type object's state is safe to use in a cache key, or False to disable this warning.
[2021-11-29 16:22:30,040] {logging_mixin.py:109} INFO - [2021-11-29 16:22:30,040] {dag.py:2396} INFO - Sync 1 DAGs
[2021-11-29 16:22:30,059] {logging_mixin.py:109} WARNING - /usr/local/lib/python3.8/dist-packages/airflow/models/dag.py:2433 SAWarning: TypeDecorator UtcDateTime(timezone=True) will not produce a cache key because the ``cache_ok`` flag is not set to True.  Set this flag to True if this type object's state is safe to use in a cache key, or False to disable this warning.
[2021-11-29 16:22:30,070] {logging_mixin.py:109} INFO - [2021-11-29 16:22:30,070] {dag.py:2928} INFO - Setting next_dagrun for example_complex to None
[2021-11-29 16:22:30,306] {processor.py:171} INFO - Processing /usr/local/lib/python3.8/dist-packages/airflow/example_dags/example_complex.py took 0.466 seconds
[2021-11-29 16:23:25,305] {processor.py:163} INFO - Started process (PID=6429) to work on /usr/local/lib/python3.8/dist-packages/airflow/example_dags/example_complex.py
[2021-11-29 16:23:25,307] {processor.py:625} INFO - Processing file /usr/local/lib/python3.8/dist-packages/airflow/example_dags/example_complex.py for tasks to queue
[2021-11-29 16:23:25,307] {logging_mixin.py:109} INFO - [2021-11-29 16:23:25,307] {dagbag.py:500} INFO - Filling up the DagBag from /usr/local/lib/python3.8/dist-packages/airflow/example_dags/example_complex.py
[2021-11-29 16:23:25,374] {processor.py:637} INFO - DAG(s) dict_keys(['example_complex']) retrieved from /usr/local/lib/python3.8/dist-packages/airflow/example_dags/example_complex.py
[2021-11-29 16:23:25,381] {logging_mixin.py:109} WARNING - /usr/local/lib/python3.8/dist-packages/airflow/models/serialized_dag.py:120 SAWarning: TypeDecorator UtcDateTime(timezone=True) will not produce a cache key because the ``cache_ok`` flag is not set to True.  Set this flag to True if this type object's state is safe to use in a cache key, or False to disable this warning.
[2021-11-29 16:23:25,402] {logging_mixin.py:109} INFO - [2021-11-29 16:23:25,402] {dag.py:2396} INFO - Sync 1 DAGs
[2021-11-29 16:23:25,423] {logging_mixin.py:109} WARNING - /usr/local/lib/python3.8/dist-packages/airflow/models/dag.py:2433 SAWarning: TypeDecorator UtcDateTime(timezone=True) will not produce a cache key because the ``cache_ok`` flag is not set to True.  Set this flag to True if this type object's state is safe to use in a cache key, or False to disable this warning.
[2021-11-29 16:23:25,436] {logging_mixin.py:109} INFO - [2021-11-29 16:23:25,436] {dag.py:2928} INFO - Setting next_dagrun for example_complex to None
[2021-11-29 16:23:25,615] {processor.py:171} INFO - Processing /usr/local/lib/python3.8/dist-packages/airflow/example_dags/example_complex.py took 0.325 seconds
[2021-11-29 16:24:23,151] {processor.py:163} INFO - Started process (PID=6591) to work on /usr/local/lib/python3.8/dist-packages/airflow/example_dags/example_complex.py
[2021-11-29 16:24:23,215] {processor.py:625} INFO - Processing file /usr/local/lib/python3.8/dist-packages/airflow/example_dags/example_complex.py for tasks to queue
[2021-11-29 16:24:23,216] {logging_mixin.py:109} INFO - [2021-11-29 16:24:23,216] {dagbag.py:500} INFO - Filling up the DagBag from /usr/local/lib/python3.8/dist-packages/airflow/example_dags/example_complex.py
[2021-11-29 16:24:23,332] {processor.py:637} INFO - DAG(s) dict_keys(['example_complex']) retrieved from /usr/local/lib/python3.8/dist-packages/airflow/example_dags/example_complex.py
[2021-11-29 16:24:23,349] {logging_mixin.py:109} WARNING - /usr/local/lib/python3.8/dist-packages/airflow/models/serialized_dag.py:120 SAWarning: TypeDecorator UtcDateTime(timezone=True) will not produce a cache key because the ``cache_ok`` flag is not set to True.  Set this flag to True if this type object's state is safe to use in a cache key, or False to disable this warning.
[2021-11-29 16:24:23,381] {logging_mixin.py:109} INFO - [2021-11-29 16:24:23,381] {dag.py:2396} INFO - Sync 1 DAGs
[2021-11-29 16:24:23,410] {logging_mixin.py:109} WARNING - /usr/local/lib/python3.8/dist-packages/airflow/models/dag.py:2433 SAWarning: TypeDecorator UtcDateTime(timezone=True) will not produce a cache key because the ``cache_ok`` flag is not set to True.  Set this flag to True if this type object's state is safe to use in a cache key, or False to disable this warning.
[2021-11-29 16:24:23,435] {logging_mixin.py:109} INFO - [2021-11-29 16:24:23,434] {dag.py:2928} INFO - Setting next_dagrun for example_complex to None
[2021-11-29 16:24:23,853] {processor.py:171} INFO - Processing /usr/local/lib/python3.8/dist-packages/airflow/example_dags/example_complex.py took 0.733 seconds
[2021-11-29 16:25:22,786] {processor.py:163} INFO - Started process (PID=6758) to work on /usr/local/lib/python3.8/dist-packages/airflow/example_dags/example_complex.py
[2021-11-29 16:25:22,805] {processor.py:625} INFO - Processing file /usr/local/lib/python3.8/dist-packages/airflow/example_dags/example_complex.py for tasks to queue
[2021-11-29 16:25:22,806] {logging_mixin.py:109} INFO - [2021-11-29 16:25:22,806] {dagbag.py:500} INFO - Filling up the DagBag from /usr/local/lib/python3.8/dist-packages/airflow/example_dags/example_complex.py
[2021-11-29 16:25:22,912] {processor.py:637} INFO - DAG(s) dict_keys(['example_complex']) retrieved from /usr/local/lib/python3.8/dist-packages/airflow/example_dags/example_complex.py
[2021-11-29 16:25:22,929] {logging_mixin.py:109} WARNING - /usr/local/lib/python3.8/dist-packages/airflow/models/serialized_dag.py:120 SAWarning: TypeDecorator UtcDateTime(timezone=True) will not produce a cache key because the ``cache_ok`` flag is not set to True.  Set this flag to True if this type object's state is safe to use in a cache key, or False to disable this warning.
[2021-11-29 16:25:22,974] {logging_mixin.py:109} INFO - [2021-11-29 16:25:22,974] {dag.py:2396} INFO - Sync 1 DAGs
[2021-11-29 16:25:23,013] {logging_mixin.py:109} WARNING - /usr/local/lib/python3.8/dist-packages/airflow/models/dag.py:2433 SAWarning: TypeDecorator UtcDateTime(timezone=True) will not produce a cache key because the ``cache_ok`` flag is not set to True.  Set this flag to True if this type object's state is safe to use in a cache key, or False to disable this warning.
[2021-11-29 16:25:23,045] {logging_mixin.py:109} INFO - [2021-11-29 16:25:23,045] {dag.py:2928} INFO - Setting next_dagrun for example_complex to None
[2021-11-29 16:25:23,283] {processor.py:171} INFO - Processing /usr/local/lib/python3.8/dist-packages/airflow/example_dags/example_complex.py took 0.513 seconds
[2021-11-29 16:26:17,488] {processor.py:163} INFO - Started process (PID=6932) to work on /usr/local/lib/python3.8/dist-packages/airflow/example_dags/example_complex.py
[2021-11-29 16:26:17,551] {processor.py:625} INFO - Processing file /usr/local/lib/python3.8/dist-packages/airflow/example_dags/example_complex.py for tasks to queue
[2021-11-29 16:26:17,552] {logging_mixin.py:109} INFO - [2021-11-29 16:26:17,552] {dagbag.py:500} INFO - Filling up the DagBag from /usr/local/lib/python3.8/dist-packages/airflow/example_dags/example_complex.py
[2021-11-29 16:26:17,679] {processor.py:637} INFO - DAG(s) dict_keys(['example_complex']) retrieved from /usr/local/lib/python3.8/dist-packages/airflow/example_dags/example_complex.py
[2021-11-29 16:26:17,686] {logging_mixin.py:109} WARNING - /usr/local/lib/python3.8/dist-packages/airflow/models/serialized_dag.py:120 SAWarning: TypeDecorator UtcDateTime(timezone=True) will not produce a cache key because the ``cache_ok`` flag is not set to True.  Set this flag to True if this type object's state is safe to use in a cache key, or False to disable this warning.
[2021-11-29 16:26:17,712] {logging_mixin.py:109} INFO - [2021-11-29 16:26:17,712] {dag.py:2396} INFO - Sync 1 DAGs
[2021-11-29 16:26:17,732] {logging_mixin.py:109} WARNING - /usr/local/lib/python3.8/dist-packages/airflow/models/dag.py:2433 SAWarning: TypeDecorator UtcDateTime(timezone=True) will not produce a cache key because the ``cache_ok`` flag is not set to True.  Set this flag to True if this type object's state is safe to use in a cache key, or False to disable this warning.
[2021-11-29 16:26:17,747] {logging_mixin.py:109} INFO - [2021-11-29 16:26:17,747] {dag.py:2928} INFO - Setting next_dagrun for example_complex to None
[2021-11-29 16:26:17,912] {processor.py:171} INFO - Processing /usr/local/lib/python3.8/dist-packages/airflow/example_dags/example_complex.py took 0.443 seconds
[2021-11-29 16:27:11,255] {processor.py:163} INFO - Started process (PID=7094) to work on /usr/local/lib/python3.8/dist-packages/airflow/example_dags/example_complex.py
[2021-11-29 16:27:11,257] {processor.py:625} INFO - Processing file /usr/local/lib/python3.8/dist-packages/airflow/example_dags/example_complex.py for tasks to queue
[2021-11-29 16:27:11,258] {logging_mixin.py:109} INFO - [2021-11-29 16:27:11,258] {dagbag.py:500} INFO - Filling up the DagBag from /usr/local/lib/python3.8/dist-packages/airflow/example_dags/example_complex.py
[2021-11-29 16:27:11,359] {processor.py:637} INFO - DAG(s) dict_keys(['example_complex']) retrieved from /usr/local/lib/python3.8/dist-packages/airflow/example_dags/example_complex.py
[2021-11-29 16:27:11,375] {logging_mixin.py:109} WARNING - /usr/local/lib/python3.8/dist-packages/airflow/models/serialized_dag.py:120 SAWarning: TypeDecorator UtcDateTime(timezone=True) will not produce a cache key because the ``cache_ok`` flag is not set to True.  Set this flag to True if this type object's state is safe to use in a cache key, or False to disable this warning.
[2021-11-29 16:27:11,418] {logging_mixin.py:109} INFO - [2021-11-29 16:27:11,418] {dag.py:2396} INFO - Sync 1 DAGs
[2021-11-29 16:27:11,444] {logging_mixin.py:109} WARNING - /usr/local/lib/python3.8/dist-packages/airflow/models/dag.py:2433 SAWarning: TypeDecorator UtcDateTime(timezone=True) will not produce a cache key because the ``cache_ok`` flag is not set to True.  Set this flag to True if this type object's state is safe to use in a cache key, or False to disable this warning.
[2021-11-29 16:27:11,462] {logging_mixin.py:109} INFO - [2021-11-29 16:27:11,462] {dag.py:2928} INFO - Setting next_dagrun for example_complex to None
[2021-11-29 16:27:11,676] {processor.py:171} INFO - Processing /usr/local/lib/python3.8/dist-packages/airflow/example_dags/example_complex.py took 0.450 seconds
[2021-11-29 16:28:06,345] {processor.py:163} INFO - Started process (PID=7252) to work on /usr/local/lib/python3.8/dist-packages/airflow/example_dags/example_complex.py
[2021-11-29 16:28:06,387] {processor.py:625} INFO - Processing file /usr/local/lib/python3.8/dist-packages/airflow/example_dags/example_complex.py for tasks to queue
[2021-11-29 16:28:06,388] {logging_mixin.py:109} INFO - [2021-11-29 16:28:06,388] {dagbag.py:500} INFO - Filling up the DagBag from /usr/local/lib/python3.8/dist-packages/airflow/example_dags/example_complex.py
[2021-11-29 16:28:06,483] {processor.py:637} INFO - DAG(s) dict_keys(['example_complex']) retrieved from /usr/local/lib/python3.8/dist-packages/airflow/example_dags/example_complex.py
[2021-11-29 16:28:06,504] {logging_mixin.py:109} WARNING - /usr/local/lib/python3.8/dist-packages/airflow/models/serialized_dag.py:120 SAWarning: TypeDecorator UtcDateTime(timezone=True) will not produce a cache key because the ``cache_ok`` flag is not set to True.  Set this flag to True if this type object's state is safe to use in a cache key, or False to disable this warning.
[2021-11-29 16:28:06,527] {logging_mixin.py:109} INFO - [2021-11-29 16:28:06,526] {dag.py:2396} INFO - Sync 1 DAGs
[2021-11-29 16:28:06,547] {logging_mixin.py:109} WARNING - /usr/local/lib/python3.8/dist-packages/airflow/models/dag.py:2433 SAWarning: TypeDecorator UtcDateTime(timezone=True) will not produce a cache key because the ``cache_ok`` flag is not set to True.  Set this flag to True if this type object's state is safe to use in a cache key, or False to disable this warning.
[2021-11-29 16:28:06,560] {logging_mixin.py:109} INFO - [2021-11-29 16:28:06,560] {dag.py:2928} INFO - Setting next_dagrun for example_complex to None
[2021-11-29 16:28:06,791] {processor.py:171} INFO - Processing /usr/local/lib/python3.8/dist-packages/airflow/example_dags/example_complex.py took 0.461 seconds
[2021-11-29 16:29:05,066] {processor.py:163} INFO - Started process (PID=7413) to work on /usr/local/lib/python3.8/dist-packages/airflow/example_dags/example_complex.py
[2021-11-29 16:29:05,093] {processor.py:625} INFO - Processing file /usr/local/lib/python3.8/dist-packages/airflow/example_dags/example_complex.py for tasks to queue
[2021-11-29 16:29:05,094] {logging_mixin.py:109} INFO - [2021-11-29 16:29:05,094] {dagbag.py:500} INFO - Filling up the DagBag from /usr/local/lib/python3.8/dist-packages/airflow/example_dags/example_complex.py
[2021-11-29 16:29:05,201] {processor.py:637} INFO - DAG(s) dict_keys(['example_complex']) retrieved from /usr/local/lib/python3.8/dist-packages/airflow/example_dags/example_complex.py
[2021-11-29 16:29:05,221] {logging_mixin.py:109} WARNING - /usr/local/lib/python3.8/dist-packages/airflow/models/serialized_dag.py:120 SAWarning: TypeDecorator UtcDateTime(timezone=True) will not produce a cache key because the ``cache_ok`` flag is not set to True.  Set this flag to True if this type object's state is safe to use in a cache key, or False to disable this warning.
[2021-11-29 16:29:05,253] {logging_mixin.py:109} INFO - [2021-11-29 16:29:05,252] {dag.py:2396} INFO - Sync 1 DAGs
[2021-11-29 16:29:05,289] {logging_mixin.py:109} WARNING - /usr/local/lib/python3.8/dist-packages/airflow/models/dag.py:2433 SAWarning: TypeDecorator UtcDateTime(timezone=True) will not produce a cache key because the ``cache_ok`` flag is not set to True.  Set this flag to True if this type object's state is safe to use in a cache key, or False to disable this warning.
[2021-11-29 16:29:05,315] {logging_mixin.py:109} INFO - [2021-11-29 16:29:05,314] {dag.py:2928} INFO - Setting next_dagrun for example_complex to None
[2021-11-29 16:29:05,615] {processor.py:171} INFO - Processing /usr/local/lib/python3.8/dist-packages/airflow/example_dags/example_complex.py took 0.565 seconds
[2021-11-29 16:30:02,199] {processor.py:163} INFO - Started process (PID=7577) to work on /usr/local/lib/python3.8/dist-packages/airflow/example_dags/example_complex.py
[2021-11-29 16:30:02,215] {processor.py:625} INFO - Processing file /usr/local/lib/python3.8/dist-packages/airflow/example_dags/example_complex.py for tasks to queue
[2021-11-29 16:30:02,216] {logging_mixin.py:109} INFO - [2021-11-29 16:30:02,216] {dagbag.py:500} INFO - Filling up the DagBag from /usr/local/lib/python3.8/dist-packages/airflow/example_dags/example_complex.py
[2021-11-29 16:30:02,322] {processor.py:637} INFO - DAG(s) dict_keys(['example_complex']) retrieved from /usr/local/lib/python3.8/dist-packages/airflow/example_dags/example_complex.py
[2021-11-29 16:30:02,330] {logging_mixin.py:109} WARNING - /usr/local/lib/python3.8/dist-packages/airflow/models/serialized_dag.py:120 SAWarning: TypeDecorator UtcDateTime(timezone=True) will not produce a cache key because the ``cache_ok`` flag is not set to True.  Set this flag to True if this type object's state is safe to use in a cache key, or False to disable this warning.
[2021-11-29 16:30:02,350] {logging_mixin.py:109} INFO - [2021-11-29 16:30:02,350] {dag.py:2396} INFO - Sync 1 DAGs
[2021-11-29 16:30:02,367] {logging_mixin.py:109} WARNING - /usr/local/lib/python3.8/dist-packages/airflow/models/dag.py:2433 SAWarning: TypeDecorator UtcDateTime(timezone=True) will not produce a cache key because the ``cache_ok`` flag is not set to True.  Set this flag to True if this type object's state is safe to use in a cache key, or False to disable this warning.
[2021-11-29 16:30:02,382] {logging_mixin.py:109} INFO - [2021-11-29 16:30:02,382] {dag.py:2928} INFO - Setting next_dagrun for example_complex to None
[2021-11-29 16:30:02,606] {processor.py:171} INFO - Processing /usr/local/lib/python3.8/dist-packages/airflow/example_dags/example_complex.py took 0.412 seconds
[2021-11-29 16:30:59,257] {processor.py:163} INFO - Started process (PID=7741) to work on /usr/local/lib/python3.8/dist-packages/airflow/example_dags/example_complex.py
[2021-11-29 16:30:59,282] {processor.py:625} INFO - Processing file /usr/local/lib/python3.8/dist-packages/airflow/example_dags/example_complex.py for tasks to queue
[2021-11-29 16:30:59,284] {logging_mixin.py:109} INFO - [2021-11-29 16:30:59,284] {dagbag.py:500} INFO - Filling up the DagBag from /usr/local/lib/python3.8/dist-packages/airflow/example_dags/example_complex.py
[2021-11-29 16:30:59,355] {processor.py:637} INFO - DAG(s) dict_keys(['example_complex']) retrieved from /usr/local/lib/python3.8/dist-packages/airflow/example_dags/example_complex.py
[2021-11-29 16:30:59,364] {logging_mixin.py:109} WARNING - /usr/local/lib/python3.8/dist-packages/airflow/models/serialized_dag.py:120 SAWarning: TypeDecorator UtcDateTime(timezone=True) will not produce a cache key because the ``cache_ok`` flag is not set to True.  Set this flag to True if this type object's state is safe to use in a cache key, or False to disable this warning.
[2021-11-29 16:30:59,388] {logging_mixin.py:109} INFO - [2021-11-29 16:30:59,388] {dag.py:2396} INFO - Sync 1 DAGs
[2021-11-29 16:30:59,415] {logging_mixin.py:109} WARNING - /usr/local/lib/python3.8/dist-packages/airflow/models/dag.py:2433 SAWarning: TypeDecorator UtcDateTime(timezone=True) will not produce a cache key because the ``cache_ok`` flag is not set to True.  Set this flag to True if this type object's state is safe to use in a cache key, or False to disable this warning.
[2021-11-29 16:30:59,434] {logging_mixin.py:109} INFO - [2021-11-29 16:30:59,433] {dag.py:2928} INFO - Setting next_dagrun for example_complex to None
[2021-11-29 16:30:59,660] {processor.py:171} INFO - Processing /usr/local/lib/python3.8/dist-packages/airflow/example_dags/example_complex.py took 0.407 seconds
[2021-11-29 16:31:53,444] {processor.py:163} INFO - Started process (PID=7902) to work on /usr/local/lib/python3.8/dist-packages/airflow/example_dags/example_complex.py
[2021-11-29 16:31:53,494] {processor.py:625} INFO - Processing file /usr/local/lib/python3.8/dist-packages/airflow/example_dags/example_complex.py for tasks to queue
[2021-11-29 16:31:53,495] {logging_mixin.py:109} INFO - [2021-11-29 16:31:53,494] {dagbag.py:500} INFO - Filling up the DagBag from /usr/local/lib/python3.8/dist-packages/airflow/example_dags/example_complex.py
[2021-11-29 16:31:53,581] {processor.py:637} INFO - DAG(s) dict_keys(['example_complex']) retrieved from /usr/local/lib/python3.8/dist-packages/airflow/example_dags/example_complex.py
[2021-11-29 16:31:53,587] {logging_mixin.py:109} WARNING - /usr/local/lib/python3.8/dist-packages/airflow/models/serialized_dag.py:120 SAWarning: TypeDecorator UtcDateTime(timezone=True) will not produce a cache key because the ``cache_ok`` flag is not set to True.  Set this flag to True if this type object's state is safe to use in a cache key, or False to disable this warning.
[2021-11-29 16:31:53,607] {logging_mixin.py:109} INFO - [2021-11-29 16:31:53,607] {dag.py:2396} INFO - Sync 1 DAGs
[2021-11-29 16:31:53,625] {logging_mixin.py:109} WARNING - /usr/local/lib/python3.8/dist-packages/airflow/models/dag.py:2433 SAWarning: TypeDecorator UtcDateTime(timezone=True) will not produce a cache key because the ``cache_ok`` flag is not set to True.  Set this flag to True if this type object's state is safe to use in a cache key, or False to disable this warning.
[2021-11-29 16:31:53,638] {logging_mixin.py:109} INFO - [2021-11-29 16:31:53,638] {dag.py:2928} INFO - Setting next_dagrun for example_complex to None
[2021-11-29 16:31:53,798] {processor.py:171} INFO - Processing /usr/local/lib/python3.8/dist-packages/airflow/example_dags/example_complex.py took 0.359 seconds
[2021-11-29 16:32:49,534] {processor.py:163} INFO - Started process (PID=8071) to work on /usr/local/lib/python3.8/dist-packages/airflow/example_dags/example_complex.py
[2021-11-29 16:32:49,556] {processor.py:625} INFO - Processing file /usr/local/lib/python3.8/dist-packages/airflow/example_dags/example_complex.py for tasks to queue
[2021-11-29 16:32:49,557] {logging_mixin.py:109} INFO - [2021-11-29 16:32:49,557] {dagbag.py:500} INFO - Filling up the DagBag from /usr/local/lib/python3.8/dist-packages/airflow/example_dags/example_complex.py
[2021-11-29 16:32:49,675] {processor.py:637} INFO - DAG(s) dict_keys(['example_complex']) retrieved from /usr/local/lib/python3.8/dist-packages/airflow/example_dags/example_complex.py
[2021-11-29 16:32:49,695] {logging_mixin.py:109} WARNING - /usr/local/lib/python3.8/dist-packages/airflow/models/serialized_dag.py:120 SAWarning: TypeDecorator UtcDateTime(timezone=True) will not produce a cache key because the ``cache_ok`` flag is not set to True.  Set this flag to True if this type object's state is safe to use in a cache key, or False to disable this warning.
[2021-11-29 16:32:49,724] {logging_mixin.py:109} INFO - [2021-11-29 16:32:49,724] {dag.py:2396} INFO - Sync 1 DAGs
[2021-11-29 16:32:49,796] {logging_mixin.py:109} WARNING - /usr/local/lib/python3.8/dist-packages/airflow/models/dag.py:2433 SAWarning: TypeDecorator UtcDateTime(timezone=True) will not produce a cache key because the ``cache_ok`` flag is not set to True.  Set this flag to True if this type object's state is safe to use in a cache key, or False to disable this warning.
[2021-11-29 16:32:49,821] {logging_mixin.py:109} INFO - [2021-11-29 16:32:49,821] {dag.py:2928} INFO - Setting next_dagrun for example_complex to None
[2021-11-29 16:32:50,068] {processor.py:171} INFO - Processing /usr/local/lib/python3.8/dist-packages/airflow/example_dags/example_complex.py took 0.538 seconds
[2021-11-29 16:33:44,306] {processor.py:163} INFO - Started process (PID=8232) to work on /usr/local/lib/python3.8/dist-packages/airflow/example_dags/example_complex.py
[2021-11-29 16:33:44,308] {processor.py:625} INFO - Processing file /usr/local/lib/python3.8/dist-packages/airflow/example_dags/example_complex.py for tasks to queue
[2021-11-29 16:33:44,309] {logging_mixin.py:109} INFO - [2021-11-29 16:33:44,309] {dagbag.py:500} INFO - Filling up the DagBag from /usr/local/lib/python3.8/dist-packages/airflow/example_dags/example_complex.py
[2021-11-29 16:33:44,377] {processor.py:637} INFO - DAG(s) dict_keys(['example_complex']) retrieved from /usr/local/lib/python3.8/dist-packages/airflow/example_dags/example_complex.py
[2021-11-29 16:33:44,387] {logging_mixin.py:109} WARNING - /usr/local/lib/python3.8/dist-packages/airflow/models/serialized_dag.py:120 SAWarning: TypeDecorator UtcDateTime(timezone=True) will not produce a cache key because the ``cache_ok`` flag is not set to True.  Set this flag to True if this type object's state is safe to use in a cache key, or False to disable this warning.
[2021-11-29 16:33:44,414] {logging_mixin.py:109} INFO - [2021-11-29 16:33:44,414] {dag.py:2396} INFO - Sync 1 DAGs
[2021-11-29 16:33:44,439] {logging_mixin.py:109} WARNING - /usr/local/lib/python3.8/dist-packages/airflow/models/dag.py:2433 SAWarning: TypeDecorator UtcDateTime(timezone=True) will not produce a cache key because the ``cache_ok`` flag is not set to True.  Set this flag to True if this type object's state is safe to use in a cache key, or False to disable this warning.
[2021-11-29 16:33:44,452] {logging_mixin.py:109} INFO - [2021-11-29 16:33:44,451] {dag.py:2928} INFO - Setting next_dagrun for example_complex to None
[2021-11-29 16:33:44,632] {processor.py:171} INFO - Processing /usr/local/lib/python3.8/dist-packages/airflow/example_dags/example_complex.py took 0.352 seconds
[2021-11-29 16:34:39,534] {processor.py:163} INFO - Started process (PID=8394) to work on /usr/local/lib/python3.8/dist-packages/airflow/example_dags/example_complex.py
[2021-11-29 16:34:39,545] {processor.py:625} INFO - Processing file /usr/local/lib/python3.8/dist-packages/airflow/example_dags/example_complex.py for tasks to queue
[2021-11-29 16:34:39,546] {logging_mixin.py:109} INFO - [2021-11-29 16:34:39,546] {dagbag.py:500} INFO - Filling up the DagBag from /usr/local/lib/python3.8/dist-packages/airflow/example_dags/example_complex.py
[2021-11-29 16:34:39,664] {processor.py:637} INFO - DAG(s) dict_keys(['example_complex']) retrieved from /usr/local/lib/python3.8/dist-packages/airflow/example_dags/example_complex.py
[2021-11-29 16:34:39,680] {logging_mixin.py:109} WARNING - /usr/local/lib/python3.8/dist-packages/airflow/models/serialized_dag.py:120 SAWarning: TypeDecorator UtcDateTime(timezone=True) will not produce a cache key because the ``cache_ok`` flag is not set to True.  Set this flag to True if this type object's state is safe to use in a cache key, or False to disable this warning.
[2021-11-29 16:34:39,718] {logging_mixin.py:109} INFO - [2021-11-29 16:34:39,718] {dag.py:2396} INFO - Sync 1 DAGs
[2021-11-29 16:34:39,759] {logging_mixin.py:109} WARNING - /usr/local/lib/python3.8/dist-packages/airflow/models/dag.py:2433 SAWarning: TypeDecorator UtcDateTime(timezone=True) will not produce a cache key because the ``cache_ok`` flag is not set to True.  Set this flag to True if this type object's state is safe to use in a cache key, or False to disable this warning.
[2021-11-29 16:34:39,792] {logging_mixin.py:109} INFO - [2021-11-29 16:34:39,792] {dag.py:2928} INFO - Setting next_dagrun for example_complex to None
[2021-11-29 16:34:39,977] {processor.py:171} INFO - Processing /usr/local/lib/python3.8/dist-packages/airflow/example_dags/example_complex.py took 0.447 seconds
[2021-11-29 16:35:35,341] {processor.py:163} INFO - Started process (PID=8560) to work on /usr/local/lib/python3.8/dist-packages/airflow/example_dags/example_complex.py
[2021-11-29 16:35:35,364] {processor.py:625} INFO - Processing file /usr/local/lib/python3.8/dist-packages/airflow/example_dags/example_complex.py for tasks to queue
[2021-11-29 16:35:35,368] {logging_mixin.py:109} INFO - [2021-11-29 16:35:35,367] {dagbag.py:500} INFO - Filling up the DagBag from /usr/local/lib/python3.8/dist-packages/airflow/example_dags/example_complex.py
[2021-11-29 16:35:35,499] {processor.py:637} INFO - DAG(s) dict_keys(['example_complex']) retrieved from /usr/local/lib/python3.8/dist-packages/airflow/example_dags/example_complex.py
[2021-11-29 16:35:35,510] {logging_mixin.py:109} WARNING - /usr/local/lib/python3.8/dist-packages/airflow/models/serialized_dag.py:120 SAWarning: TypeDecorator UtcDateTime(timezone=True) will not produce a cache key because the ``cache_ok`` flag is not set to True.  Set this flag to True if this type object's state is safe to use in a cache key, or False to disable this warning.
[2021-11-29 16:35:35,538] {logging_mixin.py:109} INFO - [2021-11-29 16:35:35,538] {dag.py:2396} INFO - Sync 1 DAGs
[2021-11-29 16:35:35,563] {logging_mixin.py:109} WARNING - /usr/local/lib/python3.8/dist-packages/airflow/models/dag.py:2433 SAWarning: TypeDecorator UtcDateTime(timezone=True) will not produce a cache key because the ``cache_ok`` flag is not set to True.  Set this flag to True if this type object's state is safe to use in a cache key, or False to disable this warning.
[2021-11-29 16:35:35,579] {logging_mixin.py:109} INFO - [2021-11-29 16:35:35,579] {dag.py:2928} INFO - Setting next_dagrun for example_complex to None
[2021-11-29 16:35:35,792] {processor.py:171} INFO - Processing /usr/local/lib/python3.8/dist-packages/airflow/example_dags/example_complex.py took 0.456 seconds
[2021-11-29 16:36:33,287] {processor.py:163} INFO - Started process (PID=8715) to work on /usr/local/lib/python3.8/dist-packages/airflow/example_dags/example_complex.py
[2021-11-29 16:36:33,320] {processor.py:625} INFO - Processing file /usr/local/lib/python3.8/dist-packages/airflow/example_dags/example_complex.py for tasks to queue
[2021-11-29 16:36:33,321] {logging_mixin.py:109} INFO - [2021-11-29 16:36:33,321] {dagbag.py:500} INFO - Filling up the DagBag from /usr/local/lib/python3.8/dist-packages/airflow/example_dags/example_complex.py
[2021-11-29 16:36:33,379] {processor.py:637} INFO - DAG(s) dict_keys(['example_complex']) retrieved from /usr/local/lib/python3.8/dist-packages/airflow/example_dags/example_complex.py
[2021-11-29 16:36:33,388] {logging_mixin.py:109} WARNING - /usr/local/lib/python3.8/dist-packages/airflow/models/serialized_dag.py:120 SAWarning: TypeDecorator UtcDateTime(timezone=True) will not produce a cache key because the ``cache_ok`` flag is not set to True.  Set this flag to True if this type object's state is safe to use in a cache key, or False to disable this warning.
[2021-11-29 16:36:33,418] {logging_mixin.py:109} INFO - [2021-11-29 16:36:33,418] {dag.py:2396} INFO - Sync 1 DAGs
[2021-11-29 16:36:33,444] {logging_mixin.py:109} WARNING - /usr/local/lib/python3.8/dist-packages/airflow/models/dag.py:2433 SAWarning: TypeDecorator UtcDateTime(timezone=True) will not produce a cache key because the ``cache_ok`` flag is not set to True.  Set this flag to True if this type object's state is safe to use in a cache key, or False to disable this warning.
[2021-11-29 16:36:33,461] {logging_mixin.py:109} INFO - [2021-11-29 16:36:33,461] {dag.py:2928} INFO - Setting next_dagrun for example_complex to None
[2021-11-29 16:36:33,630] {processor.py:171} INFO - Processing /usr/local/lib/python3.8/dist-packages/airflow/example_dags/example_complex.py took 0.360 seconds
[2021-11-29 16:37:28,394] {processor.py:163} INFO - Started process (PID=8876) to work on /usr/local/lib/python3.8/dist-packages/airflow/example_dags/example_complex.py
[2021-11-29 16:37:28,411] {processor.py:625} INFO - Processing file /usr/local/lib/python3.8/dist-packages/airflow/example_dags/example_complex.py for tasks to queue
[2021-11-29 16:37:28,412] {logging_mixin.py:109} INFO - [2021-11-29 16:37:28,412] {dagbag.py:500} INFO - Filling up the DagBag from /usr/local/lib/python3.8/dist-packages/airflow/example_dags/example_complex.py
[2021-11-29 16:37:28,508] {processor.py:637} INFO - DAG(s) dict_keys(['example_complex']) retrieved from /usr/local/lib/python3.8/dist-packages/airflow/example_dags/example_complex.py
[2021-11-29 16:37:28,527] {logging_mixin.py:109} WARNING - /usr/local/lib/python3.8/dist-packages/airflow/models/serialized_dag.py:120 SAWarning: TypeDecorator UtcDateTime(timezone=True) will not produce a cache key because the ``cache_ok`` flag is not set to True.  Set this flag to True if this type object's state is safe to use in a cache key, or False to disable this warning.
[2021-11-29 16:37:28,548] {logging_mixin.py:109} INFO - [2021-11-29 16:37:28,548] {dag.py:2396} INFO - Sync 1 DAGs
[2021-11-29 16:37:28,570] {logging_mixin.py:109} WARNING - /usr/local/lib/python3.8/dist-packages/airflow/models/dag.py:2433 SAWarning: TypeDecorator UtcDateTime(timezone=True) will not produce a cache key because the ``cache_ok`` flag is not set to True.  Set this flag to True if this type object's state is safe to use in a cache key, or False to disable this warning.
[2021-11-29 16:37:28,583] {logging_mixin.py:109} INFO - [2021-11-29 16:37:28,583] {dag.py:2928} INFO - Setting next_dagrun for example_complex to None
[2021-11-29 16:37:28,837] {processor.py:171} INFO - Processing /usr/local/lib/python3.8/dist-packages/airflow/example_dags/example_complex.py took 0.447 seconds
[2021-11-29 16:38:24,769] {processor.py:163} INFO - Started process (PID=9044) to work on /usr/local/lib/python3.8/dist-packages/airflow/example_dags/example_complex.py
[2021-11-29 16:38:24,833] {processor.py:625} INFO - Processing file /usr/local/lib/python3.8/dist-packages/airflow/example_dags/example_complex.py for tasks to queue
[2021-11-29 16:38:24,834] {logging_mixin.py:109} INFO - [2021-11-29 16:38:24,834] {dagbag.py:500} INFO - Filling up the DagBag from /usr/local/lib/python3.8/dist-packages/airflow/example_dags/example_complex.py
[2021-11-29 16:38:24,928] {processor.py:637} INFO - DAG(s) dict_keys(['example_complex']) retrieved from /usr/local/lib/python3.8/dist-packages/airflow/example_dags/example_complex.py
[2021-11-29 16:38:24,941] {logging_mixin.py:109} WARNING - /usr/local/lib/python3.8/dist-packages/airflow/models/serialized_dag.py:120 SAWarning: TypeDecorator UtcDateTime(timezone=True) will not produce a cache key because the ``cache_ok`` flag is not set to True.  Set this flag to True if this type object's state is safe to use in a cache key, or False to disable this warning.
[2021-11-29 16:38:24,965] {logging_mixin.py:109} INFO - [2021-11-29 16:38:24,965] {dag.py:2396} INFO - Sync 1 DAGs
[2021-11-29 16:38:24,985] {logging_mixin.py:109} WARNING - /usr/local/lib/python3.8/dist-packages/airflow/models/dag.py:2433 SAWarning: TypeDecorator UtcDateTime(timezone=True) will not produce a cache key because the ``cache_ok`` flag is not set to True.  Set this flag to True if this type object's state is safe to use in a cache key, or False to disable this warning.
[2021-11-29 16:38:25,016] {logging_mixin.py:109} INFO - [2021-11-29 16:38:25,015] {dag.py:2928} INFO - Setting next_dagrun for example_complex to None
[2021-11-29 16:38:25,378] {processor.py:171} INFO - Processing /usr/local/lib/python3.8/dist-packages/airflow/example_dags/example_complex.py took 0.613 seconds
[2021-11-29 16:39:18,616] {processor.py:163} INFO - Started process (PID=9207) to work on /usr/local/lib/python3.8/dist-packages/airflow/example_dags/example_complex.py
[2021-11-29 16:39:18,629] {processor.py:625} INFO - Processing file /usr/local/lib/python3.8/dist-packages/airflow/example_dags/example_complex.py for tasks to queue
[2021-11-29 16:39:18,630] {logging_mixin.py:109} INFO - [2021-11-29 16:39:18,630] {dagbag.py:500} INFO - Filling up the DagBag from /usr/local/lib/python3.8/dist-packages/airflow/example_dags/example_complex.py
[2021-11-29 16:39:18,703] {processor.py:637} INFO - DAG(s) dict_keys(['example_complex']) retrieved from /usr/local/lib/python3.8/dist-packages/airflow/example_dags/example_complex.py
[2021-11-29 16:39:18,709] {logging_mixin.py:109} WARNING - /usr/local/lib/python3.8/dist-packages/airflow/models/serialized_dag.py:120 SAWarning: TypeDecorator UtcDateTime(timezone=True) will not produce a cache key because the ``cache_ok`` flag is not set to True.  Set this flag to True if this type object's state is safe to use in a cache key, or False to disable this warning.
[2021-11-29 16:39:18,729] {logging_mixin.py:109} INFO - [2021-11-29 16:39:18,728] {dag.py:2396} INFO - Sync 1 DAGs
[2021-11-29 16:39:18,745] {logging_mixin.py:109} WARNING - /usr/local/lib/python3.8/dist-packages/airflow/models/dag.py:2433 SAWarning: TypeDecorator UtcDateTime(timezone=True) will not produce a cache key because the ``cache_ok`` flag is not set to True.  Set this flag to True if this type object's state is safe to use in a cache key, or False to disable this warning.
[2021-11-29 16:39:18,759] {logging_mixin.py:109} INFO - [2021-11-29 16:39:18,759] {dag.py:2928} INFO - Setting next_dagrun for example_complex to None
[2021-11-29 16:39:18,908] {processor.py:171} INFO - Processing /usr/local/lib/python3.8/dist-packages/airflow/example_dags/example_complex.py took 0.307 seconds
[2021-11-29 16:40:13,788] {processor.py:163} INFO - Started process (PID=9373) to work on /usr/local/lib/python3.8/dist-packages/airflow/example_dags/example_complex.py
[2021-11-29 16:40:13,806] {processor.py:625} INFO - Processing file /usr/local/lib/python3.8/dist-packages/airflow/example_dags/example_complex.py for tasks to queue
[2021-11-29 16:40:13,807] {logging_mixin.py:109} INFO - [2021-11-29 16:40:13,807] {dagbag.py:500} INFO - Filling up the DagBag from /usr/local/lib/python3.8/dist-packages/airflow/example_dags/example_complex.py
[2021-11-29 16:40:13,937] {processor.py:637} INFO - DAG(s) dict_keys(['example_complex']) retrieved from /usr/local/lib/python3.8/dist-packages/airflow/example_dags/example_complex.py
[2021-11-29 16:40:13,957] {logging_mixin.py:109} WARNING - /usr/local/lib/python3.8/dist-packages/airflow/models/serialized_dag.py:120 SAWarning: TypeDecorator UtcDateTime(timezone=True) will not produce a cache key because the ``cache_ok`` flag is not set to True.  Set this flag to True if this type object's state is safe to use in a cache key, or False to disable this warning.
[2021-11-29 16:40:14,001] {logging_mixin.py:109} INFO - [2021-11-29 16:40:14,001] {dag.py:2396} INFO - Sync 1 DAGs
[2021-11-29 16:40:14,061] {logging_mixin.py:109} WARNING - /usr/local/lib/python3.8/dist-packages/airflow/models/dag.py:2433 SAWarning: TypeDecorator UtcDateTime(timezone=True) will not produce a cache key because the ``cache_ok`` flag is not set to True.  Set this flag to True if this type object's state is safe to use in a cache key, or False to disable this warning.
[2021-11-29 16:40:14,078] {logging_mixin.py:109} INFO - [2021-11-29 16:40:14,078] {dag.py:2928} INFO - Setting next_dagrun for example_complex to None
[2021-11-29 16:40:14,387] {processor.py:171} INFO - Processing /usr/local/lib/python3.8/dist-packages/airflow/example_dags/example_complex.py took 0.604 seconds
[2021-11-29 16:41:10,700] {processor.py:163} INFO - Started process (PID=9536) to work on /usr/local/lib/python3.8/dist-packages/airflow/example_dags/example_complex.py
[2021-11-29 16:41:10,731] {processor.py:625} INFO - Processing file /usr/local/lib/python3.8/dist-packages/airflow/example_dags/example_complex.py for tasks to queue
[2021-11-29 16:41:10,733] {logging_mixin.py:109} INFO - [2021-11-29 16:41:10,732] {dagbag.py:500} INFO - Filling up the DagBag from /usr/local/lib/python3.8/dist-packages/airflow/example_dags/example_complex.py
[2021-11-29 16:41:10,842] {processor.py:637} INFO - DAG(s) dict_keys(['example_complex']) retrieved from /usr/local/lib/python3.8/dist-packages/airflow/example_dags/example_complex.py
[2021-11-29 16:41:10,855] {logging_mixin.py:109} WARNING - /usr/local/lib/python3.8/dist-packages/airflow/models/serialized_dag.py:120 SAWarning: TypeDecorator UtcDateTime(timezone=True) will not produce a cache key because the ``cache_ok`` flag is not set to True.  Set this flag to True if this type object's state is safe to use in a cache key, or False to disable this warning.
[2021-11-29 16:41:10,886] {logging_mixin.py:109} INFO - [2021-11-29 16:41:10,885] {dag.py:2396} INFO - Sync 1 DAGs
[2021-11-29 16:41:10,907] {logging_mixin.py:109} WARNING - /usr/local/lib/python3.8/dist-packages/airflow/models/dag.py:2433 SAWarning: TypeDecorator UtcDateTime(timezone=True) will not produce a cache key because the ``cache_ok`` flag is not set to True.  Set this flag to True if this type object's state is safe to use in a cache key, or False to disable this warning.
[2021-11-29 16:41:10,923] {logging_mixin.py:109} INFO - [2021-11-29 16:41:10,923] {dag.py:2928} INFO - Setting next_dagrun for example_complex to None
[2021-11-29 16:41:11,206] {processor.py:171} INFO - Processing /usr/local/lib/python3.8/dist-packages/airflow/example_dags/example_complex.py took 0.512 seconds
[2021-11-29 16:42:12,666] {processor.py:163} INFO - Started process (PID=9709) to work on /usr/local/lib/python3.8/dist-packages/airflow/example_dags/example_complex.py
[2021-11-29 16:42:12,684] {processor.py:625} INFO - Processing file /usr/local/lib/python3.8/dist-packages/airflow/example_dags/example_complex.py for tasks to queue
[2021-11-29 16:42:12,685] {logging_mixin.py:109} INFO - [2021-11-29 16:42:12,685] {dagbag.py:500} INFO - Filling up the DagBag from /usr/local/lib/python3.8/dist-packages/airflow/example_dags/example_complex.py
[2021-11-29 16:42:12,782] {processor.py:637} INFO - DAG(s) dict_keys(['example_complex']) retrieved from /usr/local/lib/python3.8/dist-packages/airflow/example_dags/example_complex.py
[2021-11-29 16:42:12,801] {logging_mixin.py:109} WARNING - /usr/local/lib/python3.8/dist-packages/airflow/models/serialized_dag.py:120 SAWarning: TypeDecorator UtcDateTime(timezone=True) will not produce a cache key because the ``cache_ok`` flag is not set to True.  Set this flag to True if this type object's state is safe to use in a cache key, or False to disable this warning.
[2021-11-29 16:42:12,845] {logging_mixin.py:109} INFO - [2021-11-29 16:42:12,845] {dag.py:2396} INFO - Sync 1 DAGs
[2021-11-29 16:42:12,874] {logging_mixin.py:109} WARNING - /usr/local/lib/python3.8/dist-packages/airflow/models/dag.py:2433 SAWarning: TypeDecorator UtcDateTime(timezone=True) will not produce a cache key because the ``cache_ok`` flag is not set to True.  Set this flag to True if this type object's state is safe to use in a cache key, or False to disable this warning.
[2021-11-29 16:42:12,902] {logging_mixin.py:109} INFO - [2021-11-29 16:42:12,901] {dag.py:2928} INFO - Setting next_dagrun for example_complex to None
[2021-11-29 16:42:13,114] {processor.py:171} INFO - Processing /usr/local/lib/python3.8/dist-packages/airflow/example_dags/example_complex.py took 0.463 seconds
[2021-11-29 16:43:06,815] {processor.py:163} INFO - Started process (PID=9884) to work on /usr/local/lib/python3.8/dist-packages/airflow/example_dags/example_complex.py
[2021-11-29 16:43:06,918] {processor.py:625} INFO - Processing file /usr/local/lib/python3.8/dist-packages/airflow/example_dags/example_complex.py for tasks to queue
[2021-11-29 16:43:06,919] {logging_mixin.py:109} INFO - [2021-11-29 16:43:06,919] {dagbag.py:500} INFO - Filling up the DagBag from /usr/local/lib/python3.8/dist-packages/airflow/example_dags/example_complex.py
[2021-11-29 16:43:07,047] {processor.py:637} INFO - DAG(s) dict_keys(['example_complex']) retrieved from /usr/local/lib/python3.8/dist-packages/airflow/example_dags/example_complex.py
[2021-11-29 16:43:07,054] {logging_mixin.py:109} WARNING - /usr/local/lib/python3.8/dist-packages/airflow/models/serialized_dag.py:120 SAWarning: TypeDecorator UtcDateTime(timezone=True) will not produce a cache key because the ``cache_ok`` flag is not set to True.  Set this flag to True if this type object's state is safe to use in a cache key, or False to disable this warning.
[2021-11-29 16:43:07,104] {logging_mixin.py:109} INFO - [2021-11-29 16:43:07,104] {dag.py:2396} INFO - Sync 1 DAGs
[2021-11-29 16:43:07,148] {logging_mixin.py:109} WARNING - /usr/local/lib/python3.8/dist-packages/airflow/models/dag.py:2433 SAWarning: TypeDecorator UtcDateTime(timezone=True) will not produce a cache key because the ``cache_ok`` flag is not set to True.  Set this flag to True if this type object's state is safe to use in a cache key, or False to disable this warning.
[2021-11-29 16:43:07,165] {logging_mixin.py:109} INFO - [2021-11-29 16:43:07,165] {dag.py:2928} INFO - Setting next_dagrun for example_complex to None
[2021-11-29 16:43:07,330] {processor.py:171} INFO - Processing /usr/local/lib/python3.8/dist-packages/airflow/example_dags/example_complex.py took 0.529 seconds
[2021-11-29 16:44:00,055] {processor.py:163} INFO - Started process (PID=10043) to work on /usr/local/lib/python3.8/dist-packages/airflow/example_dags/example_complex.py
[2021-11-29 16:44:00,101] {processor.py:625} INFO - Processing file /usr/local/lib/python3.8/dist-packages/airflow/example_dags/example_complex.py for tasks to queue
[2021-11-29 16:44:00,102] {logging_mixin.py:109} INFO - [2021-11-29 16:44:00,102] {dagbag.py:500} INFO - Filling up the DagBag from /usr/local/lib/python3.8/dist-packages/airflow/example_dags/example_complex.py
[2021-11-29 16:44:00,194] {processor.py:637} INFO - DAG(s) dict_keys(['example_complex']) retrieved from /usr/local/lib/python3.8/dist-packages/airflow/example_dags/example_complex.py
[2021-11-29 16:44:00,207] {logging_mixin.py:109} WARNING - /usr/local/lib/python3.8/dist-packages/airflow/models/serialized_dag.py:120 SAWarning: TypeDecorator UtcDateTime(timezone=True) will not produce a cache key because the ``cache_ok`` flag is not set to True.  Set this flag to True if this type object's state is safe to use in a cache key, or False to disable this warning.
[2021-11-29 16:44:00,232] {logging_mixin.py:109} INFO - [2021-11-29 16:44:00,232] {dag.py:2396} INFO - Sync 1 DAGs
[2021-11-29 16:44:00,249] {logging_mixin.py:109} WARNING - /usr/local/lib/python3.8/dist-packages/airflow/models/dag.py:2433 SAWarning: TypeDecorator UtcDateTime(timezone=True) will not produce a cache key because the ``cache_ok`` flag is not set to True.  Set this flag to True if this type object's state is safe to use in a cache key, or False to disable this warning.
[2021-11-29 16:44:00,269] {logging_mixin.py:109} INFO - [2021-11-29 16:44:00,269] {dag.py:2928} INFO - Setting next_dagrun for example_complex to None
[2021-11-29 16:44:00,431] {processor.py:171} INFO - Processing /usr/local/lib/python3.8/dist-packages/airflow/example_dags/example_complex.py took 0.391 seconds
[2021-11-29 16:44:57,816] {processor.py:163} INFO - Started process (PID=10213) to work on /usr/local/lib/python3.8/dist-packages/airflow/example_dags/example_complex.py
[2021-11-29 16:44:57,857] {processor.py:625} INFO - Processing file /usr/local/lib/python3.8/dist-packages/airflow/example_dags/example_complex.py for tasks to queue
[2021-11-29 16:44:57,858] {logging_mixin.py:109} INFO - [2021-11-29 16:44:57,858] {dagbag.py:500} INFO - Filling up the DagBag from /usr/local/lib/python3.8/dist-packages/airflow/example_dags/example_complex.py
[2021-11-29 16:44:57,929] {processor.py:637} INFO - DAG(s) dict_keys(['example_complex']) retrieved from /usr/local/lib/python3.8/dist-packages/airflow/example_dags/example_complex.py
[2021-11-29 16:44:57,945] {logging_mixin.py:109} WARNING - /usr/local/lib/python3.8/dist-packages/airflow/models/serialized_dag.py:120 SAWarning: TypeDecorator UtcDateTime(timezone=True) will not produce a cache key because the ``cache_ok`` flag is not set to True.  Set this flag to True if this type object's state is safe to use in a cache key, or False to disable this warning.
[2021-11-29 16:44:57,966] {logging_mixin.py:109} INFO - [2021-11-29 16:44:57,966] {dag.py:2396} INFO - Sync 1 DAGs
[2021-11-29 16:44:57,986] {logging_mixin.py:109} WARNING - /usr/local/lib/python3.8/dist-packages/airflow/models/dag.py:2433 SAWarning: TypeDecorator UtcDateTime(timezone=True) will not produce a cache key because the ``cache_ok`` flag is not set to True.  Set this flag to True if this type object's state is safe to use in a cache key, or False to disable this warning.
[2021-11-29 16:44:57,999] {logging_mixin.py:109} INFO - [2021-11-29 16:44:57,999] {dag.py:2928} INFO - Setting next_dagrun for example_complex to None
[2021-11-29 16:44:58,169] {processor.py:171} INFO - Processing /usr/local/lib/python3.8/dist-packages/airflow/example_dags/example_complex.py took 0.368 seconds
[2021-11-29 16:45:55,014] {processor.py:163} INFO - Started process (PID=10383) to work on /usr/local/lib/python3.8/dist-packages/airflow/example_dags/example_complex.py
[2021-11-29 16:45:55,075] {processor.py:625} INFO - Processing file /usr/local/lib/python3.8/dist-packages/airflow/example_dags/example_complex.py for tasks to queue
[2021-11-29 16:45:55,075] {logging_mixin.py:109} INFO - [2021-11-29 16:45:55,075] {dagbag.py:500} INFO - Filling up the DagBag from /usr/local/lib/python3.8/dist-packages/airflow/example_dags/example_complex.py
[2021-11-29 16:45:55,163] {processor.py:637} INFO - DAG(s) dict_keys(['example_complex']) retrieved from /usr/local/lib/python3.8/dist-packages/airflow/example_dags/example_complex.py
[2021-11-29 16:45:55,195] {logging_mixin.py:109} WARNING - /usr/local/lib/python3.8/dist-packages/airflow/models/serialized_dag.py:120 SAWarning: TypeDecorator UtcDateTime(timezone=True) will not produce a cache key because the ``cache_ok`` flag is not set to True.  Set this flag to True if this type object's state is safe to use in a cache key, or False to disable this warning.
[2021-11-29 16:45:55,240] {logging_mixin.py:109} INFO - [2021-11-29 16:45:55,240] {dag.py:2396} INFO - Sync 1 DAGs
[2021-11-29 16:45:55,277] {logging_mixin.py:109} WARNING - /usr/local/lib/python3.8/dist-packages/airflow/models/dag.py:2433 SAWarning: TypeDecorator UtcDateTime(timezone=True) will not produce a cache key because the ``cache_ok`` flag is not set to True.  Set this flag to True if this type object's state is safe to use in a cache key, or False to disable this warning.
[2021-11-29 16:45:55,315] {logging_mixin.py:109} INFO - [2021-11-29 16:45:55,315] {dag.py:2928} INFO - Setting next_dagrun for example_complex to None
[2021-11-29 16:45:55,629] {processor.py:171} INFO - Processing /usr/local/lib/python3.8/dist-packages/airflow/example_dags/example_complex.py took 0.620 seconds
