[2021-11-29 16:15:28,335] {processor.py:163} INFO - Started process (PID=4972) to work on /usr/local/lib/python3.8/dist-packages/airflow/example_dags/example_external_task_marker_dag.py
[2021-11-29 16:15:28,336] {processor.py:625} INFO - Processing file /usr/local/lib/python3.8/dist-packages/airflow/example_dags/example_external_task_marker_dag.py for tasks to queue
[2021-11-29 16:15:28,337] {logging_mixin.py:109} INFO - [2021-11-29 16:15:28,336] {dagbag.py:500} INFO - Filling up the DagBag from /usr/local/lib/python3.8/dist-packages/airflow/example_dags/example_external_task_marker_dag.py
[2021-11-29 16:15:28,406] {processor.py:637} INFO - DAG(s) dict_keys(['example_external_task_marker_parent', 'example_external_task_marker_child']) retrieved from /usr/local/lib/python3.8/dist-packages/airflow/example_dags/example_external_task_marker_dag.py
[2021-11-29 16:15:28,436] {logging_mixin.py:109} WARNING - /usr/local/lib/python3.8/dist-packages/airflow/models/serialized_dag.py:120 SAWarning: TypeDecorator UtcDateTime(timezone=True) will not produce a cache key because the ``cache_ok`` flag is not set to True.  Set this flag to True if this type object's state is safe to use in a cache key, or False to disable this warning.
[2021-11-29 16:15:28,472] {logging_mixin.py:109} INFO - [2021-11-29 16:15:28,472] {dag.py:2396} INFO - Sync 2 DAGs
[2021-11-29 16:15:28,510] {logging_mixin.py:109} WARNING - /usr/local/lib/python3.8/dist-packages/airflow/models/dag.py:2433 SAWarning: TypeDecorator UtcDateTime(timezone=True) will not produce a cache key because the ``cache_ok`` flag is not set to True.  Set this flag to True if this type object's state is safe to use in a cache key, or False to disable this warning.
[2021-11-29 16:15:28,547] {logging_mixin.py:109} INFO - [2021-11-29 16:15:28,547] {dag.py:2928} INFO - Setting next_dagrun for example_external_task_marker_child to None
[2021-11-29 16:15:28,548] {logging_mixin.py:109} INFO - [2021-11-29 16:15:28,548] {dag.py:2928} INFO - Setting next_dagrun for example_external_task_marker_parent to None
[2021-11-29 16:15:28,743] {processor.py:171} INFO - Processing /usr/local/lib/python3.8/dist-packages/airflow/example_dags/example_external_task_marker_dag.py took 0.423 seconds
[2021-11-29 16:16:34,204] {processor.py:163} INFO - Started process (PID=5154) to work on /usr/local/lib/python3.8/dist-packages/airflow/example_dags/example_external_task_marker_dag.py
[2021-11-29 16:16:34,271] {processor.py:625} INFO - Processing file /usr/local/lib/python3.8/dist-packages/airflow/example_dags/example_external_task_marker_dag.py for tasks to queue
[2021-11-29 16:16:34,272] {logging_mixin.py:109} INFO - [2021-11-29 16:16:34,272] {dagbag.py:500} INFO - Filling up the DagBag from /usr/local/lib/python3.8/dist-packages/airflow/example_dags/example_external_task_marker_dag.py
[2021-11-29 16:16:34,347] {processor.py:637} INFO - DAG(s) dict_keys(['example_external_task_marker_parent', 'example_external_task_marker_child']) retrieved from /usr/local/lib/python3.8/dist-packages/airflow/example_dags/example_external_task_marker_dag.py
[2021-11-29 16:16:34,353] {logging_mixin.py:109} WARNING - /usr/local/lib/python3.8/dist-packages/airflow/models/serialized_dag.py:120 SAWarning: TypeDecorator UtcDateTime(timezone=True) will not produce a cache key because the ``cache_ok`` flag is not set to True.  Set this flag to True if this type object's state is safe to use in a cache key, or False to disable this warning.
[2021-11-29 16:16:34,419] {logging_mixin.py:109} INFO - [2021-11-29 16:16:34,419] {dag.py:2396} INFO - Sync 2 DAGs
[2021-11-29 16:16:34,441] {logging_mixin.py:109} WARNING - /usr/local/lib/python3.8/dist-packages/airflow/models/dag.py:2433 SAWarning: TypeDecorator UtcDateTime(timezone=True) will not produce a cache key because the ``cache_ok`` flag is not set to True.  Set this flag to True if this type object's state is safe to use in a cache key, or False to disable this warning.
[2021-11-29 16:16:34,457] {logging_mixin.py:109} INFO - [2021-11-29 16:16:34,457] {dag.py:2928} INFO - Setting next_dagrun for example_external_task_marker_child to None
[2021-11-29 16:16:34,457] {logging_mixin.py:109} INFO - [2021-11-29 16:16:34,457] {dag.py:2928} INFO - Setting next_dagrun for example_external_task_marker_parent to None
[2021-11-29 16:16:34,691] {processor.py:171} INFO - Processing /usr/local/lib/python3.8/dist-packages/airflow/example_dags/example_external_task_marker_dag.py took 0.491 seconds
[2021-11-29 16:17:31,327] {processor.py:163} INFO - Started process (PID=5335) to work on /usr/local/lib/python3.8/dist-packages/airflow/example_dags/example_external_task_marker_dag.py
[2021-11-29 16:17:31,359] {processor.py:625} INFO - Processing file /usr/local/lib/python3.8/dist-packages/airflow/example_dags/example_external_task_marker_dag.py for tasks to queue
[2021-11-29 16:17:31,360] {logging_mixin.py:109} INFO - [2021-11-29 16:17:31,359] {dagbag.py:500} INFO - Filling up the DagBag from /usr/local/lib/python3.8/dist-packages/airflow/example_dags/example_external_task_marker_dag.py
[2021-11-29 16:17:31,411] {processor.py:637} INFO - DAG(s) dict_keys(['example_external_task_marker_parent', 'example_external_task_marker_child']) retrieved from /usr/local/lib/python3.8/dist-packages/airflow/example_dags/example_external_task_marker_dag.py
[2021-11-29 16:17:31,448] {logging_mixin.py:109} WARNING - /usr/local/lib/python3.8/dist-packages/airflow/models/serialized_dag.py:120 SAWarning: TypeDecorator UtcDateTime(timezone=True) will not produce a cache key because the ``cache_ok`` flag is not set to True.  Set this flag to True if this type object's state is safe to use in a cache key, or False to disable this warning.
[2021-11-29 16:17:31,489] {logging_mixin.py:109} INFO - [2021-11-29 16:17:31,488] {dag.py:2396} INFO - Sync 2 DAGs
[2021-11-29 16:17:31,526] {logging_mixin.py:109} WARNING - /usr/local/lib/python3.8/dist-packages/airflow/models/dag.py:2433 SAWarning: TypeDecorator UtcDateTime(timezone=True) will not produce a cache key because the ``cache_ok`` flag is not set to True.  Set this flag to True if this type object's state is safe to use in a cache key, or False to disable this warning.
[2021-11-29 16:17:31,549] {logging_mixin.py:109} INFO - [2021-11-29 16:17:31,549] {dag.py:2928} INFO - Setting next_dagrun for example_external_task_marker_child to None
[2021-11-29 16:17:31,549] {logging_mixin.py:109} INFO - [2021-11-29 16:17:31,549] {dag.py:2928} INFO - Setting next_dagrun for example_external_task_marker_parent to None
[2021-11-29 16:17:31,770] {processor.py:171} INFO - Processing /usr/local/lib/python3.8/dist-packages/airflow/example_dags/example_external_task_marker_dag.py took 0.449 seconds
[2021-11-29 16:18:26,750] {processor.py:163} INFO - Started process (PID=5504) to work on /usr/local/lib/python3.8/dist-packages/airflow/example_dags/example_external_task_marker_dag.py
[2021-11-29 16:18:27,419] {processor.py:625} INFO - Processing file /usr/local/lib/python3.8/dist-packages/airflow/example_dags/example_external_task_marker_dag.py for tasks to queue
[2021-11-29 16:18:27,422] {logging_mixin.py:109} INFO - [2021-11-29 16:18:27,422] {dagbag.py:500} INFO - Filling up the DagBag from /usr/local/lib/python3.8/dist-packages/airflow/example_dags/example_external_task_marker_dag.py
[2021-11-29 16:18:27,470] {processor.py:637} INFO - DAG(s) dict_keys(['example_external_task_marker_parent', 'example_external_task_marker_child']) retrieved from /usr/local/lib/python3.8/dist-packages/airflow/example_dags/example_external_task_marker_dag.py
[2021-11-29 16:18:27,477] {logging_mixin.py:109} WARNING - /usr/local/lib/python3.8/dist-packages/airflow/models/serialized_dag.py:120 SAWarning: TypeDecorator UtcDateTime(timezone=True) will not produce a cache key because the ``cache_ok`` flag is not set to True.  Set this flag to True if this type object's state is safe to use in a cache key, or False to disable this warning.
[2021-11-29 16:18:27,551] {logging_mixin.py:109} INFO - [2021-11-29 16:18:27,551] {dag.py:2396} INFO - Sync 2 DAGs
[2021-11-29 16:18:27,590] {logging_mixin.py:109} WARNING - /usr/local/lib/python3.8/dist-packages/airflow/models/dag.py:2433 SAWarning: TypeDecorator UtcDateTime(timezone=True) will not produce a cache key because the ``cache_ok`` flag is not set to True.  Set this flag to True if this type object's state is safe to use in a cache key, or False to disable this warning.
[2021-11-29 16:18:27,607] {logging_mixin.py:109} INFO - [2021-11-29 16:18:27,607] {dag.py:2928} INFO - Setting next_dagrun for example_external_task_marker_child to None
[2021-11-29 16:18:27,607] {logging_mixin.py:109} INFO - [2021-11-29 16:18:27,607] {dag.py:2928} INFO - Setting next_dagrun for example_external_task_marker_parent to None
[2021-11-29 16:18:28,116] {processor.py:171} INFO - Processing /usr/local/lib/python3.8/dist-packages/airflow/example_dags/example_external_task_marker_dag.py took 1.371 seconds
[2021-11-29 16:19:23,756] {processor.py:163} INFO - Started process (PID=5671) to work on /usr/local/lib/python3.8/dist-packages/airflow/example_dags/example_external_task_marker_dag.py
[2021-11-29 16:19:23,774] {processor.py:625} INFO - Processing file /usr/local/lib/python3.8/dist-packages/airflow/example_dags/example_external_task_marker_dag.py for tasks to queue
[2021-11-29 16:19:23,774] {logging_mixin.py:109} INFO - [2021-11-29 16:19:23,774] {dagbag.py:500} INFO - Filling up the DagBag from /usr/local/lib/python3.8/dist-packages/airflow/example_dags/example_external_task_marker_dag.py
[2021-11-29 16:19:23,871] {processor.py:637} INFO - DAG(s) dict_keys(['example_external_task_marker_parent', 'example_external_task_marker_child']) retrieved from /usr/local/lib/python3.8/dist-packages/airflow/example_dags/example_external_task_marker_dag.py
[2021-11-29 16:19:23,888] {logging_mixin.py:109} WARNING - /usr/local/lib/python3.8/dist-packages/airflow/models/serialized_dag.py:120 SAWarning: TypeDecorator UtcDateTime(timezone=True) will not produce a cache key because the ``cache_ok`` flag is not set to True.  Set this flag to True if this type object's state is safe to use in a cache key, or False to disable this warning.
[2021-11-29 16:19:23,962] {logging_mixin.py:109} INFO - [2021-11-29 16:19:23,962] {dag.py:2396} INFO - Sync 2 DAGs
[2021-11-29 16:19:24,002] {logging_mixin.py:109} WARNING - /usr/local/lib/python3.8/dist-packages/airflow/models/dag.py:2433 SAWarning: TypeDecorator UtcDateTime(timezone=True) will not produce a cache key because the ``cache_ok`` flag is not set to True.  Set this flag to True if this type object's state is safe to use in a cache key, or False to disable this warning.
[2021-11-29 16:19:24,039] {logging_mixin.py:109} INFO - [2021-11-29 16:19:24,038] {dag.py:2928} INFO - Setting next_dagrun for example_external_task_marker_child to None
[2021-11-29 16:19:24,039] {logging_mixin.py:109} INFO - [2021-11-29 16:19:24,039] {dag.py:2928} INFO - Setting next_dagrun for example_external_task_marker_parent to None
[2021-11-29 16:19:24,380] {processor.py:171} INFO - Processing /usr/local/lib/python3.8/dist-packages/airflow/example_dags/example_external_task_marker_dag.py took 0.649 seconds
[2021-11-29 16:20:19,278] {processor.py:163} INFO - Started process (PID=5842) to work on /usr/local/lib/python3.8/dist-packages/airflow/example_dags/example_external_task_marker_dag.py
[2021-11-29 16:20:19,308] {processor.py:625} INFO - Processing file /usr/local/lib/python3.8/dist-packages/airflow/example_dags/example_external_task_marker_dag.py for tasks to queue
[2021-11-29 16:20:19,309] {logging_mixin.py:109} INFO - [2021-11-29 16:20:19,309] {dagbag.py:500} INFO - Filling up the DagBag from /usr/local/lib/python3.8/dist-packages/airflow/example_dags/example_external_task_marker_dag.py
[2021-11-29 16:20:19,361] {processor.py:637} INFO - DAG(s) dict_keys(['example_external_task_marker_parent', 'example_external_task_marker_child']) retrieved from /usr/local/lib/python3.8/dist-packages/airflow/example_dags/example_external_task_marker_dag.py
[2021-11-29 16:20:19,377] {logging_mixin.py:109} WARNING - /usr/local/lib/python3.8/dist-packages/airflow/models/serialized_dag.py:120 SAWarning: TypeDecorator UtcDateTime(timezone=True) will not produce a cache key because the ``cache_ok`` flag is not set to True.  Set this flag to True if this type object's state is safe to use in a cache key, or False to disable this warning.
[2021-11-29 16:20:19,442] {logging_mixin.py:109} INFO - [2021-11-29 16:20:19,441] {dag.py:2396} INFO - Sync 2 DAGs
[2021-11-29 16:20:19,469] {logging_mixin.py:109} WARNING - /usr/local/lib/python3.8/dist-packages/airflow/models/dag.py:2433 SAWarning: TypeDecorator UtcDateTime(timezone=True) will not produce a cache key because the ``cache_ok`` flag is not set to True.  Set this flag to True if this type object's state is safe to use in a cache key, or False to disable this warning.
[2021-11-29 16:20:19,480] {logging_mixin.py:109} INFO - [2021-11-29 16:20:19,480] {dag.py:2928} INFO - Setting next_dagrun for example_external_task_marker_child to None
[2021-11-29 16:20:19,480] {logging_mixin.py:109} INFO - [2021-11-29 16:20:19,480] {dag.py:2928} INFO - Setting next_dagrun for example_external_task_marker_parent to None
[2021-11-29 16:20:19,745] {processor.py:171} INFO - Processing /usr/local/lib/python3.8/dist-packages/airflow/example_dags/example_external_task_marker_dag.py took 0.482 seconds
[2021-11-29 16:21:12,075] {processor.py:163} INFO - Started process (PID=6011) to work on /usr/local/lib/python3.8/dist-packages/airflow/example_dags/example_external_task_marker_dag.py
[2021-11-29 16:21:12,118] {processor.py:625} INFO - Processing file /usr/local/lib/python3.8/dist-packages/airflow/example_dags/example_external_task_marker_dag.py for tasks to queue
[2021-11-29 16:21:12,119] {logging_mixin.py:109} INFO - [2021-11-29 16:21:12,119] {dagbag.py:500} INFO - Filling up the DagBag from /usr/local/lib/python3.8/dist-packages/airflow/example_dags/example_external_task_marker_dag.py
[2021-11-29 16:21:12,155] {processor.py:637} INFO - DAG(s) dict_keys(['example_external_task_marker_parent', 'example_external_task_marker_child']) retrieved from /usr/local/lib/python3.8/dist-packages/airflow/example_dags/example_external_task_marker_dag.py
[2021-11-29 16:21:12,163] {logging_mixin.py:109} WARNING - /usr/local/lib/python3.8/dist-packages/airflow/models/serialized_dag.py:120 SAWarning: TypeDecorator UtcDateTime(timezone=True) will not produce a cache key because the ``cache_ok`` flag is not set to True.  Set this flag to True if this type object's state is safe to use in a cache key, or False to disable this warning.
[2021-11-29 16:21:12,184] {logging_mixin.py:109} INFO - [2021-11-29 16:21:12,183] {dag.py:2396} INFO - Sync 2 DAGs
[2021-11-29 16:21:12,210] {logging_mixin.py:109} WARNING - /usr/local/lib/python3.8/dist-packages/airflow/models/dag.py:2433 SAWarning: TypeDecorator UtcDateTime(timezone=True) will not produce a cache key because the ``cache_ok`` flag is not set to True.  Set this flag to True if this type object's state is safe to use in a cache key, or False to disable this warning.
[2021-11-29 16:21:12,225] {logging_mixin.py:109} INFO - [2021-11-29 16:21:12,225] {dag.py:2928} INFO - Setting next_dagrun for example_external_task_marker_child to None
[2021-11-29 16:21:12,226] {logging_mixin.py:109} INFO - [2021-11-29 16:21:12,225] {dag.py:2928} INFO - Setting next_dagrun for example_external_task_marker_parent to None
[2021-11-29 16:21:12,491] {processor.py:171} INFO - Processing /usr/local/lib/python3.8/dist-packages/airflow/example_dags/example_external_task_marker_dag.py took 0.430 seconds
[2021-11-29 16:22:10,254] {processor.py:163} INFO - Started process (PID=6192) to work on /usr/local/lib/python3.8/dist-packages/airflow/example_dags/example_external_task_marker_dag.py
[2021-11-29 16:22:10,281] {processor.py:625} INFO - Processing file /usr/local/lib/python3.8/dist-packages/airflow/example_dags/example_external_task_marker_dag.py for tasks to queue
[2021-11-29 16:22:10,282] {logging_mixin.py:109} INFO - [2021-11-29 16:22:10,282] {dagbag.py:500} INFO - Filling up the DagBag from /usr/local/lib/python3.8/dist-packages/airflow/example_dags/example_external_task_marker_dag.py
[2021-11-29 16:22:10,375] {processor.py:637} INFO - DAG(s) dict_keys(['example_external_task_marker_parent', 'example_external_task_marker_child']) retrieved from /usr/local/lib/python3.8/dist-packages/airflow/example_dags/example_external_task_marker_dag.py
[2021-11-29 16:22:10,381] {logging_mixin.py:109} WARNING - /usr/local/lib/python3.8/dist-packages/airflow/models/serialized_dag.py:120 SAWarning: TypeDecorator UtcDateTime(timezone=True) will not produce a cache key because the ``cache_ok`` flag is not set to True.  Set this flag to True if this type object's state is safe to use in a cache key, or False to disable this warning.
[2021-11-29 16:22:10,401] {logging_mixin.py:109} INFO - [2021-11-29 16:22:10,401] {dag.py:2396} INFO - Sync 2 DAGs
[2021-11-29 16:22:10,436] {logging_mixin.py:109} WARNING - /usr/local/lib/python3.8/dist-packages/airflow/models/dag.py:2433 SAWarning: TypeDecorator UtcDateTime(timezone=True) will not produce a cache key because the ``cache_ok`` flag is not set to True.  Set this flag to True if this type object's state is safe to use in a cache key, or False to disable this warning.
[2021-11-29 16:22:10,449] {logging_mixin.py:109} INFO - [2021-11-29 16:22:10,449] {dag.py:2928} INFO - Setting next_dagrun for example_external_task_marker_child to None
[2021-11-29 16:22:10,450] {logging_mixin.py:109} INFO - [2021-11-29 16:22:10,449] {dag.py:2928} INFO - Setting next_dagrun for example_external_task_marker_parent to None
[2021-11-29 16:22:10,701] {processor.py:171} INFO - Processing /usr/local/lib/python3.8/dist-packages/airflow/example_dags/example_external_task_marker_dag.py took 0.451 seconds
[2021-11-29 16:23:06,358] {processor.py:163} INFO - Started process (PID=6367) to work on /usr/local/lib/python3.8/dist-packages/airflow/example_dags/example_external_task_marker_dag.py
[2021-11-29 16:23:06,372] {processor.py:625} INFO - Processing file /usr/local/lib/python3.8/dist-packages/airflow/example_dags/example_external_task_marker_dag.py for tasks to queue
[2021-11-29 16:23:06,373] {logging_mixin.py:109} INFO - [2021-11-29 16:23:06,373] {dagbag.py:500} INFO - Filling up the DagBag from /usr/local/lib/python3.8/dist-packages/airflow/example_dags/example_external_task_marker_dag.py
[2021-11-29 16:23:06,493] {processor.py:637} INFO - DAG(s) dict_keys(['example_external_task_marker_parent', 'example_external_task_marker_child']) retrieved from /usr/local/lib/python3.8/dist-packages/airflow/example_dags/example_external_task_marker_dag.py
[2021-11-29 16:23:06,501] {logging_mixin.py:109} WARNING - /usr/local/lib/python3.8/dist-packages/airflow/models/serialized_dag.py:120 SAWarning: TypeDecorator UtcDateTime(timezone=True) will not produce a cache key because the ``cache_ok`` flag is not set to True.  Set this flag to True if this type object's state is safe to use in a cache key, or False to disable this warning.
[2021-11-29 16:23:06,522] {logging_mixin.py:109} INFO - [2021-11-29 16:23:06,522] {dag.py:2396} INFO - Sync 2 DAGs
[2021-11-29 16:23:06,549] {logging_mixin.py:109} WARNING - /usr/local/lib/python3.8/dist-packages/airflow/models/dag.py:2433 SAWarning: TypeDecorator UtcDateTime(timezone=True) will not produce a cache key because the ``cache_ok`` flag is not set to True.  Set this flag to True if this type object's state is safe to use in a cache key, or False to disable this warning.
[2021-11-29 16:23:06,570] {logging_mixin.py:109} INFO - [2021-11-29 16:23:06,570] {dag.py:2928} INFO - Setting next_dagrun for example_external_task_marker_child to None
[2021-11-29 16:23:06,571] {logging_mixin.py:109} INFO - [2021-11-29 16:23:06,571] {dag.py:2928} INFO - Setting next_dagrun for example_external_task_marker_parent to None
[2021-11-29 16:23:06,843] {processor.py:171} INFO - Processing /usr/local/lib/python3.8/dist-packages/airflow/example_dags/example_external_task_marker_dag.py took 0.502 seconds
[2021-11-29 16:24:01,217] {processor.py:163} INFO - Started process (PID=6539) to work on /usr/local/lib/python3.8/dist-packages/airflow/example_dags/example_external_task_marker_dag.py
[2021-11-29 16:24:01,229] {processor.py:625} INFO - Processing file /usr/local/lib/python3.8/dist-packages/airflow/example_dags/example_external_task_marker_dag.py for tasks to queue
[2021-11-29 16:24:01,230] {logging_mixin.py:109} INFO - [2021-11-29 16:24:01,230] {dagbag.py:500} INFO - Filling up the DagBag from /usr/local/lib/python3.8/dist-packages/airflow/example_dags/example_external_task_marker_dag.py
[2021-11-29 16:24:01,300] {processor.py:637} INFO - DAG(s) dict_keys(['example_external_task_marker_parent', 'example_external_task_marker_child']) retrieved from /usr/local/lib/python3.8/dist-packages/airflow/example_dags/example_external_task_marker_dag.py
[2021-11-29 16:24:01,319] {logging_mixin.py:109} WARNING - /usr/local/lib/python3.8/dist-packages/airflow/models/serialized_dag.py:120 SAWarning: TypeDecorator UtcDateTime(timezone=True) will not produce a cache key because the ``cache_ok`` flag is not set to True.  Set this flag to True if this type object's state is safe to use in a cache key, or False to disable this warning.
[2021-11-29 16:24:01,374] {logging_mixin.py:109} INFO - [2021-11-29 16:24:01,373] {dag.py:2396} INFO - Sync 2 DAGs
[2021-11-29 16:24:01,397] {logging_mixin.py:109} WARNING - /usr/local/lib/python3.8/dist-packages/airflow/models/dag.py:2433 SAWarning: TypeDecorator UtcDateTime(timezone=True) will not produce a cache key because the ``cache_ok`` flag is not set to True.  Set this flag to True if this type object's state is safe to use in a cache key, or False to disable this warning.
[2021-11-29 16:24:01,409] {logging_mixin.py:109} INFO - [2021-11-29 16:24:01,409] {dag.py:2928} INFO - Setting next_dagrun for example_external_task_marker_child to None
[2021-11-29 16:24:01,409] {logging_mixin.py:109} INFO - [2021-11-29 16:24:01,409] {dag.py:2928} INFO - Setting next_dagrun for example_external_task_marker_parent to None
[2021-11-29 16:24:01,573] {processor.py:171} INFO - Processing /usr/local/lib/python3.8/dist-packages/airflow/example_dags/example_external_task_marker_dag.py took 0.371 seconds
[2021-11-29 16:25:03,408] {processor.py:163} INFO - Started process (PID=6700) to work on /usr/local/lib/python3.8/dist-packages/airflow/example_dags/example_external_task_marker_dag.py
[2021-11-29 16:25:03,422] {processor.py:625} INFO - Processing file /usr/local/lib/python3.8/dist-packages/airflow/example_dags/example_external_task_marker_dag.py for tasks to queue
[2021-11-29 16:25:03,424] {logging_mixin.py:109} INFO - [2021-11-29 16:25:03,424] {dagbag.py:500} INFO - Filling up the DagBag from /usr/local/lib/python3.8/dist-packages/airflow/example_dags/example_external_task_marker_dag.py
[2021-11-29 16:25:03,500] {processor.py:637} INFO - DAG(s) dict_keys(['example_external_task_marker_parent', 'example_external_task_marker_child']) retrieved from /usr/local/lib/python3.8/dist-packages/airflow/example_dags/example_external_task_marker_dag.py
[2021-11-29 16:25:03,511] {logging_mixin.py:109} WARNING - /usr/local/lib/python3.8/dist-packages/airflow/models/serialized_dag.py:120 SAWarning: TypeDecorator UtcDateTime(timezone=True) will not produce a cache key because the ``cache_ok`` flag is not set to True.  Set this flag to True if this type object's state is safe to use in a cache key, or False to disable this warning.
[2021-11-29 16:25:03,538] {logging_mixin.py:109} INFO - [2021-11-29 16:25:03,538] {dag.py:2396} INFO - Sync 2 DAGs
[2021-11-29 16:25:03,562] {logging_mixin.py:109} WARNING - /usr/local/lib/python3.8/dist-packages/airflow/models/dag.py:2433 SAWarning: TypeDecorator UtcDateTime(timezone=True) will not produce a cache key because the ``cache_ok`` flag is not set to True.  Set this flag to True if this type object's state is safe to use in a cache key, or False to disable this warning.
[2021-11-29 16:25:03,579] {logging_mixin.py:109} INFO - [2021-11-29 16:25:03,578] {dag.py:2928} INFO - Setting next_dagrun for example_external_task_marker_child to None
[2021-11-29 16:25:03,579] {logging_mixin.py:109} INFO - [2021-11-29 16:25:03,579] {dag.py:2928} INFO - Setting next_dagrun for example_external_task_marker_parent to None
[2021-11-29 16:25:03,764] {processor.py:171} INFO - Processing /usr/local/lib/python3.8/dist-packages/airflow/example_dags/example_external_task_marker_dag.py took 0.382 seconds
[2021-11-29 16:25:58,065] {processor.py:163} INFO - Started process (PID=6874) to work on /usr/local/lib/python3.8/dist-packages/airflow/example_dags/example_external_task_marker_dag.py
[2021-11-29 16:25:58,073] {processor.py:625} INFO - Processing file /usr/local/lib/python3.8/dist-packages/airflow/example_dags/example_external_task_marker_dag.py for tasks to queue
[2021-11-29 16:25:58,074] {logging_mixin.py:109} INFO - [2021-11-29 16:25:58,074] {dagbag.py:500} INFO - Filling up the DagBag from /usr/local/lib/python3.8/dist-packages/airflow/example_dags/example_external_task_marker_dag.py
[2021-11-29 16:25:58,143] {processor.py:637} INFO - DAG(s) dict_keys(['example_external_task_marker_parent', 'example_external_task_marker_child']) retrieved from /usr/local/lib/python3.8/dist-packages/airflow/example_dags/example_external_task_marker_dag.py
[2021-11-29 16:25:58,151] {logging_mixin.py:109} WARNING - /usr/local/lib/python3.8/dist-packages/airflow/models/serialized_dag.py:120 SAWarning: TypeDecorator UtcDateTime(timezone=True) will not produce a cache key because the ``cache_ok`` flag is not set to True.  Set this flag to True if this type object's state is safe to use in a cache key, or False to disable this warning.
[2021-11-29 16:25:58,194] {logging_mixin.py:109} INFO - [2021-11-29 16:25:58,194] {dag.py:2396} INFO - Sync 2 DAGs
[2021-11-29 16:25:58,223] {logging_mixin.py:109} WARNING - /usr/local/lib/python3.8/dist-packages/airflow/models/dag.py:2433 SAWarning: TypeDecorator UtcDateTime(timezone=True) will not produce a cache key because the ``cache_ok`` flag is not set to True.  Set this flag to True if this type object's state is safe to use in a cache key, or False to disable this warning.
[2021-11-29 16:25:58,236] {logging_mixin.py:109} INFO - [2021-11-29 16:25:58,236] {dag.py:2928} INFO - Setting next_dagrun for example_external_task_marker_child to None
[2021-11-29 16:25:58,237] {logging_mixin.py:109} INFO - [2021-11-29 16:25:58,237] {dag.py:2928} INFO - Setting next_dagrun for example_external_task_marker_parent to None
[2021-11-29 16:25:58,409] {processor.py:171} INFO - Processing /usr/local/lib/python3.8/dist-packages/airflow/example_dags/example_external_task_marker_dag.py took 0.360 seconds
[2021-11-29 16:26:52,794] {processor.py:163} INFO - Started process (PID=7038) to work on /usr/local/lib/python3.8/dist-packages/airflow/example_dags/example_external_task_marker_dag.py
[2021-11-29 16:26:52,818] {processor.py:625} INFO - Processing file /usr/local/lib/python3.8/dist-packages/airflow/example_dags/example_external_task_marker_dag.py for tasks to queue
[2021-11-29 16:26:52,819] {logging_mixin.py:109} INFO - [2021-11-29 16:26:52,819] {dagbag.py:500} INFO - Filling up the DagBag from /usr/local/lib/python3.8/dist-packages/airflow/example_dags/example_external_task_marker_dag.py
[2021-11-29 16:26:52,872] {processor.py:637} INFO - DAG(s) dict_keys(['example_external_task_marker_parent', 'example_external_task_marker_child']) retrieved from /usr/local/lib/python3.8/dist-packages/airflow/example_dags/example_external_task_marker_dag.py
[2021-11-29 16:26:52,889] {logging_mixin.py:109} WARNING - /usr/local/lib/python3.8/dist-packages/airflow/models/serialized_dag.py:120 SAWarning: TypeDecorator UtcDateTime(timezone=True) will not produce a cache key because the ``cache_ok`` flag is not set to True.  Set this flag to True if this type object's state is safe to use in a cache key, or False to disable this warning.
[2021-11-29 16:26:52,927] {logging_mixin.py:109} INFO - [2021-11-29 16:26:52,927] {dag.py:2396} INFO - Sync 2 DAGs
[2021-11-29 16:26:52,968] {logging_mixin.py:109} WARNING - /usr/local/lib/python3.8/dist-packages/airflow/models/dag.py:2433 SAWarning: TypeDecorator UtcDateTime(timezone=True) will not produce a cache key because the ``cache_ok`` flag is not set to True.  Set this flag to True if this type object's state is safe to use in a cache key, or False to disable this warning.
[2021-11-29 16:26:52,984] {logging_mixin.py:109} INFO - [2021-11-29 16:26:52,984] {dag.py:2928} INFO - Setting next_dagrun for example_external_task_marker_child to None
[2021-11-29 16:26:52,984] {logging_mixin.py:109} INFO - [2021-11-29 16:26:52,984] {dag.py:2928} INFO - Setting next_dagrun for example_external_task_marker_parent to None
[2021-11-29 16:26:53,132] {processor.py:171} INFO - Processing /usr/local/lib/python3.8/dist-packages/airflow/example_dags/example_external_task_marker_dag.py took 0.342 seconds
[2021-11-29 16:27:46,491] {processor.py:163} INFO - Started process (PID=7196) to work on /usr/local/lib/python3.8/dist-packages/airflow/example_dags/example_external_task_marker_dag.py
[2021-11-29 16:27:46,503] {processor.py:625} INFO - Processing file /usr/local/lib/python3.8/dist-packages/airflow/example_dags/example_external_task_marker_dag.py for tasks to queue
[2021-11-29 16:27:46,504] {logging_mixin.py:109} INFO - [2021-11-29 16:27:46,504] {dagbag.py:500} INFO - Filling up the DagBag from /usr/local/lib/python3.8/dist-packages/airflow/example_dags/example_external_task_marker_dag.py
[2021-11-29 16:27:46,590] {processor.py:637} INFO - DAG(s) dict_keys(['example_external_task_marker_parent', 'example_external_task_marker_child']) retrieved from /usr/local/lib/python3.8/dist-packages/airflow/example_dags/example_external_task_marker_dag.py
[2021-11-29 16:27:46,613] {logging_mixin.py:109} WARNING - /usr/local/lib/python3.8/dist-packages/airflow/models/serialized_dag.py:120 SAWarning: TypeDecorator UtcDateTime(timezone=True) will not produce a cache key because the ``cache_ok`` flag is not set to True.  Set this flag to True if this type object's state is safe to use in a cache key, or False to disable this warning.
[2021-11-29 16:27:46,665] {logging_mixin.py:109} INFO - [2021-11-29 16:27:46,665] {dag.py:2396} INFO - Sync 2 DAGs
[2021-11-29 16:27:46,702] {logging_mixin.py:109} WARNING - /usr/local/lib/python3.8/dist-packages/airflow/models/dag.py:2433 SAWarning: TypeDecorator UtcDateTime(timezone=True) will not produce a cache key because the ``cache_ok`` flag is not set to True.  Set this flag to True if this type object's state is safe to use in a cache key, or False to disable this warning.
[2021-11-29 16:27:46,735] {logging_mixin.py:109} INFO - [2021-11-29 16:27:46,735] {dag.py:2928} INFO - Setting next_dagrun for example_external_task_marker_child to None
[2021-11-29 16:27:46,736] {logging_mixin.py:109} INFO - [2021-11-29 16:27:46,736] {dag.py:2928} INFO - Setting next_dagrun for example_external_task_marker_parent to None
[2021-11-29 16:27:46,976] {processor.py:171} INFO - Processing /usr/local/lib/python3.8/dist-packages/airflow/example_dags/example_external_task_marker_dag.py took 0.489 seconds
[2021-11-29 16:28:44,536] {processor.py:163} INFO - Started process (PID=7357) to work on /usr/local/lib/python3.8/dist-packages/airflow/example_dags/example_external_task_marker_dag.py
[2021-11-29 16:28:44,565] {processor.py:625} INFO - Processing file /usr/local/lib/python3.8/dist-packages/airflow/example_dags/example_external_task_marker_dag.py for tasks to queue
[2021-11-29 16:28:44,566] {logging_mixin.py:109} INFO - [2021-11-29 16:28:44,566] {dagbag.py:500} INFO - Filling up the DagBag from /usr/local/lib/python3.8/dist-packages/airflow/example_dags/example_external_task_marker_dag.py
[2021-11-29 16:28:44,629] {processor.py:637} INFO - DAG(s) dict_keys(['example_external_task_marker_parent', 'example_external_task_marker_child']) retrieved from /usr/local/lib/python3.8/dist-packages/airflow/example_dags/example_external_task_marker_dag.py
[2021-11-29 16:28:44,646] {logging_mixin.py:109} WARNING - /usr/local/lib/python3.8/dist-packages/airflow/models/serialized_dag.py:120 SAWarning: TypeDecorator UtcDateTime(timezone=True) will not produce a cache key because the ``cache_ok`` flag is not set to True.  Set this flag to True if this type object's state is safe to use in a cache key, or False to disable this warning.
[2021-11-29 16:28:44,687] {logging_mixin.py:109} INFO - [2021-11-29 16:28:44,687] {dag.py:2396} INFO - Sync 2 DAGs
[2021-11-29 16:28:44,705] {logging_mixin.py:109} WARNING - /usr/local/lib/python3.8/dist-packages/airflow/models/dag.py:2433 SAWarning: TypeDecorator UtcDateTime(timezone=True) will not produce a cache key because the ``cache_ok`` flag is not set to True.  Set this flag to True if this type object's state is safe to use in a cache key, or False to disable this warning.
[2021-11-29 16:28:44,717] {logging_mixin.py:109} INFO - [2021-11-29 16:28:44,717] {dag.py:2928} INFO - Setting next_dagrun for example_external_task_marker_child to None
[2021-11-29 16:28:44,718] {logging_mixin.py:109} INFO - [2021-11-29 16:28:44,718] {dag.py:2928} INFO - Setting next_dagrun for example_external_task_marker_parent to None
[2021-11-29 16:28:44,970] {processor.py:171} INFO - Processing /usr/local/lib/python3.8/dist-packages/airflow/example_dags/example_external_task_marker_dag.py took 0.450 seconds
[2021-11-29 16:29:43,096] {processor.py:163} INFO - Started process (PID=7523) to work on /usr/local/lib/python3.8/dist-packages/airflow/example_dags/example_external_task_marker_dag.py
[2021-11-29 16:29:43,112] {processor.py:625} INFO - Processing file /usr/local/lib/python3.8/dist-packages/airflow/example_dags/example_external_task_marker_dag.py for tasks to queue
[2021-11-29 16:29:43,114] {logging_mixin.py:109} INFO - [2021-11-29 16:29:43,113] {dagbag.py:500} INFO - Filling up the DagBag from /usr/local/lib/python3.8/dist-packages/airflow/example_dags/example_external_task_marker_dag.py
[2021-11-29 16:29:43,204] {processor.py:637} INFO - DAG(s) dict_keys(['example_external_task_marker_parent', 'example_external_task_marker_child']) retrieved from /usr/local/lib/python3.8/dist-packages/airflow/example_dags/example_external_task_marker_dag.py
[2021-11-29 16:29:43,232] {logging_mixin.py:109} WARNING - /usr/local/lib/python3.8/dist-packages/airflow/models/serialized_dag.py:120 SAWarning: TypeDecorator UtcDateTime(timezone=True) will not produce a cache key because the ``cache_ok`` flag is not set to True.  Set this flag to True if this type object's state is safe to use in a cache key, or False to disable this warning.
[2021-11-29 16:29:43,270] {logging_mixin.py:109} INFO - [2021-11-29 16:29:43,270] {dag.py:2396} INFO - Sync 2 DAGs
[2021-11-29 16:29:43,318] {logging_mixin.py:109} WARNING - /usr/local/lib/python3.8/dist-packages/airflow/models/dag.py:2433 SAWarning: TypeDecorator UtcDateTime(timezone=True) will not produce a cache key because the ``cache_ok`` flag is not set to True.  Set this flag to True if this type object's state is safe to use in a cache key, or False to disable this warning.
[2021-11-29 16:29:43,360] {logging_mixin.py:109} INFO - [2021-11-29 16:29:43,360] {dag.py:2928} INFO - Setting next_dagrun for example_external_task_marker_child to None
[2021-11-29 16:29:43,361] {logging_mixin.py:109} INFO - [2021-11-29 16:29:43,361] {dag.py:2928} INFO - Setting next_dagrun for example_external_task_marker_parent to None
[2021-11-29 16:29:43,562] {processor.py:171} INFO - Processing /usr/local/lib/python3.8/dist-packages/airflow/example_dags/example_external_task_marker_dag.py took 0.481 seconds
[2021-11-29 16:30:39,511] {processor.py:163} INFO - Started process (PID=7686) to work on /usr/local/lib/python3.8/dist-packages/airflow/example_dags/example_external_task_marker_dag.py
[2021-11-29 16:30:39,606] {processor.py:625} INFO - Processing file /usr/local/lib/python3.8/dist-packages/airflow/example_dags/example_external_task_marker_dag.py for tasks to queue
[2021-11-29 16:30:39,607] {logging_mixin.py:109} INFO - [2021-11-29 16:30:39,607] {dagbag.py:500} INFO - Filling up the DagBag from /usr/local/lib/python3.8/dist-packages/airflow/example_dags/example_external_task_marker_dag.py
[2021-11-29 16:30:39,723] {processor.py:637} INFO - DAG(s) dict_keys(['example_external_task_marker_parent', 'example_external_task_marker_child']) retrieved from /usr/local/lib/python3.8/dist-packages/airflow/example_dags/example_external_task_marker_dag.py
[2021-11-29 16:30:39,739] {logging_mixin.py:109} WARNING - /usr/local/lib/python3.8/dist-packages/airflow/models/serialized_dag.py:120 SAWarning: TypeDecorator UtcDateTime(timezone=True) will not produce a cache key because the ``cache_ok`` flag is not set to True.  Set this flag to True if this type object's state is safe to use in a cache key, or False to disable this warning.
[2021-11-29 16:30:39,794] {logging_mixin.py:109} INFO - [2021-11-29 16:30:39,794] {dag.py:2396} INFO - Sync 2 DAGs
[2021-11-29 16:30:39,812] {logging_mixin.py:109} WARNING - /usr/local/lib/python3.8/dist-packages/airflow/models/dag.py:2433 SAWarning: TypeDecorator UtcDateTime(timezone=True) will not produce a cache key because the ``cache_ok`` flag is not set to True.  Set this flag to True if this type object's state is safe to use in a cache key, or False to disable this warning.
[2021-11-29 16:30:39,824] {logging_mixin.py:109} INFO - [2021-11-29 16:30:39,824] {dag.py:2928} INFO - Setting next_dagrun for example_external_task_marker_child to None
[2021-11-29 16:30:39,825] {logging_mixin.py:109} INFO - [2021-11-29 16:30:39,824] {dag.py:2928} INFO - Setting next_dagrun for example_external_task_marker_parent to None
[2021-11-29 16:30:40,005] {processor.py:171} INFO - Processing /usr/local/lib/python3.8/dist-packages/airflow/example_dags/example_external_task_marker_dag.py took 0.526 seconds
[2021-11-29 16:31:34,116] {processor.py:163} INFO - Started process (PID=7844) to work on /usr/local/lib/python3.8/dist-packages/airflow/example_dags/example_external_task_marker_dag.py
[2021-11-29 16:31:34,185] {processor.py:625} INFO - Processing file /usr/local/lib/python3.8/dist-packages/airflow/example_dags/example_external_task_marker_dag.py for tasks to queue
[2021-11-29 16:31:34,190] {logging_mixin.py:109} INFO - [2021-11-29 16:31:34,190] {dagbag.py:500} INFO - Filling up the DagBag from /usr/local/lib/python3.8/dist-packages/airflow/example_dags/example_external_task_marker_dag.py
[2021-11-29 16:31:34,265] {processor.py:637} INFO - DAG(s) dict_keys(['example_external_task_marker_parent', 'example_external_task_marker_child']) retrieved from /usr/local/lib/python3.8/dist-packages/airflow/example_dags/example_external_task_marker_dag.py
[2021-11-29 16:31:34,275] {logging_mixin.py:109} WARNING - /usr/local/lib/python3.8/dist-packages/airflow/models/serialized_dag.py:120 SAWarning: TypeDecorator UtcDateTime(timezone=True) will not produce a cache key because the ``cache_ok`` flag is not set to True.  Set this flag to True if this type object's state is safe to use in a cache key, or False to disable this warning.
[2021-11-29 16:31:34,298] {logging_mixin.py:109} INFO - [2021-11-29 16:31:34,298] {dag.py:2396} INFO - Sync 2 DAGs
[2021-11-29 16:31:34,318] {logging_mixin.py:109} WARNING - /usr/local/lib/python3.8/dist-packages/airflow/models/dag.py:2433 SAWarning: TypeDecorator UtcDateTime(timezone=True) will not produce a cache key because the ``cache_ok`` flag is not set to True.  Set this flag to True if this type object's state is safe to use in a cache key, or False to disable this warning.
[2021-11-29 16:31:34,334] {logging_mixin.py:109} INFO - [2021-11-29 16:31:34,334] {dag.py:2928} INFO - Setting next_dagrun for example_external_task_marker_child to None
[2021-11-29 16:31:34,334] {logging_mixin.py:109} INFO - [2021-11-29 16:31:34,334] {dag.py:2928} INFO - Setting next_dagrun for example_external_task_marker_parent to None
[2021-11-29 16:31:34,559] {processor.py:171} INFO - Processing /usr/local/lib/python3.8/dist-packages/airflow/example_dags/example_external_task_marker_dag.py took 0.459 seconds
[2021-11-29 16:32:29,815] {processor.py:163} INFO - Started process (PID=8008) to work on /usr/local/lib/python3.8/dist-packages/airflow/example_dags/example_external_task_marker_dag.py
[2021-11-29 16:32:29,865] {processor.py:625} INFO - Processing file /usr/local/lib/python3.8/dist-packages/airflow/example_dags/example_external_task_marker_dag.py for tasks to queue
[2021-11-29 16:32:29,866] {logging_mixin.py:109} INFO - [2021-11-29 16:32:29,866] {dagbag.py:500} INFO - Filling up the DagBag from /usr/local/lib/python3.8/dist-packages/airflow/example_dags/example_external_task_marker_dag.py
[2021-11-29 16:32:29,950] {processor.py:637} INFO - DAG(s) dict_keys(['example_external_task_marker_parent', 'example_external_task_marker_child']) retrieved from /usr/local/lib/python3.8/dist-packages/airflow/example_dags/example_external_task_marker_dag.py
[2021-11-29 16:32:29,969] {logging_mixin.py:109} WARNING - /usr/local/lib/python3.8/dist-packages/airflow/models/serialized_dag.py:120 SAWarning: TypeDecorator UtcDateTime(timezone=True) will not produce a cache key because the ``cache_ok`` flag is not set to True.  Set this flag to True if this type object's state is safe to use in a cache key, or False to disable this warning.
[2021-11-29 16:32:30,026] {logging_mixin.py:109} INFO - [2021-11-29 16:32:30,026] {dag.py:2396} INFO - Sync 2 DAGs
[2021-11-29 16:32:30,062] {logging_mixin.py:109} WARNING - /usr/local/lib/python3.8/dist-packages/airflow/models/dag.py:2433 SAWarning: TypeDecorator UtcDateTime(timezone=True) will not produce a cache key because the ``cache_ok`` flag is not set to True.  Set this flag to True if this type object's state is safe to use in a cache key, or False to disable this warning.
[2021-11-29 16:32:30,098] {logging_mixin.py:109} INFO - [2021-11-29 16:32:30,098] {dag.py:2928} INFO - Setting next_dagrun for example_external_task_marker_child to None
[2021-11-29 16:32:30,099] {logging_mixin.py:109} INFO - [2021-11-29 16:32:30,098] {dag.py:2928} INFO - Setting next_dagrun for example_external_task_marker_parent to None
[2021-11-29 16:32:30,290] {processor.py:171} INFO - Processing /usr/local/lib/python3.8/dist-packages/airflow/example_dags/example_external_task_marker_dag.py took 0.490 seconds
[2021-11-29 16:33:25,646] {processor.py:163} INFO - Started process (PID=8176) to work on /usr/local/lib/python3.8/dist-packages/airflow/example_dags/example_external_task_marker_dag.py
[2021-11-29 16:33:25,672] {processor.py:625} INFO - Processing file /usr/local/lib/python3.8/dist-packages/airflow/example_dags/example_external_task_marker_dag.py for tasks to queue
[2021-11-29 16:33:25,672] {logging_mixin.py:109} INFO - [2021-11-29 16:33:25,672] {dagbag.py:500} INFO - Filling up the DagBag from /usr/local/lib/python3.8/dist-packages/airflow/example_dags/example_external_task_marker_dag.py
[2021-11-29 16:33:25,715] {processor.py:637} INFO - DAG(s) dict_keys(['example_external_task_marker_parent', 'example_external_task_marker_child']) retrieved from /usr/local/lib/python3.8/dist-packages/airflow/example_dags/example_external_task_marker_dag.py
[2021-11-29 16:33:25,721] {logging_mixin.py:109} WARNING - /usr/local/lib/python3.8/dist-packages/airflow/models/serialized_dag.py:120 SAWarning: TypeDecorator UtcDateTime(timezone=True) will not produce a cache key because the ``cache_ok`` flag is not set to True.  Set this flag to True if this type object's state is safe to use in a cache key, or False to disable this warning.
[2021-11-29 16:33:25,740] {logging_mixin.py:109} INFO - [2021-11-29 16:33:25,739] {dag.py:2396} INFO - Sync 2 DAGs
[2021-11-29 16:33:25,756] {logging_mixin.py:109} WARNING - /usr/local/lib/python3.8/dist-packages/airflow/models/dag.py:2433 SAWarning: TypeDecorator UtcDateTime(timezone=True) will not produce a cache key because the ``cache_ok`` flag is not set to True.  Set this flag to True if this type object's state is safe to use in a cache key, or False to disable this warning.
[2021-11-29 16:33:25,770] {logging_mixin.py:109} INFO - [2021-11-29 16:33:25,770] {dag.py:2928} INFO - Setting next_dagrun for example_external_task_marker_child to None
[2021-11-29 16:33:25,771] {logging_mixin.py:109} INFO - [2021-11-29 16:33:25,770] {dag.py:2928} INFO - Setting next_dagrun for example_external_task_marker_parent to None
[2021-11-29 16:33:25,920] {processor.py:171} INFO - Processing /usr/local/lib/python3.8/dist-packages/airflow/example_dags/example_external_task_marker_dag.py took 0.288 seconds
[2021-11-29 16:34:20,725] {processor.py:163} INFO - Started process (PID=8339) to work on /usr/local/lib/python3.8/dist-packages/airflow/example_dags/example_external_task_marker_dag.py
[2021-11-29 16:34:20,730] {processor.py:625} INFO - Processing file /usr/local/lib/python3.8/dist-packages/airflow/example_dags/example_external_task_marker_dag.py for tasks to queue
[2021-11-29 16:34:20,731] {logging_mixin.py:109} INFO - [2021-11-29 16:34:20,731] {dagbag.py:500} INFO - Filling up the DagBag from /usr/local/lib/python3.8/dist-packages/airflow/example_dags/example_external_task_marker_dag.py
[2021-11-29 16:34:20,783] {processor.py:637} INFO - DAG(s) dict_keys(['example_external_task_marker_parent', 'example_external_task_marker_child']) retrieved from /usr/local/lib/python3.8/dist-packages/airflow/example_dags/example_external_task_marker_dag.py
[2021-11-29 16:34:20,800] {logging_mixin.py:109} WARNING - /usr/local/lib/python3.8/dist-packages/airflow/models/serialized_dag.py:120 SAWarning: TypeDecorator UtcDateTime(timezone=True) will not produce a cache key because the ``cache_ok`` flag is not set to True.  Set this flag to True if this type object's state is safe to use in a cache key, or False to disable this warning.
[2021-11-29 16:34:20,837] {logging_mixin.py:109} INFO - [2021-11-29 16:34:20,837] {dag.py:2396} INFO - Sync 2 DAGs
[2021-11-29 16:34:20,876] {logging_mixin.py:109} WARNING - /usr/local/lib/python3.8/dist-packages/airflow/models/dag.py:2433 SAWarning: TypeDecorator UtcDateTime(timezone=True) will not produce a cache key because the ``cache_ok`` flag is not set to True.  Set this flag to True if this type object's state is safe to use in a cache key, or False to disable this warning.
[2021-11-29 16:34:20,899] {logging_mixin.py:109} INFO - [2021-11-29 16:34:20,899] {dag.py:2928} INFO - Setting next_dagrun for example_external_task_marker_child to None
[2021-11-29 16:34:20,899] {logging_mixin.py:109} INFO - [2021-11-29 16:34:20,899] {dag.py:2928} INFO - Setting next_dagrun for example_external_task_marker_parent to None
[2021-11-29 16:34:21,169] {processor.py:171} INFO - Processing /usr/local/lib/python3.8/dist-packages/airflow/example_dags/example_external_task_marker_dag.py took 0.458 seconds
[2021-11-29 16:35:16,864] {processor.py:163} INFO - Started process (PID=8505) to work on /usr/local/lib/python3.8/dist-packages/airflow/example_dags/example_external_task_marker_dag.py
[2021-11-29 16:35:16,898] {processor.py:625} INFO - Processing file /usr/local/lib/python3.8/dist-packages/airflow/example_dags/example_external_task_marker_dag.py for tasks to queue
[2021-11-29 16:35:16,899] {logging_mixin.py:109} INFO - [2021-11-29 16:35:16,899] {dagbag.py:500} INFO - Filling up the DagBag from /usr/local/lib/python3.8/dist-packages/airflow/example_dags/example_external_task_marker_dag.py
[2021-11-29 16:35:16,984] {processor.py:637} INFO - DAG(s) dict_keys(['example_external_task_marker_parent', 'example_external_task_marker_child']) retrieved from /usr/local/lib/python3.8/dist-packages/airflow/example_dags/example_external_task_marker_dag.py
[2021-11-29 16:35:17,001] {logging_mixin.py:109} WARNING - /usr/local/lib/python3.8/dist-packages/airflow/models/serialized_dag.py:120 SAWarning: TypeDecorator UtcDateTime(timezone=True) will not produce a cache key because the ``cache_ok`` flag is not set to True.  Set this flag to True if this type object's state is safe to use in a cache key, or False to disable this warning.
[2021-11-29 16:35:17,058] {logging_mixin.py:109} INFO - [2021-11-29 16:35:17,058] {dag.py:2396} INFO - Sync 2 DAGs
[2021-11-29 16:35:17,097] {logging_mixin.py:109} WARNING - /usr/local/lib/python3.8/dist-packages/airflow/models/dag.py:2433 SAWarning: TypeDecorator UtcDateTime(timezone=True) will not produce a cache key because the ``cache_ok`` flag is not set to True.  Set this flag to True if this type object's state is safe to use in a cache key, or False to disable this warning.
[2021-11-29 16:35:17,142] {logging_mixin.py:109} INFO - [2021-11-29 16:35:17,142] {dag.py:2928} INFO - Setting next_dagrun for example_external_task_marker_child to None
[2021-11-29 16:35:17,142] {logging_mixin.py:109} INFO - [2021-11-29 16:35:17,142] {dag.py:2928} INFO - Setting next_dagrun for example_external_task_marker_parent to None
[2021-11-29 16:35:17,313] {processor.py:171} INFO - Processing /usr/local/lib/python3.8/dist-packages/airflow/example_dags/example_external_task_marker_dag.py took 0.452 seconds
[2021-11-29 16:36:14,035] {processor.py:163} INFO - Started process (PID=8667) to work on /usr/local/lib/python3.8/dist-packages/airflow/example_dags/example_external_task_marker_dag.py
[2021-11-29 16:36:14,047] {processor.py:625} INFO - Processing file /usr/local/lib/python3.8/dist-packages/airflow/example_dags/example_external_task_marker_dag.py for tasks to queue
[2021-11-29 16:36:14,048] {logging_mixin.py:109} INFO - [2021-11-29 16:36:14,048] {dagbag.py:500} INFO - Filling up the DagBag from /usr/local/lib/python3.8/dist-packages/airflow/example_dags/example_external_task_marker_dag.py
[2021-11-29 16:36:14,136] {processor.py:637} INFO - DAG(s) dict_keys(['example_external_task_marker_parent', 'example_external_task_marker_child']) retrieved from /usr/local/lib/python3.8/dist-packages/airflow/example_dags/example_external_task_marker_dag.py
[2021-11-29 16:36:14,142] {logging_mixin.py:109} WARNING - /usr/local/lib/python3.8/dist-packages/airflow/models/serialized_dag.py:120 SAWarning: TypeDecorator UtcDateTime(timezone=True) will not produce a cache key because the ``cache_ok`` flag is not set to True.  Set this flag to True if this type object's state is safe to use in a cache key, or False to disable this warning.
[2021-11-29 16:36:14,230] {logging_mixin.py:109} INFO - [2021-11-29 16:36:14,230] {dag.py:2396} INFO - Sync 2 DAGs
[2021-11-29 16:36:14,250] {logging_mixin.py:109} WARNING - /usr/local/lib/python3.8/dist-packages/airflow/models/dag.py:2433 SAWarning: TypeDecorator UtcDateTime(timezone=True) will not produce a cache key because the ``cache_ok`` flag is not set to True.  Set this flag to True if this type object's state is safe to use in a cache key, or False to disable this warning.
[2021-11-29 16:36:14,266] {logging_mixin.py:109} INFO - [2021-11-29 16:36:14,265] {dag.py:2928} INFO - Setting next_dagrun for example_external_task_marker_child to None
[2021-11-29 16:36:14,266] {logging_mixin.py:109} INFO - [2021-11-29 16:36:14,266] {dag.py:2928} INFO - Setting next_dagrun for example_external_task_marker_parent to None
[2021-11-29 16:36:14,484] {processor.py:171} INFO - Processing /usr/local/lib/python3.8/dist-packages/airflow/example_dags/example_external_task_marker_dag.py took 0.463 seconds
[2021-11-29 16:37:08,257] {processor.py:163} INFO - Started process (PID=8820) to work on /usr/local/lib/python3.8/dist-packages/airflow/example_dags/example_external_task_marker_dag.py
[2021-11-29 16:37:08,305] {processor.py:625} INFO - Processing file /usr/local/lib/python3.8/dist-packages/airflow/example_dags/example_external_task_marker_dag.py for tasks to queue
[2021-11-29 16:37:08,306] {logging_mixin.py:109} INFO - [2021-11-29 16:37:08,306] {dagbag.py:500} INFO - Filling up the DagBag from /usr/local/lib/python3.8/dist-packages/airflow/example_dags/example_external_task_marker_dag.py
[2021-11-29 16:37:08,382] {processor.py:637} INFO - DAG(s) dict_keys(['example_external_task_marker_parent', 'example_external_task_marker_child']) retrieved from /usr/local/lib/python3.8/dist-packages/airflow/example_dags/example_external_task_marker_dag.py
[2021-11-29 16:37:08,400] {logging_mixin.py:109} WARNING - /usr/local/lib/python3.8/dist-packages/airflow/models/serialized_dag.py:120 SAWarning: TypeDecorator UtcDateTime(timezone=True) will not produce a cache key because the ``cache_ok`` flag is not set to True.  Set this flag to True if this type object's state is safe to use in a cache key, or False to disable this warning.
[2021-11-29 16:37:08,433] {logging_mixin.py:109} INFO - [2021-11-29 16:37:08,433] {dag.py:2396} INFO - Sync 2 DAGs
[2021-11-29 16:37:08,458] {logging_mixin.py:109} WARNING - /usr/local/lib/python3.8/dist-packages/airflow/models/dag.py:2433 SAWarning: TypeDecorator UtcDateTime(timezone=True) will not produce a cache key because the ``cache_ok`` flag is not set to True.  Set this flag to True if this type object's state is safe to use in a cache key, or False to disable this warning.
[2021-11-29 16:37:08,475] {logging_mixin.py:109} INFO - [2021-11-29 16:37:08,475] {dag.py:2928} INFO - Setting next_dagrun for example_external_task_marker_child to None
[2021-11-29 16:37:08,476] {logging_mixin.py:109} INFO - [2021-11-29 16:37:08,476] {dag.py:2928} INFO - Setting next_dagrun for example_external_task_marker_parent to None
[2021-11-29 16:37:08,742] {processor.py:171} INFO - Processing /usr/local/lib/python3.8/dist-packages/airflow/example_dags/example_external_task_marker_dag.py took 0.500 seconds
[2021-11-29 16:38:05,246] {processor.py:163} INFO - Started process (PID=8987) to work on /usr/local/lib/python3.8/dist-packages/airflow/example_dags/example_external_task_marker_dag.py
[2021-11-29 16:38:05,267] {processor.py:625} INFO - Processing file /usr/local/lib/python3.8/dist-packages/airflow/example_dags/example_external_task_marker_dag.py for tasks to queue
[2021-11-29 16:38:05,268] {logging_mixin.py:109} INFO - [2021-11-29 16:38:05,268] {dagbag.py:500} INFO - Filling up the DagBag from /usr/local/lib/python3.8/dist-packages/airflow/example_dags/example_external_task_marker_dag.py
[2021-11-29 16:38:05,346] {processor.py:637} INFO - DAG(s) dict_keys(['example_external_task_marker_parent', 'example_external_task_marker_child']) retrieved from /usr/local/lib/python3.8/dist-packages/airflow/example_dags/example_external_task_marker_dag.py
[2021-11-29 16:38:05,352] {logging_mixin.py:109} WARNING - /usr/local/lib/python3.8/dist-packages/airflow/models/serialized_dag.py:120 SAWarning: TypeDecorator UtcDateTime(timezone=True) will not produce a cache key because the ``cache_ok`` flag is not set to True.  Set this flag to True if this type object's state is safe to use in a cache key, or False to disable this warning.
[2021-11-29 16:38:05,388] {logging_mixin.py:109} INFO - [2021-11-29 16:38:05,388] {dag.py:2396} INFO - Sync 2 DAGs
[2021-11-29 16:38:05,467] {logging_mixin.py:109} WARNING - /usr/local/lib/python3.8/dist-packages/airflow/models/dag.py:2433 SAWarning: TypeDecorator UtcDateTime(timezone=True) will not produce a cache key because the ``cache_ok`` flag is not set to True.  Set this flag to True if this type object's state is safe to use in a cache key, or False to disable this warning.
[2021-11-29 16:38:05,494] {logging_mixin.py:109} INFO - [2021-11-29 16:38:05,494] {dag.py:2928} INFO - Setting next_dagrun for example_external_task_marker_child to None
[2021-11-29 16:38:05,515] {logging_mixin.py:109} INFO - [2021-11-29 16:38:05,494] {dag.py:2928} INFO - Setting next_dagrun for example_external_task_marker_parent to None
[2021-11-29 16:38:05,696] {processor.py:171} INFO - Processing /usr/local/lib/python3.8/dist-packages/airflow/example_dags/example_external_task_marker_dag.py took 0.465 seconds
[2021-11-29 16:39:00,584] {processor.py:163} INFO - Started process (PID=9152) to work on /usr/local/lib/python3.8/dist-packages/airflow/example_dags/example_external_task_marker_dag.py
[2021-11-29 16:39:00,635] {processor.py:625} INFO - Processing file /usr/local/lib/python3.8/dist-packages/airflow/example_dags/example_external_task_marker_dag.py for tasks to queue
[2021-11-29 16:39:00,636] {logging_mixin.py:109} INFO - [2021-11-29 16:39:00,636] {dagbag.py:500} INFO - Filling up the DagBag from /usr/local/lib/python3.8/dist-packages/airflow/example_dags/example_external_task_marker_dag.py
[2021-11-29 16:39:00,717] {processor.py:637} INFO - DAG(s) dict_keys(['example_external_task_marker_parent', 'example_external_task_marker_child']) retrieved from /usr/local/lib/python3.8/dist-packages/airflow/example_dags/example_external_task_marker_dag.py
[2021-11-29 16:39:00,735] {logging_mixin.py:109} WARNING - /usr/local/lib/python3.8/dist-packages/airflow/models/serialized_dag.py:120 SAWarning: TypeDecorator UtcDateTime(timezone=True) will not produce a cache key because the ``cache_ok`` flag is not set to True.  Set this flag to True if this type object's state is safe to use in a cache key, or False to disable this warning.
[2021-11-29 16:39:00,774] {logging_mixin.py:109} INFO - [2021-11-29 16:39:00,773] {dag.py:2396} INFO - Sync 2 DAGs
[2021-11-29 16:39:00,794] {logging_mixin.py:109} WARNING - /usr/local/lib/python3.8/dist-packages/airflow/models/dag.py:2433 SAWarning: TypeDecorator UtcDateTime(timezone=True) will not produce a cache key because the ``cache_ok`` flag is not set to True.  Set this flag to True if this type object's state is safe to use in a cache key, or False to disable this warning.
[2021-11-29 16:39:00,809] {logging_mixin.py:109} INFO - [2021-11-29 16:39:00,809] {dag.py:2928} INFO - Setting next_dagrun for example_external_task_marker_child to None
[2021-11-29 16:39:00,809] {logging_mixin.py:109} INFO - [2021-11-29 16:39:00,809] {dag.py:2928} INFO - Setting next_dagrun for example_external_task_marker_parent to None
[2021-11-29 16:39:01,054] {processor.py:171} INFO - Processing /usr/local/lib/python3.8/dist-packages/airflow/example_dags/example_external_task_marker_dag.py took 0.474 seconds
[2021-11-29 16:39:55,278] {processor.py:163} INFO - Started process (PID=9319) to work on /usr/local/lib/python3.8/dist-packages/airflow/example_dags/example_external_task_marker_dag.py
[2021-11-29 16:39:55,309] {processor.py:625} INFO - Processing file /usr/local/lib/python3.8/dist-packages/airflow/example_dags/example_external_task_marker_dag.py for tasks to queue
[2021-11-29 16:39:55,310] {logging_mixin.py:109} INFO - [2021-11-29 16:39:55,310] {dagbag.py:500} INFO - Filling up the DagBag from /usr/local/lib/python3.8/dist-packages/airflow/example_dags/example_external_task_marker_dag.py
[2021-11-29 16:39:55,398] {processor.py:637} INFO - DAG(s) dict_keys(['example_external_task_marker_parent', 'example_external_task_marker_child']) retrieved from /usr/local/lib/python3.8/dist-packages/airflow/example_dags/example_external_task_marker_dag.py
[2021-11-29 16:39:55,430] {logging_mixin.py:109} WARNING - /usr/local/lib/python3.8/dist-packages/airflow/models/serialized_dag.py:120 SAWarning: TypeDecorator UtcDateTime(timezone=True) will not produce a cache key because the ``cache_ok`` flag is not set to True.  Set this flag to True if this type object's state is safe to use in a cache key, or False to disable this warning.
[2021-11-29 16:39:55,483] {logging_mixin.py:109} INFO - [2021-11-29 16:39:55,482] {dag.py:2396} INFO - Sync 2 DAGs
[2021-11-29 16:39:55,523] {logging_mixin.py:109} WARNING - /usr/local/lib/python3.8/dist-packages/airflow/models/dag.py:2433 SAWarning: TypeDecorator UtcDateTime(timezone=True) will not produce a cache key because the ``cache_ok`` flag is not set to True.  Set this flag to True if this type object's state is safe to use in a cache key, or False to disable this warning.
[2021-11-29 16:39:55,566] {logging_mixin.py:109} INFO - [2021-11-29 16:39:55,566] {dag.py:2928} INFO - Setting next_dagrun for example_external_task_marker_child to None
[2021-11-29 16:39:55,566] {logging_mixin.py:109} INFO - [2021-11-29 16:39:55,566] {dag.py:2928} INFO - Setting next_dagrun for example_external_task_marker_parent to None
[2021-11-29 16:39:55,766] {processor.py:171} INFO - Processing /usr/local/lib/python3.8/dist-packages/airflow/example_dags/example_external_task_marker_dag.py took 0.521 seconds
[2021-11-29 16:40:50,838] {processor.py:163} INFO - Started process (PID=9480) to work on /usr/local/lib/python3.8/dist-packages/airflow/example_dags/example_external_task_marker_dag.py
[2021-11-29 16:40:50,852] {processor.py:625} INFO - Processing file /usr/local/lib/python3.8/dist-packages/airflow/example_dags/example_external_task_marker_dag.py for tasks to queue
[2021-11-29 16:40:50,853] {logging_mixin.py:109} INFO - [2021-11-29 16:40:50,853] {dagbag.py:500} INFO - Filling up the DagBag from /usr/local/lib/python3.8/dist-packages/airflow/example_dags/example_external_task_marker_dag.py
[2021-11-29 16:40:50,950] {processor.py:637} INFO - DAG(s) dict_keys(['example_external_task_marker_parent', 'example_external_task_marker_child']) retrieved from /usr/local/lib/python3.8/dist-packages/airflow/example_dags/example_external_task_marker_dag.py
[2021-11-29 16:40:50,957] {logging_mixin.py:109} WARNING - /usr/local/lib/python3.8/dist-packages/airflow/models/serialized_dag.py:120 SAWarning: TypeDecorator UtcDateTime(timezone=True) will not produce a cache key because the ``cache_ok`` flag is not set to True.  Set this flag to True if this type object's state is safe to use in a cache key, or False to disable this warning.
[2021-11-29 16:40:51,007] {logging_mixin.py:109} INFO - [2021-11-29 16:40:51,007] {dag.py:2396} INFO - Sync 2 DAGs
[2021-11-29 16:40:51,073] {logging_mixin.py:109} WARNING - /usr/local/lib/python3.8/dist-packages/airflow/models/dag.py:2433 SAWarning: TypeDecorator UtcDateTime(timezone=True) will not produce a cache key because the ``cache_ok`` flag is not set to True.  Set this flag to True if this type object's state is safe to use in a cache key, or False to disable this warning.
[2021-11-29 16:40:51,122] {logging_mixin.py:109} INFO - [2021-11-29 16:40:51,122] {dag.py:2928} INFO - Setting next_dagrun for example_external_task_marker_child to None
[2021-11-29 16:40:51,122] {logging_mixin.py:109} INFO - [2021-11-29 16:40:51,122] {dag.py:2928} INFO - Setting next_dagrun for example_external_task_marker_parent to None
[2021-11-29 16:40:51,307] {processor.py:171} INFO - Processing /usr/local/lib/python3.8/dist-packages/airflow/example_dags/example_external_task_marker_dag.py took 0.486 seconds
[2021-11-29 16:41:53,147] {processor.py:163} INFO - Started process (PID=9654) to work on /usr/local/lib/python3.8/dist-packages/airflow/example_dags/example_external_task_marker_dag.py
[2021-11-29 16:41:53,174] {processor.py:625} INFO - Processing file /usr/local/lib/python3.8/dist-packages/airflow/example_dags/example_external_task_marker_dag.py for tasks to queue
[2021-11-29 16:41:53,176] {logging_mixin.py:109} INFO - [2021-11-29 16:41:53,176] {dagbag.py:500} INFO - Filling up the DagBag from /usr/local/lib/python3.8/dist-packages/airflow/example_dags/example_external_task_marker_dag.py
[2021-11-29 16:41:53,258] {processor.py:637} INFO - DAG(s) dict_keys(['example_external_task_marker_parent', 'example_external_task_marker_child']) retrieved from /usr/local/lib/python3.8/dist-packages/airflow/example_dags/example_external_task_marker_dag.py
[2021-11-29 16:41:53,264] {logging_mixin.py:109} WARNING - /usr/local/lib/python3.8/dist-packages/airflow/models/serialized_dag.py:120 SAWarning: TypeDecorator UtcDateTime(timezone=True) will not produce a cache key because the ``cache_ok`` flag is not set to True.  Set this flag to True if this type object's state is safe to use in a cache key, or False to disable this warning.
[2021-11-29 16:41:53,320] {logging_mixin.py:109} INFO - [2021-11-29 16:41:53,320] {dag.py:2396} INFO - Sync 2 DAGs
[2021-11-29 16:41:53,357] {logging_mixin.py:109} WARNING - /usr/local/lib/python3.8/dist-packages/airflow/models/dag.py:2433 SAWarning: TypeDecorator UtcDateTime(timezone=True) will not produce a cache key because the ``cache_ok`` flag is not set to True.  Set this flag to True if this type object's state is safe to use in a cache key, or False to disable this warning.
[2021-11-29 16:41:53,378] {logging_mixin.py:109} INFO - [2021-11-29 16:41:53,378] {dag.py:2928} INFO - Setting next_dagrun for example_external_task_marker_child to None
[2021-11-29 16:41:53,378] {logging_mixin.py:109} INFO - [2021-11-29 16:41:53,378] {dag.py:2928} INFO - Setting next_dagrun for example_external_task_marker_parent to None
[2021-11-29 16:41:53,601] {processor.py:171} INFO - Processing /usr/local/lib/python3.8/dist-packages/airflow/example_dags/example_external_task_marker_dag.py took 0.469 seconds
[2021-11-29 16:42:47,374] {processor.py:163} INFO - Started process (PID=9823) to work on /usr/local/lib/python3.8/dist-packages/airflow/example_dags/example_external_task_marker_dag.py
[2021-11-29 16:42:47,406] {processor.py:625} INFO - Processing file /usr/local/lib/python3.8/dist-packages/airflow/example_dags/example_external_task_marker_dag.py for tasks to queue
[2021-11-29 16:42:47,416] {logging_mixin.py:109} INFO - [2021-11-29 16:42:47,415] {dagbag.py:500} INFO - Filling up the DagBag from /usr/local/lib/python3.8/dist-packages/airflow/example_dags/example_external_task_marker_dag.py
[2021-11-29 16:42:47,496] {processor.py:637} INFO - DAG(s) dict_keys(['example_external_task_marker_parent', 'example_external_task_marker_child']) retrieved from /usr/local/lib/python3.8/dist-packages/airflow/example_dags/example_external_task_marker_dag.py
[2021-11-29 16:42:47,522] {logging_mixin.py:109} WARNING - /usr/local/lib/python3.8/dist-packages/airflow/models/serialized_dag.py:120 SAWarning: TypeDecorator UtcDateTime(timezone=True) will not produce a cache key because the ``cache_ok`` flag is not set to True.  Set this flag to True if this type object's state is safe to use in a cache key, or False to disable this warning.
[2021-11-29 16:42:47,539] {logging_mixin.py:109} INFO - [2021-11-29 16:42:47,539] {dag.py:2396} INFO - Sync 2 DAGs
[2021-11-29 16:42:47,557] {logging_mixin.py:109} WARNING - /usr/local/lib/python3.8/dist-packages/airflow/models/dag.py:2433 SAWarning: TypeDecorator UtcDateTime(timezone=True) will not produce a cache key because the ``cache_ok`` flag is not set to True.  Set this flag to True if this type object's state is safe to use in a cache key, or False to disable this warning.
[2021-11-29 16:42:47,568] {logging_mixin.py:109} INFO - [2021-11-29 16:42:47,568] {dag.py:2928} INFO - Setting next_dagrun for example_external_task_marker_child to None
[2021-11-29 16:42:47,569] {logging_mixin.py:109} INFO - [2021-11-29 16:42:47,569] {dag.py:2928} INFO - Setting next_dagrun for example_external_task_marker_parent to None
[2021-11-29 16:42:47,758] {processor.py:171} INFO - Processing /usr/local/lib/python3.8/dist-packages/airflow/example_dags/example_external_task_marker_dag.py took 0.389 seconds
[2021-11-29 16:43:42,044] {processor.py:163} INFO - Started process (PID=9988) to work on /usr/local/lib/python3.8/dist-packages/airflow/example_dags/example_external_task_marker_dag.py
[2021-11-29 16:43:42,057] {processor.py:625} INFO - Processing file /usr/local/lib/python3.8/dist-packages/airflow/example_dags/example_external_task_marker_dag.py for tasks to queue
[2021-11-29 16:43:42,058] {logging_mixin.py:109} INFO - [2021-11-29 16:43:42,058] {dagbag.py:500} INFO - Filling up the DagBag from /usr/local/lib/python3.8/dist-packages/airflow/example_dags/example_external_task_marker_dag.py
[2021-11-29 16:43:42,121] {processor.py:637} INFO - DAG(s) dict_keys(['example_external_task_marker_parent', 'example_external_task_marker_child']) retrieved from /usr/local/lib/python3.8/dist-packages/airflow/example_dags/example_external_task_marker_dag.py
[2021-11-29 16:43:42,138] {logging_mixin.py:109} WARNING - /usr/local/lib/python3.8/dist-packages/airflow/models/serialized_dag.py:120 SAWarning: TypeDecorator UtcDateTime(timezone=True) will not produce a cache key because the ``cache_ok`` flag is not set to True.  Set this flag to True if this type object's state is safe to use in a cache key, or False to disable this warning.
[2021-11-29 16:43:42,180] {logging_mixin.py:109} INFO - [2021-11-29 16:43:42,179] {dag.py:2396} INFO - Sync 2 DAGs
[2021-11-29 16:43:42,204] {logging_mixin.py:109} WARNING - /usr/local/lib/python3.8/dist-packages/airflow/models/dag.py:2433 SAWarning: TypeDecorator UtcDateTime(timezone=True) will not produce a cache key because the ``cache_ok`` flag is not set to True.  Set this flag to True if this type object's state is safe to use in a cache key, or False to disable this warning.
[2021-11-29 16:43:42,219] {logging_mixin.py:109} INFO - [2021-11-29 16:43:42,219] {dag.py:2928} INFO - Setting next_dagrun for example_external_task_marker_child to None
[2021-11-29 16:43:42,220] {logging_mixin.py:109} INFO - [2021-11-29 16:43:42,220] {dag.py:2928} INFO - Setting next_dagrun for example_external_task_marker_parent to None
[2021-11-29 16:43:42,439] {processor.py:171} INFO - Processing /usr/local/lib/python3.8/dist-packages/airflow/example_dags/example_external_task_marker_dag.py took 0.399 seconds
[2021-11-29 16:44:38,274] {processor.py:163} INFO - Started process (PID=10153) to work on /usr/local/lib/python3.8/dist-packages/airflow/example_dags/example_external_task_marker_dag.py
[2021-11-29 16:44:38,288] {processor.py:625} INFO - Processing file /usr/local/lib/python3.8/dist-packages/airflow/example_dags/example_external_task_marker_dag.py for tasks to queue
[2021-11-29 16:44:38,289] {logging_mixin.py:109} INFO - [2021-11-29 16:44:38,289] {dagbag.py:500} INFO - Filling up the DagBag from /usr/local/lib/python3.8/dist-packages/airflow/example_dags/example_external_task_marker_dag.py
[2021-11-29 16:44:38,344] {processor.py:637} INFO - DAG(s) dict_keys(['example_external_task_marker_parent', 'example_external_task_marker_child']) retrieved from /usr/local/lib/python3.8/dist-packages/airflow/example_dags/example_external_task_marker_dag.py
[2021-11-29 16:44:38,362] {logging_mixin.py:109} WARNING - /usr/local/lib/python3.8/dist-packages/airflow/models/serialized_dag.py:120 SAWarning: TypeDecorator UtcDateTime(timezone=True) will not produce a cache key because the ``cache_ok`` flag is not set to True.  Set this flag to True if this type object's state is safe to use in a cache key, or False to disable this warning.
[2021-11-29 16:44:38,402] {logging_mixin.py:109} INFO - [2021-11-29 16:44:38,402] {dag.py:2396} INFO - Sync 2 DAGs
[2021-11-29 16:44:38,431] {logging_mixin.py:109} WARNING - /usr/local/lib/python3.8/dist-packages/airflow/models/dag.py:2433 SAWarning: TypeDecorator UtcDateTime(timezone=True) will not produce a cache key because the ``cache_ok`` flag is not set to True.  Set this flag to True if this type object's state is safe to use in a cache key, or False to disable this warning.
[2021-11-29 16:44:38,446] {logging_mixin.py:109} INFO - [2021-11-29 16:44:38,446] {dag.py:2928} INFO - Setting next_dagrun for example_external_task_marker_child to None
[2021-11-29 16:44:38,447] {logging_mixin.py:109} INFO - [2021-11-29 16:44:38,446] {dag.py:2928} INFO - Setting next_dagrun for example_external_task_marker_parent to None
[2021-11-29 16:44:38,704] {processor.py:171} INFO - Processing /usr/local/lib/python3.8/dist-packages/airflow/example_dags/example_external_task_marker_dag.py took 0.435 seconds
[2021-11-29 16:45:34,925] {processor.py:163} INFO - Started process (PID=10321) to work on /usr/local/lib/python3.8/dist-packages/airflow/example_dags/example_external_task_marker_dag.py
[2021-11-29 16:45:34,971] {processor.py:625} INFO - Processing file /usr/local/lib/python3.8/dist-packages/airflow/example_dags/example_external_task_marker_dag.py for tasks to queue
[2021-11-29 16:45:34,972] {logging_mixin.py:109} INFO - [2021-11-29 16:45:34,971] {dagbag.py:500} INFO - Filling up the DagBag from /usr/local/lib/python3.8/dist-packages/airflow/example_dags/example_external_task_marker_dag.py
[2021-11-29 16:45:35,042] {processor.py:637} INFO - DAG(s) dict_keys(['example_external_task_marker_parent', 'example_external_task_marker_child']) retrieved from /usr/local/lib/python3.8/dist-packages/airflow/example_dags/example_external_task_marker_dag.py
[2021-11-29 16:45:35,059] {logging_mixin.py:109} WARNING - /usr/local/lib/python3.8/dist-packages/airflow/models/serialized_dag.py:120 SAWarning: TypeDecorator UtcDateTime(timezone=True) will not produce a cache key because the ``cache_ok`` flag is not set to True.  Set this flag to True if this type object's state is safe to use in a cache key, or False to disable this warning.
[2021-11-29 16:45:35,104] {logging_mixin.py:109} INFO - [2021-11-29 16:45:35,103] {dag.py:2396} INFO - Sync 2 DAGs
[2021-11-29 16:45:35,132] {logging_mixin.py:109} WARNING - /usr/local/lib/python3.8/dist-packages/airflow/models/dag.py:2433 SAWarning: TypeDecorator UtcDateTime(timezone=True) will not produce a cache key because the ``cache_ok`` flag is not set to True.  Set this flag to True if this type object's state is safe to use in a cache key, or False to disable this warning.
[2021-11-29 16:45:35,144] {logging_mixin.py:109} INFO - [2021-11-29 16:45:35,144] {dag.py:2928} INFO - Setting next_dagrun for example_external_task_marker_child to None
[2021-11-29 16:45:35,145] {logging_mixin.py:109} INFO - [2021-11-29 16:45:35,144] {dag.py:2928} INFO - Setting next_dagrun for example_external_task_marker_parent to None
[2021-11-29 16:45:35,438] {processor.py:171} INFO - Processing /usr/local/lib/python3.8/dist-packages/airflow/example_dags/example_external_task_marker_dag.py took 0.517 seconds
[2021-11-29 16:46:29,625] {processor.py:163} INFO - Started process (PID=10498) to work on /usr/local/lib/python3.8/dist-packages/airflow/example_dags/example_external_task_marker_dag.py
[2021-11-29 16:46:29,646] {processor.py:625} INFO - Processing file /usr/local/lib/python3.8/dist-packages/airflow/example_dags/example_external_task_marker_dag.py for tasks to queue
[2021-11-29 16:46:29,646] {logging_mixin.py:109} INFO - [2021-11-29 16:46:29,646] {dagbag.py:500} INFO - Filling up the DagBag from /usr/local/lib/python3.8/dist-packages/airflow/example_dags/example_external_task_marker_dag.py
[2021-11-29 16:46:29,705] {processor.py:637} INFO - DAG(s) dict_keys(['example_external_task_marker_parent', 'example_external_task_marker_child']) retrieved from /usr/local/lib/python3.8/dist-packages/airflow/example_dags/example_external_task_marker_dag.py
[2021-11-29 16:46:29,713] {logging_mixin.py:109} WARNING - /usr/local/lib/python3.8/dist-packages/airflow/models/serialized_dag.py:120 SAWarning: TypeDecorator UtcDateTime(timezone=True) will not produce a cache key because the ``cache_ok`` flag is not set to True.  Set this flag to True if this type object's state is safe to use in a cache key, or False to disable this warning.
[2021-11-29 16:46:29,740] {logging_mixin.py:109} INFO - [2021-11-29 16:46:29,740] {dag.py:2396} INFO - Sync 2 DAGs
[2021-11-29 16:46:29,789] {logging_mixin.py:109} WARNING - /usr/local/lib/python3.8/dist-packages/airflow/models/dag.py:2433 SAWarning: TypeDecorator UtcDateTime(timezone=True) will not produce a cache key because the ``cache_ok`` flag is not set to True.  Set this flag to True if this type object's state is safe to use in a cache key, or False to disable this warning.
[2021-11-29 16:46:29,812] {logging_mixin.py:109} INFO - [2021-11-29 16:46:29,812] {dag.py:2928} INFO - Setting next_dagrun for example_external_task_marker_child to None
[2021-11-29 16:46:29,812] {logging_mixin.py:109} INFO - [2021-11-29 16:46:29,812] {dag.py:2928} INFO - Setting next_dagrun for example_external_task_marker_parent to None
[2021-11-29 16:46:30,093] {processor.py:171} INFO - Processing /usr/local/lib/python3.8/dist-packages/airflow/example_dags/example_external_task_marker_dag.py took 0.482 seconds
