[2021-11-29 16:14:47,405] {processor.py:163} INFO - Started process (PID=4856) to work on /usr/local/lib/python3.8/dist-packages/airflow/example_dags/example_dag_decorator.py
[2021-11-29 16:14:47,406] {processor.py:625} INFO - Processing file /usr/local/lib/python3.8/dist-packages/airflow/example_dags/example_dag_decorator.py for tasks to queue
[2021-11-29 16:14:47,406] {logging_mixin.py:109} INFO - [2021-11-29 16:14:47,406] {dagbag.py:500} INFO - Filling up the DagBag from /usr/local/lib/python3.8/dist-packages/airflow/example_dags/example_dag_decorator.py
[2021-11-29 16:14:47,525] {processor.py:637} INFO - DAG(s) dict_keys(['example_dag_decorator']) retrieved from /usr/local/lib/python3.8/dist-packages/airflow/example_dags/example_dag_decorator.py
[2021-11-29 16:14:47,531] {logging_mixin.py:109} WARNING - /usr/local/lib/python3.8/dist-packages/airflow/models/serialized_dag.py:120 SAWarning: TypeDecorator UtcDateTime(timezone=True) will not produce a cache key because the ``cache_ok`` flag is not set to True.  Set this flag to True if this type object's state is safe to use in a cache key, or False to disable this warning.
[2021-11-29 16:14:48,036] {logging_mixin.py:109} INFO - [2021-11-29 16:14:48,035] {dag.py:2396} INFO - Sync 1 DAGs
[2021-11-29 16:14:48,054] {logging_mixin.py:109} WARNING - /usr/local/lib/python3.8/dist-packages/airflow/models/dag.py:2433 SAWarning: TypeDecorator UtcDateTime(timezone=True) will not produce a cache key because the ``cache_ok`` flag is not set to True.  Set this flag to True if this type object's state is safe to use in a cache key, or False to disable this warning.
[2021-11-29 16:14:48,069] {logging_mixin.py:109} INFO - [2021-11-29 16:14:48,069] {dag.py:2928} INFO - Setting next_dagrun for example_dag_decorator to None
[2021-11-29 16:14:48,315] {processor.py:171} INFO - Processing /usr/local/lib/python3.8/dist-packages/airflow/example_dags/example_dag_decorator.py took 0.926 seconds
[2021-11-29 16:15:44,572] {processor.py:163} INFO - Started process (PID=5021) to work on /usr/local/lib/python3.8/dist-packages/airflow/example_dags/example_dag_decorator.py
[2021-11-29 16:15:44,592] {processor.py:625} INFO - Processing file /usr/local/lib/python3.8/dist-packages/airflow/example_dags/example_dag_decorator.py for tasks to queue
[2021-11-29 16:15:44,592] {logging_mixin.py:109} INFO - [2021-11-29 16:15:44,592] {dagbag.py:500} INFO - Filling up the DagBag from /usr/local/lib/python3.8/dist-packages/airflow/example_dags/example_dag_decorator.py
[2021-11-29 16:15:44,703] {processor.py:637} INFO - DAG(s) dict_keys(['example_dag_decorator']) retrieved from /usr/local/lib/python3.8/dist-packages/airflow/example_dags/example_dag_decorator.py
[2021-11-29 16:15:44,711] {logging_mixin.py:109} WARNING - /usr/local/lib/python3.8/dist-packages/airflow/models/serialized_dag.py:120 SAWarning: TypeDecorator UtcDateTime(timezone=True) will not produce a cache key because the ``cache_ok`` flag is not set to True.  Set this flag to True if this type object's state is safe to use in a cache key, or False to disable this warning.
[2021-11-29 16:15:45,887] {logging_mixin.py:109} INFO - [2021-11-29 16:15:45,886] {dag.py:2396} INFO - Sync 1 DAGs
[2021-11-29 16:15:45,903] {logging_mixin.py:109} WARNING - /usr/local/lib/python3.8/dist-packages/airflow/models/dag.py:2433 SAWarning: TypeDecorator UtcDateTime(timezone=True) will not produce a cache key because the ``cache_ok`` flag is not set to True.  Set this flag to True if this type object's state is safe to use in a cache key, or False to disable this warning.
[2021-11-29 16:15:45,939] {logging_mixin.py:109} INFO - [2021-11-29 16:15:45,938] {dag.py:2928} INFO - Setting next_dagrun for example_dag_decorator to None
[2021-11-29 16:15:47,147] {processor.py:171} INFO - Processing /usr/local/lib/python3.8/dist-packages/airflow/example_dags/example_dag_decorator.py took 2.581 seconds
[2021-11-29 16:16:50,126] {processor.py:163} INFO - Started process (PID=5201) to work on /usr/local/lib/python3.8/dist-packages/airflow/example_dags/example_dag_decorator.py
[2021-11-29 16:16:50,157] {processor.py:625} INFO - Processing file /usr/local/lib/python3.8/dist-packages/airflow/example_dags/example_dag_decorator.py for tasks to queue
[2021-11-29 16:16:50,158] {logging_mixin.py:109} INFO - [2021-11-29 16:16:50,158] {dagbag.py:500} INFO - Filling up the DagBag from /usr/local/lib/python3.8/dist-packages/airflow/example_dags/example_dag_decorator.py
[2021-11-29 16:16:50,257] {processor.py:637} INFO - DAG(s) dict_keys(['example_dag_decorator']) retrieved from /usr/local/lib/python3.8/dist-packages/airflow/example_dags/example_dag_decorator.py
[2021-11-29 16:16:50,263] {logging_mixin.py:109} WARNING - /usr/local/lib/python3.8/dist-packages/airflow/models/serialized_dag.py:120 SAWarning: TypeDecorator UtcDateTime(timezone=True) will not produce a cache key because the ``cache_ok`` flag is not set to True.  Set this flag to True if this type object's state is safe to use in a cache key, or False to disable this warning.
[2021-11-29 16:16:50,803] {logging_mixin.py:109} INFO - [2021-11-29 16:16:50,803] {dag.py:2396} INFO - Sync 1 DAGs
[2021-11-29 16:16:50,817] {logging_mixin.py:109} WARNING - /usr/local/lib/python3.8/dist-packages/airflow/models/dag.py:2433 SAWarning: TypeDecorator UtcDateTime(timezone=True) will not produce a cache key because the ``cache_ok`` flag is not set to True.  Set this flag to True if this type object's state is safe to use in a cache key, or False to disable this warning.
[2021-11-29 16:16:50,829] {logging_mixin.py:109} INFO - [2021-11-29 16:16:50,829] {dag.py:2928} INFO - Setting next_dagrun for example_dag_decorator to None
[2021-11-29 16:16:50,990] {processor.py:171} INFO - Processing /usr/local/lib/python3.8/dist-packages/airflow/example_dags/example_dag_decorator.py took 0.880 seconds
[2021-11-29 16:17:46,358] {processor.py:163} INFO - Started process (PID=5383) to work on /usr/local/lib/python3.8/dist-packages/airflow/example_dags/example_dag_decorator.py
[2021-11-29 16:17:46,400] {processor.py:625} INFO - Processing file /usr/local/lib/python3.8/dist-packages/airflow/example_dags/example_dag_decorator.py for tasks to queue
[2021-11-29 16:17:46,401] {logging_mixin.py:109} INFO - [2021-11-29 16:17:46,401] {dagbag.py:500} INFO - Filling up the DagBag from /usr/local/lib/python3.8/dist-packages/airflow/example_dags/example_dag_decorator.py
[2021-11-29 16:17:46,496] {processor.py:637} INFO - DAG(s) dict_keys(['example_dag_decorator']) retrieved from /usr/local/lib/python3.8/dist-packages/airflow/example_dags/example_dag_decorator.py
[2021-11-29 16:17:46,502] {logging_mixin.py:109} WARNING - /usr/local/lib/python3.8/dist-packages/airflow/models/serialized_dag.py:120 SAWarning: TypeDecorator UtcDateTime(timezone=True) will not produce a cache key because the ``cache_ok`` flag is not set to True.  Set this flag to True if this type object's state is safe to use in a cache key, or False to disable this warning.
[2021-11-29 16:17:47,219] {logging_mixin.py:109} INFO - [2021-11-29 16:17:47,219] {dag.py:2396} INFO - Sync 1 DAGs
[2021-11-29 16:17:47,242] {logging_mixin.py:109} WARNING - /usr/local/lib/python3.8/dist-packages/airflow/models/dag.py:2433 SAWarning: TypeDecorator UtcDateTime(timezone=True) will not produce a cache key because the ``cache_ok`` flag is not set to True.  Set this flag to True if this type object's state is safe to use in a cache key, or False to disable this warning.
[2021-11-29 16:17:47,278] {logging_mixin.py:109} INFO - [2021-11-29 16:17:47,277] {dag.py:2928} INFO - Setting next_dagrun for example_dag_decorator to None
[2021-11-29 16:17:47,484] {processor.py:171} INFO - Processing /usr/local/lib/python3.8/dist-packages/airflow/example_dags/example_dag_decorator.py took 1.141 seconds
[2021-11-29 16:18:44,129] {processor.py:163} INFO - Started process (PID=5552) to work on /usr/local/lib/python3.8/dist-packages/airflow/example_dags/example_dag_decorator.py
[2021-11-29 16:18:44,146] {processor.py:625} INFO - Processing file /usr/local/lib/python3.8/dist-packages/airflow/example_dags/example_dag_decorator.py for tasks to queue
[2021-11-29 16:18:44,146] {logging_mixin.py:109} INFO - [2021-11-29 16:18:44,146] {dagbag.py:500} INFO - Filling up the DagBag from /usr/local/lib/python3.8/dist-packages/airflow/example_dags/example_dag_decorator.py
[2021-11-29 16:18:44,246] {processor.py:637} INFO - DAG(s) dict_keys(['example_dag_decorator']) retrieved from /usr/local/lib/python3.8/dist-packages/airflow/example_dags/example_dag_decorator.py
[2021-11-29 16:18:44,254] {logging_mixin.py:109} WARNING - /usr/local/lib/python3.8/dist-packages/airflow/models/serialized_dag.py:120 SAWarning: TypeDecorator UtcDateTime(timezone=True) will not produce a cache key because the ``cache_ok`` flag is not set to True.  Set this flag to True if this type object's state is safe to use in a cache key, or False to disable this warning.
[2021-11-29 16:18:44,797] {logging_mixin.py:109} INFO - [2021-11-29 16:18:44,796] {dag.py:2396} INFO - Sync 1 DAGs
[2021-11-29 16:18:44,809] {logging_mixin.py:109} WARNING - /usr/local/lib/python3.8/dist-packages/airflow/models/dag.py:2433 SAWarning: TypeDecorator UtcDateTime(timezone=True) will not produce a cache key because the ``cache_ok`` flag is not set to True.  Set this flag to True if this type object's state is safe to use in a cache key, or False to disable this warning.
[2021-11-29 16:18:44,823] {logging_mixin.py:109} INFO - [2021-11-29 16:18:44,823] {dag.py:2928} INFO - Setting next_dagrun for example_dag_decorator to None
[2021-11-29 16:18:45,128] {processor.py:171} INFO - Processing /usr/local/lib/python3.8/dist-packages/airflow/example_dags/example_dag_decorator.py took 1.003 seconds
[2021-11-29 16:19:39,616] {processor.py:163} INFO - Started process (PID=5717) to work on /usr/local/lib/python3.8/dist-packages/airflow/example_dags/example_dag_decorator.py
[2021-11-29 16:19:39,634] {processor.py:625} INFO - Processing file /usr/local/lib/python3.8/dist-packages/airflow/example_dags/example_dag_decorator.py for tasks to queue
[2021-11-29 16:19:39,634] {logging_mixin.py:109} INFO - [2021-11-29 16:19:39,634] {dagbag.py:500} INFO - Filling up the DagBag from /usr/local/lib/python3.8/dist-packages/airflow/example_dags/example_dag_decorator.py
[2021-11-29 16:19:39,712] {processor.py:637} INFO - DAG(s) dict_keys(['example_dag_decorator']) retrieved from /usr/local/lib/python3.8/dist-packages/airflow/example_dags/example_dag_decorator.py
[2021-11-29 16:19:39,723] {logging_mixin.py:109} WARNING - /usr/local/lib/python3.8/dist-packages/airflow/models/serialized_dag.py:120 SAWarning: TypeDecorator UtcDateTime(timezone=True) will not produce a cache key because the ``cache_ok`` flag is not set to True.  Set this flag to True if this type object's state is safe to use in a cache key, or False to disable this warning.
[2021-11-29 16:19:40,277] {logging_mixin.py:109} INFO - [2021-11-29 16:19:40,276] {dag.py:2396} INFO - Sync 1 DAGs
[2021-11-29 16:19:40,304] {logging_mixin.py:109} WARNING - /usr/local/lib/python3.8/dist-packages/airflow/models/dag.py:2433 SAWarning: TypeDecorator UtcDateTime(timezone=True) will not produce a cache key because the ``cache_ok`` flag is not set to True.  Set this flag to True if this type object's state is safe to use in a cache key, or False to disable this warning.
[2021-11-29 16:19:40,335] {logging_mixin.py:109} INFO - [2021-11-29 16:19:40,335] {dag.py:2928} INFO - Setting next_dagrun for example_dag_decorator to None
[2021-11-29 16:19:40,598] {processor.py:171} INFO - Processing /usr/local/lib/python3.8/dist-packages/airflow/example_dags/example_dag_decorator.py took 0.987 seconds
[2021-11-29 16:20:33,422] {processor.py:163} INFO - Started process (PID=5887) to work on /usr/local/lib/python3.8/dist-packages/airflow/example_dags/example_dag_decorator.py
[2021-11-29 16:20:33,452] {processor.py:625} INFO - Processing file /usr/local/lib/python3.8/dist-packages/airflow/example_dags/example_dag_decorator.py for tasks to queue
[2021-11-29 16:20:33,454] {logging_mixin.py:109} INFO - [2021-11-29 16:20:33,454] {dagbag.py:500} INFO - Filling up the DagBag from /usr/local/lib/python3.8/dist-packages/airflow/example_dags/example_dag_decorator.py
[2021-11-29 16:20:33,529] {processor.py:637} INFO - DAG(s) dict_keys(['example_dag_decorator']) retrieved from /usr/local/lib/python3.8/dist-packages/airflow/example_dags/example_dag_decorator.py
[2021-11-29 16:20:33,536] {logging_mixin.py:109} WARNING - /usr/local/lib/python3.8/dist-packages/airflow/models/serialized_dag.py:120 SAWarning: TypeDecorator UtcDateTime(timezone=True) will not produce a cache key because the ``cache_ok`` flag is not set to True.  Set this flag to True if this type object's state is safe to use in a cache key, or False to disable this warning.
[2021-11-29 16:20:34,037] {logging_mixin.py:109} INFO - [2021-11-29 16:20:34,037] {dag.py:2396} INFO - Sync 1 DAGs
[2021-11-29 16:20:34,061] {logging_mixin.py:109} WARNING - /usr/local/lib/python3.8/dist-packages/airflow/models/dag.py:2433 SAWarning: TypeDecorator UtcDateTime(timezone=True) will not produce a cache key because the ``cache_ok`` flag is not set to True.  Set this flag to True if this type object's state is safe to use in a cache key, or False to disable this warning.
[2021-11-29 16:20:34,096] {logging_mixin.py:109} INFO - [2021-11-29 16:20:34,095] {dag.py:2928} INFO - Setting next_dagrun for example_dag_decorator to None
[2021-11-29 16:20:34,368] {processor.py:171} INFO - Processing /usr/local/lib/python3.8/dist-packages/airflow/example_dags/example_dag_decorator.py took 0.965 seconds
[2021-11-29 16:21:27,356] {processor.py:163} INFO - Started process (PID=6060) to work on /usr/local/lib/python3.8/dist-packages/airflow/example_dags/example_dag_decorator.py
[2021-11-29 16:21:27,359] {processor.py:625} INFO - Processing file /usr/local/lib/python3.8/dist-packages/airflow/example_dags/example_dag_decorator.py for tasks to queue
[2021-11-29 16:21:27,360] {logging_mixin.py:109} INFO - [2021-11-29 16:21:27,360] {dagbag.py:500} INFO - Filling up the DagBag from /usr/local/lib/python3.8/dist-packages/airflow/example_dags/example_dag_decorator.py
[2021-11-29 16:21:27,467] {processor.py:637} INFO - DAG(s) dict_keys(['example_dag_decorator']) retrieved from /usr/local/lib/python3.8/dist-packages/airflow/example_dags/example_dag_decorator.py
[2021-11-29 16:21:27,474] {logging_mixin.py:109} WARNING - /usr/local/lib/python3.8/dist-packages/airflow/models/serialized_dag.py:120 SAWarning: TypeDecorator UtcDateTime(timezone=True) will not produce a cache key because the ``cache_ok`` flag is not set to True.  Set this flag to True if this type object's state is safe to use in a cache key, or False to disable this warning.
[2021-11-29 16:21:28,077] {logging_mixin.py:109} INFO - [2021-11-29 16:21:28,077] {dag.py:2396} INFO - Sync 1 DAGs
[2021-11-29 16:21:28,091] {logging_mixin.py:109} WARNING - /usr/local/lib/python3.8/dist-packages/airflow/models/dag.py:2433 SAWarning: TypeDecorator UtcDateTime(timezone=True) will not produce a cache key because the ``cache_ok`` flag is not set to True.  Set this flag to True if this type object's state is safe to use in a cache key, or False to disable this warning.
[2021-11-29 16:21:28,104] {logging_mixin.py:109} INFO - [2021-11-29 16:21:28,104] {dag.py:2928} INFO - Setting next_dagrun for example_dag_decorator to None
[2021-11-29 16:21:28,404] {processor.py:171} INFO - Processing /usr/local/lib/python3.8/dist-packages/airflow/example_dags/example_dag_decorator.py took 1.064 seconds
[2021-11-29 16:22:26,046] {processor.py:163} INFO - Started process (PID=6242) to work on /usr/local/lib/python3.8/dist-packages/airflow/example_dags/example_dag_decorator.py
[2021-11-29 16:22:26,074] {processor.py:625} INFO - Processing file /usr/local/lib/python3.8/dist-packages/airflow/example_dags/example_dag_decorator.py for tasks to queue
[2021-11-29 16:22:26,074] {logging_mixin.py:109} INFO - [2021-11-29 16:22:26,074] {dagbag.py:500} INFO - Filling up the DagBag from /usr/local/lib/python3.8/dist-packages/airflow/example_dags/example_dag_decorator.py
[2021-11-29 16:22:26,191] {processor.py:637} INFO - DAG(s) dict_keys(['example_dag_decorator']) retrieved from /usr/local/lib/python3.8/dist-packages/airflow/example_dags/example_dag_decorator.py
[2021-11-29 16:22:26,217] {logging_mixin.py:109} WARNING - /usr/local/lib/python3.8/dist-packages/airflow/models/serialized_dag.py:120 SAWarning: TypeDecorator UtcDateTime(timezone=True) will not produce a cache key because the ``cache_ok`` flag is not set to True.  Set this flag to True if this type object's state is safe to use in a cache key, or False to disable this warning.
[2021-11-29 16:22:26,756] {logging_mixin.py:109} INFO - [2021-11-29 16:22:26,756] {dag.py:2396} INFO - Sync 1 DAGs
[2021-11-29 16:22:26,781] {logging_mixin.py:109} WARNING - /usr/local/lib/python3.8/dist-packages/airflow/models/dag.py:2433 SAWarning: TypeDecorator UtcDateTime(timezone=True) will not produce a cache key because the ``cache_ok`` flag is not set to True.  Set this flag to True if this type object's state is safe to use in a cache key, or False to disable this warning.
[2021-11-29 16:22:26,804] {logging_mixin.py:109} INFO - [2021-11-29 16:22:26,803] {dag.py:2928} INFO - Setting next_dagrun for example_dag_decorator to None
[2021-11-29 16:22:27,015] {processor.py:171} INFO - Processing /usr/local/lib/python3.8/dist-packages/airflow/example_dags/example_dag_decorator.py took 0.985 seconds
[2021-11-29 16:23:20,954] {processor.py:163} INFO - Started process (PID=6415) to work on /usr/local/lib/python3.8/dist-packages/airflow/example_dags/example_dag_decorator.py
[2021-11-29 16:23:20,992] {processor.py:625} INFO - Processing file /usr/local/lib/python3.8/dist-packages/airflow/example_dags/example_dag_decorator.py for tasks to queue
[2021-11-29 16:23:20,992] {logging_mixin.py:109} INFO - [2021-11-29 16:23:20,992] {dagbag.py:500} INFO - Filling up the DagBag from /usr/local/lib/python3.8/dist-packages/airflow/example_dags/example_dag_decorator.py
[2021-11-29 16:23:21,078] {processor.py:637} INFO - DAG(s) dict_keys(['example_dag_decorator']) retrieved from /usr/local/lib/python3.8/dist-packages/airflow/example_dags/example_dag_decorator.py
[2021-11-29 16:23:21,107] {logging_mixin.py:109} WARNING - /usr/local/lib/python3.8/dist-packages/airflow/models/serialized_dag.py:120 SAWarning: TypeDecorator UtcDateTime(timezone=True) will not produce a cache key because the ``cache_ok`` flag is not set to True.  Set this flag to True if this type object's state is safe to use in a cache key, or False to disable this warning.
[2021-11-29 16:23:21,716] {logging_mixin.py:109} INFO - [2021-11-29 16:23:21,715] {dag.py:2396} INFO - Sync 1 DAGs
[2021-11-29 16:23:21,729] {logging_mixin.py:109} WARNING - /usr/local/lib/python3.8/dist-packages/airflow/models/dag.py:2433 SAWarning: TypeDecorator UtcDateTime(timezone=True) will not produce a cache key because the ``cache_ok`` flag is not set to True.  Set this flag to True if this type object's state is safe to use in a cache key, or False to disable this warning.
[2021-11-29 16:23:21,765] {logging_mixin.py:109} INFO - [2021-11-29 16:23:21,755] {dag.py:2928} INFO - Setting next_dagrun for example_dag_decorator to None
[2021-11-29 16:23:22,308] {processor.py:171} INFO - Processing /usr/local/lib/python3.8/dist-packages/airflow/example_dags/example_dag_decorator.py took 1.358 seconds
[2021-11-29 16:24:18,800] {processor.py:163} INFO - Started process (PID=6580) to work on /usr/local/lib/python3.8/dist-packages/airflow/example_dags/example_dag_decorator.py
[2021-11-29 16:24:18,897] {processor.py:625} INFO - Processing file /usr/local/lib/python3.8/dist-packages/airflow/example_dags/example_dag_decorator.py for tasks to queue
[2021-11-29 16:24:18,898] {logging_mixin.py:109} INFO - [2021-11-29 16:24:18,898] {dagbag.py:500} INFO - Filling up the DagBag from /usr/local/lib/python3.8/dist-packages/airflow/example_dags/example_dag_decorator.py
[2021-11-29 16:24:19,001] {processor.py:637} INFO - DAG(s) dict_keys(['example_dag_decorator']) retrieved from /usr/local/lib/python3.8/dist-packages/airflow/example_dags/example_dag_decorator.py
[2021-11-29 16:24:19,007] {logging_mixin.py:109} WARNING - /usr/local/lib/python3.8/dist-packages/airflow/models/serialized_dag.py:120 SAWarning: TypeDecorator UtcDateTime(timezone=True) will not produce a cache key because the ``cache_ok`` flag is not set to True.  Set this flag to True if this type object's state is safe to use in a cache key, or False to disable this warning.
[2021-11-29 16:24:19,667] {logging_mixin.py:109} INFO - [2021-11-29 16:24:19,667] {dag.py:2396} INFO - Sync 1 DAGs
[2021-11-29 16:24:19,685] {logging_mixin.py:109} WARNING - /usr/local/lib/python3.8/dist-packages/airflow/models/dag.py:2433 SAWarning: TypeDecorator UtcDateTime(timezone=True) will not produce a cache key because the ``cache_ok`` flag is not set to True.  Set this flag to True if this type object's state is safe to use in a cache key, or False to disable this warning.
[2021-11-29 16:24:19,699] {logging_mixin.py:109} INFO - [2021-11-29 16:24:19,698] {dag.py:2928} INFO - Setting next_dagrun for example_dag_decorator to None
[2021-11-29 16:24:19,892] {processor.py:171} INFO - Processing /usr/local/lib/python3.8/dist-packages/airflow/example_dags/example_dag_decorator.py took 1.096 seconds
[2021-11-29 16:25:18,954] {processor.py:163} INFO - Started process (PID=6745) to work on /usr/local/lib/python3.8/dist-packages/airflow/example_dags/example_dag_decorator.py
[2021-11-29 16:25:18,983] {processor.py:625} INFO - Processing file /usr/local/lib/python3.8/dist-packages/airflow/example_dags/example_dag_decorator.py for tasks to queue
[2021-11-29 16:25:18,984] {logging_mixin.py:109} INFO - [2021-11-29 16:25:18,984] {dagbag.py:500} INFO - Filling up the DagBag from /usr/local/lib/python3.8/dist-packages/airflow/example_dags/example_dag_decorator.py
[2021-11-29 16:25:19,069] {processor.py:637} INFO - DAG(s) dict_keys(['example_dag_decorator']) retrieved from /usr/local/lib/python3.8/dist-packages/airflow/example_dags/example_dag_decorator.py
[2021-11-29 16:25:19,086] {logging_mixin.py:109} WARNING - /usr/local/lib/python3.8/dist-packages/airflow/models/serialized_dag.py:120 SAWarning: TypeDecorator UtcDateTime(timezone=True) will not produce a cache key because the ``cache_ok`` flag is not set to True.  Set this flag to True if this type object's state is safe to use in a cache key, or False to disable this warning.
[2021-11-29 16:25:19,628] {logging_mixin.py:109} INFO - [2021-11-29 16:25:19,627] {dag.py:2396} INFO - Sync 1 DAGs
[2021-11-29 16:25:19,657] {logging_mixin.py:109} WARNING - /usr/local/lib/python3.8/dist-packages/airflow/models/dag.py:2433 SAWarning: TypeDecorator UtcDateTime(timezone=True) will not produce a cache key because the ``cache_ok`` flag is not set to True.  Set this flag to True if this type object's state is safe to use in a cache key, or False to disable this warning.
[2021-11-29 16:25:19,690] {logging_mixin.py:109} INFO - [2021-11-29 16:25:19,690] {dag.py:2928} INFO - Setting next_dagrun for example_dag_decorator to None
[2021-11-29 16:25:19,918] {processor.py:171} INFO - Processing /usr/local/lib/python3.8/dist-packages/airflow/example_dags/example_dag_decorator.py took 0.969 seconds
[2021-11-29 16:26:13,244] {processor.py:163} INFO - Started process (PID=6919) to work on /usr/local/lib/python3.8/dist-packages/airflow/example_dags/example_dag_decorator.py
[2021-11-29 16:26:13,262] {processor.py:625} INFO - Processing file /usr/local/lib/python3.8/dist-packages/airflow/example_dags/example_dag_decorator.py for tasks to queue
[2021-11-29 16:26:13,263] {logging_mixin.py:109} INFO - [2021-11-29 16:26:13,263] {dagbag.py:500} INFO - Filling up the DagBag from /usr/local/lib/python3.8/dist-packages/airflow/example_dags/example_dag_decorator.py
[2021-11-29 16:26:13,336] {processor.py:637} INFO - DAG(s) dict_keys(['example_dag_decorator']) retrieved from /usr/local/lib/python3.8/dist-packages/airflow/example_dags/example_dag_decorator.py
[2021-11-29 16:26:13,343] {logging_mixin.py:109} WARNING - /usr/local/lib/python3.8/dist-packages/airflow/models/serialized_dag.py:120 SAWarning: TypeDecorator UtcDateTime(timezone=True) will not produce a cache key because the ``cache_ok`` flag is not set to True.  Set this flag to True if this type object's state is safe to use in a cache key, or False to disable this warning.
[2021-11-29 16:26:13,826] {logging_mixin.py:109} INFO - [2021-11-29 16:26:13,825] {dag.py:2396} INFO - Sync 1 DAGs
[2021-11-29 16:26:13,842] {logging_mixin.py:109} WARNING - /usr/local/lib/python3.8/dist-packages/airflow/models/dag.py:2433 SAWarning: TypeDecorator UtcDateTime(timezone=True) will not produce a cache key because the ``cache_ok`` flag is not set to True.  Set this flag to True if this type object's state is safe to use in a cache key, or False to disable this warning.
[2021-11-29 16:26:13,856] {logging_mixin.py:109} INFO - [2021-11-29 16:26:13,856] {dag.py:2928} INFO - Setting next_dagrun for example_dag_decorator to None
[2021-11-29 16:26:14,271] {processor.py:171} INFO - Processing /usr/local/lib/python3.8/dist-packages/airflow/example_dags/example_dag_decorator.py took 1.031 seconds
[2021-11-29 16:27:06,936] {processor.py:163} INFO - Started process (PID=7081) to work on /usr/local/lib/python3.8/dist-packages/airflow/example_dags/example_dag_decorator.py
[2021-11-29 16:27:06,952] {processor.py:625} INFO - Processing file /usr/local/lib/python3.8/dist-packages/airflow/example_dags/example_dag_decorator.py for tasks to queue
[2021-11-29 16:27:06,953] {logging_mixin.py:109} INFO - [2021-11-29 16:27:06,953] {dagbag.py:500} INFO - Filling up the DagBag from /usr/local/lib/python3.8/dist-packages/airflow/example_dags/example_dag_decorator.py
[2021-11-29 16:27:07,013] {processor.py:637} INFO - DAG(s) dict_keys(['example_dag_decorator']) retrieved from /usr/local/lib/python3.8/dist-packages/airflow/example_dags/example_dag_decorator.py
[2021-11-29 16:27:07,021] {logging_mixin.py:109} WARNING - /usr/local/lib/python3.8/dist-packages/airflow/models/serialized_dag.py:120 SAWarning: TypeDecorator UtcDateTime(timezone=True) will not produce a cache key because the ``cache_ok`` flag is not set to True.  Set this flag to True if this type object's state is safe to use in a cache key, or False to disable this warning.
[2021-11-29 16:27:07,672] {logging_mixin.py:109} INFO - [2021-11-29 16:27:07,671] {dag.py:2396} INFO - Sync 1 DAGs
[2021-11-29 16:27:07,713] {logging_mixin.py:109} WARNING - /usr/local/lib/python3.8/dist-packages/airflow/models/dag.py:2433 SAWarning: TypeDecorator UtcDateTime(timezone=True) will not produce a cache key because the ``cache_ok`` flag is not set to True.  Set this flag to True if this type object's state is safe to use in a cache key, or False to disable this warning.
[2021-11-29 16:27:07,758] {logging_mixin.py:109} INFO - [2021-11-29 16:27:07,758] {dag.py:2928} INFO - Setting next_dagrun for example_dag_decorator to None
[2021-11-29 16:27:07,959] {processor.py:171} INFO - Processing /usr/local/lib/python3.8/dist-packages/airflow/example_dags/example_dag_decorator.py took 1.029 seconds
[2021-11-29 16:28:02,577] {processor.py:163} INFO - Started process (PID=7242) to work on /usr/local/lib/python3.8/dist-packages/airflow/example_dags/example_dag_decorator.py
[2021-11-29 16:28:02,582] {processor.py:625} INFO - Processing file /usr/local/lib/python3.8/dist-packages/airflow/example_dags/example_dag_decorator.py for tasks to queue
[2021-11-29 16:28:02,583] {logging_mixin.py:109} INFO - [2021-11-29 16:28:02,583] {dagbag.py:500} INFO - Filling up the DagBag from /usr/local/lib/python3.8/dist-packages/airflow/example_dags/example_dag_decorator.py
[2021-11-29 16:28:02,673] {processor.py:637} INFO - DAG(s) dict_keys(['example_dag_decorator']) retrieved from /usr/local/lib/python3.8/dist-packages/airflow/example_dags/example_dag_decorator.py
[2021-11-29 16:28:02,679] {logging_mixin.py:109} WARNING - /usr/local/lib/python3.8/dist-packages/airflow/models/serialized_dag.py:120 SAWarning: TypeDecorator UtcDateTime(timezone=True) will not produce a cache key because the ``cache_ok`` flag is not set to True.  Set this flag to True if this type object's state is safe to use in a cache key, or False to disable this warning.
[2021-11-29 16:28:03,294] {logging_mixin.py:109} INFO - [2021-11-29 16:28:03,293] {dag.py:2396} INFO - Sync 1 DAGs
[2021-11-29 16:28:03,310] {logging_mixin.py:109} WARNING - /usr/local/lib/python3.8/dist-packages/airflow/models/dag.py:2433 SAWarning: TypeDecorator UtcDateTime(timezone=True) will not produce a cache key because the ``cache_ok`` flag is not set to True.  Set this flag to True if this type object's state is safe to use in a cache key, or False to disable this warning.
[2021-11-29 16:28:03,325] {logging_mixin.py:109} INFO - [2021-11-29 16:28:03,325] {dag.py:2928} INFO - Setting next_dagrun for example_dag_decorator to None
[2021-11-29 16:28:03,550] {processor.py:171} INFO - Processing /usr/local/lib/python3.8/dist-packages/airflow/example_dags/example_dag_decorator.py took 0.990 seconds
[2021-11-29 16:29:01,368] {processor.py:163} INFO - Started process (PID=7403) to work on /usr/local/lib/python3.8/dist-packages/airflow/example_dags/example_dag_decorator.py
[2021-11-29 16:29:01,401] {processor.py:625} INFO - Processing file /usr/local/lib/python3.8/dist-packages/airflow/example_dags/example_dag_decorator.py for tasks to queue
[2021-11-29 16:29:01,402] {logging_mixin.py:109} INFO - [2021-11-29 16:29:01,402] {dagbag.py:500} INFO - Filling up the DagBag from /usr/local/lib/python3.8/dist-packages/airflow/example_dags/example_dag_decorator.py
[2021-11-29 16:29:01,542] {processor.py:637} INFO - DAG(s) dict_keys(['example_dag_decorator']) retrieved from /usr/local/lib/python3.8/dist-packages/airflow/example_dags/example_dag_decorator.py
[2021-11-29 16:29:01,559] {logging_mixin.py:109} WARNING - /usr/local/lib/python3.8/dist-packages/airflow/models/serialized_dag.py:120 SAWarning: TypeDecorator UtcDateTime(timezone=True) will not produce a cache key because the ``cache_ok`` flag is not set to True.  Set this flag to True if this type object's state is safe to use in a cache key, or False to disable this warning.
[2021-11-29 16:29:02,259] {logging_mixin.py:109} INFO - [2021-11-29 16:29:02,259] {dag.py:2396} INFO - Sync 1 DAGs
[2021-11-29 16:29:02,305] {logging_mixin.py:109} WARNING - /usr/local/lib/python3.8/dist-packages/airflow/models/dag.py:2433 SAWarning: TypeDecorator UtcDateTime(timezone=True) will not produce a cache key because the ``cache_ok`` flag is not set to True.  Set this flag to True if this type object's state is safe to use in a cache key, or False to disable this warning.
[2021-11-29 16:29:02,341] {logging_mixin.py:109} INFO - [2021-11-29 16:29:02,340] {dag.py:2928} INFO - Setting next_dagrun for example_dag_decorator to None
[2021-11-29 16:29:02,604] {processor.py:171} INFO - Processing /usr/local/lib/python3.8/dist-packages/airflow/example_dags/example_dag_decorator.py took 1.251 seconds
[2021-11-29 16:29:58,397] {processor.py:163} INFO - Started process (PID=7567) to work on /usr/local/lib/python3.8/dist-packages/airflow/example_dags/example_dag_decorator.py
[2021-11-29 16:29:58,468] {processor.py:625} INFO - Processing file /usr/local/lib/python3.8/dist-packages/airflow/example_dags/example_dag_decorator.py for tasks to queue
[2021-11-29 16:29:58,473] {logging_mixin.py:109} INFO - [2021-11-29 16:29:58,473] {dagbag.py:500} INFO - Filling up the DagBag from /usr/local/lib/python3.8/dist-packages/airflow/example_dags/example_dag_decorator.py
[2021-11-29 16:29:58,565] {processor.py:637} INFO - DAG(s) dict_keys(['example_dag_decorator']) retrieved from /usr/local/lib/python3.8/dist-packages/airflow/example_dags/example_dag_decorator.py
[2021-11-29 16:29:58,598] {logging_mixin.py:109} WARNING - /usr/local/lib/python3.8/dist-packages/airflow/models/serialized_dag.py:120 SAWarning: TypeDecorator UtcDateTime(timezone=True) will not produce a cache key because the ``cache_ok`` flag is not set to True.  Set this flag to True if this type object's state is safe to use in a cache key, or False to disable this warning.
[2021-11-29 16:29:59,224] {logging_mixin.py:109} INFO - [2021-11-29 16:29:59,224] {dag.py:2396} INFO - Sync 1 DAGs
[2021-11-29 16:29:59,245] {logging_mixin.py:109} WARNING - /usr/local/lib/python3.8/dist-packages/airflow/models/dag.py:2433 SAWarning: TypeDecorator UtcDateTime(timezone=True) will not produce a cache key because the ``cache_ok`` flag is not set to True.  Set this flag to True if this type object's state is safe to use in a cache key, or False to disable this warning.
[2021-11-29 16:29:59,260] {logging_mixin.py:109} INFO - [2021-11-29 16:29:59,260] {dag.py:2928} INFO - Setting next_dagrun for example_dag_decorator to None
[2021-11-29 16:29:59,449] {processor.py:171} INFO - Processing /usr/local/lib/python3.8/dist-packages/airflow/example_dags/example_dag_decorator.py took 1.066 seconds
[2021-11-29 16:30:55,307] {processor.py:163} INFO - Started process (PID=7731) to work on /usr/local/lib/python3.8/dist-packages/airflow/example_dags/example_dag_decorator.py
[2021-11-29 16:30:55,315] {processor.py:625} INFO - Processing file /usr/local/lib/python3.8/dist-packages/airflow/example_dags/example_dag_decorator.py for tasks to queue
[2021-11-29 16:30:55,316] {logging_mixin.py:109} INFO - [2021-11-29 16:30:55,316] {dagbag.py:500} INFO - Filling up the DagBag from /usr/local/lib/python3.8/dist-packages/airflow/example_dags/example_dag_decorator.py
[2021-11-29 16:30:55,385] {processor.py:637} INFO - DAG(s) dict_keys(['example_dag_decorator']) retrieved from /usr/local/lib/python3.8/dist-packages/airflow/example_dags/example_dag_decorator.py
[2021-11-29 16:30:55,392] {logging_mixin.py:109} WARNING - /usr/local/lib/python3.8/dist-packages/airflow/models/serialized_dag.py:120 SAWarning: TypeDecorator UtcDateTime(timezone=True) will not produce a cache key because the ``cache_ok`` flag is not set to True.  Set this flag to True if this type object's state is safe to use in a cache key, or False to disable this warning.
[2021-11-29 16:30:56,126] {logging_mixin.py:109} INFO - [2021-11-29 16:30:56,125] {dag.py:2396} INFO - Sync 1 DAGs
[2021-11-29 16:30:56,142] {logging_mixin.py:109} WARNING - /usr/local/lib/python3.8/dist-packages/airflow/models/dag.py:2433 SAWarning: TypeDecorator UtcDateTime(timezone=True) will not produce a cache key because the ``cache_ok`` flag is not set to True.  Set this flag to True if this type object's state is safe to use in a cache key, or False to disable this warning.
[2021-11-29 16:30:56,159] {logging_mixin.py:109} INFO - [2021-11-29 16:30:56,159] {dag.py:2928} INFO - Setting next_dagrun for example_dag_decorator to None
[2021-11-29 16:30:56,404] {processor.py:171} INFO - Processing /usr/local/lib/python3.8/dist-packages/airflow/example_dags/example_dag_decorator.py took 1.114 seconds
[2021-11-29 16:31:49,036] {processor.py:163} INFO - Started process (PID=7890) to work on /usr/local/lib/python3.8/dist-packages/airflow/example_dags/example_dag_decorator.py
[2021-11-29 16:31:49,052] {processor.py:625} INFO - Processing file /usr/local/lib/python3.8/dist-packages/airflow/example_dags/example_dag_decorator.py for tasks to queue
[2021-11-29 16:31:49,054] {logging_mixin.py:109} INFO - [2021-11-29 16:31:49,054] {dagbag.py:500} INFO - Filling up the DagBag from /usr/local/lib/python3.8/dist-packages/airflow/example_dags/example_dag_decorator.py
[2021-11-29 16:31:49,096] {processor.py:637} INFO - DAG(s) dict_keys(['example_dag_decorator']) retrieved from /usr/local/lib/python3.8/dist-packages/airflow/example_dags/example_dag_decorator.py
[2021-11-29 16:31:49,103] {logging_mixin.py:109} WARNING - /usr/local/lib/python3.8/dist-packages/airflow/models/serialized_dag.py:120 SAWarning: TypeDecorator UtcDateTime(timezone=True) will not produce a cache key because the ``cache_ok`` flag is not set to True.  Set this flag to True if this type object's state is safe to use in a cache key, or False to disable this warning.
[2021-11-29 16:31:49,813] {logging_mixin.py:109} INFO - [2021-11-29 16:31:49,813] {dag.py:2396} INFO - Sync 1 DAGs
[2021-11-29 16:31:49,858] {logging_mixin.py:109} WARNING - /usr/local/lib/python3.8/dist-packages/airflow/models/dag.py:2433 SAWarning: TypeDecorator UtcDateTime(timezone=True) will not produce a cache key because the ``cache_ok`` flag is not set to True.  Set this flag to True if this type object's state is safe to use in a cache key, or False to disable this warning.
[2021-11-29 16:31:49,875] {logging_mixin.py:109} INFO - [2021-11-29 16:31:49,875] {dag.py:2928} INFO - Setting next_dagrun for example_dag_decorator to None
[2021-11-29 16:31:50,290] {processor.py:171} INFO - Processing /usr/local/lib/python3.8/dist-packages/airflow/example_dags/example_dag_decorator.py took 1.269 seconds
[2021-11-29 16:32:45,553] {processor.py:163} INFO - Started process (PID=8057) to work on /usr/local/lib/python3.8/dist-packages/airflow/example_dags/example_dag_decorator.py
[2021-11-29 16:32:45,583] {processor.py:625} INFO - Processing file /usr/local/lib/python3.8/dist-packages/airflow/example_dags/example_dag_decorator.py for tasks to queue
[2021-11-29 16:32:45,585] {logging_mixin.py:109} INFO - [2021-11-29 16:32:45,585] {dagbag.py:500} INFO - Filling up the DagBag from /usr/local/lib/python3.8/dist-packages/airflow/example_dags/example_dag_decorator.py
[2021-11-29 16:32:45,699] {processor.py:637} INFO - DAG(s) dict_keys(['example_dag_decorator']) retrieved from /usr/local/lib/python3.8/dist-packages/airflow/example_dags/example_dag_decorator.py
[2021-11-29 16:32:45,707] {logging_mixin.py:109} WARNING - /usr/local/lib/python3.8/dist-packages/airflow/models/serialized_dag.py:120 SAWarning: TypeDecorator UtcDateTime(timezone=True) will not produce a cache key because the ``cache_ok`` flag is not set to True.  Set this flag to True if this type object's state is safe to use in a cache key, or False to disable this warning.
[2021-11-29 16:32:46,366] {logging_mixin.py:109} INFO - [2021-11-29 16:32:46,365] {dag.py:2396} INFO - Sync 1 DAGs
[2021-11-29 16:32:46,385] {logging_mixin.py:109} WARNING - /usr/local/lib/python3.8/dist-packages/airflow/models/dag.py:2433 SAWarning: TypeDecorator UtcDateTime(timezone=True) will not produce a cache key because the ``cache_ok`` flag is not set to True.  Set this flag to True if this type object's state is safe to use in a cache key, or False to disable this warning.
[2021-11-29 16:32:46,400] {logging_mixin.py:109} INFO - [2021-11-29 16:32:46,400] {dag.py:2928} INFO - Setting next_dagrun for example_dag_decorator to None
[2021-11-29 16:32:46,822] {processor.py:171} INFO - Processing /usr/local/lib/python3.8/dist-packages/airflow/example_dags/example_dag_decorator.py took 1.287 seconds
[2021-11-29 16:33:40,166] {processor.py:163} INFO - Started process (PID=8219) to work on /usr/local/lib/python3.8/dist-packages/airflow/example_dags/example_dag_decorator.py
[2021-11-29 16:33:40,185] {processor.py:625} INFO - Processing file /usr/local/lib/python3.8/dist-packages/airflow/example_dags/example_dag_decorator.py for tasks to queue
[2021-11-29 16:33:40,187] {logging_mixin.py:109} INFO - [2021-11-29 16:33:40,186] {dagbag.py:500} INFO - Filling up the DagBag from /usr/local/lib/python3.8/dist-packages/airflow/example_dags/example_dag_decorator.py
[2021-11-29 16:33:40,264] {processor.py:637} INFO - DAG(s) dict_keys(['example_dag_decorator']) retrieved from /usr/local/lib/python3.8/dist-packages/airflow/example_dags/example_dag_decorator.py
[2021-11-29 16:33:40,280] {logging_mixin.py:109} WARNING - /usr/local/lib/python3.8/dist-packages/airflow/models/serialized_dag.py:120 SAWarning: TypeDecorator UtcDateTime(timezone=True) will not produce a cache key because the ``cache_ok`` flag is not set to True.  Set this flag to True if this type object's state is safe to use in a cache key, or False to disable this warning.
[2021-11-29 16:33:40,945] {logging_mixin.py:109} INFO - [2021-11-29 16:33:40,945] {dag.py:2396} INFO - Sync 1 DAGs
[2021-11-29 16:33:40,969] {logging_mixin.py:109} WARNING - /usr/local/lib/python3.8/dist-packages/airflow/models/dag.py:2433 SAWarning: TypeDecorator UtcDateTime(timezone=True) will not produce a cache key because the ``cache_ok`` flag is not set to True.  Set this flag to True if this type object's state is safe to use in a cache key, or False to disable this warning.
[2021-11-29 16:33:40,992] {logging_mixin.py:109} INFO - [2021-11-29 16:33:40,992] {dag.py:2928} INFO - Setting next_dagrun for example_dag_decorator to None
[2021-11-29 16:33:41,242] {processor.py:171} INFO - Processing /usr/local/lib/python3.8/dist-packages/airflow/example_dags/example_dag_decorator.py took 1.091 seconds
[2021-11-29 16:34:35,576] {processor.py:163} INFO - Started process (PID=8384) to work on /usr/local/lib/python3.8/dist-packages/airflow/example_dags/example_dag_decorator.py
[2021-11-29 16:34:35,597] {processor.py:625} INFO - Processing file /usr/local/lib/python3.8/dist-packages/airflow/example_dags/example_dag_decorator.py for tasks to queue
[2021-11-29 16:34:35,598] {logging_mixin.py:109} INFO - [2021-11-29 16:34:35,598] {dagbag.py:500} INFO - Filling up the DagBag from /usr/local/lib/python3.8/dist-packages/airflow/example_dags/example_dag_decorator.py
[2021-11-29 16:34:35,670] {processor.py:637} INFO - DAG(s) dict_keys(['example_dag_decorator']) retrieved from /usr/local/lib/python3.8/dist-packages/airflow/example_dags/example_dag_decorator.py
[2021-11-29 16:34:35,691] {logging_mixin.py:109} WARNING - /usr/local/lib/python3.8/dist-packages/airflow/models/serialized_dag.py:120 SAWarning: TypeDecorator UtcDateTime(timezone=True) will not produce a cache key because the ``cache_ok`` flag is not set to True.  Set this flag to True if this type object's state is safe to use in a cache key, or False to disable this warning.
[2021-11-29 16:34:36,244] {logging_mixin.py:109} INFO - [2021-11-29 16:34:36,242] {dag.py:2396} INFO - Sync 1 DAGs
[2021-11-29 16:34:36,262] {logging_mixin.py:109} WARNING - /usr/local/lib/python3.8/dist-packages/airflow/models/dag.py:2433 SAWarning: TypeDecorator UtcDateTime(timezone=True) will not produce a cache key because the ``cache_ok`` flag is not set to True.  Set this flag to True if this type object's state is safe to use in a cache key, or False to disable this warning.
[2021-11-29 16:34:36,296] {logging_mixin.py:109} INFO - [2021-11-29 16:34:36,296] {dag.py:2928} INFO - Setting next_dagrun for example_dag_decorator to None
[2021-11-29 16:34:36,489] {processor.py:171} INFO - Processing /usr/local/lib/python3.8/dist-packages/airflow/example_dags/example_dag_decorator.py took 0.927 seconds
[2021-11-29 16:35:31,277] {processor.py:163} INFO - Started process (PID=8549) to work on /usr/local/lib/python3.8/dist-packages/airflow/example_dags/example_dag_decorator.py
[2021-11-29 16:35:31,288] {processor.py:625} INFO - Processing file /usr/local/lib/python3.8/dist-packages/airflow/example_dags/example_dag_decorator.py for tasks to queue
[2021-11-29 16:35:31,288] {logging_mixin.py:109} INFO - [2021-11-29 16:35:31,288] {dagbag.py:500} INFO - Filling up the DagBag from /usr/local/lib/python3.8/dist-packages/airflow/example_dags/example_dag_decorator.py
[2021-11-29 16:35:31,364] {processor.py:637} INFO - DAG(s) dict_keys(['example_dag_decorator']) retrieved from /usr/local/lib/python3.8/dist-packages/airflow/example_dags/example_dag_decorator.py
[2021-11-29 16:35:31,390] {logging_mixin.py:109} WARNING - /usr/local/lib/python3.8/dist-packages/airflow/models/serialized_dag.py:120 SAWarning: TypeDecorator UtcDateTime(timezone=True) will not produce a cache key because the ``cache_ok`` flag is not set to True.  Set this flag to True if this type object's state is safe to use in a cache key, or False to disable this warning.
[2021-11-29 16:35:31,902] {logging_mixin.py:109} INFO - [2021-11-29 16:35:31,902] {dag.py:2396} INFO - Sync 1 DAGs
[2021-11-29 16:35:31,927] {logging_mixin.py:109} WARNING - /usr/local/lib/python3.8/dist-packages/airflow/models/dag.py:2433 SAWarning: TypeDecorator UtcDateTime(timezone=True) will not produce a cache key because the ``cache_ok`` flag is not set to True.  Set this flag to True if this type object's state is safe to use in a cache key, or False to disable this warning.
[2021-11-29 16:35:31,969] {logging_mixin.py:109} INFO - [2021-11-29 16:35:31,968] {dag.py:2928} INFO - Setting next_dagrun for example_dag_decorator to None
[2021-11-29 16:35:32,211] {processor.py:171} INFO - Processing /usr/local/lib/python3.8/dist-packages/airflow/example_dags/example_dag_decorator.py took 0.951 seconds
[2021-11-29 16:36:29,244] {processor.py:163} INFO - Started process (PID=8705) to work on /usr/local/lib/python3.8/dist-packages/airflow/example_dags/example_dag_decorator.py
[2021-11-29 16:36:29,265] {processor.py:625} INFO - Processing file /usr/local/lib/python3.8/dist-packages/airflow/example_dags/example_dag_decorator.py for tasks to queue
[2021-11-29 16:36:29,266] {logging_mixin.py:109} INFO - [2021-11-29 16:36:29,266] {dagbag.py:500} INFO - Filling up the DagBag from /usr/local/lib/python3.8/dist-packages/airflow/example_dags/example_dag_decorator.py
[2021-11-29 16:36:29,322] {processor.py:637} INFO - DAG(s) dict_keys(['example_dag_decorator']) retrieved from /usr/local/lib/python3.8/dist-packages/airflow/example_dags/example_dag_decorator.py
[2021-11-29 16:36:29,340] {logging_mixin.py:109} WARNING - /usr/local/lib/python3.8/dist-packages/airflow/models/serialized_dag.py:120 SAWarning: TypeDecorator UtcDateTime(timezone=True) will not produce a cache key because the ``cache_ok`` flag is not set to True.  Set this flag to True if this type object's state is safe to use in a cache key, or False to disable this warning.
[2021-11-29 16:36:30,054] {logging_mixin.py:109} INFO - [2021-11-29 16:36:30,053] {dag.py:2396} INFO - Sync 1 DAGs
[2021-11-29 16:36:30,070] {logging_mixin.py:109} WARNING - /usr/local/lib/python3.8/dist-packages/airflow/models/dag.py:2433 SAWarning: TypeDecorator UtcDateTime(timezone=True) will not produce a cache key because the ``cache_ok`` flag is not set to True.  Set this flag to True if this type object's state is safe to use in a cache key, or False to disable this warning.
[2021-11-29 16:36:30,087] {logging_mixin.py:109} INFO - [2021-11-29 16:36:30,086] {dag.py:2928} INFO - Setting next_dagrun for example_dag_decorator to None
[2021-11-29 16:36:30,305] {processor.py:171} INFO - Processing /usr/local/lib/python3.8/dist-packages/airflow/example_dags/example_dag_decorator.py took 1.072 seconds
[2021-11-29 16:37:24,484] {processor.py:163} INFO - Started process (PID=8865) to work on /usr/local/lib/python3.8/dist-packages/airflow/example_dags/example_dag_decorator.py
[2021-11-29 16:37:24,558] {processor.py:625} INFO - Processing file /usr/local/lib/python3.8/dist-packages/airflow/example_dags/example_dag_decorator.py for tasks to queue
[2021-11-29 16:37:24,559] {logging_mixin.py:109} INFO - [2021-11-29 16:37:24,558] {dagbag.py:500} INFO - Filling up the DagBag from /usr/local/lib/python3.8/dist-packages/airflow/example_dags/example_dag_decorator.py
[2021-11-29 16:37:24,671] {processor.py:637} INFO - DAG(s) dict_keys(['example_dag_decorator']) retrieved from /usr/local/lib/python3.8/dist-packages/airflow/example_dags/example_dag_decorator.py
[2021-11-29 16:37:24,678] {logging_mixin.py:109} WARNING - /usr/local/lib/python3.8/dist-packages/airflow/models/serialized_dag.py:120 SAWarning: TypeDecorator UtcDateTime(timezone=True) will not produce a cache key because the ``cache_ok`` flag is not set to True.  Set this flag to True if this type object's state is safe to use in a cache key, or False to disable this warning.
[2021-11-29 16:37:25,588] {logging_mixin.py:109} INFO - [2021-11-29 16:37:25,588] {dag.py:2396} INFO - Sync 1 DAGs
[2021-11-29 16:37:25,606] {logging_mixin.py:109} WARNING - /usr/local/lib/python3.8/dist-packages/airflow/models/dag.py:2433 SAWarning: TypeDecorator UtcDateTime(timezone=True) will not produce a cache key because the ``cache_ok`` flag is not set to True.  Set this flag to True if this type object's state is safe to use in a cache key, or False to disable this warning.
[2021-11-29 16:37:25,623] {logging_mixin.py:109} INFO - [2021-11-29 16:37:25,623] {dag.py:2928} INFO - Setting next_dagrun for example_dag_decorator to None
[2021-11-29 16:37:25,875] {processor.py:171} INFO - Processing /usr/local/lib/python3.8/dist-packages/airflow/example_dags/example_dag_decorator.py took 1.397 seconds
[2021-11-29 16:38:20,634] {processor.py:163} INFO - Started process (PID=9032) to work on /usr/local/lib/python3.8/dist-packages/airflow/example_dags/example_dag_decorator.py
[2021-11-29 16:38:20,658] {processor.py:625} INFO - Processing file /usr/local/lib/python3.8/dist-packages/airflow/example_dags/example_dag_decorator.py for tasks to queue
[2021-11-29 16:38:20,659] {logging_mixin.py:109} INFO - [2021-11-29 16:38:20,659] {dagbag.py:500} INFO - Filling up the DagBag from /usr/local/lib/python3.8/dist-packages/airflow/example_dags/example_dag_decorator.py
[2021-11-29 16:38:20,769] {processor.py:637} INFO - DAG(s) dict_keys(['example_dag_decorator']) retrieved from /usr/local/lib/python3.8/dist-packages/airflow/example_dags/example_dag_decorator.py
[2021-11-29 16:38:20,780] {logging_mixin.py:109} WARNING - /usr/local/lib/python3.8/dist-packages/airflow/models/serialized_dag.py:120 SAWarning: TypeDecorator UtcDateTime(timezone=True) will not produce a cache key because the ``cache_ok`` flag is not set to True.  Set this flag to True if this type object's state is safe to use in a cache key, or False to disable this warning.
[2021-11-29 16:38:21,400] {logging_mixin.py:109} INFO - [2021-11-29 16:38:21,400] {dag.py:2396} INFO - Sync 1 DAGs
[2021-11-29 16:38:21,421] {logging_mixin.py:109} WARNING - /usr/local/lib/python3.8/dist-packages/airflow/models/dag.py:2433 SAWarning: TypeDecorator UtcDateTime(timezone=True) will not produce a cache key because the ``cache_ok`` flag is not set to True.  Set this flag to True if this type object's state is safe to use in a cache key, or False to disable this warning.
[2021-11-29 16:38:21,439] {logging_mixin.py:109} INFO - [2021-11-29 16:38:21,439] {dag.py:2928} INFO - Setting next_dagrun for example_dag_decorator to None
[2021-11-29 16:38:21,671] {processor.py:171} INFO - Processing /usr/local/lib/python3.8/dist-packages/airflow/example_dags/example_dag_decorator.py took 1.041 seconds
[2021-11-29 16:39:14,745] {processor.py:163} INFO - Started process (PID=9195) to work on /usr/local/lib/python3.8/dist-packages/airflow/example_dags/example_dag_decorator.py
[2021-11-29 16:39:14,749] {processor.py:625} INFO - Processing file /usr/local/lib/python3.8/dist-packages/airflow/example_dags/example_dag_decorator.py for tasks to queue
[2021-11-29 16:39:14,750] {logging_mixin.py:109} INFO - [2021-11-29 16:39:14,750] {dagbag.py:500} INFO - Filling up the DagBag from /usr/local/lib/python3.8/dist-packages/airflow/example_dags/example_dag_decorator.py
[2021-11-29 16:39:14,847] {processor.py:637} INFO - DAG(s) dict_keys(['example_dag_decorator']) retrieved from /usr/local/lib/python3.8/dist-packages/airflow/example_dags/example_dag_decorator.py
[2021-11-29 16:39:14,867] {logging_mixin.py:109} WARNING - /usr/local/lib/python3.8/dist-packages/airflow/models/serialized_dag.py:120 SAWarning: TypeDecorator UtcDateTime(timezone=True) will not produce a cache key because the ``cache_ok`` flag is not set to True.  Set this flag to True if this type object's state is safe to use in a cache key, or False to disable this warning.
[2021-11-29 16:39:15,377] {logging_mixin.py:109} INFO - [2021-11-29 16:39:15,376] {dag.py:2396} INFO - Sync 1 DAGs
[2021-11-29 16:39:15,399] {logging_mixin.py:109} WARNING - /usr/local/lib/python3.8/dist-packages/airflow/models/dag.py:2433 SAWarning: TypeDecorator UtcDateTime(timezone=True) will not produce a cache key because the ``cache_ok`` flag is not set to True.  Set this flag to True if this type object's state is safe to use in a cache key, or False to disable this warning.
[2021-11-29 16:39:15,422] {logging_mixin.py:109} INFO - [2021-11-29 16:39:15,422] {dag.py:2928} INFO - Setting next_dagrun for example_dag_decorator to None
[2021-11-29 16:39:15,606] {processor.py:171} INFO - Processing /usr/local/lib/python3.8/dist-packages/airflow/example_dags/example_dag_decorator.py took 0.876 seconds
[2021-11-29 16:40:10,236] {processor.py:163} INFO - Started process (PID=9360) to work on /usr/local/lib/python3.8/dist-packages/airflow/example_dags/example_dag_decorator.py
[2021-11-29 16:40:10,262] {processor.py:625} INFO - Processing file /usr/local/lib/python3.8/dist-packages/airflow/example_dags/example_dag_decorator.py for tasks to queue
[2021-11-29 16:40:10,263] {logging_mixin.py:109} INFO - [2021-11-29 16:40:10,263] {dagbag.py:500} INFO - Filling up the DagBag from /usr/local/lib/python3.8/dist-packages/airflow/example_dags/example_dag_decorator.py
[2021-11-29 16:40:10,365] {processor.py:637} INFO - DAG(s) dict_keys(['example_dag_decorator']) retrieved from /usr/local/lib/python3.8/dist-packages/airflow/example_dags/example_dag_decorator.py
[2021-11-29 16:40:10,371] {logging_mixin.py:109} WARNING - /usr/local/lib/python3.8/dist-packages/airflow/models/serialized_dag.py:120 SAWarning: TypeDecorator UtcDateTime(timezone=True) will not produce a cache key because the ``cache_ok`` flag is not set to True.  Set this flag to True if this type object's state is safe to use in a cache key, or False to disable this warning.
[2021-11-29 16:40:10,844] {logging_mixin.py:109} INFO - [2021-11-29 16:40:10,842] {dag.py:2396} INFO - Sync 1 DAGs
[2021-11-29 16:40:10,860] {logging_mixin.py:109} WARNING - /usr/local/lib/python3.8/dist-packages/airflow/models/dag.py:2433 SAWarning: TypeDecorator UtcDateTime(timezone=True) will not produce a cache key because the ``cache_ok`` flag is not set to True.  Set this flag to True if this type object's state is safe to use in a cache key, or False to disable this warning.
[2021-11-29 16:40:10,872] {logging_mixin.py:109} INFO - [2021-11-29 16:40:10,872] {dag.py:2928} INFO - Setting next_dagrun for example_dag_decorator to None
[2021-11-29 16:40:11,164] {processor.py:171} INFO - Processing /usr/local/lib/python3.8/dist-packages/airflow/example_dags/example_dag_decorator.py took 0.943 seconds
[2021-11-29 16:41:06,237] {processor.py:163} INFO - Started process (PID=9525) to work on /usr/local/lib/python3.8/dist-packages/airflow/example_dags/example_dag_decorator.py
[2021-11-29 16:41:06,259] {processor.py:625} INFO - Processing file /usr/local/lib/python3.8/dist-packages/airflow/example_dags/example_dag_decorator.py for tasks to queue
[2021-11-29 16:41:06,265] {logging_mixin.py:109} INFO - [2021-11-29 16:41:06,264] {dagbag.py:500} INFO - Filling up the DagBag from /usr/local/lib/python3.8/dist-packages/airflow/example_dags/example_dag_decorator.py
[2021-11-29 16:41:06,334] {processor.py:637} INFO - DAG(s) dict_keys(['example_dag_decorator']) retrieved from /usr/local/lib/python3.8/dist-packages/airflow/example_dags/example_dag_decorator.py
[2021-11-29 16:41:06,341] {logging_mixin.py:109} WARNING - /usr/local/lib/python3.8/dist-packages/airflow/models/serialized_dag.py:120 SAWarning: TypeDecorator UtcDateTime(timezone=True) will not produce a cache key because the ``cache_ok`` flag is not set to True.  Set this flag to True if this type object's state is safe to use in a cache key, or False to disable this warning.
[2021-11-29 16:41:06,982] {logging_mixin.py:109} INFO - [2021-11-29 16:41:06,981] {dag.py:2396} INFO - Sync 1 DAGs
[2021-11-29 16:41:07,004] {logging_mixin.py:109} WARNING - /usr/local/lib/python3.8/dist-packages/airflow/models/dag.py:2433 SAWarning: TypeDecorator UtcDateTime(timezone=True) will not produce a cache key because the ``cache_ok`` flag is not set to True.  Set this flag to True if this type object's state is safe to use in a cache key, or False to disable this warning.
[2021-11-29 16:41:07,031] {logging_mixin.py:109} INFO - [2021-11-29 16:41:07,031] {dag.py:2928} INFO - Setting next_dagrun for example_dag_decorator to None
[2021-11-29 16:41:07,255] {processor.py:171} INFO - Processing /usr/local/lib/python3.8/dist-packages/airflow/example_dags/example_dag_decorator.py took 1.034 seconds
[2021-11-29 16:42:08,928] {processor.py:163} INFO - Started process (PID=9697) to work on /usr/local/lib/python3.8/dist-packages/airflow/example_dags/example_dag_decorator.py
[2021-11-29 16:42:08,973] {processor.py:625} INFO - Processing file /usr/local/lib/python3.8/dist-packages/airflow/example_dags/example_dag_decorator.py for tasks to queue
[2021-11-29 16:42:08,973] {logging_mixin.py:109} INFO - [2021-11-29 16:42:08,973] {dagbag.py:500} INFO - Filling up the DagBag from /usr/local/lib/python3.8/dist-packages/airflow/example_dags/example_dag_decorator.py
[2021-11-29 16:42:09,028] {processor.py:637} INFO - DAG(s) dict_keys(['example_dag_decorator']) retrieved from /usr/local/lib/python3.8/dist-packages/airflow/example_dags/example_dag_decorator.py
[2021-11-29 16:42:09,038] {logging_mixin.py:109} WARNING - /usr/local/lib/python3.8/dist-packages/airflow/models/serialized_dag.py:120 SAWarning: TypeDecorator UtcDateTime(timezone=True) will not produce a cache key because the ``cache_ok`` flag is not set to True.  Set this flag to True if this type object's state is safe to use in a cache key, or False to disable this warning.
[2021-11-29 16:42:09,580] {logging_mixin.py:109} INFO - [2021-11-29 16:42:09,580] {dag.py:2396} INFO - Sync 1 DAGs
[2021-11-29 16:42:09,598] {logging_mixin.py:109} WARNING - /usr/local/lib/python3.8/dist-packages/airflow/models/dag.py:2433 SAWarning: TypeDecorator UtcDateTime(timezone=True) will not produce a cache key because the ``cache_ok`` flag is not set to True.  Set this flag to True if this type object's state is safe to use in a cache key, or False to disable this warning.
[2021-11-29 16:42:09,612] {logging_mixin.py:109} INFO - [2021-11-29 16:42:09,612] {dag.py:2928} INFO - Setting next_dagrun for example_dag_decorator to None
[2021-11-29 16:42:09,801] {processor.py:171} INFO - Processing /usr/local/lib/python3.8/dist-packages/airflow/example_dags/example_dag_decorator.py took 0.889 seconds
[2021-11-29 16:43:02,585] {processor.py:163} INFO - Started process (PID=9873) to work on /usr/local/lib/python3.8/dist-packages/airflow/example_dags/example_dag_decorator.py
[2021-11-29 16:43:02,614] {processor.py:625} INFO - Processing file /usr/local/lib/python3.8/dist-packages/airflow/example_dags/example_dag_decorator.py for tasks to queue
[2021-11-29 16:43:02,615] {logging_mixin.py:109} INFO - [2021-11-29 16:43:02,615] {dagbag.py:500} INFO - Filling up the DagBag from /usr/local/lib/python3.8/dist-packages/airflow/example_dags/example_dag_decorator.py
[2021-11-29 16:43:02,823] {processor.py:637} INFO - DAG(s) dict_keys(['example_dag_decorator']) retrieved from /usr/local/lib/python3.8/dist-packages/airflow/example_dags/example_dag_decorator.py
[2021-11-29 16:43:02,854] {logging_mixin.py:109} WARNING - /usr/local/lib/python3.8/dist-packages/airflow/models/serialized_dag.py:120 SAWarning: TypeDecorator UtcDateTime(timezone=True) will not produce a cache key because the ``cache_ok`` flag is not set to True.  Set this flag to True if this type object's state is safe to use in a cache key, or False to disable this warning.
[2021-11-29 16:43:03,746] {logging_mixin.py:109} INFO - [2021-11-29 16:43:03,746] {dag.py:2396} INFO - Sync 1 DAGs
[2021-11-29 16:43:03,766] {logging_mixin.py:109} WARNING - /usr/local/lib/python3.8/dist-packages/airflow/models/dag.py:2433 SAWarning: TypeDecorator UtcDateTime(timezone=True) will not produce a cache key because the ``cache_ok`` flag is not set to True.  Set this flag to True if this type object's state is safe to use in a cache key, or False to disable this warning.
[2021-11-29 16:43:03,783] {logging_mixin.py:109} INFO - [2021-11-29 16:43:03,783] {dag.py:2928} INFO - Setting next_dagrun for example_dag_decorator to None
[2021-11-29 16:43:04,056] {processor.py:171} INFO - Processing /usr/local/lib/python3.8/dist-packages/airflow/example_dags/example_dag_decorator.py took 1.486 seconds
[2021-11-29 16:43:56,794] {processor.py:163} INFO - Started process (PID=10032) to work on /usr/local/lib/python3.8/dist-packages/airflow/example_dags/example_dag_decorator.py
[2021-11-29 16:43:56,813] {processor.py:625} INFO - Processing file /usr/local/lib/python3.8/dist-packages/airflow/example_dags/example_dag_decorator.py for tasks to queue
[2021-11-29 16:43:56,813] {logging_mixin.py:109} INFO - [2021-11-29 16:43:56,813] {dagbag.py:500} INFO - Filling up the DagBag from /usr/local/lib/python3.8/dist-packages/airflow/example_dags/example_dag_decorator.py
[2021-11-29 16:43:56,890] {processor.py:637} INFO - DAG(s) dict_keys(['example_dag_decorator']) retrieved from /usr/local/lib/python3.8/dist-packages/airflow/example_dags/example_dag_decorator.py
[2021-11-29 16:43:56,898] {logging_mixin.py:109} WARNING - /usr/local/lib/python3.8/dist-packages/airflow/models/serialized_dag.py:120 SAWarning: TypeDecorator UtcDateTime(timezone=True) will not produce a cache key because the ``cache_ok`` flag is not set to True.  Set this flag to True if this type object's state is safe to use in a cache key, or False to disable this warning.
[2021-11-29 16:43:57,356] {logging_mixin.py:109} INFO - [2021-11-29 16:43:57,356] {dag.py:2396} INFO - Sync 1 DAGs
[2021-11-29 16:43:57,369] {logging_mixin.py:109} WARNING - /usr/local/lib/python3.8/dist-packages/airflow/models/dag.py:2433 SAWarning: TypeDecorator UtcDateTime(timezone=True) will not produce a cache key because the ``cache_ok`` flag is not set to True.  Set this flag to True if this type object's state is safe to use in a cache key, or False to disable this warning.
[2021-11-29 16:43:57,382] {logging_mixin.py:109} INFO - [2021-11-29 16:43:57,381] {dag.py:2928} INFO - Setting next_dagrun for example_dag_decorator to None
[2021-11-29 16:43:57,635] {processor.py:171} INFO - Processing /usr/local/lib/python3.8/dist-packages/airflow/example_dags/example_dag_decorator.py took 0.845 seconds
[2021-11-29 16:44:54,277] {processor.py:163} INFO - Started process (PID=10200) to work on /usr/local/lib/python3.8/dist-packages/airflow/example_dags/example_dag_decorator.py
[2021-11-29 16:44:54,282] {processor.py:625} INFO - Processing file /usr/local/lib/python3.8/dist-packages/airflow/example_dags/example_dag_decorator.py for tasks to queue
[2021-11-29 16:44:54,283] {logging_mixin.py:109} INFO - [2021-11-29 16:44:54,283] {dagbag.py:500} INFO - Filling up the DagBag from /usr/local/lib/python3.8/dist-packages/airflow/example_dags/example_dag_decorator.py
[2021-11-29 16:44:54,339] {processor.py:637} INFO - DAG(s) dict_keys(['example_dag_decorator']) retrieved from /usr/local/lib/python3.8/dist-packages/airflow/example_dags/example_dag_decorator.py
[2021-11-29 16:44:54,349] {logging_mixin.py:109} WARNING - /usr/local/lib/python3.8/dist-packages/airflow/models/serialized_dag.py:120 SAWarning: TypeDecorator UtcDateTime(timezone=True) will not produce a cache key because the ``cache_ok`` flag is not set to True.  Set this flag to True if this type object's state is safe to use in a cache key, or False to disable this warning.
[2021-11-29 16:44:54,839] {logging_mixin.py:109} INFO - [2021-11-29 16:44:54,839] {dag.py:2396} INFO - Sync 1 DAGs
[2021-11-29 16:44:54,865] {logging_mixin.py:109} WARNING - /usr/local/lib/python3.8/dist-packages/airflow/models/dag.py:2433 SAWarning: TypeDecorator UtcDateTime(timezone=True) will not produce a cache key because the ``cache_ok`` flag is not set to True.  Set this flag to True if this type object's state is safe to use in a cache key, or False to disable this warning.
[2021-11-29 16:44:54,880] {logging_mixin.py:109} INFO - [2021-11-29 16:44:54,880] {dag.py:2928} INFO - Setting next_dagrun for example_dag_decorator to None
[2021-11-29 16:44:55,105] {processor.py:171} INFO - Processing /usr/local/lib/python3.8/dist-packages/airflow/example_dags/example_dag_decorator.py took 0.845 seconds
[2021-11-29 16:45:50,066] {processor.py:163} INFO - Started process (PID=10369) to work on /usr/local/lib/python3.8/dist-packages/airflow/example_dags/example_dag_decorator.py
[2021-11-29 16:45:50,087] {processor.py:625} INFO - Processing file /usr/local/lib/python3.8/dist-packages/airflow/example_dags/example_dag_decorator.py for tasks to queue
[2021-11-29 16:45:50,088] {logging_mixin.py:109} INFO - [2021-11-29 16:45:50,088] {dagbag.py:500} INFO - Filling up the DagBag from /usr/local/lib/python3.8/dist-packages/airflow/example_dags/example_dag_decorator.py
[2021-11-29 16:45:50,191] {processor.py:637} INFO - DAG(s) dict_keys(['example_dag_decorator']) retrieved from /usr/local/lib/python3.8/dist-packages/airflow/example_dags/example_dag_decorator.py
[2021-11-29 16:45:50,218] {logging_mixin.py:109} WARNING - /usr/local/lib/python3.8/dist-packages/airflow/models/serialized_dag.py:120 SAWarning: TypeDecorator UtcDateTime(timezone=True) will not produce a cache key because the ``cache_ok`` flag is not set to True.  Set this flag to True if this type object's state is safe to use in a cache key, or False to disable this warning.
[2021-11-29 16:45:50,982] {logging_mixin.py:109} INFO - [2021-11-29 16:45:50,982] {dag.py:2396} INFO - Sync 1 DAGs
[2021-11-29 16:45:51,008] {logging_mixin.py:109} WARNING - /usr/local/lib/python3.8/dist-packages/airflow/models/dag.py:2433 SAWarning: TypeDecorator UtcDateTime(timezone=True) will not produce a cache key because the ``cache_ok`` flag is not set to True.  Set this flag to True if this type object's state is safe to use in a cache key, or False to disable this warning.
[2021-11-29 16:45:51,027] {logging_mixin.py:109} INFO - [2021-11-29 16:45:51,027] {dag.py:2928} INFO - Setting next_dagrun for example_dag_decorator to None
[2021-11-29 16:45:51,711] {processor.py:171} INFO - Processing /usr/local/lib/python3.8/dist-packages/airflow/example_dags/example_dag_decorator.py took 1.661 seconds
[2021-11-29 16:46:45,234] {processor.py:163} INFO - Started process (PID=10552) to work on /usr/local/lib/python3.8/dist-packages/airflow/example_dags/example_dag_decorator.py
[2021-11-29 16:46:45,249] {processor.py:625} INFO - Processing file /usr/local/lib/python3.8/dist-packages/airflow/example_dags/example_dag_decorator.py for tasks to queue
[2021-11-29 16:46:45,250] {logging_mixin.py:109} INFO - [2021-11-29 16:46:45,250] {dagbag.py:500} INFO - Filling up the DagBag from /usr/local/lib/python3.8/dist-packages/airflow/example_dags/example_dag_decorator.py
[2021-11-29 16:46:45,319] {processor.py:637} INFO - DAG(s) dict_keys(['example_dag_decorator']) retrieved from /usr/local/lib/python3.8/dist-packages/airflow/example_dags/example_dag_decorator.py
[2021-11-29 16:46:45,335] {logging_mixin.py:109} WARNING - /usr/local/lib/python3.8/dist-packages/airflow/models/serialized_dag.py:120 SAWarning: TypeDecorator UtcDateTime(timezone=True) will not produce a cache key because the ``cache_ok`` flag is not set to True.  Set this flag to True if this type object's state is safe to use in a cache key, or False to disable this warning.
[2021-11-29 16:46:45,780] {logging_mixin.py:109} INFO - [2021-11-29 16:46:45,780] {dag.py:2396} INFO - Sync 1 DAGs
[2021-11-29 16:46:45,792] {logging_mixin.py:109} WARNING - /usr/local/lib/python3.8/dist-packages/airflow/models/dag.py:2433 SAWarning: TypeDecorator UtcDateTime(timezone=True) will not produce a cache key because the ``cache_ok`` flag is not set to True.  Set this flag to True if this type object's state is safe to use in a cache key, or False to disable this warning.
[2021-11-29 16:46:45,802] {logging_mixin.py:109} INFO - [2021-11-29 16:46:45,802] {dag.py:2928} INFO - Setting next_dagrun for example_dag_decorator to None
[2021-11-29 16:46:46,086] {processor.py:171} INFO - Processing /usr/local/lib/python3.8/dist-packages/airflow/example_dags/example_dag_decorator.py took 0.856 seconds
