[2021-11-29 16:15:12,730] {processor.py:163} INFO - Started process (PID=4927) to work on /usr/local/lib/python3.8/dist-packages/airflow/example_dags/example_time_delta_sensor_async.py
[2021-11-29 16:15:12,731] {processor.py:625} INFO - Processing file /usr/local/lib/python3.8/dist-packages/airflow/example_dags/example_time_delta_sensor_async.py for tasks to queue
[2021-11-29 16:15:12,733] {logging_mixin.py:109} INFO - [2021-11-29 16:15:12,732] {dagbag.py:500} INFO - Filling up the DagBag from /usr/local/lib/python3.8/dist-packages/airflow/example_dags/example_time_delta_sensor_async.py
[2021-11-29 16:15:12,828] {processor.py:637} INFO - DAG(s) dict_keys(['example_time_delta_sensor_async']) retrieved from /usr/local/lib/python3.8/dist-packages/airflow/example_dags/example_time_delta_sensor_async.py
[2021-11-29 16:15:12,835] {logging_mixin.py:109} WARNING - /usr/local/lib/python3.8/dist-packages/airflow/models/serialized_dag.py:120 SAWarning: TypeDecorator UtcDateTime(timezone=True) will not produce a cache key because the ``cache_ok`` flag is not set to True.  Set this flag to True if this type object's state is safe to use in a cache key, or False to disable this warning.
[2021-11-29 16:15:12,849] {logging_mixin.py:109} INFO - [2021-11-29 16:15:12,849] {dag.py:2396} INFO - Sync 1 DAGs
[2021-11-29 16:15:12,872] {logging_mixin.py:109} WARNING - /usr/local/lib/python3.8/dist-packages/airflow/models/dag.py:2433 SAWarning: TypeDecorator UtcDateTime(timezone=True) will not produce a cache key because the ``cache_ok`` flag is not set to True.  Set this flag to True if this type object's state is safe to use in a cache key, or False to disable this warning.
[2021-11-29 16:15:12,889] {logging_mixin.py:109} INFO - [2021-11-29 16:15:12,889] {dag.py:2928} INFO - Setting next_dagrun for example_time_delta_sensor_async to None
[2021-11-29 16:15:13,399] {processor.py:171} INFO - Processing /usr/local/lib/python3.8/dist-packages/airflow/example_dags/example_time_delta_sensor_async.py took 0.687 seconds
[2021-11-29 16:16:20,210] {processor.py:163} INFO - Started process (PID=5108) to work on /usr/local/lib/python3.8/dist-packages/airflow/example_dags/example_time_delta_sensor_async.py
[2021-11-29 16:16:20,223] {processor.py:625} INFO - Processing file /usr/local/lib/python3.8/dist-packages/airflow/example_dags/example_time_delta_sensor_async.py for tasks to queue
[2021-11-29 16:16:20,225] {logging_mixin.py:109} INFO - [2021-11-29 16:16:20,224] {dagbag.py:500} INFO - Filling up the DagBag from /usr/local/lib/python3.8/dist-packages/airflow/example_dags/example_time_delta_sensor_async.py
[2021-11-29 16:16:20,291] {processor.py:637} INFO - DAG(s) dict_keys(['example_time_delta_sensor_async']) retrieved from /usr/local/lib/python3.8/dist-packages/airflow/example_dags/example_time_delta_sensor_async.py
[2021-11-29 16:16:20,308] {logging_mixin.py:109} WARNING - /usr/local/lib/python3.8/dist-packages/airflow/models/serialized_dag.py:120 SAWarning: TypeDecorator UtcDateTime(timezone=True) will not produce a cache key because the ``cache_ok`` flag is not set to True.  Set this flag to True if this type object's state is safe to use in a cache key, or False to disable this warning.
[2021-11-29 16:16:20,335] {logging_mixin.py:109} INFO - [2021-11-29 16:16:20,335] {dag.py:2396} INFO - Sync 1 DAGs
[2021-11-29 16:16:20,353] {logging_mixin.py:109} WARNING - /usr/local/lib/python3.8/dist-packages/airflow/models/dag.py:2433 SAWarning: TypeDecorator UtcDateTime(timezone=True) will not produce a cache key because the ``cache_ok`` flag is not set to True.  Set this flag to True if this type object's state is safe to use in a cache key, or False to disable this warning.
[2021-11-29 16:16:20,366] {logging_mixin.py:109} INFO - [2021-11-29 16:16:20,366] {dag.py:2928} INFO - Setting next_dagrun for example_time_delta_sensor_async to None
[2021-11-29 16:16:20,544] {processor.py:171} INFO - Processing /usr/local/lib/python3.8/dist-packages/airflow/example_dags/example_time_delta_sensor_async.py took 0.352 seconds
[2021-11-29 16:17:16,209] {processor.py:163} INFO - Started process (PID=5288) to work on /usr/local/lib/python3.8/dist-packages/airflow/example_dags/example_time_delta_sensor_async.py
[2021-11-29 16:17:16,249] {processor.py:625} INFO - Processing file /usr/local/lib/python3.8/dist-packages/airflow/example_dags/example_time_delta_sensor_async.py for tasks to queue
[2021-11-29 16:17:16,250] {logging_mixin.py:109} INFO - [2021-11-29 16:17:16,250] {dagbag.py:500} INFO - Filling up the DagBag from /usr/local/lib/python3.8/dist-packages/airflow/example_dags/example_time_delta_sensor_async.py
[2021-11-29 16:17:16,296] {processor.py:637} INFO - DAG(s) dict_keys(['example_time_delta_sensor_async']) retrieved from /usr/local/lib/python3.8/dist-packages/airflow/example_dags/example_time_delta_sensor_async.py
[2021-11-29 16:17:16,308] {logging_mixin.py:109} WARNING - /usr/local/lib/python3.8/dist-packages/airflow/models/serialized_dag.py:120 SAWarning: TypeDecorator UtcDateTime(timezone=True) will not produce a cache key because the ``cache_ok`` flag is not set to True.  Set this flag to True if this type object's state is safe to use in a cache key, or False to disable this warning.
[2021-11-29 16:17:16,326] {logging_mixin.py:109} INFO - [2021-11-29 16:17:16,326] {dag.py:2396} INFO - Sync 1 DAGs
[2021-11-29 16:17:16,345] {logging_mixin.py:109} WARNING - /usr/local/lib/python3.8/dist-packages/airflow/models/dag.py:2433 SAWarning: TypeDecorator UtcDateTime(timezone=True) will not produce a cache key because the ``cache_ok`` flag is not set to True.  Set this flag to True if this type object's state is safe to use in a cache key, or False to disable this warning.
[2021-11-29 16:17:16,357] {logging_mixin.py:109} INFO - [2021-11-29 16:17:16,357] {dag.py:2928} INFO - Setting next_dagrun for example_time_delta_sensor_async to None
[2021-11-29 16:17:16,552] {processor.py:171} INFO - Processing /usr/local/lib/python3.8/dist-packages/airflow/example_dags/example_time_delta_sensor_async.py took 0.370 seconds
[2021-11-29 16:18:10,961] {processor.py:163} INFO - Started process (PID=5460) to work on /usr/local/lib/python3.8/dist-packages/airflow/example_dags/example_time_delta_sensor_async.py
[2021-11-29 16:18:11,000] {processor.py:625} INFO - Processing file /usr/local/lib/python3.8/dist-packages/airflow/example_dags/example_time_delta_sensor_async.py for tasks to queue
[2021-11-29 16:18:11,001] {logging_mixin.py:109} INFO - [2021-11-29 16:18:11,000] {dagbag.py:500} INFO - Filling up the DagBag from /usr/local/lib/python3.8/dist-packages/airflow/example_dags/example_time_delta_sensor_async.py
[2021-11-29 16:18:11,068] {processor.py:637} INFO - DAG(s) dict_keys(['example_time_delta_sensor_async']) retrieved from /usr/local/lib/python3.8/dist-packages/airflow/example_dags/example_time_delta_sensor_async.py
[2021-11-29 16:18:11,095] {logging_mixin.py:109} WARNING - /usr/local/lib/python3.8/dist-packages/airflow/models/serialized_dag.py:120 SAWarning: TypeDecorator UtcDateTime(timezone=True) will not produce a cache key because the ``cache_ok`` flag is not set to True.  Set this flag to True if this type object's state is safe to use in a cache key, or False to disable this warning.
[2021-11-29 16:18:11,117] {logging_mixin.py:109} INFO - [2021-11-29 16:18:11,117] {dag.py:2396} INFO - Sync 1 DAGs
[2021-11-29 16:18:11,144] {logging_mixin.py:109} WARNING - /usr/local/lib/python3.8/dist-packages/airflow/models/dag.py:2433 SAWarning: TypeDecorator UtcDateTime(timezone=True) will not produce a cache key because the ``cache_ok`` flag is not set to True.  Set this flag to True if this type object's state is safe to use in a cache key, or False to disable this warning.
[2021-11-29 16:18:11,176] {logging_mixin.py:109} INFO - [2021-11-29 16:18:11,175] {dag.py:2928} INFO - Setting next_dagrun for example_time_delta_sensor_async to None
[2021-11-29 16:18:11,486] {processor.py:171} INFO - Processing /usr/local/lib/python3.8/dist-packages/airflow/example_dags/example_time_delta_sensor_async.py took 0.536 seconds
[2021-11-29 16:19:08,519] {processor.py:163} INFO - Started process (PID=5624) to work on /usr/local/lib/python3.8/dist-packages/airflow/example_dags/example_time_delta_sensor_async.py
[2021-11-29 16:19:08,568] {processor.py:625} INFO - Processing file /usr/local/lib/python3.8/dist-packages/airflow/example_dags/example_time_delta_sensor_async.py for tasks to queue
[2021-11-29 16:19:08,569] {logging_mixin.py:109} INFO - [2021-11-29 16:19:08,569] {dagbag.py:500} INFO - Filling up the DagBag from /usr/local/lib/python3.8/dist-packages/airflow/example_dags/example_time_delta_sensor_async.py
[2021-11-29 16:19:08,641] {processor.py:637} INFO - DAG(s) dict_keys(['example_time_delta_sensor_async']) retrieved from /usr/local/lib/python3.8/dist-packages/airflow/example_dags/example_time_delta_sensor_async.py
[2021-11-29 16:19:08,658] {logging_mixin.py:109} WARNING - /usr/local/lib/python3.8/dist-packages/airflow/models/serialized_dag.py:120 SAWarning: TypeDecorator UtcDateTime(timezone=True) will not produce a cache key because the ``cache_ok`` flag is not set to True.  Set this flag to True if this type object's state is safe to use in a cache key, or False to disable this warning.
[2021-11-29 16:19:08,698] {logging_mixin.py:109} INFO - [2021-11-29 16:19:08,697] {dag.py:2396} INFO - Sync 1 DAGs
[2021-11-29 16:19:08,748] {logging_mixin.py:109} WARNING - /usr/local/lib/python3.8/dist-packages/airflow/models/dag.py:2433 SAWarning: TypeDecorator UtcDateTime(timezone=True) will not produce a cache key because the ``cache_ok`` flag is not set to True.  Set this flag to True if this type object's state is safe to use in a cache key, or False to disable this warning.
[2021-11-29 16:19:08,773] {logging_mixin.py:109} INFO - [2021-11-29 16:19:08,772] {dag.py:2928} INFO - Setting next_dagrun for example_time_delta_sensor_async to None
[2021-11-29 16:19:09,084] {processor.py:171} INFO - Processing /usr/local/lib/python3.8/dist-packages/airflow/example_dags/example_time_delta_sensor_async.py took 0.583 seconds
[2021-11-29 16:20:06,058] {processor.py:163} INFO - Started process (PID=5800) to work on /usr/local/lib/python3.8/dist-packages/airflow/example_dags/example_time_delta_sensor_async.py
[2021-11-29 16:20:06,085] {processor.py:625} INFO - Processing file /usr/local/lib/python3.8/dist-packages/airflow/example_dags/example_time_delta_sensor_async.py for tasks to queue
[2021-11-29 16:20:06,086] {logging_mixin.py:109} INFO - [2021-11-29 16:20:06,086] {dagbag.py:500} INFO - Filling up the DagBag from /usr/local/lib/python3.8/dist-packages/airflow/example_dags/example_time_delta_sensor_async.py
[2021-11-29 16:20:06,147] {processor.py:637} INFO - DAG(s) dict_keys(['example_time_delta_sensor_async']) retrieved from /usr/local/lib/python3.8/dist-packages/airflow/example_dags/example_time_delta_sensor_async.py
[2021-11-29 16:20:06,154] {logging_mixin.py:109} WARNING - /usr/local/lib/python3.8/dist-packages/airflow/models/serialized_dag.py:120 SAWarning: TypeDecorator UtcDateTime(timezone=True) will not produce a cache key because the ``cache_ok`` flag is not set to True.  Set this flag to True if this type object's state is safe to use in a cache key, or False to disable this warning.
[2021-11-29 16:20:06,194] {logging_mixin.py:109} INFO - [2021-11-29 16:20:06,193] {dag.py:2396} INFO - Sync 1 DAGs
[2021-11-29 16:20:06,245] {logging_mixin.py:109} WARNING - /usr/local/lib/python3.8/dist-packages/airflow/models/dag.py:2433 SAWarning: TypeDecorator UtcDateTime(timezone=True) will not produce a cache key because the ``cache_ok`` flag is not set to True.  Set this flag to True if this type object's state is safe to use in a cache key, or False to disable this warning.
[2021-11-29 16:20:06,278] {logging_mixin.py:109} INFO - [2021-11-29 16:20:06,278] {dag.py:2928} INFO - Setting next_dagrun for example_time_delta_sensor_async to None
[2021-11-29 16:20:06,509] {processor.py:171} INFO - Processing /usr/local/lib/python3.8/dist-packages/airflow/example_dags/example_time_delta_sensor_async.py took 0.468 seconds
[2021-11-29 16:20:57,367] {processor.py:163} INFO - Started process (PID=5966) to work on /usr/local/lib/python3.8/dist-packages/airflow/example_dags/example_time_delta_sensor_async.py
[2021-11-29 16:20:57,375] {processor.py:625} INFO - Processing file /usr/local/lib/python3.8/dist-packages/airflow/example_dags/example_time_delta_sensor_async.py for tasks to queue
[2021-11-29 16:20:57,376] {logging_mixin.py:109} INFO - [2021-11-29 16:20:57,376] {dagbag.py:500} INFO - Filling up the DagBag from /usr/local/lib/python3.8/dist-packages/airflow/example_dags/example_time_delta_sensor_async.py
[2021-11-29 16:20:57,449] {processor.py:637} INFO - DAG(s) dict_keys(['example_time_delta_sensor_async']) retrieved from /usr/local/lib/python3.8/dist-packages/airflow/example_dags/example_time_delta_sensor_async.py
[2021-11-29 16:20:57,469] {logging_mixin.py:109} WARNING - /usr/local/lib/python3.8/dist-packages/airflow/models/serialized_dag.py:120 SAWarning: TypeDecorator UtcDateTime(timezone=True) will not produce a cache key because the ``cache_ok`` flag is not set to True.  Set this flag to True if this type object's state is safe to use in a cache key, or False to disable this warning.
[2021-11-29 16:20:57,502] {logging_mixin.py:109} INFO - [2021-11-29 16:20:57,502] {dag.py:2396} INFO - Sync 1 DAGs
[2021-11-29 16:20:57,532] {logging_mixin.py:109} WARNING - /usr/local/lib/python3.8/dist-packages/airflow/models/dag.py:2433 SAWarning: TypeDecorator UtcDateTime(timezone=True) will not produce a cache key because the ``cache_ok`` flag is not set to True.  Set this flag to True if this type object's state is safe to use in a cache key, or False to disable this warning.
[2021-11-29 16:20:57,565] {logging_mixin.py:109} INFO - [2021-11-29 16:20:57,565] {dag.py:2928} INFO - Setting next_dagrun for example_time_delta_sensor_async to None
[2021-11-29 16:20:57,770] {processor.py:171} INFO - Processing /usr/local/lib/python3.8/dist-packages/airflow/example_dags/example_time_delta_sensor_async.py took 0.418 seconds
[2021-11-29 16:21:51,855] {processor.py:163} INFO - Started process (PID=6135) to work on /usr/local/lib/python3.8/dist-packages/airflow/example_dags/example_time_delta_sensor_async.py
[2021-11-29 16:21:51,888] {processor.py:625} INFO - Processing file /usr/local/lib/python3.8/dist-packages/airflow/example_dags/example_time_delta_sensor_async.py for tasks to queue
[2021-11-29 16:21:51,889] {logging_mixin.py:109} INFO - [2021-11-29 16:21:51,889] {dagbag.py:500} INFO - Filling up the DagBag from /usr/local/lib/python3.8/dist-packages/airflow/example_dags/example_time_delta_sensor_async.py
[2021-11-29 16:21:51,929] {processor.py:637} INFO - DAG(s) dict_keys(['example_time_delta_sensor_async']) retrieved from /usr/local/lib/python3.8/dist-packages/airflow/example_dags/example_time_delta_sensor_async.py
[2021-11-29 16:21:51,939] {logging_mixin.py:109} WARNING - /usr/local/lib/python3.8/dist-packages/airflow/models/serialized_dag.py:120 SAWarning: TypeDecorator UtcDateTime(timezone=True) will not produce a cache key because the ``cache_ok`` flag is not set to True.  Set this flag to True if this type object's state is safe to use in a cache key, or False to disable this warning.
[2021-11-29 16:21:51,951] {logging_mixin.py:109} INFO - [2021-11-29 16:21:51,951] {dag.py:2396} INFO - Sync 1 DAGs
[2021-11-29 16:21:51,970] {logging_mixin.py:109} WARNING - /usr/local/lib/python3.8/dist-packages/airflow/models/dag.py:2433 SAWarning: TypeDecorator UtcDateTime(timezone=True) will not produce a cache key because the ``cache_ok`` flag is not set to True.  Set this flag to True if this type object's state is safe to use in a cache key, or False to disable this warning.
[2021-11-29 16:21:51,982] {logging_mixin.py:109} INFO - [2021-11-29 16:21:51,982] {dag.py:2928} INFO - Setting next_dagrun for example_time_delta_sensor_async to None
[2021-11-29 16:21:52,190] {processor.py:171} INFO - Processing /usr/local/lib/python3.8/dist-packages/airflow/example_dags/example_time_delta_sensor_async.py took 0.350 seconds
[2021-11-29 16:22:51,697] {processor.py:163} INFO - Started process (PID=6322) to work on /usr/local/lib/python3.8/dist-packages/airflow/example_dags/example_time_delta_sensor_async.py
[2021-11-29 16:22:51,734] {processor.py:625} INFO - Processing file /usr/local/lib/python3.8/dist-packages/airflow/example_dags/example_time_delta_sensor_async.py for tasks to queue
[2021-11-29 16:22:51,736] {logging_mixin.py:109} INFO - [2021-11-29 16:22:51,736] {dagbag.py:500} INFO - Filling up the DagBag from /usr/local/lib/python3.8/dist-packages/airflow/example_dags/example_time_delta_sensor_async.py
[2021-11-29 16:22:51,803] {processor.py:637} INFO - DAG(s) dict_keys(['example_time_delta_sensor_async']) retrieved from /usr/local/lib/python3.8/dist-packages/airflow/example_dags/example_time_delta_sensor_async.py
[2021-11-29 16:22:51,819] {logging_mixin.py:109} WARNING - /usr/local/lib/python3.8/dist-packages/airflow/models/serialized_dag.py:120 SAWarning: TypeDecorator UtcDateTime(timezone=True) will not produce a cache key because the ``cache_ok`` flag is not set to True.  Set this flag to True if this type object's state is safe to use in a cache key, or False to disable this warning.
[2021-11-29 16:22:51,861] {logging_mixin.py:109} INFO - [2021-11-29 16:22:51,861] {dag.py:2396} INFO - Sync 1 DAGs
[2021-11-29 16:22:51,900] {logging_mixin.py:109} WARNING - /usr/local/lib/python3.8/dist-packages/airflow/models/dag.py:2433 SAWarning: TypeDecorator UtcDateTime(timezone=True) will not produce a cache key because the ``cache_ok`` flag is not set to True.  Set this flag to True if this type object's state is safe to use in a cache key, or False to disable this warning.
[2021-11-29 16:22:51,938] {logging_mixin.py:109} INFO - [2021-11-29 16:22:51,938] {dag.py:2928} INFO - Setting next_dagrun for example_time_delta_sensor_async to None
[2021-11-29 16:22:52,116] {processor.py:171} INFO - Processing /usr/local/lib/python3.8/dist-packages/airflow/example_dags/example_time_delta_sensor_async.py took 0.434 seconds
[2021-11-29 16:23:44,804] {processor.py:163} INFO - Started process (PID=6491) to work on /usr/local/lib/python3.8/dist-packages/airflow/example_dags/example_time_delta_sensor_async.py
[2021-11-29 16:23:44,818] {processor.py:625} INFO - Processing file /usr/local/lib/python3.8/dist-packages/airflow/example_dags/example_time_delta_sensor_async.py for tasks to queue
[2021-11-29 16:23:44,819] {logging_mixin.py:109} INFO - [2021-11-29 16:23:44,819] {dagbag.py:500} INFO - Filling up the DagBag from /usr/local/lib/python3.8/dist-packages/airflow/example_dags/example_time_delta_sensor_async.py
[2021-11-29 16:23:44,853] {processor.py:637} INFO - DAG(s) dict_keys(['example_time_delta_sensor_async']) retrieved from /usr/local/lib/python3.8/dist-packages/airflow/example_dags/example_time_delta_sensor_async.py
[2021-11-29 16:23:44,859] {logging_mixin.py:109} WARNING - /usr/local/lib/python3.8/dist-packages/airflow/models/serialized_dag.py:120 SAWarning: TypeDecorator UtcDateTime(timezone=True) will not produce a cache key because the ``cache_ok`` flag is not set to True.  Set this flag to True if this type object's state is safe to use in a cache key, or False to disable this warning.
[2021-11-29 16:23:44,874] {logging_mixin.py:109} INFO - [2021-11-29 16:23:44,874] {dag.py:2396} INFO - Sync 1 DAGs
[2021-11-29 16:23:44,895] {logging_mixin.py:109} WARNING - /usr/local/lib/python3.8/dist-packages/airflow/models/dag.py:2433 SAWarning: TypeDecorator UtcDateTime(timezone=True) will not produce a cache key because the ``cache_ok`` flag is not set to True.  Set this flag to True if this type object's state is safe to use in a cache key, or False to disable this warning.
[2021-11-29 16:23:44,912] {logging_mixin.py:109} INFO - [2021-11-29 16:23:44,912] {dag.py:2928} INFO - Setting next_dagrun for example_time_delta_sensor_async to None
[2021-11-29 16:23:45,116] {processor.py:171} INFO - Processing /usr/local/lib/python3.8/dist-packages/airflow/example_dags/example_time_delta_sensor_async.py took 0.316 seconds
[2021-11-29 16:24:46,037] {processor.py:163} INFO - Started process (PID=6651) to work on /usr/local/lib/python3.8/dist-packages/airflow/example_dags/example_time_delta_sensor_async.py
[2021-11-29 16:24:46,057] {processor.py:625} INFO - Processing file /usr/local/lib/python3.8/dist-packages/airflow/example_dags/example_time_delta_sensor_async.py for tasks to queue
[2021-11-29 16:24:46,059] {logging_mixin.py:109} INFO - [2021-11-29 16:24:46,058] {dagbag.py:500} INFO - Filling up the DagBag from /usr/local/lib/python3.8/dist-packages/airflow/example_dags/example_time_delta_sensor_async.py
[2021-11-29 16:24:46,162] {processor.py:637} INFO - DAG(s) dict_keys(['example_time_delta_sensor_async']) retrieved from /usr/local/lib/python3.8/dist-packages/airflow/example_dags/example_time_delta_sensor_async.py
[2021-11-29 16:24:46,169] {logging_mixin.py:109} WARNING - /usr/local/lib/python3.8/dist-packages/airflow/models/serialized_dag.py:120 SAWarning: TypeDecorator UtcDateTime(timezone=True) will not produce a cache key because the ``cache_ok`` flag is not set to True.  Set this flag to True if this type object's state is safe to use in a cache key, or False to disable this warning.
[2021-11-29 16:24:46,227] {logging_mixin.py:109} INFO - [2021-11-29 16:24:46,227] {dag.py:2396} INFO - Sync 1 DAGs
[2021-11-29 16:24:46,259] {logging_mixin.py:109} WARNING - /usr/local/lib/python3.8/dist-packages/airflow/models/dag.py:2433 SAWarning: TypeDecorator UtcDateTime(timezone=True) will not produce a cache key because the ``cache_ok`` flag is not set to True.  Set this flag to True if this type object's state is safe to use in a cache key, or False to disable this warning.
[2021-11-29 16:24:46,296] {logging_mixin.py:109} INFO - [2021-11-29 16:24:46,296] {dag.py:2928} INFO - Setting next_dagrun for example_time_delta_sensor_async to None
[2021-11-29 16:24:46,917] {processor.py:171} INFO - Processing /usr/local/lib/python3.8/dist-packages/airflow/example_dags/example_time_delta_sensor_async.py took 0.905 seconds
[2021-11-29 16:25:44,104] {processor.py:163} INFO - Started process (PID=6826) to work on /usr/local/lib/python3.8/dist-packages/airflow/example_dags/example_time_delta_sensor_async.py
[2021-11-29 16:25:44,113] {processor.py:625} INFO - Processing file /usr/local/lib/python3.8/dist-packages/airflow/example_dags/example_time_delta_sensor_async.py for tasks to queue
[2021-11-29 16:25:44,114] {logging_mixin.py:109} INFO - [2021-11-29 16:25:44,114] {dagbag.py:500} INFO - Filling up the DagBag from /usr/local/lib/python3.8/dist-packages/airflow/example_dags/example_time_delta_sensor_async.py
[2021-11-29 16:25:44,175] {processor.py:637} INFO - DAG(s) dict_keys(['example_time_delta_sensor_async']) retrieved from /usr/local/lib/python3.8/dist-packages/airflow/example_dags/example_time_delta_sensor_async.py
[2021-11-29 16:25:44,200] {logging_mixin.py:109} WARNING - /usr/local/lib/python3.8/dist-packages/airflow/models/serialized_dag.py:120 SAWarning: TypeDecorator UtcDateTime(timezone=True) will not produce a cache key because the ``cache_ok`` flag is not set to True.  Set this flag to True if this type object's state is safe to use in a cache key, or False to disable this warning.
[2021-11-29 16:25:44,236] {logging_mixin.py:109} INFO - [2021-11-29 16:25:44,236] {dag.py:2396} INFO - Sync 1 DAGs
[2021-11-29 16:25:44,263] {logging_mixin.py:109} WARNING - /usr/local/lib/python3.8/dist-packages/airflow/models/dag.py:2433 SAWarning: TypeDecorator UtcDateTime(timezone=True) will not produce a cache key because the ``cache_ok`` flag is not set to True.  Set this flag to True if this type object's state is safe to use in a cache key, or False to disable this warning.
[2021-11-29 16:25:44,306] {logging_mixin.py:109} INFO - [2021-11-29 16:25:44,306] {dag.py:2928} INFO - Setting next_dagrun for example_time_delta_sensor_async to None
[2021-11-29 16:25:44,473] {processor.py:171} INFO - Processing /usr/local/lib/python3.8/dist-packages/airflow/example_dags/example_time_delta_sensor_async.py took 0.374 seconds
[2021-11-29 16:26:38,396] {processor.py:163} INFO - Started process (PID=6994) to work on /usr/local/lib/python3.8/dist-packages/airflow/example_dags/example_time_delta_sensor_async.py
[2021-11-29 16:26:38,405] {processor.py:625} INFO - Processing file /usr/local/lib/python3.8/dist-packages/airflow/example_dags/example_time_delta_sensor_async.py for tasks to queue
[2021-11-29 16:26:38,410] {logging_mixin.py:109} INFO - [2021-11-29 16:26:38,410] {dagbag.py:500} INFO - Filling up the DagBag from /usr/local/lib/python3.8/dist-packages/airflow/example_dags/example_time_delta_sensor_async.py
[2021-11-29 16:26:38,474] {processor.py:637} INFO - DAG(s) dict_keys(['example_time_delta_sensor_async']) retrieved from /usr/local/lib/python3.8/dist-packages/airflow/example_dags/example_time_delta_sensor_async.py
[2021-11-29 16:26:38,481] {logging_mixin.py:109} WARNING - /usr/local/lib/python3.8/dist-packages/airflow/models/serialized_dag.py:120 SAWarning: TypeDecorator UtcDateTime(timezone=True) will not produce a cache key because the ``cache_ok`` flag is not set to True.  Set this flag to True if this type object's state is safe to use in a cache key, or False to disable this warning.
[2021-11-29 16:26:38,498] {logging_mixin.py:109} INFO - [2021-11-29 16:26:38,498] {dag.py:2396} INFO - Sync 1 DAGs
[2021-11-29 16:26:38,524] {logging_mixin.py:109} WARNING - /usr/local/lib/python3.8/dist-packages/airflow/models/dag.py:2433 SAWarning: TypeDecorator UtcDateTime(timezone=True) will not produce a cache key because the ``cache_ok`` flag is not set to True.  Set this flag to True if this type object's state is safe to use in a cache key, or False to disable this warning.
[2021-11-29 16:26:38,544] {logging_mixin.py:109} INFO - [2021-11-29 16:26:38,544] {dag.py:2928} INFO - Setting next_dagrun for example_time_delta_sensor_async to None
[2021-11-29 16:26:38,742] {processor.py:171} INFO - Processing /usr/local/lib/python3.8/dist-packages/airflow/example_dags/example_time_delta_sensor_async.py took 0.363 seconds
[2021-11-29 16:27:30,857] {processor.py:163} INFO - Started process (PID=7151) to work on /usr/local/lib/python3.8/dist-packages/airflow/example_dags/example_time_delta_sensor_async.py
[2021-11-29 16:27:30,860] {processor.py:625} INFO - Processing file /usr/local/lib/python3.8/dist-packages/airflow/example_dags/example_time_delta_sensor_async.py for tasks to queue
[2021-11-29 16:27:30,863] {logging_mixin.py:109} INFO - [2021-11-29 16:27:30,863] {dagbag.py:500} INFO - Filling up the DagBag from /usr/local/lib/python3.8/dist-packages/airflow/example_dags/example_time_delta_sensor_async.py
[2021-11-29 16:27:30,938] {processor.py:637} INFO - DAG(s) dict_keys(['example_time_delta_sensor_async']) retrieved from /usr/local/lib/python3.8/dist-packages/airflow/example_dags/example_time_delta_sensor_async.py
[2021-11-29 16:27:30,957] {logging_mixin.py:109} WARNING - /usr/local/lib/python3.8/dist-packages/airflow/models/serialized_dag.py:120 SAWarning: TypeDecorator UtcDateTime(timezone=True) will not produce a cache key because the ``cache_ok`` flag is not set to True.  Set this flag to True if this type object's state is safe to use in a cache key, or False to disable this warning.
[2021-11-29 16:27:30,981] {logging_mixin.py:109} INFO - [2021-11-29 16:27:30,981] {dag.py:2396} INFO - Sync 1 DAGs
[2021-11-29 16:27:31,017] {logging_mixin.py:109} WARNING - /usr/local/lib/python3.8/dist-packages/airflow/models/dag.py:2433 SAWarning: TypeDecorator UtcDateTime(timezone=True) will not produce a cache key because the ``cache_ok`` flag is not set to True.  Set this flag to True if this type object's state is safe to use in a cache key, or False to disable this warning.
[2021-11-29 16:27:31,051] {logging_mixin.py:109} INFO - [2021-11-29 16:27:31,050] {dag.py:2928} INFO - Setting next_dagrun for example_time_delta_sensor_async to None
[2021-11-29 16:27:31,290] {processor.py:171} INFO - Processing /usr/local/lib/python3.8/dist-packages/airflow/example_dags/example_time_delta_sensor_async.py took 0.450 seconds
[2021-11-29 16:28:29,150] {processor.py:163} INFO - Started process (PID=7314) to work on /usr/local/lib/python3.8/dist-packages/airflow/example_dags/example_time_delta_sensor_async.py
[2021-11-29 16:28:29,178] {processor.py:625} INFO - Processing file /usr/local/lib/python3.8/dist-packages/airflow/example_dags/example_time_delta_sensor_async.py for tasks to queue
[2021-11-29 16:28:29,179] {logging_mixin.py:109} INFO - [2021-11-29 16:28:29,179] {dagbag.py:500} INFO - Filling up the DagBag from /usr/local/lib/python3.8/dist-packages/airflow/example_dags/example_time_delta_sensor_async.py
[2021-11-29 16:28:29,245] {processor.py:637} INFO - DAG(s) dict_keys(['example_time_delta_sensor_async']) retrieved from /usr/local/lib/python3.8/dist-packages/airflow/example_dags/example_time_delta_sensor_async.py
[2021-11-29 16:28:29,263] {logging_mixin.py:109} WARNING - /usr/local/lib/python3.8/dist-packages/airflow/models/serialized_dag.py:120 SAWarning: TypeDecorator UtcDateTime(timezone=True) will not produce a cache key because the ``cache_ok`` flag is not set to True.  Set this flag to True if this type object's state is safe to use in a cache key, or False to disable this warning.
[2021-11-29 16:28:29,315] {logging_mixin.py:109} INFO - [2021-11-29 16:28:29,315] {dag.py:2396} INFO - Sync 1 DAGs
[2021-11-29 16:28:29,372] {logging_mixin.py:109} WARNING - /usr/local/lib/python3.8/dist-packages/airflow/models/dag.py:2433 SAWarning: TypeDecorator UtcDateTime(timezone=True) will not produce a cache key because the ``cache_ok`` flag is not set to True.  Set this flag to True if this type object's state is safe to use in a cache key, or False to disable this warning.
[2021-11-29 16:28:29,397] {logging_mixin.py:109} INFO - [2021-11-29 16:28:29,397] {dag.py:2928} INFO - Setting next_dagrun for example_time_delta_sensor_async to None
[2021-11-29 16:28:29,822] {processor.py:171} INFO - Processing /usr/local/lib/python3.8/dist-packages/airflow/example_dags/example_time_delta_sensor_async.py took 0.677 seconds
[2021-11-29 16:29:27,288] {processor.py:163} INFO - Started process (PID=7478) to work on /usr/local/lib/python3.8/dist-packages/airflow/example_dags/example_time_delta_sensor_async.py
[2021-11-29 16:29:27,315] {processor.py:625} INFO - Processing file /usr/local/lib/python3.8/dist-packages/airflow/example_dags/example_time_delta_sensor_async.py for tasks to queue
[2021-11-29 16:29:27,316] {logging_mixin.py:109} INFO - [2021-11-29 16:29:27,316] {dagbag.py:500} INFO - Filling up the DagBag from /usr/local/lib/python3.8/dist-packages/airflow/example_dags/example_time_delta_sensor_async.py
[2021-11-29 16:29:27,397] {processor.py:637} INFO - DAG(s) dict_keys(['example_time_delta_sensor_async']) retrieved from /usr/local/lib/python3.8/dist-packages/airflow/example_dags/example_time_delta_sensor_async.py
[2021-11-29 16:29:27,405] {logging_mixin.py:109} WARNING - /usr/local/lib/python3.8/dist-packages/airflow/models/serialized_dag.py:120 SAWarning: TypeDecorator UtcDateTime(timezone=True) will not produce a cache key because the ``cache_ok`` flag is not set to True.  Set this flag to True if this type object's state is safe to use in a cache key, or False to disable this warning.
[2021-11-29 16:29:27,457] {logging_mixin.py:109} INFO - [2021-11-29 16:29:27,457] {dag.py:2396} INFO - Sync 1 DAGs
[2021-11-29 16:29:27,508] {logging_mixin.py:109} WARNING - /usr/local/lib/python3.8/dist-packages/airflow/models/dag.py:2433 SAWarning: TypeDecorator UtcDateTime(timezone=True) will not produce a cache key because the ``cache_ok`` flag is not set to True.  Set this flag to True if this type object's state is safe to use in a cache key, or False to disable this warning.
[2021-11-29 16:29:27,547] {logging_mixin.py:109} INFO - [2021-11-29 16:29:27,547] {dag.py:2928} INFO - Setting next_dagrun for example_time_delta_sensor_async to None
[2021-11-29 16:29:27,733] {processor.py:171} INFO - Processing /usr/local/lib/python3.8/dist-packages/airflow/example_dags/example_time_delta_sensor_async.py took 0.449 seconds
[2021-11-29 16:30:23,957] {processor.py:163} INFO - Started process (PID=7641) to work on /usr/local/lib/python3.8/dist-packages/airflow/example_dags/example_time_delta_sensor_async.py
[2021-11-29 16:30:23,991] {processor.py:625} INFO - Processing file /usr/local/lib/python3.8/dist-packages/airflow/example_dags/example_time_delta_sensor_async.py for tasks to queue
[2021-11-29 16:30:23,992] {logging_mixin.py:109} INFO - [2021-11-29 16:30:23,992] {dagbag.py:500} INFO - Filling up the DagBag from /usr/local/lib/python3.8/dist-packages/airflow/example_dags/example_time_delta_sensor_async.py
[2021-11-29 16:30:24,063] {processor.py:637} INFO - DAG(s) dict_keys(['example_time_delta_sensor_async']) retrieved from /usr/local/lib/python3.8/dist-packages/airflow/example_dags/example_time_delta_sensor_async.py
[2021-11-29 16:30:24,091] {logging_mixin.py:109} WARNING - /usr/local/lib/python3.8/dist-packages/airflow/models/serialized_dag.py:120 SAWarning: TypeDecorator UtcDateTime(timezone=True) will not produce a cache key because the ``cache_ok`` flag is not set to True.  Set this flag to True if this type object's state is safe to use in a cache key, or False to disable this warning.
[2021-11-29 16:30:24,122] {logging_mixin.py:109} INFO - [2021-11-29 16:30:24,121] {dag.py:2396} INFO - Sync 1 DAGs
[2021-11-29 16:30:24,175] {logging_mixin.py:109} WARNING - /usr/local/lib/python3.8/dist-packages/airflow/models/dag.py:2433 SAWarning: TypeDecorator UtcDateTime(timezone=True) will not produce a cache key because the ``cache_ok`` flag is not set to True.  Set this flag to True if this type object's state is safe to use in a cache key, or False to disable this warning.
[2021-11-29 16:30:24,213] {logging_mixin.py:109} INFO - [2021-11-29 16:30:24,213] {dag.py:2928} INFO - Setting next_dagrun for example_time_delta_sensor_async to None
[2021-11-29 16:30:24,429] {processor.py:171} INFO - Processing /usr/local/lib/python3.8/dist-packages/airflow/example_dags/example_time_delta_sensor_async.py took 0.488 seconds
[2021-11-29 16:31:20,004] {processor.py:163} INFO - Started process (PID=7805) to work on /usr/local/lib/python3.8/dist-packages/airflow/example_dags/example_time_delta_sensor_async.py
[2021-11-29 16:31:20,016] {processor.py:625} INFO - Processing file /usr/local/lib/python3.8/dist-packages/airflow/example_dags/example_time_delta_sensor_async.py for tasks to queue
[2021-11-29 16:31:20,017] {logging_mixin.py:109} INFO - [2021-11-29 16:31:20,017] {dagbag.py:500} INFO - Filling up the DagBag from /usr/local/lib/python3.8/dist-packages/airflow/example_dags/example_time_delta_sensor_async.py
[2021-11-29 16:31:20,090] {processor.py:637} INFO - DAG(s) dict_keys(['example_time_delta_sensor_async']) retrieved from /usr/local/lib/python3.8/dist-packages/airflow/example_dags/example_time_delta_sensor_async.py
[2021-11-29 16:31:20,111] {logging_mixin.py:109} WARNING - /usr/local/lib/python3.8/dist-packages/airflow/models/serialized_dag.py:120 SAWarning: TypeDecorator UtcDateTime(timezone=True) will not produce a cache key because the ``cache_ok`` flag is not set to True.  Set this flag to True if this type object's state is safe to use in a cache key, or False to disable this warning.
[2021-11-29 16:31:20,127] {logging_mixin.py:109} INFO - [2021-11-29 16:31:20,127] {dag.py:2396} INFO - Sync 1 DAGs
[2021-11-29 16:31:20,151] {logging_mixin.py:109} WARNING - /usr/local/lib/python3.8/dist-packages/airflow/models/dag.py:2433 SAWarning: TypeDecorator UtcDateTime(timezone=True) will not produce a cache key because the ``cache_ok`` flag is not set to True.  Set this flag to True if this type object's state is safe to use in a cache key, or False to disable this warning.
[2021-11-29 16:31:20,170] {logging_mixin.py:109} INFO - [2021-11-29 16:31:20,170] {dag.py:2928} INFO - Setting next_dagrun for example_time_delta_sensor_async to None
[2021-11-29 16:31:20,333] {processor.py:171} INFO - Processing /usr/local/lib/python3.8/dist-packages/airflow/example_dags/example_time_delta_sensor_async.py took 0.332 seconds
[2021-11-29 16:32:14,403] {processor.py:163} INFO - Started process (PID=7965) to work on /usr/local/lib/python3.8/dist-packages/airflow/example_dags/example_time_delta_sensor_async.py
[2021-11-29 16:32:14,428] {processor.py:625} INFO - Processing file /usr/local/lib/python3.8/dist-packages/airflow/example_dags/example_time_delta_sensor_async.py for tasks to queue
[2021-11-29 16:32:14,429] {logging_mixin.py:109} INFO - [2021-11-29 16:32:14,429] {dagbag.py:500} INFO - Filling up the DagBag from /usr/local/lib/python3.8/dist-packages/airflow/example_dags/example_time_delta_sensor_async.py
[2021-11-29 16:32:14,471] {processor.py:637} INFO - DAG(s) dict_keys(['example_time_delta_sensor_async']) retrieved from /usr/local/lib/python3.8/dist-packages/airflow/example_dags/example_time_delta_sensor_async.py
[2021-11-29 16:32:14,478] {logging_mixin.py:109} WARNING - /usr/local/lib/python3.8/dist-packages/airflow/models/serialized_dag.py:120 SAWarning: TypeDecorator UtcDateTime(timezone=True) will not produce a cache key because the ``cache_ok`` flag is not set to True.  Set this flag to True if this type object's state is safe to use in a cache key, or False to disable this warning.
[2021-11-29 16:32:14,495] {logging_mixin.py:109} INFO - [2021-11-29 16:32:14,495] {dag.py:2396} INFO - Sync 1 DAGs
[2021-11-29 16:32:14,523] {logging_mixin.py:109} WARNING - /usr/local/lib/python3.8/dist-packages/airflow/models/dag.py:2433 SAWarning: TypeDecorator UtcDateTime(timezone=True) will not produce a cache key because the ``cache_ok`` flag is not set to True.  Set this flag to True if this type object's state is safe to use in a cache key, or False to disable this warning.
[2021-11-29 16:32:14,541] {logging_mixin.py:109} INFO - [2021-11-29 16:32:14,541] {dag.py:2928} INFO - Setting next_dagrun for example_time_delta_sensor_async to None
[2021-11-29 16:32:14,762] {processor.py:171} INFO - Processing /usr/local/lib/python3.8/dist-packages/airflow/example_dags/example_time_delta_sensor_async.py took 0.382 seconds
[2021-11-29 16:33:11,335] {processor.py:163} INFO - Started process (PID=8132) to work on /usr/local/lib/python3.8/dist-packages/airflow/example_dags/example_time_delta_sensor_async.py
[2021-11-29 16:33:11,362] {processor.py:625} INFO - Processing file /usr/local/lib/python3.8/dist-packages/airflow/example_dags/example_time_delta_sensor_async.py for tasks to queue
[2021-11-29 16:33:11,363] {logging_mixin.py:109} INFO - [2021-11-29 16:33:11,363] {dagbag.py:500} INFO - Filling up the DagBag from /usr/local/lib/python3.8/dist-packages/airflow/example_dags/example_time_delta_sensor_async.py
[2021-11-29 16:33:11,420] {processor.py:637} INFO - DAG(s) dict_keys(['example_time_delta_sensor_async']) retrieved from /usr/local/lib/python3.8/dist-packages/airflow/example_dags/example_time_delta_sensor_async.py
[2021-11-29 16:33:11,435] {logging_mixin.py:109} WARNING - /usr/local/lib/python3.8/dist-packages/airflow/models/serialized_dag.py:120 SAWarning: TypeDecorator UtcDateTime(timezone=True) will not produce a cache key because the ``cache_ok`` flag is not set to True.  Set this flag to True if this type object's state is safe to use in a cache key, or False to disable this warning.
[2021-11-29 16:33:11,451] {logging_mixin.py:109} INFO - [2021-11-29 16:33:11,451] {dag.py:2396} INFO - Sync 1 DAGs
[2021-11-29 16:33:11,471] {logging_mixin.py:109} WARNING - /usr/local/lib/python3.8/dist-packages/airflow/models/dag.py:2433 SAWarning: TypeDecorator UtcDateTime(timezone=True) will not produce a cache key because the ``cache_ok`` flag is not set to True.  Set this flag to True if this type object's state is safe to use in a cache key, or False to disable this warning.
[2021-11-29 16:33:11,492] {logging_mixin.py:109} INFO - [2021-11-29 16:33:11,492] {dag.py:2928} INFO - Setting next_dagrun for example_time_delta_sensor_async to None
[2021-11-29 16:33:11,678] {processor.py:171} INFO - Processing /usr/local/lib/python3.8/dist-packages/airflow/example_dags/example_time_delta_sensor_async.py took 0.348 seconds
[2021-11-29 16:34:04,015] {processor.py:163} INFO - Started process (PID=8289) to work on /usr/local/lib/python3.8/dist-packages/airflow/example_dags/example_time_delta_sensor_async.py
[2021-11-29 16:34:04,052] {processor.py:625} INFO - Processing file /usr/local/lib/python3.8/dist-packages/airflow/example_dags/example_time_delta_sensor_async.py for tasks to queue
[2021-11-29 16:34:04,053] {logging_mixin.py:109} INFO - [2021-11-29 16:34:04,053] {dagbag.py:500} INFO - Filling up the DagBag from /usr/local/lib/python3.8/dist-packages/airflow/example_dags/example_time_delta_sensor_async.py
[2021-11-29 16:34:04,118] {processor.py:637} INFO - DAG(s) dict_keys(['example_time_delta_sensor_async']) retrieved from /usr/local/lib/python3.8/dist-packages/airflow/example_dags/example_time_delta_sensor_async.py
[2021-11-29 16:34:04,124] {logging_mixin.py:109} WARNING - /usr/local/lib/python3.8/dist-packages/airflow/models/serialized_dag.py:120 SAWarning: TypeDecorator UtcDateTime(timezone=True) will not produce a cache key because the ``cache_ok`` flag is not set to True.  Set this flag to True if this type object's state is safe to use in a cache key, or False to disable this warning.
[2021-11-29 16:34:04,166] {logging_mixin.py:109} INFO - [2021-11-29 16:34:04,166] {dag.py:2396} INFO - Sync 1 DAGs
[2021-11-29 16:34:04,202] {logging_mixin.py:109} WARNING - /usr/local/lib/python3.8/dist-packages/airflow/models/dag.py:2433 SAWarning: TypeDecorator UtcDateTime(timezone=True) will not produce a cache key because the ``cache_ok`` flag is not set to True.  Set this flag to True if this type object's state is safe to use in a cache key, or False to disable this warning.
[2021-11-29 16:34:04,239] {logging_mixin.py:109} INFO - [2021-11-29 16:34:04,239] {dag.py:2928} INFO - Setting next_dagrun for example_time_delta_sensor_async to None
[2021-11-29 16:34:04,623] {processor.py:171} INFO - Processing /usr/local/lib/python3.8/dist-packages/airflow/example_dags/example_time_delta_sensor_async.py took 0.622 seconds
[2021-11-29 16:35:01,192] {processor.py:163} INFO - Started process (PID=8460) to work on /usr/local/lib/python3.8/dist-packages/airflow/example_dags/example_time_delta_sensor_async.py
[2021-11-29 16:35:01,216] {processor.py:625} INFO - Processing file /usr/local/lib/python3.8/dist-packages/airflow/example_dags/example_time_delta_sensor_async.py for tasks to queue
[2021-11-29 16:35:01,217] {logging_mixin.py:109} INFO - [2021-11-29 16:35:01,217] {dagbag.py:500} INFO - Filling up the DagBag from /usr/local/lib/python3.8/dist-packages/airflow/example_dags/example_time_delta_sensor_async.py
[2021-11-29 16:35:01,291] {processor.py:637} INFO - DAG(s) dict_keys(['example_time_delta_sensor_async']) retrieved from /usr/local/lib/python3.8/dist-packages/airflow/example_dags/example_time_delta_sensor_async.py
[2021-11-29 16:35:01,311] {logging_mixin.py:109} WARNING - /usr/local/lib/python3.8/dist-packages/airflow/models/serialized_dag.py:120 SAWarning: TypeDecorator UtcDateTime(timezone=True) will not produce a cache key because the ``cache_ok`` flag is not set to True.  Set this flag to True if this type object's state is safe to use in a cache key, or False to disable this warning.
[2021-11-29 16:35:01,346] {logging_mixin.py:109} INFO - [2021-11-29 16:35:01,346] {dag.py:2396} INFO - Sync 1 DAGs
[2021-11-29 16:35:01,393] {logging_mixin.py:109} WARNING - /usr/local/lib/python3.8/dist-packages/airflow/models/dag.py:2433 SAWarning: TypeDecorator UtcDateTime(timezone=True) will not produce a cache key because the ``cache_ok`` flag is not set to True.  Set this flag to True if this type object's state is safe to use in a cache key, or False to disable this warning.
[2021-11-29 16:35:01,428] {logging_mixin.py:109} INFO - [2021-11-29 16:35:01,428] {dag.py:2928} INFO - Setting next_dagrun for example_time_delta_sensor_async to None
[2021-11-29 16:35:01,713] {processor.py:171} INFO - Processing /usr/local/lib/python3.8/dist-packages/airflow/example_dags/example_time_delta_sensor_async.py took 0.563 seconds
[2021-11-29 16:35:58,234] {processor.py:163} INFO - Started process (PID=8621) to work on /usr/local/lib/python3.8/dist-packages/airflow/example_dags/example_time_delta_sensor_async.py
[2021-11-29 16:35:58,257] {processor.py:625} INFO - Processing file /usr/local/lib/python3.8/dist-packages/airflow/example_dags/example_time_delta_sensor_async.py for tasks to queue
[2021-11-29 16:35:58,258] {logging_mixin.py:109} INFO - [2021-11-29 16:35:58,258] {dagbag.py:500} INFO - Filling up the DagBag from /usr/local/lib/python3.8/dist-packages/airflow/example_dags/example_time_delta_sensor_async.py
[2021-11-29 16:35:58,333] {processor.py:637} INFO - DAG(s) dict_keys(['example_time_delta_sensor_async']) retrieved from /usr/local/lib/python3.8/dist-packages/airflow/example_dags/example_time_delta_sensor_async.py
[2021-11-29 16:35:58,352] {logging_mixin.py:109} WARNING - /usr/local/lib/python3.8/dist-packages/airflow/models/serialized_dag.py:120 SAWarning: TypeDecorator UtcDateTime(timezone=True) will not produce a cache key because the ``cache_ok`` flag is not set to True.  Set this flag to True if this type object's state is safe to use in a cache key, or False to disable this warning.
[2021-11-29 16:35:58,377] {logging_mixin.py:109} INFO - [2021-11-29 16:35:58,377] {dag.py:2396} INFO - Sync 1 DAGs
[2021-11-29 16:35:58,442] {logging_mixin.py:109} WARNING - /usr/local/lib/python3.8/dist-packages/airflow/models/dag.py:2433 SAWarning: TypeDecorator UtcDateTime(timezone=True) will not produce a cache key because the ``cache_ok`` flag is not set to True.  Set this flag to True if this type object's state is safe to use in a cache key, or False to disable this warning.
[2021-11-29 16:35:58,477] {logging_mixin.py:109} INFO - [2021-11-29 16:35:58,477] {dag.py:2928} INFO - Setting next_dagrun for example_time_delta_sensor_async to None
[2021-11-29 16:35:58,716] {processor.py:171} INFO - Processing /usr/local/lib/python3.8/dist-packages/airflow/example_dags/example_time_delta_sensor_async.py took 0.480 seconds
[2021-11-29 16:36:54,214] {processor.py:163} INFO - Started process (PID=8778) to work on /usr/local/lib/python3.8/dist-packages/airflow/example_dags/example_time_delta_sensor_async.py
[2021-11-29 16:36:54,236] {processor.py:625} INFO - Processing file /usr/local/lib/python3.8/dist-packages/airflow/example_dags/example_time_delta_sensor_async.py for tasks to queue
[2021-11-29 16:36:54,237] {logging_mixin.py:109} INFO - [2021-11-29 16:36:54,236] {dagbag.py:500} INFO - Filling up the DagBag from /usr/local/lib/python3.8/dist-packages/airflow/example_dags/example_time_delta_sensor_async.py
[2021-11-29 16:36:54,272] {processor.py:637} INFO - DAG(s) dict_keys(['example_time_delta_sensor_async']) retrieved from /usr/local/lib/python3.8/dist-packages/airflow/example_dags/example_time_delta_sensor_async.py
[2021-11-29 16:36:54,278] {logging_mixin.py:109} WARNING - /usr/local/lib/python3.8/dist-packages/airflow/models/serialized_dag.py:120 SAWarning: TypeDecorator UtcDateTime(timezone=True) will not produce a cache key because the ``cache_ok`` flag is not set to True.  Set this flag to True if this type object's state is safe to use in a cache key, or False to disable this warning.
[2021-11-29 16:36:54,303] {logging_mixin.py:109} INFO - [2021-11-29 16:36:54,303] {dag.py:2396} INFO - Sync 1 DAGs
[2021-11-29 16:36:54,342] {logging_mixin.py:109} WARNING - /usr/local/lib/python3.8/dist-packages/airflow/models/dag.py:2433 SAWarning: TypeDecorator UtcDateTime(timezone=True) will not produce a cache key because the ``cache_ok`` flag is not set to True.  Set this flag to True if this type object's state is safe to use in a cache key, or False to disable this warning.
[2021-11-29 16:36:54,379] {logging_mixin.py:109} INFO - [2021-11-29 16:36:54,379] {dag.py:2928} INFO - Setting next_dagrun for example_time_delta_sensor_async to None
[2021-11-29 16:36:54,560] {processor.py:171} INFO - Processing /usr/local/lib/python3.8/dist-packages/airflow/example_dags/example_time_delta_sensor_async.py took 0.350 seconds
[2021-11-29 16:37:49,640] {processor.py:163} INFO - Started process (PID=8941) to work on /usr/local/lib/python3.8/dist-packages/airflow/example_dags/example_time_delta_sensor_async.py
[2021-11-29 16:37:49,662] {processor.py:625} INFO - Processing file /usr/local/lib/python3.8/dist-packages/airflow/example_dags/example_time_delta_sensor_async.py for tasks to queue
[2021-11-29 16:37:49,664] {logging_mixin.py:109} INFO - [2021-11-29 16:37:49,664] {dagbag.py:500} INFO - Filling up the DagBag from /usr/local/lib/python3.8/dist-packages/airflow/example_dags/example_time_delta_sensor_async.py
[2021-11-29 16:37:49,713] {processor.py:637} INFO - DAG(s) dict_keys(['example_time_delta_sensor_async']) retrieved from /usr/local/lib/python3.8/dist-packages/airflow/example_dags/example_time_delta_sensor_async.py
[2021-11-29 16:37:49,731] {logging_mixin.py:109} WARNING - /usr/local/lib/python3.8/dist-packages/airflow/models/serialized_dag.py:120 SAWarning: TypeDecorator UtcDateTime(timezone=True) will not produce a cache key because the ``cache_ok`` flag is not set to True.  Set this flag to True if this type object's state is safe to use in a cache key, or False to disable this warning.
[2021-11-29 16:37:49,764] {logging_mixin.py:109} INFO - [2021-11-29 16:37:49,764] {dag.py:2396} INFO - Sync 1 DAGs
[2021-11-29 16:37:49,792] {logging_mixin.py:109} WARNING - /usr/local/lib/python3.8/dist-packages/airflow/models/dag.py:2433 SAWarning: TypeDecorator UtcDateTime(timezone=True) will not produce a cache key because the ``cache_ok`` flag is not set to True.  Set this flag to True if this type object's state is safe to use in a cache key, or False to disable this warning.
[2021-11-29 16:37:49,817] {logging_mixin.py:109} INFO - [2021-11-29 16:37:49,817] {dag.py:2928} INFO - Setting next_dagrun for example_time_delta_sensor_async to None
[2021-11-29 16:37:49,970] {processor.py:171} INFO - Processing /usr/local/lib/python3.8/dist-packages/airflow/example_dags/example_time_delta_sensor_async.py took 0.334 seconds
[2021-11-29 16:38:45,141] {processor.py:163} INFO - Started process (PID=9105) to work on /usr/local/lib/python3.8/dist-packages/airflow/example_dags/example_time_delta_sensor_async.py
[2021-11-29 16:38:45,159] {processor.py:625} INFO - Processing file /usr/local/lib/python3.8/dist-packages/airflow/example_dags/example_time_delta_sensor_async.py for tasks to queue
[2021-11-29 16:38:45,160] {logging_mixin.py:109} INFO - [2021-11-29 16:38:45,160] {dagbag.py:500} INFO - Filling up the DagBag from /usr/local/lib/python3.8/dist-packages/airflow/example_dags/example_time_delta_sensor_async.py
[2021-11-29 16:38:45,241] {processor.py:637} INFO - DAG(s) dict_keys(['example_time_delta_sensor_async']) retrieved from /usr/local/lib/python3.8/dist-packages/airflow/example_dags/example_time_delta_sensor_async.py
[2021-11-29 16:38:45,259] {logging_mixin.py:109} WARNING - /usr/local/lib/python3.8/dist-packages/airflow/models/serialized_dag.py:120 SAWarning: TypeDecorator UtcDateTime(timezone=True) will not produce a cache key because the ``cache_ok`` flag is not set to True.  Set this flag to True if this type object's state is safe to use in a cache key, or False to disable this warning.
[2021-11-29 16:38:45,282] {logging_mixin.py:109} INFO - [2021-11-29 16:38:45,282] {dag.py:2396} INFO - Sync 1 DAGs
[2021-11-29 16:38:45,334] {logging_mixin.py:109} WARNING - /usr/local/lib/python3.8/dist-packages/airflow/models/dag.py:2433 SAWarning: TypeDecorator UtcDateTime(timezone=True) will not produce a cache key because the ``cache_ok`` flag is not set to True.  Set this flag to True if this type object's state is safe to use in a cache key, or False to disable this warning.
[2021-11-29 16:38:45,374] {logging_mixin.py:109} INFO - [2021-11-29 16:38:45,374] {dag.py:2928} INFO - Setting next_dagrun for example_time_delta_sensor_async to None
[2021-11-29 16:38:45,543] {processor.py:171} INFO - Processing /usr/local/lib/python3.8/dist-packages/airflow/example_dags/example_time_delta_sensor_async.py took 0.419 seconds
[2021-11-29 16:39:39,384] {processor.py:163} INFO - Started process (PID=9270) to work on /usr/local/lib/python3.8/dist-packages/airflow/example_dags/example_time_delta_sensor_async.py
[2021-11-29 16:39:39,394] {processor.py:625} INFO - Processing file /usr/local/lib/python3.8/dist-packages/airflow/example_dags/example_time_delta_sensor_async.py for tasks to queue
[2021-11-29 16:39:39,395] {logging_mixin.py:109} INFO - [2021-11-29 16:39:39,395] {dagbag.py:500} INFO - Filling up the DagBag from /usr/local/lib/python3.8/dist-packages/airflow/example_dags/example_time_delta_sensor_async.py
[2021-11-29 16:39:39,450] {processor.py:637} INFO - DAG(s) dict_keys(['example_time_delta_sensor_async']) retrieved from /usr/local/lib/python3.8/dist-packages/airflow/example_dags/example_time_delta_sensor_async.py
[2021-11-29 16:39:39,459] {logging_mixin.py:109} WARNING - /usr/local/lib/python3.8/dist-packages/airflow/models/serialized_dag.py:120 SAWarning: TypeDecorator UtcDateTime(timezone=True) will not produce a cache key because the ``cache_ok`` flag is not set to True.  Set this flag to True if this type object's state is safe to use in a cache key, or False to disable this warning.
[2021-11-29 16:39:39,472] {logging_mixin.py:109} INFO - [2021-11-29 16:39:39,471] {dag.py:2396} INFO - Sync 1 DAGs
[2021-11-29 16:39:39,492] {logging_mixin.py:109} WARNING - /usr/local/lib/python3.8/dist-packages/airflow/models/dag.py:2433 SAWarning: TypeDecorator UtcDateTime(timezone=True) will not produce a cache key because the ``cache_ok`` flag is not set to True.  Set this flag to True if this type object's state is safe to use in a cache key, or False to disable this warning.
[2021-11-29 16:39:39,508] {logging_mixin.py:109} INFO - [2021-11-29 16:39:39,508] {dag.py:2928} INFO - Setting next_dagrun for example_time_delta_sensor_async to None
[2021-11-29 16:39:39,673] {processor.py:171} INFO - Processing /usr/local/lib/python3.8/dist-packages/airflow/example_dags/example_time_delta_sensor_async.py took 0.293 seconds
[2021-11-29 16:40:35,119] {processor.py:163} INFO - Started process (PID=9436) to work on /usr/local/lib/python3.8/dist-packages/airflow/example_dags/example_time_delta_sensor_async.py
[2021-11-29 16:40:35,186] {processor.py:625} INFO - Processing file /usr/local/lib/python3.8/dist-packages/airflow/example_dags/example_time_delta_sensor_async.py for tasks to queue
[2021-11-29 16:40:35,192] {logging_mixin.py:109} INFO - [2021-11-29 16:40:35,187] {dagbag.py:500} INFO - Filling up the DagBag from /usr/local/lib/python3.8/dist-packages/airflow/example_dags/example_time_delta_sensor_async.py
[2021-11-29 16:40:35,278] {processor.py:637} INFO - DAG(s) dict_keys(['example_time_delta_sensor_async']) retrieved from /usr/local/lib/python3.8/dist-packages/airflow/example_dags/example_time_delta_sensor_async.py
[2021-11-29 16:40:35,300] {logging_mixin.py:109} WARNING - /usr/local/lib/python3.8/dist-packages/airflow/models/serialized_dag.py:120 SAWarning: TypeDecorator UtcDateTime(timezone=True) will not produce a cache key because the ``cache_ok`` flag is not set to True.  Set this flag to True if this type object's state is safe to use in a cache key, or False to disable this warning.
[2021-11-29 16:40:35,329] {logging_mixin.py:109} INFO - [2021-11-29 16:40:35,328] {dag.py:2396} INFO - Sync 1 DAGs
[2021-11-29 16:40:35,354] {logging_mixin.py:109} WARNING - /usr/local/lib/python3.8/dist-packages/airflow/models/dag.py:2433 SAWarning: TypeDecorator UtcDateTime(timezone=True) will not produce a cache key because the ``cache_ok`` flag is not set to True.  Set this flag to True if this type object's state is safe to use in a cache key, or False to disable this warning.
[2021-11-29 16:40:35,373] {logging_mixin.py:109} INFO - [2021-11-29 16:40:35,373] {dag.py:2928} INFO - Setting next_dagrun for example_time_delta_sensor_async to None
[2021-11-29 16:40:35,578] {processor.py:171} INFO - Processing /usr/local/lib/python3.8/dist-packages/airflow/example_dags/example_time_delta_sensor_async.py took 0.464 seconds
[2021-11-29 16:41:32,634] {processor.py:163} INFO - Started process (PID=9597) to work on /usr/local/lib/python3.8/dist-packages/airflow/example_dags/example_time_delta_sensor_async.py
[2021-11-29 16:41:32,661] {processor.py:625} INFO - Processing file /usr/local/lib/python3.8/dist-packages/airflow/example_dags/example_time_delta_sensor_async.py for tasks to queue
[2021-11-29 16:41:32,662] {logging_mixin.py:109} INFO - [2021-11-29 16:41:32,662] {dagbag.py:500} INFO - Filling up the DagBag from /usr/local/lib/python3.8/dist-packages/airflow/example_dags/example_time_delta_sensor_async.py
[2021-11-29 16:41:32,734] {processor.py:637} INFO - DAG(s) dict_keys(['example_time_delta_sensor_async']) retrieved from /usr/local/lib/python3.8/dist-packages/airflow/example_dags/example_time_delta_sensor_async.py
[2021-11-29 16:41:32,752] {logging_mixin.py:109} WARNING - /usr/local/lib/python3.8/dist-packages/airflow/models/serialized_dag.py:120 SAWarning: TypeDecorator UtcDateTime(timezone=True) will not produce a cache key because the ``cache_ok`` flag is not set to True.  Set this flag to True if this type object's state is safe to use in a cache key, or False to disable this warning.
[2021-11-29 16:41:32,770] {logging_mixin.py:109} INFO - [2021-11-29 16:41:32,769] {dag.py:2396} INFO - Sync 1 DAGs
[2021-11-29 16:41:32,790] {logging_mixin.py:109} WARNING - /usr/local/lib/python3.8/dist-packages/airflow/models/dag.py:2433 SAWarning: TypeDecorator UtcDateTime(timezone=True) will not produce a cache key because the ``cache_ok`` flag is not set to True.  Set this flag to True if this type object's state is safe to use in a cache key, or False to disable this warning.
[2021-11-29 16:41:32,806] {logging_mixin.py:109} INFO - [2021-11-29 16:41:32,806] {dag.py:2928} INFO - Setting next_dagrun for example_time_delta_sensor_async to None
[2021-11-29 16:41:32,997] {processor.py:171} INFO - Processing /usr/local/lib/python3.8/dist-packages/airflow/example_dags/example_time_delta_sensor_async.py took 0.382 seconds
[2021-11-29 16:42:33,536] {processor.py:163} INFO - Started process (PID=9777) to work on /usr/local/lib/python3.8/dist-packages/airflow/example_dags/example_time_delta_sensor_async.py
[2021-11-29 16:42:33,545] {processor.py:625} INFO - Processing file /usr/local/lib/python3.8/dist-packages/airflow/example_dags/example_time_delta_sensor_async.py for tasks to queue
[2021-11-29 16:42:33,546] {logging_mixin.py:109} INFO - [2021-11-29 16:42:33,545] {dagbag.py:500} INFO - Filling up the DagBag from /usr/local/lib/python3.8/dist-packages/airflow/example_dags/example_time_delta_sensor_async.py
[2021-11-29 16:42:33,666] {processor.py:637} INFO - DAG(s) dict_keys(['example_time_delta_sensor_async']) retrieved from /usr/local/lib/python3.8/dist-packages/airflow/example_dags/example_time_delta_sensor_async.py
[2021-11-29 16:42:33,673] {logging_mixin.py:109} WARNING - /usr/local/lib/python3.8/dist-packages/airflow/models/serialized_dag.py:120 SAWarning: TypeDecorator UtcDateTime(timezone=True) will not produce a cache key because the ``cache_ok`` flag is not set to True.  Set this flag to True if this type object's state is safe to use in a cache key, or False to disable this warning.
[2021-11-29 16:42:33,711] {logging_mixin.py:109} INFO - [2021-11-29 16:42:33,711] {dag.py:2396} INFO - Sync 1 DAGs
[2021-11-29 16:42:33,739] {logging_mixin.py:109} WARNING - /usr/local/lib/python3.8/dist-packages/airflow/models/dag.py:2433 SAWarning: TypeDecorator UtcDateTime(timezone=True) will not produce a cache key because the ``cache_ok`` flag is not set to True.  Set this flag to True if this type object's state is safe to use in a cache key, or False to disable this warning.
[2021-11-29 16:42:33,772] {logging_mixin.py:109} INFO - [2021-11-29 16:42:33,772] {dag.py:2928} INFO - Setting next_dagrun for example_time_delta_sensor_async to None
[2021-11-29 16:42:33,999] {processor.py:171} INFO - Processing /usr/local/lib/python3.8/dist-packages/airflow/example_dags/example_time_delta_sensor_async.py took 0.482 seconds
[2021-11-29 16:43:27,515] {processor.py:163} INFO - Started process (PID=9947) to work on /usr/local/lib/python3.8/dist-packages/airflow/example_dags/example_time_delta_sensor_async.py
[2021-11-29 16:43:27,525] {processor.py:625} INFO - Processing file /usr/local/lib/python3.8/dist-packages/airflow/example_dags/example_time_delta_sensor_async.py for tasks to queue
[2021-11-29 16:43:27,526] {logging_mixin.py:109} INFO - [2021-11-29 16:43:27,526] {dagbag.py:500} INFO - Filling up the DagBag from /usr/local/lib/python3.8/dist-packages/airflow/example_dags/example_time_delta_sensor_async.py
[2021-11-29 16:43:27,577] {processor.py:637} INFO - DAG(s) dict_keys(['example_time_delta_sensor_async']) retrieved from /usr/local/lib/python3.8/dist-packages/airflow/example_dags/example_time_delta_sensor_async.py
[2021-11-29 16:43:27,584] {logging_mixin.py:109} WARNING - /usr/local/lib/python3.8/dist-packages/airflow/models/serialized_dag.py:120 SAWarning: TypeDecorator UtcDateTime(timezone=True) will not produce a cache key because the ``cache_ok`` flag is not set to True.  Set this flag to True if this type object's state is safe to use in a cache key, or False to disable this warning.
[2021-11-29 16:43:27,597] {logging_mixin.py:109} INFO - [2021-11-29 16:43:27,597] {dag.py:2396} INFO - Sync 1 DAGs
[2021-11-29 16:43:27,615] {logging_mixin.py:109} WARNING - /usr/local/lib/python3.8/dist-packages/airflow/models/dag.py:2433 SAWarning: TypeDecorator UtcDateTime(timezone=True) will not produce a cache key because the ``cache_ok`` flag is not set to True.  Set this flag to True if this type object's state is safe to use in a cache key, or False to disable this warning.
[2021-11-29 16:43:27,628] {logging_mixin.py:109} INFO - [2021-11-29 16:43:27,628] {dag.py:2928} INFO - Setting next_dagrun for example_time_delta_sensor_async to None
[2021-11-29 16:43:27,816] {processor.py:171} INFO - Processing /usr/local/lib/python3.8/dist-packages/airflow/example_dags/example_time_delta_sensor_async.py took 0.316 seconds
[2021-11-29 16:44:21,189] {processor.py:163} INFO - Started process (PID=10102) to work on /usr/local/lib/python3.8/dist-packages/airflow/example_dags/example_time_delta_sensor_async.py
[2021-11-29 16:44:21,204] {processor.py:625} INFO - Processing file /usr/local/lib/python3.8/dist-packages/airflow/example_dags/example_time_delta_sensor_async.py for tasks to queue
[2021-11-29 16:44:21,205] {logging_mixin.py:109} INFO - [2021-11-29 16:44:21,205] {dagbag.py:500} INFO - Filling up the DagBag from /usr/local/lib/python3.8/dist-packages/airflow/example_dags/example_time_delta_sensor_async.py
[2021-11-29 16:44:21,275] {processor.py:637} INFO - DAG(s) dict_keys(['example_time_delta_sensor_async']) retrieved from /usr/local/lib/python3.8/dist-packages/airflow/example_dags/example_time_delta_sensor_async.py
[2021-11-29 16:44:21,289] {logging_mixin.py:109} WARNING - /usr/local/lib/python3.8/dist-packages/airflow/models/serialized_dag.py:120 SAWarning: TypeDecorator UtcDateTime(timezone=True) will not produce a cache key because the ``cache_ok`` flag is not set to True.  Set this flag to True if this type object's state is safe to use in a cache key, or False to disable this warning.
[2021-11-29 16:44:21,305] {logging_mixin.py:109} INFO - [2021-11-29 16:44:21,305] {dag.py:2396} INFO - Sync 1 DAGs
[2021-11-29 16:44:21,327] {logging_mixin.py:109} WARNING - /usr/local/lib/python3.8/dist-packages/airflow/models/dag.py:2433 SAWarning: TypeDecorator UtcDateTime(timezone=True) will not produce a cache key because the ``cache_ok`` flag is not set to True.  Set this flag to True if this type object's state is safe to use in a cache key, or False to disable this warning.
[2021-11-29 16:44:21,345] {logging_mixin.py:109} INFO - [2021-11-29 16:44:21,345] {dag.py:2928} INFO - Setting next_dagrun for example_time_delta_sensor_async to None
[2021-11-29 16:44:22,026] {processor.py:171} INFO - Processing /usr/local/lib/python3.8/dist-packages/airflow/example_dags/example_time_delta_sensor_async.py took 0.851 seconds
[2021-11-29 16:45:18,666] {processor.py:163} INFO - Started process (PID=10275) to work on /usr/local/lib/python3.8/dist-packages/airflow/example_dags/example_time_delta_sensor_async.py
[2021-11-29 16:45:18,674] {processor.py:625} INFO - Processing file /usr/local/lib/python3.8/dist-packages/airflow/example_dags/example_time_delta_sensor_async.py for tasks to queue
[2021-11-29 16:45:18,675] {logging_mixin.py:109} INFO - [2021-11-29 16:45:18,675] {dagbag.py:500} INFO - Filling up the DagBag from /usr/local/lib/python3.8/dist-packages/airflow/example_dags/example_time_delta_sensor_async.py
[2021-11-29 16:45:18,760] {processor.py:637} INFO - DAG(s) dict_keys(['example_time_delta_sensor_async']) retrieved from /usr/local/lib/python3.8/dist-packages/airflow/example_dags/example_time_delta_sensor_async.py
[2021-11-29 16:45:18,777] {logging_mixin.py:109} WARNING - /usr/local/lib/python3.8/dist-packages/airflow/models/serialized_dag.py:120 SAWarning: TypeDecorator UtcDateTime(timezone=True) will not produce a cache key because the ``cache_ok`` flag is not set to True.  Set this flag to True if this type object's state is safe to use in a cache key, or False to disable this warning.
[2021-11-29 16:45:18,800] {logging_mixin.py:109} INFO - [2021-11-29 16:45:18,800] {dag.py:2396} INFO - Sync 1 DAGs
[2021-11-29 16:45:18,858] {logging_mixin.py:109} WARNING - /usr/local/lib/python3.8/dist-packages/airflow/models/dag.py:2433 SAWarning: TypeDecorator UtcDateTime(timezone=True) will not produce a cache key because the ``cache_ok`` flag is not set to True.  Set this flag to True if this type object's state is safe to use in a cache key, or False to disable this warning.
[2021-11-29 16:45:18,877] {logging_mixin.py:109} INFO - [2021-11-29 16:45:18,877] {dag.py:2928} INFO - Setting next_dagrun for example_time_delta_sensor_async to None
[2021-11-29 16:45:19,115] {processor.py:171} INFO - Processing /usr/local/lib/python3.8/dist-packages/airflow/example_dags/example_time_delta_sensor_async.py took 0.465 seconds
[2021-11-29 16:46:14,115] {processor.py:163} INFO - Started process (PID=10445) to work on /usr/local/lib/python3.8/dist-packages/airflow/example_dags/example_time_delta_sensor_async.py
[2021-11-29 16:46:14,147] {processor.py:625} INFO - Processing file /usr/local/lib/python3.8/dist-packages/airflow/example_dags/example_time_delta_sensor_async.py for tasks to queue
[2021-11-29 16:46:14,148] {logging_mixin.py:109} INFO - [2021-11-29 16:46:14,148] {dagbag.py:500} INFO - Filling up the DagBag from /usr/local/lib/python3.8/dist-packages/airflow/example_dags/example_time_delta_sensor_async.py
[2021-11-29 16:46:14,201] {processor.py:637} INFO - DAG(s) dict_keys(['example_time_delta_sensor_async']) retrieved from /usr/local/lib/python3.8/dist-packages/airflow/example_dags/example_time_delta_sensor_async.py
[2021-11-29 16:46:14,218] {logging_mixin.py:109} WARNING - /usr/local/lib/python3.8/dist-packages/airflow/models/serialized_dag.py:120 SAWarning: TypeDecorator UtcDateTime(timezone=True) will not produce a cache key because the ``cache_ok`` flag is not set to True.  Set this flag to True if this type object's state is safe to use in a cache key, or False to disable this warning.
[2021-11-29 16:46:14,238] {logging_mixin.py:109} INFO - [2021-11-29 16:46:14,238] {dag.py:2396} INFO - Sync 1 DAGs
[2021-11-29 16:46:14,273] {logging_mixin.py:109} WARNING - /usr/local/lib/python3.8/dist-packages/airflow/models/dag.py:2433 SAWarning: TypeDecorator UtcDateTime(timezone=True) will not produce a cache key because the ``cache_ok`` flag is not set to True.  Set this flag to True if this type object's state is safe to use in a cache key, or False to disable this warning.
[2021-11-29 16:46:14,294] {logging_mixin.py:109} INFO - [2021-11-29 16:46:14,294] {dag.py:2928} INFO - Setting next_dagrun for example_time_delta_sensor_async to None
[2021-11-29 16:46:14,516] {processor.py:171} INFO - Processing /usr/local/lib/python3.8/dist-packages/airflow/example_dags/example_time_delta_sensor_async.py took 0.415 seconds
