[2021-11-29 16:15:00,858] {processor.py:163} INFO - Started process (PID=4897) to work on /usr/local/lib/python3.8/dist-packages/airflow/example_dags/tutorial.py
[2021-11-29 16:15:00,859] {processor.py:625} INFO - Processing file /usr/local/lib/python3.8/dist-packages/airflow/example_dags/tutorial.py for tasks to queue
[2021-11-29 16:15:00,860] {logging_mixin.py:109} INFO - [2021-11-29 16:15:00,860] {dagbag.py:500} INFO - Filling up the DagBag from /usr/local/lib/python3.8/dist-packages/airflow/example_dags/tutorial.py
[2021-11-29 16:15:00,947] {processor.py:637} INFO - DAG(s) dict_keys(['tutorial']) retrieved from /usr/local/lib/python3.8/dist-packages/airflow/example_dags/tutorial.py
[2021-11-29 16:15:00,968] {logging_mixin.py:109} WARNING - /usr/local/lib/python3.8/dist-packages/airflow/models/serialized_dag.py:120 SAWarning: TypeDecorator UtcDateTime(timezone=True) will not produce a cache key because the ``cache_ok`` flag is not set to True.  Set this flag to True if this type object's state is safe to use in a cache key, or False to disable this warning.
[2021-11-29 16:15:00,979] {logging_mixin.py:109} INFO - [2021-11-29 16:15:00,979] {dag.py:2396} INFO - Sync 1 DAGs
[2021-11-29 16:15:00,997] {logging_mixin.py:109} WARNING - /usr/local/lib/python3.8/dist-packages/airflow/models/dag.py:2433 SAWarning: TypeDecorator UtcDateTime(timezone=True) will not produce a cache key because the ``cache_ok`` flag is not set to True.  Set this flag to True if this type object's state is safe to use in a cache key, or False to disable this warning.
[2021-11-29 16:15:01,009] {logging_mixin.py:109} INFO - [2021-11-29 16:15:01,009] {dag.py:2928} INFO - Setting next_dagrun for tutorial to 2021-11-28T10:45:01.009218+00:00
[2021-11-29 16:15:01,214] {processor.py:171} INFO - Processing /usr/local/lib/python3.8/dist-packages/airflow/example_dags/tutorial.py took 0.370 seconds
[2021-11-29 16:16:02,655] {processor.py:163} INFO - Started process (PID=5068) to work on /usr/local/lib/python3.8/dist-packages/airflow/example_dags/tutorial.py
[2021-11-29 16:16:02,678] {processor.py:625} INFO - Processing file /usr/local/lib/python3.8/dist-packages/airflow/example_dags/tutorial.py for tasks to queue
[2021-11-29 16:16:02,679] {logging_mixin.py:109} INFO - [2021-11-29 16:16:02,679] {dagbag.py:500} INFO - Filling up the DagBag from /usr/local/lib/python3.8/dist-packages/airflow/example_dags/tutorial.py
[2021-11-29 16:16:02,751] {processor.py:637} INFO - DAG(s) dict_keys(['tutorial']) retrieved from /usr/local/lib/python3.8/dist-packages/airflow/example_dags/tutorial.py
[2021-11-29 16:16:02,770] {logging_mixin.py:109} WARNING - /usr/local/lib/python3.8/dist-packages/airflow/models/serialized_dag.py:120 SAWarning: TypeDecorator UtcDateTime(timezone=True) will not produce a cache key because the ``cache_ok`` flag is not set to True.  Set this flag to True if this type object's state is safe to use in a cache key, or False to disable this warning.
[2021-11-29 16:16:02,826] {logging_mixin.py:109} INFO - [2021-11-29 16:16:02,826] {dag.py:2396} INFO - Sync 1 DAGs
[2021-11-29 16:16:02,876] {logging_mixin.py:109} WARNING - /usr/local/lib/python3.8/dist-packages/airflow/models/dag.py:2433 SAWarning: TypeDecorator UtcDateTime(timezone=True) will not produce a cache key because the ``cache_ok`` flag is not set to True.  Set this flag to True if this type object's state is safe to use in a cache key, or False to disable this warning.
[2021-11-29 16:16:02,898] {logging_mixin.py:109} INFO - [2021-11-29 16:16:02,898] {dag.py:2928} INFO - Setting next_dagrun for tutorial to 2021-11-28T10:46:02.898419+00:00
[2021-11-29 16:16:03,101] {processor.py:171} INFO - Processing /usr/local/lib/python3.8/dist-packages/airflow/example_dags/tutorial.py took 0.461 seconds
[2021-11-29 16:17:03,114] {processor.py:163} INFO - Started process (PID=5239) to work on /usr/local/lib/python3.8/dist-packages/airflow/example_dags/tutorial.py
[2021-11-29 16:17:03,146] {processor.py:625} INFO - Processing file /usr/local/lib/python3.8/dist-packages/airflow/example_dags/tutorial.py for tasks to queue
[2021-11-29 16:17:03,147] {logging_mixin.py:109} INFO - [2021-11-29 16:17:03,147] {dagbag.py:500} INFO - Filling up the DagBag from /usr/local/lib/python3.8/dist-packages/airflow/example_dags/tutorial.py
[2021-11-29 16:17:03,210] {processor.py:637} INFO - DAG(s) dict_keys(['tutorial']) retrieved from /usr/local/lib/python3.8/dist-packages/airflow/example_dags/tutorial.py
[2021-11-29 16:17:03,230] {logging_mixin.py:109} WARNING - /usr/local/lib/python3.8/dist-packages/airflow/models/serialized_dag.py:120 SAWarning: TypeDecorator UtcDateTime(timezone=True) will not produce a cache key because the ``cache_ok`` flag is not set to True.  Set this flag to True if this type object's state is safe to use in a cache key, or False to disable this warning.
[2021-11-29 16:17:03,270] {logging_mixin.py:109} INFO - [2021-11-29 16:17:03,270] {dag.py:2396} INFO - Sync 1 DAGs
[2021-11-29 16:17:03,294] {logging_mixin.py:109} WARNING - /usr/local/lib/python3.8/dist-packages/airflow/models/dag.py:2433 SAWarning: TypeDecorator UtcDateTime(timezone=True) will not produce a cache key because the ``cache_ok`` flag is not set to True.  Set this flag to True if this type object's state is safe to use in a cache key, or False to disable this warning.
[2021-11-29 16:17:03,307] {logging_mixin.py:109} INFO - [2021-11-29 16:17:03,307] {dag.py:2928} INFO - Setting next_dagrun for tutorial to 2021-11-28T10:47:03.306998+00:00
[2021-11-29 16:17:03,795] {processor.py:171} INFO - Processing /usr/local/lib/python3.8/dist-packages/airflow/example_dags/tutorial.py took 0.685 seconds
[2021-11-29 16:18:00,376] {processor.py:163} INFO - Started process (PID=5424) to work on /usr/local/lib/python3.8/dist-packages/airflow/example_dags/tutorial.py
[2021-11-29 16:18:00,406] {processor.py:625} INFO - Processing file /usr/local/lib/python3.8/dist-packages/airflow/example_dags/tutorial.py for tasks to queue
[2021-11-29 16:18:00,407] {logging_mixin.py:109} INFO - [2021-11-29 16:18:00,407] {dagbag.py:500} INFO - Filling up the DagBag from /usr/local/lib/python3.8/dist-packages/airflow/example_dags/tutorial.py
[2021-11-29 16:18:00,491] {processor.py:637} INFO - DAG(s) dict_keys(['tutorial']) retrieved from /usr/local/lib/python3.8/dist-packages/airflow/example_dags/tutorial.py
[2021-11-29 16:18:00,497] {logging_mixin.py:109} WARNING - /usr/local/lib/python3.8/dist-packages/airflow/models/serialized_dag.py:120 SAWarning: TypeDecorator UtcDateTime(timezone=True) will not produce a cache key because the ``cache_ok`` flag is not set to True.  Set this flag to True if this type object's state is safe to use in a cache key, or False to disable this warning.
[2021-11-29 16:18:00,511] {logging_mixin.py:109} INFO - [2021-11-29 16:18:00,510] {dag.py:2396} INFO - Sync 1 DAGs
[2021-11-29 16:18:00,529] {logging_mixin.py:109} WARNING - /usr/local/lib/python3.8/dist-packages/airflow/models/dag.py:2433 SAWarning: TypeDecorator UtcDateTime(timezone=True) will not produce a cache key because the ``cache_ok`` flag is not set to True.  Set this flag to True if this type object's state is safe to use in a cache key, or False to disable this warning.
[2021-11-29 16:18:00,541] {logging_mixin.py:109} INFO - [2021-11-29 16:18:00,540] {dag.py:2928} INFO - Setting next_dagrun for tutorial to 2021-11-28T10:48:00.540464+00:00
[2021-11-29 16:18:00,738] {processor.py:171} INFO - Processing /usr/local/lib/python3.8/dist-packages/airflow/example_dags/tutorial.py took 0.378 seconds
[2021-11-29 16:18:58,481] {processor.py:163} INFO - Started process (PID=5593) to work on /usr/local/lib/python3.8/dist-packages/airflow/example_dags/tutorial.py
[2021-11-29 16:18:58,519] {processor.py:625} INFO - Processing file /usr/local/lib/python3.8/dist-packages/airflow/example_dags/tutorial.py for tasks to queue
[2021-11-29 16:18:58,520] {logging_mixin.py:109} INFO - [2021-11-29 16:18:58,520] {dagbag.py:500} INFO - Filling up the DagBag from /usr/local/lib/python3.8/dist-packages/airflow/example_dags/tutorial.py
[2021-11-29 16:18:58,589] {processor.py:637} INFO - DAG(s) dict_keys(['tutorial']) retrieved from /usr/local/lib/python3.8/dist-packages/airflow/example_dags/tutorial.py
[2021-11-29 16:18:58,606] {logging_mixin.py:109} WARNING - /usr/local/lib/python3.8/dist-packages/airflow/models/serialized_dag.py:120 SAWarning: TypeDecorator UtcDateTime(timezone=True) will not produce a cache key because the ``cache_ok`` flag is not set to True.  Set this flag to True if this type object's state is safe to use in a cache key, or False to disable this warning.
[2021-11-29 16:18:58,623] {logging_mixin.py:109} INFO - [2021-11-29 16:18:58,620] {dag.py:2396} INFO - Sync 1 DAGs
[2021-11-29 16:18:58,642] {logging_mixin.py:109} WARNING - /usr/local/lib/python3.8/dist-packages/airflow/models/dag.py:2433 SAWarning: TypeDecorator UtcDateTime(timezone=True) will not produce a cache key because the ``cache_ok`` flag is not set to True.  Set this flag to True if this type object's state is safe to use in a cache key, or False to disable this warning.
[2021-11-29 16:18:58,653] {logging_mixin.py:109} INFO - [2021-11-29 16:18:58,653] {dag.py:2928} INFO - Setting next_dagrun for tutorial to 2021-11-28T10:48:58.653267+00:00
[2021-11-29 16:18:58,857] {processor.py:171} INFO - Processing /usr/local/lib/python3.8/dist-packages/airflow/example_dags/tutorial.py took 0.381 seconds
[2021-11-29 16:19:53,576] {processor.py:163} INFO - Started process (PID=5761) to work on /usr/local/lib/python3.8/dist-packages/airflow/example_dags/tutorial.py
[2021-11-29 16:19:53,647] {processor.py:625} INFO - Processing file /usr/local/lib/python3.8/dist-packages/airflow/example_dags/tutorial.py for tasks to queue
[2021-11-29 16:19:53,648] {logging_mixin.py:109} INFO - [2021-11-29 16:19:53,648] {dagbag.py:500} INFO - Filling up the DagBag from /usr/local/lib/python3.8/dist-packages/airflow/example_dags/tutorial.py
[2021-11-29 16:19:53,795] {processor.py:637} INFO - DAG(s) dict_keys(['tutorial']) retrieved from /usr/local/lib/python3.8/dist-packages/airflow/example_dags/tutorial.py
[2021-11-29 16:19:53,813] {logging_mixin.py:109} WARNING - /usr/local/lib/python3.8/dist-packages/airflow/models/serialized_dag.py:120 SAWarning: TypeDecorator UtcDateTime(timezone=True) will not produce a cache key because the ``cache_ok`` flag is not set to True.  Set this flag to True if this type object's state is safe to use in a cache key, or False to disable this warning.
[2021-11-29 16:19:53,859] {logging_mixin.py:109} INFO - [2021-11-29 16:19:53,859] {dag.py:2396} INFO - Sync 1 DAGs
[2021-11-29 16:19:53,910] {logging_mixin.py:109} WARNING - /usr/local/lib/python3.8/dist-packages/airflow/models/dag.py:2433 SAWarning: TypeDecorator UtcDateTime(timezone=True) will not produce a cache key because the ``cache_ok`` flag is not set to True.  Set this flag to True if this type object's state is safe to use in a cache key, or False to disable this warning.
[2021-11-29 16:19:53,971] {logging_mixin.py:109} INFO - [2021-11-29 16:19:53,971] {dag.py:2928} INFO - Setting next_dagrun for tutorial to 2021-11-28T10:49:53.958884+00:00
[2021-11-29 16:19:54,321] {processor.py:171} INFO - Processing /usr/local/lib/python3.8/dist-packages/airflow/example_dags/tutorial.py took 0.760 seconds
[2021-11-29 16:20:46,856] {processor.py:163} INFO - Started process (PID=5931) to work on /usr/local/lib/python3.8/dist-packages/airflow/example_dags/tutorial.py
[2021-11-29 16:20:46,875] {processor.py:625} INFO - Processing file /usr/local/lib/python3.8/dist-packages/airflow/example_dags/tutorial.py for tasks to queue
[2021-11-29 16:20:46,876] {logging_mixin.py:109} INFO - [2021-11-29 16:20:46,876] {dagbag.py:500} INFO - Filling up the DagBag from /usr/local/lib/python3.8/dist-packages/airflow/example_dags/tutorial.py
[2021-11-29 16:20:46,939] {processor.py:637} INFO - DAG(s) dict_keys(['tutorial']) retrieved from /usr/local/lib/python3.8/dist-packages/airflow/example_dags/tutorial.py
[2021-11-29 16:20:46,966] {logging_mixin.py:109} WARNING - /usr/local/lib/python3.8/dist-packages/airflow/models/serialized_dag.py:120 SAWarning: TypeDecorator UtcDateTime(timezone=True) will not produce a cache key because the ``cache_ok`` flag is not set to True.  Set this flag to True if this type object's state is safe to use in a cache key, or False to disable this warning.
[2021-11-29 16:20:46,977] {logging_mixin.py:109} INFO - [2021-11-29 16:20:46,977] {dag.py:2396} INFO - Sync 1 DAGs
[2021-11-29 16:20:47,005] {logging_mixin.py:109} WARNING - /usr/local/lib/python3.8/dist-packages/airflow/models/dag.py:2433 SAWarning: TypeDecorator UtcDateTime(timezone=True) will not produce a cache key because the ``cache_ok`` flag is not set to True.  Set this flag to True if this type object's state is safe to use in a cache key, or False to disable this warning.
[2021-11-29 16:20:47,050] {logging_mixin.py:109} INFO - [2021-11-29 16:20:47,049] {dag.py:2928} INFO - Setting next_dagrun for tutorial to 2021-11-28T10:50:47.049365+00:00
[2021-11-29 16:20:47,290] {processor.py:171} INFO - Processing /usr/local/lib/python3.8/dist-packages/airflow/example_dags/tutorial.py took 0.450 seconds
[2021-11-29 16:21:41,090] {processor.py:163} INFO - Started process (PID=6101) to work on /usr/local/lib/python3.8/dist-packages/airflow/example_dags/tutorial.py
[2021-11-29 16:21:41,115] {processor.py:625} INFO - Processing file /usr/local/lib/python3.8/dist-packages/airflow/example_dags/tutorial.py for tasks to queue
[2021-11-29 16:21:41,116] {logging_mixin.py:109} INFO - [2021-11-29 16:21:41,116] {dagbag.py:500} INFO - Filling up the DagBag from /usr/local/lib/python3.8/dist-packages/airflow/example_dags/tutorial.py
[2021-11-29 16:21:41,201] {processor.py:637} INFO - DAG(s) dict_keys(['tutorial']) retrieved from /usr/local/lib/python3.8/dist-packages/airflow/example_dags/tutorial.py
[2021-11-29 16:21:41,232] {logging_mixin.py:109} WARNING - /usr/local/lib/python3.8/dist-packages/airflow/models/serialized_dag.py:120 SAWarning: TypeDecorator UtcDateTime(timezone=True) will not produce a cache key because the ``cache_ok`` flag is not set to True.  Set this flag to True if this type object's state is safe to use in a cache key, or False to disable this warning.
[2021-11-29 16:21:41,255] {logging_mixin.py:109} INFO - [2021-11-29 16:21:41,255] {dag.py:2396} INFO - Sync 1 DAGs
[2021-11-29 16:21:41,298] {logging_mixin.py:109} WARNING - /usr/local/lib/python3.8/dist-packages/airflow/models/dag.py:2433 SAWarning: TypeDecorator UtcDateTime(timezone=True) will not produce a cache key because the ``cache_ok`` flag is not set to True.  Set this flag to True if this type object's state is safe to use in a cache key, or False to disable this warning.
[2021-11-29 16:21:41,336] {logging_mixin.py:109} INFO - [2021-11-29 16:21:41,335] {dag.py:2928} INFO - Setting next_dagrun for tutorial to 2021-11-28T10:51:41.335529+00:00
[2021-11-29 16:21:41,569] {processor.py:171} INFO - Processing /usr/local/lib/python3.8/dist-packages/airflow/example_dags/tutorial.py took 0.483 seconds
[2021-11-29 16:22:40,146] {processor.py:163} INFO - Started process (PID=6286) to work on /usr/local/lib/python3.8/dist-packages/airflow/example_dags/tutorial.py
[2021-11-29 16:22:40,161] {processor.py:625} INFO - Processing file /usr/local/lib/python3.8/dist-packages/airflow/example_dags/tutorial.py for tasks to queue
[2021-11-29 16:22:40,163] {logging_mixin.py:109} INFO - [2021-11-29 16:22:40,162] {dagbag.py:500} INFO - Filling up the DagBag from /usr/local/lib/python3.8/dist-packages/airflow/example_dags/tutorial.py
[2021-11-29 16:22:40,226] {processor.py:637} INFO - DAG(s) dict_keys(['tutorial']) retrieved from /usr/local/lib/python3.8/dist-packages/airflow/example_dags/tutorial.py
[2021-11-29 16:22:40,234] {logging_mixin.py:109} WARNING - /usr/local/lib/python3.8/dist-packages/airflow/models/serialized_dag.py:120 SAWarning: TypeDecorator UtcDateTime(timezone=True) will not produce a cache key because the ``cache_ok`` flag is not set to True.  Set this flag to True if this type object's state is safe to use in a cache key, or False to disable this warning.
[2021-11-29 16:22:40,265] {logging_mixin.py:109} INFO - [2021-11-29 16:22:40,255] {dag.py:2396} INFO - Sync 1 DAGs
[2021-11-29 16:22:40,292] {logging_mixin.py:109} WARNING - /usr/local/lib/python3.8/dist-packages/airflow/models/dag.py:2433 SAWarning: TypeDecorator UtcDateTime(timezone=True) will not produce a cache key because the ``cache_ok`` flag is not set to True.  Set this flag to True if this type object's state is safe to use in a cache key, or False to disable this warning.
[2021-11-29 16:22:40,318] {logging_mixin.py:109} INFO - [2021-11-29 16:22:40,317] {dag.py:2928} INFO - Setting next_dagrun for tutorial to 2021-11-28T10:52:40.317384+00:00
[2021-11-29 16:22:40,571] {processor.py:171} INFO - Processing /usr/local/lib/python3.8/dist-packages/airflow/example_dags/tutorial.py took 0.438 seconds
[2021-11-29 16:23:35,008] {processor.py:163} INFO - Started process (PID=6459) to work on /usr/local/lib/python3.8/dist-packages/airflow/example_dags/tutorial.py
[2021-11-29 16:23:35,030] {processor.py:625} INFO - Processing file /usr/local/lib/python3.8/dist-packages/airflow/example_dags/tutorial.py for tasks to queue
[2021-11-29 16:23:35,031] {logging_mixin.py:109} INFO - [2021-11-29 16:23:35,030] {dagbag.py:500} INFO - Filling up the DagBag from /usr/local/lib/python3.8/dist-packages/airflow/example_dags/tutorial.py
[2021-11-29 16:23:35,100] {processor.py:637} INFO - DAG(s) dict_keys(['tutorial']) retrieved from /usr/local/lib/python3.8/dist-packages/airflow/example_dags/tutorial.py
[2021-11-29 16:23:35,117] {logging_mixin.py:109} WARNING - /usr/local/lib/python3.8/dist-packages/airflow/models/serialized_dag.py:120 SAWarning: TypeDecorator UtcDateTime(timezone=True) will not produce a cache key because the ``cache_ok`` flag is not set to True.  Set this flag to True if this type object's state is safe to use in a cache key, or False to disable this warning.
[2021-11-29 16:23:35,157] {logging_mixin.py:109} INFO - [2021-11-29 16:23:35,156] {dag.py:2396} INFO - Sync 1 DAGs
[2021-11-29 16:23:35,185] {logging_mixin.py:109} WARNING - /usr/local/lib/python3.8/dist-packages/airflow/models/dag.py:2433 SAWarning: TypeDecorator UtcDateTime(timezone=True) will not produce a cache key because the ``cache_ok`` flag is not set to True.  Set this flag to True if this type object's state is safe to use in a cache key, or False to disable this warning.
[2021-11-29 16:23:35,209] {logging_mixin.py:109} INFO - [2021-11-29 16:23:35,209] {dag.py:2928} INFO - Setting next_dagrun for tutorial to 2021-11-28T10:53:35.209132+00:00
[2021-11-29 16:23:35,383] {processor.py:171} INFO - Processing /usr/local/lib/python3.8/dist-packages/airflow/example_dags/tutorial.py took 0.389 seconds
[2021-11-29 16:24:34,119] {processor.py:163} INFO - Started process (PID=6620) to work on /usr/local/lib/python3.8/dist-packages/airflow/example_dags/tutorial.py
[2021-11-29 16:24:34,135] {processor.py:625} INFO - Processing file /usr/local/lib/python3.8/dist-packages/airflow/example_dags/tutorial.py for tasks to queue
[2021-11-29 16:24:34,136] {logging_mixin.py:109} INFO - [2021-11-29 16:24:34,135] {dagbag.py:500} INFO - Filling up the DagBag from /usr/local/lib/python3.8/dist-packages/airflow/example_dags/tutorial.py
[2021-11-29 16:24:34,244] {processor.py:637} INFO - DAG(s) dict_keys(['tutorial']) retrieved from /usr/local/lib/python3.8/dist-packages/airflow/example_dags/tutorial.py
[2021-11-29 16:24:34,262] {logging_mixin.py:109} WARNING - /usr/local/lib/python3.8/dist-packages/airflow/models/serialized_dag.py:120 SAWarning: TypeDecorator UtcDateTime(timezone=True) will not produce a cache key because the ``cache_ok`` flag is not set to True.  Set this flag to True if this type object's state is safe to use in a cache key, or False to disable this warning.
[2021-11-29 16:24:34,300] {logging_mixin.py:109} INFO - [2021-11-29 16:24:34,300] {dag.py:2396} INFO - Sync 1 DAGs
[2021-11-29 16:24:34,352] {logging_mixin.py:109} WARNING - /usr/local/lib/python3.8/dist-packages/airflow/models/dag.py:2433 SAWarning: TypeDecorator UtcDateTime(timezone=True) will not produce a cache key because the ``cache_ok`` flag is not set to True.  Set this flag to True if this type object's state is safe to use in a cache key, or False to disable this warning.
[2021-11-29 16:24:34,385] {logging_mixin.py:109} INFO - [2021-11-29 16:24:34,384] {dag.py:2928} INFO - Setting next_dagrun for tutorial to 2021-11-28T10:54:34.384049+00:00
[2021-11-29 16:24:34,615] {processor.py:171} INFO - Processing /usr/local/lib/python3.8/dist-packages/airflow/example_dags/tutorial.py took 0.512 seconds
[2021-11-29 16:25:33,162] {processor.py:163} INFO - Started process (PID=6790) to work on /usr/local/lib/python3.8/dist-packages/airflow/example_dags/tutorial.py
[2021-11-29 16:25:33,202] {processor.py:625} INFO - Processing file /usr/local/lib/python3.8/dist-packages/airflow/example_dags/tutorial.py for tasks to queue
[2021-11-29 16:25:33,205] {logging_mixin.py:109} INFO - [2021-11-29 16:25:33,205] {dagbag.py:500} INFO - Filling up the DagBag from /usr/local/lib/python3.8/dist-packages/airflow/example_dags/tutorial.py
[2021-11-29 16:25:33,322] {processor.py:637} INFO - DAG(s) dict_keys(['tutorial']) retrieved from /usr/local/lib/python3.8/dist-packages/airflow/example_dags/tutorial.py
[2021-11-29 16:25:33,340] {logging_mixin.py:109} WARNING - /usr/local/lib/python3.8/dist-packages/airflow/models/serialized_dag.py:120 SAWarning: TypeDecorator UtcDateTime(timezone=True) will not produce a cache key because the ``cache_ok`` flag is not set to True.  Set this flag to True if this type object's state is safe to use in a cache key, or False to disable this warning.
[2021-11-29 16:25:33,375] {logging_mixin.py:109} INFO - [2021-11-29 16:25:33,375] {dag.py:2396} INFO - Sync 1 DAGs
[2021-11-29 16:25:33,426] {logging_mixin.py:109} WARNING - /usr/local/lib/python3.8/dist-packages/airflow/models/dag.py:2433 SAWarning: TypeDecorator UtcDateTime(timezone=True) will not produce a cache key because the ``cache_ok`` flag is not set to True.  Set this flag to True if this type object's state is safe to use in a cache key, or False to disable this warning.
[2021-11-29 16:25:33,442] {logging_mixin.py:109} INFO - [2021-11-29 16:25:33,442] {dag.py:2928} INFO - Setting next_dagrun for tutorial to 2021-11-28T10:55:33.441975+00:00
[2021-11-29 16:25:33,796] {processor.py:171} INFO - Processing /usr/local/lib/python3.8/dist-packages/airflow/example_dags/tutorial.py took 0.640 seconds
[2021-11-29 16:26:27,459] {processor.py:163} INFO - Started process (PID=6959) to work on /usr/local/lib/python3.8/dist-packages/airflow/example_dags/tutorial.py
[2021-11-29 16:26:27,537] {processor.py:625} INFO - Processing file /usr/local/lib/python3.8/dist-packages/airflow/example_dags/tutorial.py for tasks to queue
[2021-11-29 16:26:27,538] {logging_mixin.py:109} INFO - [2021-11-29 16:26:27,538] {dagbag.py:500} INFO - Filling up the DagBag from /usr/local/lib/python3.8/dist-packages/airflow/example_dags/tutorial.py
[2021-11-29 16:26:27,620] {processor.py:637} INFO - DAG(s) dict_keys(['tutorial']) retrieved from /usr/local/lib/python3.8/dist-packages/airflow/example_dags/tutorial.py
[2021-11-29 16:26:27,641] {logging_mixin.py:109} WARNING - /usr/local/lib/python3.8/dist-packages/airflow/models/serialized_dag.py:120 SAWarning: TypeDecorator UtcDateTime(timezone=True) will not produce a cache key because the ``cache_ok`` flag is not set to True.  Set this flag to True if this type object's state is safe to use in a cache key, or False to disable this warning.
[2021-11-29 16:26:27,676] {logging_mixin.py:109} INFO - [2021-11-29 16:26:27,676] {dag.py:2396} INFO - Sync 1 DAGs
[2021-11-29 16:26:27,728] {logging_mixin.py:109} WARNING - /usr/local/lib/python3.8/dist-packages/airflow/models/dag.py:2433 SAWarning: TypeDecorator UtcDateTime(timezone=True) will not produce a cache key because the ``cache_ok`` flag is not set to True.  Set this flag to True if this type object's state is safe to use in a cache key, or False to disable this warning.
[2021-11-29 16:26:27,751] {logging_mixin.py:109} INFO - [2021-11-29 16:26:27,751] {dag.py:2928} INFO - Setting next_dagrun for tutorial to 2021-11-28T10:56:27.750564+00:00
[2021-11-29 16:26:28,032] {processor.py:171} INFO - Processing /usr/local/lib/python3.8/dist-packages/airflow/example_dags/tutorial.py took 0.588 seconds
[2021-11-29 16:27:21,017] {processor.py:163} INFO - Started process (PID=7123) to work on /usr/local/lib/python3.8/dist-packages/airflow/example_dags/tutorial.py
[2021-11-29 16:27:21,116] {processor.py:625} INFO - Processing file /usr/local/lib/python3.8/dist-packages/airflow/example_dags/tutorial.py for tasks to queue
[2021-11-29 16:27:21,117] {logging_mixin.py:109} INFO - [2021-11-29 16:27:21,117] {dagbag.py:500} INFO - Filling up the DagBag from /usr/local/lib/python3.8/dist-packages/airflow/example_dags/tutorial.py
[2021-11-29 16:27:21,180] {processor.py:637} INFO - DAG(s) dict_keys(['tutorial']) retrieved from /usr/local/lib/python3.8/dist-packages/airflow/example_dags/tutorial.py
[2021-11-29 16:27:21,188] {logging_mixin.py:109} WARNING - /usr/local/lib/python3.8/dist-packages/airflow/models/serialized_dag.py:120 SAWarning: TypeDecorator UtcDateTime(timezone=True) will not produce a cache key because the ``cache_ok`` flag is not set to True.  Set this flag to True if this type object's state is safe to use in a cache key, or False to disable this warning.
[2021-11-29 16:27:21,213] {logging_mixin.py:109} INFO - [2021-11-29 16:27:21,212] {dag.py:2396} INFO - Sync 1 DAGs
[2021-11-29 16:27:21,228] {logging_mixin.py:109} WARNING - /usr/local/lib/python3.8/dist-packages/airflow/models/dag.py:2433 SAWarning: TypeDecorator UtcDateTime(timezone=True) will not produce a cache key because the ``cache_ok`` flag is not set to True.  Set this flag to True if this type object's state is safe to use in a cache key, or False to disable this warning.
[2021-11-29 16:27:21,241] {logging_mixin.py:109} INFO - [2021-11-29 16:27:21,241] {dag.py:2928} INFO - Setting next_dagrun for tutorial to 2021-11-28T10:57:21.240841+00:00
[2021-11-29 16:27:21,410] {processor.py:171} INFO - Processing /usr/local/lib/python3.8/dist-packages/airflow/example_dags/tutorial.py took 0.408 seconds
[2021-11-29 16:28:16,647] {processor.py:163} INFO - Started process (PID=7282) to work on /usr/local/lib/python3.8/dist-packages/airflow/example_dags/tutorial.py
[2021-11-29 16:28:16,679] {processor.py:625} INFO - Processing file /usr/local/lib/python3.8/dist-packages/airflow/example_dags/tutorial.py for tasks to queue
[2021-11-29 16:28:16,679] {logging_mixin.py:109} INFO - [2021-11-29 16:28:16,679] {dagbag.py:500} INFO - Filling up the DagBag from /usr/local/lib/python3.8/dist-packages/airflow/example_dags/tutorial.py
[2021-11-29 16:28:16,767] {processor.py:637} INFO - DAG(s) dict_keys(['tutorial']) retrieved from /usr/local/lib/python3.8/dist-packages/airflow/example_dags/tutorial.py
[2021-11-29 16:28:16,808] {logging_mixin.py:109} WARNING - /usr/local/lib/python3.8/dist-packages/airflow/models/serialized_dag.py:120 SAWarning: TypeDecorator UtcDateTime(timezone=True) will not produce a cache key because the ``cache_ok`` flag is not set to True.  Set this flag to True if this type object's state is safe to use in a cache key, or False to disable this warning.
[2021-11-29 16:28:16,830] {logging_mixin.py:109} INFO - [2021-11-29 16:28:16,830] {dag.py:2396} INFO - Sync 1 DAGs
[2021-11-29 16:28:16,867] {logging_mixin.py:109} WARNING - /usr/local/lib/python3.8/dist-packages/airflow/models/dag.py:2433 SAWarning: TypeDecorator UtcDateTime(timezone=True) will not produce a cache key because the ``cache_ok`` flag is not set to True.  Set this flag to True if this type object's state is safe to use in a cache key, or False to disable this warning.
[2021-11-29 16:28:16,912] {logging_mixin.py:109} INFO - [2021-11-29 16:28:16,912] {dag.py:2928} INFO - Setting next_dagrun for tutorial to 2021-11-28T10:58:16.911870+00:00
[2021-11-29 16:28:17,114] {processor.py:171} INFO - Processing /usr/local/lib/python3.8/dist-packages/airflow/example_dags/tutorial.py took 0.499 seconds
[2021-11-29 16:29:14,889] {processor.py:163} INFO - Started process (PID=7444) to work on /usr/local/lib/python3.8/dist-packages/airflow/example_dags/tutorial.py
[2021-11-29 16:29:14,913] {processor.py:625} INFO - Processing file /usr/local/lib/python3.8/dist-packages/airflow/example_dags/tutorial.py for tasks to queue
[2021-11-29 16:29:14,914] {logging_mixin.py:109} INFO - [2021-11-29 16:29:14,914] {dagbag.py:500} INFO - Filling up the DagBag from /usr/local/lib/python3.8/dist-packages/airflow/example_dags/tutorial.py
[2021-11-29 16:29:14,999] {processor.py:637} INFO - DAG(s) dict_keys(['tutorial']) retrieved from /usr/local/lib/python3.8/dist-packages/airflow/example_dags/tutorial.py
[2021-11-29 16:29:15,017] {logging_mixin.py:109} WARNING - /usr/local/lib/python3.8/dist-packages/airflow/models/serialized_dag.py:120 SAWarning: TypeDecorator UtcDateTime(timezone=True) will not produce a cache key because the ``cache_ok`` flag is not set to True.  Set this flag to True if this type object's state is safe to use in a cache key, or False to disable this warning.
[2021-11-29 16:29:15,040] {logging_mixin.py:109} INFO - [2021-11-29 16:29:15,040] {dag.py:2396} INFO - Sync 1 DAGs
[2021-11-29 16:29:15,076] {logging_mixin.py:109} WARNING - /usr/local/lib/python3.8/dist-packages/airflow/models/dag.py:2433 SAWarning: TypeDecorator UtcDateTime(timezone=True) will not produce a cache key because the ``cache_ok`` flag is not set to True.  Set this flag to True if this type object's state is safe to use in a cache key, or False to disable this warning.
[2021-11-29 16:29:15,096] {logging_mixin.py:109} INFO - [2021-11-29 16:29:15,092] {dag.py:2928} INFO - Setting next_dagrun for tutorial to 2021-11-28T10:59:15.092377+00:00
[2021-11-29 16:29:15,356] {processor.py:171} INFO - Processing /usr/local/lib/python3.8/dist-packages/airflow/example_dags/tutorial.py took 0.482 seconds
[2021-11-29 16:30:12,144] {processor.py:163} INFO - Started process (PID=7606) to work on /usr/local/lib/python3.8/dist-packages/airflow/example_dags/tutorial.py
[2021-11-29 16:30:12,155] {processor.py:625} INFO - Processing file /usr/local/lib/python3.8/dist-packages/airflow/example_dags/tutorial.py for tasks to queue
[2021-11-29 16:30:12,156] {logging_mixin.py:109} INFO - [2021-11-29 16:30:12,156] {dagbag.py:500} INFO - Filling up the DagBag from /usr/local/lib/python3.8/dist-packages/airflow/example_dags/tutorial.py
[2021-11-29 16:30:12,244] {processor.py:637} INFO - DAG(s) dict_keys(['tutorial']) retrieved from /usr/local/lib/python3.8/dist-packages/airflow/example_dags/tutorial.py
[2021-11-29 16:30:12,251] {logging_mixin.py:109} WARNING - /usr/local/lib/python3.8/dist-packages/airflow/models/serialized_dag.py:120 SAWarning: TypeDecorator UtcDateTime(timezone=True) will not produce a cache key because the ``cache_ok`` flag is not set to True.  Set this flag to True if this type object's state is safe to use in a cache key, or False to disable this warning.
[2021-11-29 16:30:12,274] {logging_mixin.py:109} INFO - [2021-11-29 16:30:12,274] {dag.py:2396} INFO - Sync 1 DAGs
[2021-11-29 16:30:12,312] {logging_mixin.py:109} WARNING - /usr/local/lib/python3.8/dist-packages/airflow/models/dag.py:2433 SAWarning: TypeDecorator UtcDateTime(timezone=True) will not produce a cache key because the ``cache_ok`` flag is not set to True.  Set this flag to True if this type object's state is safe to use in a cache key, or False to disable this warning.
[2021-11-29 16:30:12,346] {logging_mixin.py:109} INFO - [2021-11-29 16:30:12,346] {dag.py:2928} INFO - Setting next_dagrun for tutorial to 2021-11-28T11:00:12.345869+00:00
[2021-11-29 16:30:12,575] {processor.py:171} INFO - Processing /usr/local/lib/python3.8/dist-packages/airflow/example_dags/tutorial.py took 0.435 seconds
[2021-11-29 16:31:09,097] {processor.py:163} INFO - Started process (PID=7771) to work on /usr/local/lib/python3.8/dist-packages/airflow/example_dags/tutorial.py
[2021-11-29 16:31:09,159] {processor.py:625} INFO - Processing file /usr/local/lib/python3.8/dist-packages/airflow/example_dags/tutorial.py for tasks to queue
[2021-11-29 16:31:09,163] {logging_mixin.py:109} INFO - [2021-11-29 16:31:09,163] {dagbag.py:500} INFO - Filling up the DagBag from /usr/local/lib/python3.8/dist-packages/airflow/example_dags/tutorial.py
[2021-11-29 16:31:09,234] {processor.py:637} INFO - DAG(s) dict_keys(['tutorial']) retrieved from /usr/local/lib/python3.8/dist-packages/airflow/example_dags/tutorial.py
[2021-11-29 16:31:09,251] {logging_mixin.py:109} WARNING - /usr/local/lib/python3.8/dist-packages/airflow/models/serialized_dag.py:120 SAWarning: TypeDecorator UtcDateTime(timezone=True) will not produce a cache key because the ``cache_ok`` flag is not set to True.  Set this flag to True if this type object's state is safe to use in a cache key, or False to disable this warning.
[2021-11-29 16:31:09,296] {logging_mixin.py:109} INFO - [2021-11-29 16:31:09,295] {dag.py:2396} INFO - Sync 1 DAGs
[2021-11-29 16:31:09,324] {logging_mixin.py:109} WARNING - /usr/local/lib/python3.8/dist-packages/airflow/models/dag.py:2433 SAWarning: TypeDecorator UtcDateTime(timezone=True) will not produce a cache key because the ``cache_ok`` flag is not set to True.  Set this flag to True if this type object's state is safe to use in a cache key, or False to disable this warning.
[2021-11-29 16:31:09,359] {logging_mixin.py:109} INFO - [2021-11-29 16:31:09,359] {dag.py:2928} INFO - Setting next_dagrun for tutorial to 2021-11-28T11:01:09.358709+00:00
[2021-11-29 16:31:09,679] {processor.py:171} INFO - Processing /usr/local/lib/python3.8/dist-packages/airflow/example_dags/tutorial.py took 0.597 seconds
[2021-11-29 16:32:03,524] {processor.py:163} INFO - Started process (PID=7932) to work on /usr/local/lib/python3.8/dist-packages/airflow/example_dags/tutorial.py
[2021-11-29 16:32:03,560] {processor.py:625} INFO - Processing file /usr/local/lib/python3.8/dist-packages/airflow/example_dags/tutorial.py for tasks to queue
[2021-11-29 16:32:03,561] {logging_mixin.py:109} INFO - [2021-11-29 16:32:03,561] {dagbag.py:500} INFO - Filling up the DagBag from /usr/local/lib/python3.8/dist-packages/airflow/example_dags/tutorial.py
[2021-11-29 16:32:03,647] {processor.py:637} INFO - DAG(s) dict_keys(['tutorial']) retrieved from /usr/local/lib/python3.8/dist-packages/airflow/example_dags/tutorial.py
[2021-11-29 16:32:03,674] {logging_mixin.py:109} WARNING - /usr/local/lib/python3.8/dist-packages/airflow/models/serialized_dag.py:120 SAWarning: TypeDecorator UtcDateTime(timezone=True) will not produce a cache key because the ``cache_ok`` flag is not set to True.  Set this flag to True if this type object's state is safe to use in a cache key, or False to disable this warning.
[2021-11-29 16:32:03,712] {logging_mixin.py:109} INFO - [2021-11-29 16:32:03,712] {dag.py:2396} INFO - Sync 1 DAGs
[2021-11-29 16:32:03,750] {logging_mixin.py:109} WARNING - /usr/local/lib/python3.8/dist-packages/airflow/models/dag.py:2433 SAWarning: TypeDecorator UtcDateTime(timezone=True) will not produce a cache key because the ``cache_ok`` flag is not set to True.  Set this flag to True if this type object's state is safe to use in a cache key, or False to disable this warning.
[2021-11-29 16:32:03,789] {logging_mixin.py:109} INFO - [2021-11-29 16:32:03,789] {dag.py:2928} INFO - Setting next_dagrun for tutorial to 2021-11-28T11:02:03.788950+00:00
[2021-11-29 16:32:04,020] {processor.py:171} INFO - Processing /usr/local/lib/python3.8/dist-packages/airflow/example_dags/tutorial.py took 0.520 seconds
[2021-11-29 16:32:59,535] {processor.py:163} INFO - Started process (PID=8099) to work on /usr/local/lib/python3.8/dist-packages/airflow/example_dags/tutorial.py
[2021-11-29 16:32:59,596] {processor.py:625} INFO - Processing file /usr/local/lib/python3.8/dist-packages/airflow/example_dags/tutorial.py for tasks to queue
[2021-11-29 16:32:59,596] {logging_mixin.py:109} INFO - [2021-11-29 16:32:59,596] {dagbag.py:500} INFO - Filling up the DagBag from /usr/local/lib/python3.8/dist-packages/airflow/example_dags/tutorial.py
[2021-11-29 16:32:59,669] {processor.py:637} INFO - DAG(s) dict_keys(['tutorial']) retrieved from /usr/local/lib/python3.8/dist-packages/airflow/example_dags/tutorial.py
[2021-11-29 16:32:59,697] {logging_mixin.py:109} WARNING - /usr/local/lib/python3.8/dist-packages/airflow/models/serialized_dag.py:120 SAWarning: TypeDecorator UtcDateTime(timezone=True) will not produce a cache key because the ``cache_ok`` flag is not set to True.  Set this flag to True if this type object's state is safe to use in a cache key, or False to disable this warning.
[2021-11-29 16:32:59,714] {logging_mixin.py:109} INFO - [2021-11-29 16:32:59,714] {dag.py:2396} INFO - Sync 1 DAGs
[2021-11-29 16:32:59,762] {logging_mixin.py:109} WARNING - /usr/local/lib/python3.8/dist-packages/airflow/models/dag.py:2433 SAWarning: TypeDecorator UtcDateTime(timezone=True) will not produce a cache key because the ``cache_ok`` flag is not set to True.  Set this flag to True if this type object's state is safe to use in a cache key, or False to disable this warning.
[2021-11-29 16:32:59,779] {logging_mixin.py:109} INFO - [2021-11-29 16:32:59,779] {dag.py:2928} INFO - Setting next_dagrun for tutorial to 2021-11-28T11:02:59.779261+00:00
[2021-11-29 16:32:59,986] {processor.py:171} INFO - Processing /usr/local/lib/python3.8/dist-packages/airflow/example_dags/tutorial.py took 0.457 seconds
[2021-11-29 16:33:54,229] {processor.py:163} INFO - Started process (PID=8262) to work on /usr/local/lib/python3.8/dist-packages/airflow/example_dags/tutorial.py
[2021-11-29 16:33:54,241] {processor.py:625} INFO - Processing file /usr/local/lib/python3.8/dist-packages/airflow/example_dags/tutorial.py for tasks to queue
[2021-11-29 16:33:54,242] {logging_mixin.py:109} INFO - [2021-11-29 16:33:54,242] {dagbag.py:500} INFO - Filling up the DagBag from /usr/local/lib/python3.8/dist-packages/airflow/example_dags/tutorial.py
[2021-11-29 16:33:54,305] {processor.py:637} INFO - DAG(s) dict_keys(['tutorial']) retrieved from /usr/local/lib/python3.8/dist-packages/airflow/example_dags/tutorial.py
[2021-11-29 16:33:54,311] {logging_mixin.py:109} WARNING - /usr/local/lib/python3.8/dist-packages/airflow/models/serialized_dag.py:120 SAWarning: TypeDecorator UtcDateTime(timezone=True) will not produce a cache key because the ``cache_ok`` flag is not set to True.  Set this flag to True if this type object's state is safe to use in a cache key, or False to disable this warning.
[2021-11-29 16:33:54,334] {logging_mixin.py:109} INFO - [2021-11-29 16:33:54,334] {dag.py:2396} INFO - Sync 1 DAGs
[2021-11-29 16:33:54,370] {logging_mixin.py:109} WARNING - /usr/local/lib/python3.8/dist-packages/airflow/models/dag.py:2433 SAWarning: TypeDecorator UtcDateTime(timezone=True) will not produce a cache key because the ``cache_ok`` flag is not set to True.  Set this flag to True if this type object's state is safe to use in a cache key, or False to disable this warning.
[2021-11-29 16:33:54,392] {logging_mixin.py:109} INFO - [2021-11-29 16:33:54,392] {dag.py:2928} INFO - Setting next_dagrun for tutorial to 2021-11-28T11:03:54.391875+00:00
[2021-11-29 16:33:54,589] {processor.py:171} INFO - Processing /usr/local/lib/python3.8/dist-packages/airflow/example_dags/tutorial.py took 0.365 seconds
[2021-11-29 16:34:49,384] {processor.py:163} INFO - Started process (PID=8424) to work on /usr/local/lib/python3.8/dist-packages/airflow/example_dags/tutorial.py
[2021-11-29 16:34:49,595] {processor.py:625} INFO - Processing file /usr/local/lib/python3.8/dist-packages/airflow/example_dags/tutorial.py for tasks to queue
[2021-11-29 16:34:49,596] {logging_mixin.py:109} INFO - [2021-11-29 16:34:49,596] {dagbag.py:500} INFO - Filling up the DagBag from /usr/local/lib/python3.8/dist-packages/airflow/example_dags/tutorial.py
[2021-11-29 16:34:49,701] {processor.py:637} INFO - DAG(s) dict_keys(['tutorial']) retrieved from /usr/local/lib/python3.8/dist-packages/airflow/example_dags/tutorial.py
[2021-11-29 16:34:49,709] {logging_mixin.py:109} WARNING - /usr/local/lib/python3.8/dist-packages/airflow/models/serialized_dag.py:120 SAWarning: TypeDecorator UtcDateTime(timezone=True) will not produce a cache key because the ``cache_ok`` flag is not set to True.  Set this flag to True if this type object's state is safe to use in a cache key, or False to disable this warning.
[2021-11-29 16:34:49,720] {logging_mixin.py:109} INFO - [2021-11-29 16:34:49,720] {dag.py:2396} INFO - Sync 1 DAGs
[2021-11-29 16:34:49,746] {logging_mixin.py:109} WARNING - /usr/local/lib/python3.8/dist-packages/airflow/models/dag.py:2433 SAWarning: TypeDecorator UtcDateTime(timezone=True) will not produce a cache key because the ``cache_ok`` flag is not set to True.  Set this flag to True if this type object's state is safe to use in a cache key, or False to disable this warning.
[2021-11-29 16:34:49,758] {logging_mixin.py:109} INFO - [2021-11-29 16:34:49,758] {dag.py:2928} INFO - Setting next_dagrun for tutorial to 2021-11-28T11:04:49.758160+00:00
[2021-11-29 16:34:50,060] {processor.py:171} INFO - Processing /usr/local/lib/python3.8/dist-packages/airflow/example_dags/tutorial.py took 0.680 seconds
[2021-11-29 16:35:45,938] {processor.py:163} INFO - Started process (PID=8588) to work on /usr/local/lib/python3.8/dist-packages/airflow/example_dags/tutorial.py
[2021-11-29 16:35:45,990] {processor.py:625} INFO - Processing file /usr/local/lib/python3.8/dist-packages/airflow/example_dags/tutorial.py for tasks to queue
[2021-11-29 16:35:45,990] {logging_mixin.py:109} INFO - [2021-11-29 16:35:45,990] {dagbag.py:500} INFO - Filling up the DagBag from /usr/local/lib/python3.8/dist-packages/airflow/example_dags/tutorial.py
[2021-11-29 16:35:46,057] {processor.py:637} INFO - DAG(s) dict_keys(['tutorial']) retrieved from /usr/local/lib/python3.8/dist-packages/airflow/example_dags/tutorial.py
[2021-11-29 16:35:46,071] {logging_mixin.py:109} WARNING - /usr/local/lib/python3.8/dist-packages/airflow/models/serialized_dag.py:120 SAWarning: TypeDecorator UtcDateTime(timezone=True) will not produce a cache key because the ``cache_ok`` flag is not set to True.  Set this flag to True if this type object's state is safe to use in a cache key, or False to disable this warning.
[2021-11-29 16:35:46,087] {logging_mixin.py:109} INFO - [2021-11-29 16:35:46,087] {dag.py:2396} INFO - Sync 1 DAGs
[2021-11-29 16:35:46,110] {logging_mixin.py:109} WARNING - /usr/local/lib/python3.8/dist-packages/airflow/models/dag.py:2433 SAWarning: TypeDecorator UtcDateTime(timezone=True) will not produce a cache key because the ``cache_ok`` flag is not set to True.  Set this flag to True if this type object's state is safe to use in a cache key, or False to disable this warning.
[2021-11-29 16:35:46,127] {logging_mixin.py:109} INFO - [2021-11-29 16:35:46,126] {dag.py:2928} INFO - Setting next_dagrun for tutorial to 2021-11-28T11:05:46.126495+00:00
[2021-11-29 16:35:46,444] {processor.py:171} INFO - Processing /usr/local/lib/python3.8/dist-packages/airflow/example_dags/tutorial.py took 0.532 seconds
[2021-11-29 16:36:43,067] {processor.py:163} INFO - Started process (PID=8744) to work on /usr/local/lib/python3.8/dist-packages/airflow/example_dags/tutorial.py
[2021-11-29 16:36:43,091] {processor.py:625} INFO - Processing file /usr/local/lib/python3.8/dist-packages/airflow/example_dags/tutorial.py for tasks to queue
[2021-11-29 16:36:43,092] {logging_mixin.py:109} INFO - [2021-11-29 16:36:43,092] {dagbag.py:500} INFO - Filling up the DagBag from /usr/local/lib/python3.8/dist-packages/airflow/example_dags/tutorial.py
[2021-11-29 16:36:43,216] {processor.py:637} INFO - DAG(s) dict_keys(['tutorial']) retrieved from /usr/local/lib/python3.8/dist-packages/airflow/example_dags/tutorial.py
[2021-11-29 16:36:43,226] {logging_mixin.py:109} WARNING - /usr/local/lib/python3.8/dist-packages/airflow/models/serialized_dag.py:120 SAWarning: TypeDecorator UtcDateTime(timezone=True) will not produce a cache key because the ``cache_ok`` flag is not set to True.  Set this flag to True if this type object's state is safe to use in a cache key, or False to disable this warning.
[2021-11-29 16:36:43,249] {logging_mixin.py:109} INFO - [2021-11-29 16:36:43,248] {dag.py:2396} INFO - Sync 1 DAGs
[2021-11-29 16:36:43,296] {logging_mixin.py:109} WARNING - /usr/local/lib/python3.8/dist-packages/airflow/models/dag.py:2433 SAWarning: TypeDecorator UtcDateTime(timezone=True) will not produce a cache key because the ``cache_ok`` flag is not set to True.  Set this flag to True if this type object's state is safe to use in a cache key, or False to disable this warning.
[2021-11-29 16:36:43,321] {logging_mixin.py:109} INFO - [2021-11-29 16:36:43,320] {dag.py:2928} INFO - Setting next_dagrun for tutorial to 2021-11-28T11:06:43.320345+00:00
[2021-11-29 16:36:43,527] {processor.py:171} INFO - Processing /usr/local/lib/python3.8/dist-packages/airflow/example_dags/tutorial.py took 0.476 seconds
[2021-11-29 16:37:38,648] {processor.py:163} INFO - Started process (PID=8907) to work on /usr/local/lib/python3.8/dist-packages/airflow/example_dags/tutorial.py
[2021-11-29 16:37:38,691] {processor.py:625} INFO - Processing file /usr/local/lib/python3.8/dist-packages/airflow/example_dags/tutorial.py for tasks to queue
[2021-11-29 16:37:38,692] {logging_mixin.py:109} INFO - [2021-11-29 16:37:38,692] {dagbag.py:500} INFO - Filling up the DagBag from /usr/local/lib/python3.8/dist-packages/airflow/example_dags/tutorial.py
[2021-11-29 16:37:38,801] {processor.py:637} INFO - DAG(s) dict_keys(['tutorial']) retrieved from /usr/local/lib/python3.8/dist-packages/airflow/example_dags/tutorial.py
[2021-11-29 16:37:38,807] {logging_mixin.py:109} WARNING - /usr/local/lib/python3.8/dist-packages/airflow/models/serialized_dag.py:120 SAWarning: TypeDecorator UtcDateTime(timezone=True) will not produce a cache key because the ``cache_ok`` flag is not set to True.  Set this flag to True if this type object's state is safe to use in a cache key, or False to disable this warning.
[2021-11-29 16:37:38,852] {logging_mixin.py:109} INFO - [2021-11-29 16:37:38,852] {dag.py:2396} INFO - Sync 1 DAGs
[2021-11-29 16:37:38,916] {logging_mixin.py:109} WARNING - /usr/local/lib/python3.8/dist-packages/airflow/models/dag.py:2433 SAWarning: TypeDecorator UtcDateTime(timezone=True) will not produce a cache key because the ``cache_ok`` flag is not set to True.  Set this flag to True if this type object's state is safe to use in a cache key, or False to disable this warning.
[2021-11-29 16:37:38,939] {logging_mixin.py:109} INFO - [2021-11-29 16:37:38,939] {dag.py:2928} INFO - Setting next_dagrun for tutorial to 2021-11-28T11:07:38.939232+00:00
[2021-11-29 16:37:39,199] {processor.py:171} INFO - Processing /usr/local/lib/python3.8/dist-packages/airflow/example_dags/tutorial.py took 0.589 seconds
[2021-11-29 16:38:35,290] {processor.py:163} INFO - Started process (PID=9075) to work on /usr/local/lib/python3.8/dist-packages/airflow/example_dags/tutorial.py
[2021-11-29 16:38:35,324] {processor.py:625} INFO - Processing file /usr/local/lib/python3.8/dist-packages/airflow/example_dags/tutorial.py for tasks to queue
[2021-11-29 16:38:35,325] {logging_mixin.py:109} INFO - [2021-11-29 16:38:35,325] {dagbag.py:500} INFO - Filling up the DagBag from /usr/local/lib/python3.8/dist-packages/airflow/example_dags/tutorial.py
[2021-11-29 16:38:35,409] {processor.py:637} INFO - DAG(s) dict_keys(['tutorial']) retrieved from /usr/local/lib/python3.8/dist-packages/airflow/example_dags/tutorial.py
[2021-11-29 16:38:35,425] {logging_mixin.py:109} WARNING - /usr/local/lib/python3.8/dist-packages/airflow/models/serialized_dag.py:120 SAWarning: TypeDecorator UtcDateTime(timezone=True) will not produce a cache key because the ``cache_ok`` flag is not set to True.  Set this flag to True if this type object's state is safe to use in a cache key, or False to disable this warning.
[2021-11-29 16:38:35,443] {logging_mixin.py:109} INFO - [2021-11-29 16:38:35,443] {dag.py:2396} INFO - Sync 1 DAGs
[2021-11-29 16:38:35,465] {logging_mixin.py:109} WARNING - /usr/local/lib/python3.8/dist-packages/airflow/models/dag.py:2433 SAWarning: TypeDecorator UtcDateTime(timezone=True) will not produce a cache key because the ``cache_ok`` flag is not set to True.  Set this flag to True if this type object's state is safe to use in a cache key, or False to disable this warning.
[2021-11-29 16:38:35,481] {logging_mixin.py:109} INFO - [2021-11-29 16:38:35,481] {dag.py:2928} INFO - Setting next_dagrun for tutorial to 2021-11-28T11:08:35.481083+00:00
[2021-11-29 16:38:35,741] {processor.py:171} INFO - Processing /usr/local/lib/python3.8/dist-packages/airflow/example_dags/tutorial.py took 0.457 seconds
[2021-11-29 16:39:28,715] {processor.py:163} INFO - Started process (PID=9238) to work on /usr/local/lib/python3.8/dist-packages/airflow/example_dags/tutorial.py
[2021-11-29 16:39:28,745] {processor.py:625} INFO - Processing file /usr/local/lib/python3.8/dist-packages/airflow/example_dags/tutorial.py for tasks to queue
[2021-11-29 16:39:28,746] {logging_mixin.py:109} INFO - [2021-11-29 16:39:28,746] {dagbag.py:500} INFO - Filling up the DagBag from /usr/local/lib/python3.8/dist-packages/airflow/example_dags/tutorial.py
[2021-11-29 16:39:28,811] {processor.py:637} INFO - DAG(s) dict_keys(['tutorial']) retrieved from /usr/local/lib/python3.8/dist-packages/airflow/example_dags/tutorial.py
[2021-11-29 16:39:28,838] {logging_mixin.py:109} WARNING - /usr/local/lib/python3.8/dist-packages/airflow/models/serialized_dag.py:120 SAWarning: TypeDecorator UtcDateTime(timezone=True) will not produce a cache key because the ``cache_ok`` flag is not set to True.  Set this flag to True if this type object's state is safe to use in a cache key, or False to disable this warning.
[2021-11-29 16:39:28,852] {logging_mixin.py:109} INFO - [2021-11-29 16:39:28,852] {dag.py:2396} INFO - Sync 1 DAGs
[2021-11-29 16:39:28,902] {logging_mixin.py:109} WARNING - /usr/local/lib/python3.8/dist-packages/airflow/models/dag.py:2433 SAWarning: TypeDecorator UtcDateTime(timezone=True) will not produce a cache key because the ``cache_ok`` flag is not set to True.  Set this flag to True if this type object's state is safe to use in a cache key, or False to disable this warning.
[2021-11-29 16:39:28,926] {logging_mixin.py:109} INFO - [2021-11-29 16:39:28,926] {dag.py:2928} INFO - Setting next_dagrun for tutorial to 2021-11-28T11:09:28.926192+00:00
[2021-11-29 16:39:29,175] {processor.py:171} INFO - Processing /usr/local/lib/python3.8/dist-packages/airflow/example_dags/tutorial.py took 0.476 seconds
[2021-11-29 16:40:24,047] {processor.py:163} INFO - Started process (PID=9401) to work on /usr/local/lib/python3.8/dist-packages/airflow/example_dags/tutorial.py
[2021-11-29 16:40:24,050] {processor.py:625} INFO - Processing file /usr/local/lib/python3.8/dist-packages/airflow/example_dags/tutorial.py for tasks to queue
[2021-11-29 16:40:24,051] {logging_mixin.py:109} INFO - [2021-11-29 16:40:24,051] {dagbag.py:500} INFO - Filling up the DagBag from /usr/local/lib/python3.8/dist-packages/airflow/example_dags/tutorial.py
[2021-11-29 16:40:24,126] {processor.py:637} INFO - DAG(s) dict_keys(['tutorial']) retrieved from /usr/local/lib/python3.8/dist-packages/airflow/example_dags/tutorial.py
[2021-11-29 16:40:24,133] {logging_mixin.py:109} WARNING - /usr/local/lib/python3.8/dist-packages/airflow/models/serialized_dag.py:120 SAWarning: TypeDecorator UtcDateTime(timezone=True) will not produce a cache key because the ``cache_ok`` flag is not set to True.  Set this flag to True if this type object's state is safe to use in a cache key, or False to disable this warning.
[2021-11-29 16:40:24,176] {logging_mixin.py:109} INFO - [2021-11-29 16:40:24,175] {dag.py:2396} INFO - Sync 1 DAGs
[2021-11-29 16:40:24,217] {logging_mixin.py:109} WARNING - /usr/local/lib/python3.8/dist-packages/airflow/models/dag.py:2433 SAWarning: TypeDecorator UtcDateTime(timezone=True) will not produce a cache key because the ``cache_ok`` flag is not set to True.  Set this flag to True if this type object's state is safe to use in a cache key, or False to disable this warning.
[2021-11-29 16:40:24,231] {logging_mixin.py:109} INFO - [2021-11-29 16:40:24,231] {dag.py:2928} INFO - Setting next_dagrun for tutorial to 2021-11-28T11:10:24.230972+00:00
[2021-11-29 16:40:24,545] {processor.py:171} INFO - Processing /usr/local/lib/python3.8/dist-packages/airflow/example_dags/tutorial.py took 0.513 seconds
[2021-11-29 16:41:20,814] {processor.py:163} INFO - Started process (PID=9562) to work on /usr/local/lib/python3.8/dist-packages/airflow/example_dags/tutorial.py
[2021-11-29 16:41:20,854] {processor.py:625} INFO - Processing file /usr/local/lib/python3.8/dist-packages/airflow/example_dags/tutorial.py for tasks to queue
[2021-11-29 16:41:20,855] {logging_mixin.py:109} INFO - [2021-11-29 16:41:20,855] {dagbag.py:500} INFO - Filling up the DagBag from /usr/local/lib/python3.8/dist-packages/airflow/example_dags/tutorial.py
[2021-11-29 16:41:20,973] {processor.py:637} INFO - DAG(s) dict_keys(['tutorial']) retrieved from /usr/local/lib/python3.8/dist-packages/airflow/example_dags/tutorial.py
[2021-11-29 16:41:21,001] {logging_mixin.py:109} WARNING - /usr/local/lib/python3.8/dist-packages/airflow/models/serialized_dag.py:120 SAWarning: TypeDecorator UtcDateTime(timezone=True) will not produce a cache key because the ``cache_ok`` flag is not set to True.  Set this flag to True if this type object's state is safe to use in a cache key, or False to disable this warning.
[2021-11-29 16:41:21,021] {logging_mixin.py:109} INFO - [2021-11-29 16:41:21,021] {dag.py:2396} INFO - Sync 1 DAGs
[2021-11-29 16:41:21,046] {logging_mixin.py:109} WARNING - /usr/local/lib/python3.8/dist-packages/airflow/models/dag.py:2433 SAWarning: TypeDecorator UtcDateTime(timezone=True) will not produce a cache key because the ``cache_ok`` flag is not set to True.  Set this flag to True if this type object's state is safe to use in a cache key, or False to disable this warning.
[2021-11-29 16:41:21,063] {logging_mixin.py:109} INFO - [2021-11-29 16:41:21,062] {dag.py:2928} INFO - Setting next_dagrun for tutorial to 2021-11-28T11:11:21.062327+00:00
[2021-11-29 16:41:21,335] {processor.py:171} INFO - Processing /usr/local/lib/python3.8/dist-packages/airflow/example_dags/tutorial.py took 0.547 seconds
[2021-11-29 16:42:22,576] {processor.py:163} INFO - Started process (PID=9740) to work on /usr/local/lib/python3.8/dist-packages/airflow/example_dags/tutorial.py
[2021-11-29 16:42:22,595] {processor.py:625} INFO - Processing file /usr/local/lib/python3.8/dist-packages/airflow/example_dags/tutorial.py for tasks to queue
[2021-11-29 16:42:22,599] {logging_mixin.py:109} INFO - [2021-11-29 16:42:22,599] {dagbag.py:500} INFO - Filling up the DagBag from /usr/local/lib/python3.8/dist-packages/airflow/example_dags/tutorial.py
[2021-11-29 16:42:22,670] {processor.py:637} INFO - DAG(s) dict_keys(['tutorial']) retrieved from /usr/local/lib/python3.8/dist-packages/airflow/example_dags/tutorial.py
[2021-11-29 16:42:22,689] {logging_mixin.py:109} WARNING - /usr/local/lib/python3.8/dist-packages/airflow/models/serialized_dag.py:120 SAWarning: TypeDecorator UtcDateTime(timezone=True) will not produce a cache key because the ``cache_ok`` flag is not set to True.  Set this flag to True if this type object's state is safe to use in a cache key, or False to disable this warning.
[2021-11-29 16:42:22,704] {logging_mixin.py:109} INFO - [2021-11-29 16:42:22,704] {dag.py:2396} INFO - Sync 1 DAGs
[2021-11-29 16:42:22,724] {logging_mixin.py:109} WARNING - /usr/local/lib/python3.8/dist-packages/airflow/models/dag.py:2433 SAWarning: TypeDecorator UtcDateTime(timezone=True) will not produce a cache key because the ``cache_ok`` flag is not set to True.  Set this flag to True if this type object's state is safe to use in a cache key, or False to disable this warning.
[2021-11-29 16:42:22,739] {logging_mixin.py:109} INFO - [2021-11-29 16:42:22,739] {dag.py:2928} INFO - Setting next_dagrun for tutorial to 2021-11-28T11:12:22.738667+00:00
[2021-11-29 16:42:22,936] {processor.py:171} INFO - Processing /usr/local/lib/python3.8/dist-packages/airflow/example_dags/tutorial.py took 0.375 seconds
[2021-11-29 16:43:16,716] {processor.py:163} INFO - Started process (PID=9910) to work on /usr/local/lib/python3.8/dist-packages/airflow/example_dags/tutorial.py
[2021-11-29 16:43:16,718] {processor.py:625} INFO - Processing file /usr/local/lib/python3.8/dist-packages/airflow/example_dags/tutorial.py for tasks to queue
[2021-11-29 16:43:16,719] {logging_mixin.py:109} INFO - [2021-11-29 16:43:16,719] {dagbag.py:500} INFO - Filling up the DagBag from /usr/local/lib/python3.8/dist-packages/airflow/example_dags/tutorial.py
[2021-11-29 16:43:16,800] {processor.py:637} INFO - DAG(s) dict_keys(['tutorial']) retrieved from /usr/local/lib/python3.8/dist-packages/airflow/example_dags/tutorial.py
[2021-11-29 16:43:16,829] {logging_mixin.py:109} WARNING - /usr/local/lib/python3.8/dist-packages/airflow/models/serialized_dag.py:120 SAWarning: TypeDecorator UtcDateTime(timezone=True) will not produce a cache key because the ``cache_ok`` flag is not set to True.  Set this flag to True if this type object's state is safe to use in a cache key, or False to disable this warning.
[2021-11-29 16:43:16,844] {logging_mixin.py:109} INFO - [2021-11-29 16:43:16,844] {dag.py:2396} INFO - Sync 1 DAGs
[2021-11-29 16:43:16,888] {logging_mixin.py:109} WARNING - /usr/local/lib/python3.8/dist-packages/airflow/models/dag.py:2433 SAWarning: TypeDecorator UtcDateTime(timezone=True) will not produce a cache key because the ``cache_ok`` flag is not set to True.  Set this flag to True if this type object's state is safe to use in a cache key, or False to disable this warning.
[2021-11-29 16:43:16,924] {logging_mixin.py:109} INFO - [2021-11-29 16:43:16,924] {dag.py:2928} INFO - Setting next_dagrun for tutorial to 2021-11-28T11:13:16.923796+00:00
[2021-11-29 16:43:17,250] {processor.py:171} INFO - Processing /usr/local/lib/python3.8/dist-packages/airflow/example_dags/tutorial.py took 0.563 seconds
[2021-11-29 16:44:09,153] {processor.py:163} INFO - Started process (PID=10069) to work on /usr/local/lib/python3.8/dist-packages/airflow/example_dags/tutorial.py
[2021-11-29 16:44:09,171] {processor.py:625} INFO - Processing file /usr/local/lib/python3.8/dist-packages/airflow/example_dags/tutorial.py for tasks to queue
[2021-11-29 16:44:09,172] {logging_mixin.py:109} INFO - [2021-11-29 16:44:09,172] {dagbag.py:500} INFO - Filling up the DagBag from /usr/local/lib/python3.8/dist-packages/airflow/example_dags/tutorial.py
[2021-11-29 16:44:09,303] {processor.py:637} INFO - DAG(s) dict_keys(['tutorial']) retrieved from /usr/local/lib/python3.8/dist-packages/airflow/example_dags/tutorial.py
[2021-11-29 16:44:09,311] {logging_mixin.py:109} WARNING - /usr/local/lib/python3.8/dist-packages/airflow/models/serialized_dag.py:120 SAWarning: TypeDecorator UtcDateTime(timezone=True) will not produce a cache key because the ``cache_ok`` flag is not set to True.  Set this flag to True if this type object's state is safe to use in a cache key, or False to disable this warning.
[2021-11-29 16:44:09,337] {logging_mixin.py:109} INFO - [2021-11-29 16:44:09,337] {dag.py:2396} INFO - Sync 1 DAGs
[2021-11-29 16:44:09,361] {logging_mixin.py:109} WARNING - /usr/local/lib/python3.8/dist-packages/airflow/models/dag.py:2433 SAWarning: TypeDecorator UtcDateTime(timezone=True) will not produce a cache key because the ``cache_ok`` flag is not set to True.  Set this flag to True if this type object's state is safe to use in a cache key, or False to disable this warning.
[2021-11-29 16:44:09,380] {logging_mixin.py:109} INFO - [2021-11-29 16:44:09,379] {dag.py:2928} INFO - Setting next_dagrun for tutorial to 2021-11-28T11:14:09.379551+00:00
[2021-11-29 16:44:09,653] {processor.py:171} INFO - Processing /usr/local/lib/python3.8/dist-packages/airflow/example_dags/tutorial.py took 0.525 seconds
[2021-11-29 16:45:07,546] {processor.py:163} INFO - Started process (PID=10243) to work on /usr/local/lib/python3.8/dist-packages/airflow/example_dags/tutorial.py
[2021-11-29 16:45:07,580] {processor.py:625} INFO - Processing file /usr/local/lib/python3.8/dist-packages/airflow/example_dags/tutorial.py for tasks to queue
[2021-11-29 16:45:07,581] {logging_mixin.py:109} INFO - [2021-11-29 16:45:07,581] {dagbag.py:500} INFO - Filling up the DagBag from /usr/local/lib/python3.8/dist-packages/airflow/example_dags/tutorial.py
[2021-11-29 16:45:07,708] {processor.py:637} INFO - DAG(s) dict_keys(['tutorial']) retrieved from /usr/local/lib/python3.8/dist-packages/airflow/example_dags/tutorial.py
[2021-11-29 16:45:07,729] {logging_mixin.py:109} WARNING - /usr/local/lib/python3.8/dist-packages/airflow/models/serialized_dag.py:120 SAWarning: TypeDecorator UtcDateTime(timezone=True) will not produce a cache key because the ``cache_ok`` flag is not set to True.  Set this flag to True if this type object's state is safe to use in a cache key, or False to disable this warning.
[2021-11-29 16:45:07,751] {logging_mixin.py:109} INFO - [2021-11-29 16:45:07,751] {dag.py:2396} INFO - Sync 1 DAGs
[2021-11-29 16:45:07,813] {logging_mixin.py:109} WARNING - /usr/local/lib/python3.8/dist-packages/airflow/models/dag.py:2433 SAWarning: TypeDecorator UtcDateTime(timezone=True) will not produce a cache key because the ``cache_ok`` flag is not set to True.  Set this flag to True if this type object's state is safe to use in a cache key, or False to disable this warning.
[2021-11-29 16:45:07,831] {logging_mixin.py:109} INFO - [2021-11-29 16:45:07,831] {dag.py:2928} INFO - Setting next_dagrun for tutorial to 2021-11-28T11:15:07.830980+00:00
[2021-11-29 16:45:08,076] {processor.py:171} INFO - Processing /usr/local/lib/python3.8/dist-packages/airflow/example_dags/tutorial.py took 0.545 seconds
[2021-11-29 16:46:03,293] {processor.py:163} INFO - Started process (PID=10410) to work on /usr/local/lib/python3.8/dist-packages/airflow/example_dags/tutorial.py
[2021-11-29 16:46:03,305] {processor.py:625} INFO - Processing file /usr/local/lib/python3.8/dist-packages/airflow/example_dags/tutorial.py for tasks to queue
[2021-11-29 16:46:03,306] {logging_mixin.py:109} INFO - [2021-11-29 16:46:03,306] {dagbag.py:500} INFO - Filling up the DagBag from /usr/local/lib/python3.8/dist-packages/airflow/example_dags/tutorial.py
[2021-11-29 16:46:03,365] {processor.py:637} INFO - DAG(s) dict_keys(['tutorial']) retrieved from /usr/local/lib/python3.8/dist-packages/airflow/example_dags/tutorial.py
[2021-11-29 16:46:03,374] {logging_mixin.py:109} WARNING - /usr/local/lib/python3.8/dist-packages/airflow/models/serialized_dag.py:120 SAWarning: TypeDecorator UtcDateTime(timezone=True) will not produce a cache key because the ``cache_ok`` flag is not set to True.  Set this flag to True if this type object's state is safe to use in a cache key, or False to disable this warning.
[2021-11-29 16:46:03,405] {logging_mixin.py:109} INFO - [2021-11-29 16:46:03,405] {dag.py:2396} INFO - Sync 1 DAGs
[2021-11-29 16:46:03,455] {logging_mixin.py:109} WARNING - /usr/local/lib/python3.8/dist-packages/airflow/models/dag.py:2433 SAWarning: TypeDecorator UtcDateTime(timezone=True) will not produce a cache key because the ``cache_ok`` flag is not set to True.  Set this flag to True if this type object's state is safe to use in a cache key, or False to disable this warning.
[2021-11-29 16:46:03,493] {logging_mixin.py:109} INFO - [2021-11-29 16:46:03,493] {dag.py:2928} INFO - Setting next_dagrun for tutorial to 2021-11-28T11:16:03.493371+00:00
[2021-11-29 16:46:03,738] {processor.py:171} INFO - Processing /usr/local/lib/python3.8/dist-packages/airflow/example_dags/tutorial.py took 0.449 seconds
