[2021-11-29 16:14:58,685] {processor.py:163} INFO - Started process (PID=4891) to work on /usr/local/lib/python3.8/dist-packages/airflow/example_dags/tutorial_taskflow_api_etl.py
[2021-11-29 16:14:58,695] {processor.py:625} INFO - Processing file /usr/local/lib/python3.8/dist-packages/airflow/example_dags/tutorial_taskflow_api_etl.py for tasks to queue
[2021-11-29 16:14:58,696] {logging_mixin.py:109} INFO - [2021-11-29 16:14:58,696] {dagbag.py:500} INFO - Filling up the DagBag from /usr/local/lib/python3.8/dist-packages/airflow/example_dags/tutorial_taskflow_api_etl.py
[2021-11-29 16:14:58,750] {processor.py:637} INFO - DAG(s) dict_keys(['tutorial_taskflow_api_etl']) retrieved from /usr/local/lib/python3.8/dist-packages/airflow/example_dags/tutorial_taskflow_api_etl.py
[2021-11-29 16:14:58,760] {logging_mixin.py:109} WARNING - /usr/local/lib/python3.8/dist-packages/airflow/models/serialized_dag.py:120 SAWarning: TypeDecorator UtcDateTime(timezone=True) will not produce a cache key because the ``cache_ok`` flag is not set to True.  Set this flag to True if this type object's state is safe to use in a cache key, or False to disable this warning.
[2021-11-29 16:14:59,359] {logging_mixin.py:109} INFO - [2021-11-29 16:14:59,359] {dag.py:2396} INFO - Sync 1 DAGs
[2021-11-29 16:14:59,382] {logging_mixin.py:109} WARNING - /usr/local/lib/python3.8/dist-packages/airflow/models/dag.py:2433 SAWarning: TypeDecorator UtcDateTime(timezone=True) will not produce a cache key because the ``cache_ok`` flag is not set to True.  Set this flag to True if this type object's state is safe to use in a cache key, or False to disable this warning.
[2021-11-29 16:14:59,394] {logging_mixin.py:109} INFO - [2021-11-29 16:14:59,394] {dag.py:2928} INFO - Setting next_dagrun for tutorial_taskflow_api_etl to None
[2021-11-29 16:14:59,580] {processor.py:171} INFO - Processing /usr/local/lib/python3.8/dist-packages/airflow/example_dags/tutorial_taskflow_api_etl.py took 0.900 seconds
[2021-11-29 16:16:00,155] {processor.py:163} INFO - Started process (PID=5060) to work on /usr/local/lib/python3.8/dist-packages/airflow/example_dags/tutorial_taskflow_api_etl.py
[2021-11-29 16:16:00,167] {processor.py:625} INFO - Processing file /usr/local/lib/python3.8/dist-packages/airflow/example_dags/tutorial_taskflow_api_etl.py for tasks to queue
[2021-11-29 16:16:00,168] {logging_mixin.py:109} INFO - [2021-11-29 16:16:00,168] {dagbag.py:500} INFO - Filling up the DagBag from /usr/local/lib/python3.8/dist-packages/airflow/example_dags/tutorial_taskflow_api_etl.py
[2021-11-29 16:16:00,255] {processor.py:637} INFO - DAG(s) dict_keys(['tutorial_taskflow_api_etl']) retrieved from /usr/local/lib/python3.8/dist-packages/airflow/example_dags/tutorial_taskflow_api_etl.py
[2021-11-29 16:16:00,271] {logging_mixin.py:109} WARNING - /usr/local/lib/python3.8/dist-packages/airflow/models/serialized_dag.py:120 SAWarning: TypeDecorator UtcDateTime(timezone=True) will not produce a cache key because the ``cache_ok`` flag is not set to True.  Set this flag to True if this type object's state is safe to use in a cache key, or False to disable this warning.
[2021-11-29 16:16:01,137] {logging_mixin.py:109} INFO - [2021-11-29 16:16:01,137] {dag.py:2396} INFO - Sync 1 DAGs
[2021-11-29 16:16:01,151] {logging_mixin.py:109} WARNING - /usr/local/lib/python3.8/dist-packages/airflow/models/dag.py:2433 SAWarning: TypeDecorator UtcDateTime(timezone=True) will not produce a cache key because the ``cache_ok`` flag is not set to True.  Set this flag to True if this type object's state is safe to use in a cache key, or False to disable this warning.
[2021-11-29 16:16:01,162] {logging_mixin.py:109} INFO - [2021-11-29 16:16:01,161] {dag.py:2928} INFO - Setting next_dagrun for tutorial_taskflow_api_etl to None
[2021-11-29 16:16:01,312] {processor.py:171} INFO - Processing /usr/local/lib/python3.8/dist-packages/airflow/example_dags/tutorial_taskflow_api_etl.py took 1.172 seconds
[2021-11-29 16:17:00,765] {processor.py:163} INFO - Started process (PID=5232) to work on /usr/local/lib/python3.8/dist-packages/airflow/example_dags/tutorial_taskflow_api_etl.py
[2021-11-29 16:17:00,767] {processor.py:625} INFO - Processing file /usr/local/lib/python3.8/dist-packages/airflow/example_dags/tutorial_taskflow_api_etl.py for tasks to queue
[2021-11-29 16:17:00,768] {logging_mixin.py:109} INFO - [2021-11-29 16:17:00,768] {dagbag.py:500} INFO - Filling up the DagBag from /usr/local/lib/python3.8/dist-packages/airflow/example_dags/tutorial_taskflow_api_etl.py
[2021-11-29 16:17:00,858] {processor.py:637} INFO - DAG(s) dict_keys(['tutorial_taskflow_api_etl']) retrieved from /usr/local/lib/python3.8/dist-packages/airflow/example_dags/tutorial_taskflow_api_etl.py
[2021-11-29 16:17:00,869] {logging_mixin.py:109} WARNING - /usr/local/lib/python3.8/dist-packages/airflow/models/serialized_dag.py:120 SAWarning: TypeDecorator UtcDateTime(timezone=True) will not produce a cache key because the ``cache_ok`` flag is not set to True.  Set this flag to True if this type object's state is safe to use in a cache key, or False to disable this warning.
[2021-11-29 16:17:01,456] {logging_mixin.py:109} INFO - [2021-11-29 16:17:01,456] {dag.py:2396} INFO - Sync 1 DAGs
[2021-11-29 16:17:01,474] {logging_mixin.py:109} WARNING - /usr/local/lib/python3.8/dist-packages/airflow/models/dag.py:2433 SAWarning: TypeDecorator UtcDateTime(timezone=True) will not produce a cache key because the ``cache_ok`` flag is not set to True.  Set this flag to True if this type object's state is safe to use in a cache key, or False to disable this warning.
[2021-11-29 16:17:01,493] {logging_mixin.py:109} INFO - [2021-11-29 16:17:01,493] {dag.py:2928} INFO - Setting next_dagrun for tutorial_taskflow_api_etl to None
[2021-11-29 16:17:01,740] {processor.py:171} INFO - Processing /usr/local/lib/python3.8/dist-packages/airflow/example_dags/tutorial_taskflow_api_etl.py took 0.990 seconds
[2021-11-29 16:17:58,047] {processor.py:163} INFO - Started process (PID=5417) to work on /usr/local/lib/python3.8/dist-packages/airflow/example_dags/tutorial_taskflow_api_etl.py
[2021-11-29 16:17:58,062] {processor.py:625} INFO - Processing file /usr/local/lib/python3.8/dist-packages/airflow/example_dags/tutorial_taskflow_api_etl.py for tasks to queue
[2021-11-29 16:17:58,063] {logging_mixin.py:109} INFO - [2021-11-29 16:17:58,063] {dagbag.py:500} INFO - Filling up the DagBag from /usr/local/lib/python3.8/dist-packages/airflow/example_dags/tutorial_taskflow_api_etl.py
[2021-11-29 16:17:58,124] {processor.py:637} INFO - DAG(s) dict_keys(['tutorial_taskflow_api_etl']) retrieved from /usr/local/lib/python3.8/dist-packages/airflow/example_dags/tutorial_taskflow_api_etl.py
[2021-11-29 16:17:58,141] {logging_mixin.py:109} WARNING - /usr/local/lib/python3.8/dist-packages/airflow/models/serialized_dag.py:120 SAWarning: TypeDecorator UtcDateTime(timezone=True) will not produce a cache key because the ``cache_ok`` flag is not set to True.  Set this flag to True if this type object's state is safe to use in a cache key, or False to disable this warning.
[2021-11-29 16:17:58,916] {logging_mixin.py:109} INFO - [2021-11-29 16:17:58,916] {dag.py:2396} INFO - Sync 1 DAGs
[2021-11-29 16:17:58,933] {logging_mixin.py:109} WARNING - /usr/local/lib/python3.8/dist-packages/airflow/models/dag.py:2433 SAWarning: TypeDecorator UtcDateTime(timezone=True) will not produce a cache key because the ``cache_ok`` flag is not set to True.  Set this flag to True if this type object's state is safe to use in a cache key, or False to disable this warning.
[2021-11-29 16:17:58,946] {logging_mixin.py:109} INFO - [2021-11-29 16:17:58,946] {dag.py:2928} INFO - Setting next_dagrun for tutorial_taskflow_api_etl to None
[2021-11-29 16:17:59,139] {processor.py:171} INFO - Processing /usr/local/lib/python3.8/dist-packages/airflow/example_dags/tutorial_taskflow_api_etl.py took 1.106 seconds
[2021-11-29 16:18:56,136] {processor.py:163} INFO - Started process (PID=5585) to work on /usr/local/lib/python3.8/dist-packages/airflow/example_dags/tutorial_taskflow_api_etl.py
[2021-11-29 16:18:56,230] {processor.py:625} INFO - Processing file /usr/local/lib/python3.8/dist-packages/airflow/example_dags/tutorial_taskflow_api_etl.py for tasks to queue
[2021-11-29 16:18:56,231] {logging_mixin.py:109} INFO - [2021-11-29 16:18:56,230] {dagbag.py:500} INFO - Filling up the DagBag from /usr/local/lib/python3.8/dist-packages/airflow/example_dags/tutorial_taskflow_api_etl.py
[2021-11-29 16:18:56,355] {processor.py:637} INFO - DAG(s) dict_keys(['tutorial_taskflow_api_etl']) retrieved from /usr/local/lib/python3.8/dist-packages/airflow/example_dags/tutorial_taskflow_api_etl.py
[2021-11-29 16:18:56,362] {logging_mixin.py:109} WARNING - /usr/local/lib/python3.8/dist-packages/airflow/models/serialized_dag.py:120 SAWarning: TypeDecorator UtcDateTime(timezone=True) will not produce a cache key because the ``cache_ok`` flag is not set to True.  Set this flag to True if this type object's state is safe to use in a cache key, or False to disable this warning.
[2021-11-29 16:18:57,047] {logging_mixin.py:109} INFO - [2021-11-29 16:18:57,046] {dag.py:2396} INFO - Sync 1 DAGs
[2021-11-29 16:18:57,060] {logging_mixin.py:109} WARNING - /usr/local/lib/python3.8/dist-packages/airflow/models/dag.py:2433 SAWarning: TypeDecorator UtcDateTime(timezone=True) will not produce a cache key because the ``cache_ok`` flag is not set to True.  Set this flag to True if this type object's state is safe to use in a cache key, or False to disable this warning.
[2021-11-29 16:18:57,072] {logging_mixin.py:109} INFO - [2021-11-29 16:18:57,072] {dag.py:2928} INFO - Setting next_dagrun for tutorial_taskflow_api_etl to None
[2021-11-29 16:18:57,277] {processor.py:171} INFO - Processing /usr/local/lib/python3.8/dist-packages/airflow/example_dags/tutorial_taskflow_api_etl.py took 1.157 seconds
[2021-11-29 16:19:51,337] {processor.py:163} INFO - Started process (PID=5754) to work on /usr/local/lib/python3.8/dist-packages/airflow/example_dags/tutorial_taskflow_api_etl.py
[2021-11-29 16:19:51,373] {processor.py:625} INFO - Processing file /usr/local/lib/python3.8/dist-packages/airflow/example_dags/tutorial_taskflow_api_etl.py for tasks to queue
[2021-11-29 16:19:51,395] {logging_mixin.py:109} INFO - [2021-11-29 16:19:51,395] {dagbag.py:500} INFO - Filling up the DagBag from /usr/local/lib/python3.8/dist-packages/airflow/example_dags/tutorial_taskflow_api_etl.py
[2021-11-29 16:19:51,480] {processor.py:637} INFO - DAG(s) dict_keys(['tutorial_taskflow_api_etl']) retrieved from /usr/local/lib/python3.8/dist-packages/airflow/example_dags/tutorial_taskflow_api_etl.py
[2021-11-29 16:19:51,486] {logging_mixin.py:109} WARNING - /usr/local/lib/python3.8/dist-packages/airflow/models/serialized_dag.py:120 SAWarning: TypeDecorator UtcDateTime(timezone=True) will not produce a cache key because the ``cache_ok`` flag is not set to True.  Set this flag to True if this type object's state is safe to use in a cache key, or False to disable this warning.
[2021-11-29 16:19:51,971] {logging_mixin.py:109} INFO - [2021-11-29 16:19:51,970] {dag.py:2396} INFO - Sync 1 DAGs
[2021-11-29 16:19:51,987] {logging_mixin.py:109} WARNING - /usr/local/lib/python3.8/dist-packages/airflow/models/dag.py:2433 SAWarning: TypeDecorator UtcDateTime(timezone=True) will not produce a cache key because the ``cache_ok`` flag is not set to True.  Set this flag to True if this type object's state is safe to use in a cache key, or False to disable this warning.
[2021-11-29 16:19:52,004] {logging_mixin.py:109} INFO - [2021-11-29 16:19:52,004] {dag.py:2928} INFO - Setting next_dagrun for tutorial_taskflow_api_etl to None
[2021-11-29 16:19:52,178] {processor.py:171} INFO - Processing /usr/local/lib/python3.8/dist-packages/airflow/example_dags/tutorial_taskflow_api_etl.py took 0.858 seconds
[2021-11-29 16:20:44,787] {processor.py:163} INFO - Started process (PID=5926) to work on /usr/local/lib/python3.8/dist-packages/airflow/example_dags/tutorial_taskflow_api_etl.py
[2021-11-29 16:20:44,798] {processor.py:625} INFO - Processing file /usr/local/lib/python3.8/dist-packages/airflow/example_dags/tutorial_taskflow_api_etl.py for tasks to queue
[2021-11-29 16:20:44,799] {logging_mixin.py:109} INFO - [2021-11-29 16:20:44,799] {dagbag.py:500} INFO - Filling up the DagBag from /usr/local/lib/python3.8/dist-packages/airflow/example_dags/tutorial_taskflow_api_etl.py
[2021-11-29 16:20:44,867] {processor.py:637} INFO - DAG(s) dict_keys(['tutorial_taskflow_api_etl']) retrieved from /usr/local/lib/python3.8/dist-packages/airflow/example_dags/tutorial_taskflow_api_etl.py
[2021-11-29 16:20:44,874] {logging_mixin.py:109} WARNING - /usr/local/lib/python3.8/dist-packages/airflow/models/serialized_dag.py:120 SAWarning: TypeDecorator UtcDateTime(timezone=True) will not produce a cache key because the ``cache_ok`` flag is not set to True.  Set this flag to True if this type object's state is safe to use in a cache key, or False to disable this warning.
[2021-11-29 16:20:45,343] {logging_mixin.py:109} INFO - [2021-11-29 16:20:45,343] {dag.py:2396} INFO - Sync 1 DAGs
[2021-11-29 16:20:45,361] {logging_mixin.py:109} WARNING - /usr/local/lib/python3.8/dist-packages/airflow/models/dag.py:2433 SAWarning: TypeDecorator UtcDateTime(timezone=True) will not produce a cache key because the ``cache_ok`` flag is not set to True.  Set this flag to True if this type object's state is safe to use in a cache key, or False to disable this warning.
[2021-11-29 16:20:45,386] {logging_mixin.py:109} INFO - [2021-11-29 16:20:45,386] {dag.py:2928} INFO - Setting next_dagrun for tutorial_taskflow_api_etl to None
[2021-11-29 16:20:45,614] {processor.py:171} INFO - Processing /usr/local/lib/python3.8/dist-packages/airflow/example_dags/tutorial_taskflow_api_etl.py took 0.842 seconds
[2021-11-29 16:21:38,924] {processor.py:163} INFO - Started process (PID=6095) to work on /usr/local/lib/python3.8/dist-packages/airflow/example_dags/tutorial_taskflow_api_etl.py
[2021-11-29 16:21:38,935] {processor.py:625} INFO - Processing file /usr/local/lib/python3.8/dist-packages/airflow/example_dags/tutorial_taskflow_api_etl.py for tasks to queue
[2021-11-29 16:21:38,936] {logging_mixin.py:109} INFO - [2021-11-29 16:21:38,936] {dagbag.py:500} INFO - Filling up the DagBag from /usr/local/lib/python3.8/dist-packages/airflow/example_dags/tutorial_taskflow_api_etl.py
[2021-11-29 16:21:39,002] {processor.py:637} INFO - DAG(s) dict_keys(['tutorial_taskflow_api_etl']) retrieved from /usr/local/lib/python3.8/dist-packages/airflow/example_dags/tutorial_taskflow_api_etl.py
[2021-11-29 16:21:39,008] {logging_mixin.py:109} WARNING - /usr/local/lib/python3.8/dist-packages/airflow/models/serialized_dag.py:120 SAWarning: TypeDecorator UtcDateTime(timezone=True) will not produce a cache key because the ``cache_ok`` flag is not set to True.  Set this flag to True if this type object's state is safe to use in a cache key, or False to disable this warning.
[2021-11-29 16:21:39,551] {logging_mixin.py:109} INFO - [2021-11-29 16:21:39,550] {dag.py:2396} INFO - Sync 1 DAGs
[2021-11-29 16:21:39,563] {logging_mixin.py:109} WARNING - /usr/local/lib/python3.8/dist-packages/airflow/models/dag.py:2433 SAWarning: TypeDecorator UtcDateTime(timezone=True) will not produce a cache key because the ``cache_ok`` flag is not set to True.  Set this flag to True if this type object's state is safe to use in a cache key, or False to disable this warning.
[2021-11-29 16:21:39,586] {logging_mixin.py:109} INFO - [2021-11-29 16:21:39,586] {dag.py:2928} INFO - Setting next_dagrun for tutorial_taskflow_api_etl to None
[2021-11-29 16:21:39,901] {processor.py:171} INFO - Processing /usr/local/lib/python3.8/dist-packages/airflow/example_dags/tutorial_taskflow_api_etl.py took 0.981 seconds
[2021-11-29 16:22:37,674] {processor.py:163} INFO - Started process (PID=6278) to work on /usr/local/lib/python3.8/dist-packages/airflow/example_dags/tutorial_taskflow_api_etl.py
[2021-11-29 16:22:37,685] {processor.py:625} INFO - Processing file /usr/local/lib/python3.8/dist-packages/airflow/example_dags/tutorial_taskflow_api_etl.py for tasks to queue
[2021-11-29 16:22:37,687] {logging_mixin.py:109} INFO - [2021-11-29 16:22:37,687] {dagbag.py:500} INFO - Filling up the DagBag from /usr/local/lib/python3.8/dist-packages/airflow/example_dags/tutorial_taskflow_api_etl.py
[2021-11-29 16:22:37,786] {processor.py:637} INFO - DAG(s) dict_keys(['tutorial_taskflow_api_etl']) retrieved from /usr/local/lib/python3.8/dist-packages/airflow/example_dags/tutorial_taskflow_api_etl.py
[2021-11-29 16:22:37,794] {logging_mixin.py:109} WARNING - /usr/local/lib/python3.8/dist-packages/airflow/models/serialized_dag.py:120 SAWarning: TypeDecorator UtcDateTime(timezone=True) will not produce a cache key because the ``cache_ok`` flag is not set to True.  Set this flag to True if this type object's state is safe to use in a cache key, or False to disable this warning.
[2021-11-29 16:22:38,662] {logging_mixin.py:109} INFO - [2021-11-29 16:22:38,661] {dag.py:2396} INFO - Sync 1 DAGs
[2021-11-29 16:22:38,676] {logging_mixin.py:109} WARNING - /usr/local/lib/python3.8/dist-packages/airflow/models/dag.py:2433 SAWarning: TypeDecorator UtcDateTime(timezone=True) will not produce a cache key because the ``cache_ok`` flag is not set to True.  Set this flag to True if this type object's state is safe to use in a cache key, or False to disable this warning.
[2021-11-29 16:22:38,690] {logging_mixin.py:109} INFO - [2021-11-29 16:22:38,689] {dag.py:2928} INFO - Setting next_dagrun for tutorial_taskflow_api_etl to None
[2021-11-29 16:22:38,948] {processor.py:171} INFO - Processing /usr/local/lib/python3.8/dist-packages/airflow/example_dags/tutorial_taskflow_api_etl.py took 1.278 seconds
[2021-11-29 16:23:32,827] {processor.py:163} INFO - Started process (PID=6452) to work on /usr/local/lib/python3.8/dist-packages/airflow/example_dags/tutorial_taskflow_api_etl.py
[2021-11-29 16:23:32,852] {processor.py:625} INFO - Processing file /usr/local/lib/python3.8/dist-packages/airflow/example_dags/tutorial_taskflow_api_etl.py for tasks to queue
[2021-11-29 16:23:32,852] {logging_mixin.py:109} INFO - [2021-11-29 16:23:32,852] {dagbag.py:500} INFO - Filling up the DagBag from /usr/local/lib/python3.8/dist-packages/airflow/example_dags/tutorial_taskflow_api_etl.py
[2021-11-29 16:23:32,956] {processor.py:637} INFO - DAG(s) dict_keys(['tutorial_taskflow_api_etl']) retrieved from /usr/local/lib/python3.8/dist-packages/airflow/example_dags/tutorial_taskflow_api_etl.py
[2021-11-29 16:23:32,961] {logging_mixin.py:109} WARNING - /usr/local/lib/python3.8/dist-packages/airflow/models/serialized_dag.py:120 SAWarning: TypeDecorator UtcDateTime(timezone=True) will not produce a cache key because the ``cache_ok`` flag is not set to True.  Set this flag to True if this type object's state is safe to use in a cache key, or False to disable this warning.
[2021-11-29 16:23:33,492] {logging_mixin.py:109} INFO - [2021-11-29 16:23:33,492] {dag.py:2396} INFO - Sync 1 DAGs
[2021-11-29 16:23:33,508] {logging_mixin.py:109} WARNING - /usr/local/lib/python3.8/dist-packages/airflow/models/dag.py:2433 SAWarning: TypeDecorator UtcDateTime(timezone=True) will not produce a cache key because the ``cache_ok`` flag is not set to True.  Set this flag to True if this type object's state is safe to use in a cache key, or False to disable this warning.
[2021-11-29 16:23:33,522] {logging_mixin.py:109} INFO - [2021-11-29 16:23:33,522] {dag.py:2928} INFO - Setting next_dagrun for tutorial_taskflow_api_etl to None
[2021-11-29 16:23:33,717] {processor.py:171} INFO - Processing /usr/local/lib/python3.8/dist-packages/airflow/example_dags/tutorial_taskflow_api_etl.py took 0.897 seconds
[2021-11-29 16:24:31,976] {processor.py:163} INFO - Started process (PID=6613) to work on /usr/local/lib/python3.8/dist-packages/airflow/example_dags/tutorial_taskflow_api_etl.py
[2021-11-29 16:24:31,982] {processor.py:625} INFO - Processing file /usr/local/lib/python3.8/dist-packages/airflow/example_dags/tutorial_taskflow_api_etl.py for tasks to queue
[2021-11-29 16:24:31,983] {logging_mixin.py:109} INFO - [2021-11-29 16:24:31,982] {dagbag.py:500} INFO - Filling up the DagBag from /usr/local/lib/python3.8/dist-packages/airflow/example_dags/tutorial_taskflow_api_etl.py
[2021-11-29 16:24:32,079] {processor.py:637} INFO - DAG(s) dict_keys(['tutorial_taskflow_api_etl']) retrieved from /usr/local/lib/python3.8/dist-packages/airflow/example_dags/tutorial_taskflow_api_etl.py
[2021-11-29 16:24:32,090] {logging_mixin.py:109} WARNING - /usr/local/lib/python3.8/dist-packages/airflow/models/serialized_dag.py:120 SAWarning: TypeDecorator UtcDateTime(timezone=True) will not produce a cache key because the ``cache_ok`` flag is not set to True.  Set this flag to True if this type object's state is safe to use in a cache key, or False to disable this warning.
[2021-11-29 16:24:32,661] {logging_mixin.py:109} INFO - [2021-11-29 16:24:32,661] {dag.py:2396} INFO - Sync 1 DAGs
[2021-11-29 16:24:32,676] {logging_mixin.py:109} WARNING - /usr/local/lib/python3.8/dist-packages/airflow/models/dag.py:2433 SAWarning: TypeDecorator UtcDateTime(timezone=True) will not produce a cache key because the ``cache_ok`` flag is not set to True.  Set this flag to True if this type object's state is safe to use in a cache key, or False to disable this warning.
[2021-11-29 16:24:32,688] {logging_mixin.py:109} INFO - [2021-11-29 16:24:32,688] {dag.py:2928} INFO - Setting next_dagrun for tutorial_taskflow_api_etl to None
[2021-11-29 16:24:32,905] {processor.py:171} INFO - Processing /usr/local/lib/python3.8/dist-packages/airflow/example_dags/tutorial_taskflow_api_etl.py took 0.944 seconds
[2021-11-29 16:25:30,818] {processor.py:163} INFO - Started process (PID=6785) to work on /usr/local/lib/python3.8/dist-packages/airflow/example_dags/tutorial_taskflow_api_etl.py
[2021-11-29 16:25:30,869] {processor.py:625} INFO - Processing file /usr/local/lib/python3.8/dist-packages/airflow/example_dags/tutorial_taskflow_api_etl.py for tasks to queue
[2021-11-29 16:25:30,870] {logging_mixin.py:109} INFO - [2021-11-29 16:25:30,870] {dagbag.py:500} INFO - Filling up the DagBag from /usr/local/lib/python3.8/dist-packages/airflow/example_dags/tutorial_taskflow_api_etl.py
[2021-11-29 16:25:30,973] {processor.py:637} INFO - DAG(s) dict_keys(['tutorial_taskflow_api_etl']) retrieved from /usr/local/lib/python3.8/dist-packages/airflow/example_dags/tutorial_taskflow_api_etl.py
[2021-11-29 16:25:30,979] {logging_mixin.py:109} WARNING - /usr/local/lib/python3.8/dist-packages/airflow/models/serialized_dag.py:120 SAWarning: TypeDecorator UtcDateTime(timezone=True) will not produce a cache key because the ``cache_ok`` flag is not set to True.  Set this flag to True if this type object's state is safe to use in a cache key, or False to disable this warning.
[2021-11-29 16:25:31,653] {logging_mixin.py:109} INFO - [2021-11-29 16:25:31,652] {dag.py:2396} INFO - Sync 1 DAGs
[2021-11-29 16:25:31,676] {logging_mixin.py:109} WARNING - /usr/local/lib/python3.8/dist-packages/airflow/models/dag.py:2433 SAWarning: TypeDecorator UtcDateTime(timezone=True) will not produce a cache key because the ``cache_ok`` flag is not set to True.  Set this flag to True if this type object's state is safe to use in a cache key, or False to disable this warning.
[2021-11-29 16:25:31,703] {logging_mixin.py:109} INFO - [2021-11-29 16:25:31,703] {dag.py:2928} INFO - Setting next_dagrun for tutorial_taskflow_api_etl to None
[2021-11-29 16:25:31,896] {processor.py:171} INFO - Processing /usr/local/lib/python3.8/dist-packages/airflow/example_dags/tutorial_taskflow_api_etl.py took 1.094 seconds
[2021-11-29 16:26:25,216] {processor.py:163} INFO - Started process (PID=6954) to work on /usr/local/lib/python3.8/dist-packages/airflow/example_dags/tutorial_taskflow_api_etl.py
[2021-11-29 16:26:25,251] {processor.py:625} INFO - Processing file /usr/local/lib/python3.8/dist-packages/airflow/example_dags/tutorial_taskflow_api_etl.py for tasks to queue
[2021-11-29 16:26:25,252] {logging_mixin.py:109} INFO - [2021-11-29 16:26:25,252] {dagbag.py:500} INFO - Filling up the DagBag from /usr/local/lib/python3.8/dist-packages/airflow/example_dags/tutorial_taskflow_api_etl.py
[2021-11-29 16:26:25,325] {processor.py:637} INFO - DAG(s) dict_keys(['tutorial_taskflow_api_etl']) retrieved from /usr/local/lib/python3.8/dist-packages/airflow/example_dags/tutorial_taskflow_api_etl.py
[2021-11-29 16:26:25,332] {logging_mixin.py:109} WARNING - /usr/local/lib/python3.8/dist-packages/airflow/models/serialized_dag.py:120 SAWarning: TypeDecorator UtcDateTime(timezone=True) will not produce a cache key because the ``cache_ok`` flag is not set to True.  Set this flag to True if this type object's state is safe to use in a cache key, or False to disable this warning.
[2021-11-29 16:26:25,970] {logging_mixin.py:109} INFO - [2021-11-29 16:26:25,970] {dag.py:2396} INFO - Sync 1 DAGs
[2021-11-29 16:26:25,989] {logging_mixin.py:109} WARNING - /usr/local/lib/python3.8/dist-packages/airflow/models/dag.py:2433 SAWarning: TypeDecorator UtcDateTime(timezone=True) will not produce a cache key because the ``cache_ok`` flag is not set to True.  Set this flag to True if this type object's state is safe to use in a cache key, or False to disable this warning.
[2021-11-29 16:26:26,006] {logging_mixin.py:109} INFO - [2021-11-29 16:26:26,006] {dag.py:2928} INFO - Setting next_dagrun for tutorial_taskflow_api_etl to None
[2021-11-29 16:26:26,255] {processor.py:171} INFO - Processing /usr/local/lib/python3.8/dist-packages/airflow/example_dags/tutorial_taskflow_api_etl.py took 1.053 seconds
[2021-11-29 16:27:18,518] {processor.py:163} INFO - Started process (PID=7115) to work on /usr/local/lib/python3.8/dist-packages/airflow/example_dags/tutorial_taskflow_api_etl.py
[2021-11-29 16:27:18,549] {processor.py:625} INFO - Processing file /usr/local/lib/python3.8/dist-packages/airflow/example_dags/tutorial_taskflow_api_etl.py for tasks to queue
[2021-11-29 16:27:18,550] {logging_mixin.py:109} INFO - [2021-11-29 16:27:18,549] {dagbag.py:500} INFO - Filling up the DagBag from /usr/local/lib/python3.8/dist-packages/airflow/example_dags/tutorial_taskflow_api_etl.py
[2021-11-29 16:27:18,646] {processor.py:637} INFO - DAG(s) dict_keys(['tutorial_taskflow_api_etl']) retrieved from /usr/local/lib/python3.8/dist-packages/airflow/example_dags/tutorial_taskflow_api_etl.py
[2021-11-29 16:27:18,656] {logging_mixin.py:109} WARNING - /usr/local/lib/python3.8/dist-packages/airflow/models/serialized_dag.py:120 SAWarning: TypeDecorator UtcDateTime(timezone=True) will not produce a cache key because the ``cache_ok`` flag is not set to True.  Set this flag to True if this type object's state is safe to use in a cache key, or False to disable this warning.
[2021-11-29 16:27:19,234] {logging_mixin.py:109} INFO - [2021-11-29 16:27:19,234] {dag.py:2396} INFO - Sync 1 DAGs
[2021-11-29 16:27:19,253] {logging_mixin.py:109} WARNING - /usr/local/lib/python3.8/dist-packages/airflow/models/dag.py:2433 SAWarning: TypeDecorator UtcDateTime(timezone=True) will not produce a cache key because the ``cache_ok`` flag is not set to True.  Set this flag to True if this type object's state is safe to use in a cache key, or False to disable this warning.
[2021-11-29 16:27:19,268] {logging_mixin.py:109} INFO - [2021-11-29 16:27:19,268] {dag.py:2928} INFO - Setting next_dagrun for tutorial_taskflow_api_etl to None
[2021-11-29 16:27:19,531] {processor.py:171} INFO - Processing /usr/local/lib/python3.8/dist-packages/airflow/example_dags/tutorial_taskflow_api_etl.py took 1.028 seconds
[2021-11-29 16:28:14,154] {processor.py:163} INFO - Started process (PID=7276) to work on /usr/local/lib/python3.8/dist-packages/airflow/example_dags/tutorial_taskflow_api_etl.py
[2021-11-29 16:28:14,214] {processor.py:625} INFO - Processing file /usr/local/lib/python3.8/dist-packages/airflow/example_dags/tutorial_taskflow_api_etl.py for tasks to queue
[2021-11-29 16:28:14,215] {logging_mixin.py:109} INFO - [2021-11-29 16:28:14,215] {dagbag.py:500} INFO - Filling up the DagBag from /usr/local/lib/python3.8/dist-packages/airflow/example_dags/tutorial_taskflow_api_etl.py
[2021-11-29 16:28:14,316] {processor.py:637} INFO - DAG(s) dict_keys(['tutorial_taskflow_api_etl']) retrieved from /usr/local/lib/python3.8/dist-packages/airflow/example_dags/tutorial_taskflow_api_etl.py
[2021-11-29 16:28:14,324] {logging_mixin.py:109} WARNING - /usr/local/lib/python3.8/dist-packages/airflow/models/serialized_dag.py:120 SAWarning: TypeDecorator UtcDateTime(timezone=True) will not produce a cache key because the ``cache_ok`` flag is not set to True.  Set this flag to True if this type object's state is safe to use in a cache key, or False to disable this warning.
[2021-11-29 16:28:14,939] {logging_mixin.py:109} INFO - [2021-11-29 16:28:14,939] {dag.py:2396} INFO - Sync 1 DAGs
[2021-11-29 16:28:14,954] {logging_mixin.py:109} WARNING - /usr/local/lib/python3.8/dist-packages/airflow/models/dag.py:2433 SAWarning: TypeDecorator UtcDateTime(timezone=True) will not produce a cache key because the ``cache_ok`` flag is not set to True.  Set this flag to True if this type object's state is safe to use in a cache key, or False to disable this warning.
[2021-11-29 16:28:14,976] {logging_mixin.py:109} INFO - [2021-11-29 16:28:14,976] {dag.py:2928} INFO - Setting next_dagrun for tutorial_taskflow_api_etl to None
[2021-11-29 16:28:15,338] {processor.py:171} INFO - Processing /usr/local/lib/python3.8/dist-packages/airflow/example_dags/tutorial_taskflow_api_etl.py took 1.188 seconds
[2021-11-29 16:29:12,724] {processor.py:163} INFO - Started process (PID=7438) to work on /usr/local/lib/python3.8/dist-packages/airflow/example_dags/tutorial_taskflow_api_etl.py
[2021-11-29 16:29:12,735] {processor.py:625} INFO - Processing file /usr/local/lib/python3.8/dist-packages/airflow/example_dags/tutorial_taskflow_api_etl.py for tasks to queue
[2021-11-29 16:29:12,736] {logging_mixin.py:109} INFO - [2021-11-29 16:29:12,736] {dagbag.py:500} INFO - Filling up the DagBag from /usr/local/lib/python3.8/dist-packages/airflow/example_dags/tutorial_taskflow_api_etl.py
[2021-11-29 16:29:12,817] {processor.py:637} INFO - DAG(s) dict_keys(['tutorial_taskflow_api_etl']) retrieved from /usr/local/lib/python3.8/dist-packages/airflow/example_dags/tutorial_taskflow_api_etl.py
[2021-11-29 16:29:12,823] {logging_mixin.py:109} WARNING - /usr/local/lib/python3.8/dist-packages/airflow/models/serialized_dag.py:120 SAWarning: TypeDecorator UtcDateTime(timezone=True) will not produce a cache key because the ``cache_ok`` flag is not set to True.  Set this flag to True if this type object's state is safe to use in a cache key, or False to disable this warning.
[2021-11-29 16:29:13,363] {logging_mixin.py:109} INFO - [2021-11-29 16:29:13,362] {dag.py:2396} INFO - Sync 1 DAGs
[2021-11-29 16:29:13,378] {logging_mixin.py:109} WARNING - /usr/local/lib/python3.8/dist-packages/airflow/models/dag.py:2433 SAWarning: TypeDecorator UtcDateTime(timezone=True) will not produce a cache key because the ``cache_ok`` flag is not set to True.  Set this flag to True if this type object's state is safe to use in a cache key, or False to disable this warning.
[2021-11-29 16:29:13,390] {logging_mixin.py:109} INFO - [2021-11-29 16:29:13,390] {dag.py:2928} INFO - Setting next_dagrun for tutorial_taskflow_api_etl to None
[2021-11-29 16:29:13,625] {processor.py:171} INFO - Processing /usr/local/lib/python3.8/dist-packages/airflow/example_dags/tutorial_taskflow_api_etl.py took 0.905 seconds
[2021-11-29 16:30:09,939] {processor.py:163} INFO - Started process (PID=7600) to work on /usr/local/lib/python3.8/dist-packages/airflow/example_dags/tutorial_taskflow_api_etl.py
[2021-11-29 16:30:09,980] {processor.py:625} INFO - Processing file /usr/local/lib/python3.8/dist-packages/airflow/example_dags/tutorial_taskflow_api_etl.py for tasks to queue
[2021-11-29 16:30:09,981] {logging_mixin.py:109} INFO - [2021-11-29 16:30:09,981] {dagbag.py:500} INFO - Filling up the DagBag from /usr/local/lib/python3.8/dist-packages/airflow/example_dags/tutorial_taskflow_api_etl.py
[2021-11-29 16:30:10,052] {processor.py:637} INFO - DAG(s) dict_keys(['tutorial_taskflow_api_etl']) retrieved from /usr/local/lib/python3.8/dist-packages/airflow/example_dags/tutorial_taskflow_api_etl.py
[2021-11-29 16:30:10,058] {logging_mixin.py:109} WARNING - /usr/local/lib/python3.8/dist-packages/airflow/models/serialized_dag.py:120 SAWarning: TypeDecorator UtcDateTime(timezone=True) will not produce a cache key because the ``cache_ok`` flag is not set to True.  Set this flag to True if this type object's state is safe to use in a cache key, or False to disable this warning.
[2021-11-29 16:30:10,653] {logging_mixin.py:109} INFO - [2021-11-29 16:30:10,653] {dag.py:2396} INFO - Sync 1 DAGs
[2021-11-29 16:30:10,688] {logging_mixin.py:109} WARNING - /usr/local/lib/python3.8/dist-packages/airflow/models/dag.py:2433 SAWarning: TypeDecorator UtcDateTime(timezone=True) will not produce a cache key because the ``cache_ok`` flag is not set to True.  Set this flag to True if this type object's state is safe to use in a cache key, or False to disable this warning.
[2021-11-29 16:30:10,710] {logging_mixin.py:109} INFO - [2021-11-29 16:30:10,710] {dag.py:2928} INFO - Setting next_dagrun for tutorial_taskflow_api_etl to None
[2021-11-29 16:30:10,937] {processor.py:171} INFO - Processing /usr/local/lib/python3.8/dist-packages/airflow/example_dags/tutorial_taskflow_api_etl.py took 1.003 seconds
[2021-11-29 16:31:06,897] {processor.py:163} INFO - Started process (PID=7766) to work on /usr/local/lib/python3.8/dist-packages/airflow/example_dags/tutorial_taskflow_api_etl.py
[2021-11-29 16:31:06,925] {processor.py:625} INFO - Processing file /usr/local/lib/python3.8/dist-packages/airflow/example_dags/tutorial_taskflow_api_etl.py for tasks to queue
[2021-11-29 16:31:06,926] {logging_mixin.py:109} INFO - [2021-11-29 16:31:06,926] {dagbag.py:500} INFO - Filling up the DagBag from /usr/local/lib/python3.8/dist-packages/airflow/example_dags/tutorial_taskflow_api_etl.py
[2021-11-29 16:31:06,989] {processor.py:637} INFO - DAG(s) dict_keys(['tutorial_taskflow_api_etl']) retrieved from /usr/local/lib/python3.8/dist-packages/airflow/example_dags/tutorial_taskflow_api_etl.py
[2021-11-29 16:31:07,000] {logging_mixin.py:109} WARNING - /usr/local/lib/python3.8/dist-packages/airflow/models/serialized_dag.py:120 SAWarning: TypeDecorator UtcDateTime(timezone=True) will not produce a cache key because the ``cache_ok`` flag is not set to True.  Set this flag to True if this type object's state is safe to use in a cache key, or False to disable this warning.
[2021-11-29 16:31:07,572] {logging_mixin.py:109} INFO - [2021-11-29 16:31:07,571] {dag.py:2396} INFO - Sync 1 DAGs
[2021-11-29 16:31:07,589] {logging_mixin.py:109} WARNING - /usr/local/lib/python3.8/dist-packages/airflow/models/dag.py:2433 SAWarning: TypeDecorator UtcDateTime(timezone=True) will not produce a cache key because the ``cache_ok`` flag is not set to True.  Set this flag to True if this type object's state is safe to use in a cache key, or False to disable this warning.
[2021-11-29 16:31:07,605] {logging_mixin.py:109} INFO - [2021-11-29 16:31:07,605] {dag.py:2928} INFO - Setting next_dagrun for tutorial_taskflow_api_etl to None
[2021-11-29 16:31:07,822] {processor.py:171} INFO - Processing /usr/local/lib/python3.8/dist-packages/airflow/example_dags/tutorial_taskflow_api_etl.py took 0.932 seconds
[2021-11-29 16:32:01,225] {processor.py:163} INFO - Started process (PID=7926) to work on /usr/local/lib/python3.8/dist-packages/airflow/example_dags/tutorial_taskflow_api_etl.py
[2021-11-29 16:32:01,255] {processor.py:625} INFO - Processing file /usr/local/lib/python3.8/dist-packages/airflow/example_dags/tutorial_taskflow_api_etl.py for tasks to queue
[2021-11-29 16:32:01,256] {logging_mixin.py:109} INFO - [2021-11-29 16:32:01,255] {dagbag.py:500} INFO - Filling up the DagBag from /usr/local/lib/python3.8/dist-packages/airflow/example_dags/tutorial_taskflow_api_etl.py
[2021-11-29 16:32:01,371] {processor.py:637} INFO - DAG(s) dict_keys(['tutorial_taskflow_api_etl']) retrieved from /usr/local/lib/python3.8/dist-packages/airflow/example_dags/tutorial_taskflow_api_etl.py
[2021-11-29 16:32:01,390] {logging_mixin.py:109} WARNING - /usr/local/lib/python3.8/dist-packages/airflow/models/serialized_dag.py:120 SAWarning: TypeDecorator UtcDateTime(timezone=True) will not produce a cache key because the ``cache_ok`` flag is not set to True.  Set this flag to True if this type object's state is safe to use in a cache key, or False to disable this warning.
[2021-11-29 16:32:02,048] {logging_mixin.py:109} INFO - [2021-11-29 16:32:02,048] {dag.py:2396} INFO - Sync 1 DAGs
[2021-11-29 16:32:02,066] {logging_mixin.py:109} WARNING - /usr/local/lib/python3.8/dist-packages/airflow/models/dag.py:2433 SAWarning: TypeDecorator UtcDateTime(timezone=True) will not produce a cache key because the ``cache_ok`` flag is not set to True.  Set this flag to True if this type object's state is safe to use in a cache key, or False to disable this warning.
[2021-11-29 16:32:02,082] {logging_mixin.py:109} INFO - [2021-11-29 16:32:02,082] {dag.py:2928} INFO - Setting next_dagrun for tutorial_taskflow_api_etl to None
[2021-11-29 16:32:02,299] {processor.py:171} INFO - Processing /usr/local/lib/python3.8/dist-packages/airflow/example_dags/tutorial_taskflow_api_etl.py took 1.089 seconds
[2021-11-29 16:32:57,325] {processor.py:163} INFO - Started process (PID=8092) to work on /usr/local/lib/python3.8/dist-packages/airflow/example_dags/tutorial_taskflow_api_etl.py
[2021-11-29 16:32:57,338] {processor.py:625} INFO - Processing file /usr/local/lib/python3.8/dist-packages/airflow/example_dags/tutorial_taskflow_api_etl.py for tasks to queue
[2021-11-29 16:32:57,339] {logging_mixin.py:109} INFO - [2021-11-29 16:32:57,338] {dagbag.py:500} INFO - Filling up the DagBag from /usr/local/lib/python3.8/dist-packages/airflow/example_dags/tutorial_taskflow_api_etl.py
[2021-11-29 16:32:57,448] {processor.py:637} INFO - DAG(s) dict_keys(['tutorial_taskflow_api_etl']) retrieved from /usr/local/lib/python3.8/dist-packages/airflow/example_dags/tutorial_taskflow_api_etl.py
[2021-11-29 16:32:57,454] {logging_mixin.py:109} WARNING - /usr/local/lib/python3.8/dist-packages/airflow/models/serialized_dag.py:120 SAWarning: TypeDecorator UtcDateTime(timezone=True) will not produce a cache key because the ``cache_ok`` flag is not set to True.  Set this flag to True if this type object's state is safe to use in a cache key, or False to disable this warning.
[2021-11-29 16:32:58,102] {logging_mixin.py:109} INFO - [2021-11-29 16:32:58,102] {dag.py:2396} INFO - Sync 1 DAGs
[2021-11-29 16:32:58,116] {logging_mixin.py:109} WARNING - /usr/local/lib/python3.8/dist-packages/airflow/models/dag.py:2433 SAWarning: TypeDecorator UtcDateTime(timezone=True) will not produce a cache key because the ``cache_ok`` flag is not set to True.  Set this flag to True if this type object's state is safe to use in a cache key, or False to disable this warning.
[2021-11-29 16:32:58,127] {logging_mixin.py:109} INFO - [2021-11-29 16:32:58,127] {dag.py:2928} INFO - Setting next_dagrun for tutorial_taskflow_api_etl to None
[2021-11-29 16:32:58,329] {processor.py:171} INFO - Processing /usr/local/lib/python3.8/dist-packages/airflow/example_dags/tutorial_taskflow_api_etl.py took 1.009 seconds
[2021-11-29 16:33:51,756] {processor.py:163} INFO - Started process (PID=8254) to work on /usr/local/lib/python3.8/dist-packages/airflow/example_dags/tutorial_taskflow_api_etl.py
[2021-11-29 16:33:51,775] {processor.py:625} INFO - Processing file /usr/local/lib/python3.8/dist-packages/airflow/example_dags/tutorial_taskflow_api_etl.py for tasks to queue
[2021-11-29 16:33:51,776] {logging_mixin.py:109} INFO - [2021-11-29 16:33:51,776] {dagbag.py:500} INFO - Filling up the DagBag from /usr/local/lib/python3.8/dist-packages/airflow/example_dags/tutorial_taskflow_api_etl.py
[2021-11-29 16:33:51,854] {processor.py:637} INFO - DAG(s) dict_keys(['tutorial_taskflow_api_etl']) retrieved from /usr/local/lib/python3.8/dist-packages/airflow/example_dags/tutorial_taskflow_api_etl.py
[2021-11-29 16:33:51,862] {logging_mixin.py:109} WARNING - /usr/local/lib/python3.8/dist-packages/airflow/models/serialized_dag.py:120 SAWarning: TypeDecorator UtcDateTime(timezone=True) will not produce a cache key because the ``cache_ok`` flag is not set to True.  Set this flag to True if this type object's state is safe to use in a cache key, or False to disable this warning.
[2021-11-29 16:33:52,524] {logging_mixin.py:109} INFO - [2021-11-29 16:33:52,523] {dag.py:2396} INFO - Sync 1 DAGs
[2021-11-29 16:33:52,542] {logging_mixin.py:109} WARNING - /usr/local/lib/python3.8/dist-packages/airflow/models/dag.py:2433 SAWarning: TypeDecorator UtcDateTime(timezone=True) will not produce a cache key because the ``cache_ok`` flag is not set to True.  Set this flag to True if this type object's state is safe to use in a cache key, or False to disable this warning.
[2021-11-29 16:33:52,559] {logging_mixin.py:109} INFO - [2021-11-29 16:33:52,559] {dag.py:2928} INFO - Setting next_dagrun for tutorial_taskflow_api_etl to None
[2021-11-29 16:33:52,741] {processor.py:171} INFO - Processing /usr/local/lib/python3.8/dist-packages/airflow/example_dags/tutorial_taskflow_api_etl.py took 0.999 seconds
[2021-11-29 16:34:47,167] {processor.py:163} INFO - Started process (PID=8417) to work on /usr/local/lib/python3.8/dist-packages/airflow/example_dags/tutorial_taskflow_api_etl.py
[2021-11-29 16:34:47,196] {processor.py:625} INFO - Processing file /usr/local/lib/python3.8/dist-packages/airflow/example_dags/tutorial_taskflow_api_etl.py for tasks to queue
[2021-11-29 16:34:47,197] {logging_mixin.py:109} INFO - [2021-11-29 16:34:47,197] {dagbag.py:500} INFO - Filling up the DagBag from /usr/local/lib/python3.8/dist-packages/airflow/example_dags/tutorial_taskflow_api_etl.py
[2021-11-29 16:34:47,288] {processor.py:637} INFO - DAG(s) dict_keys(['tutorial_taskflow_api_etl']) retrieved from /usr/local/lib/python3.8/dist-packages/airflow/example_dags/tutorial_taskflow_api_etl.py
[2021-11-29 16:34:47,306] {logging_mixin.py:109} WARNING - /usr/local/lib/python3.8/dist-packages/airflow/models/serialized_dag.py:120 SAWarning: TypeDecorator UtcDateTime(timezone=True) will not produce a cache key because the ``cache_ok`` flag is not set to True.  Set this flag to True if this type object's state is safe to use in a cache key, or False to disable this warning.
[2021-11-29 16:34:47,942] {logging_mixin.py:109} INFO - [2021-11-29 16:34:47,942] {dag.py:2396} INFO - Sync 1 DAGs
[2021-11-29 16:34:47,958] {logging_mixin.py:109} WARNING - /usr/local/lib/python3.8/dist-packages/airflow/models/dag.py:2433 SAWarning: TypeDecorator UtcDateTime(timezone=True) will not produce a cache key because the ``cache_ok`` flag is not set to True.  Set this flag to True if this type object's state is safe to use in a cache key, or False to disable this warning.
[2021-11-29 16:34:47,975] {logging_mixin.py:109} INFO - [2021-11-29 16:34:47,975] {dag.py:2928} INFO - Setting next_dagrun for tutorial_taskflow_api_etl to None
[2021-11-29 16:34:48,238] {processor.py:171} INFO - Processing /usr/local/lib/python3.8/dist-packages/airflow/example_dags/tutorial_taskflow_api_etl.py took 1.076 seconds
[2021-11-29 16:35:42,920] {processor.py:163} INFO - Started process (PID=8581) to work on /usr/local/lib/python3.8/dist-packages/airflow/example_dags/tutorial_taskflow_api_etl.py
[2021-11-29 16:35:42,935] {processor.py:625} INFO - Processing file /usr/local/lib/python3.8/dist-packages/airflow/example_dags/tutorial_taskflow_api_etl.py for tasks to queue
[2021-11-29 16:35:42,936] {logging_mixin.py:109} INFO - [2021-11-29 16:35:42,936] {dagbag.py:500} INFO - Filling up the DagBag from /usr/local/lib/python3.8/dist-packages/airflow/example_dags/tutorial_taskflow_api_etl.py
[2021-11-29 16:35:43,039] {processor.py:637} INFO - DAG(s) dict_keys(['tutorial_taskflow_api_etl']) retrieved from /usr/local/lib/python3.8/dist-packages/airflow/example_dags/tutorial_taskflow_api_etl.py
[2021-11-29 16:35:43,058] {logging_mixin.py:109} WARNING - /usr/local/lib/python3.8/dist-packages/airflow/models/serialized_dag.py:120 SAWarning: TypeDecorator UtcDateTime(timezone=True) will not produce a cache key because the ``cache_ok`` flag is not set to True.  Set this flag to True if this type object's state is safe to use in a cache key, or False to disable this warning.
[2021-11-29 16:35:43,891] {logging_mixin.py:109} INFO - [2021-11-29 16:35:43,891] {dag.py:2396} INFO - Sync 1 DAGs
[2021-11-29 16:35:43,953] {logging_mixin.py:109} WARNING - /usr/local/lib/python3.8/dist-packages/airflow/models/dag.py:2433 SAWarning: TypeDecorator UtcDateTime(timezone=True) will not produce a cache key because the ``cache_ok`` flag is not set to True.  Set this flag to True if this type object's state is safe to use in a cache key, or False to disable this warning.
[2021-11-29 16:35:43,980] {logging_mixin.py:109} INFO - [2021-11-29 16:35:43,979] {dag.py:2928} INFO - Setting next_dagrun for tutorial_taskflow_api_etl to None
[2021-11-29 16:35:44,258] {processor.py:171} INFO - Processing /usr/local/lib/python3.8/dist-packages/airflow/example_dags/tutorial_taskflow_api_etl.py took 1.354 seconds
[2021-11-29 16:36:40,549] {processor.py:163} INFO - Started process (PID=8739) to work on /usr/local/lib/python3.8/dist-packages/airflow/example_dags/tutorial_taskflow_api_etl.py
[2021-11-29 16:36:40,602] {processor.py:625} INFO - Processing file /usr/local/lib/python3.8/dist-packages/airflow/example_dags/tutorial_taskflow_api_etl.py for tasks to queue
[2021-11-29 16:36:40,603] {logging_mixin.py:109} INFO - [2021-11-29 16:36:40,603] {dagbag.py:500} INFO - Filling up the DagBag from /usr/local/lib/python3.8/dist-packages/airflow/example_dags/tutorial_taskflow_api_etl.py
[2021-11-29 16:36:40,687] {processor.py:637} INFO - DAG(s) dict_keys(['tutorial_taskflow_api_etl']) retrieved from /usr/local/lib/python3.8/dist-packages/airflow/example_dags/tutorial_taskflow_api_etl.py
[2021-11-29 16:36:40,708] {logging_mixin.py:109} WARNING - /usr/local/lib/python3.8/dist-packages/airflow/models/serialized_dag.py:120 SAWarning: TypeDecorator UtcDateTime(timezone=True) will not produce a cache key because the ``cache_ok`` flag is not set to True.  Set this flag to True if this type object's state is safe to use in a cache key, or False to disable this warning.
[2021-11-29 16:36:41,351] {logging_mixin.py:109} INFO - [2021-11-29 16:36:41,350] {dag.py:2396} INFO - Sync 1 DAGs
[2021-11-29 16:36:41,370] {logging_mixin.py:109} WARNING - /usr/local/lib/python3.8/dist-packages/airflow/models/dag.py:2433 SAWarning: TypeDecorator UtcDateTime(timezone=True) will not produce a cache key because the ``cache_ok`` flag is not set to True.  Set this flag to True if this type object's state is safe to use in a cache key, or False to disable this warning.
[2021-11-29 16:36:41,387] {logging_mixin.py:109} INFO - [2021-11-29 16:36:41,387] {dag.py:2928} INFO - Setting next_dagrun for tutorial_taskflow_api_etl to None
[2021-11-29 16:36:41,614] {processor.py:171} INFO - Processing /usr/local/lib/python3.8/dist-packages/airflow/example_dags/tutorial_taskflow_api_etl.py took 1.079 seconds
[2021-11-29 16:37:36,236] {processor.py:163} INFO - Started process (PID=8900) to work on /usr/local/lib/python3.8/dist-packages/airflow/example_dags/tutorial_taskflow_api_etl.py
[2021-11-29 16:37:36,270] {processor.py:625} INFO - Processing file /usr/local/lib/python3.8/dist-packages/airflow/example_dags/tutorial_taskflow_api_etl.py for tasks to queue
[2021-11-29 16:37:36,271] {logging_mixin.py:109} INFO - [2021-11-29 16:37:36,271] {dagbag.py:500} INFO - Filling up the DagBag from /usr/local/lib/python3.8/dist-packages/airflow/example_dags/tutorial_taskflow_api_etl.py
[2021-11-29 16:37:36,378] {processor.py:637} INFO - DAG(s) dict_keys(['tutorial_taskflow_api_etl']) retrieved from /usr/local/lib/python3.8/dist-packages/airflow/example_dags/tutorial_taskflow_api_etl.py
[2021-11-29 16:37:36,400] {logging_mixin.py:109} WARNING - /usr/local/lib/python3.8/dist-packages/airflow/models/serialized_dag.py:120 SAWarning: TypeDecorator UtcDateTime(timezone=True) will not produce a cache key because the ``cache_ok`` flag is not set to True.  Set this flag to True if this type object's state is safe to use in a cache key, or False to disable this warning.
[2021-11-29 16:37:37,076] {logging_mixin.py:109} INFO - [2021-11-29 16:37:37,076] {dag.py:2396} INFO - Sync 1 DAGs
[2021-11-29 16:37:37,102] {logging_mixin.py:109} WARNING - /usr/local/lib/python3.8/dist-packages/airflow/models/dag.py:2433 SAWarning: TypeDecorator UtcDateTime(timezone=True) will not produce a cache key because the ``cache_ok`` flag is not set to True.  Set this flag to True if this type object's state is safe to use in a cache key, or False to disable this warning.
[2021-11-29 16:37:37,120] {logging_mixin.py:109} INFO - [2021-11-29 16:37:37,120] {dag.py:2928} INFO - Setting next_dagrun for tutorial_taskflow_api_etl to None
[2021-11-29 16:37:37,374] {processor.py:171} INFO - Processing /usr/local/lib/python3.8/dist-packages/airflow/example_dags/tutorial_taskflow_api_etl.py took 1.145 seconds
[2021-11-29 16:38:32,509] {processor.py:163} INFO - Started process (PID=9069) to work on /usr/local/lib/python3.8/dist-packages/airflow/example_dags/tutorial_taskflow_api_etl.py
[2021-11-29 16:38:32,526] {processor.py:625} INFO - Processing file /usr/local/lib/python3.8/dist-packages/airflow/example_dags/tutorial_taskflow_api_etl.py for tasks to queue
[2021-11-29 16:38:32,526] {logging_mixin.py:109} INFO - [2021-11-29 16:38:32,526] {dagbag.py:500} INFO - Filling up the DagBag from /usr/local/lib/python3.8/dist-packages/airflow/example_dags/tutorial_taskflow_api_etl.py
[2021-11-29 16:38:32,628] {processor.py:637} INFO - DAG(s) dict_keys(['tutorial_taskflow_api_etl']) retrieved from /usr/local/lib/python3.8/dist-packages/airflow/example_dags/tutorial_taskflow_api_etl.py
[2021-11-29 16:38:32,659] {logging_mixin.py:109} WARNING - /usr/local/lib/python3.8/dist-packages/airflow/models/serialized_dag.py:120 SAWarning: TypeDecorator UtcDateTime(timezone=True) will not produce a cache key because the ``cache_ok`` flag is not set to True.  Set this flag to True if this type object's state is safe to use in a cache key, or False to disable this warning.
[2021-11-29 16:38:33,335] {logging_mixin.py:109} INFO - [2021-11-29 16:38:33,334] {dag.py:2396} INFO - Sync 1 DAGs
[2021-11-29 16:38:33,358] {logging_mixin.py:109} WARNING - /usr/local/lib/python3.8/dist-packages/airflow/models/dag.py:2433 SAWarning: TypeDecorator UtcDateTime(timezone=True) will not produce a cache key because the ``cache_ok`` flag is not set to True.  Set this flag to True if this type object's state is safe to use in a cache key, or False to disable this warning.
[2021-11-29 16:38:33,375] {logging_mixin.py:109} INFO - [2021-11-29 16:38:33,375] {dag.py:2928} INFO - Setting next_dagrun for tutorial_taskflow_api_etl to None
[2021-11-29 16:38:33,774] {processor.py:171} INFO - Processing /usr/local/lib/python3.8/dist-packages/airflow/example_dags/tutorial_taskflow_api_etl.py took 1.281 seconds
[2021-11-29 16:39:25,936] {processor.py:163} INFO - Started process (PID=9230) to work on /usr/local/lib/python3.8/dist-packages/airflow/example_dags/tutorial_taskflow_api_etl.py
[2021-11-29 16:39:25,948] {processor.py:625} INFO - Processing file /usr/local/lib/python3.8/dist-packages/airflow/example_dags/tutorial_taskflow_api_etl.py for tasks to queue
[2021-11-29 16:39:25,948] {logging_mixin.py:109} INFO - [2021-11-29 16:39:25,948] {dagbag.py:500} INFO - Filling up the DagBag from /usr/local/lib/python3.8/dist-packages/airflow/example_dags/tutorial_taskflow_api_etl.py
[2021-11-29 16:39:26,018] {processor.py:637} INFO - DAG(s) dict_keys(['tutorial_taskflow_api_etl']) retrieved from /usr/local/lib/python3.8/dist-packages/airflow/example_dags/tutorial_taskflow_api_etl.py
[2021-11-29 16:39:26,035] {logging_mixin.py:109} WARNING - /usr/local/lib/python3.8/dist-packages/airflow/models/serialized_dag.py:120 SAWarning: TypeDecorator UtcDateTime(timezone=True) will not produce a cache key because the ``cache_ok`` flag is not set to True.  Set this flag to True if this type object's state is safe to use in a cache key, or False to disable this warning.
[2021-11-29 16:39:26,762] {logging_mixin.py:109} INFO - [2021-11-29 16:39:26,761] {dag.py:2396} INFO - Sync 1 DAGs
[2021-11-29 16:39:26,808] {logging_mixin.py:109} WARNING - /usr/local/lib/python3.8/dist-packages/airflow/models/dag.py:2433 SAWarning: TypeDecorator UtcDateTime(timezone=True) will not produce a cache key because the ``cache_ok`` flag is not set to True.  Set this flag to True if this type object's state is safe to use in a cache key, or False to disable this warning.
[2021-11-29 16:39:26,822] {logging_mixin.py:109} INFO - [2021-11-29 16:39:26,822] {dag.py:2928} INFO - Setting next_dagrun for tutorial_taskflow_api_etl to None
[2021-11-29 16:39:27,154] {processor.py:171} INFO - Processing /usr/local/lib/python3.8/dist-packages/airflow/example_dags/tutorial_taskflow_api_etl.py took 1.233 seconds
[2021-11-29 16:40:21,716] {processor.py:163} INFO - Started process (PID=9395) to work on /usr/local/lib/python3.8/dist-packages/airflow/example_dags/tutorial_taskflow_api_etl.py
[2021-11-29 16:40:21,752] {processor.py:625} INFO - Processing file /usr/local/lib/python3.8/dist-packages/airflow/example_dags/tutorial_taskflow_api_etl.py for tasks to queue
[2021-11-29 16:40:21,754] {logging_mixin.py:109} INFO - [2021-11-29 16:40:21,753] {dagbag.py:500} INFO - Filling up the DagBag from /usr/local/lib/python3.8/dist-packages/airflow/example_dags/tutorial_taskflow_api_etl.py
[2021-11-29 16:40:21,838] {processor.py:637} INFO - DAG(s) dict_keys(['tutorial_taskflow_api_etl']) retrieved from /usr/local/lib/python3.8/dist-packages/airflow/example_dags/tutorial_taskflow_api_etl.py
[2021-11-29 16:40:21,844] {logging_mixin.py:109} WARNING - /usr/local/lib/python3.8/dist-packages/airflow/models/serialized_dag.py:120 SAWarning: TypeDecorator UtcDateTime(timezone=True) will not produce a cache key because the ``cache_ok`` flag is not set to True.  Set this flag to True if this type object's state is safe to use in a cache key, or False to disable this warning.
[2021-11-29 16:40:22,516] {logging_mixin.py:109} INFO - [2021-11-29 16:40:22,515] {dag.py:2396} INFO - Sync 1 DAGs
[2021-11-29 16:40:22,530] {logging_mixin.py:109} WARNING - /usr/local/lib/python3.8/dist-packages/airflow/models/dag.py:2433 SAWarning: TypeDecorator UtcDateTime(timezone=True) will not produce a cache key because the ``cache_ok`` flag is not set to True.  Set this flag to True if this type object's state is safe to use in a cache key, or False to disable this warning.
[2021-11-29 16:40:22,549] {logging_mixin.py:109} INFO - [2021-11-29 16:40:22,549] {dag.py:2928} INFO - Setting next_dagrun for tutorial_taskflow_api_etl to None
[2021-11-29 16:40:22,873] {processor.py:171} INFO - Processing /usr/local/lib/python3.8/dist-packages/airflow/example_dags/tutorial_taskflow_api_etl.py took 1.181 seconds
[2021-11-29 16:41:18,168] {processor.py:163} INFO - Started process (PID=9557) to work on /usr/local/lib/python3.8/dist-packages/airflow/example_dags/tutorial_taskflow_api_etl.py
[2021-11-29 16:41:18,184] {processor.py:625} INFO - Processing file /usr/local/lib/python3.8/dist-packages/airflow/example_dags/tutorial_taskflow_api_etl.py for tasks to queue
[2021-11-29 16:41:18,185] {logging_mixin.py:109} INFO - [2021-11-29 16:41:18,185] {dagbag.py:500} INFO - Filling up the DagBag from /usr/local/lib/python3.8/dist-packages/airflow/example_dags/tutorial_taskflow_api_etl.py
[2021-11-29 16:41:18,296] {processor.py:637} INFO - DAG(s) dict_keys(['tutorial_taskflow_api_etl']) retrieved from /usr/local/lib/python3.8/dist-packages/airflow/example_dags/tutorial_taskflow_api_etl.py
[2021-11-29 16:41:18,304] {logging_mixin.py:109} WARNING - /usr/local/lib/python3.8/dist-packages/airflow/models/serialized_dag.py:120 SAWarning: TypeDecorator UtcDateTime(timezone=True) will not produce a cache key because the ``cache_ok`` flag is not set to True.  Set this flag to True if this type object's state is safe to use in a cache key, or False to disable this warning.
[2021-11-29 16:41:18,979] {logging_mixin.py:109} INFO - [2021-11-29 16:41:18,978] {dag.py:2396} INFO - Sync 1 DAGs
[2021-11-29 16:41:18,994] {logging_mixin.py:109} WARNING - /usr/local/lib/python3.8/dist-packages/airflow/models/dag.py:2433 SAWarning: TypeDecorator UtcDateTime(timezone=True) will not produce a cache key because the ``cache_ok`` flag is not set to True.  Set this flag to True if this type object's state is safe to use in a cache key, or False to disable this warning.
[2021-11-29 16:41:19,008] {logging_mixin.py:109} INFO - [2021-11-29 16:41:19,008] {dag.py:2928} INFO - Setting next_dagrun for tutorial_taskflow_api_etl to None
[2021-11-29 16:41:19,302] {processor.py:171} INFO - Processing /usr/local/lib/python3.8/dist-packages/airflow/example_dags/tutorial_taskflow_api_etl.py took 1.149 seconds
[2021-11-29 16:42:20,325] {processor.py:163} INFO - Started process (PID=9734) to work on /usr/local/lib/python3.8/dist-packages/airflow/example_dags/tutorial_taskflow_api_etl.py
[2021-11-29 16:42:20,396] {processor.py:625} INFO - Processing file /usr/local/lib/python3.8/dist-packages/airflow/example_dags/tutorial_taskflow_api_etl.py for tasks to queue
[2021-11-29 16:42:20,397] {logging_mixin.py:109} INFO - [2021-11-29 16:42:20,397] {dagbag.py:500} INFO - Filling up the DagBag from /usr/local/lib/python3.8/dist-packages/airflow/example_dags/tutorial_taskflow_api_etl.py
[2021-11-29 16:42:20,482] {processor.py:637} INFO - DAG(s) dict_keys(['tutorial_taskflow_api_etl']) retrieved from /usr/local/lib/python3.8/dist-packages/airflow/example_dags/tutorial_taskflow_api_etl.py
[2021-11-29 16:42:20,525] {logging_mixin.py:109} WARNING - /usr/local/lib/python3.8/dist-packages/airflow/models/serialized_dag.py:120 SAWarning: TypeDecorator UtcDateTime(timezone=True) will not produce a cache key because the ``cache_ok`` flag is not set to True.  Set this flag to True if this type object's state is safe to use in a cache key, or False to disable this warning.
[2021-11-29 16:42:21,073] {logging_mixin.py:109} INFO - [2021-11-29 16:42:21,072] {dag.py:2396} INFO - Sync 1 DAGs
[2021-11-29 16:42:21,112] {logging_mixin.py:109} WARNING - /usr/local/lib/python3.8/dist-packages/airflow/models/dag.py:2433 SAWarning: TypeDecorator UtcDateTime(timezone=True) will not produce a cache key because the ``cache_ok`` flag is not set to True.  Set this flag to True if this type object's state is safe to use in a cache key, or False to disable this warning.
[2021-11-29 16:42:21,147] {logging_mixin.py:109} INFO - [2021-11-29 16:42:21,147] {dag.py:2928} INFO - Setting next_dagrun for tutorial_taskflow_api_etl to None
[2021-11-29 16:42:21,390] {processor.py:171} INFO - Processing /usr/local/lib/python3.8/dist-packages/airflow/example_dags/tutorial_taskflow_api_etl.py took 1.081 seconds
[2021-11-29 16:43:14,579] {processor.py:163} INFO - Started process (PID=9905) to work on /usr/local/lib/python3.8/dist-packages/airflow/example_dags/tutorial_taskflow_api_etl.py
[2021-11-29 16:43:14,589] {processor.py:625} INFO - Processing file /usr/local/lib/python3.8/dist-packages/airflow/example_dags/tutorial_taskflow_api_etl.py for tasks to queue
[2021-11-29 16:43:14,593] {logging_mixin.py:109} INFO - [2021-11-29 16:43:14,593] {dagbag.py:500} INFO - Filling up the DagBag from /usr/local/lib/python3.8/dist-packages/airflow/example_dags/tutorial_taskflow_api_etl.py
[2021-11-29 16:43:14,728] {processor.py:637} INFO - DAG(s) dict_keys(['tutorial_taskflow_api_etl']) retrieved from /usr/local/lib/python3.8/dist-packages/airflow/example_dags/tutorial_taskflow_api_etl.py
[2021-11-29 16:43:14,735] {logging_mixin.py:109} WARNING - /usr/local/lib/python3.8/dist-packages/airflow/models/serialized_dag.py:120 SAWarning: TypeDecorator UtcDateTime(timezone=True) will not produce a cache key because the ``cache_ok`` flag is not set to True.  Set this flag to True if this type object's state is safe to use in a cache key, or False to disable this warning.
[2021-11-29 16:43:15,532] {logging_mixin.py:109} INFO - [2021-11-29 16:43:15,532] {dag.py:2396} INFO - Sync 1 DAGs
[2021-11-29 16:43:15,554] {logging_mixin.py:109} WARNING - /usr/local/lib/python3.8/dist-packages/airflow/models/dag.py:2433 SAWarning: TypeDecorator UtcDateTime(timezone=True) will not produce a cache key because the ``cache_ok`` flag is not set to True.  Set this flag to True if this type object's state is safe to use in a cache key, or False to disable this warning.
[2021-11-29 16:43:15,569] {logging_mixin.py:109} INFO - [2021-11-29 16:43:15,569] {dag.py:2928} INFO - Setting next_dagrun for tutorial_taskflow_api_etl to None
[2021-11-29 16:43:15,759] {processor.py:171} INFO - Processing /usr/local/lib/python3.8/dist-packages/airflow/example_dags/tutorial_taskflow_api_etl.py took 1.196 seconds
[2021-11-29 16:44:07,591] {processor.py:163} INFO - Started process (PID=10065) to work on /usr/local/lib/python3.8/dist-packages/airflow/example_dags/tutorial_taskflow_api_etl.py
[2021-11-29 16:44:07,605] {processor.py:625} INFO - Processing file /usr/local/lib/python3.8/dist-packages/airflow/example_dags/tutorial_taskflow_api_etl.py for tasks to queue
[2021-11-29 16:44:07,606] {logging_mixin.py:109} INFO - [2021-11-29 16:44:07,606] {dagbag.py:500} INFO - Filling up the DagBag from /usr/local/lib/python3.8/dist-packages/airflow/example_dags/tutorial_taskflow_api_etl.py
[2021-11-29 16:44:07,719] {processor.py:637} INFO - DAG(s) dict_keys(['tutorial_taskflow_api_etl']) retrieved from /usr/local/lib/python3.8/dist-packages/airflow/example_dags/tutorial_taskflow_api_etl.py
[2021-11-29 16:44:07,727] {logging_mixin.py:109} WARNING - /usr/local/lib/python3.8/dist-packages/airflow/models/serialized_dag.py:120 SAWarning: TypeDecorator UtcDateTime(timezone=True) will not produce a cache key because the ``cache_ok`` flag is not set to True.  Set this flag to True if this type object's state is safe to use in a cache key, or False to disable this warning.
[2021-11-29 16:44:08,493] {logging_mixin.py:109} INFO - [2021-11-29 16:44:08,493] {dag.py:2396} INFO - Sync 1 DAGs
[2021-11-29 16:44:08,512] {logging_mixin.py:109} WARNING - /usr/local/lib/python3.8/dist-packages/airflow/models/dag.py:2433 SAWarning: TypeDecorator UtcDateTime(timezone=True) will not produce a cache key because the ``cache_ok`` flag is not set to True.  Set this flag to True if this type object's state is safe to use in a cache key, or False to disable this warning.
[2021-11-29 16:44:08,528] {logging_mixin.py:109} INFO - [2021-11-29 16:44:08,528] {dag.py:2928} INFO - Setting next_dagrun for tutorial_taskflow_api_etl to None
[2021-11-29 16:44:08,793] {processor.py:171} INFO - Processing /usr/local/lib/python3.8/dist-packages/airflow/example_dags/tutorial_taskflow_api_etl.py took 1.207 seconds
[2021-11-29 16:45:05,385] {processor.py:163} INFO - Started process (PID=10238) to work on /usr/local/lib/python3.8/dist-packages/airflow/example_dags/tutorial_taskflow_api_etl.py
[2021-11-29 16:45:05,403] {processor.py:625} INFO - Processing file /usr/local/lib/python3.8/dist-packages/airflow/example_dags/tutorial_taskflow_api_etl.py for tasks to queue
[2021-11-29 16:45:05,404] {logging_mixin.py:109} INFO - [2021-11-29 16:45:05,403] {dagbag.py:500} INFO - Filling up the DagBag from /usr/local/lib/python3.8/dist-packages/airflow/example_dags/tutorial_taskflow_api_etl.py
[2021-11-29 16:45:05,456] {processor.py:637} INFO - DAG(s) dict_keys(['tutorial_taskflow_api_etl']) retrieved from /usr/local/lib/python3.8/dist-packages/airflow/example_dags/tutorial_taskflow_api_etl.py
[2021-11-29 16:45:05,462] {logging_mixin.py:109} WARNING - /usr/local/lib/python3.8/dist-packages/airflow/models/serialized_dag.py:120 SAWarning: TypeDecorator UtcDateTime(timezone=True) will not produce a cache key because the ``cache_ok`` flag is not set to True.  Set this flag to True if this type object's state is safe to use in a cache key, or False to disable this warning.
[2021-11-29 16:45:05,993] {logging_mixin.py:109} INFO - [2021-11-29 16:45:05,992] {dag.py:2396} INFO - Sync 1 DAGs
[2021-11-29 16:45:06,027] {logging_mixin.py:109} WARNING - /usr/local/lib/python3.8/dist-packages/airflow/models/dag.py:2433 SAWarning: TypeDecorator UtcDateTime(timezone=True) will not produce a cache key because the ``cache_ok`` flag is not set to True.  Set this flag to True if this type object's state is safe to use in a cache key, or False to disable this warning.
[2021-11-29 16:45:06,053] {logging_mixin.py:109} INFO - [2021-11-29 16:45:06,053] {dag.py:2928} INFO - Setting next_dagrun for tutorial_taskflow_api_etl to None
[2021-11-29 16:45:06,271] {processor.py:171} INFO - Processing /usr/local/lib/python3.8/dist-packages/airflow/example_dags/tutorial_taskflow_api_etl.py took 0.901 seconds
[2021-11-29 16:46:01,995] {processor.py:163} INFO - Started process (PID=10405) to work on /usr/local/lib/python3.8/dist-packages/airflow/example_dags/tutorial_taskflow_api_etl.py
[2021-11-29 16:46:02,015] {processor.py:625} INFO - Processing file /usr/local/lib/python3.8/dist-packages/airflow/example_dags/tutorial_taskflow_api_etl.py for tasks to queue
[2021-11-29 16:46:02,017] {logging_mixin.py:109} INFO - [2021-11-29 16:46:02,017] {dagbag.py:500} INFO - Filling up the DagBag from /usr/local/lib/python3.8/dist-packages/airflow/example_dags/tutorial_taskflow_api_etl.py
[2021-11-29 16:46:02,084] {processor.py:637} INFO - DAG(s) dict_keys(['tutorial_taskflow_api_etl']) retrieved from /usr/local/lib/python3.8/dist-packages/airflow/example_dags/tutorial_taskflow_api_etl.py
[2021-11-29 16:46:02,101] {logging_mixin.py:109} WARNING - /usr/local/lib/python3.8/dist-packages/airflow/models/serialized_dag.py:120 SAWarning: TypeDecorator UtcDateTime(timezone=True) will not produce a cache key because the ``cache_ok`` flag is not set to True.  Set this flag to True if this type object's state is safe to use in a cache key, or False to disable this warning.
[2021-11-29 16:46:02,644] {logging_mixin.py:109} INFO - [2021-11-29 16:46:02,644] {dag.py:2396} INFO - Sync 1 DAGs
[2021-11-29 16:46:02,661] {logging_mixin.py:109} WARNING - /usr/local/lib/python3.8/dist-packages/airflow/models/dag.py:2433 SAWarning: TypeDecorator UtcDateTime(timezone=True) will not produce a cache key because the ``cache_ok`` flag is not set to True.  Set this flag to True if this type object's state is safe to use in a cache key, or False to disable this warning.
[2021-11-29 16:46:02,677] {logging_mixin.py:109} INFO - [2021-11-29 16:46:02,676] {dag.py:2928} INFO - Setting next_dagrun for tutorial_taskflow_api_etl to None
[2021-11-29 16:46:02,896] {processor.py:171} INFO - Processing /usr/local/lib/python3.8/dist-packages/airflow/example_dags/tutorial_taskflow_api_etl.py took 0.915 seconds
