[2021-11-29 16:14:54,265] {processor.py:163} INFO - Started process (PID=4877) to work on /usr/local/lib/python3.8/dist-packages/airflow/example_dags/tutorial_etl_dag.py
[2021-11-29 16:14:54,266] {processor.py:625} INFO - Processing file /usr/local/lib/python3.8/dist-packages/airflow/example_dags/tutorial_etl_dag.py for tasks to queue
[2021-11-29 16:14:54,266] {logging_mixin.py:109} INFO - [2021-11-29 16:14:54,266] {dagbag.py:500} INFO - Filling up the DagBag from /usr/local/lib/python3.8/dist-packages/airflow/example_dags/tutorial_etl_dag.py
[2021-11-29 16:14:54,310] {processor.py:637} INFO - DAG(s) dict_keys(['tutorial_etl_dag']) retrieved from /usr/local/lib/python3.8/dist-packages/airflow/example_dags/tutorial_etl_dag.py
[2021-11-29 16:14:54,316] {logging_mixin.py:109} WARNING - /usr/local/lib/python3.8/dist-packages/airflow/models/serialized_dag.py:120 SAWarning: TypeDecorator UtcDateTime(timezone=True) will not produce a cache key because the ``cache_ok`` flag is not set to True.  Set this flag to True if this type object's state is safe to use in a cache key, or False to disable this warning.
[2021-11-29 16:14:54,329] {logging_mixin.py:109} INFO - [2021-11-29 16:14:54,329] {dag.py:2396} INFO - Sync 1 DAGs
[2021-11-29 16:14:54,347] {logging_mixin.py:109} WARNING - /usr/local/lib/python3.8/dist-packages/airflow/models/dag.py:2433 SAWarning: TypeDecorator UtcDateTime(timezone=True) will not produce a cache key because the ``cache_ok`` flag is not set to True.  Set this flag to True if this type object's state is safe to use in a cache key, or False to disable this warning.
[2021-11-29 16:14:54,360] {logging_mixin.py:109} INFO - [2021-11-29 16:14:54,359] {dag.py:2928} INFO - Setting next_dagrun for tutorial_etl_dag to None
[2021-11-29 16:14:54,589] {processor.py:171} INFO - Processing /usr/local/lib/python3.8/dist-packages/airflow/example_dags/tutorial_etl_dag.py took 0.339 seconds
[2021-11-29 16:15:53,929] {processor.py:163} INFO - Started process (PID=5044) to work on /usr/local/lib/python3.8/dist-packages/airflow/example_dags/tutorial_etl_dag.py
[2021-11-29 16:15:53,973] {processor.py:625} INFO - Processing file /usr/local/lib/python3.8/dist-packages/airflow/example_dags/tutorial_etl_dag.py for tasks to queue
[2021-11-29 16:15:53,974] {logging_mixin.py:109} INFO - [2021-11-29 16:15:53,974] {dagbag.py:500} INFO - Filling up the DagBag from /usr/local/lib/python3.8/dist-packages/airflow/example_dags/tutorial_etl_dag.py
[2021-11-29 16:15:54,058] {processor.py:637} INFO - DAG(s) dict_keys(['tutorial_etl_dag']) retrieved from /usr/local/lib/python3.8/dist-packages/airflow/example_dags/tutorial_etl_dag.py
[2021-11-29 16:15:54,067] {logging_mixin.py:109} WARNING - /usr/local/lib/python3.8/dist-packages/airflow/models/serialized_dag.py:120 SAWarning: TypeDecorator UtcDateTime(timezone=True) will not produce a cache key because the ``cache_ok`` flag is not set to True.  Set this flag to True if this type object's state is safe to use in a cache key, or False to disable this warning.
[2021-11-29 16:15:54,101] {logging_mixin.py:109} INFO - [2021-11-29 16:15:54,100] {dag.py:2396} INFO - Sync 1 DAGs
[2021-11-29 16:15:54,147] {logging_mixin.py:109} WARNING - /usr/local/lib/python3.8/dist-packages/airflow/models/dag.py:2433 SAWarning: TypeDecorator UtcDateTime(timezone=True) will not produce a cache key because the ``cache_ok`` flag is not set to True.  Set this flag to True if this type object's state is safe to use in a cache key, or False to disable this warning.
[2021-11-29 16:15:54,169] {logging_mixin.py:109} INFO - [2021-11-29 16:15:54,169] {dag.py:2928} INFO - Setting next_dagrun for tutorial_etl_dag to None
[2021-11-29 16:15:55,016] {processor.py:171} INFO - Processing /usr/local/lib/python3.8/dist-packages/airflow/example_dags/tutorial_etl_dag.py took 1.091 seconds
[2021-11-29 16:16:56,329] {processor.py:163} INFO - Started process (PID=5220) to work on /usr/local/lib/python3.8/dist-packages/airflow/example_dags/tutorial_etl_dag.py
[2021-11-29 16:16:56,345] {processor.py:625} INFO - Processing file /usr/local/lib/python3.8/dist-packages/airflow/example_dags/tutorial_etl_dag.py for tasks to queue
[2021-11-29 16:16:56,346] {logging_mixin.py:109} INFO - [2021-11-29 16:16:56,346] {dagbag.py:500} INFO - Filling up the DagBag from /usr/local/lib/python3.8/dist-packages/airflow/example_dags/tutorial_etl_dag.py
[2021-11-29 16:16:56,379] {processor.py:637} INFO - DAG(s) dict_keys(['tutorial_etl_dag']) retrieved from /usr/local/lib/python3.8/dist-packages/airflow/example_dags/tutorial_etl_dag.py
[2021-11-29 16:16:56,385] {logging_mixin.py:109} WARNING - /usr/local/lib/python3.8/dist-packages/airflow/models/serialized_dag.py:120 SAWarning: TypeDecorator UtcDateTime(timezone=True) will not produce a cache key because the ``cache_ok`` flag is not set to True.  Set this flag to True if this type object's state is safe to use in a cache key, or False to disable this warning.
[2021-11-29 16:16:56,398] {logging_mixin.py:109} INFO - [2021-11-29 16:16:56,398] {dag.py:2396} INFO - Sync 1 DAGs
[2021-11-29 16:16:56,420] {logging_mixin.py:109} WARNING - /usr/local/lib/python3.8/dist-packages/airflow/models/dag.py:2433 SAWarning: TypeDecorator UtcDateTime(timezone=True) will not produce a cache key because the ``cache_ok`` flag is not set to True.  Set this flag to True if this type object's state is safe to use in a cache key, or False to disable this warning.
[2021-11-29 16:16:56,434] {logging_mixin.py:109} INFO - [2021-11-29 16:16:56,434] {dag.py:2928} INFO - Setting next_dagrun for tutorial_etl_dag to None
[2021-11-29 16:16:56,595] {processor.py:171} INFO - Processing /usr/local/lib/python3.8/dist-packages/airflow/example_dags/tutorial_etl_dag.py took 0.271 seconds
[2021-11-29 16:17:53,434] {processor.py:163} INFO - Started process (PID=5403) to work on /usr/local/lib/python3.8/dist-packages/airflow/example_dags/tutorial_etl_dag.py
[2021-11-29 16:17:53,460] {processor.py:625} INFO - Processing file /usr/local/lib/python3.8/dist-packages/airflow/example_dags/tutorial_etl_dag.py for tasks to queue
[2021-11-29 16:17:53,462] {logging_mixin.py:109} INFO - [2021-11-29 16:17:53,460] {dagbag.py:500} INFO - Filling up the DagBag from /usr/local/lib/python3.8/dist-packages/airflow/example_dags/tutorial_etl_dag.py
[2021-11-29 16:17:53,527] {processor.py:637} INFO - DAG(s) dict_keys(['tutorial_etl_dag']) retrieved from /usr/local/lib/python3.8/dist-packages/airflow/example_dags/tutorial_etl_dag.py
[2021-11-29 16:17:53,533] {logging_mixin.py:109} WARNING - /usr/local/lib/python3.8/dist-packages/airflow/models/serialized_dag.py:120 SAWarning: TypeDecorator UtcDateTime(timezone=True) will not produce a cache key because the ``cache_ok`` flag is not set to True.  Set this flag to True if this type object's state is safe to use in a cache key, or False to disable this warning.
[2021-11-29 16:17:53,555] {logging_mixin.py:109} INFO - [2021-11-29 16:17:53,554] {dag.py:2396} INFO - Sync 1 DAGs
[2021-11-29 16:17:53,574] {logging_mixin.py:109} WARNING - /usr/local/lib/python3.8/dist-packages/airflow/models/dag.py:2433 SAWarning: TypeDecorator UtcDateTime(timezone=True) will not produce a cache key because the ``cache_ok`` flag is not set to True.  Set this flag to True if this type object's state is safe to use in a cache key, or False to disable this warning.
[2021-11-29 16:17:53,586] {logging_mixin.py:109} INFO - [2021-11-29 16:17:53,585] {dag.py:2928} INFO - Setting next_dagrun for tutorial_etl_dag to None
[2021-11-29 16:17:53,898] {processor.py:171} INFO - Processing /usr/local/lib/python3.8/dist-packages/airflow/example_dags/tutorial_etl_dag.py took 0.468 seconds
[2021-11-29 16:18:51,135] {processor.py:163} INFO - Started process (PID=5572) to work on /usr/local/lib/python3.8/dist-packages/airflow/example_dags/tutorial_etl_dag.py
[2021-11-29 16:18:51,159] {processor.py:625} INFO - Processing file /usr/local/lib/python3.8/dist-packages/airflow/example_dags/tutorial_etl_dag.py for tasks to queue
[2021-11-29 16:18:51,160] {logging_mixin.py:109} INFO - [2021-11-29 16:18:51,160] {dagbag.py:500} INFO - Filling up the DagBag from /usr/local/lib/python3.8/dist-packages/airflow/example_dags/tutorial_etl_dag.py
[2021-11-29 16:18:51,227] {processor.py:637} INFO - DAG(s) dict_keys(['tutorial_etl_dag']) retrieved from /usr/local/lib/python3.8/dist-packages/airflow/example_dags/tutorial_etl_dag.py
[2021-11-29 16:18:51,245] {logging_mixin.py:109} WARNING - /usr/local/lib/python3.8/dist-packages/airflow/models/serialized_dag.py:120 SAWarning: TypeDecorator UtcDateTime(timezone=True) will not produce a cache key because the ``cache_ok`` flag is not set to True.  Set this flag to True if this type object's state is safe to use in a cache key, or False to disable this warning.
[2021-11-29 16:18:51,279] {logging_mixin.py:109} INFO - [2021-11-29 16:18:51,279] {dag.py:2396} INFO - Sync 1 DAGs
[2021-11-29 16:18:51,409] {logging_mixin.py:109} WARNING - /usr/local/lib/python3.8/dist-packages/airflow/models/dag.py:2433 SAWarning: TypeDecorator UtcDateTime(timezone=True) will not produce a cache key because the ``cache_ok`` flag is not set to True.  Set this flag to True if this type object's state is safe to use in a cache key, or False to disable this warning.
[2021-11-29 16:18:51,455] {logging_mixin.py:109} INFO - [2021-11-29 16:18:51,445] {dag.py:2928} INFO - Setting next_dagrun for tutorial_etl_dag to None
[2021-11-29 16:18:51,704] {processor.py:171} INFO - Processing /usr/local/lib/python3.8/dist-packages/airflow/example_dags/tutorial_etl_dag.py took 0.584 seconds
[2021-11-29 16:19:46,025] {processor.py:163} INFO - Started process (PID=5737) to work on /usr/local/lib/python3.8/dist-packages/airflow/example_dags/tutorial_etl_dag.py
[2021-11-29 16:19:46,075] {processor.py:625} INFO - Processing file /usr/local/lib/python3.8/dist-packages/airflow/example_dags/tutorial_etl_dag.py for tasks to queue
[2021-11-29 16:19:46,076] {logging_mixin.py:109} INFO - [2021-11-29 16:19:46,076] {dagbag.py:500} INFO - Filling up the DagBag from /usr/local/lib/python3.8/dist-packages/airflow/example_dags/tutorial_etl_dag.py
[2021-11-29 16:19:46,161] {processor.py:637} INFO - DAG(s) dict_keys(['tutorial_etl_dag']) retrieved from /usr/local/lib/python3.8/dist-packages/airflow/example_dags/tutorial_etl_dag.py
[2021-11-29 16:19:46,196] {logging_mixin.py:109} WARNING - /usr/local/lib/python3.8/dist-packages/airflow/models/serialized_dag.py:120 SAWarning: TypeDecorator UtcDateTime(timezone=True) will not produce a cache key because the ``cache_ok`` flag is not set to True.  Set this flag to True if this type object's state is safe to use in a cache key, or False to disable this warning.
[2021-11-29 16:19:46,221] {logging_mixin.py:109} INFO - [2021-11-29 16:19:46,221] {dag.py:2396} INFO - Sync 1 DAGs
[2021-11-29 16:19:46,239] {logging_mixin.py:109} WARNING - /usr/local/lib/python3.8/dist-packages/airflow/models/dag.py:2433 SAWarning: TypeDecorator UtcDateTime(timezone=True) will not produce a cache key because the ``cache_ok`` flag is not set to True.  Set this flag to True if this type object's state is safe to use in a cache key, or False to disable this warning.
[2021-11-29 16:19:46,255] {logging_mixin.py:109} INFO - [2021-11-29 16:19:46,254] {dag.py:2928} INFO - Setting next_dagrun for tutorial_etl_dag to None
[2021-11-29 16:19:46,500] {processor.py:171} INFO - Processing /usr/local/lib/python3.8/dist-packages/airflow/example_dags/tutorial_etl_dag.py took 0.490 seconds
[2021-11-29 16:20:40,275] {processor.py:163} INFO - Started process (PID=5911) to work on /usr/local/lib/python3.8/dist-packages/airflow/example_dags/tutorial_etl_dag.py
[2021-11-29 16:20:40,310] {processor.py:625} INFO - Processing file /usr/local/lib/python3.8/dist-packages/airflow/example_dags/tutorial_etl_dag.py for tasks to queue
[2021-11-29 16:20:40,311] {logging_mixin.py:109} INFO - [2021-11-29 16:20:40,311] {dagbag.py:500} INFO - Filling up the DagBag from /usr/local/lib/python3.8/dist-packages/airflow/example_dags/tutorial_etl_dag.py
[2021-11-29 16:20:40,365] {processor.py:637} INFO - DAG(s) dict_keys(['tutorial_etl_dag']) retrieved from /usr/local/lib/python3.8/dist-packages/airflow/example_dags/tutorial_etl_dag.py
[2021-11-29 16:20:40,381] {logging_mixin.py:109} WARNING - /usr/local/lib/python3.8/dist-packages/airflow/models/serialized_dag.py:120 SAWarning: TypeDecorator UtcDateTime(timezone=True) will not produce a cache key because the ``cache_ok`` flag is not set to True.  Set this flag to True if this type object's state is safe to use in a cache key, or False to disable this warning.
[2021-11-29 16:20:40,404] {logging_mixin.py:109} INFO - [2021-11-29 16:20:40,404] {dag.py:2396} INFO - Sync 1 DAGs
[2021-11-29 16:20:40,438] {logging_mixin.py:109} WARNING - /usr/local/lib/python3.8/dist-packages/airflow/models/dag.py:2433 SAWarning: TypeDecorator UtcDateTime(timezone=True) will not produce a cache key because the ``cache_ok`` flag is not set to True.  Set this flag to True if this type object's state is safe to use in a cache key, or False to disable this warning.
[2021-11-29 16:20:40,448] {logging_mixin.py:109} INFO - [2021-11-29 16:20:40,448] {dag.py:2928} INFO - Setting next_dagrun for tutorial_etl_dag to None
[2021-11-29 16:20:40,619] {processor.py:171} INFO - Processing /usr/local/lib/python3.8/dist-packages/airflow/example_dags/tutorial_etl_dag.py took 0.360 seconds
[2021-11-29 16:21:34,440] {processor.py:163} INFO - Started process (PID=6080) to work on /usr/local/lib/python3.8/dist-packages/airflow/example_dags/tutorial_etl_dag.py
[2021-11-29 16:21:34,477] {processor.py:625} INFO - Processing file /usr/local/lib/python3.8/dist-packages/airflow/example_dags/tutorial_etl_dag.py for tasks to queue
[2021-11-29 16:21:34,478] {logging_mixin.py:109} INFO - [2021-11-29 16:21:34,478] {dagbag.py:500} INFO - Filling up the DagBag from /usr/local/lib/python3.8/dist-packages/airflow/example_dags/tutorial_etl_dag.py
[2021-11-29 16:21:34,546] {processor.py:637} INFO - DAG(s) dict_keys(['tutorial_etl_dag']) retrieved from /usr/local/lib/python3.8/dist-packages/airflow/example_dags/tutorial_etl_dag.py
[2021-11-29 16:21:34,554] {logging_mixin.py:109} WARNING - /usr/local/lib/python3.8/dist-packages/airflow/models/serialized_dag.py:120 SAWarning: TypeDecorator UtcDateTime(timezone=True) will not produce a cache key because the ``cache_ok`` flag is not set to True.  Set this flag to True if this type object's state is safe to use in a cache key, or False to disable this warning.
[2021-11-29 16:21:34,586] {logging_mixin.py:109} INFO - [2021-11-29 16:21:34,585] {dag.py:2396} INFO - Sync 1 DAGs
[2021-11-29 16:21:34,605] {logging_mixin.py:109} WARNING - /usr/local/lib/python3.8/dist-packages/airflow/models/dag.py:2433 SAWarning: TypeDecorator UtcDateTime(timezone=True) will not produce a cache key because the ``cache_ok`` flag is not set to True.  Set this flag to True if this type object's state is safe to use in a cache key, or False to disable this warning.
[2021-11-29 16:21:34,621] {logging_mixin.py:109} INFO - [2021-11-29 16:21:34,621] {dag.py:2928} INFO - Setting next_dagrun for tutorial_etl_dag to None
[2021-11-29 16:21:34,800] {processor.py:171} INFO - Processing /usr/local/lib/python3.8/dist-packages/airflow/example_dags/tutorial_etl_dag.py took 0.364 seconds
[2021-11-29 16:22:32,535] {processor.py:163} INFO - Started process (PID=6263) to work on /usr/local/lib/python3.8/dist-packages/airflow/example_dags/tutorial_etl_dag.py
[2021-11-29 16:22:32,545] {processor.py:625} INFO - Processing file /usr/local/lib/python3.8/dist-packages/airflow/example_dags/tutorial_etl_dag.py for tasks to queue
[2021-11-29 16:22:32,546] {logging_mixin.py:109} INFO - [2021-11-29 16:22:32,545] {dagbag.py:500} INFO - Filling up the DagBag from /usr/local/lib/python3.8/dist-packages/airflow/example_dags/tutorial_etl_dag.py
[2021-11-29 16:22:32,646] {processor.py:637} INFO - DAG(s) dict_keys(['tutorial_etl_dag']) retrieved from /usr/local/lib/python3.8/dist-packages/airflow/example_dags/tutorial_etl_dag.py
[2021-11-29 16:22:32,655] {logging_mixin.py:109} WARNING - /usr/local/lib/python3.8/dist-packages/airflow/models/serialized_dag.py:120 SAWarning: TypeDecorator UtcDateTime(timezone=True) will not produce a cache key because the ``cache_ok`` flag is not set to True.  Set this flag to True if this type object's state is safe to use in a cache key, or False to disable this warning.
[2021-11-29 16:22:32,692] {logging_mixin.py:109} INFO - [2021-11-29 16:22:32,692] {dag.py:2396} INFO - Sync 1 DAGs
[2021-11-29 16:22:32,745] {logging_mixin.py:109} WARNING - /usr/local/lib/python3.8/dist-packages/airflow/models/dag.py:2433 SAWarning: TypeDecorator UtcDateTime(timezone=True) will not produce a cache key because the ``cache_ok`` flag is not set to True.  Set this flag to True if this type object's state is safe to use in a cache key, or False to disable this warning.
[2021-11-29 16:22:32,760] {logging_mixin.py:109} INFO - [2021-11-29 16:22:32,760] {dag.py:2928} INFO - Setting next_dagrun for tutorial_etl_dag to None
[2021-11-29 16:22:33,184] {processor.py:171} INFO - Processing /usr/local/lib/python3.8/dist-packages/airflow/example_dags/tutorial_etl_dag.py took 0.664 seconds
[2021-11-29 16:23:27,676] {processor.py:163} INFO - Started process (PID=6436) to work on /usr/local/lib/python3.8/dist-packages/airflow/example_dags/tutorial_etl_dag.py
[2021-11-29 16:23:27,690] {processor.py:625} INFO - Processing file /usr/local/lib/python3.8/dist-packages/airflow/example_dags/tutorial_etl_dag.py for tasks to queue
[2021-11-29 16:23:27,691] {logging_mixin.py:109} INFO - [2021-11-29 16:23:27,691] {dagbag.py:500} INFO - Filling up the DagBag from /usr/local/lib/python3.8/dist-packages/airflow/example_dags/tutorial_etl_dag.py
[2021-11-29 16:23:27,755] {processor.py:637} INFO - DAG(s) dict_keys(['tutorial_etl_dag']) retrieved from /usr/local/lib/python3.8/dist-packages/airflow/example_dags/tutorial_etl_dag.py
[2021-11-29 16:23:27,762] {logging_mixin.py:109} WARNING - /usr/local/lib/python3.8/dist-packages/airflow/models/serialized_dag.py:120 SAWarning: TypeDecorator UtcDateTime(timezone=True) will not produce a cache key because the ``cache_ok`` flag is not set to True.  Set this flag to True if this type object's state is safe to use in a cache key, or False to disable this warning.
[2021-11-29 16:23:27,794] {logging_mixin.py:109} INFO - [2021-11-29 16:23:27,794] {dag.py:2396} INFO - Sync 1 DAGs
[2021-11-29 16:23:27,814] {logging_mixin.py:109} WARNING - /usr/local/lib/python3.8/dist-packages/airflow/models/dag.py:2433 SAWarning: TypeDecorator UtcDateTime(timezone=True) will not produce a cache key because the ``cache_ok`` flag is not set to True.  Set this flag to True if this type object's state is safe to use in a cache key, or False to disable this warning.
[2021-11-29 16:23:27,829] {logging_mixin.py:109} INFO - [2021-11-29 16:23:27,828] {dag.py:2928} INFO - Setting next_dagrun for tutorial_etl_dag to None
[2021-11-29 16:23:27,989] {processor.py:171} INFO - Processing /usr/local/lib/python3.8/dist-packages/airflow/example_dags/tutorial_etl_dag.py took 0.329 seconds
[2021-11-29 16:24:26,739] {processor.py:163} INFO - Started process (PID=6600) to work on /usr/local/lib/python3.8/dist-packages/airflow/example_dags/tutorial_etl_dag.py
[2021-11-29 16:24:26,780] {processor.py:625} INFO - Processing file /usr/local/lib/python3.8/dist-packages/airflow/example_dags/tutorial_etl_dag.py for tasks to queue
[2021-11-29 16:24:26,783] {logging_mixin.py:109} INFO - [2021-11-29 16:24:26,783] {dagbag.py:500} INFO - Filling up the DagBag from /usr/local/lib/python3.8/dist-packages/airflow/example_dags/tutorial_etl_dag.py
[2021-11-29 16:24:26,883] {processor.py:637} INFO - DAG(s) dict_keys(['tutorial_etl_dag']) retrieved from /usr/local/lib/python3.8/dist-packages/airflow/example_dags/tutorial_etl_dag.py
[2021-11-29 16:24:26,902] {logging_mixin.py:109} WARNING - /usr/local/lib/python3.8/dist-packages/airflow/models/serialized_dag.py:120 SAWarning: TypeDecorator UtcDateTime(timezone=True) will not produce a cache key because the ``cache_ok`` flag is not set to True.  Set this flag to True if this type object's state is safe to use in a cache key, or False to disable this warning.
[2021-11-29 16:24:26,951] {logging_mixin.py:109} INFO - [2021-11-29 16:24:26,951] {dag.py:2396} INFO - Sync 1 DAGs
[2021-11-29 16:24:26,982] {logging_mixin.py:109} WARNING - /usr/local/lib/python3.8/dist-packages/airflow/models/dag.py:2433 SAWarning: TypeDecorator UtcDateTime(timezone=True) will not produce a cache key because the ``cache_ok`` flag is not set to True.  Set this flag to True if this type object's state is safe to use in a cache key, or False to disable this warning.
[2021-11-29 16:24:27,005] {logging_mixin.py:109} INFO - [2021-11-29 16:24:27,005] {dag.py:2928} INFO - Setting next_dagrun for tutorial_etl_dag to None
[2021-11-29 16:24:27,196] {processor.py:171} INFO - Processing /usr/local/lib/python3.8/dist-packages/airflow/example_dags/tutorial_etl_dag.py took 0.462 seconds
[2021-11-29 16:25:26,106] {processor.py:163} INFO - Started process (PID=6769) to work on /usr/local/lib/python3.8/dist-packages/airflow/example_dags/tutorial_etl_dag.py
[2021-11-29 16:25:26,185] {processor.py:625} INFO - Processing file /usr/local/lib/python3.8/dist-packages/airflow/example_dags/tutorial_etl_dag.py for tasks to queue
[2021-11-29 16:25:26,186] {logging_mixin.py:109} INFO - [2021-11-29 16:25:26,186] {dagbag.py:500} INFO - Filling up the DagBag from /usr/local/lib/python3.8/dist-packages/airflow/example_dags/tutorial_etl_dag.py
[2021-11-29 16:25:26,234] {processor.py:637} INFO - DAG(s) dict_keys(['tutorial_etl_dag']) retrieved from /usr/local/lib/python3.8/dist-packages/airflow/example_dags/tutorial_etl_dag.py
[2021-11-29 16:25:26,251] {logging_mixin.py:109} WARNING - /usr/local/lib/python3.8/dist-packages/airflow/models/serialized_dag.py:120 SAWarning: TypeDecorator UtcDateTime(timezone=True) will not produce a cache key because the ``cache_ok`` flag is not set to True.  Set this flag to True if this type object's state is safe to use in a cache key, or False to disable this warning.
[2021-11-29 16:25:26,274] {logging_mixin.py:109} INFO - [2021-11-29 16:25:26,274] {dag.py:2396} INFO - Sync 1 DAGs
[2021-11-29 16:25:26,311] {logging_mixin.py:109} WARNING - /usr/local/lib/python3.8/dist-packages/airflow/models/dag.py:2433 SAWarning: TypeDecorator UtcDateTime(timezone=True) will not produce a cache key because the ``cache_ok`` flag is not set to True.  Set this flag to True if this type object's state is safe to use in a cache key, or False to disable this warning.
[2021-11-29 16:25:26,356] {logging_mixin.py:109} INFO - [2021-11-29 16:25:26,356] {dag.py:2928} INFO - Setting next_dagrun for tutorial_etl_dag to None
[2021-11-29 16:25:26,584] {processor.py:171} INFO - Processing /usr/local/lib/python3.8/dist-packages/airflow/example_dags/tutorial_etl_dag.py took 0.492 seconds
[2021-11-29 16:26:20,511] {processor.py:163} INFO - Started process (PID=6939) to work on /usr/local/lib/python3.8/dist-packages/airflow/example_dags/tutorial_etl_dag.py
[2021-11-29 16:26:20,585] {processor.py:625} INFO - Processing file /usr/local/lib/python3.8/dist-packages/airflow/example_dags/tutorial_etl_dag.py for tasks to queue
[2021-11-29 16:26:20,586] {logging_mixin.py:109} INFO - [2021-11-29 16:26:20,586] {dagbag.py:500} INFO - Filling up the DagBag from /usr/local/lib/python3.8/dist-packages/airflow/example_dags/tutorial_etl_dag.py
[2021-11-29 16:26:20,787] {processor.py:637} INFO - DAG(s) dict_keys(['tutorial_etl_dag']) retrieved from /usr/local/lib/python3.8/dist-packages/airflow/example_dags/tutorial_etl_dag.py
[2021-11-29 16:26:20,805] {logging_mixin.py:109} WARNING - /usr/local/lib/python3.8/dist-packages/airflow/models/serialized_dag.py:120 SAWarning: TypeDecorator UtcDateTime(timezone=True) will not produce a cache key because the ``cache_ok`` flag is not set to True.  Set this flag to True if this type object's state is safe to use in a cache key, or False to disable this warning.
[2021-11-29 16:26:20,843] {logging_mixin.py:109} INFO - [2021-11-29 16:26:20,842] {dag.py:2396} INFO - Sync 1 DAGs
[2021-11-29 16:26:20,879] {logging_mixin.py:109} WARNING - /usr/local/lib/python3.8/dist-packages/airflow/models/dag.py:2433 SAWarning: TypeDecorator UtcDateTime(timezone=True) will not produce a cache key because the ``cache_ok`` flag is not set to True.  Set this flag to True if this type object's state is safe to use in a cache key, or False to disable this warning.
[2021-11-29 16:26:20,897] {logging_mixin.py:109} INFO - [2021-11-29 16:26:20,897] {dag.py:2928} INFO - Setting next_dagrun for tutorial_etl_dag to None
[2021-11-29 16:26:21,098] {processor.py:171} INFO - Processing /usr/local/lib/python3.8/dist-packages/airflow/example_dags/tutorial_etl_dag.py took 0.604 seconds
[2021-11-29 16:27:13,447] {processor.py:163} INFO - Started process (PID=7100) to work on /usr/local/lib/python3.8/dist-packages/airflow/example_dags/tutorial_etl_dag.py
[2021-11-29 16:27:13,479] {processor.py:625} INFO - Processing file /usr/local/lib/python3.8/dist-packages/airflow/example_dags/tutorial_etl_dag.py for tasks to queue
[2021-11-29 16:27:13,480] {logging_mixin.py:109} INFO - [2021-11-29 16:27:13,480] {dagbag.py:500} INFO - Filling up the DagBag from /usr/local/lib/python3.8/dist-packages/airflow/example_dags/tutorial_etl_dag.py
[2021-11-29 16:27:13,535] {processor.py:637} INFO - DAG(s) dict_keys(['tutorial_etl_dag']) retrieved from /usr/local/lib/python3.8/dist-packages/airflow/example_dags/tutorial_etl_dag.py
[2021-11-29 16:27:13,541] {logging_mixin.py:109} WARNING - /usr/local/lib/python3.8/dist-packages/airflow/models/serialized_dag.py:120 SAWarning: TypeDecorator UtcDateTime(timezone=True) will not produce a cache key because the ``cache_ok`` flag is not set to True.  Set this flag to True if this type object's state is safe to use in a cache key, or False to disable this warning.
[2021-11-29 16:27:13,580] {logging_mixin.py:109} INFO - [2021-11-29 16:27:13,580] {dag.py:2396} INFO - Sync 1 DAGs
[2021-11-29 16:27:13,616] {logging_mixin.py:109} WARNING - /usr/local/lib/python3.8/dist-packages/airflow/models/dag.py:2433 SAWarning: TypeDecorator UtcDateTime(timezone=True) will not produce a cache key because the ``cache_ok`` flag is not set to True.  Set this flag to True if this type object's state is safe to use in a cache key, or False to disable this warning.
[2021-11-29 16:27:13,640] {logging_mixin.py:109} INFO - [2021-11-29 16:27:13,640] {dag.py:2928} INFO - Setting next_dagrun for tutorial_etl_dag to None
[2021-11-29 16:27:13,865] {processor.py:171} INFO - Processing /usr/local/lib/python3.8/dist-packages/airflow/example_dags/tutorial_etl_dag.py took 0.433 seconds
[2021-11-29 16:28:09,579] {processor.py:163} INFO - Started process (PID=7262) to work on /usr/local/lib/python3.8/dist-packages/airflow/example_dags/tutorial_etl_dag.py
[2021-11-29 16:28:09,594] {processor.py:625} INFO - Processing file /usr/local/lib/python3.8/dist-packages/airflow/example_dags/tutorial_etl_dag.py for tasks to queue
[2021-11-29 16:28:09,595] {logging_mixin.py:109} INFO - [2021-11-29 16:28:09,594] {dagbag.py:500} INFO - Filling up the DagBag from /usr/local/lib/python3.8/dist-packages/airflow/example_dags/tutorial_etl_dag.py
[2021-11-29 16:28:09,698] {processor.py:637} INFO - DAG(s) dict_keys(['tutorial_etl_dag']) retrieved from /usr/local/lib/python3.8/dist-packages/airflow/example_dags/tutorial_etl_dag.py
[2021-11-29 16:28:09,720] {logging_mixin.py:109} WARNING - /usr/local/lib/python3.8/dist-packages/airflow/models/serialized_dag.py:120 SAWarning: TypeDecorator UtcDateTime(timezone=True) will not produce a cache key because the ``cache_ok`` flag is not set to True.  Set this flag to True if this type object's state is safe to use in a cache key, or False to disable this warning.
[2021-11-29 16:28:09,765] {logging_mixin.py:109} INFO - [2021-11-29 16:28:09,765] {dag.py:2396} INFO - Sync 1 DAGs
[2021-11-29 16:28:09,812] {logging_mixin.py:109} WARNING - /usr/local/lib/python3.8/dist-packages/airflow/models/dag.py:2433 SAWarning: TypeDecorator UtcDateTime(timezone=True) will not produce a cache key because the ``cache_ok`` flag is not set to True.  Set this flag to True if this type object's state is safe to use in a cache key, or False to disable this warning.
[2021-11-29 16:28:09,829] {logging_mixin.py:109} INFO - [2021-11-29 16:28:09,829] {dag.py:2928} INFO - Setting next_dagrun for tutorial_etl_dag to None
[2021-11-29 16:28:10,017] {processor.py:171} INFO - Processing /usr/local/lib/python3.8/dist-packages/airflow/example_dags/tutorial_etl_dag.py took 0.448 seconds
[2021-11-29 16:29:08,139] {processor.py:163} INFO - Started process (PID=7424) to work on /usr/local/lib/python3.8/dist-packages/airflow/example_dags/tutorial_etl_dag.py
[2021-11-29 16:29:08,156] {processor.py:625} INFO - Processing file /usr/local/lib/python3.8/dist-packages/airflow/example_dags/tutorial_etl_dag.py for tasks to queue
[2021-11-29 16:29:08,157] {logging_mixin.py:109} INFO - [2021-11-29 16:29:08,157] {dagbag.py:500} INFO - Filling up the DagBag from /usr/local/lib/python3.8/dist-packages/airflow/example_dags/tutorial_etl_dag.py
[2021-11-29 16:29:08,260] {processor.py:637} INFO - DAG(s) dict_keys(['tutorial_etl_dag']) retrieved from /usr/local/lib/python3.8/dist-packages/airflow/example_dags/tutorial_etl_dag.py
[2021-11-29 16:29:08,282] {logging_mixin.py:109} WARNING - /usr/local/lib/python3.8/dist-packages/airflow/models/serialized_dag.py:120 SAWarning: TypeDecorator UtcDateTime(timezone=True) will not produce a cache key because the ``cache_ok`` flag is not set to True.  Set this flag to True if this type object's state is safe to use in a cache key, or False to disable this warning.
[2021-11-29 16:29:08,300] {logging_mixin.py:109} INFO - [2021-11-29 16:29:08,299] {dag.py:2396} INFO - Sync 1 DAGs
[2021-11-29 16:29:08,321] {logging_mixin.py:109} WARNING - /usr/local/lib/python3.8/dist-packages/airflow/models/dag.py:2433 SAWarning: TypeDecorator UtcDateTime(timezone=True) will not produce a cache key because the ``cache_ok`` flag is not set to True.  Set this flag to True if this type object's state is safe to use in a cache key, or False to disable this warning.
[2021-11-29 16:29:08,337] {logging_mixin.py:109} INFO - [2021-11-29 16:29:08,336] {dag.py:2928} INFO - Setting next_dagrun for tutorial_etl_dag to None
[2021-11-29 16:29:08,504] {processor.py:171} INFO - Processing /usr/local/lib/python3.8/dist-packages/airflow/example_dags/tutorial_etl_dag.py took 0.370 seconds
[2021-11-29 16:30:05,068] {processor.py:163} INFO - Started process (PID=7586) to work on /usr/local/lib/python3.8/dist-packages/airflow/example_dags/tutorial_etl_dag.py
[2021-11-29 16:30:05,102] {processor.py:625} INFO - Processing file /usr/local/lib/python3.8/dist-packages/airflow/example_dags/tutorial_etl_dag.py for tasks to queue
[2021-11-29 16:30:05,105] {logging_mixin.py:109} INFO - [2021-11-29 16:30:05,105] {dagbag.py:500} INFO - Filling up the DagBag from /usr/local/lib/python3.8/dist-packages/airflow/example_dags/tutorial_etl_dag.py
[2021-11-29 16:30:05,194] {processor.py:637} INFO - DAG(s) dict_keys(['tutorial_etl_dag']) retrieved from /usr/local/lib/python3.8/dist-packages/airflow/example_dags/tutorial_etl_dag.py
[2021-11-29 16:30:05,201] {logging_mixin.py:109} WARNING - /usr/local/lib/python3.8/dist-packages/airflow/models/serialized_dag.py:120 SAWarning: TypeDecorator UtcDateTime(timezone=True) will not produce a cache key because the ``cache_ok`` flag is not set to True.  Set this flag to True if this type object's state is safe to use in a cache key, or False to disable this warning.
[2021-11-29 16:30:05,219] {logging_mixin.py:109} INFO - [2021-11-29 16:30:05,218] {dag.py:2396} INFO - Sync 1 DAGs
[2021-11-29 16:30:05,246] {logging_mixin.py:109} WARNING - /usr/local/lib/python3.8/dist-packages/airflow/models/dag.py:2433 SAWarning: TypeDecorator UtcDateTime(timezone=True) will not produce a cache key because the ``cache_ok`` flag is not set to True.  Set this flag to True if this type object's state is safe to use in a cache key, or False to disable this warning.
[2021-11-29 16:30:05,262] {logging_mixin.py:109} INFO - [2021-11-29 16:30:05,262] {dag.py:2928} INFO - Setting next_dagrun for tutorial_etl_dag to None
[2021-11-29 16:30:05,441] {processor.py:171} INFO - Processing /usr/local/lib/python3.8/dist-packages/airflow/example_dags/tutorial_etl_dag.py took 0.377 seconds
[2021-11-29 16:31:02,486] {processor.py:163} INFO - Started process (PID=7751) to work on /usr/local/lib/python3.8/dist-packages/airflow/example_dags/tutorial_etl_dag.py
[2021-11-29 16:31:02,494] {processor.py:625} INFO - Processing file /usr/local/lib/python3.8/dist-packages/airflow/example_dags/tutorial_etl_dag.py for tasks to queue
[2021-11-29 16:31:02,495] {logging_mixin.py:109} INFO - [2021-11-29 16:31:02,495] {dagbag.py:500} INFO - Filling up the DagBag from /usr/local/lib/python3.8/dist-packages/airflow/example_dags/tutorial_etl_dag.py
[2021-11-29 16:31:02,558] {processor.py:637} INFO - DAG(s) dict_keys(['tutorial_etl_dag']) retrieved from /usr/local/lib/python3.8/dist-packages/airflow/example_dags/tutorial_etl_dag.py
[2021-11-29 16:31:02,566] {logging_mixin.py:109} WARNING - /usr/local/lib/python3.8/dist-packages/airflow/models/serialized_dag.py:120 SAWarning: TypeDecorator UtcDateTime(timezone=True) will not produce a cache key because the ``cache_ok`` flag is not set to True.  Set this flag to True if this type object's state is safe to use in a cache key, or False to disable this warning.
[2021-11-29 16:31:02,580] {logging_mixin.py:109} INFO - [2021-11-29 16:31:02,580] {dag.py:2396} INFO - Sync 1 DAGs
[2021-11-29 16:31:02,598] {logging_mixin.py:109} WARNING - /usr/local/lib/python3.8/dist-packages/airflow/models/dag.py:2433 SAWarning: TypeDecorator UtcDateTime(timezone=True) will not produce a cache key because the ``cache_ok`` flag is not set to True.  Set this flag to True if this type object's state is safe to use in a cache key, or False to disable this warning.
[2021-11-29 16:31:02,615] {logging_mixin.py:109} INFO - [2021-11-29 16:31:02,615] {dag.py:2928} INFO - Setting next_dagrun for tutorial_etl_dag to None
[2021-11-29 16:31:02,774] {processor.py:171} INFO - Processing /usr/local/lib/python3.8/dist-packages/airflow/example_dags/tutorial_etl_dag.py took 0.292 seconds
[2021-11-29 16:31:56,206] {processor.py:163} INFO - Started process (PID=7912) to work on /usr/local/lib/python3.8/dist-packages/airflow/example_dags/tutorial_etl_dag.py
[2021-11-29 16:31:56,215] {processor.py:625} INFO - Processing file /usr/local/lib/python3.8/dist-packages/airflow/example_dags/tutorial_etl_dag.py for tasks to queue
[2021-11-29 16:31:56,216] {logging_mixin.py:109} INFO - [2021-11-29 16:31:56,216] {dagbag.py:500} INFO - Filling up the DagBag from /usr/local/lib/python3.8/dist-packages/airflow/example_dags/tutorial_etl_dag.py
[2021-11-29 16:31:56,295] {processor.py:637} INFO - DAG(s) dict_keys(['tutorial_etl_dag']) retrieved from /usr/local/lib/python3.8/dist-packages/airflow/example_dags/tutorial_etl_dag.py
[2021-11-29 16:31:56,303] {logging_mixin.py:109} WARNING - /usr/local/lib/python3.8/dist-packages/airflow/models/serialized_dag.py:120 SAWarning: TypeDecorator UtcDateTime(timezone=True) will not produce a cache key because the ``cache_ok`` flag is not set to True.  Set this flag to True if this type object's state is safe to use in a cache key, or False to disable this warning.
[2021-11-29 16:31:56,336] {logging_mixin.py:109} INFO - [2021-11-29 16:31:56,335] {dag.py:2396} INFO - Sync 1 DAGs
[2021-11-29 16:31:56,363] {logging_mixin.py:109} WARNING - /usr/local/lib/python3.8/dist-packages/airflow/models/dag.py:2433 SAWarning: TypeDecorator UtcDateTime(timezone=True) will not produce a cache key because the ``cache_ok`` flag is not set to True.  Set this flag to True if this type object's state is safe to use in a cache key, or False to disable this warning.
[2021-11-29 16:31:56,397] {logging_mixin.py:109} INFO - [2021-11-29 16:31:56,396] {dag.py:2928} INFO - Setting next_dagrun for tutorial_etl_dag to None
[2021-11-29 16:31:56,630] {processor.py:171} INFO - Processing /usr/local/lib/python3.8/dist-packages/airflow/example_dags/tutorial_etl_dag.py took 0.450 seconds
[2021-11-29 16:32:52,932] {processor.py:163} INFO - Started process (PID=8078) to work on /usr/local/lib/python3.8/dist-packages/airflow/example_dags/tutorial_etl_dag.py
[2021-11-29 16:32:52,950] {processor.py:625} INFO - Processing file /usr/local/lib/python3.8/dist-packages/airflow/example_dags/tutorial_etl_dag.py for tasks to queue
[2021-11-29 16:32:52,952] {logging_mixin.py:109} INFO - [2021-11-29 16:32:52,951] {dagbag.py:500} INFO - Filling up the DagBag from /usr/local/lib/python3.8/dist-packages/airflow/example_dags/tutorial_etl_dag.py
[2021-11-29 16:32:53,006] {processor.py:637} INFO - DAG(s) dict_keys(['tutorial_etl_dag']) retrieved from /usr/local/lib/python3.8/dist-packages/airflow/example_dags/tutorial_etl_dag.py
[2021-11-29 16:32:53,018] {logging_mixin.py:109} WARNING - /usr/local/lib/python3.8/dist-packages/airflow/models/serialized_dag.py:120 SAWarning: TypeDecorator UtcDateTime(timezone=True) will not produce a cache key because the ``cache_ok`` flag is not set to True.  Set this flag to True if this type object's state is safe to use in a cache key, or False to disable this warning.
[2021-11-29 16:32:53,034] {logging_mixin.py:109} INFO - [2021-11-29 16:32:53,034] {dag.py:2396} INFO - Sync 1 DAGs
[2021-11-29 16:32:53,056] {logging_mixin.py:109} WARNING - /usr/local/lib/python3.8/dist-packages/airflow/models/dag.py:2433 SAWarning: TypeDecorator UtcDateTime(timezone=True) will not produce a cache key because the ``cache_ok`` flag is not set to True.  Set this flag to True if this type object's state is safe to use in a cache key, or False to disable this warning.
[2021-11-29 16:32:53,072] {logging_mixin.py:109} INFO - [2021-11-29 16:32:53,072] {dag.py:2928} INFO - Setting next_dagrun for tutorial_etl_dag to None
[2021-11-29 16:32:53,254] {processor.py:171} INFO - Processing /usr/local/lib/python3.8/dist-packages/airflow/example_dags/tutorial_etl_dag.py took 0.326 seconds
[2021-11-29 16:33:46,614] {processor.py:163} INFO - Started process (PID=8238) to work on /usr/local/lib/python3.8/dist-packages/airflow/example_dags/tutorial_etl_dag.py
[2021-11-29 16:33:46,654] {processor.py:625} INFO - Processing file /usr/local/lib/python3.8/dist-packages/airflow/example_dags/tutorial_etl_dag.py for tasks to queue
[2021-11-29 16:33:46,654] {logging_mixin.py:109} INFO - [2021-11-29 16:33:46,654] {dagbag.py:500} INFO - Filling up the DagBag from /usr/local/lib/python3.8/dist-packages/airflow/example_dags/tutorial_etl_dag.py
[2021-11-29 16:33:46,747] {processor.py:637} INFO - DAG(s) dict_keys(['tutorial_etl_dag']) retrieved from /usr/local/lib/python3.8/dist-packages/airflow/example_dags/tutorial_etl_dag.py
[2021-11-29 16:33:46,756] {logging_mixin.py:109} WARNING - /usr/local/lib/python3.8/dist-packages/airflow/models/serialized_dag.py:120 SAWarning: TypeDecorator UtcDateTime(timezone=True) will not produce a cache key because the ``cache_ok`` flag is not set to True.  Set this flag to True if this type object's state is safe to use in a cache key, or False to disable this warning.
[2021-11-29 16:33:46,779] {logging_mixin.py:109} INFO - [2021-11-29 16:33:46,778] {dag.py:2396} INFO - Sync 1 DAGs
[2021-11-29 16:33:46,810] {logging_mixin.py:109} WARNING - /usr/local/lib/python3.8/dist-packages/airflow/models/dag.py:2433 SAWarning: TypeDecorator UtcDateTime(timezone=True) will not produce a cache key because the ``cache_ok`` flag is not set to True.  Set this flag to True if this type object's state is safe to use in a cache key, or False to disable this warning.
[2021-11-29 16:33:46,824] {logging_mixin.py:109} INFO - [2021-11-29 16:33:46,824] {dag.py:2928} INFO - Setting next_dagrun for tutorial_etl_dag to None
[2021-11-29 16:33:47,081] {processor.py:171} INFO - Processing /usr/local/lib/python3.8/dist-packages/airflow/example_dags/tutorial_etl_dag.py took 0.471 seconds
[2021-11-29 16:34:42,097] {processor.py:163} INFO - Started process (PID=8402) to work on /usr/local/lib/python3.8/dist-packages/airflow/example_dags/tutorial_etl_dag.py
[2021-11-29 16:34:42,121] {processor.py:625} INFO - Processing file /usr/local/lib/python3.8/dist-packages/airflow/example_dags/tutorial_etl_dag.py for tasks to queue
[2021-11-29 16:34:42,122] {logging_mixin.py:109} INFO - [2021-11-29 16:34:42,122] {dagbag.py:500} INFO - Filling up the DagBag from /usr/local/lib/python3.8/dist-packages/airflow/example_dags/tutorial_etl_dag.py
[2021-11-29 16:34:42,188] {processor.py:637} INFO - DAG(s) dict_keys(['tutorial_etl_dag']) retrieved from /usr/local/lib/python3.8/dist-packages/airflow/example_dags/tutorial_etl_dag.py
[2021-11-29 16:34:42,208] {logging_mixin.py:109} WARNING - /usr/local/lib/python3.8/dist-packages/airflow/models/serialized_dag.py:120 SAWarning: TypeDecorator UtcDateTime(timezone=True) will not produce a cache key because the ``cache_ok`` flag is not set to True.  Set this flag to True if this type object's state is safe to use in a cache key, or False to disable this warning.
[2021-11-29 16:34:42,231] {logging_mixin.py:109} INFO - [2021-11-29 16:34:42,230] {dag.py:2396} INFO - Sync 1 DAGs
[2021-11-29 16:34:42,269] {logging_mixin.py:109} WARNING - /usr/local/lib/python3.8/dist-packages/airflow/models/dag.py:2433 SAWarning: TypeDecorator UtcDateTime(timezone=True) will not produce a cache key because the ``cache_ok`` flag is not set to True.  Set this flag to True if this type object's state is safe to use in a cache key, or False to disable this warning.
[2021-11-29 16:34:42,290] {logging_mixin.py:109} INFO - [2021-11-29 16:34:42,290] {dag.py:2928} INFO - Setting next_dagrun for tutorial_etl_dag to None
[2021-11-29 16:34:42,609] {processor.py:171} INFO - Processing /usr/local/lib/python3.8/dist-packages/airflow/example_dags/tutorial_etl_dag.py took 0.527 seconds
[2021-11-29 16:35:37,677] {processor.py:163} INFO - Started process (PID=8567) to work on /usr/local/lib/python3.8/dist-packages/airflow/example_dags/tutorial_etl_dag.py
[2021-11-29 16:35:37,685] {processor.py:625} INFO - Processing file /usr/local/lib/python3.8/dist-packages/airflow/example_dags/tutorial_etl_dag.py for tasks to queue
[2021-11-29 16:35:37,686] {logging_mixin.py:109} INFO - [2021-11-29 16:35:37,686] {dagbag.py:500} INFO - Filling up the DagBag from /usr/local/lib/python3.8/dist-packages/airflow/example_dags/tutorial_etl_dag.py
[2021-11-29 16:35:37,761] {processor.py:637} INFO - DAG(s) dict_keys(['tutorial_etl_dag']) retrieved from /usr/local/lib/python3.8/dist-packages/airflow/example_dags/tutorial_etl_dag.py
[2021-11-29 16:35:37,790] {logging_mixin.py:109} WARNING - /usr/local/lib/python3.8/dist-packages/airflow/models/serialized_dag.py:120 SAWarning: TypeDecorator UtcDateTime(timezone=True) will not produce a cache key because the ``cache_ok`` flag is not set to True.  Set this flag to True if this type object's state is safe to use in a cache key, or False to disable this warning.
[2021-11-29 16:35:37,825] {logging_mixin.py:109} INFO - [2021-11-29 16:35:37,825] {dag.py:2396} INFO - Sync 1 DAGs
[2021-11-29 16:35:37,874] {logging_mixin.py:109} WARNING - /usr/local/lib/python3.8/dist-packages/airflow/models/dag.py:2433 SAWarning: TypeDecorator UtcDateTime(timezone=True) will not produce a cache key because the ``cache_ok`` flag is not set to True.  Set this flag to True if this type object's state is safe to use in a cache key, or False to disable this warning.
[2021-11-29 16:35:37,921] {logging_mixin.py:109} INFO - [2021-11-29 16:35:37,921] {dag.py:2928} INFO - Setting next_dagrun for tutorial_etl_dag to None
[2021-11-29 16:35:38,138] {processor.py:171} INFO - Processing /usr/local/lib/python3.8/dist-packages/airflow/example_dags/tutorial_etl_dag.py took 0.476 seconds
[2021-11-29 16:36:35,554] {processor.py:163} INFO - Started process (PID=8724) to work on /usr/local/lib/python3.8/dist-packages/airflow/example_dags/tutorial_etl_dag.py
[2021-11-29 16:36:35,578] {processor.py:625} INFO - Processing file /usr/local/lib/python3.8/dist-packages/airflow/example_dags/tutorial_etl_dag.py for tasks to queue
[2021-11-29 16:36:35,578] {logging_mixin.py:109} INFO - [2021-11-29 16:36:35,578] {dagbag.py:500} INFO - Filling up the DagBag from /usr/local/lib/python3.8/dist-packages/airflow/example_dags/tutorial_etl_dag.py
[2021-11-29 16:36:35,689] {processor.py:637} INFO - DAG(s) dict_keys(['tutorial_etl_dag']) retrieved from /usr/local/lib/python3.8/dist-packages/airflow/example_dags/tutorial_etl_dag.py
[2021-11-29 16:36:35,698] {logging_mixin.py:109} WARNING - /usr/local/lib/python3.8/dist-packages/airflow/models/serialized_dag.py:120 SAWarning: TypeDecorator UtcDateTime(timezone=True) will not produce a cache key because the ``cache_ok`` flag is not set to True.  Set this flag to True if this type object's state is safe to use in a cache key, or False to disable this warning.
[2021-11-29 16:36:35,735] {logging_mixin.py:109} INFO - [2021-11-29 16:36:35,735] {dag.py:2396} INFO - Sync 1 DAGs
[2021-11-29 16:36:35,808] {logging_mixin.py:109} WARNING - /usr/local/lib/python3.8/dist-packages/airflow/models/dag.py:2433 SAWarning: TypeDecorator UtcDateTime(timezone=True) will not produce a cache key because the ``cache_ok`` flag is not set to True.  Set this flag to True if this type object's state is safe to use in a cache key, or False to disable this warning.
[2021-11-29 16:36:35,830] {logging_mixin.py:109} INFO - [2021-11-29 16:36:35,829] {dag.py:2928} INFO - Setting next_dagrun for tutorial_etl_dag to None
[2021-11-29 16:36:36,037] {processor.py:171} INFO - Processing /usr/local/lib/python3.8/dist-packages/airflow/example_dags/tutorial_etl_dag.py took 0.487 seconds
[2021-11-29 16:37:31,605] {processor.py:163} INFO - Started process (PID=8887) to work on /usr/local/lib/python3.8/dist-packages/airflow/example_dags/tutorial_etl_dag.py
[2021-11-29 16:37:31,614] {processor.py:625} INFO - Processing file /usr/local/lib/python3.8/dist-packages/airflow/example_dags/tutorial_etl_dag.py for tasks to queue
[2021-11-29 16:37:31,615] {logging_mixin.py:109} INFO - [2021-11-29 16:37:31,614] {dagbag.py:500} INFO - Filling up the DagBag from /usr/local/lib/python3.8/dist-packages/airflow/example_dags/tutorial_etl_dag.py
[2021-11-29 16:37:31,674] {processor.py:637} INFO - DAG(s) dict_keys(['tutorial_etl_dag']) retrieved from /usr/local/lib/python3.8/dist-packages/airflow/example_dags/tutorial_etl_dag.py
[2021-11-29 16:37:31,681] {logging_mixin.py:109} WARNING - /usr/local/lib/python3.8/dist-packages/airflow/models/serialized_dag.py:120 SAWarning: TypeDecorator UtcDateTime(timezone=True) will not produce a cache key because the ``cache_ok`` flag is not set to True.  Set this flag to True if this type object's state is safe to use in a cache key, or False to disable this warning.
[2021-11-29 16:37:31,693] {logging_mixin.py:109} INFO - [2021-11-29 16:37:31,693] {dag.py:2396} INFO - Sync 1 DAGs
[2021-11-29 16:37:31,714] {logging_mixin.py:109} WARNING - /usr/local/lib/python3.8/dist-packages/airflow/models/dag.py:2433 SAWarning: TypeDecorator UtcDateTime(timezone=True) will not produce a cache key because the ``cache_ok`` flag is not set to True.  Set this flag to True if this type object's state is safe to use in a cache key, or False to disable this warning.
[2021-11-29 16:37:31,726] {logging_mixin.py:109} INFO - [2021-11-29 16:37:31,726] {dag.py:2928} INFO - Setting next_dagrun for tutorial_etl_dag to None
[2021-11-29 16:37:31,957] {processor.py:171} INFO - Processing /usr/local/lib/python3.8/dist-packages/airflow/example_dags/tutorial_etl_dag.py took 0.367 seconds
[2021-11-29 16:38:27,114] {processor.py:163} INFO - Started process (PID=9052) to work on /usr/local/lib/python3.8/dist-packages/airflow/example_dags/tutorial_etl_dag.py
[2021-11-29 16:38:27,125] {processor.py:625} INFO - Processing file /usr/local/lib/python3.8/dist-packages/airflow/example_dags/tutorial_etl_dag.py for tasks to queue
[2021-11-29 16:38:27,126] {logging_mixin.py:109} INFO - [2021-11-29 16:38:27,126] {dagbag.py:500} INFO - Filling up the DagBag from /usr/local/lib/python3.8/dist-packages/airflow/example_dags/tutorial_etl_dag.py
[2021-11-29 16:38:27,194] {processor.py:637} INFO - DAG(s) dict_keys(['tutorial_etl_dag']) retrieved from /usr/local/lib/python3.8/dist-packages/airflow/example_dags/tutorial_etl_dag.py
[2021-11-29 16:38:27,242] {logging_mixin.py:109} WARNING - /usr/local/lib/python3.8/dist-packages/airflow/models/serialized_dag.py:120 SAWarning: TypeDecorator UtcDateTime(timezone=True) will not produce a cache key because the ``cache_ok`` flag is not set to True.  Set this flag to True if this type object's state is safe to use in a cache key, or False to disable this warning.
[2021-11-29 16:38:27,328] {logging_mixin.py:109} INFO - [2021-11-29 16:38:27,328] {dag.py:2396} INFO - Sync 1 DAGs
[2021-11-29 16:38:27,377] {logging_mixin.py:109} WARNING - /usr/local/lib/python3.8/dist-packages/airflow/models/dag.py:2433 SAWarning: TypeDecorator UtcDateTime(timezone=True) will not produce a cache key because the ``cache_ok`` flag is not set to True.  Set this flag to True if this type object's state is safe to use in a cache key, or False to disable this warning.
[2021-11-29 16:38:27,412] {logging_mixin.py:109} INFO - [2021-11-29 16:38:27,411] {dag.py:2928} INFO - Setting next_dagrun for tutorial_etl_dag to None
[2021-11-29 16:38:27,674] {processor.py:171} INFO - Processing /usr/local/lib/python3.8/dist-packages/airflow/example_dags/tutorial_etl_dag.py took 0.564 seconds
[2021-11-29 16:39:20,994] {processor.py:163} INFO - Started process (PID=9215) to work on /usr/local/lib/python3.8/dist-packages/airflow/example_dags/tutorial_etl_dag.py
[2021-11-29 16:39:21,060] {processor.py:625} INFO - Processing file /usr/local/lib/python3.8/dist-packages/airflow/example_dags/tutorial_etl_dag.py for tasks to queue
[2021-11-29 16:39:21,065] {logging_mixin.py:109} INFO - [2021-11-29 16:39:21,065] {dagbag.py:500} INFO - Filling up the DagBag from /usr/local/lib/python3.8/dist-packages/airflow/example_dags/tutorial_etl_dag.py
[2021-11-29 16:39:21,154] {processor.py:637} INFO - DAG(s) dict_keys(['tutorial_etl_dag']) retrieved from /usr/local/lib/python3.8/dist-packages/airflow/example_dags/tutorial_etl_dag.py
[2021-11-29 16:39:21,160] {logging_mixin.py:109} WARNING - /usr/local/lib/python3.8/dist-packages/airflow/models/serialized_dag.py:120 SAWarning: TypeDecorator UtcDateTime(timezone=True) will not produce a cache key because the ``cache_ok`` flag is not set to True.  Set this flag to True if this type object's state is safe to use in a cache key, or False to disable this warning.
[2021-11-29 16:39:21,200] {logging_mixin.py:109} INFO - [2021-11-29 16:39:21,200] {dag.py:2396} INFO - Sync 1 DAGs
[2021-11-29 16:39:21,226] {logging_mixin.py:109} WARNING - /usr/local/lib/python3.8/dist-packages/airflow/models/dag.py:2433 SAWarning: TypeDecorator UtcDateTime(timezone=True) will not produce a cache key because the ``cache_ok`` flag is not set to True.  Set this flag to True if this type object's state is safe to use in a cache key, or False to disable this warning.
[2021-11-29 16:39:21,243] {logging_mixin.py:109} INFO - [2021-11-29 16:39:21,242] {dag.py:2928} INFO - Setting next_dagrun for tutorial_etl_dag to None
[2021-11-29 16:39:21,568] {processor.py:171} INFO - Processing /usr/local/lib/python3.8/dist-packages/airflow/example_dags/tutorial_etl_dag.py took 0.579 seconds
[2021-11-29 16:40:17,227] {processor.py:163} INFO - Started process (PID=9381) to work on /usr/local/lib/python3.8/dist-packages/airflow/example_dags/tutorial_etl_dag.py
[2021-11-29 16:40:17,251] {processor.py:625} INFO - Processing file /usr/local/lib/python3.8/dist-packages/airflow/example_dags/tutorial_etl_dag.py for tasks to queue
[2021-11-29 16:40:17,252] {logging_mixin.py:109} INFO - [2021-11-29 16:40:17,252] {dagbag.py:500} INFO - Filling up the DagBag from /usr/local/lib/python3.8/dist-packages/airflow/example_dags/tutorial_etl_dag.py
[2021-11-29 16:40:17,336] {processor.py:637} INFO - DAG(s) dict_keys(['tutorial_etl_dag']) retrieved from /usr/local/lib/python3.8/dist-packages/airflow/example_dags/tutorial_etl_dag.py
[2021-11-29 16:40:17,344] {logging_mixin.py:109} WARNING - /usr/local/lib/python3.8/dist-packages/airflow/models/serialized_dag.py:120 SAWarning: TypeDecorator UtcDateTime(timezone=True) will not produce a cache key because the ``cache_ok`` flag is not set to True.  Set this flag to True if this type object's state is safe to use in a cache key, or False to disable this warning.
[2021-11-29 16:40:17,378] {logging_mixin.py:109} INFO - [2021-11-29 16:40:17,378] {dag.py:2396} INFO - Sync 1 DAGs
[2021-11-29 16:40:17,404] {logging_mixin.py:109} WARNING - /usr/local/lib/python3.8/dist-packages/airflow/models/dag.py:2433 SAWarning: TypeDecorator UtcDateTime(timezone=True) will not produce a cache key because the ``cache_ok`` flag is not set to True.  Set this flag to True if this type object's state is safe to use in a cache key, or False to disable this warning.
[2021-11-29 16:40:17,455] {logging_mixin.py:109} INFO - [2021-11-29 16:40:17,454] {dag.py:2928} INFO - Setting next_dagrun for tutorial_etl_dag to None
[2021-11-29 16:40:17,675] {processor.py:171} INFO - Processing /usr/local/lib/python3.8/dist-packages/airflow/example_dags/tutorial_etl_dag.py took 0.464 seconds
[2021-11-29 16:41:14,156] {processor.py:163} INFO - Started process (PID=9546) to work on /usr/local/lib/python3.8/dist-packages/airflow/example_dags/tutorial_etl_dag.py
[2021-11-29 16:41:14,186] {processor.py:625} INFO - Processing file /usr/local/lib/python3.8/dist-packages/airflow/example_dags/tutorial_etl_dag.py for tasks to queue
[2021-11-29 16:41:14,187] {logging_mixin.py:109} INFO - [2021-11-29 16:41:14,187] {dagbag.py:500} INFO - Filling up the DagBag from /usr/local/lib/python3.8/dist-packages/airflow/example_dags/tutorial_etl_dag.py
[2021-11-29 16:41:14,270] {processor.py:637} INFO - DAG(s) dict_keys(['tutorial_etl_dag']) retrieved from /usr/local/lib/python3.8/dist-packages/airflow/example_dags/tutorial_etl_dag.py
[2021-11-29 16:41:14,287] {logging_mixin.py:109} WARNING - /usr/local/lib/python3.8/dist-packages/airflow/models/serialized_dag.py:120 SAWarning: TypeDecorator UtcDateTime(timezone=True) will not produce a cache key because the ``cache_ok`` flag is not set to True.  Set this flag to True if this type object's state is safe to use in a cache key, or False to disable this warning.
[2021-11-29 16:41:14,325] {logging_mixin.py:109} INFO - [2021-11-29 16:41:14,325] {dag.py:2396} INFO - Sync 1 DAGs
[2021-11-29 16:41:14,369] {logging_mixin.py:109} WARNING - /usr/local/lib/python3.8/dist-packages/airflow/models/dag.py:2433 SAWarning: TypeDecorator UtcDateTime(timezone=True) will not produce a cache key because the ``cache_ok`` flag is not set to True.  Set this flag to True if this type object's state is safe to use in a cache key, or False to disable this warning.
[2021-11-29 16:41:14,392] {logging_mixin.py:109} INFO - [2021-11-29 16:41:14,392] {dag.py:2928} INFO - Setting next_dagrun for tutorial_etl_dag to None
[2021-11-29 16:41:14,614] {processor.py:171} INFO - Processing /usr/local/lib/python3.8/dist-packages/airflow/example_dags/tutorial_etl_dag.py took 0.462 seconds
[2021-11-29 16:42:16,056] {processor.py:163} INFO - Started process (PID=9719) to work on /usr/local/lib/python3.8/dist-packages/airflow/example_dags/tutorial_etl_dag.py
[2021-11-29 16:42:16,065] {processor.py:625} INFO - Processing file /usr/local/lib/python3.8/dist-packages/airflow/example_dags/tutorial_etl_dag.py for tasks to queue
[2021-11-29 16:42:16,067] {logging_mixin.py:109} INFO - [2021-11-29 16:42:16,067] {dagbag.py:500} INFO - Filling up the DagBag from /usr/local/lib/python3.8/dist-packages/airflow/example_dags/tutorial_etl_dag.py
[2021-11-29 16:42:16,139] {processor.py:637} INFO - DAG(s) dict_keys(['tutorial_etl_dag']) retrieved from /usr/local/lib/python3.8/dist-packages/airflow/example_dags/tutorial_etl_dag.py
[2021-11-29 16:42:16,156] {logging_mixin.py:109} WARNING - /usr/local/lib/python3.8/dist-packages/airflow/models/serialized_dag.py:120 SAWarning: TypeDecorator UtcDateTime(timezone=True) will not produce a cache key because the ``cache_ok`` flag is not set to True.  Set this flag to True if this type object's state is safe to use in a cache key, or False to disable this warning.
[2021-11-29 16:42:16,184] {logging_mixin.py:109} INFO - [2021-11-29 16:42:16,184] {dag.py:2396} INFO - Sync 1 DAGs
[2021-11-29 16:42:16,201] {logging_mixin.py:109} WARNING - /usr/local/lib/python3.8/dist-packages/airflow/models/dag.py:2433 SAWarning: TypeDecorator UtcDateTime(timezone=True) will not produce a cache key because the ``cache_ok`` flag is not set to True.  Set this flag to True if this type object's state is safe to use in a cache key, or False to disable this warning.
[2021-11-29 16:42:16,213] {logging_mixin.py:109} INFO - [2021-11-29 16:42:16,213] {dag.py:2928} INFO - Setting next_dagrun for tutorial_etl_dag to None
[2021-11-29 16:42:16,379] {processor.py:171} INFO - Processing /usr/local/lib/python3.8/dist-packages/airflow/example_dags/tutorial_etl_dag.py took 0.339 seconds
[2021-11-29 16:43:09,916] {processor.py:163} INFO - Started process (PID=9893) to work on /usr/local/lib/python3.8/dist-packages/airflow/example_dags/tutorial_etl_dag.py
[2021-11-29 16:43:10,000] {processor.py:625} INFO - Processing file /usr/local/lib/python3.8/dist-packages/airflow/example_dags/tutorial_etl_dag.py for tasks to queue
[2021-11-29 16:43:10,001] {logging_mixin.py:109} INFO - [2021-11-29 16:43:10,001] {dagbag.py:500} INFO - Filling up the DagBag from /usr/local/lib/python3.8/dist-packages/airflow/example_dags/tutorial_etl_dag.py
[2021-11-29 16:43:10,052] {processor.py:637} INFO - DAG(s) dict_keys(['tutorial_etl_dag']) retrieved from /usr/local/lib/python3.8/dist-packages/airflow/example_dags/tutorial_etl_dag.py
[2021-11-29 16:43:10,068] {logging_mixin.py:109} WARNING - /usr/local/lib/python3.8/dist-packages/airflow/models/serialized_dag.py:120 SAWarning: TypeDecorator UtcDateTime(timezone=True) will not produce a cache key because the ``cache_ok`` flag is not set to True.  Set this flag to True if this type object's state is safe to use in a cache key, or False to disable this warning.
[2021-11-29 16:43:10,091] {logging_mixin.py:109} INFO - [2021-11-29 16:43:10,091] {dag.py:2396} INFO - Sync 1 DAGs
[2021-11-29 16:43:10,129] {logging_mixin.py:109} WARNING - /usr/local/lib/python3.8/dist-packages/airflow/models/dag.py:2433 SAWarning: TypeDecorator UtcDateTime(timezone=True) will not produce a cache key because the ``cache_ok`` flag is not set to True.  Set this flag to True if this type object's state is safe to use in a cache key, or False to disable this warning.
[2021-11-29 16:43:10,154] {logging_mixin.py:109} INFO - [2021-11-29 16:43:10,154] {dag.py:2928} INFO - Setting next_dagrun for tutorial_etl_dag to None
[2021-11-29 16:43:10,471] {processor.py:171} INFO - Processing /usr/local/lib/python3.8/dist-packages/airflow/example_dags/tutorial_etl_dag.py took 0.572 seconds
[2021-11-29 16:44:02,888] {processor.py:163} INFO - Started process (PID=10050) to work on /usr/local/lib/python3.8/dist-packages/airflow/example_dags/tutorial_etl_dag.py
[2021-11-29 16:44:02,905] {processor.py:625} INFO - Processing file /usr/local/lib/python3.8/dist-packages/airflow/example_dags/tutorial_etl_dag.py for tasks to queue
[2021-11-29 16:44:02,906] {logging_mixin.py:109} INFO - [2021-11-29 16:44:02,906] {dagbag.py:500} INFO - Filling up the DagBag from /usr/local/lib/python3.8/dist-packages/airflow/example_dags/tutorial_etl_dag.py
[2021-11-29 16:44:03,008] {processor.py:637} INFO - DAG(s) dict_keys(['tutorial_etl_dag']) retrieved from /usr/local/lib/python3.8/dist-packages/airflow/example_dags/tutorial_etl_dag.py
[2021-11-29 16:44:03,015] {logging_mixin.py:109} WARNING - /usr/local/lib/python3.8/dist-packages/airflow/models/serialized_dag.py:120 SAWarning: TypeDecorator UtcDateTime(timezone=True) will not produce a cache key because the ``cache_ok`` flag is not set to True.  Set this flag to True if this type object's state is safe to use in a cache key, or False to disable this warning.
[2021-11-29 16:44:03,058] {logging_mixin.py:109} INFO - [2021-11-29 16:44:03,057] {dag.py:2396} INFO - Sync 1 DAGs
[2021-11-29 16:44:03,100] {logging_mixin.py:109} WARNING - /usr/local/lib/python3.8/dist-packages/airflow/models/dag.py:2433 SAWarning: TypeDecorator UtcDateTime(timezone=True) will not produce a cache key because the ``cache_ok`` flag is not set to True.  Set this flag to True if this type object's state is safe to use in a cache key, or False to disable this warning.
[2021-11-29 16:44:03,127] {logging_mixin.py:109} INFO - [2021-11-29 16:44:03,127] {dag.py:2928} INFO - Setting next_dagrun for tutorial_etl_dag to None
[2021-11-29 16:44:03,429] {processor.py:171} INFO - Processing /usr/local/lib/python3.8/dist-packages/airflow/example_dags/tutorial_etl_dag.py took 0.556 seconds
[2021-11-29 16:45:00,715] {processor.py:163} INFO - Started process (PID=10223) to work on /usr/local/lib/python3.8/dist-packages/airflow/example_dags/tutorial_etl_dag.py
[2021-11-29 16:45:00,747] {processor.py:625} INFO - Processing file /usr/local/lib/python3.8/dist-packages/airflow/example_dags/tutorial_etl_dag.py for tasks to queue
[2021-11-29 16:45:00,748] {logging_mixin.py:109} INFO - [2021-11-29 16:45:00,748] {dagbag.py:500} INFO - Filling up the DagBag from /usr/local/lib/python3.8/dist-packages/airflow/example_dags/tutorial_etl_dag.py
[2021-11-29 16:45:00,799] {processor.py:637} INFO - DAG(s) dict_keys(['tutorial_etl_dag']) retrieved from /usr/local/lib/python3.8/dist-packages/airflow/example_dags/tutorial_etl_dag.py
[2021-11-29 16:45:00,826] {logging_mixin.py:109} WARNING - /usr/local/lib/python3.8/dist-packages/airflow/models/serialized_dag.py:120 SAWarning: TypeDecorator UtcDateTime(timezone=True) will not produce a cache key because the ``cache_ok`` flag is not set to True.  Set this flag to True if this type object's state is safe to use in a cache key, or False to disable this warning.
[2021-11-29 16:45:00,838] {logging_mixin.py:109} INFO - [2021-11-29 16:45:00,838] {dag.py:2396} INFO - Sync 1 DAGs
[2021-11-29 16:45:00,876] {logging_mixin.py:109} WARNING - /usr/local/lib/python3.8/dist-packages/airflow/models/dag.py:2433 SAWarning: TypeDecorator UtcDateTime(timezone=True) will not produce a cache key because the ``cache_ok`` flag is not set to True.  Set this flag to True if this type object's state is safe to use in a cache key, or False to disable this warning.
[2021-11-29 16:45:00,907] {logging_mixin.py:109} INFO - [2021-11-29 16:45:00,907] {dag.py:2928} INFO - Setting next_dagrun for tutorial_etl_dag to None
[2021-11-29 16:45:01,158] {processor.py:171} INFO - Processing /usr/local/lib/python3.8/dist-packages/airflow/example_dags/tutorial_etl_dag.py took 0.457 seconds
[2021-11-29 16:45:57,295] {processor.py:163} INFO - Started process (PID=10390) to work on /usr/local/lib/python3.8/dist-packages/airflow/example_dags/tutorial_etl_dag.py
[2021-11-29 16:45:57,329] {processor.py:625} INFO - Processing file /usr/local/lib/python3.8/dist-packages/airflow/example_dags/tutorial_etl_dag.py for tasks to queue
[2021-11-29 16:45:57,332] {logging_mixin.py:109} INFO - [2021-11-29 16:45:57,331] {dagbag.py:500} INFO - Filling up the DagBag from /usr/local/lib/python3.8/dist-packages/airflow/example_dags/tutorial_etl_dag.py
[2021-11-29 16:45:57,395] {processor.py:637} INFO - DAG(s) dict_keys(['tutorial_etl_dag']) retrieved from /usr/local/lib/python3.8/dist-packages/airflow/example_dags/tutorial_etl_dag.py
[2021-11-29 16:45:57,408] {logging_mixin.py:109} WARNING - /usr/local/lib/python3.8/dist-packages/airflow/models/serialized_dag.py:120 SAWarning: TypeDecorator UtcDateTime(timezone=True) will not produce a cache key because the ``cache_ok`` flag is not set to True.  Set this flag to True if this type object's state is safe to use in a cache key, or False to disable this warning.
[2021-11-29 16:45:57,442] {logging_mixin.py:109} INFO - [2021-11-29 16:45:57,442] {dag.py:2396} INFO - Sync 1 DAGs
[2021-11-29 16:45:57,484] {logging_mixin.py:109} WARNING - /usr/local/lib/python3.8/dist-packages/airflow/models/dag.py:2433 SAWarning: TypeDecorator UtcDateTime(timezone=True) will not produce a cache key because the ``cache_ok`` flag is not set to True.  Set this flag to True if this type object's state is safe to use in a cache key, or False to disable this warning.
[2021-11-29 16:45:57,500] {logging_mixin.py:109} INFO - [2021-11-29 16:45:57,500] {dag.py:2928} INFO - Setting next_dagrun for tutorial_etl_dag to None
[2021-11-29 16:45:57,698] {processor.py:171} INFO - Processing /usr/local/lib/python3.8/dist-packages/airflow/example_dags/tutorial_etl_dag.py took 0.437 seconds
