[2021-12-06 19:20:43,850] {taskinstance.py:1035} INFO - Dependencies all met for <TaskInstance: tutorial.templated scheduled__2021-12-05T13:50:04.198113+00:00 [queued]>
[2021-12-06 19:20:43,855] {taskinstance.py:1035} INFO - Dependencies all met for <TaskInstance: tutorial.templated scheduled__2021-12-05T13:50:04.198113+00:00 [queued]>
[2021-12-06 19:20:43,856] {taskinstance.py:1241} INFO - 
--------------------------------------------------------------------------------
[2021-12-06 19:20:43,856] {taskinstance.py:1242} INFO - Starting attempt 1 of 2
[2021-12-06 19:20:43,856] {taskinstance.py:1243} INFO - 
--------------------------------------------------------------------------------
[2021-12-06 19:20:44,032] {taskinstance.py:1262} INFO - Executing <Task(BashOperator): templated> on 2021-12-05 13:50:04.198113+00:00
[2021-12-06 19:20:44,037] {standard_task_runner.py:52} INFO - Started process 2244 to run task
[2021-12-06 19:20:44,045] {standard_task_runner.py:76} INFO - Running: ['airflow', 'tasks', 'run', 'tutorial', 'templated', 'scheduled__2021-12-05T13:50:04.198113+00:00', '--job-id', '5', '--raw', '--subdir', 'DAGS_FOLDER/tutorial.py', '--cfg-path', '/tmp/tmpv3p_li0f', '--error-file', '/tmp/tmpggco12de']
[2021-12-06 19:20:44,047] {standard_task_runner.py:77} INFO - Job 5: Subtask templated
[2021-12-06 19:20:44,249] {logging_mixin.py:109} INFO - Running <TaskInstance: tutorial.templated scheduled__2021-12-05T13:50:04.198113+00:00 [running]> on host DESKTOP-M84DNKN.localdomain
[2021-12-06 19:20:44,428] {logging_mixin.py:109} WARNING - /usr/local/lib/python3.8/dist-packages/airflow/models/xcom.py:323 SAWarning: TypeDecorator UtcDateTime(timezone=True) will not produce a cache key because the ``cache_ok`` flag is not set to True.  Set this flag to True if this type object's state is safe to use in a cache key, or False to disable this warning.
[2021-12-06 19:20:44,440] {logging_mixin.py:109} WARNING - /usr/local/lib/python3.8/dist-packages/airflow/models/renderedtifields.py:126 SAWarning: TypeDecorator UtcDateTime(timezone=True) will not produce a cache key because the ``cache_ok`` flag is not set to True.  Set this flag to True if this type object's state is safe to use in a cache key, or False to disable this warning.
[2021-12-06 19:20:44,595] {logging_mixin.py:109} WARNING - /usr/local/lib/python3.8/dist-packages/airflow/models/renderedtifields.py:162 SAWarning: Coercing Subquery object into a select() for use in IN(); please pass a select() construct explicitly
[2021-12-06 19:20:44,602] {logging_mixin.py:109} WARNING - /usr/local/lib/python3.8/dist-packages/airflow/models/renderedtifields.py:159 SAWarning: TypeDecorator UtcDateTime(timezone=True) will not produce a cache key because the ``cache_ok`` flag is not set to True.  Set this flag to True if this type object's state is safe to use in a cache key, or False to disable this warning.
[2021-12-06 19:20:44,610] {taskinstance.py:1427} INFO - Exporting the following env vars:
AIRFLOW_CTX_DAG_EMAIL=airflow@example.com
AIRFLOW_CTX_DAG_OWNER=airflow
AIRFLOW_CTX_DAG_ID=tutorial
AIRFLOW_CTX_TASK_ID=templated
AIRFLOW_CTX_EXECUTION_DATE=2021-12-05T13:50:04.198113+00:00
AIRFLOW_CTX_DAG_RUN_ID=scheduled__2021-12-05T13:50:04.198113+00:00
[2021-12-06 19:20:44,611] {subprocess.py:62} INFO - Tmp dir root location: 
 /tmp
[2021-12-06 19:20:44,612] {subprocess.py:74} INFO - Running command: ['bash', '-c', '\n\n    echo "2021-12-05"\n    echo "2021-12-12"\n    echo "Parameter I passed in"\n\n    echo "2021-12-05"\n    echo "2021-12-12"\n    echo "Parameter I passed in"\n\n    echo "2021-12-05"\n    echo "2021-12-12"\n    echo "Parameter I passed in"\n\n    echo "2021-12-05"\n    echo "2021-12-12"\n    echo "Parameter I passed in"\n\n    echo "2021-12-05"\n    echo "2021-12-12"\n    echo "Parameter I passed in"\n']
[2021-12-06 19:20:44,699] {subprocess.py:85} INFO - Output:
[2021-12-06 19:20:44,702] {subprocess.py:89} INFO - 2021-12-05
[2021-12-06 19:20:44,702] {subprocess.py:89} INFO - 2021-12-12
[2021-12-06 19:20:44,702] {subprocess.py:89} INFO - Parameter I passed in
[2021-12-06 19:20:44,702] {subprocess.py:89} INFO - 2021-12-05
[2021-12-06 19:20:44,702] {subprocess.py:89} INFO - 2021-12-12
[2021-12-06 19:20:44,703] {subprocess.py:89} INFO - Parameter I passed in
[2021-12-06 19:20:44,703] {subprocess.py:89} INFO - 2021-12-05
[2021-12-06 19:20:44,703] {subprocess.py:89} INFO - 2021-12-12
[2021-12-06 19:20:44,703] {subprocess.py:89} INFO - Parameter I passed in
[2021-12-06 19:20:44,703] {subprocess.py:89} INFO - 2021-12-05
[2021-12-06 19:20:44,703] {subprocess.py:89} INFO - 2021-12-12
[2021-12-06 19:20:44,703] {subprocess.py:89} INFO - Parameter I passed in
[2021-12-06 19:20:44,703] {subprocess.py:89} INFO - 2021-12-05
[2021-12-06 19:20:44,703] {subprocess.py:89} INFO - 2021-12-12
[2021-12-06 19:20:44,704] {subprocess.py:89} INFO - Parameter I passed in
[2021-12-06 19:20:44,704] {subprocess.py:93} INFO - Command exited with return code 0
[2021-12-06 19:20:44,717] {logging_mixin.py:109} WARNING - /usr/local/lib/python3.8/dist-packages/airflow/models/xcom.py:103 SAWarning: TypeDecorator UtcDateTime(timezone=True) will not produce a cache key because the ``cache_ok`` flag is not set to True.  Set this flag to True if this type object's state is safe to use in a cache key, or False to disable this warning.
[2021-12-06 19:20:44,961] {taskinstance.py:1270} INFO - Marking task as SUCCESS. dag_id=tutorial, task_id=templated, execution_date=20211205T135004, start_date=20211206T135043, end_date=20211206T135044
[2021-12-06 19:20:45,145] {local_task_job.py:154} INFO - Task exited with return code 0
[2021-12-06 19:20:45,163] {local_task_job.py:264} INFO - 0 downstream tasks scheduled from follow-on schedule check
[2021-12-06 19:20:45,165] {logging_mixin.py:109} WARNING - /usr/local/lib/python3.8/dist-packages/airflow/models/dag.py:1076 SADeprecationWarning: Query.value() is deprecated and will be removed in a future release.  Please use Query.with_entities() in combination with Query.scalar() (deprecated since: 1.4)
[2021-12-06 19:20:45,166] {logging_mixin.py:109} WARNING - /usr/local/lib/python3.8/dist-packages/airflow/models/dag.py:1076 SADeprecationWarning: Query.values() is deprecated and will be removed in a future release.  Please use Query.with_entities() (deprecated since: 1.4)
